1453206412140 982 0 0 2385260 982
1453206413139 1981 0 0 3092732 999
1453206414139 2981 0 0 3337228 1000
1453206415139 3981 0 0 3330908 1000
1453206416139 4981 0 0 3535804 1000
1453206417139 5981 0 0 3422572 1000
1453206418139 6981 0 0 3640948 1000
1453206419140 7982 0 0 3822928 1001
1453206420140 8982 51.0453911688341 3.71342607466163 4100616 1000
1453206421139 9981 51.0454272331162 3.71343544272669 4387852 999
1453206422140 10982 51.0452933565172 3.71341687243763 5408064 1001
1453206423139 11981 51.0453883086161 3.71351734028377 6185612 999
1453206424139 12981 51.0453033154388 3.71349928012889 7352384 1000
1453206425139 13981 51.0453033154388 3.71349928012889 5580688 1000
1453206426139 14981 51.0453033154388 3.71349928012889 4954084 1000
1453206427139 15981 51.0453033154388 3.71349928012889 4633364 1000
1453206428140 16982 51.0453033154388 3.71349928012889 2609216 1001
1453206429139 17981 51.0453033154388 3.71349928012889 6634248 999
1453206430139 18981 51.0453033154388 3.71349928012889 5557756 1000
1453206431139 19981 51.0453033154388 3.71349928012889 4989788 1000
1453206432139 20981 51.0453033154388 3.71349928012889 4661176 1000
1453206433139 21981 51.0453033154388 3.71349928012889 2848768 1000
1453206434139 22981 51.0453033154388 3.71349928012889 7170048 1000
1453206435139 23981 51.0453033154388 3.71349928012889 5022856 1000
1453206436139 24981 51.0453033154388 3.71349928012889 4987236 1000
1453206437139 25981 51.0453033154388 3.71349928012889 4411472 1000
1453206438139 26981 51.0452862046087 3.71349678187669 2875252 1000
1453206439139 27981 51.0452757264371 3.71348471399398 6976624 1000
1453206440140 28982 51.0452636423486 3.7134650295085 5468832 1001
1453206441139 29981 51.0452313557757 3.71344260074006 4977468 999
1453206442139 30981 51.0452035539343 3.71340985908114 4873992 1000
1453206443139 31981 51.0451714512957 3.71336837449375 1192600 1000
1453206444139 32981 51.0451207933375 3.71331820417593 3391488 1000
1453206445139 33981 51.0450595940125 3.71326220988435 7671808 1000
1453206446139 34981 51.0449999801218 3.71320289531912 6789900 1000
1453206447139 35981 51.0449372121626 3.71313790151083 5321688 1000
1453206448139 36981 51.044867153879 3.71306930975307 3551232 1000
1453206449139 37981 51.0447948373155 3.7129941271615 6320128 1000
1453206450139 38981 51.044716201812 3.71291614705857 5115456 1000
1453206451139 39981 51.0446265412203 3.71282319337 4995248 1000
1453206452139 40981 51.0445395471825 3.71272952044385 5038644 1000
1453206453139 41981 51.0444539819779 3.712636013951 3718720 1000
1453206454140 42982 51.0443799379357 3.71255301406881 6340608 1001
1453206455140 43982 51.0442873987089 3.71247684135689 4866196 1000
1453206456140 44982 51.0442070314323 3.71242179462543 4956568 1000
1453206457140 45982 51.0441399924008 3.71237326079299 4852200 1000
1453206458139 46981 51.0440624726388 3.7123179394334 3174916 999
1453206459140 47982 51.0439795490291 3.71224689196907 7042120 1001
1453206460139 48981 51.0439000773694 3.7121707146455 4658688 999
1453206461140 49982 51.0438127988204 3.71209181436735 3068048 1001
1453206462139 50981 51.0437173261925 3.71200607614916 5077320 999
1453206463140 51982 51.0436206550938 3.71191762267762 2248704 1001
1453206464140 52982 51.0435588304998 3.71182732251457 3274752 1000
1453206465139 53981 51.0435588304998 3.71182732251457 6886932 999
1453206466139 54981 51.0434367939335 3.71166411015044 3531216 1000
1453206467139 55981 51.0433742615939 3.7115903117293 4160368 1000
1453206468139 56981 51.0432978384254 3.71149541074601 4441660 1000
1453206469139 57981 51.04321675786 3.71139146085547 3264332 1000
1453206470139 58981 51.0431392359521 3.71129350278491 6429164 1000
1453206471139 59981 51.0430675046329 3.71120834263448 4808936 1000
1453206472139 60981 51.0430078098324 3.71113760029172 3787104 1000
1453206473139 61981 51.042959307117 3.71107982131628 3056952 1000
1453206474139 62981 51.0429181643259 3.71103808792831 2497584 1000
1453206475139 63981 51.042893273349 3.71100693908198 3651732 1000
1453206476139 64981 51.0428911191137 3.71099179468048 3144884 1000
1453206477139 65981 51.0429052870468 3.71098836356698 2783620 1000
1453206478140 66982 51.0429256490454 3.71098935498257 3174496 1001
1453206479139 67981 51.0429465354777 3.71099345795253 2793100 999
1453206480139 68981 51.042967507118 3.71099377828744 3629672 1000
1453206481140 69982 51.0429825898375 3.71099120272542 3796616 1001
1453206482139 70981 51.0429825898375 3.71099120272542 3497860 999
1453206483139 71981 51.0429825898375 3.71099120272542 3461164 1000
1453206484139 72981 51.0429825898375 3.71099120272542 2023076 1000
1453206485140 73982 51.0429965075944 3.71098485394224 2684684 1001
1453206486140 74982 51.0429965075944 3.71098485394224 3349780 1000
1453206487140 75982 51.0429965075944 3.71098485394224 2925160 1000
1453206488139 76981 51.0429965075944 3.71098485394224 2551764 999
1453206489139 77981 51.0429965075944 3.71098485394224 2539736 1000
1453206490140 78982 51.0429965075944 3.71098485394224 3080076 1001
1453206491140 79982 51.0429965075944 3.71098485394224 3025276 1000
1453206492140 80982 51.0429965075944 3.71098485394224 2636324 1000
1453206493140 81982 51.0429965075944 3.71098485394224 2011216 1000
1453206494139 82981 51.0429965075944 3.71098485394224 3077484 999
1453206495139 83981 51.0429965075944 3.71098485394224 2973648 1000
1453206496139 84981 51.0429965075944 3.71098485394224 3414524 1000
1453206497139 85981 51.0429965075944 3.71098485394224 2735092 1000
1453206498139 86981 51.0429563039635 3.71095480706239 2770972 1000
1453206499139 87981 51.0429287369257 3.71093063624998 3133720 1000
1453206500139 88981 51.0428908649402 3.71089916598631 3188216 1000
1453206501139 89981 51.0428438668183 3.71085819410207 2995256 1000
1453206502139 90981 51.0427844941366 3.71080960998718 2124448 1000
1453206503139 91981 51.0427220671159 3.71075367086354 1707916 1000
1453206504139 92981 51.0427220671159 3.71075367086354 2331604 1000
1453206505139 93981 51.0425781751919 3.7106343329828 2225984 1000
1453206506139 94981 51.0425781751919 3.7106343329828 1214548 1000
1453206507139 95981 51.0425032542652 3.71057502003677 3165712 1000
1453206508140 96982 51.0424239758745 3.71051754821882 3012336 1001
1453206509139 97981 51.0423481032777 3.71046370016203 3980956 999
1453206510139 98981 51.0422747217503 3.71041455725859 3167976 1000
1453206511139 99981 51.042116502399 3.71032240226791 2560756 1000
1453206512140 100982 51.0420290145351 3.71028373490642 1790328 1001
1453206513139 101981 51.0419375688082 3.71025285749985 1617856 999
1453206514140 102982 51.0418469554162 3.71022602093166 917988 1001
1453206515139 103981 51.041754751634 3.71020153747343 885636 999
1453206516140 104982 51.0416640724945 3.71018104753457 1131672 1001
1453206517139 105981 51.0416640724945 3.71018104753457 822928 999
1453206518139 106981 51.041563987048 3.71016011770724 1511108 1000
1453206519139 107981 51.0414527903223 3.71013918738565 2832148 1000
1453206520140 108982 51.041339334201 3.71011766452262 2287556 1001
1453206521139 109981 51.0412364030667 3.71009835852995 1906072 999
1453206522139 110981 51.041132467849 3.71008448946536 2829660 1000
1453206523139 111981 51.0410365664452 3.71007755626473 2937784 1000
1453206524139 112981 51.0409474324896 3.7100746556099 3223716 1000
1453206525140 113982 51.0408707432496 3.71007086976683 2780692 1001
1453206526139 114981 51.0408071217997 3.71006445526655 2979312 999
1453206527139 115981 51.040740713074 3.71006393054978 2038176 1000
1453206528139 116981 51.0406065968332 3.7100588432197 2052408 1000
1453206529139 117981 51.0405242424285 3.71006424377159 1633024 1000
1453206530140 118982 51.040424896612 3.71007359128471 1783404 1001
1453206531140 119982 51.040313792354 3.71008311055315 1178152 1000
1453206532139 120981 51.0402012623018 3.71009348708056 2069768 999
1453206533139 121981 51.0400915548249 3.71010168576385 1789556 1000
1453206534139 122981 51.039979688284 3.7101101302604 1962688 1000
1453206535139 123981 51.0398705290911 3.7101187982501 1709264 1000
1453206536139 124981 51.0398705290911 3.7101187982501 211636 1000
1453206537139 125981 51.0397644341453 3.71013028226879 1500056 1000
1453206538140 126982 51.0395519089456 3.7101739209341 2155720 1001
1453206539139 127981 51.0394421563529 3.71018899440044 1315648 999
1453206540139 128981 51.0394421563529 3.71018899440044 1143104 1000
1453206541140 129982 51.0393356085952 3.71020777904952 1956648 1001
1453206542140 130982 51.0391567794 3.71025215250754 2476380 1000
1453206543139 131981 51.0391567794 3.71025215250754 2218004 999
1453206544139 132981 51.0390914016886 3.71026990116145 2797100 1000
1453206545139 133981 51.0390405170942 3.71028151283701 3304648 1000
1453206546139 134981 51.0390002405594 3.71028427762609 3296044 1000
1453206547140 135982 51.0389664333168 3.71028797469107 3994588 1001
1453206548139 136981 51.0389307348883 3.71029618600486 4510772 999
1453206549139 137981 51.0388781851666 3.71030096658046 3307700 1000
1453206550139 138981 51.0388198067905 3.71030838826188 3768912 1000
1453206551139 139981 51.0387180830707 3.71034511572344 3485952 1000
1453206552139 140981 51.0386721244657 3.71036250787214 2414320 1000
1453206553139 141981 51.0386721244657 3.71036250787214 2361644 1000
1453206554140 142982 51.0385867514501 3.71039804857197 2525868 1001
1453206555139 143981 51.0385613934266 3.71041456796375 1651584 999
1453206556139 144981 51.0385472035132 3.71042900048887 2190500 1000
1453206557139 145981 51.0385472035132 3.71042900048887 2225548 1000
1453206558139 146981 51.0385472035132 3.71042900048887 1875068 1000
1453206559139 147981 51.0385590909886 3.71043892973589 1953252 1000
1453206560140 148982 51.0385684448213 3.71044131406687 1978864 1001
1453206561140 149982 51.0385684448213 3.71044131406687 2477624 1000
1453206562140 150982 51.0385684448213 3.71044131406687 1742964 1000
1453206563139 151981 51.0385684448213 3.71044131406687 1951904 999
1453206564139 152981 51.0385684448213 3.71044131406687 595816 1000
1453206565139 153981 51.0385684448213 3.71044131406687 4101964 1000
1453206566139 154981 51.0385684448213 3.71044131406687 1983812 1000
1453206567139 155981 51.0385684448213 3.71044131406687 3760120 1000
1453206568140 156982 51.0385684448213 3.71044131406687 2843476 1001
1453206569139 157981 51.0385684448213 3.71044131406687 2997700 999
1453206570139 158981 51.0385649263675 3.71045804401569 2974096 1000
1453206571139 159981 51.0385514465739 3.7104717244008 2191692 1000
1453206572139 160981 51.038531330889 3.71048358659971 1833280 1000
1453206573140 161982 51.038505850951 3.71049601478683 1234768 1001
1453206574139 162981 51.0384754907577 3.71051345439813 1200420 999
1453206575139 163981 51.0384754907577 3.71051345439813 680040 1000
1453206576139 164981 51.0384323542131 3.71053719287561 2123100 1000
1453206577139 165981 51.0383167524645 3.7105865696617 16176 1000
1453206578140 166982 51.0383167524645 3.7105865696617 178124 1001
1453206579139 167981 51.0382504256338 3.71061826102311 3665372 999
1453206580139 168981 51.0381777535503 3.71065634189517 3788880 1000
1453206581140 169982 51.0381028607561 3.71069910139182 2414848 1001
1453206582139 170981 51.0380275661405 3.71074131698646 3424688 999
1453206583139 171981 51.0379550059577 3.71078419214728 1425536 1000
1453206584140 172982 51.0378847989074 3.71082561577844 4426832 1001
1453206585139 173981 51.0378156485824 3.71086711250892 3492384 999
1453206586139 174981 51.0377469662927 3.71091100612625 2286056 1000
1453206587139 175981 51.0376871494553 3.71095532450983 3898956 1000
1453206588139 176981 51.0376295815261 3.71100057766575 2278664 1000
1453206589139 177981 51.0375797065906 3.71104074974792 3296360 1000
1453206590139 178981 51.0375279784001 3.7110816518977 2892308 1000
1453206591139 179981 51.0374816750309 3.71112163598891 2741832 1000
1453206592139 180981 51.037443805705 3.71115417744603 2022000 1000
1453206593139 181981 51.0374058160306 3.71117440175637 2163592 1000
1453206594139 182981 51.0373743599493 3.71118048343328 795244 1000
1453206595140 183982 51.0373473121941 3.71117585450181 2942008 1001
1453206596139 184981 51.0373197941775 3.71116792101176 1889896 999
1453206597140 185982 51.0372939676954 3.71115153924698 2913028 1001
1453206598139 186981 51.0372691849882 3.71113328503086 2801248 999
1453206599139 187981 51.0372526669093 3.71110233029773 3608492 1000
1453206600139 188981 51.0372448183557 3.71106462613502 2983048 1000
1453206601139 189981 51.0372406035498 3.71101910215645 2600448 1000
1453206602139 190981 51.0372338677261 3.71097268900458 2480008 1000
1453206603139 191981 51.0372335266481 3.71092560244733 2632540 1000
1453206604139 192981 51.0372271080864 3.71090181030078 2153092 1000
1453206605139 193981 51.0372313272897 3.71087587429853 2073432 1000
1453206606139 194981 51.0372313272897 3.71087587429853 2179508 1000
1453206607140 195982 51.0372337729024 3.71086128122729 1524588 1001
1453206608139 196981 51.0372383755963 3.71084043939654 1622992 999
1453206609140 197982 51.037239001605 3.71081385815198 727920 1001
1453206610139 198981 51.0372340058798 3.71078055833767 2511324 999
1453206611139 199981 51.0372271943448 3.71075161451434 2000432 1000
1453206612139 200981 51.0372145082096 3.71072198084064 1819800 1000
1453206613139 201981 51.0372019130016 3.71069069871944 2567940 1000
1453206614140 202982 51.0371898732522 3.7106546932408 2770996 1001
1453206615139 203981 51.0371746513553 3.71062290233707 2041700 999
1453206616139 204981 51.037157458551 3.71059396914789 4958308 1000
1453206617140 205982 51.0371367620132 3.71057265517028 2030736 1001
1453206618139 206981 51.0370823138593 3.71053083501093 1736224 999
1453206619139 207981 51.0370421722744 3.71051454369046 1230724 1000
1453206620140 208982 51.0370421722744 3.71051454369046 955732 1001
1453206621139 209981 51.0370010928259 3.71051030086358 791276 999
1453206622140 210982 51.0369584613898 3.71051213106313 2594900 1001
1453206623140 211982 51.0369091476549 3.71052846164248 1404124 1000
1453206624140 212982 51.0368570343322 3.71054952813434 2496988 1000
1453206625139 213981 51.0368081500746 3.71057047531562 2685916 999
1453206626140 214982 51.0367660620053 3.71059207065436 2044216 1001
1453206627139 215981 51.0367303576451 3.71060681391886 1993692 999
1453206628139 216981 51.0367082163754 3.7106120049149 1973576 1000
1453206629140 217982 51.0366966387484 3.71060971109023 1856092 1001
1453206630139 218981 51.0366966387484 3.71060971109023 1962688 999
1453206631139 219981 51.0366966387484 3.71060971109023 2174324 1000
1453206632139 220981 51.0366966387484 3.71060971109023 1620296 1000
1453206633140 221982 51.0366966387484 3.71060971109023 1455892 1001
1453206634139 222981 51.0366966387484 3.71060971109023 1786800 999
1453206635139 223981 51.0366966387484 3.71060971109023 2043516 1000
1453206636140 224982 51.0366966387484 3.71060971109023 1718000 1001
1453206637139 225981 51.0366966387484 3.71060971109023 110536 999
1453206638139 226981 51.0366966387484 3.71060971109023 2410328 1000
1453206639139 227981 51.0366966387484 3.71060971109023 2633292 1000
1453206640139 228981 51.0366966387484 3.71060971109023 3007984 1000
1453206641140 229982 51.0366966387484 3.71060971109023 2585464 1001
1453206642140 230982 51.0366966387484 3.71060971109023 2607784 1000
1453206643139 231981 51.0366966387484 3.71060971109023 3502536 999
1453206644139 232981 51.0366966387484 3.71060971109023 2507444 1000
1453206645140 233982 51.0366966387484 3.71060971109023 1267120 1001
1453206646139 234981 51.0366966387484 3.71060971109023 1316996 999
1453206647140 235982 51.0366966387484 3.71060971109023 1198372 1001
1453206648139 236981 51.0366966387484 3.71060971109023 1201068 999
1453206649139 237981 51.0366966387484 3.71060971109023 2305080 1000
1453206650140 238982 51.0366966387484 3.71060971109023 3104548 1001
1453206651140 239982 51.0366966387484 3.71060971109023 2807892 1000
1453206652139 240981 51.0366966387484 3.71060971109023 1912700 999
1453206653139 241981 51.0366966387484 3.71060971109023 1089884 1000
1453206654139 242981 51.0366966387484 3.71060971109023 1448400 1000
1453206655139 243981 51.0366966387484 3.71060971109023 1838388 1000
1453206656139 244981 51.0366966387484 3.71060971109023 918972 1000
1453206657139 245981 51.0366966387484 3.71060971109023 2970292 1000
1453206658139 246981 51.0366966387484 3.71060971109023 1896636 1000
1453206659139 247981 51.0366966387484 3.71060971109023 1078400 1000
1453206660139 248981 51.0366966387484 3.71060971109023 0 1000
1453206661139 249981 51.0366966387484 3.71060971109023 4639816 1000
1453206662139 250981 51.0366966387484 3.71060971109023 2584116 1000
1453206663139 251981 51.0366966387484 3.71060971109023 2099724 1000
1453206664139 252981 51.0366966387484 3.71060971109023 1623452 1000
1453206665139 253981 51.0366966387484 3.71060971109023 1422140 1000
1453206666139 254981 51.0366760769932 3.71062286042415 1333872 1000
1453206667139 255981 51.036652274535 3.71064305851288 1890544 1000
1453206668139 256981 51.0366249278633 3.71067864335231 1602904 1000
1453206669139 257981 51.0366249278633 3.71067864335231 1365392 1000
1453206670140 258982 51.0365684420162 3.71079887566694 2574680 1001
1453206671140 259982 51.0365452530417 3.710876974465 2132536 1000
1453206672140 260982 51.0365225123409 3.71095667834544 2505932 1000
1453206673139 261981 51.036498914638 3.71103551406907 2155452 999
1453206674140 262982 51.0364753177043 3.71110524731717 1977516 1001
1453206675139 263981 51.0364545189676 3.71115506672402 2042220 999
1453206676139 264981 51.0364394780947 3.71118651289891 1871024 1000
1453206677139 265981 51.0364294584156 3.71120186545147 2039524 1000
1453206678139 266981 51.0364294584156 3.71120186545147 1753748 1000
1453206679139 267981 51.0364294584156 3.71120186545147 1466624 1000
1453206680139 268981 51.0364294584156 3.71120186545147 963820 1000
1453206681139 269981 51.0364294584156 3.71120186545147 765664 1000
1453206682139 270981 51.0364190964211 3.71121961530244 1296776 1000
1453206683139 271981 51.0364116927911 3.71124226113731 792080 1000
1453206684139 272981 51.0364116927911 3.71124226113731 475040 1000
1453206685140 273982 51.0364127115917 3.71130013446548 235900 1001
1453206686139 274981 51.0364122271887 3.71131797054378 1622992 999
1453206687139 275981 51.0364122271887 3.71131797054378 444840 1000
1453206688139 276981 51.0364122271887 3.71131797054378 64704 1000
1453206689139 277981 51.0364122271887 3.71131797054378 0 1000
1453206690140 278982 51.0364085539575 3.71135650207824 0 1001
1453206691140 279982 51.0364112285306 3.71139758580122 0 1000
1453206692139 280981 51.0364225674833 3.71144585023071 0 999
1453206693139 281981 51.0364225674833 3.71144585023071 0 1000
1453206694139 282981 51.0364422136164 3.71150467884998 907204 1000
1453206695139 283981 51.0364934069474 3.71163456765928 1872372 1000
1453206696139 284981 51.0365183184826 3.71169809825653 775100 1000
1453206697139 285981 51.0365183184826 3.71169809825653 0 1000
1453206698139 286981 51.0365648345168 3.71180891969809 2654212 1000
1453206699139 287981 51.0365648345168 3.71180891969809 1105360 1000
1453206700140 288982 51.0365868660039 3.7118602373236 1006956 1001
1453206701139 289981 51.0366289091263 3.71198780807731 633560 999
1453206702139 290981 51.0366512012708 3.71206908380778 882940 1000
1453206703139 291981 51.036672959543 3.71214918769756 1305564 1000
1453206704139 292981 51.036672959543 3.71214918769756 1053436 1000
1453206705139 293981 51.0366960654126 3.71222211326342 466408 1000
1453206706139 294981 51.0367384953894 3.71235476946749 1993692 1000
1453206707139 295981 51.0367583126378 3.71241938680157 1140460 1000
1453206708140 296982 51.0367830574277 3.71248915279187 1217192 1001
1453206709139 297981 51.0367830574277 3.71248915279187 986736 999
