1453121751686 287 51.0384764788223 3.73125053467177 173192 287
1453121752687 1288 51.0384709728811 3.73128355399864 2093444 1001
1453121753686 2287 51.0384676175876 3.73131682763149 2624228 999
1453121754686 3287 51.0384612000954 3.73134199599928 3940532 1000
1453121755686 4287 51.0384617277575 3.73137060534986 3268196 1000
1453121756686 5287 51.0384777520424 3.73140120560703 5017684 1000
1453121757687 6288 51.038487608701 3.73143283923568 3428528 1001
1453121758686 7287 51.0384879246259 3.73145988292505 3228172 999
1453121759686 8287 51.0384887107965 3.73148157401013 2414268 1000
1453121760687 9288 51.0384902061324 3.73149705752426 3061308 1001
1453121761687 10288 51.0385053250276 3.73151320617066 3212284 1000
1453121762686 11287 51.0385242235807 3.7315343374329 3243340 999
1453121763686 12287 51.038538708066 3.73156422029438 2243020 1000
1453121764687 13288 51.0385557076354 3.73159397878709 1071660 1001
1453121765687 14288 51.0385641701434 3.7316142567385 493368 1000
1453121766686 15287 51.0385626069368 3.73163378590472 0 999
1453121767686 16287 51.0385600744669 3.73166469650454 1736012 1000
1453121768687 17288 51.0385749235521 3.73170074477879 1086320 1001
1453121769687 18288 51.0385692168667 3.73173231089452 6263888 1000
1453121770686 19287 51.0385733858366 3.7317553243849 3444420 999
1453121771687 20288 51.0385791707186 3.7317813288352 4398892 1001
1453121772686 21287 51.0385917683853 3.73181419743758 4542112 999
1453121773686 22287 51.0385924495086 3.73184512157662 3980644 1000
1453121774686 23287 51.0386016415106 3.73187570230321 3775048 1000
1453121775686 24287 51.0386016415106 3.73187570230321 2903320 1000
1453121776686 25287 51.0386016415106 3.73187570230321 1261568 1000
1453121777687 26288 51.038604492093 3.73190349679424 6234112 1001
1453121778686 27287 51.0386187415263 3.73197703117368 4543580 999
1453121779687 28288 51.0386189026634 3.73199737347899 3684188 1001
1453121780686 29287 51.0386303832325 3.73200982254226 4200264 999
1453121781686 30287 51.0386350301393 3.7320296706911 3468448 1000
1453121782686 31287 51.0386393338534 3.73205042627604 2957312 1000
1453121783687 32288 51.0386438104477 3.73207294369586 3153128 1001
1453121784686 33287 51.0386371451554 3.73208972883308 83576 999
1453121785686 34287 51.0386396712894 3.73210625904738 1456208 1000
1453121786687 35288 51.0386344408469 3.73212623926792 1972516 1001
1453121787686 36287 51.0386370286929 3.73214700861543 3570792 999
1453121788687 37288 51.0386408075449 3.73216428244887 2936592 1001
1453121789686 38287 51.0386495560325 3.73218479396432 3226464 999
1453121790686 39287 51.0386528885778 3.73220785642186 2493100 1000
1453121791687 40288 51.038653282058 3.73222847166054 2763504 1001
1453121792686 41287 51.0386553301824 3.73225142858955 2728896 999
1453121793686 42287 51.0386567711171 3.73227435543338 1954600 1000
1453121794686 43287 51.0386525786806 3.73229529318095 1672868 1000
1453121795688 44289 51.0386532255426 3.73231823848618 39092 1002
1453121796686 45287 51.0386537991418 3.73234551471949 0 998
1453121797686 46287 51.0386601681196 3.73237435079553 1132936 1000
1453121798686 47287 51.0386611411601 3.7323954685588 6077516 1000
1453121799687 48288 51.038660171748 3.73241440661461 987780 1001
1453121800687 49288 51.0386611541469 3.73243534508883 4942720 1000
1453121801687 50288 51.0386670765707 3.73245837369634 4832992 1000
1453121802686 51287 51.0386746218668 3.73248284798318 3588096 999
1453121803686 52287 51.0386746218668 3.73248284798318 6119424 1000
1453121804686 53287 51.0386846085395 3.73252533063607 4932696 1000
1453121805686 54287 51.0386898607311 3.73254771124031 3313384 1000
1453121806686 55287 51.0386958915715 3.73257276497798 4186992 1000
1453121807686 56287 51.0386964875097 3.73259756883022 3055224 1000
1453121808686 57287 51.0386963670477 3.73262053922966 5018196 1000
1453121809686 58287 51.0386935197244 3.73263914434455 4248584 1000
1453121810686 59287 51.0386921708335 3.73265988545362 5225744 1000
1453121811686 60287 51.0386899389543 3.7326823745377 4291252 1000
1453121812686 61287 51.0386879220301 3.73270728843862 3104788 1000
1453121813686 62287 51.0386863083579 3.73273314849012 5224448 1000
1453121814686 63287 51.0386874520426 3.73275907797748 5199784 1000
1453121815686 64287 51.0386853246675 3.73278053513126 4273112 1000
1453121816686 65287 51.0386824778106 3.73280309838984 4831280 1000
1453121817686 66287 51.0386819575163 3.7328253559072 2461176 1000
1453121818686 67287 51.0386803705755 3.7328430919404 3911712 1000
1453121819686 68287 51.0386775439242 3.73286289113467 3312492 1000
1453121820686 69287 51.0386748540522 3.73288233498114 4358084 1000
1453121821686 70287 51.0386712979828 3.73290590381572 2187740 1000
1453121822686 71287 51.0386712979828 3.73290590381572 2425384 1000
1453121823686 72287 51.0386686041607 3.73293077438323 1597440 1000
1453121824686 73287 51.0386658153817 3.7329820883118 4138032 1000
1453121825687 74288 51.0386649600779 3.73300648572972 624124 1001
1453121826687 75288 51.0386639010035 3.73302967452814 3155668 1000
1453121827686 76287 51.038657372645 3.73305133827823 2493800 999
1453121828687 77288 51.0386450184008 3.73307253407192 2890764 1001
1453121829686 78287 51.038628822183 3.7330952865991 3083072 999
1453121830686 79287 51.0385976541047 3.73311216714365 4220708 1000
1453121831686 80287 51.0385635116892 3.73312507871815 2918852 1000
1453121832687 81288 51.0385443208214 3.73312540669401 2192340 1001
1453121833686 82287 51.0385232934163 3.73312478763304 3245440 999
1453121834687 83288 51.0385130966905 3.73313606433671 3145808 1001
1453121835686 84287 51.0385174592462 3.73314881813829 4419168 999
1453121836686 85287 51.0385193881078 3.73316769082931 2636688 1000
1453121837686 86287 51.0385163446962 3.73320018521745 1028524 1000
1453121838686 87287 51.0385166933604 3.73322276350658 2330692 1000
1453121839686 88287 51.0385200258115 3.73324487518368 1223984 1000
1453121840687 89288 51.0385198595964 3.73325968042722 2671736 1001
1453121841686 90287 51.0385189382259 3.73328105036807 2340128 999
1453121842686 91287 51.0385223021919 3.7333129434105 3047636 1000
1453121843686 92287 51.038524818697 3.73333916618335 3479380 1000
1453121844686 93287 51.0385255848646 3.7333631139949 2872588 1000
1453121845686 94287 51.0385293031213 3.73339325183739 2575020 1000
1453121846686 95287 51.038533625157 3.73342215514311 3273304 1000
1453121847687 96288 51.0385340801004 3.73345176478332 3056296 1001
1453121848687 97288 51.0385340801004 3.73345176478332 3100668 1000
1453121849687 98288 51.0385322964042 3.73350989216755 2958860 1000
1453121850686 99287 51.0385370241935 3.73352306080441 2804516 999
1453121851687 100288 51.0385370241935 3.73352306080441 2068504 1001
1453121852686 101287 51.0385342303747 3.73355518046794 3780028 999
1453121853686 102287 51.038530158189 3.73357983823383 4645752 1000
1453121854687 103288 51.0385239993832 3.73360609658152 4854716 1001
1453121855687 104288 51.0385154090735 3.73362830236745 3289768 1000
1453121856687 105288 51.0385032829774 3.73365153068913 3589724 1000
1453121857686 106287 51.0384884536457 3.733673547972 2495408 999
1453121858687 107288 51.0384747329751 3.7336922980433 2286908 1001
1453121859687 108288 51.0384626838134 3.73370305340777 4223672 1000
1453121860687 109288 51.0384537761227 3.73370794223619 3159272 1000
1453121861686 110287 51.0384537761227 3.73370794223619 4072180 999
1453121862686 111287 51.0384537761227 3.73370794223619 3224848 1000
1453121863686 112287 51.0384537761227 3.73370794223619 2958996 1000
1453121864687 113288 51.0384665567411 3.73371832678137 4553544 1001
1453121865686 114287 51.0384665567411 3.73371832678137 2293760 999
1453121866686 115287 51.0384665567411 3.73371832678137 4618604 1000
1453121867686 116287 51.0384665567411 3.73371832678137 3638432 1000
1453121868686 117287 51.0384665567411 3.73371832678137 2828676 1000
1453121869687 118288 51.0384665567411 3.73371832678137 3475272 1001
1453121870687 119288 51.0384665567411 3.73371832678137 2485012 1000
1453121871687 120288 51.0384665567411 3.73371832678137 1675684 1000
1453121872686 121287 51.0384665567411 3.73371832678137 3942780 999
1453121873686 122287 51.0384665567411 3.73371832678137 2263040 1000
1453121874686 123287 51.0384665567411 3.73371832678137 2201600 1000
1453121875686 124287 51.0384665567411 3.73371832678137 2062336 1000
1453121876686 125287 51.0384665567411 3.73371832678137 2729984 1000
1453121877686 126287 51.0384665567411 3.73371832678137 2842624 1000
1453121878686 127287 51.0384665567411 3.73371832678137 7491548 1000
1453121879686 128287 51.0384665567411 3.73371832678137 2604336 1000
1453121880686 129287 51.0384665567411 3.73371832678137 3422572 1000
1453121881686 130287 51.0384665567411 3.73371832678137 2911376 1000
1453121882686 131287 51.0384665567411 3.73371832678137 1486848 1000
1453121883686 132287 51.0384665567411 3.73371832678137 2969600 1000
1453121884686 133287 51.0384665567411 3.73371832678137 2170880 1000
1453121885686 134287 51.0384665567411 3.73371832678137 2258944 1000
1453121886686 135287 51.0384665567411 3.73371832678137 2549760 1000
1453121887686 136287 51.0384665567411 3.73371832678137 1404928 1000
1453121888686 137287 51.0384665567411 3.73371832678137 2523136 1000
1453121889687 138288 51.0384665567411 3.73371832678137 1855488 1001
1453121890686 139287 51.0384665567411 3.73371832678137 2330624 999
1453121891687 140288 51.0384665567411 3.73371832678137 2961408 1001
1453121892686 141287 51.0384665567411 3.73371832678137 2764800 999
1453121893687 142288 51.0384665567411 3.73371832678137 2686976 1001
1453121894687 143288 51.0384665567411 3.73371832678137 2281472 1000
1453121895687 144288 51.0384665567411 3.73371832678137 2113536 1000
1453121896686 145287 51.0384665567411 3.73371832678137 2670592 999
1453121897686 146287 51.0384665567411 3.73371832678137 3538944 1000
1453121898686 147287 51.0384665567411 3.73371832678137 2449408 1000
1453121899798 148399 51.0384665567411 3.73371832678137 2529280 1112
1453121900686 149287 51.0384665567411 3.73371832678137 997376 888
1453121901686 150287 51.0384665567411 3.73371832678137 2158592 1000
1453121902687 151288 51.0384665567411 3.73371832678137 3555044 1001
1453121903686 152287 51.0384665567411 3.73371832678137 2294448 999
1453121904686 153287 51.0380082276973 3.73393092267729 2654212 1000
1453121905686 154287 51.0382684576152 3.73422894091274 3285076 1000
1453121906686 155287 51.0382297042579 3.73442078120251 2613772 1000
1453121907687 156288 51.0382103732682 3.73439026409678 3729916 1001
1453121908686 157287 51.0382332611425 3.73437158677062 2831864 999
1453121909686 158287 51.0382332611425 3.73437158677062 2940272 1000
1453121910686 159287 51.0382196565725 3.73439513270134 2610428 1000
1453121911686 160287 51.0382196565725 3.73439513270134 2309824 1000
1453121912687 161288 51.0382868543649 3.7343377356557 2889544 1001
1453121913687 162288 51.0382692771985 3.73438709683694 2455472 1000
1453121914686 163287 51.0382637717335 3.73443589514852 3599560 999
1453121915686 164287 51.0382558837545 3.7344780780192 3068048 1000
1453121916686 165287 51.0382558432685 3.73451006593719 3807816 1000
1453121917687 166288 51.0382558432685 3.73451006593719 3540132 1001
1453121918686 167287 51.0382520218317 3.73457765430194 3504888 999
1453121919686 168287 51.0382506294596 3.73460784179214 3686692 1000
1453121920686 169287 51.0382432063046 3.73464425272678 3080856 1000
1453121921686 170287 51.0382404532034 3.73466979097166 3400328 1000
1453121922686 171287 51.0382386477231 3.73469240282158 3069396 1000
1453121923686 172287 51.0382373792372 3.73471392693497 3659556 1000
1453121924686 173287 51.0382363499461 3.73473774482992 3476756 1000
1453121925686 174287 51.0382393709725 3.73476426933919 3582984 1000
1453121926687 175288 51.0382410702487 3.73479439649243 3566808 1001
1453121927686 176287 51.0382431595239 3.73482126515129 3225764 999
1453121928687 177288 51.0382465720403 3.73484257745422 3383984 1001
1453121929686 178287 51.0382465720403 3.73484257745422 2599788 999
1453121930686 179287 51.0382469817749 3.73488970048042 2371132 1000
1453121931687 180288 51.038244686499 3.73491436507205 2800496 1001
1453121932686 181287 51.0382436278171 3.7349351483551 2061740 999
1453121933686 182287 51.038244788547 3.73495804925214 1443708 1000
1453121934686 183287 51.0382443776407 3.73498143823999 2478080 1000
1453121935686 184287 51.0382459658585 3.73500140059152 1213392 1000
1453121936687 185288 51.0382481180976 3.73502233108346 657824 1001
1453121937686 186287 51.0382519550705 3.73504592633087 3483232 999
1453121938686 187287 51.0382518440186 3.73506998191667 4050120 1000
1453121939687 188288 51.0382550476318 3.73509390314864 3203468 1001
1453121940686 189287 51.0382586414775 3.735117812462 2671736 999
1453121941687 190288 51.0382635082059 3.73514049914321 3313540 1001
1453121942686 191287 51.0382662367296 3.73516782847687 3446032 999
1453121943687 192288 51.0382684971875 3.73519354689186 2616564 1001
1453121944687 193288 51.0382684971875 3.73519354689186 3568708 1000
1453121945686 194287 51.0382839825019 3.73523870097625 3667908 999
1453121946686 195287 51.0382947335175 3.73526311115009 3794700 1000
1453121947686 196287 51.0383040967103 3.73528704432999 2972312 1000
1453121948686 197287 51.0383068802527 3.7353072120354 3625328 1000
1453121949686 198287 51.0383068802527 3.7353072120354 4161640 1000
1453121950687 199288 51.03831416562 3.73534832944532 4486472 1001
1453121951686 200287 51.0383126316246 3.73536577304178 3558768 999
1453121952687 201288 51.0383126316246 3.73536577304178 4704728 1001
1453121953686 202287 51.0383126316246 3.73536577304178 3809864 999
1453121954687 203288 51.0383153746636 3.7353934842767 4562356 1001
1453121955686 204287 51.0383164524823 3.7354328950547 4280864 999
1453121956687 205288 51.0383195928561 3.73545730955138 3898800 1001
1453121957687 206288 51.0383239443064 3.73548033253916 4696432 1000
1453121958687 207288 51.0383280440532 3.73550373730497 3977936 1000
1453121959687 208288 51.0383280440532 3.73550373730497 3190728 1000
1453121960687 209288 51.0383335614764 3.73555022201339 3846260 1000
1453121961687 210288 51.038338514325 3.73557213914815 3245000 1000
1453121962687 211288 51.0383432429551 3.73559218144943 4473504 1000
1453121963686 212287 51.0383468472169 3.73561493182085 3940580 999
1453121964686 213287 51.0383468472169 3.73561493182085 2518376 1000
1453121965686 214287 51.038355233769 3.73566435009771 4071296 1000
1453121966687 215288 51.038355233769 3.73566435009771 4606816 1001
1453121967687 216288 51.0383639367945 3.73571594736518 4179448 1000
1453121968686 217287 51.0383639367945 3.73571594736518 2383264 999
1453121969686 218287 51.0383631298974 3.73574958367588 2322604 1000
1453121970686 219287 51.0383660133402 3.73580840114614 1583900 1000
1453121971687 220288 51.0383677762489 3.73583500863635 1921056 1001
1453121972687 221288 51.0383697319684 3.73585961753227 2232132 1000
1453121973686 222287 51.0383697319684 3.73585961753227 2415616 999
1453121974686 223287 51.0383722738969 3.73588429243309 2422772 1000
1453121975686 224287 51.0383742571447 3.73593529721121 2698280 1000
1453121976687 225288 51.0383753978024 3.73595459780643 2897008 1001
1453121977686 226287 51.0383758415662 3.73597549466704 2209216 999
1453121978686 227287 51.0383758415662 3.73597549466704 2642780 1000
1453121979686 228287 51.0383770981684 3.73599657222022 3191364 1000
1453121980687 229288 51.038378959909 3.73602419110041 3450880 1001
1453121981687 230288 51.0383841568073 3.73607352161361 4134316 1000
1453121982686 231287 51.0383815546588 3.73609750307504 1938500 999
1453121983686 232287 51.0383815546588 3.73609750307504 1930260 1000
1453121984687 233288 51.0383882428324 3.73611818015823 1172760 1001
1453121985686 234287 51.0383925829722 3.73613185367889 2908984 999
1453121986686 235287 51.0384000266277 3.73614282116853 2685216 1000
1453121987686 236287 51.0384000266277 3.73614282116853 3241940 1000
1453121988686 237287 51.0384160065005 3.7361589483035 2276652 1000
1453121989686 238287 51.0384205012666 3.73617526628592 2671856 1000
1453121990686 239287 51.0384226190228 3.73619174301844 2388968 1000
1453121991687 240288 51.0384252148746 3.73621162511975 2996604 1001
1453121992686 241287 51.038428337282 3.73622872453843 3434004 999
1453121993686 242287 51.038428337282 3.73622872453843 3984508 1000
1453121994686 243287 51.0384308875918 3.73624549060508 3906116 1000
1453121995689 244290 51.0384221999842 3.73627501378094 3396640 1003
1453121996686 245287 51.0384155421284 3.73629167082122 4889936 997
1453121997686 246287 51.0384092539288 3.73630920158917 4059448 1000
1453121998687 247288 51.0384092539288 3.73630920158917 6254248 1001
1453121999687 248288 51.0384092539288 3.73630920158917 2893796 1000
1453122000686 249287 51.0384020902615 3.73632503400705 1036288 999
1453122001686 250287 51.0383665425732 3.73633969165079 7831552 1000
1453122002686 251287 51.0383549611898 3.73634311673245 5720576 1000
1453122003686 252287 51.0383414694079 3.73635068180919 3610840 1000
1453122004686 253287 51.0383290234537 3.73635896652489 3823616 1000
1453122005686 254287 51.0383290234537 3.73635896652489 6354944 1000
1453122006686 255287 51.0383171255786 3.73638376924311 6174092 1000
1453122007686 256287 51.0383178952322 3.73640816635126 5111936 1000
1453122008688 257289 51.0383178952322 3.73640816635126 4433012 1002
1453122009686 258287 51.0383104431333 3.73642046692261 4020224 998
1453122010686 259287 51.0382899001533 3.73643476196535 7272448 1000
1453122011686 260287 51.0382899001533 3.73643476196535 7464676 1000
1453122012686 261287 51.0382679773174 3.73644397113448 4266500 1000
1453122013686 262287 51.0382679773174 3.73644397113448 3840628 1000
1453122014687 263288 51.0382552851584 3.73644850961874 4652808 1001
1453122015686 264287 51.0382306551161 3.73646303725586 3711276 999
1453122016686 265287 51.0382190832615 3.73647300321116 4047036 1000
1453122017686 266287 51.0382190832615 3.73647300321116 2473240 1000
1453122018687 267288 51.0381947556915 3.73649174498807 3136944 1001
1453122019686 268287 51.0381805324668 3.73649986225792 3671260 999
1453122020686 269287 51.0381657527491 3.73650667240601 4948872 1000
1453122021686 270287 51.0381515650159 3.73651356922874 1908844 1000
1453122022687 271288 51.0381369680135 3.73652050561244 4866592 1001
1453122023686 272287 51.0381369680135 3.73652050561244 3705116 999
1453122024686 273287 51.0381083947626 3.73653271424982 4722744 1000
1453122025686 274287 51.0380963167688 3.73654029289206 4977700 1000
1453122026687 275288 51.0380867105964 3.73655036876578 4708144 1001
1453122027687 276288 51.0380770860771 3.73655635220091 5582248 1000
1453122028687 277288 51.0380770860771 3.73655635220091 4320728 1000
1453122029686 278287 51.0380677527923 3.73656399361305 4497408 999
1453122030686 279287 51.0380519660466 3.73658750245325 8230912 1000
1453122031687 280288 51.0380420268453 3.73659575745453 5435872 1001
1453122032686 281287 51.0380315232269 3.73660636204445 4414648 999
1453122033686 282287 51.0380315232269 3.73660636204445 4335156 1000
1453122034686 283287 51.0380209914349 3.73661486590938 5668864 1000
1453122035686 284287 51.0379963864183 3.73663075131031 5797288 1000
1453122036686 285287 51.0379832019763 3.73663914728701 4202468 1000
1453122037686 286287 51.0379695939543 3.73664853565715 3935156 1000
1453122038686 287287 51.0379562279354 3.73665759799227 4106816 1000
1453122039686 288287 51.0379430361188 3.73666828671094 5142528 1000
1453122040687 289288 51.0379281266255 3.73668315212026 6248224 1001
1453122041687 290288 51.0379114305761 3.73669951716772 4547392 1000
1453122042687 291288 51.0378951691509 3.73671186195651 3523024 1000
1453122043686 292287 51.0378777573578 3.73672413549407 2169840 999
1453122044687 293288 51.0378606623593 3.73673533591345 2497352 1001
1453122045687 294288 51.0378472009267 3.73674821681258 2880908 1000
1453122046686 295287 51.037836210049 3.73676167508656 2348216 999
1453122047687 296288 51.0378249928232 3.7367708074893 2162192 1001
1453122048686 297287 51.0378087092877 3.73678158722541 2140780 999
1453122049686 298287 51.0377873975557 3.73679422899042 2690012 1000
1453122050687 299288 51.0377672166421 3.73681509630713 2101972 1001
1453122051691 300292 51.0377512772496 3.73682968352393 2138628 1004
1453122052687 301288 51.0377351052309 3.73684350527347 2673732 996
1453122053687 302288 51.0377218455757 3.73684398009207 1772620 1000
1453122054686 303287 51.0377056787876 3.73685108560412 311388 999
1453122055686 304287 51.0376907913612 3.73685384289413 4817104 1000
1453122056686 305287 51.0376763465004 3.7368593850629 2104876 1000
1453122057686 306287 51.0376549026038 3.73687217182577 2956164 1000
1453122058687 307288 51.037638050978 3.73687899957873 2507068 1001
1453122059687 308288 51.0376175653039 3.73688439109199 2670600 1000
1453122060687 309288 51.0376002952617 3.73690601217156 2319908 1000
1453122061686 310287 51.0375835161573 3.73691665375948 2570636 999
1453122062686 311287 51.0375674228224 3.73693290657535 3139492 1000
1453122063686 312287 51.0375547467729 3.73694119591757 2608380 1000
1453122064686 313287 51.0375369485102 3.73695430148036 1418096 1000
1453122065687 314288 51.0375225602825 3.73696042743131 2342824 1001
1453122066686 315287 51.0375115514903 3.73696232813108 1641096 999
1453122067686 316287 51.0375019936531 3.73696281891863 2536408 1000
1453122068686 317287 51.0374900742552 3.73696211622822 1575760 1000
1453122069687 318288 51.0374755897001 3.73696481415467 1805480 1001
1453122070686 319287 51.0374620026539 3.73696805128939 1645400 999
1453122071686 320287 51.0374620026539 3.73696805128939 947128 1000
1453122072686 321287 51.0374405493335 3.73696370005032 2445140 1000
1453122073686 322287 51.0374273222531 3.73696107740149 1422040 1000
1453122074687 323288 51.0374130883722 3.7369597062134 1842116 1001
1453122075686 324287 51.037402649906 3.73696345016558 1740268 999
1453122076686 325287 51.0373855282211 3.73696764345843 1750560 1000
1453122077686 326287 51.0373714365656 3.73697314571339 1404616 1000
1453122078686 327287 51.0373554468294 3.73697009176845 1759840 1000
1453122079686 328287 51.0373414213184 3.73697057288357 1327104 1000
1453122080686 329287 51.0373308639388 3.73697650027466 2121728 1000
1453122081686 330287 51.0373204656684 3.73698334154857 1001564 1000
1453122082686 331287 51.0373100858972 3.73698673246421 2601640 1000
1453122083686 332287 51.0372987948542 3.73698496718342 1047396 1000
1453122084687 333288 51.03728655584 3.73698100038055 4446508 1001
1453122085687 334288 51.0372752023858 3.73697523898493 2421552 1000
1453122086687 335288 51.0372602612044 3.73696737999317 2190500 1000
1453122087686 336287 51.0372454667049 3.73696151181113 2059512 999
1453122088686 337287 51.037235708321 3.73695951724933 1875396 1000
1453122089687 338288 51.037235708321 3.73695951724933 2087956 1001
1453122090686 339287 51.0372150908802 3.73695573964073 1333872 999
1453122091686 340287 51.0372150908802 3.73695573964073 2232936 1000
1453122092686 341287 51.0372150908802 3.73695573964073 2099096 1000
1453122093686 342287 51.0372150908802 3.73695573964073 2230032 1000
1453122094686 343287 51.0372150908802 3.73695573964073 1935028 1000
1453122095686 344287 51.0372150908802 3.73695573964073 2501888 1000
1453122096686 345287 51.0372150908802 3.73695573964073 2375176 1000
1453122097687 346288 51.0372150908802 3.73695573964073 2008520 1001
1453122098686 347287 51.0372150908802 3.73695573964073 2523540 999
1453122099698 348299 51.0372150908802 3.73695573964073 1930408 1012
1453122100686 349287 51.0372150908802 3.73695573964073 2035324 988
1453122101691 350292 51.0372150908802 3.73695573964073 1679608 1005
1453122102686 351287 51.0372150908802 3.73695573964073 1498976 995
1453122103686 352287 51.0371984857982 3.73695568679775 1991244 1000
1453122104687 353288 51.0371864062127 3.73696540688983 2003580 1001
1453122105686 354287 51.03717399873 3.73697729823292 2010516 999
1453122106687 355288 51.0371630400096 3.73699049013926 2043568 1001
1453122107687 356288 51.0371630400096 3.73699049013926 1689044 1000
1453122108686 357287 51.0371452806353 3.73698845034272 1531328 999
1453122109686 358287 51.0371367566235 3.73699797498155 1744312 1000
1453122110686 359287 51.0371241770514 3.73700092358037 1178152 1000
1453122111686 360287 51.037111199566 3.73700278422463 1659388 1000
1453122112686 361287 51.0370985202538 3.73700782139035 2593552 1000
1453122113686 362287 51.0370884645954 3.73701654080392 2293052 1000
1453122114687 363288 51.0370818434999 3.73702697313006 1707812 1001
1453122115687 364288 51.0370818434999 3.73702697313006 1937076 1000
1453122116687 365288 51.0370550605265 3.7370363220241 1672868 1000
1453122117686 366287 51.0370393163814 3.73704418820397 726572 999
1453122118687 367288 51.0370232060365 3.73705367549136 1796096 1001
1453122119686 368287 51.0370232060365 3.73705367549136 3182068 999
1453122120686 369287 51.0370051489146 3.73706282641803 1586596 1000
1453122121686 370287 51.0370051489146 3.73706282641803 1405964 1000
1453122122686 371287 51.0369953244496 3.73706645941662 1420792 1000
1453122123686 372287 51.0369863425377 3.73707384138017 1378332 1000
1453122124686 373287 51.0369863425377 3.73707384138017 1259704 1000
1453122125686 374287 51.0369761387584 3.73709819317234 1153888 1000
1453122126687 375288 51.0369761387584 3.73709819317234 971908 1001
1453122127686 376287 51.0369761387584 3.73709819317234 872156 999
1453122128687 377288 51.0369761387584 3.73709819317234 1705484 1001
1453122129686 378287 51.0369819634357 3.73708660950744 898852 999
1453122130686 379287 51.0369763174135 3.73707435871541 1256336 1000
1453122131686 380287 51.0369608336192 3.73706544816498 1292732 1000
1453122132687 381288 51.0369453736782 3.73705164449261 1546156 1001
1453122133687 382288 51.0369453736782 3.73705164449261 986088 1000
1453122134686 383287 51.036917977265 3.7370290435457 1138360 999
1453122135686 384287 51.0369018940696 3.73701196210092 1242444 1000
1453122136686 385287 51.0368882544594 3.73699319982258 1037024 1000
1453122137687 386288 51.0368749078438 3.73697945008871 1308908 1001
1453122138686 387287 51.036864267912 3.73696503807943 146932 999
1453122139687 388288 51.0368564726331 3.73695541375986 2029492 1001
1453122140687 389288 51.0368427437791 3.73695401281075 309288 1000
1453122141686 390287 51.0368427437791 3.73695401281075 532460 999
1453122142687 391288 51.0368253711044 3.73694798538506 2336084 1001
1453122143686 392287 51.0368174616479 3.73693441057942 1289344 999
1453122144686 393287 51.0368174616479 3.73693441057942 1491580 1000
1453122145686 394287 51.0368017173837 3.73689517510947 146932 1000
1453122146686 395287 51.0367943581256 3.73687853565753 2699856 1000
1453122147687 396288 51.0367943581256 3.73687853565753 1678448 1001
1453122148686 397287 51.0367840611201 3.73685218498505 1699828 999
1453122149687 398288 51.0367840611201 3.73685218498505 1691740 1001
1453122150686 399287 51.0367840611201 3.73685218498505 1408660 999
1453122151686 400287 51.0367840611201 3.73685218498505 1690392 1000
1453122152686 401287 51.0367840611201 3.73685218498505 1633776 1000
1453122153686 402287 51.0367840611201 3.73685218498505 1498976 1000
1453122154686 403287 51.0367840611201 3.73685218498505 1164672 1000
1453122155686 404287 51.0367792078887 3.73683482943844 1260380 1000
1453122156686 405287 51.0367738136316 3.73682054753795 1339912 1000
1453122157686 406287 51.0367738136316 3.73682054753795 1666128 1000
1453122158686 407287 51.0367738136316 3.73682054753795 1666128 1000
1453122159686 408287 51.0367630998213 3.73680729230329 1409464 1000
1453122160686 409287 51.0367561675166 3.73679195186766 1583096 1000
1453122161686 410287 51.0367498058505 3.73678089337842 1306212 1000
1453122162686 411287 51.0367415874313 3.73676692018938 1583900 1000
1453122163686 412287 51.036739135191 3.73675278424009 1633776 1000
1453122164686 413287 51.036739135191 3.73675278424009 1644560 1000
1453122165686 414287 51.036742890428 3.73673691852714 1546156 1000
1453122166686 415287 51.036742890428 3.73673691852714 2035480 1000
1453122167686 416287 51.036737653314 3.73671805434227 1187588 1000
1453122168686 417287 51.036737653314 3.73671805434227 929472 1000
1453122169686 418287 51.0367285478235 3.73669220593494 1500972 1000
1453122170687 419288 51.0367212656201 3.73667578398145 1718700 1001
1453122171686 420287 51.0367212656201 3.73667578398145 1493584 999
1453122172686 421287 51.0367081305119 3.73663425186674 1747008 1000
1453122173687 422288 51.036699970851 3.73661115616607 1819852 1001
1453122174687 423288 51.0366915421496 3.73658708016466 1864232 1000
1453122175687 424288 51.0366852080899 3.73656921452837 1578508 1000
1453122176687 425288 51.0366788705886 3.73654942776201 1583900 1000
1453122177687 426288 51.0366788705886 3.73654942776201 1555592 1000
1453122178686 427287 51.0366716509567 3.73650839171418 1358784 999
1453122179686 428287 51.0366646101283 3.7364909050319 1383048 1000
1453122180686 429287 51.0366579942835 3.73647996486811 578292 1000
1453122181686 430287 51.0366579942835 3.73647996486811 512240 1000
1453122182686 431287 51.0366467524558 3.73645270948376 444840 1000
1453122183686 432287 51.0366467524558 3.73645270948376 535156 1000
1453122184686 433287 51.0366288236904 3.7364131289799 516284 1000
1453122185686 434287 51.0366230008134 3.73639056215096 568856 1000
1453122186687 435288 51.036620165692 3.73637498878604 149628 1001
1453122187686 436287 51.0366146907256 3.73635603642496 0 999
1453122188686 437287 51.036613574652 3.73634075923207 0 1000
1453122189687 438288 51.036613574652 3.73634075923207 0 1001
1453122190686 439287 51.0366119711957 3.73631672540881 0 999
1453122191686 440287 51.0366129315291 3.73630164033465 2515368 1000
1453122192688 441289 51.0366117097198 3.73628432492439 547288 1002
1453122193686 442287 51.0366076555489 3.7362658646803 568856 998
1453122194686 443287 51.0366040004968 3.73624470046206 513588 1000
1453122195686 444287 51.0365995061497 3.73622043100471 616036 1000
1453122196686 445287 51.0365995061497 3.73622043100471 649736 1000
1453122197687 446288 51.0365887019683 3.73617461803941 599860 1001
1453122198686 447287 51.0365827450147 3.73614995724322 660520 999
1453122199686 448287 51.036574313403 3.73612523746604 416508 1000
1453122200686 449287 51.0365656823986 3.73610259890241 674024 1000
1453122201686 450287 51.0365596745959 3.73609048179641 378788 1000
1453122202686 451287 51.0365486753909 3.7360803712793 28308 1000
1453122203686 452287 51.0365486753909 3.7360803712793 664564 1000
1453122204687 453288 51.0365192492557 3.7360764674659 525720 1001
1453122205686 454287 51.0365058567683 3.73607512588472 695568 999
1453122206687 455288 51.0364949116519 3.73607076514799 787232 1001
1453122207686 456287 51.0364844994908 3.73606758267092 570256 999
1453122208686 457287 51.0364844994908 3.73606758267092 645640 1000
1453122209686 458287 51.0364675453271 3.73606093042226 695568 1000
1453122210686 459287 51.036457570305 3.73605836101925 882940 1000
1453122211687 460288 51.0364490632087 3.73605072813338 149628 1001
1453122212687 461288 51.036441333429 3.73604222846265 0 1000
1453122213687 462288 51.036418046453 3.73604668136507 3120620 1000
1453122214914 463515 51.036418046453 3.73604668136507 981344 1227
1453122215885 464486 51.0364051016147 3.7360550780338 152324 971
1453122216856 465457 51.0363714384754 3.73606659859787 0 971
1453122217832 466433 51.0363576742653 3.73607666983978 0 976
1453122218806 467407 51.0363457671007 3.73609378963489 35048 974
1453122219778 468379 51.0363457671007 3.73609378963489 2619164 972
1453122220742 469343 51.0363352138033 3.73611143099511 791276 964
1453122221712 470313 51.036327086222 3.73612569309086 907204 970
1453122222687 471288 51.0363179519164 3.73614142976106 893128 975
1453122223687 472288 51.0363179519164 3.73614142976106 741996 1000
1453122224686 473287 51.03630080596 3.73617010142643 580340 999
1453122225686 474287 51.0362911067371 3.73618224397563 929420 1000
1453122226686 475287 51.0362803153887 3.73618951232412 911248 1000
1453122227687 476288 51.0362685426147 3.73619573522578 986736 1001
1453122228686 477287 51.0362557588644 3.7362031298748 912596 999
1453122229686 478287 51.0362428544311 3.73620964418974 798016 1000
1453122230686 479287 51.0362303384606 3.73621419639906 900464 1000
1453122231687 480288 51.0362164577709 3.73621653630529 649736 1001
1453122232686 481287 51.0361995972673 3.73621447620209 478540 999
1453122233686 482287 51.0361819786113 3.73621108353061 540548 1000
1453122234687 483288 51.0361620711544 3.73620905576508 613340 1001
1453122235686 484287 51.0361444158205 3.73620704844979 270948 999
1453122236687 485288 51.0361282414652 3.7362028599445 452928 1001
1453122237686 486287 51.0361126307456 3.73619796967813 539200 999
1453122238687 487288 51.0360976593646 3.73619156009807 411140 1001
1453122239686 488287 51.036083239615 3.73618543965901 694220 999
1453122240686 489287 51.0360677774824 3.7361778303076 644344 1000
1453122241686 490287 51.0360569637304 3.73616629310209 482584 1000
1453122242686 491287 51.0360506965658 3.73615166144534 625472 1000
1453122243687 492288 51.0360463004383 3.73613299640986 622776 1001
1453122244687 493288 51.0360421874825 3.73611458669051 606600 1000
1453122245686 494287 51.036039495746 3.73609384394697 459668 999
1453122246688 495289 51.0360365385207 3.73607477940402 489324 1002
1453122247686 496287 51.0360326973098 3.73605513726582 640300 998
1453122248686 497287 51.0360267803796 3.736038930947 510892 1000
1453122249686 498287 51.0360267803796 3.736038930947 517632 1000
1453122250686 499287 51.0360153427502 3.7360194497759 490672 1000
1453122251687 500288 51.0360079327271 3.73601125419258 456972 1001
1453122252686 501287 51.0360079327271 3.73601125419258 587728 999
1453122253686 502287 51.0359996480354 3.73602023467422 757576 1000
1453122254686 503287 51.0359996480354 3.73602023467422 655128 1000
1453122255686 504287 51.0359874303202 3.73601330964318 527068 1000
1453122256687 505288 51.0359794132057 3.73600620210051 721180 1001
1453122257687 506288 51.0359678035258 3.73599983819155 835760 1000
1453122258686 507287 51.0359525542393 3.73599081252217 657824 999
1453122259686 508287 51.0359400050906 3.73598041021927 397660 1000
1453122260686 509287 51.0359307950571 3.73596984066078 609996 1000
1453122261687 510288 51.0359202319446 3.73595797289701 312036 1001
1453122262686 511287 51.0359067132229 3.73594805181821 389572 999
1453122263686 512287 51.0358930231026 3.7359401071962 388224 1000
1453122264686 513287 51.0358786279116 3.7359328750903 133452 1000
1453122265686 514287 51.0358614399451 3.73592678985174 461016 1000
1453122266686 515287 51.0358451344311 3.73592253633577 568856 1000
1453122267686 516287 51.0358292673994 3.73591711803694 241292 1000
1453122268687 517288 51.0358122903696 3.73591253200008 223768 1001
1453122269686 518287 51.0357948465606 3.7359109169978 549984 999
1453122270687 519288 51.0357769027399 3.73590972858715 296560 1001
1453122271686 520287 51.0357604127318 3.7359065144291 322172 999
1453122272686 521287 51.0357454320636 3.73590439124683 502804 1000
1453122273686 522287 51.0357315900059 3.73590611455872 568856 1000
1453122274687 523288 51.0357163723751 3.73590934838333 455624 1001
1453122275686 524287 51.0356989875055 3.73590895642013 518980 999
1453122276686 525287 51.0356824632439 3.73590973341434 420576 1000
1453122277686 526287 51.0356653015959 3.73591213209878 502804 1000
1453122278686 527287 51.0356498086938 3.73591088853357 496064 1000
1453122279686 528287 51.0356340508482 3.73591001309928 524372 1000
1453122280687 529288 51.0356185602854 3.73590735556961 430012 1001
1453122281686 530287 51.0356043864067 3.73590656565304 649736 999
1453122282687 531288 51.0355906021289 3.73590832376301 512240 1001
1453122283686 532287 51.0355760494581 3.73591113817557 481236 999
1453122284686 533287 51.0355615788201 3.73591201870266 621428 1000
1453122285686 534287 51.0355498312594 3.73591255698032 678044 1000
1453122286686 535287 51.0355407310008 3.73590505122736 551332 1000
1453122287686 536287 51.0355290733393 3.73590025348514 513588 1000
1453122288687 537288 51.0355128027103 3.73589168161803 558072 1001
1453122289686 538287 51.035496403916 3.73588887411479 586380 999
1453122290686 539287 51.0354792175839 3.73588261000303 482584 1000
1453122291686 540287 51.0354623783749 3.73587018989926 498760 1000
1453122292686 541287 51.0354460085394 3.7358650209991 706352 1000
1453122293686 542287 51.035430046663 3.73586056021331 297908 1000
1453122294686 543287 51.0354151051724 3.7358623561838 190304 1000
1453122295686 544287 51.0353990192989 3.73586321753708 727736 1000
1453122296686 545287 51.0353842695071 3.73586772648391 547884 1000
1453122297686 546287 51.0353696525802 3.73587283810706 903160 1000
1453122298686 547287 51.0353696525802 3.73587283810706 630864 1000
1453122299686 548287 51.0353414144197 3.73589003081286 629516 1000
1453122300686 549287 51.035326605768 3.7358971490825 641648 1000
1453122301686 550287 51.0353127655203 3.73590503089459 853984 1000
1453122302686 551287 51.0352979100408 3.73591025499442 449532 1000
1453122303686 552287 51.0352869132532 3.73592578263651 378788 1000
1453122304687 553288 51.0352774717809 3.73593970983749 326216 1001
1453122305686 554287 51.0352774717809 3.73593970983749 346436 999
1453122306687 555288 51.0352566159816 3.73596248542454 419228 1001
1453122307686 556287 51.0352436099726 3.73596635654551 481236 999
1453122308686 557287 51.0352298575189 3.73596898929841 539200 1000
1453122309686 558287 51.03521681783 3.73597662062314 505500 1000
1453122310686 559287 51.03520400425 3.73598482787843 686132 1000
1453122311686 560287 51.0351912609738 3.73599560359694 826324 1000
1453122312687 561288 51.0351784046893 3.73600413840025 793324 1001
1453122313690 562291 51.0351668004272 3.7360160304065 839856 1003
1453122314686 563287 51.0351566059169 3.73602773708088 736604 996
1453122315686 564287 51.0351470128192 3.73603916542237 880556 1000
1453122316686 565287 51.0351367874167 3.73604669109793 445876 1000
1453122317686 566287 51.0351367874167 3.73604669109793 401704 1000
1453122318686 567287 51.0351125886599 3.7360588202178 378788 1000
1453122319686 568287 51.0351010977375 3.73606552929709 628168 1000
1453122320686 569287 51.0350893875797 3.73607507362626 854632 1000
1453122321687 570288 51.0350773438577 3.73608423302694 1051440 1001
1453122322686 571287 51.0350644335416 3.73609251916771 393616 999
1453122323687 572288 51.0350538591789 3.73610339181662 0 1001
1453122324686 573287 51.0350538591789 3.73610339181662 3274992 999
1453122325687 574288 51.0350301714806 3.73611650334626 469752 1001
1453122326686 575287 51.0350190005402 3.73611907651011 2016176 999
1453122327686 576287 51.0350065942822 3.73610934126706 1720480 1000
1453122328686 577287 51.0350011856497 3.73609694438422 1385744 1000
1453122329686 578287 51.0350011856497 3.73609694438422 1250944 1000
1453122330686 579287 51.0349966206813 3.7360695896249 700960 1000
1453122331687 580288 51.0349890970696 3.73605001990192 0 1001
1453122332686 581287 51.034979812979 3.73603058749066 1653996 999
1453122333686 582287 51.0349731269051 3.73601312544092 1600076 1000
1453122334687 583288 51.0349654865294 3.73599437344927 354524 1001
1453122335686 584287 51.0349553577618 3.73597629295811 545940 999
1453122336686 585287 51.0349431258687 3.73595737820454 808800 1000
1453122337686 586287 51.0349431258687 3.73595737820454 754880 1000
1453122338687 587288 51.0349106464365 3.73594799773062 1183416 1001
1453122339686 588287 51.0348972276777 3.73595576675587 1050220 999
1453122340686 589287 51.0348861672472 3.73596921022211 835760 1000
1453122341686 590287 51.0348760155479 3.73598258200524 1124232 1000
1453122342686 591287 51.0348628398847 3.7359864651576 1098620 1000
1453122343687 592288 51.0348534494816 3.735989870254 1179500 1001
1453122344686 593287 51.0348534494816 3.735989870254 1206460 999
1453122345686 594287 51.0348415697619 3.73599203857193 1430228 1000
1453122346687 595288 51.0348415697619 3.73599203857193 1339912 1001
1453122347687 596288 51.0348276517671 3.73599230310153 1024480 1000
1453122348687 597288 51.0348171052102 3.7359914259344 1388440 1000
1453122349686 598287 51.0348058737987 3.73599544643255 1358836 999
1453122350687 599288 51.0348058737987 3.73599544643255 1707864 1001
1453122351686 600287 51.0347854236092 3.73601652021892 1666128 999
1453122352686 601287 51.0347729330924 3.73602680625931 1589292 1000
1453122353687 602288 51.0347569084835 3.73604079348519 1075704 1001
1453122354686 603287 51.0347396538979 3.73605749370277 1432924 999
1453122355686 604287 51.0347247671045 3.73606377356959 1883856 1000
1453122356686 605287 51.0347247671045 3.73606377356959 1975468 1000
1453122357687 606288 51.0346944629413 3.736068811291 2209372 1001
1453122358686 607287 51.0346804050131 3.73606805815152 1718700 999
1453122359686 608287 51.034665889642 3.73606613169766 1506416 1000
1453122360686 609287 51.034665889642 3.73606613169766 1580504 1000
1453122361686 610287 51.034640031215 3.7360673375879 1327368 1000
1453122362686 611287 51.034640031215 3.7360673375879 1606684 1000
1453122363687 612288 51.034612928567 3.73607443291376 766208 1001
1453122364686 613287 51.034612928567 3.73607443291376 674700 999
1453122365686 614287 51.0345922775429 3.7360819830245 1159928 1000
1453122366686 615287 51.034582759507 3.73607812646871 1348000 1000
1453122367686 616287 51.034582759507 3.73607812646871 1765880 1000
1453122368687 617288 51.034582759507 3.73607812646871 1203764 1001
1453122369686 618287 51.034582759507 3.73607812646871 1099892 999
