1453200544623 115 51.0580076492901 3.72796246479014 0 115
1453200545623 1115 51.0580076492901 3.72796246479014 2567656 1000
1453200546624 2116 51.0580076492901 3.72796246479014 3338580 1001
1453200547624 3116 51.0579992926187 3.72792800081675 2836192 1000
1453200548623 4115 51.0580052552465 3.72789325171012 2810580 999
1453200549623 5115 51.0580104633623 3.72786403078264 2268064 1000
1453200550624 6116 51.058008169689 3.72784257588528 1680228 1001
1453200551623 7115 51.0580089844473 3.7278066711161 4045168 999
1453200552623 8115 51.0580017598698 3.72778342804173 3073620 1000
1453200553623 9115 51.0579974461923 3.72776675486575 1785544 1000
1453200554623 10115 51.0579980943645 3.72773665443739 1531904 1000
1453200555623 11115 51.0579892191262 3.72771582109413 3627008 1000
1453200556623 12115 51.0579864774925 3.72768590365178 4696872 1000
1453200557623 13115 51.057985319789 3.72765357013401 3465708 1000
1453200558624 14116 51.0579834289082 3.72762393524885 3675996 1001
1453200559624 15116 51.0579849010634 3.72759498802767 2697348 1000
1453200560624 16116 51.0579878316827 3.72756900404342 3444140 1000
1453200561623 17115 51.0579852248002 3.72755191030822 3125572 999
1453200562623 18115 51.0579811284521 3.72753526619505 3517180 1000
1453200563623 19115 51.0579729026613 3.72751707091821 3339888 1000
1453200564623 20115 51.0579653158801 3.7274975854805 3538448 1000
1453200565624 21116 51.057958598763 3.72747753210707 2717568 1001
1453200566623 22115 51.0579497088727 3.72745587721108 2919924 999
1453200567623 23115 51.0579402372685 3.72743379406622 3722748 1000
1453200568623 24115 51.057936572895 3.72740304692905 2879452 1000
1453200569623 25115 51.0579385623043 3.72737162295527 4398848 1000
1453200570623 26115 51.0579427793402 3.72734006950746 3522804 1000
1453200571623 27115 51.0579323748221 3.72731322248585 3973744 1000
1453200572624 28116 51.0579417252288 3.72729081350405 3559572 1001
1453200573623 29115 51.05794383107 3.72726446092625 2794200 999
1453200574623 30115 51.0579332689075 3.72724708737423 2686768 1000
1453200575623 31115 51.057925868849 3.7272193281259 3165104 1000
1453200576624 32116 51.0579213349655 3.72719573885607 3097704 1001
1453200577624 33116 51.0579143699657 3.72718286739832 2729468 1000
1453200578623 34115 51.0579024758975 3.72716604480901 2906520 999
1453200579623 35115 51.0578917256345 3.72715672059446 2238620 1000
1453200580623 36115 51.0578870474706 3.72714425948808 2310880 1000
1453200581623 37115 51.0578870474706 3.72714425948808 2516716 1000
1453200582624 38116 51.0578870474706 3.72714425948808 3303948 1001
1453200583623 39115 51.0578866270611 3.72711694385139 4585896 999
1453200584623 40115 51.057886635356 3.72709985357088 4396476 1000
1453200585623 41115 51.0578824254062 3.72708167543579 4774572 1000
1453200586623 42115 51.0578787165585 3.72706686823681 5778584 1000
1453200587623 43115 51.0578729413153 3.72705257058701 5213172 1000
1453200588623 44115 51.0578920403842 3.72702131236952 4391296 1000
1453200589624 45116 51.0578890566121 3.72699419861461 3989504 1001
1453200590623 46115 51.0578754547508 3.7269714265565 6758400 999
1453200591624 47116 51.0578649260608 3.72694771901959 6506496 1001
1453200592623 48115 51.0578584760877 3.72692400633638 6899712 999
1453200593624 49116 51.0578506595832 3.726897970878 4534272 1001
1453200594623 50115 51.057843653844 3.72687491324665 2738176 999
1453200595623 51115 51.0578389484826 3.72685517391566 3399680 1000
1453200596623 52115 51.0578344339944 3.7268397137204 6723584 1000
1453200597623 53115 51.0578303998771 3.72682542854413 6688768 1000
1453200598623 54115 51.0578239677968 3.72680599811209 4041776 1000
1453200599624 55116 51.0578059180521 3.72679369246645 4485120 1001
1453200600623 56115 51.0577853292939 3.72678428459862 5588228 999
1453200601624 57116 51.057765803361 3.72675644305826 4205240 1001
1453200602623 58115 51.0577469062584 3.72673536722956 4339244 999
1453200603623 59115 51.0577326522177 3.72671854553621 4099800 1000
1453200604623 60115 51.0577273747775 3.72670493760388 4145152 1000
1453200605623 61115 51.0577273747775 3.72670493760388 4473656 1000
1453200606624 62116 51.0577185009536 3.72667534179674 3758224 1001
1453200607623 63115 51.0577074708693 3.72662562614988 3762660 999
1453200608624 64116 51.0577036816417 3.72660263839679 3963668 1001
1453200609623 65115 51.0577070909509 3.72658257428901 3977708 999
1453200610623 66115 51.057709816066 3.72656190266946 3679016 1000
1453200611623 67115 51.0577066272549 3.72654014150624 3673780 1000
1453200612623 68115 51.0577066272549 3.72654014150624 2784812 1000
1453200613623 69115 51.0577026737704 3.72651851148378 1482752 1000
1453200614623 70115 51.0576955383676 3.7264994626856 4993740 1000
1453200615623 71115 51.0576891955721 3.7264792170779 3730668 1000
1453200616624 72116 51.0576784595714 3.72646349446143 758172 1001
1453200617623 73115 51.0576691446509 3.72644596028961 5819008 999
1453200618624 74116 51.0576618540487 3.72642718966175 3985052 1001
1453200619623 75115 51.0576529695515 3.72641041077886 3873396 999
1453200620623 76115 51.0576467827401 3.7263923957353 3732612 1000
1453200621623 77115 51.0576506998876 3.72637353254784 4498924 1000
1453200622624 78116 51.0576478072642 3.72635221327692 4267768 1001
1453200623624 79116 51.0576392937243 3.72633187928417 4045348 1000
1453200624623 80115 51.057622354924 3.72630915491625 5047716 999
1453200625624 81116 51.0576069771096 3.72628698162806 4364824 1001
1453200626624 82116 51.0575947376524 3.72626385595588 3848908 1000
1453200627623 83115 51.0575714169805 3.72624133677627 3887164 999
1453200628624 84116 51.0575487307094 3.72621815210772 4045072 1001
1453200629623 85115 51.0575301923203 3.72619434129773 4651008 999
1453200630623 86115 51.0575122902604 3.72616926378208 6803456 1000
1453200631623 87115 51.0574961174297 3.7261512528616 5885372 1000
1453200632623 88115 51.0574798673343 3.72613545928349 5476788 1000
1453200633624 89116 51.05746364481 3.72611966985825 3554780 1001
1453200634624 90116 51.05746364481 3.72611966985825 2831360 1000
1453200635623 91115 51.0574433620351 3.7260955778117 4480088 999
1453200636623 92115 51.0574334390707 3.7260821270962 3670068 1000
1453200637624 93116 51.0574251833535 3.72606904090027 4201968 1001
1453200638623 94115 51.0574187526521 3.72605793543648 5382812 999
1453200639623 95115 51.0574187526521 3.72605793543648 4161536 1000
1453200640623 96115 51.057401595229 3.72602519418628 6977536 1000
1453200641623 97115 51.057386623884 3.72598647985866 5618424 1000
1453200642623 98115 51.057386623884 3.72598647985866 4556912 1000
1453200643623 99115 51.0573717600008 3.72595358818948 3566824 1000
1453200644623 100115 51.0573717600008 3.72595358818948 1439256 1000
1453200645623 101115 51.0573632763747 3.72594621590017 6499140 1000
1453200646623 102115 51.0573376871181 3.72594490521765 3705168 1000
1453200647624 103116 51.0573376871181 3.72594490521765 3686496 1001
1453200648623 104115 51.0572997813372 3.72592759543987 4238048 999
1453200649623 105115 51.0572997813372 3.72592759543987 3931064 1000
1453200650623 106115 51.0572721990826 3.72592195043904 4316296 1000
1453200651624 107116 51.0572532754757 3.72591161352192 3519628 1001
1453200652624 108116 51.0572328858956 3.72588922437887 4348784 1000
1453200653623 109115 51.0572123096828 3.72588269335283 4696768 999
1453200654624 110116 51.0571875496592 3.72586321725502 1103872 1001
1453200655623 111115 51.0571595142252 3.72586732196723 4562944 999
1453200656623 112115 51.0571383113386 3.72587843396798 6516736 1000
1453200657624 113116 51.0571158480231 3.72589084149791 6872496 1001
1453200658624 114116 51.0570944253849 3.72589950145967 5424100 1000
1453200659623 115115 51.0570770127662 3.72590593492861 3495936 999
1453200660623 116115 51.0570605977099 3.72590583854296 5202068 1000
1453200661625 117117 51.0570479327832 3.72590692854489 5582520 1002
1453200662624 118116 51.0570346619862 3.72590716394437 5803036 999
1453200663623 119115 51.0570208752704 3.72590713988968 5473556 999
1453200664623 120115 51.0570055116462 3.72589942308026 5059716 1000
1453200665624 121116 51.0569913732238 3.72589320587023 5286856 1001
1453200666623 122115 51.0569782166036 3.72588863846349 5675080 999
1453200667623 123115 51.0569629044994 3.72588524725729 5874444 1000
1453200668623 124115 51.0569514793504 3.72588729074746 5907192 1000
1453200669623 125115 51.0569514793504 3.72588729074746 3538944 1000
1453200670623 126115 51.0569265985493 3.72589055547191 4805284 1000
1453200671624 127116 51.056913760173 3.72589109877818 5170136 1001
1453200672624 128116 51.0569026160142 3.72589023574434 6904612 1000
1453200673624 129116 51.0568904379625 3.72589181084885 3835952 1000
1453200674623 130115 51.0568904379625 3.72589181084885 3690316 999
1453200675623 131115 51.0568602852292 3.72589226812266 6688768 1000
1453200676623 132115 51.0568443875706 3.72589026289695 4686332 1000
1453200677623 133115 51.0568326223677 3.72589026514495 2702740 1000
1453200678623 134115 51.0568222357682 3.72588714043981 4076148 1000
1453200679623 135115 51.0568222357682 3.72588714043981 4873532 1000
1453200680623 136115 51.0568025791482 3.72587263284726 4582516 1000
1453200681623 137115 51.0567928024118 3.72586316324267 4346148 1000
1453200682623 138115 51.0567928024118 3.72586316324267 4089928 1000
1453200683623 139115 51.0567758577258 3.72585065429037 4387356 1000
1453200684623 140115 51.0567629190492 3.72584745206977 5033984 1000
1453200685623 141115 51.05675332538 3.72584570457096 4814848 1000
1453200686624 142116 51.0567399492465 3.72584553973463 7049216 1001
1453200687623 143115 51.0567233650698 3.72584605711922 7106520 999
1453200688623 144115 51.0567055249087 3.7258464685677 5033044 1000
1453200689623 145115 51.0566860179474 3.7258456674849 3533860 1000
1453200690623 146115 51.0566669367032 3.72584484890112 5259264 1000
1453200691624 147116 51.0566524121643 3.72584468364429 6672384 1001
1453200692623 148115 51.056641046303 3.72584748696074 7035752 999
1453200693624 149116 51.0566294959128 3.72585621680959 5850660 1001
1453200694623 150115 51.0566164192222 3.72586628105413 4790272 999
1453200695624 151116 51.0566026236062 3.72588091871509 4624384 1001
1453200696623 152115 51.0565916789183 3.72589302379274 5935976 999
1453200697623 153115 51.0565916789183 3.72589302379274 6345568 1000
1453200698623 154115 51.0565834158435 3.72591707692464 4450700 1000
1453200699623 155115 51.0565767588052 3.72592948532541 4428304 1000
1453200700623 156115 51.0565699737066 3.72594148780165 5642240 1000
1453200701623 157115 51.056560120355 3.72595309131879 6492904 1000
1453200702624 158116 51.0565466724826 3.72596193909936 5594904 1001
1453200703623 159115 51.056528255339 3.72596863591931 6552244 999
1453200704624 160116 51.0565094862997 3.72596434016451 4858600 1001
1453200705623 161115 51.0564919673801 3.72595756338781 4464640 999
1453200706623 162115 51.0564756524642 3.72595339174037 6705152 1000
1453200707623 163115 51.056459357394 3.72594736392573 7049216 1000
1453200708624 164116 51.0564440481751 3.72594411544341 7168000 1001
1453200709623 165115 51.0564440481751 3.72594411544341 4079616 999
1453200710624 166116 51.0564313123574 3.72595371004626 3768320 1001
1453200711623 167115 51.0564224504132 3.72596141610839 7143424 999
1453200712624 168116 51.0564118079392 3.72596172585543 6767704 1001
1453200713623 169115 51.0564016368013 3.7259733548066 4870132 999
1453200714623 170115 51.056393769583 3.72598346052615 5005312 1000
1453200715624 171116 51.056393769583 3.72598346052615 4775936 1001
1453200716623 172115 51.0563694043712 3.72598418064401 5863980 999
1453200717623 173115 51.0563554932988 3.72597086623431 4941228 1000
1453200718624 174116 51.0563404902961 3.72594973597455 6674432 1001
1453200719623 175115 51.0563285562768 3.72592846243478 3780608 999
1453200720623 176115 51.0563152110089 3.72591038786583 4390912 1000
1453200721623 177115 51.0563039356223 3.72589147944172 7473152 1000
1453200722623 178115 51.0562927188121 3.72587184468572 7088128 1000
1453200723623 179115 51.0562834660496 3.72585460234085 7063552 1000
1453200724623 180115 51.0562723634086 3.72584147108171 4751360 1000
1453200725624 181116 51.0562659625737 3.72583062237045 3577856 1001
1453200726623 182115 51.0562566693343 3.72581909804249 6635520 999
1453200727624 183116 51.0562396391103 3.72580360122901 6901760 1001
1453200728623 184115 51.0562219559117 3.72579222164454 6615040 999
1453200729623 185115 51.0562052782519 3.72577948574405 4472832 1000
1453200730623 186115 51.0561866702204 3.72576390190145 724992 1000
1453200731623 187115 51.056169844592 3.72575431272587 3915776 1000
1453200732623 188115 51.0561523300973 3.72574340286251 6942720 1000
1453200733623 189115 51.056136752936 3.72573397273379 6948864 1000
1453200734623 190115 51.0561286936761 3.72571556734805 4597760 1000
1453200735624 191116 51.0561145487569 3.72569889738184 5492736 1001
1453200736623 192115 51.0561003584154 3.72568349245663 6825984 999
1453200737623 193115 51.0560860894199 3.72566801082919 7358464 1000
1453200738623 194115 51.0560732846322 3.72565281238048 6918144 1000
1453200739624 195116 51.0560597884156 3.72563990389874 4554752 1001
1453200740623 196115 51.0560425660124 3.72562615593627 4993024 999
1453200741624 197116 51.0560270936055 3.72561222662096 6557696 1001
1453200742623 198115 51.0560123043474 3.72560053389287 7352320 999
1453200743623 199115 51.0559983627561 3.72558498277652 6852608 1000
1453200744623 200115 51.0559852861456 3.72556668101714 4337664 1000
1453200745624 201116 51.0559740206107 3.72554980750828 3780608 1001
1453200746624 202116 51.055952842535 3.7255446430587 6936576 1000
1453200747623 203115 51.055934402419 3.72553893786874 6862848 999
1453200748623 204115 51.0559223424194 3.7255258341933 6983680 1000
1453200749624 205116 51.0559132330195 3.72551365548981 5644288 1001
1453200750624 206116 51.0559132330195 3.72551365548981 4235264 1000
1453200751623 207115 51.0558990591423 3.72548400431062 6406144 999
1453200752623 208115 51.0558877683146 3.72547047990973 7151616 1000
1453200753624 209116 51.0558779229026 3.72545481075574 7288832 1001
1453200754623 210115 51.0558712586435 3.72544096887007 4532224 999
1453200755624 211116 51.0558656235482 3.72542720583561 4362240 1001
1453200756623 212115 51.0558622549756 3.72541382436067 6733824 999
1453200757623 213115 51.0558619011071 3.72539882862547 7235584 1000
1453200758623 214115 51.0558619011071 3.72539882862547 7043072 1000
1453200759623 215115 51.0558619011071 3.72539882862547 5992448 1000
1453200760623 216115 51.0558506217057 3.72539795038114 4562944 1000
1453200761623 217115 51.0558506217057 3.72539795038114 5505024 1000
1453200762623 218115 51.0558407220162 3.72541311128272 7127040 1000
1453200763623 219115 51.0558407220162 3.72541311128272 6887424 1000
1453200764623 220115 51.0558291181255 3.72543575227726 5228544 1000
1453200765623 221115 51.0558291181255 3.72543575227726 4112384 1000
1453200766624 222116 51.0558243875711 3.72545430305439 6225920 1001
1453200767623 223115 51.0558183650536 3.72546978295221 7159808 999
1453200768623 224115 51.0558102141235 3.72548524002828 6950912 1000
1453200769623 225115 51.0558003646723 3.72550557375568 5529600 1000
1453200770624 226116 51.0557901474238 3.72552393414433 4239360 1001
1453200771623 227115 51.0557773620021 3.72554323196165 6225920 999
1453200772623 228115 51.0557690627386 3.72556512904179 7258112 1000
1453200773623 229115 51.0557624874828 3.72558410869809 6877184 1000
1453200774623 230115 51.05575295992 3.72559916029433 5726208 1000
1453200775623 231115 51.05575295992 3.72559916029433 4341760 1000
1453200776623 232115 51.0557346879789 3.7256242619641 5341184 1000
1453200777623 233115 51.0557254347216 3.72563578125041 7012352 1000
1453200778623 234115 51.055707628994 3.72565065610918 7081984 1000
1453200779624 235116 51.055707628994 3.72565065610918 6748160 1001
1453200780624 236116 51.0556906839518 3.72565848914124 3588096 1000
1453200781623 237115 51.0556644203575 3.72563616693242 5730304 999
1453200782624 238116 51.0556549281738 3.72562058113971 7247872 1001
1453200783623 239115 51.0556441231169 3.72561182887549 7653376 999
1453200784623 240115 51.0556441231169 3.72561182887549 5822464 1000
1453200785624 241116 51.0556441231169 3.72561182887549 3895296 1001
1453200786623 242115 51.0556617241929 3.72564010674304 5820416 999
1453200787623 243115 51.0556605227122 3.72565864926252 6918144 1000
1453200788623 244115 51.055658904076 3.72568787870934 6801408 1000
1453200789623 245115 51.055658904076 3.72568787870934 5511168 1000
1453200790624 246116 51.0556406092731 3.72570136108344 1832960 1001
1453200791624 247116 51.0556406092731 3.72570136108344 3098624 1000
1453200792624 248116 51.0555911614094 3.72573935128805 6242304 1000
1453200793623 249115 51.055575546363 3.72575459696483 7086080 999
1453200794624 250116 51.055575546363 3.72575459696483 6492160 1001
1453200795623 251115 51.0555749988019 3.72578215602402 3964928 999
1453200796623 252115 51.0555628748122 3.7258167188543 4900864 1000
1453200797623 253115 51.0555518902611 3.72584300233411 6250496 1000
1453200798624 254116 51.055538243505 3.72586663872808 4327424 1001
1453200799623 255115 51.055538243505 3.72586663872808 3317760 999
1453200800623 256115 51.0555199492974 3.72588076056803 3495936 1000
1453200801623 257115 51.0554823888527 3.72592440129627 4415488 1000
1453200802623 258115 51.0554773630195 3.72594733993104 6846464 1000
1453200803623 259115 51.0554664309058 3.7259684555217 6973440 1000
1453200804623 260115 51.0554493748915 3.72597908372744 5926912 1000
1453200805623 261115 51.0554385900827 3.725993808431 4210688 1000
1453200806623 262115 51.0554292429397 3.72601121131162 5445632 1000
1453200807623 263115 51.0554206503053 3.72603040395918 6823936 1000
1453200808624 264116 51.0554402085391 3.72606245413644 7053312 1001
1453200809623 265115 51.0554601108202 3.72609564429608 6502400 999
1453200810623 266115 51.0554646193167 3.72612638864017 3833140 1000
1453200811623 267115 51.0554611704622 3.72616173676422 4620288 1000
1453200812624 268116 51.0554544818813 3.72618574918592 7098368 1001
1453200813623 269115 51.0554475484784 3.72620218390602 5330524 999
1453200814624 270116 51.0554401568912 3.72622024644127 4945420 1001
1453200815623 271115 51.0554321931111 3.72624519130751 3300988 999
1453200816624 272116 51.0554495177647 3.72628676073934 5615848 1001
1453200817623 273115 51.0554521334314 3.72631806598914 5406036 999
1453200818623 274115 51.0554575834146 3.72634407751381 4590468 1000
1453200819623 275115 51.0554572310139 3.72636720444897 4260592 1000
1453200820623 276115 51.0554512501616 3.72638826511655 3715072 1000
1453200821624 277116 51.0554411457037 3.72640787935756 5117000 1001
1453200822623 278115 51.0554304287086 3.72645059308985 3883560 999
1453200823623 279115 51.0554290560954 3.72647478999266 2891460 1000
1453200824623 280115 51.0554202924379 3.72649231003588 3026260 1000
1453200825623 281115 51.0554113613646 3.72650510540648 3221720 1000
1453200826623 282115 51.0553972877789 3.72651755101801 2768792 1000
1453200827623 283115 51.0553853556805 3.72653389764519 2062524 1000
1453200828623 284115 51.0553838397164 3.72655597412966 3121660 1000
1453200829623 285115 51.0553831651069 3.72658307737432 3328436 1000
1453200830624 286116 51.0553831651069 3.72658307737432 1450448 1001
1453200831623 287115 51.0553756414286 3.72662389269634 2884720 999
1453200832623 288115 51.0553756414286 3.72662389269634 857328 1000
1453200833623 289115 51.0553764560414 3.72664296364233 4374924 1000
1453200834623 290115 51.0553764560414 3.72664296364233 4348232 1000
1453200835624 291116 51.0553618185095 3.7266727603991 4501504 1001
1453200836623 292115 51.0553601424591 3.72669548660465 5171424 999
1453200837624 293116 51.0553671266956 3.72671641851822 4305984 1001
1453200838624 294116 51.0553754836293 3.72673634256935 5436332 1000
1453200839623 295115 51.0553801187975 3.72675834539105 5553512 999
1453200840624 296116 51.055382686535 3.72677682216207 3409920 1001
1453200841624 297116 51.0553917796404 3.72679478350765 5273600 1000
1453200842623 298115 51.0553984120394 3.72681179563313 7245824 999
1453200843623 299115 51.0554056868997 3.7268275361388 5755004 1000
1453200844623 300115 51.0554099606195 3.72684046242954 4836116 1000
1453200845623 301115 51.0554099606195 3.72684046242954 4313120 1000
1453200846623 302115 51.0554184278905 3.7268599108191 4468736 1000
1453200847623 303115 51.0554291205492 3.72687165909803 6041476 1000
1453200848624 304116 51.0554291205492 3.72687165909803 6605212 1001
1453200849623 305115 51.0554329880471 3.72690036465197 6652412 999
1453200850623 306115 51.0554350835563 3.72691642998274 4493252 1000
1453200851623 307115 51.0554350835563 3.72691642998274 3948544 1000
1453200852623 308115 51.0554340793436 3.72693823091778 6686720 1000
1453200853623 309115 51.055438869827 3.72695363323461 6930432 1000
1453200854623 310115 51.0554450373491 3.72697133009 6758400 1000
1453200855623 311115 51.0554492019827 3.72698455319334 4628480 1000
1453200856624 312116 51.0554536094461 3.72699994103999 3936256 1001
1453200857623 313115 51.0554594697454 3.72701794840007 6895616 999
1453200858624 314116 51.0554628127061 3.72703502932521 6629376 1001
1453200859623 315115 51.0554628127061 3.72703502932521 7254016 999
1453200860624 316116 51.0554695831855 3.72705599949215 2816000 1001
1453200861623 317115 51.0554695831855 3.72705599949215 2680832 999
1453200862623 318115 51.0554796596855 3.72708002198045 4503552 1000
1453200863624 319116 51.0554867194287 3.72709287726669 7198720 1001
1453200864623 320115 51.0554952403799 3.72710694745956 7249920 999
1453200865623 321115 51.0555027949606 3.72712442603792 4734976 1000
1453200866624 322116 51.0555133383488 3.72714289643355 5046272 1001
1453200867623 323115 51.0555223427156 3.7271605069445 7186432 999
1453200868623 324115 51.055535642632 3.7271736668994 7233536 1000
1453200869623 325115 51.0555494848037 3.72718445379436 7051264 1000
1453200870623 326115 51.0555625976001 3.72719874716431 5107712 1000
1453200871624 327116 51.0555718172287 3.72722713539896 4001792 1001
1453200872623 328115 51.0555807209968 3.72724937123995 5742592 999
1453200873623 329115 51.0555851517418 3.72726300526733 7299072 1000
1453200874623 330115 51.0555890335926 3.72727751511144 7127040 1000
1453200875623 331115 51.055599573416 3.72726648170693 4882432 1000
1453200876623 332115 51.0556247272268 3.72724271912348 3952640 1000
1453200877623 333115 51.0556523620429 3.72721792013305 5476352 1000
1453200878623 334115 51.055688034118 3.72719019910343 6692864 1000
1453200879623 335115 51.0557197520634 3.72716797960998 6950912 1000
1453200880623 336115 51.055749458478 3.7271470314998 5566464 1000
1453200881623 337115 51.0557685175531 3.727127189423 4106240 1000
1453200882623 338115 51.0557853264439 3.72711015537588 5810176 1000
1453200883624 339116 51.0557963694247 3.72709891155711 7143424 1001
1453200884623 340115 51.0557998190069 3.72708213975838 6721536 999
1453200885624 341116 51.0558078322957 3.72706612179762 4943872 1001
1453200886623 342115 51.0558200535858 3.72705702820061 3727360 999
1453200887624 343116 51.0558200535858 3.72705702820061 6692864 1001
1453200888623 344115 51.0558200535858 3.72705702820061 6940672 999
1453200889623 345115 51.0558200535858 3.72705702820061 6946816 1000
1453200890623 346115 51.0558210234403 3.72703367452872 4657152 1000
1453200891623 347115 51.0558210234403 3.72703367452872 4239360 1000
1453200892624 348116 51.0558203293029 3.72700239667978 5644288 1001
1453200893623 349115 51.0558318416221 3.72699377362369 6682624 999
1453200894624 350116 51.0558443448873 3.72697714258847 6811648 1001
1453200895623 351115 51.0558560366172 3.72697083922056 5472256 999
1453200896624 352116 51.0558560366172 3.72697083922056 3989504 1001
1453200897623 353115 51.0559008052014 3.7269585048511 5550080 999
1453200898624 354116 51.0559115839283 3.72694501270141 6205440 1001
1453200899623 355115 51.0559286921366 3.72693863447146 6914048 999
1453200900624 356116 51.0559498524625 3.72693547686529 5101568 1001
1453200901624 357116 51.0559668778713 3.72692714862779 3680256 1000
1453200902623 358115 51.0559804028388 3.72691921096702 6647808 999
1453200903624 359116 51.0559804028388 3.72691921096702 6434816 1001
1453200904623 360115 51.0559953565994 3.72689213015841 6866944 999
1453200905624 361116 51.0559977835047 3.72687466069071 5244928 1001
1453200906624 362116 51.0560053130411 3.72685653914193 3694592 1000
1453200907624 363116 51.0560160155755 3.72683095421364 6582272 1000
1453200908624 364116 51.0560294463857 3.7268085319418 6801408 1000
1453200909623 365115 51.0560406614191 3.72679113913082 7020544 999
1453200910623 366115 51.0560522879173 3.72677112671696 6010880 1000
1453200911623 367115 51.0560736427476 3.72675006441857 4657152 1000
1453200912623 368115 51.056091689952 3.72672584302739 4382720 1000
1453200913623 369115 51.056107449352 3.72670270176772 6905856 1000
1453200914623 370115 51.0561234727562 3.7266855643086 4781452 1000
1453200915623 371115 51.0561342449948 3.72665348630072 4303908 1000
1453200916623 372115 51.056143205275 3.72662129372713 4635952 1000
1453200917624 373116 51.0561492850959 3.72659151815872 4899132 1001
1453200918624 374116 51.0561583075303 3.7265668515223 5385360 1000
1453200919624 375116 51.0561654241644 3.72654183713044 5594924 1000
1453200920623 376115 51.0561740804964 3.72651987438798 5102864 999
1453200921623 377115 51.0561811959503 3.72649886960155 3956736 1000
1453200922623 378115 51.0561850571951 3.72647746218529 6131712 1000
1453200923624 379116 51.0561799527568 3.72645213714004 6719488 1001
1453200924624 380116 51.0561843654348 3.7264313405994 3666960 1000
1453200925624 381116 51.0561888830656 3.72640726813878 5067580 1000
1453200926623 382115 51.0561888830656 3.72640726813878 3721216 999
1453200927623 383115 51.0562010731941 3.72637890501732 6248448 1000
1453200928623 384115 51.0562109381225 3.72636309819186 6586368 1000
1453200929623 385115 51.0562278410176 3.72635212861137 7024640 1000
1453200930623 386115 51.0562278410176 3.72635212861137 6787072 1000
1453200931623 387115 51.0562388953113 3.72634456809889 3973120 1000
1453200932624 388116 51.056253661333 3.72631007067027 880640 1001
1453200933623 389115 51.0562628012165 3.72629521825297 4429824 999
1453200934623 390115 51.0562662324386 3.72626957293663 6588416 1000
1453200935623 391115 51.0562752595077 3.72624613693012 6729728 1000
1453200936624 392116 51.0562787669387 3.72622658506921 4501504 1001
1453200937623 393115 51.056272324261 3.72621406102931 3831208 999
1453200938623 394115 51.056272324261 3.72621406102931 2763632 1000
1453200939624 395116 51.056272324261 3.72621406102931 214332 1001
1453200940624 396116 51.0562874338175 3.72623156884025 4331824 1000
1453200941623 397115 51.0563000840526 3.72624004585319 3276288 999
1453200942624 398116 51.056314506141 3.72625286838399 2696000 1001
1453200943623 399115 51.0563241587276 3.72627612591692 3373844 999
1453200944623 400115 51.0563378933657 3.7262842122298 4983756 1000
1453200945623 401115 51.0563501134508 3.72629573889217 4168716 1000
1453200946623 402115 51.0563625113606 3.72630405525403 4280320 1000
1453200947623 403115 51.0563728139221 3.72632005112269 6529024 1000
1453200948623 404115 51.0563728139221 3.72632005112269 5441444 1000
1453200949623 405115 51.0563929600341 3.72633336949223 3675708 1000
1453200950623 406115 51.0564076743879 3.72635752531214 5906336 1000
1453200951624 407116 51.0564162548543 3.72638640282037 3808976 1001
1453200952623 408115 51.056418938509 3.72641325244343 4726784 999
1453200953623 409115 51.0564260164265 3.72642534270974 6934528 1000
1453200954623 410115 51.0564473877365 3.72645461061373 6758400 1000
1453200955623 411115 51.0564724617707 3.72649255872744 6529024 1000
1453200956623 412115 51.056487542971 3.72652046582214 3407872 1000
1453200957623 413115 51.0565049377493 3.72654171161745 4902912 1000
1453200958623 414115 51.0565188744666 3.72656089319093 7530496 1000
1453200959623 415115 51.0565235370232 3.7265834440792 7524352 1000
1453200960623 416115 51.0565295106397 3.72660605298568 6232064 1000
1453200961624 417116 51.0565382412599 3.72663004974354 4126720 1001
1453200962624 418116 51.0565456807656 3.72665231334807 3371008 1000
1453200963623 419115 51.0565519221265 3.72667354796501 6828032 999
1453200964623 420115 51.05656239786 3.72669381198486 6942720 1000
1453200965623 421115 51.0565669354103 3.72671362924213 7671808 1000
