1453111627290 539 51.053337782164 3.72225916752633 403052 539
1453111628290 1539 51.053337782164 3.72225916752633 532460 1000
1453111629290 2539 51.053337782164 3.72225916752633 0 1000
1453111630290 3539 51.053337782164 3.72225916752633 459668 1000
1453111631291 4540 51.053337782164 3.72225916752633 5969644 1001
1453111632290 5539 51.053337782164 3.72225916752633 7788564 999
1453111633291 6540 51.053337782164 3.72225916752633 6908628 1001
1453111634290 7539 51.053337782164 3.72225916752633 7205840 999
1453111635291 8540 51.053337782164 3.72225916752633 7855988 1001
1453111636290 9539 51.053337782164 3.72225916752633 7786072 999
1453111637290 10539 51.053337782164 3.72225916752633 7307508 1000
1453111638290 11539 51.053337782164 3.72225916752633 7529928 1000
1453111639290 12539 51.053337782164 3.72225916752633 7825140 1000
1453111640290 13539 51.053337782164 3.72225916752633 5950072 1000
1453111641290 14539 51.053337782164 3.72225916752633 8535536 1000
1453111642290 15539 51.053337782164 3.72225916752633 7949364 1000
1453111643290 16539 51.053337782164 3.72225916752633 7823948 1000
1453111644290 17539 51.053337782164 3.72225916752633 8018888 1000
1453111645290 18539 51.053337782164 3.72225916752633 6584852 1000
1453111646291 19540 51.053337782164 3.72225916752633 6780076 1001
1453111647290 20539 51.053337782164 3.72225916752633 7249440 999
1453111648290 21539 51.053337782164 3.72225916752633 7468464 1000
1453111649290 22539 51.053337782164 3.72225916752633 5815272 1000
1453111650290 23539 51.0533175809516 3.72226791707537 8585568 1000
1453111651290 24539 51.0533175809516 3.72226791707537 7596472 1000
1453111652290 25539 51.0533210335595 3.72224559443623 7648552 1000
1453111653290 26539 51.0533210335595 3.72224559443623 7403424 1000
1453111654290 27539 51.0533329988779 3.7222289102809 7047136 1000
1453111655291 28540 51.0533329988779 3.7222289102809 6837056 1001
1453111656290 29539 51.0533440854113 3.72221068299799 7105308 999
1453111657290 30539 51.0533440854113 3.72221068299799 6932764 1000
1453111658290 31539 51.0533440854113 3.72221068299799 7457136 1000
1453111659291 32540 51.0533440854113 3.72221068299799 7486792 1001
1453111660290 33539 51.0533440854113 3.72221068299799 7503668 999
1453111661291 34540 51.0533440854113 3.72221068299799 6680636 1001
1453111662290 35539 51.0533440854113 3.72221068299799 8756012 999
1453111663291 36540 51.0533440854113 3.72221068299799 7653532 1001
1453111664291 37540 51.0533440854113 3.72221068299799 7466880 1000
1453111665290 38539 51.0533440854113 3.72221068299799 7446352 999
1453111666290 39539 51.0533440854113 3.72221068299799 7444228 1000
1453111667290 40539 51.0533440854113 3.72221068299799 7357384 1000
1453111668291 41540 51.0533440854113 3.72221068299799 7126876 1001
1453111669290 42539 51.0533440854113 3.72221068299799 6421484 999
1453111670291 43540 51.0533440854113 3.72221068299799 6301016 1001
1453111671290 44539 51.0533440854113 3.72221068299799 7403216 999
1453111672291 45540 51.0533440854113 3.72221068299799 7186708 1001
1453111673290 46539 51.0533440854113 3.72221068299799 6809576 999
1453111674290 47539 51.0533440854113 3.72221068299799 7034100 1000
1453111675290 48539 51.0533440854113 3.72221068299799 7328840 1000
1453111676290 49539 51.0533440854113 3.72221068299799 7055432 1000
1453111677290 50539 51.0533440854113 3.72221068299799 6649684 1000
1453111678290 51539 51.0533440854113 3.72221068299799 7066376 1000
1453111679290 52539 51.0533440854113 3.72221068299799 6974560 1000
1453111680290 53539 51.0533440854113 3.72221068299799 7667256 1000
1453111681290 54539 51.0533440854113 3.72221068299799 7800876 1000
1453111682291 55540 51.0533440854113 3.72221068299799 5080008 1001
1453111683290 56539 51.0533440854113 3.72221068299799 3522560 999
1453111684290 57539 51.0533440854113 3.72221068299799 7004160 1000
1453111685291 58540 51.0533440854113 3.72221068299799 8153088 1001
1453111686291 59540 51.0533440854113 3.72221068299799 7950336 1000
1453111687290 60539 51.0533440854113 3.72221068299799 5586944 999
1453111688290 61539 51.0533440854113 3.72221068299799 3907584 1000
1453111689290 62539 51.0533440854113 3.72221068299799 1036288 1000
1453111690291 63540 51.0533440854113 3.72221068299799 6725632 1001
1453111691291 64540 51.0533440854113 3.72221068299799 8329216 1000
1453111692290 65539 51.0533440854113 3.72221068299799 5515264 999
1453111693290 66539 51.0533440854113 3.72221068299799 3858432 1000
1453111694290 67539 51.0533440854113 3.72221068299799 7622656 1000
1453111695290 68539 51.0533440854113 3.72221068299799 8167424 1000
1453111696291 69540 51.0533440854113 3.72221068299799 8357888 1001
1453111697290 70539 51.0533440854113 3.72221068299799 5908480 999
1453111698290 71539 51.0533440854113 3.72221068299799 4374528 1000
1453111699291 72540 51.0533440854113 3.72221068299799 5892096 1001
1453111700291 73540 51.0533440854113 3.72221068299799 8062976 1000
1453111701290 74539 51.0533440854113 3.72221068299799 7177840 999
1453111702291 75540 51.0533440854113 3.72221068299799 3462080 1001
1453111703290 76539 51.0533440854113 3.72221068299799 3338944 999
1453111704290 77539 51.0533440854113 3.72221068299799 3162640 1000
1453111705290 78539 51.0533440854113 3.72221068299799 3047076 1000
1453111706290 79539 51.0533440854113 3.72221068299799 3461664 1000
1453111707290 80539 51.0533440854113 3.72221068299799 2985956 1000
1453111708290 81539 51.0533440854113 3.72221068299799 3731128 1000
1453111709291 82540 51.0533440854113 3.72221068299799 3451788 1001
1453111710290 83539 51.0533440854113 3.72221068299799 1255196 999
1453111711290 84539 51.0533440854113 3.72221068299799 4501852 1000
1453111712291 85540 51.0533440854113 3.72221068299799 3544228 1001
1453111713290 86539 51.0533440854113 3.72221068299799 6651904 999
1453111714290 87539 51.0533440854113 3.72221068299799 7743488 1000
1453111715290 88539 51.0533440854113 3.72221068299799 8079360 1000
1453111716290 89539 51.0533440854113 3.72221068299799 8206336 1000
1453111717290 90539 51.0533440854113 3.72221068299799 5711872 1000
1453111718291 91540 51.0533440854113 3.72221068299799 3141632 1001
1453111719291 92540 51.0533440854113 3.72221068299799 5742592 1000
1453111720291 93540 51.0533440854113 3.72221068299799 7671808 1000
1453111721290 94539 51.0533440854113 3.72221068299799 7991296 999
1453111722291 95540 51.0533473728785 3.72218864216414 6078464 1001
1453111723290 96539 51.0533473728785 3.72218864216414 3198976 999
1453111724290 97539 51.0533473728785 3.72218864216414 7120896 1000
1453111725290 98539 51.0533473728785 3.72218864216414 7845888 1000
1453111726291 99540 51.0533473728785 3.72218864216414 7569408 1001
1453111727291 100540 51.0533473728785 3.72218864216414 5840896 1000
1453111728290 101539 51.0533363493727 3.72216513722494 3796992 999
1453111729290 102539 51.0533307751896 3.72213787603762 6750208 1000
1453111730290 103539 51.0533192860728 3.72212423007368 7708672 1000
1453111731290 104539 51.0533095113794 3.72212156835659 8372224 1000
1453111732290 105539 51.0533095113794 3.72212156835659 5349376 1000
1453111733290 106539 51.0533095113794 3.72212156835659 3172352 1000
1453111734290 107539 51.0533095113794 3.72212156835659 6408192 1000
1453111735290 108539 51.0533095113794 3.72212156835659 7309312 1000
1453111736290 109539 51.0533095113794 3.72212156835659 7299072 1000
1453111737290 110539 51.0533095113794 3.72212156835659 5517312 1000
1453111738290 111539 51.0533095113794 3.72212156835659 3440640 1000
1453111739290 112539 51.0533002543224 3.72212492146777 4562944 1000
1453111740290 113539 51.0533002543224 3.72212492146777 6832128 1000
1453111741291 114540 51.0533002543224 3.72212492146777 7360512 1001
1453111742291 115540 51.0533002543224 3.72212492146777 5939200 1000
1453111743290 116539 51.0533002543224 3.72212492146777 4216832 999
1453111744290 117539 51.0533002543224 3.72212492146777 6821888 1000
1453111745290 118539 51.0533002543224 3.72212492146777 7344128 1000
1453111746290 119539 51.0533002543224 3.72212492146777 4491264 1000
1453111747291 120540 51.053281364 3.72214726899627 6410240 1001
1453111748290 121539 51.0532518275194 3.72213937842144 3033088 999
1453111749294 122543 51.0532268759762 3.7221256955511 3778560 1004
1453111750290 123539 51.0531889823356 3.72209841046591 6866944 996
1453111751290 124539 51.0531483034683 3.72205692722181 6013604 1000
1453111752290 125539 51.0530968355026 3.72201028345532 3374780 1000
1453111753290 126539 51.0530551310402 3.72198387624718 3407872 1000
1453111754290 127539 51.0530551310402 3.72198387624718 3516016 1000
1453111755290 128539 51.0530379386636 3.72196515143721 3345044 1000
1453111756291 129540 51.0529782290511 3.72194527185459 3136140 1001
1453111757290 130539 51.0529471853421 3.72194696162166 3237468 999
1453111758290 131539 51.0529129718639 3.72194563423836 823296 1000
1453111759290 132539 51.0529129718639 3.72194563423836 3350488 1000
1453111760290 133539 51.0528756829982 3.72194221147675 5124228 1000
1453111761291 134540 51.0528449945743 3.72194412703033 5020976 1001
1453111762290 135539 51.0528449945743 3.72194412703033 4670368 999
1453111763290 136539 51.0528141302315 3.72193865291696 4145152 1000
1453111764290 137539 51.0527238316819 3.72193475637433 6038640 1000
1453111765290 138539 51.0526877443132 3.7219225125137 5979152 1000
1453111766290 139539 51.0526527275756 3.72190683987928 7131868 1000
1453111767290 140539 51.0526168184724 3.72190104333719 6438252 1000
1453111768290 141539 51.0525809218654 3.72191086051197 3629056 1000
1453111769291 142540 51.0525444671318 3.72192498717042 6010880 1001
1453111770290 143539 51.0525045477507 3.72192170631832 7084032 999
1453111771290 144539 51.0524646829331 3.7219125942376 7294976 1000
1453111772290 145539 51.0524280276021 3.72190900322182 6862848 1000
1453111773290 146539 51.0523925319681 3.72189693645694 3057664 1000
1453111774290 147539 51.0523565831551 3.72188787717458 6172672 1000
1453111775290 148539 51.0523281999233 3.72186954130689 7442432 1000
1453111776290 149539 51.0522961174501 3.72184430211643 7587840 1000
1453111777291 150540 51.0522535147197 3.72183517502109 7299072 1001
1453111778290 151539 51.0522133983779 3.72181438773053 4231168 999
1453111779291 152540 51.0521752274497 3.72180027916009 4124672 1001
1453111780290 153539 51.0521752274497 3.72180027916009 7606272 999
1453111781290 154539 51.0520925310492 3.72175272336189 8499200 1000
1453111782290 155539 51.052037040664 3.72171355285582 7692288 1000
1453111783290 156539 51.0519730318389 3.72166625349454 3706880 1000
1453111784290 157539 51.0519067743129 3.72161693399345 4958208 1000
1453111785290 158539 51.0518384438453 3.72157312522377 7589888 1000
1453111786291 159540 51.0517676199337 3.72152782871073 8183808 1001
1453111787291 160540 51.0516971272837 3.72148407244271 7409664 1000
1453111788291 161540 51.051627424677 3.7214504033729 3592192 1000
1453111789290 162539 51.0515534217473 3.72142371721888 5285888 999
1453111790291 163540 51.0514823520673 3.72140322264129 7706624 1001
1453111791290 164539 51.051411743344 3.72139078639518 7774208 999
1453111792291 165540 51.0513509636182 3.7213833305973 7372800 1001
1453111793291 166540 51.0512879540898 3.72137607125608 2994176 1000
1453111794291 167540 51.0512227868592 3.72136362242134 5578752 1000
1453111795290 168539 51.051155201895 3.72134998344985 7364608 999
1453111796290 169539 51.0510893658078 3.72133458302582 8355840 1000
1453111797290 170539 51.0510257057414 3.72131996792922 7315456 1000
1453111798290 171539 51.0510257057414 3.72131996792922 4296704 1000
1453111799290 172539 51.050970963601 3.72131188968128 4012032 1000
1453111800291 173540 51.0508766617697 3.7212943868566 7245824 1001
1453111801291 174540 51.0508309495452 3.72128634145337 6711092 1000
1453111802290 175539 51.0507980875405 3.72128647477625 7273476 999
1453111803290 176539 51.05077082666 3.72128936934985 4407296 1000
1453111804290 177539 51.0507444868703 3.72128933643175 3780608 1000
1453111805290 178539 51.0507444868703 3.72128933643175 7501824 1000
1453111806291 179540 51.0507341417524 3.72127347550328 7329792 1001
1453111807290 180539 51.0507341417524 3.72127347550328 7458816 999
1453111808290 181539 51.0507258255189 3.72124559101269 4907008 1000
1453111809291 182540 51.0507258255189 3.72124559101269 4116480 1001
1453111810290 183539 51.0507192281332 3.72123565436793 6174720 999
1453111811290 184539 51.0507060788712 3.72123382239009 7145472 1000
1453111812290 185539 51.0507060788712 3.72123382239009 7184384 1000
1453111813290 186539 51.0507060788712 3.72123382239009 4368384 1000
1453111814290 187539 51.0507060788712 3.72123382239009 4487168 1000
1453111815290 188539 51.0507060788712 3.72123382239009 7022592 1000
1453111816290 189539 51.0507060788712 3.72123382239009 7061504 1000
1453111817290 190539 51.0507060788712 3.72123382239009 7360512 1000
1453111818291 191540 51.0507060788712 3.72123382239009 4673536 1001
1453111819290 192539 51.0507060788712 3.72123382239009 3725312 999
1453111820291 193540 51.0507060788712 3.72123382239009 6289408 1001
1453111821291 194540 51.0507060788712 3.72123382239009 7432192 1000
1453111822290 195539 51.0507060788712 3.72123382239009 7204864 999
1453111823291 196540 51.0507060788712 3.72123382239009 3747840 1001
1453111824291 197540 51.0507060788712 3.72123382239009 4612096 1000
1453111825290 198539 51.0507060788712 3.72123382239009 7114752 999
1453111826290 199539 51.0507060788712 3.72123382239009 7528448 1000
1453111827290 200539 51.0507060788712 3.72123382239009 7344128 1000
1453111828291 201540 51.0507060788712 3.72123382239009 4702208 1001
1453111829290 202539 51.0507060788712 3.72123382239009 4081664 999
1453111830291 203540 51.0507060788712 3.72123382239009 7569408 1001
1453111831291 204540 51.0507060788712 3.72123382239009 7497728 1000
1453111832290 205539 51.0507060788712 3.72123382239009 7438336 999
1453111833290 206539 51.0507060788712 3.72123382239009 4870144 1000
1453111834290 207539 51.0507060788712 3.72123382239009 3784704 1000
1453111835290 208539 51.0507060788712 3.72123382239009 7280640 1000
1453111836290 209539 51.0507060788712 3.72123382239009 7610368 1000
1453111837290 210539 51.0507060788712 3.72123382239009 7372800 1000
1453111838291 211540 51.0507060788712 3.72123382239009 4685824 1001
1453111839291 212540 51.0507060788712 3.72123382239009 835584 1000
1453111840290 213539 51.0506867824045 3.7212264112708 3387392 999
1453111841290 214539 51.0506617112255 3.72124436904769 7008256 1000
1453111842290 215539 51.0506323668962 3.72126027683182 7268352 1000
1453111843290 216539 51.0506094681093 3.72127057120401 5158912 1000
1453111844290 217539 51.0505790126019 3.72128541227017 3895296 1000
1453111845290 218539 51.0505195628952 3.72128691916557 7172096 1000
1453111846291 219540 51.0504487513123 3.72127241596614 7124992 1001
1453111847290 220539 51.0503972965199 3.72125482244694 7665664 999
1453111848290 221539 51.0503433486016 3.72124185029462 3296620 1000
1453111849290 222539 51.0502951461701 3.72123071852553 3774464 1000
1453111850290 223539 51.0502492255552 3.72121815680347 5102500 1000
1453111851291 224540 51.0502078161971 3.72120078815126 4448324 1001
1453111852290 225539 51.0501750753279 3.7211831867595 5879508 999
1453111853290 226539 51.0501444292489 3.72116441049679 4995456 1000
1453111854291 227540 51.0501097841806 3.7211609912286 4913152 1001
1453111855291 228540 51.0500785870652 3.72116660131864 7604224 1000
1453111856290 229539 51.0500375928299 3.7211716290753 4890252 999
1453111857290 230539 51.0499881705183 3.72118040297865 4327832 1000
1453111858291 231540 51.0499322930587 3.72118071932014 5053788 1001
1453111859290 232539 51.0498745545874 3.72117449838976 3557376 999
1453111860290 233539 51.0498161763919 3.72117568886306 6451200 1000
1453111861290 234539 51.0497548086798 3.72117649644461 7448576 1000
1453111862291 235540 51.0496898681035 3.72117484158136 7084032 1001
1453111863291 236540 51.0496124401166 3.72117657089968 5322752 1000
1453111864290 237539 51.0495146703415 3.72114507807522 3641344 999
1453111865290 238539 51.0494080988176 3.7211388099872 7122944 1000
1453111866290 239539 51.0493054742666 3.72115351146276 7518208 1000
1453111867290 240539 51.0492212244733 3.72118752602184 7600128 1000
1453111868290 241539 51.0492212244733 3.72118752602184 6127616 1000
1453111869290 242539 51.049085911218 3.72124200258984 3928064 1000
1453111870290 243539 51.0490199404048 3.72125282009664 5259264 1000
1453111871290 244539 51.0489523026898 3.72126801124188 7204864 1000
1453111872290 245539 51.0488826998924 3.72128468988858 7766016 1000
1453111873291 246540 51.0488158149448 3.72130099583554 6297600 1001
1453111874291 247540 51.048747150846 3.72131529717632 2471936 1000
1453111875290 248539 51.0486745133114 3.72133933817417 6483968 999
1453111876291 249540 51.0485977412467 3.72136736641067 7182336 1001
1453111877291 250540 51.0485306306395 3.72139015262034 6674456 1000
1453111878290 251539 51.0484762859252 3.72141296600327 4404156 999
1453111879290 252539 51.0484425488575 3.72143082834054 3041280 1000
1453111880290 253539 51.0484236991044 3.72144447439198 6335516 1000
1453111881290 254539 51.0484168393609 3.72145624373481 5452468 1000
1453111882290 255539 51.0484168393609 3.72145624373481 2916344 1000
1453111883291 256540 51.0484168393609 3.72145624373481 4551988 1001
1453111884291 257540 51.0484367956072 3.72146554927155 3719168 1000
1453111885290 258539 51.0484367956072 3.72146554927155 7319552 999
1453111886290 259539 51.0484367956072 3.72146554927155 7069696 1000
1453111887290 260539 51.0484367956072 3.72146554927155 5352904 1000
1453111888290 261539 51.0484306572929 3.72148319604548 4079420 1000
1453111889291 262540 51.0484306572929 3.72148319604548 2654208 1001
1453111890291 263540 51.0484306572929 3.72148319604548 7213056 1000
1453111891290 264539 51.0484306572929 3.72148319604548 4253312 999
1453111892290 265539 51.0484306572929 3.72148319604548 2271380 1000
1453111893290 266539 51.0484306572929 3.72148319604548 2463292 1000
1453111894290 267539 51.0484306572929 3.72148319604548 4354048 1000
1453111895290 268539 51.0484306572929 3.72148319604548 3955928 1000
1453111896290 269539 51.0484306572929 3.72148319604548 3933960 1000
1453111897291 270540 51.0484306572929 3.72148319604548 4828092 1001
1453111898290 271539 51.0484306572929 3.72148319604548 4354952 999
1453111899290 272539 51.0484139289223 3.72149421014859 3428352 1000
1453111900290 273539 51.0483734335457 3.72149133798236 5437776 1000
1453111901291 274540 51.0483396454145 3.72149175969942 4705068 1001
1453111902290 275539 51.0482916663897 3.72148906409947 4372416 999
1453111903290 276539 51.0482313137064 3.72148388751757 3534024 1000
1453111904291 277540 51.0481016406582 3.72151127894739 3622912 1001
1453111905290 278539 51.0481016406582 3.72151127894739 2529068 999
1453111906290 279539 51.0480357197096 3.72153764705628 4735496 1000
1453111907290 280539 51.0479581998957 3.72156549099831 4720696 1000
1453111908290 281539 51.0478741757744 3.72159658485998 4077700 1000
1453111909291 282540 51.0477871315499 3.72163112670828 4904960 1001
1453111910291 283540 51.0476997992899 3.72166608384537 6676384 1000
1453111911290 284539 51.0476099334669 3.72170135976117 4738192 999
1453111912290 285539 51.0475244202526 3.72170980186693 4509788 1000
1453111913290 286539 51.0474394452315 3.72171339322509 5437628 1000
1453111914290 287539 51.0473511127688 3.72167410120538 2713600 1000
1453111915291 288540 51.0472764947572 3.72165397295427 6250496 1001
1453111916290 289539 51.0472031703926 3.72165908026499 7712768 999
1453111917290 290539 51.0471326762179 3.72167765416569 7426048 1000
1453111918290 291539 51.0470707219423 3.72170316433089 6471680 1000
1453111919290 292539 51.0470707219423 3.72170316433089 3575808 1000
1453111920290 293539 51.0470143161898 3.72173026684407 5107712 1000
1453111921290 294539 51.0469242279793 3.72179246726048 7362560 1000
1453111922290 295539 51.0468809245805 3.72182434663801 6971392 1000
1453111923290 296539 51.046839834951 3.72185414668494 6864896 1000
1453111924290 297539 51.0468116690256 3.721876639359 3274752 1000
1453111925291 298540 51.0467881016539 3.72189851852688 4734976 1001
1453111926290 299539 51.0467747909528 3.72191042903428 7641088 999
1453111927290 300539 51.0467747909528 3.72191042903428 7424000 1000
1453111928290 301539 51.0467747909528 3.72191042903428 7573504 1000
1453111929291 302540 51.0467747909528 3.72191042903428 4177920 1001
1453111930290 303539 51.0467747909528 3.72191042903428 3649536 999
1453111931290 304539 51.0467747909528 3.72191042903428 7155712 1000
1453111932290 305539 51.0467747909528 3.72191042903428 8192000 1000
1453111933291 306540 51.0467747909528 3.72191042903428 9078784 1001
1453111934290 307539 51.0467747909528 3.72191042903428 6637568 999
1453111935290 308539 51.0467747909528 3.72191042903428 4265984 1000
1453111936290 309539 51.0467814767779 3.72188851041826 6572032 1000
1453111937290 310539 51.0467858256014 3.72187516939181 7090176 1000
1453111938290 311539 51.0467858256014 3.72187516939181 7258112 1000
1453111939290 312539 51.0467858256014 3.72187516939181 3850240 1000
1453111940290 313539 51.0467858256014 3.72187516939181 3979264 1000
1453111941290 314539 51.0467858256014 3.72187516939181 7340032 1000
1453111942290 315539 51.0467858256014 3.72187516939181 7430144 1000
1453111943290 316539 51.0467858256014 3.72187516939181 7503872 1000
1453111944290 317539 51.0467858256014 3.72187516939181 4192256 1000
1453111945290 318539 51.0467858256014 3.72187516939181 3760128 1000
1453111946290 319539 51.0467858256014 3.72187516939181 7718912 1000
1453111947291 320540 51.0467858256014 3.72187516939181 7282688 1001
1453111948290 321539 51.0467858256014 3.72187516939181 7825408 999
1453111949290 322539 51.0467858256014 3.72187516939181 4044800 1000
1453111950290 323539 51.0467858256014 3.72187516939181 4292608 1000
1453111951290 324539 51.0467728547925 3.72190055931601 7008256 1000
1453111952290 325539 51.0467562059069 3.72192613715332 7307264 1000
1453111953290 326539 51.0467251018013 3.72194780988074 7596032 1000
1453111954290 327539 51.0465777570019 3.72203492976344 4554752 1000
1453111955290 328539 51.0464510945943 3.72212819406657 1660928 1000
1453111956290 329539 51.0463697479088 3.7221844734907 4122624 1000
1453111957290 330539 51.0462874703133 3.72221973281334 7491584 1000
1453111958291 331540 51.0461985277612 3.72223364534672 7454720 1001
1453111959290 332539 51.0461114388433 3.72223584253183 4751360 999
1453111960291 333540 51.0460215181384 3.72222560161518 4366336 1001
1453111961290 334539 51.0459308379182 3.72222247041462 7905280 999
1453111962290 335539 51.045838452546 3.72222322757973 7772160 1000
1453111963291 336540 51.0457427208668 3.72222426143328 7962624 1001
1453111964290 337539 51.0456414452463 3.72222223566867 4526080 999
1453111965290 338539 51.0455452681577 3.72221955452959 3239936 1000
1453111966290 339539 51.0454476262417 3.72220996440864 7659520 1000
1453111967290 340539 51.0453513178016 3.72220463388859 7700480 1000
1453111968290 341539 51.0452568889073 3.72220376271769 8118272 1000
1453111969290 342539 51.0451410975279 3.72220421532818 5306368 1000
1453111970290 343539 51.0450180493972 3.72221741232375 3620864 1000
1453111971291 344540 51.0449117876678 3.72221797091925 6680576 1001
1453111972290 345539 51.0448138992801 3.72220510090416 7659520 999
1453111973290 346539 51.0447167329411 3.72220700049938 5151040 1000
1453111974291 347540 51.0446186932272 3.72218766593405 3150888 1001
1453111975291 348540 51.0444899640613 3.72212027190117 3246080 1000
1453111976291 349540 51.0444229445813 3.72210086531926 4795788 1000
1453111977290 350539 51.0443165923782 3.72202426037345 2630284 999
1453111978290 351539 51.0442552162158 3.72198503333194 3836616 1000
1453111979290 352539 51.0442449833111 3.72195008685811 4423612 1000
1453111980291 353540 51.0442109840372 3.72192530483784 5148672 1001
1453111981291 354540 51.0441952000263 3.72190628029068 8163328 1000
1453111982290 355539 51.0441782066527 3.72188534325728 5268324 999
1453111983290 356539 51.0441579081654 3.72186351833226 3874976 1000
1453111984291 357540 51.0441327047791 3.72184534240416 2196696 1001
1453111985291 358540 51.0441045065663 3.72183220023982 2180260 1000
1453111986290 359539 51.0440692039749 3.72181073490581 3883588 999
1453111987290 360539 51.0440234071668 3.72178703631671 4392484 1000
1453111988290 361539 51.0439784194431 3.72176368348803 3937508 1000
1453111989290 362539 51.0439373195564 3.72171950144063 3725144 1000
1453111990290 363539 51.04388962556 3.72166664179796 4811844 1000
1453111991290 364539 51.0438402819912 3.72162246517738 4655552 1000
