1453198490299 635 51.034927683969 3.72081103677241 1358784 635
1453198491299 1635 51.0349337419703 3.72082788489576 4281248 1000
1453198492300 2636 51.0349547463701 3.72083851960649 5022648 1001
1453198493300 3636 51.0349696981382 3.72085727178281 4949208 1000
1453198494299 4635 51.0349835052426 3.72087747713054 4573064 999
1453198495299 5635 51.0349922303857 3.72090284125249 4116792 1000
1453198496299 6635 51.0350000970417 3.72092502266955 3824276 1000
1453198497299 7635 51.0350160426453 3.72094308638783 5095440 1000
1453198498299 8635 51.0350346985836 3.72096126071641 4983556 1000
1453198499299 9635 51.0350463097101 3.7209824575755 3893024 1000
1453198500299 10635 51.035055195383 3.72100538374704 4184192 1000
1453198501299 11635 51.0350642625614 3.72102971095261 6572848 1000
1453198502299 12635 51.0350600415177 3.72107512130328 4115444 1000
1453198503299 13635 51.0350625013879 3.7211118035917 4933680 1000
1453198504300 14636 51.0350660919572 3.72114040335915 5009324 1001
1453198505300 15636 51.0350657283651 3.72116516020761 4951048 1000
1453198506300 16636 51.0350629170188 3.72118856822282 5146016 1000
1453198507299 17635 51.0350681392224 3.72121207443699 4520492 999
1453198508299 18635 51.035077949784 3.72122732570287 4691688 1000
1453198509299 19635 51.0350888565382 3.72123759819155 4329388 1000
1453198510299 20635 51.035097520897 3.72125049539751 4257736 1000
1453198511299 21635 51.0351054229089 3.72126110602633 4744596 1000
1453198512299 22635 51.0351159855403 3.72127082957805 5011864 1000
1453198513299 23635 51.0351238903458 3.72128202775668 4937724 1000
1453198514300 24636 51.0351311006468 3.72129488953937 4208456 1001
1453198515300 25636 51.035134301872 3.72130849597117 4511108 1000
1453198516299 26635 51.0351371402084 3.72132239790863 3395560 999
1453198517299 27635 51.0351413172902 3.72133608356789 3721828 1000
1453198518299 28635 51.0351413172902 3.72133608356789 4081900 1000
1453198519300 29636 51.0351568087277 3.72135662023719 3925868 1001
1453198520299 30635 51.0351669097346 3.72136476919901 2313168 999
1453198521299 31635 51.0351745839903 3.72137581449577 4854408 1000
1453198522299 32635 51.0351798873253 3.72139374518621 4734564 1000
1453198523299 33635 51.035185081299 3.72141058633188 4269116 1000
1453198524299 34635 51.0351923840065 3.72142727468599 4590356 1000
1453198525299 35635 51.0351923840065 3.72142727468599 4301156 1000
1453198526299 36635 51.035200250361 3.7214592096574 4396220 1000
1453198527300 37636 51.0352037068996 3.72147594121536 2277572 1001
1453198528300 38636 51.0352063026758 3.72149340110018 1763184 1000
1453198529299 39635 51.0352128907422 3.72151073182568 1818452 999
1453198530299 40635 51.0352205123173 3.72152715236544 2391352 1000
1453198531300 41636 51.0352276146485 3.72154487681352 3026260 1001
1453198532300 42636 51.035235689466 3.72156280353293 3800012 1000
1453198533299 43635 51.0352433530919 3.72157757796171 3016084 999
1453198534299 44635 51.035252554145 3.7215906362572 3110576 1000
1453198535299 45635 51.035252554145 3.7215906362572 2299688 1000
1453198536300 46636 51.0352778717953 3.72162053269259 2594900 1001
1453198537299 47635 51.0352945437049 3.72163840798614 2470884 999
1453198538299 48635 51.0353166179416 3.72165180801244 2656908 1000
1453198539299 49635 51.0353353985859 3.72166467903748 3374744 1000
1453198540299 50635 51.0353557410731 3.72167679503856 2790360 1000
1453198541299 51635 51.0353697677362 3.72169349648038 2644880 1000
1453198542299 52635 51.0353837001561 3.72171587844855 2417508 1000
1453198543299 53635 51.0353965716682 3.72173016621562 3731264 1000
1453198544299 54635 51.035408872361 3.72173639892606 3257468 1000
1453198545299 55635 51.0354201233711 3.72174686496644 3378736 1000
1453198546300 56636 51.0354306562067 3.72176326060918 3107140 1001
1453198547299 57635 51.0354412060253 3.72177924479269 3259464 999
1453198548299 58635 51.0354506030242 3.72179282392154 3964468 1000
1453198549299 59635 51.0354622252323 3.72180413025151 3370000 1000
1453198550299 60635 51.0354622252323 3.72180413025151 2782272 1000
1453198551299 61635 51.0354734043744 3.72183332894865 2972340 1000
1453198552299 62635 51.0354782596614 3.72184654392654 3620728 1000
1453198553299 63635 51.0354863745036 3.72185578010561 3398308 1000
1453198554299 64635 51.0354951425013 3.72186317004536 4242156 1000
1453198555300 65636 51.0354951425013 3.72186317004536 1771272 1001
1453198556300 66636 51.0355143217221 3.7218873736226 5325948 1000
1453198557299 67635 51.0355232432774 3.72190148848889 3303948 999
1453198558299 68635 51.0355379126951 3.72191161249363 4474012 1000
1453198559299 69635 51.0355488355488 3.72192202100697 2948076 1000
1453198560299 70635 51.0355608761789 3.72193197074339 1798232 1000
1453198561299 71635 51.035574143479 3.72193989536841 1560984 1000
1453198562299 72635 51.0355889509066 3.72195058692081 1484148 1000
1453198563299 73635 51.0356103492578 3.72196102282174 1698480 1000
1453198564299 74635 51.0356281739599 3.72197475801823 2186456 1000
1453198565299 75635 51.0356411643689 3.72198871589132 3359216 1000
1453198566299 76635 51.0356564210048 3.72200184722118 48140 1000
1453198567300 77636 51.035670940434 3.72201823032892 4378692 1001
1453198568299 78635 51.0356849051885 3.72203498884623 5123748 999
1453198569299 79635 51.0356999164978 3.72204641998038 4192280 1000
1453198570299 80635 51.0357158075334 3.72205506990331 4277204 1000
1453198571299 81635 51.035731675255 3.72206748773964 3498916 1000
1453198572299 82635 51.0357435576906 3.72207961697758 3222212 1000
1453198573299 83635 51.0357578190265 3.72208969392007 3229808 1000
1453198574299 84635 51.0357698630132 3.7221028869015 3870108 1000
1453198575299 85635 51.0357809103901 3.72211207306241 4459184 1000
1453198576299 86635 51.0357914582461 3.7221215714225 4451176 1000
1453198577300 87636 51.0358020281965 3.72214022082299 3830936 1001
1453198578299 88635 51.0358175620764 3.7221542117079 4079256 999
1453198579300 89636 51.0358293977305 3.72216968536598 4475204 1001
1453198580299 90635 51.0358434435101 3.72218594894213 4350800 999
1453198581300 91636 51.0358551763053 3.72219877871948 4911256 1001
1453198582299 92635 51.0358659041321 3.72220895872607 3969860 999
1453198583299 93635 51.0358754948244 3.72221615188286 3448184 1000
1453198584299 94635 51.035886117495 3.72221645578845 4265072 1000
1453198585299 95635 51.035886117495 3.72221645578845 4084440 1000
1453198586300 96636 51.0359040600195 3.72221851818851 4507712 1001
1453198587300 97636 51.035913206617 3.72221997350217 3693520 1000
1453198588300 98636 51.035913206617 3.72221997350217 4228676 1000
1453198589299 99635 51.0359285978039 3.72222007494446 3759572 999
1453198590299 100635 51.0359285978039 3.72222007494446 4034884 1000
1453198591300 101636 51.0359285978039 3.72222007494446 4216872 1001
1453198592299 102635 51.0359355568701 3.72222936659925 3758224 999
1453198593299 103635 51.0359470263932 3.72223345510409 3883588 1000
1453198594299 104635 51.0359470263932 3.72223345510409 4201768 1000
1453198595299 105635 51.0359745511691 3.72224019744125 4391240 1000
1453198596299 106635 51.0359890661753 3.7222461931811 4662524 1000
1453198597299 107635 51.0360094723824 3.72225305685655 3708348 1000
1453198598300 108636 51.0360267464694 3.72226370932328 3790576 1001
1453198599299 109635 51.0360459091624 3.72227289081558 3360772 999
1453198600299 110635 51.0360619052976 3.72228116616168 2910124 1000
1453198601299 111635 51.0360824441757 3.72229276502647 2824328 1000
1453198602299 112635 51.0361039158352 3.72230884293932 3608044 1000
1453198603300 113636 51.0361166309888 3.72232912699302 3105376 1001
1453198604300 114636 51.0361315393714 3.72233493859358 3196912 1000
1453198605300 115636 51.0361488671801 3.72234178010368 3054412 1000
1453198606299 116635 51.0361625080424 3.72234201495707 3845844 999
1453198607299 117635 51.0361773980685 3.72233518633714 3456272 1000
1453198608299 118635 51.0361950086423 3.72232784424799 2829452 1000
1453198609299 119635 51.0362105187597 3.72232205353356 3347084 1000
1453198610299 120635 51.0362236822305 3.72231239750309 2698308 1000
1453198611299 121635 51.0362388145894 3.72230644199894 3440484 1000
1453198612299 122635 51.0362521067435 3.72229511785586 3200956 1000
1453198613299 123635 51.036269414277 3.72228460230478 3723720 1000
1453198614299 124635 51.0362849298849 3.72227736759727 3919984 1000
1453198615300 125636 51.0362995227187 3.7222663674871 2805188 1001
1453198616300 126636 51.0363103037753 3.72226054286424 3549284 1000
1453198617299 127635 51.0363204147891 3.72225481885228 3744744 999
1453198618299 128635 51.0363300944254 3.72224663493549 3818288 1000
1453198619299 129635 51.0363395945336 3.72224397474801 3867308 1000
1453198620300 130636 51.0363514660242 3.72224637458222 3831016 1001
1453198621300 131636 51.0363606828038 3.72224267296004 4035912 1000
1453198622299 132635 51.0363697371924 3.72223386873019 3831984 999
1453198623299 133635 51.0363754665811 3.72221813359442 4327460 1000
1453198624299 134635 51.0363764910423 3.7221969741596 4854148 1000
1453198625299 135635 51.0363824536844 3.72218054393243 4078036 1000
1453198626299 136635 51.0363907732864 3.72216481931841 4101628 1000
1453198627299 137635 51.0363991149946 3.72214844437457 3692872 1000
1453198628308 138644 51.036408174572 3.72213290485433 3603852 1009
1453198629299 139635 51.0364146171202 3.72211296465971 2264640 991
1453198630299 140635 51.0364261057436 3.72209998607399 4073472 1000
1453198631299 141635 51.0364306872303 3.72207711648276 900888 1000
1453198632299 142635 51.0364318268179 3.7220504467634 5765156 1000
1453198633299 143635 51.0364315062558 3.72202219565724 3856656 1000
1453198634300 144636 51.0364290503392 3.72199249586062 4135404 1001
1453198635299 145635 51.0364293269081 3.72196262117313 4027536 999
1453198636299 146635 51.036431623109 3.72193727183005 4155056 1000
1453198637300 147636 51.0364292642144 3.72191014703929 4302816 1001
1453198638300 148636 51.0364249981632 3.72188672895186 4060336 1000
1453198639299 149635 51.0364216432556 3.72186312910738 4132808 999
1453198640300 150636 51.0364222491066 3.72183446114611 3751344 1001
1453198641299 151635 51.0364197593259 3.72180826838355 4448256 999
1453198642299 152635 51.0364197349359 3.72178427324803 4373948 1000
1453198643299 153635 51.0364184439017 3.72176181208851 3258712 1000
1453198644299 154635 51.0364214646092 3.72173251676836 3037044 1000
1453198645300 155636 51.0364214646092 3.72173251676836 4341172 1001
1453198646299 156635 51.0364201988507 3.72170641788916 4086524 999
1453198647299 157635 51.0364266055648 3.72165869739778 3539848 1000
1453198648299 158635 51.0364296035683 3.72163568765287 3791276 1000
1453198649300 159636 51.0364319331067 3.72160739872304 4003824 1001
1453198650299 160635 51.0364319331067 3.72160739872304 3711144 999
1453198651299 161635 51.0364360455251 3.72157774227179 1019904 1000
1453198652300 162636 51.0364359859816 3.72151631176146 4464640 1001
1453198653299 163635 51.0364330363822 3.72149045139467 6227164 999
1453198654299 164635 51.0364333220301 3.72146749728587 3291816 1000
1453198655300 165636 51.0364333220301 3.72146749728587 4571676 1001
1453198656299 166635 51.0364375466127 3.72143841332959 3846144 999
1453198657299 167635 51.0364468626638 3.72138759793761 4697228 1000
1453198658299 168635 51.0364563453708 3.72135815176636 3673936 1000
1453198659299 169635 51.0364686083039 3.7213242608763 3449240 1000
1453198660299 170635 51.0364686083039 3.7213242608763 3949668 1000
1453198661299 171635 51.036481205379 3.72128990947979 3586048 1000
1453198662300 172636 51.0364890754799 3.72123830504007 6977536 1001
1453198663299 173635 51.0364938539587 3.72122216302959 4116756 999
1453198664299 174635 51.0364938539587 3.72122216302959 3633496 1000
1453198665299 175635 51.0364996558336 3.72120265230549 3374264 1000
