1454606892659 94 51.0578518213096 3.69310565645184 0 94
1454606893659 1094 51.0579579870503 3.69307875563578 4728784 1000
1454606894660 2095 51.0580625127022 3.69305286044467 7494880 1001
1454606895660 3095 51.0581595787457 3.6930380152446 7030652 1000
1454606896659 4094 51.058267691885 3.6930573912541 8945144 999
1454606897659 5094 51.0583707101039 3.69305064693224 9552680 1000
1454606898659 6094 51.0584750295589 3.69304026952953 9368216 1000
1454606899660 7095 51.0585861582185 3.69303629942888 7488916 1001
1454606900659 8094 51.0587005518392 3.69303534889019 7587840 999
1454606901661 9096 51.0588092345021 3.69303588055172 8224768 1002
1454606902659 10094 51.0589255051763 3.69303280887862 6240256 998
1454606903659 11094 51.0590426474934 3.6930321103703 8268140 1000
1454606904659 12094 51.0591596325151 3.69303415370089 5462016 1000
1454606905659 13094 51.0592755835281 3.69303496234863 7274496 1000
1454606906660 14095 51.0593914254837 3.6930353106258 6284180 1001
1454606907659 15094 51.0595045836887 3.69303968072263 5189828 999
1454606908660 16095 51.0596163603081 3.69305407614327 3624336 1001
1454606909660 17095 51.05972588712 3.69307242089678 5555516 1000
1454606910660 18095 51.0598343930547 3.6930919402171 3094896 1000
1454606911659 19094 51.0599483715004 3.69312486076022 4468096 999
1454606912659 20094 51.0600608227336 3.69316166689854 6754892 1000
1454606913660 21095 51.0601717730927 3.69319726046639 6692376 1001
1454606914660 22095 51.060282486492 3.6932305281077 7251268 1000
1454606915660 23095 51.0603927809845 3.69326019819863 2600960 1000
1454606916659 24094 51.0605015940694 3.69328901995666 6162432 999
1454606917659 25094 51.0606100011484 3.69332154939649 8175616 1000
1454606918660 26095 51.0607163185395 3.6933522023554 8353792 1001
1454606919659 27094 51.0608227513059 3.69337971839764 8241152 999
1454606920659 28094 51.0608227513059 3.69337971839764 3588096 1000
1454606921660 29095 51.0610329327161 3.69344579901103 4136960 1001
1454606922660 30095 51.0611360576321 3.69349016305232 7479296 1000
1454606923659 31094 51.0612402869205 3.69355123999433 7540736 999
1454606924660 32095 51.0613432575598 3.69361047530954 7929856 1001
1454606925659 33094 51.0614464335599 3.69368800106907 10518072 999
1454606926660 34095 51.0615513414141 3.69376075298974 7780656 1001
1454606927660 35095 51.061656487551 3.69383593692494 7633724 1000
1454606928659 36094 51.0617680481899 3.69392597588895 6953824 999
1454606929659 37094 51.0618829206455 3.69401458391896 6619136 1000
1454606930659 38094 51.0619969754964 3.69409384772211 4651008 1000
1454606931659 39094 51.0619969754964 3.69409384772211 3618816 1000
1454606932660 40095 51.0622282354086 3.69427784256558 5353472 1001
1454606933660 41095 51.0623428905551 3.69436074353532 7028736 1000
1454606934659 42094 51.0624577853602 3.69444875346081 7843840 999
1454606935659 43094 51.062573251367 3.69454552828553 5914624 1000
1454606936660 44095 51.0626815643339 3.69462839992443 3682304 1001
1454606937659 45094 51.0627909244635 3.69471819057411 6017024 999
1454606938660 46095 51.0628976445121 3.69480415211973 7131136 1001
1454606939660 47095 51.0630035695337 3.6948912928237 7516160 1000
1454606940660 48095 51.0631071574827 3.69497786124459 6146048 1000
1454606941660 49095 51.0632088256308 3.69506365221035 3067904 1000
1454606942659 50094 51.0633093193963 3.69514875770889 5595136 999
1454606943659 51094 51.0634083994817 3.69523612911274 7548928 1000
1454606944660 52095 51.0635042974896 3.69533246683225 7553024 1001
1454606945659 53094 51.0635042974896 3.69533246683225 6582272 999
1454606946660 54095 51.0635950819946 3.6954270884626 3837952 1001
1454606947659 55094 51.0637867034591 3.69561792241698 5785600 999
1454606948659 56094 51.0638851189009 3.69571496431926 7731200 1000
1454606949659 57094 51.0639810506906 3.69580694918036 7104512 1000
1454606950660 58095 51.0640791512382 3.69591281611596 5709824 1001
1454606951660 59095 51.0641782031436 3.69602750264484 3653632 1000
1454606952659 60094 51.0642774085457 3.69615025783661 5967872 999
1454606953660 61095 51.0643758368247 3.69628066090987 7274496 1001
1454606954659 62094 51.0644738742777 3.69641500147405 7503872 999
1454606955660 63095 51.0645788271295 3.69654125032165 6055936 1001
1454606956659 64094 51.0646838856474 3.69667673242839 4061184 999
1454606957659 65094 51.0647772102896 3.69681507766265 5474304 1000
1454606958660 66095 51.0648617969248 3.69696037957168 7624704 1001
1454606959659 67094 51.0649392837849 3.69710201477371 7018680 999
1454606960660 68095 51.0650084997436 3.69723957754763 5585524 1001
1454606961660 69095 51.0650084997436 3.69723957754763 2490368 1000
1454606962659 70094 51.0651311514417 3.69749320200704 790528 999
1454606963659 71094 51.0651837842497 3.69761091502555 6180864 1000
1454606964659 72094 51.0652340560362 3.69771977012879 5877720 1000
1454606965659 73094 51.0652800063643 3.69782495089752 2727004 1000
1454606966660 74095 51.0652800063643 3.69782495089752 2415616 1001
1454606967659 75094 51.0653722959375 3.69803887571067 2065888 999
1454606968659 76094 51.0654261998948 3.69814417866919 4519924 1000
1454606969660 77095 51.065472230794 3.69825040356461 3710316 1001
1454606970659 78094 51.0655094049333 3.69834978484586 3728160 999
1454606971659 79094 51.0655421150206 3.69843249648294 3905416 1000
1454606972660 80095 51.0655615021666 3.69849781435443 4341332 1001
1454606973659 81094 51.065573752151 3.69854447080103 3441468 999
1454606974660 82095 51.0655833892232 3.69856654517578 2470780 1001
1454606975659 83094 51.0655833892232 3.69856654517578 3398308 999
1454606976659 84094 51.0655833892232 3.69856654517578 3157872 1000
1454606977660 85095 51.0655833892232 3.69856654517578 4012296 1001
1454606978659 86094 51.0655833892232 3.69856654517578 3848384 999
1454606979659 87094 51.0655833892232 3.69856654517578 3611892 1000
1454606980660 88095 51.0655833892232 3.69856654517578 3222468 1001
1454606981659 89094 51.0655833892232 3.69856654517578 3526680 999
1454606982659 90094 51.0655833892232 3.69856654517578 3892692 1000
1454606983660 91095 51.0655833892232 3.69856654517578 3523692 1001
1454606984659 92094 51.0655833892232 3.69856654517578 3086272 999
1454606985660 93095 51.0655833892232 3.69856654517578 3828116 1001
1454606986660 94095 51.0655833892232 3.69856654517578 3217944 1000
1454606987659 95094 51.0655833892232 3.69856654517578 3845784 999
1454606988659 96094 51.0655833892232 3.69856654517578 3253368 1000
1454606989659 97094 51.0655833892232 3.69856654517578 2986520 1000
1454606990659 98094 51.0655833892232 3.69856654517578 2801844 1000
1454606991659 99094 51.0655833892232 3.69856654517578 2754372 1000
1454606992659 100094 51.0655833892232 3.69856654517578 2922004 1000
1454606993659 101094 51.0655833892232 3.69856654517578 3038392 1000
1454606994660 102095 51.0655833892232 3.69856654517578 3327332 1001
1454606995659 103094 51.0655833892232 3.69856654517578 3246864 999
1454606996660 104095 51.0655833892232 3.69856654517578 3034756 1001
1454606997660 105095 51.0655833892232 3.69856654517578 3059656 1000
1454606998660 106095 51.0655833892232 3.69856654517578 3077328 1000
1454606999659 107094 51.0655833892232 3.69856654517578 2833600 999
1454607000659 108094 51.0655833892232 3.69856654517578 2842336 1000
1454607001660 109095 51.0655833892232 3.69856654517578 2757152 1001
1454607002659 110094 51.0655833892232 3.69856654517578 119972 999
1454607003660 111095 51.0655833892232 3.69856654517578 4908068 1001
1454607004659 112094 51.0655833892232 3.69856654517578 2544600 999
1454607005660 113095 51.0655833892232 3.69856654517578 2559312 1001
1454607006661 114096 51.0655833892232 3.69856654517578 3709312 1001
1454607007659 115094 51.0655833892232 3.69856654517578 3239244 998
1454607008659 116094 51.0656014565971 3.69858166640772 3592420 1000
1454607009659 117094 51.0656204144578 3.69861346235259 4102664 1000
1454607010660 118095 51.0656450228028 3.69866720969898 4403968 1001
1454607011659 119094 51.0656716431512 3.69873328643332 4045844 999
1454607012659 120094 51.0656950440116 3.69880213000146 6791168 1000
1454607013660 121095 51.0657156595908 3.69887544211199 7651328 1001
1454607014660 122095 51.0657390556812 3.69894770493386 7079012 1000
1454607015660 123095 51.065764669278 3.69901538756697 5591592 1000
1454607016659 124094 51.0657841011989 3.69907524118682 4067328 999
1454607017660 125095 51.0657917643957 3.69912879380779 4302848 1001
1454607018659 126094 51.0657835067708 3.69918201197692 7172096 999
1454607019660 127095 51.0657566038034 3.69923149632909 7138972 1001
1454607020660 128095 51.0657098941048 3.69928133821228 7204736 1000
1454607021660 129095 51.0656492682848 3.69933700361605 4499456 1000
1454607022660 130095 51.0655822644497 3.69939836132328 4136960 1000
1454607023659 131094 51.0655171326515 3.69946045060777 7922216 999
1454607024659 132094 51.0654552331877 3.69951584605967 7289440 1000
1454607025659 133094 51.0653902628919 3.69958044316724 5574524 1000
1454607026659 134094 51.065326036571 3.69965028126185 4112528 1000
1454607027660 135095 51.0652649150069 3.69972155334761 3551232 1001
1454607028659 136094 51.0652049296909 3.69979299160596 7712768 999
1454607029660 137095 51.0651433502706 3.69986233095281 7128504 1001
1454607030659 138094 51.0650858088723 3.6999276991467 6724408 999
1454607031659 139094 51.0650275592892 3.69998802183006 4997120 1000
1454607032659 140094 51.0649693669713 3.70004205300979 2756608 1000
1454607033659 141094 51.0649100212406 3.7001040998195 3543040 1000
1454607034659 142094 51.064851689271 3.70016736270114 7380992 1000
1454607035659 143094 51.0647957079767 3.70023426493652 7471104 1000
1454607036660 144095 51.0647387784621 3.70030415170135 5009408 1001
1454607037659 145094 51.0646896775565 3.70035151463393 4438016 999
1454607038659 146094 51.0646351571505 3.70041013894391 6680576 1000
1454607039659 147094 51.0645756449907 3.70047120641343 6922240 1000
1454607040659 148094 51.064514949603 3.70053615263579 7342080 1000
1454607041660 149095 51.064455132351 3.70060246685749 5167104 1001
1454607042659 150094 51.0643958440921 3.7006707141985 4106240 999
1454607043659 151094 51.06433548234 3.70073656704555 6027264 1000
1454607044659 152094 51.0642746365421 3.70079787252816 7464960 1000
1454607045659 153094 51.0642136577002 3.70085661578151 7032832 1000
1454607046659 154094 51.0641535461208 3.70091719500823 6135808 1000
1454607047660 155095 51.0640950168849 3.70097976768881 5273600 1001
1454607048659 156094 51.0640365036078 3.70104255996911 3960832 999
1454607049660 157095 51.0639773002964 3.70110308916527 7092224 1001
1454607050660 158095 51.0639175659687 3.70116320142854 7073792 1000
1454607051659 159094 51.0638579659455 3.70122548672996 5568512 999
1454607052660 160095 51.0637945480251 3.70128663801768 3817472 1001
1454607053660 161095 51.0637286750917 3.70135125793476 5693440 1000
1454607054659 162094 51.0636617269878 3.70142102895332 6676076 999
1454607055660 163095 51.0635963666656 3.70149351565399 5639332 1001
1454607056661 164096 51.0635289655373 3.70156372765326 2570240 1001
1454607057659 165094 51.0634620234076 3.70163271513577 3870720 998
1454607058659 166094 51.0633953600387 3.70170252219832 7499776 1000
1454607059659 167094 51.063330043593 3.70177061731281 7860224 1000
1454607060659 168094 51.0632695817971 3.70183502985772 6815744 1000
1454607061659 169094 51.0632156611285 3.70189532020572 5804032 1000
1454607062660 170095 51.0631658815766 3.70194649899971 1374208 1001
1454607063660 171095 51.0631187184798 3.70199000506446 2498560 1000
1454607064659 172094 51.0630782519072 3.70203520370121 7133184 999
1454607065660 173095 51.0630410794929 3.7020820413957 7000064 1001
1454607066659 174094 51.0629940906274 3.70213577298467 4426712 999
1454607067659 175094 51.0629374513175 3.70219189878571 4622336 1000
1454607068660 176095 51.0628774411403 3.70224548621305 4204440 1001
1454607069659 177094 51.0628185195894 3.70230372498357 3783808 999
1454607070659 178094 51.062761626701 3.70236714175925 3704692 1000
1454607071660 179095 51.0627047713641 3.70242679972225 3046584 1001
1454607072659 180094 51.0627047713641 3.70242679972225 2030632 999
1454607073660 181095 51.0625924989741 3.70254198705358 4059892 1001
1454607074660 182095 51.0625439216362 3.7025912802548 4311344 1000
1454607075659 183094 51.0625071658681 3.70263225124465 4107848 999
1454607076659 184094 51.0624779578617 3.70266540367276 3568492 1000
1454607077659 185094 51.0624779578617 3.70266540367276 4703308 1000
1454607078659 186094 51.0623962678415 3.70276546318247 4209332 1000
1454607079659 187094 51.0623434019741 3.70282061985063 4614308 1000
1454607080660 188095 51.0622865013044 3.70287790819324 4641216 1001
1454607081659 189094 51.0622306871428 3.70293520350475 4750720 999
1454607082659 190094 51.0621748247963 3.70299198635358 3706672 1000
1454607083659 191094 51.0621187166673 3.70304889068519 1969456 1000
1454607084660 192095 51.0620623113415 3.70310256931593 6094936 1001
1454607085659 193094 51.062016511745 3.70314799335223 4502116 999
1454607086659 194094 51.061975961314 3.70318942729849 3563104 1000
1454607087660 195095 51.0619398858837 3.70322912517575 2539940 1001
1454607088659 196094 51.0619083768285 3.70326726097722 2899108 999
1454607089660 197095 51.0618739240209 3.70331431449042 2433684 1001
1454607090660 198095 51.0618284528155 3.70338405319617 3067296 1000
1454607091659 199094 51.0617790083897 3.70345650681563 3664208 999
1454607092659 200094 51.0617319060055 3.70353602141498 4811316 1000
1454607093659 201094 51.061688823071 3.70358786635061 3544828 1000
1454607094660 202095 51.0616409105496 3.70364283904232 3956692 1001
1454607095659 203094 51.0615821716197 3.70370828411731 4858344 999
1454607096660 204095 51.0615138575225 3.70378019052168 4053480 1001
1454607097659 205094 51.0615138575225 3.70378019052168 4673160 999
1454607098659 206094 51.0613776359045 3.70390803857319 5290656 1000
1454607099659 207094 51.0613129926907 3.7039600025006 4651804 1000
1454607100659 208094 51.0612494705164 3.704009164707 3317376 1000
1454607101659 209094 51.0611836422812 3.70407950182232 2857816 1000
1454607102659 210094 51.0611170845489 3.70415231223285 2764692 1000
1454607103659 211094 51.0610506525219 3.70422116821536 2550416 1000
1454607104660 212095 51.0609867725407 3.70428518002076 2320608 1001
1454607105659 213094 51.0609228078543 3.70435395803959 2294944 999
1454607106659 214094 51.0608589898575 3.70442208985356 2222852 1000
1454607107659 215094 51.0608589898575 3.70442208985356 2259432 1000
1454607108659 216094 51.0607272728904 3.70456136235438 2066300 1000
1454607109659 217094 51.0606610721753 3.70462937928554 1542112 1000
1454607110659 218094 51.0605968532281 3.70469256701285 737356 1000
1454607111660 219095 51.0605322524861 3.70475062653853 0 1001
1454607112659 220094 51.0604684343108 3.7048153195122 841152 999
1454607113659 221094 51.0604053695282 3.70488732185884 3460068 1000
1454607114660 222095 51.0603437216015 3.70495573375062 4583448 1001
1454607115659 223094 51.0602837241203 3.70502395625781 3045132 999
1454607116659 224094 51.0602275502612 3.70508598899019 2929204 1000
1454607117659 225094 51.0601771857567 3.70514553109628 2468888 1000
1454607118659 226094 51.0601391564699 3.70518348028996 2850320 1000
1454607119659 227094 51.0601130152094 3.70522237860862 3998168 1000
1454607120659 228094 51.0600845464986 3.70525980235884 3078832 1000
1454607121660 229095 51.060050912997 3.70530353757998 3156368 1001
1454607122659 230094 51.0600092948529 3.7053532031074 2440632 999
1454607123659 231094 51.059960169368 3.70541433815017 2902244 1000
1454607124659 232094 51.0599033325322 3.70547641913979 3141544 1000
1454607125659 233094 51.0598465878237 3.70553787545812 3463552 1000
1454607126659 234094 51.0597912693467 3.70560146175177 2989244 1000
1454607127660 235095 51.0597352455736 3.70566598517793 2708372 1001
1454607128659 236094 51.0596803864986 3.70572940995483 3237576 999
1454607129659 237094 51.0596281549763 3.70578775224993 3269548 1000
1454607130659 238094 51.0595804946996 3.70584138492762 1534024 1000
1454607131659 239094 51.0595402647209 3.70588204907767 2832152 1000
1454607132659 240094 51.0595024145926 3.70590930538619 2722956 1000
1454607133659 241094 51.0594698505864 3.70592864740276 2696292 1000
1454607134660 242095 51.0594359444088 3.70592668267223 2357568 1001
1454607135659 243094 51.0594037199922 3.70590479820443 1547452 999
1454607136659 244094 51.0593771861262 3.70585518162671 5056840 1000
1454607137659 245094 51.059350431286 3.7057901013461 2016224 1000
1454607138659 246094 51.0593177648037 3.70571650688672 2225932 1000
1454607139659 247094 51.0592842865346 3.70562960225651 1333820 1000
1454607140659 248094 51.0592489343769 3.70554552898544 1748356 1000
1454607141659 249094 51.0592152165776 3.7054664412868 3016332 1000
1454607142659 250094 51.059182786975 3.70539195215984 3651784 1000
1454607143659 251094 51.059182786975 3.70539195215984 3345580 1000
1454607144660 252095 51.0591289535291 3.70523451675234 3585500 1001
1454607145659 253094 51.0590969273551 3.70514237994418 3842576 999
1454607146660 254095 51.0590663897093 3.70504453298926 4555440 1001
1454607147659 255094 51.0590663897093 3.70504453298926 4515956 999
1454607148659 256094 51.0590362658642 3.70495037827926 4699548 1000
1454607149659 257094 51.0589885529409 3.7047728944663 4433920 1000
1454607150659 258094 51.0589694394637 3.70471247708878 4081588 1000
1454607151659 259094 51.0589596677005 3.70468199388782 5112296 1000
1454607152659 260094 51.0589547984887 3.70466759057199 5868544 1000
1454607153659 261094 51.0589547984887 3.70466759057199 6089348 1000
1454607154660 262095 51.0589547984887 3.70466759057199 4352000 1001
1454607155659 263094 51.0589547984887 3.70466759057199 3108864 999
1454607156660 264095 51.0589547984887 3.70466759057199 7090176 1001
1454607157660 265095 51.0589547984887 3.70466759057199 7503872 1000
1454607158659 266094 51.0589547984887 3.70466759057199 7223296 999
1454607159660 267095 51.0589547984887 3.70466759057199 4933632 1001
1454607160659 268094 51.0589547984887 3.70466759057199 2863104 999
1454607161660 269095 51.0589547984887 3.70466759057199 7680000 1001
1454607162659 270094 51.0589547984887 3.70466759057199 7630848 999
1454607163659 271094 51.0589458588103 3.70465807010006 7227392 1000
1454607164660 272095 51.0589286328582 3.70464971674335 5587180 1001
1454607165659 273094 51.0589286328582 3.70464971674335 2596864 999
1454607166660 274095 51.0589286328582 3.70464971674335 5423104 1001
1454607167659 275094 51.0589286328582 3.70464971674335 7684096 999
1454607168659 276094 51.0589286328582 3.70464971674335 7139328 1000
1454607169660 277095 51.0589286328582 3.70464971674335 6025216 1001
1454607170659 278094 51.0589286328582 3.70464971674335 3033088 999
1454607171660 279095 51.0589286328582 3.70464971674335 6080512 1001
1454607172659 280094 51.0589286328582 3.70464971674335 7063552 999
1454607173659 281094 51.0589286328582 3.70464971674335 7428096 1000
1454607174660 282095 51.0589214876846 3.70463238759525 6499716 1001
1454607175659 283094 51.0589139959502 3.7046005659226 2842624 999
1454607176660 284095 51.0589040393691 3.7045668021824 282624 1001
1454607177659 285094 51.0588958633788 3.70454503124318 6330368 999
1454607178660 286095 51.0588929821576 3.70452591365241 6617088 1001
1454607179660 287095 51.0588902657631 3.70451116618718 5795840 1000
1454607180659 288094 51.0588902657631 3.70451116618718 1056768 999
1454607181659 289094 51.0588575375801 3.70447161927003 5341184 1000
1454607182659 290094 51.0588191095263 3.70446653564666 7413760 1000
1454607183659 291094 51.0587747100974 3.70448243973724 4860036 1000
1454607184659 292094 51.0587747100974 3.70448243973724 5715804 1000
1454607185659 293094 51.0587202760107 3.70451350148927 2916352 1000
1454607186659 294094 51.0586087610285 3.70464446991948 5643216 1000
1454607187659 295094 51.0585516331549 3.70471318140442 4501832 1000
1454607188659 296094 51.05849781717 3.70479057126843 5427996 1000
1454607189660 297095 51.05849781717 3.70479057126843 5247492 1001
1454607190660 298095 51.0584447579297 3.70486950689932 2932736 1000
1454607191660 299095 51.0583407892748 3.70505656784767 4017312 1000
1454607192659 300094 51.0583026206635 3.70515690591221 1485496 999
1454607193659 301094 51.0582720531098 3.70525591856845 570204 1000
1454607194660 302095 51.0582376961071 3.70535574277266 44484 1001
1454607195659 303094 51.0581960752029 3.70545920269206 274992 999
1454607196659 304094 51.0581500913546 3.70556100239637 642996 1000
1454607197659 305094 51.0581098184442 3.7056581634366 4405248 1000
1454607198659 306094 51.0580728592328 3.70576053398708 6317056 1000
1454607199659 307094 51.0580382476004 3.70585680486399 5109528 1000
1454607200660 308095 51.0580036066869 3.70595405911067 3375104 1001
1454607201659 309094 51.0579771035583 3.70605425718916 7548928 999
1454607202659 310094 51.0579546889153 3.70615477756919 5993180 1000
1454607203659 311094 51.0579264819196 3.70624711326794 5765960 1000
1454607204660 312095 51.0578971978432 3.70634009587315 6276716 1001
1454607205660 313095 51.0578693693082 3.7064334441896 1986560 1000
1454607206660 314095 51.0578370879413 3.70652842485146 6033408 1000
1454607207659 315094 51.0578014538327 3.70662714723592 7041024 999
1454607208660 316095 51.0577550165078 3.70672912599972 6868992 1001
1454607209659 317094 51.057715309923 3.70683636522668 7598080 999
1454607210660 318095 51.0576905375341 3.706949652518 3428352 1001
1454607211659 319094 51.0576853914373 3.70707082622486 4087808 999
1454607212659 320094 51.0576908216351 3.70719084674014 6594560 1000
1454607213659 321094 51.0576801462704 3.70730098092705 6965248 1000
1454607214659 322094 51.0576679946113 3.70741364108242 6963200 1000
1454607215659 323094 51.0576534880925 3.70752337798856 3866624 1000
1454607216660 324095 51.0576329892044 3.70762388053348 3807232 1001
1454607217659 325094 51.0576134171237 3.70772071170396 6875136 999
1454607218659 326094 51.057592901129 3.70781944780742 6782976 1000
1454607219660 327095 51.0575735834628 3.70792054217581 7036928 1001
1454607220659 328094 51.0575485681498 3.70801245451353 3252224 999
1454607221660 329095 51.0575159803556 3.70808647678921 4882432 1001
1454607222660 330095 51.0574809556942 3.7081386552659 6688768 1000
1454607223660 331095 51.0574444117581 3.70819521627868 5212704 1000
1454607224659 332094 51.0574064561124 3.70826562114631 3654376 999
1454607225659 333094 51.0573577428974 3.70834124293587 2914984 1000
1454607226660 334095 51.0573029342223 3.70841863344287 3568636 1001
1454607227659 335094 51.0572526220599 3.70850691814476 3499408 999
1454607228660 336095 51.0572022005449 3.70859999214233 4191684 1001
1454607229659 337094 51.0571566370574 3.70869223619004 4380896 999
1454607230660 338095 51.0571145769495 3.70877193780872 2966020 1001
1454607231660 339095 51.0570791788713 3.70883770755828 5360576 1000
1454607232659 340094 51.0570451938637 3.70890133153808 3739352 999
1454607233660 341095 51.0570149724833 3.70895402411061 4251592 1001
1454607234660 342095 51.0569920966057 3.70899271663165 3142188 1000
1454607235659 343094 51.0569807944199 3.70901578025072 2844228 999
1454607236659 344094 51.0569807944199 3.70901578025072 3975304 1000
1454607237659 345094 51.0569852550732 3.70902883180072 3603204 1000
1454607238659 346094 51.0569852550732 3.70902883180072 3571552 1000
1454607239659 347094 51.0569852550732 3.70902883180072 3667260 1000
1454607240660 348095 51.0569852550732 3.70902883180072 3265896 1001
1454607241659 349094 51.0569852550732 3.70902883180072 3417904 999
1454607242659 350094 51.0569852550732 3.70902883180072 3329300 1000
1454607243659 351094 51.0569852550732 3.70902883180072 3398956 1000
1454607244660 352095 51.0569852550732 3.70902883180072 3170988 1001
1454607245659 353094 51.0569852550732 3.70902883180072 2841328 999
1454607246659 354094 51.0569852550732 3.70902883180072 3875964 1000
1454607247660 355095 51.0569852550732 3.70902883180072 4165112 1001
1454607248659 356094 51.0569852550732 3.70902883180072 3641908 999
1454607249659 357094 51.0569852550732 3.70902883180072 2985560 1000
1454607250659 358094 51.0569852550732 3.70902883180072 2288820 1000
1454607251659 359094 51.0569852550732 3.70902883180072 3404952 1000
1454607252659 360094 51.0569852550732 3.70902883180072 3435532 1000
1454607253660 361095 51.0569852550732 3.70902883180072 3678304 1001
1454607254660 362095 51.0569852550732 3.70902883180072 2860844 1000
1454607255659 363094 51.0569852550732 3.70902883180072 2509668 999
1454607256660 364095 51.0569852550732 3.70902883180072 3079840 1001
1454607257659 365094 51.0569852550732 3.70902883180072 3026908 999
1454607258660 366095 51.0569852550732 3.70902883180072 3126012 1001
1454607259660 367095 51.0569852550732 3.70902883180072 3496768 1000
1454607260659 368094 51.0569852550732 3.70902883180072 2863412 999
1454607261660 369095 51.0569852550732 3.70902883180072 4156916 1001
1454607262659 370094 51.0569852550732 3.70902883180072 3119272 999
1454607263660 371095 51.0569852550732 3.70902883180072 3069244 1001
1454607264659 372094 51.0569852550732 3.70902883180072 2844744 999
1454607265660 373095 51.0569852550732 3.70902883180072 2677256 1001
1454607266659 374094 51.0569852550732 3.70902883180072 2922024 999
1454607267659 375094 51.0569852550732 3.70902883180072 2628600 1000
1454607268659 376094 51.0569852550732 3.70902883180072 2162192 1000
1454607269660 377095 51.0569852550732 3.70902883180072 1950556 1001
1454607270659 378094 51.0569852550732 3.70902883180072 2183024 999
1454607271660 379095 51.0569852550732 3.70902883180072 3351064 1001
1454607272659 380094 51.0569852550732 3.70902883180072 3192476 999
1454607273659 381094 51.0569852550732 3.70902883180072 1921936 1000
1454607274659 382094 51.0569852550732 3.70902883180072 4496928 1000
1454607275659 383094 51.0569852550732 3.70902883180072 2882260 1000
1454607276659 384094 51.0569852550732 3.70902883180072 3371424 1000
1454607277659 385094 51.0569852550732 3.70902883180072 3580184 1000
1454607278659 386094 51.0569852550732 3.70902883180072 3241084 1000
1454607279659 387094 51.0569852550732 3.70902883180072 2745176 1000
1454607280659 388094 51.0569852550732 3.70902883180072 3500952 1000
1454607281659 389094 51.0569852550732 3.70902883180072 3195912 1000
1454607282659 390094 51.0569852550732 3.70902883180072 3275684 1000
1454607283659 391094 51.0569852550732 3.70902883180072 2294240 1000
1454607284659 392094 51.0569852550732 3.70902883180072 4463008 1000
1454607285659 393094 51.0569852550732 3.70902883180072 2135028 1000
1454607286659 394094 51.0569852550732 3.70902883180072 2880828 1000
1454607287659 395094 51.0569852550732 3.70902883180072 3085208 1000
1454607288659 396094 51.0569852550732 3.70902883180072 3047128 1000
1454607289660 397095 51.0569852550732 3.70902883180072 2805188 1001
1454607290659 398094 51.0569852550732 3.70902883180072 3149576 999
1454607291659 399094 51.0569852550732 3.70902883180072 3001996 1000
1454607292660 400095 51.0569852550732 3.70902883180072 2983776 1001
1454607293659 401094 51.0569852550732 3.70902883180072 3456528 999
1454607294659 402094 51.0569852550732 3.70902883180072 3309780 1000
1454607295659 403094 51.0569852550732 3.70902883180072 2854852 1000
1454607296660 404095 51.0569852550732 3.70902883180072 3279896 1001
1454607297659 405094 51.0569852550732 3.70902883180072 2902244 999
1454607298659 406094 51.0569852550732 3.70902883180072 2996604 1000
1454607299660 407095 51.0569852550732 3.70902883180072 2876632 1001
1454607300659 408094 51.0569852550732 3.70902883180072 2853008 999
1454607301659 409094 51.0569762308526 3.70905526919916 3395828 1000
1454607302659 410094 51.0569591646584 3.70908066459865 2990356 1000
1454607303660 411095 51.0569359507115 3.70911171505568 3213632 1001
1454607304660 412095 51.0569109829175 3.70915087275001 2880676 1000
1454607305659 413094 51.0568907135291 3.70919652893321 2919640 999
1454607306659 414094 51.0568749370513 3.70925426186213 2628728 1000
1454607307660 415095 51.0568604445573 3.70930913991554 1042004 1001
1454607308659 416094 51.0568468927413 3.70936004978461 2260468 999
1454607309660 417095 51.0568354345057 3.70940142884261 1166776 1001
1454607310660 418095 51.0568232998922 3.70944087329245 2854160 1000
1454607311659 419094 51.0568090202643 3.70948320983092 5582552 999
1454607312660 420095 51.0567881326582 3.70952488922107 3319216 1001
1454607313660 421095 51.0567732763018 3.70957063774538 2042972 1000
1454607314660 422095 51.0567571261658 3.70961461824903 1672116 1000
1454607315659 423094 51.0567382572577 3.70965081881664 1029872 999
1454607316659 424094 51.0567231136386 3.70969185206965 3041892 1000
1454607317659 425094 51.0567093995336 3.7097302273371 3042956 1000
1454607318659 426094 51.0567047146548 3.70977403277564 3319892 1000
1454607319660 427095 51.0567099669028 3.7098123080771 2943588 1001
1454607320659 428094 51.0567248209419 3.70984851728761 2874104 999
1454607321660 429095 51.056756500678 3.70989046963682 3034828 1001
1454607322660 430095 51.0568053963425 3.70993875545735 2445272 1000
1454607323659 431094 51.0568685554776 3.70998773594395 2530196 999
1454607324659 432094 51.0569472565248 3.71003378229742 2133108 1000
1454607325659 433094 51.0570376995409 3.71006939340469 1992164 1000
1454607326659 434094 51.0571319472797 3.7100993703636 1952860 1000
1454607327660 435095 51.0572211859933 3.71012072291273 1857544 1001
1454607328660 436095 51.0573080965644 3.71013016586845 2123776 1000
1454607329660 437095 51.0573967694923 3.71013886719878 2538956 1000
1454607330660 438095 51.0574895764375 3.71014969208117 2737840 1000
1454607331661 439096 51.0575864564917 3.71016367707824 2628548 1001
1454607332660 440095 51.0576894484563 3.71018203974592 2566748 999
1454607333659 441094 51.0577972881191 3.71020389465753 2836088 999
1454607334659 442094 51.0579034190608 3.71021602355109 3042488 1000
1454607335659 443094 51.0580109686451 3.71022535028863 2441908 1000
1454607336659 444094 51.0581201681354 3.71025104529901 3983904 1000
1454607337659 445094 51.0582251295228 3.71028117863913 2759356 1000
1454607338659 446094 51.0583221198532 3.7103099362992 3243288 1000
1454607339659 447094 51.0584137149476 3.71033882897629 3328912 1000
1454607340659 448094 51.0584934590787 3.71036362753033 2609028 1000
1454607341660 449095 51.0585630007922 3.71041794005364 2315864 1001
1454607342659 450094 51.0586259855626 3.71051212254553 1701176 999
1454607343659 451094 51.0586782288609 3.71061147845145 753532 1000
1454607344659 452094 51.0587353060952 3.71074308416743 617384 1000
1454607345659 453094 51.0587951745129 3.71087844060646 496064 1000
1454607346659 454094 51.058857095044 3.71101817845788 1834628 1000
1454607347659 455094 51.0589189220762 3.71114700211176 2808636 1000
1454607348659 456094 51.0589781163242 3.71126354793014 3059624 1000
1454607349660 457095 51.0590340718645 3.71136936799885 3411892 1001
1454607350661 458096 51.0590853773152 3.71146246026408 3342456 1001
1454607351659 459094 51.0591324830358 3.71154762631058 3831080 998
1454607352659 460094 51.0591694102454 3.71162218855473 3397272 1000
1454607353660 461095 51.0591949573786 3.7116709537335 3468304 1001
1454607354659 462094 51.0592075284033 3.71169302767834 4926392 999
1454607355660 463095 51.0592075284033 3.71169302767834 4591984 1001
1454607356659 464094 51.0592075284033 3.71169302767834 2488320 999
1454607357660 465095 51.0592075284033 3.71169302767834 7131136 1001
1454607358659 466094 51.0592075284033 3.71169302767834 7376896 999
1454607359659 467094 51.0592075284033 3.71169302767834 3845364 1000
1454607360659 468094 51.0592075284033 3.71169302767834 3829760 1000
1454607361661 469096 51.0592075284033 3.71169302767834 2695168 1002
1454607362659 470094 51.0592075284033 3.71169302767834 4237312 998
1454607363659 471094 51.0592075284033 3.71169302767834 7434240 1000
1454607364659 472094 51.0592075284033 3.71169302767834 6893640 1000
1454607365659 473094 51.0592075284033 3.71169302767834 4755328 1000
1454607366659 474094 51.0592075284033 3.71169302767834 3547136 1000
1454607367659 475094 51.0592075284033 3.71169302767834 5261964 1000
1454607368659 476094 51.0592075284033 3.71169302767834 3802708 1000
1454607369659 477094 51.0592075284033 3.71169302767834 4025128 1000
1454607370660 478095 51.0592075284033 3.71169302767834 4028060 1001
1454607371659 479094 51.0592075284033 3.71169302767834 3501148 999
1454607372659 480094 51.0592075284033 3.71169302767834 5308136 1000
1454607373659 481094 51.0592075284033 3.71169302767834 4586956 1000
1454607374659 482094 51.0592075284033 3.71169302767834 4241536 1000
1454607375660 483095 51.0592075284033 3.71169302767834 4328208 1001
1454607376660 484095 51.0592075284033 3.71169302767834 3350528 1000
1454607377659 485094 51.0592075284033 3.71169302767834 3883628 999
1454607378659 486094 51.0592075284033 3.71169302767834 2194260 1000
1454607379660 487095 51.0592075284033 3.71169302767834 1953796 1001
1454607380659 488094 51.0592075284033 3.71169302767834 2116100 999
1454607381660 489095 51.0592075284033 3.71169302767834 2619580 1001
1454607382659 490094 51.0592075284033 3.71169302767834 4270048 999
1454607383659 491094 51.0592075284033 3.71169302767834 4267224 1000
1454607384660 492095 51.0592215731959 3.71170736338094 4135020 1001
1454607385659 493094 51.0592448350316 3.71172162427434 4462368 999
1454607386659 494094 51.0592840104656 3.71174344962715 3178496 1000
