1454606300026 803 51.0388624318293 3.73741474051596 1629032 803
1454606301026 1803 51.0387995468391 3.73724760221691 3192064 1000
1454606302027 2804 51.0387508380419 3.73706716344999 3503764 1001
1454606303026 3803 51.03868208766 3.73667297465359 3853620 999
1454606304026 4803 51.0386490795969 3.73647092483254 2666344 1000
1454606305026 5803 51.0386063325979 3.73624902337322 2314516 1000
1454606306026 6803 51.038566167081 3.73601573262771 1528684 1000
1454606307026 7803 51.0385511011409 3.73576246105763 1211800 1000
1454606308026 8803 51.0385303551025 3.73553751630505 1926292 1000
1454606309026 9803 51.038524583297 3.73531573205818 3444140 1000
1454606310026 10803 51.0385213240767 3.73513019323632 2708832 1000
1454606311026 11803 51.0385133311474 3.73497892433732 2995904 1000
1454606312027 12804 51.0385013247 3.73485189395664 2200636 1001
1454606313036 13813 51.0384828119294 3.734727675614 1071660 1009
1454606314026 14803 51.0384663651695 3.73459779257088 2189800 990
1454606315029 15806 51.038452020759 3.7344632404536 1974872 1003
1454606316029 16806 51.0384429968451 3.73432852328963 2238976 1000
1454606317033 17810 51.0384396171003 3.73420054521415 1883936 1004
1454606318026 18803 51.0384365244572 3.73407303381783 2050280 993
1454606319029 19806 51.0384328495233 3.73394555731685 1759736 1003
1454606320026 20803 51.0384279835988 3.73380716417587 1937076 997
1454606321027 21804 51.0384279835988 3.73380716417587 490672 1001
1454606322027 22804 51.0384228812849 3.73350466548205 3581952 1000
1454606323026 23803 51.0384228812849 3.73350466548205 222104 999
1454606324026 24803 51.0384280308286 3.73334740653036 4031868 1000
1454606325026 25803 51.0384430092605 3.7330217638015 2847676 1000
1454606326026 26803 51.0384430092605 3.7330217638015 2720264 1000
1454606327026 27803 51.0384452163899 3.73285353875363 3301344 1000
1454606328027 28804 51.038455614675 3.73268830661092 3819440 1001
1454606329027 29804 51.0384851656217 3.73235980376169 2910384 1000
1454606330026 30803 51.0384966946301 3.73220683303747 1292680 999
1454606331026 31803 51.0384966946301 3.73220683303747 1907420 1000
1454606332027 32804 51.0385053301818 3.73206596607626 3862020 1001
1454606333027 33804 51.0385085486431 3.73193451319863 3362612 1000
1454606334026 34803 51.0385138828093 3.73174836002068 3543192 999
1454606335027 35804 51.0385143125423 3.7316886799995 2408876 1001
1454606336026 36803 51.0385143125423 3.7316886799995 2368436 999
1454606337026 37803 51.0385225611035 3.73164716310147 2991368 1000
1454606338027 38804 51.0385407957631 3.73160789640435 2410496 1001
1454606339026 39803 51.0385407957631 3.73160789640435 5181284 999
1454606340026 40803 51.0385407957631 3.73160789640435 3819352 1000
1454606341027 41804 51.0385407957631 3.73160789640435 3724504 1001
1454606342026 42803 51.0385407957631 3.73160789640435 4288560 999
1454606343027 43804 51.0385407957631 3.73160789640435 4140380 1001
1454606344027 44804 51.0385407957631 3.73160789640435 4094880 1000
1454606345026 45803 51.0385407957631 3.73160789640435 3905804 999
1454606346027 46804 51.0385407957631 3.73160789640435 4199072 1001
1454606347026 47803 51.0385407957631 3.73160789640435 4362000 999
1454606348026 48803 51.0385407957631 3.73160789640435 4152040 1000
1454606349026 49803 51.0385407957631 3.73160789640435 1962644 1000
1454606350027 50804 51.0385407957631 3.73160789640435 5257400 1001
1454606351026 51803 51.0385407957631 3.73160789640435 6295528 999
1454606352026 52803 51.0385407957631 3.73160789640435 3576044 1000
1454606353026 53803 51.0385407957631 3.73160789640435 3387392 1000
1454606354026 54803 51.0385407957631 3.73160789640435 6031984 1000
1454606355026 55803 51.0385407957631 3.73160789640435 3860620 1000
1454606356026 56803 51.0385407957631 3.73160789640435 4004908 1000
1454606357027 57804 51.0385407957631 3.73160789640435 3054568 1001
1454606358026 58803 51.0385407957631 3.73160789640435 3494016 999
1454606359026 59803 51.0385407957631 3.73160789640435 3560068 1000
1454606360026 60803 51.0385407957631 3.73160789640435 3183356 1000
1454606361027 61804 51.0385261657442 3.7315830929312 3222340 1001
1454606362027 62804 51.0385152588431 3.7315407139903 2374528 1000
1454606363027 63804 51.0385073805949 3.73148392156455 3208888 1000
1454606364027 64804 51.0385043629577 3.73141871171616 3019520 1000
1454606365026 65803 51.0385043629577 3.73141871171616 3123316 999
1454606366026 66803 51.0384954833475 3.73123872107089 3574896 1000
1454606367026 67803 51.0384942410841 3.73112146681878 3155824 1000
1454606368026 68803 51.0384931060459 3.73098859184319 3047672 1000
1454606369026 69803 51.0384917101134 3.73086000715309 3336352 1000
1454606370027 70804 51.0384818784996 3.73072726581604 3143484 1001
1454606371026 71803 51.0384720992943 3.73058866121187 3156836 999
1454606372026 72803 51.0384720545228 3.73044740984364 3223248 1000
1454606373027 73804 51.0384720545228 3.73044740984364 291272 1001
1454606374027 74804 51.0384791283142 3.73015586430222 4159124 1000
1454606375026 75803 51.0384791283142 3.73015586430222 2926508 999
1454606376026 76803 51.0384857893976 3.72986023801324 2577376 1000
1454606377027 77804 51.0384877816465 3.72970276878762 2046964 1001
1454606378026 78803 51.0384930170359 3.7295467733338 1997036 999
1454606379026 79803 51.0385035547198 3.72940128763432 1840176 1000
1454606380026 80803 51.0385110252507 3.72926543059828 1369412 1000
1454606381026 81803 51.0385194425281 3.72912289206204 1097272 1000
1454606382026 82803 51.0385262581279 3.72897629897381 161092 1000
1454606383031 83808 51.0385309752627 3.72882286487947 2949444 1005
1454606384027 84804 51.0385365173749 3.72866230925002 1643264 996
1454606385026 85803 51.0385404445783 3.72849996429497 1699076 999
1454606386026 86803 51.0385455437237 3.72833785115762 1738920 1000
1454606387027 87804 51.0385501106547 3.72817124622849 1617600 1001
1454606388026 88803 51.0385501106547 3.72817124622849 1478108 999
1454606389027 89804 51.038552397112 3.72782859698199 2024048 1001
1454606390027 90804 51.0385512169323 3.72765487862515 2192496 1000
1454606391026 91803 51.0385512169323 3.72765487862515 2298808 999
1454606392028 92805 51.0385474057323 3.72747515117311 2972624 1002
1454606393026 93803 51.0385466160827 3.72729076089598 1795548 998
1454606394027 94804 51.0385455419391 3.72710998602833 4423632 1001
1454606395026 95803 51.0385472501326 3.72693726235396 3902848 999
1454606396026 96803 51.0385509640423 3.72677246998428 4254288 1000
1454606397027 97804 51.0385563078947 3.72661290643725 4568632 1001
1454606398026 98803 51.0385617402626 3.72645678378092 3697408 999
1454606399027 99804 51.0385730652305 3.72629920944514 4780032 1001
1454606400027 100804 51.0385905810013 3.72614498353402 4202084 1000
1454606401026 101803 51.0386117755601 3.72598741700518 3394468 999
1454606402027 102804 51.0386330195389 3.72582681269582 3349656 1001
1454606403026 103803 51.0386543651143 3.72566480148546 2485740 999
1454606404026 104803 51.0386543651143 3.72566480148546 2579468 1000
1454606405027 105804 51.038719348842 3.72535448458588 2265988 1001
1454606406027 106804 51.0387721073758 3.72521253907633 2352260 1000
1454606407027 107804 51.0388444096292 3.72507717673598 2997952 1000
1454606408027 108804 51.0389248258949 3.72494955291479 2945796 1000
1454606409026 109803 51.0390115701041 3.72482144545851 2994244 999
1454606410027 110804 51.0391007519231 3.72468752543826 3862668 1001
1454606411026 111803 51.0391823484622 3.72455701741906 3487924 999
1454606412026 112803 51.0392619109509 3.72443260831215 3817124 1000
1454606413026 113803 51.039346529351 3.72431684942399 2753140 1000
1454606414026 114803 51.0394250184614 3.72419059053458 3178604 1000
1454606415026 115803 51.0394925643532 3.72406972723424 3486444 1000
1454606416026 116803 51.039551095589 3.7239568523626 3507420 1000
1454606417026 117803 51.0395982336134 3.72386789407203 3360984 1000
1454606418026 118803 51.0396561675494 3.72377201879403 3338808 1000
1454606419027 119804 51.0396671246081 3.72374810060483 3364452 1001
1454606420026 120803 51.0396671246081 3.72374810060483 3287412 999
1454606421026 121803 51.0396671246081 3.72374810060483 3377100 1000
1454606422027 122804 51.0396671246081 3.72374810060483 3515584 1001
1454606423027 123804 51.0396648450015 3.72377396922439 3472244 1000
1454606424026 124803 51.0396609385025 3.72378710064506 3401364 999
1454606425026 125803 51.0396609385025 3.72378710064506 933596 1000
1454606426026 126803 51.0396609385025 3.72378710064506 3265476 1000
1454606427026 127803 51.0396609385025 3.72378710064506 4037052 1000
1454606428028 128805 51.0396609385025 3.72378710064506 92160 1002
1454606429026 129803 51.0396609385025 3.72378710064506 3125516 998
1454606430026 130803 51.0396609385025 3.72378710064506 2084760 1000
1454606431026 131803 51.0396609385025 3.72378710064506 1948456 1000
1454606432026 132803 51.0396609385025 3.72378710064506 2211576 1000
1454606433026 133803 51.0396609385025 3.72378710064506 2652708 1000
1454606434026 134803 51.0396609385025 3.72378710064506 2737088 1000
1454606435026 135803 51.0396609385025 3.72378710064506 1834940 1000
1454606436027 136804 51.0396609385025 3.72378710064506 1890648 1001
1454606437026 137803 51.0396609385025 3.72378710064506 2275708 999
1454606438026 138803 51.0396609385025 3.72378710064506 2228452 1000
1454606439026 139803 51.0396609385025 3.72378710064506 1694928 1000
1454606440026 140803 51.0396609385025 3.72378710064506 1515828 1000
1454606441026 141803 51.0396609385025 3.72378710064506 1757764 1000
1454606442026 142803 51.0396698105333 3.72377633444017 1270776 1000
1454606443026 143803 51.0396901446142 3.72375495331579 1639556 1000
1454606444056 144833 51.0397236885164 3.72371734544422 1707916 1030
1454606445027 145804 51.0397236885164 3.72371734544422 2172328 971
1454606446026 146803 51.0397635641753 3.72366516797425 3172908 999
1454606447026 147803 51.0398535667396 3.7235303465468 3461948 1000
1454606448026 148803 51.0399070140926 3.72343032258918 2951608 1000
1454606449026 149803 51.0399491804035 3.72328842466977 3159680 1000
1454606450026 150803 51.0399905268085 3.72317082111223 3366500 1000
1454606451026 151803 51.0400372918981 3.72304800694018 3336664 1000
1454606452027 152804 51.0400935672736 3.72292937293087 2396484 1001
1454606453026 153803 51.0401546653819 3.72281761628964 1890288 999
1454606454058 154835 51.040219623807 3.7226978124962 2240528 1032
1454606455058 155835 51.0402886245014 3.7225575017461 1257736 1000
1454606456064 156841 51.0403612761387 3.7224113439248 2403432 1006
1454606457065 157842 51.0403612761387 3.7224113439248 106492 1001
1454606458026 158803 51.0404347303091 3.72226954997393 3388872 961
1454606459026 159803 51.0405796306719 3.72199291563024 4111400 1000
1454606460027 160804 51.0405796306719 3.72199291563024 3843928 1001
1454606461026 161803 51.0406529382987 3.72185213228716 4776016 999
1454606462027 162804 51.0407224095881 3.72170082701587 5332368 1001
1454606463026 163803 51.0407950800457 3.72156384143392 5355900 999
1454606464027 164804 51.0408660943098 3.72143065840574 1405416 1001
1454606465026 165803 51.0409335053138 3.72130470167001 2877440 999
1454606466026 166803 51.0409984238749 3.72118378633885 7110656 1000
1454606467026 167803 51.0410605954752 3.7210676173843 7616512 1000
1454606468027 168804 51.041122060899 3.72096718464077 5572348 1001
1454606469027 169804 51.041122060899 3.72096718464077 4732928 1000
1454606470026 170803 51.0412379615556 3.72079488044333 5926912 999
1454606471026 171803 51.0413006624196 3.72071468654789 6499608 1000
1454606472027 172804 51.0413705922663 3.72063053850304 5621732 1001
1454606473027 173804 51.0414372146376 3.72053304263763 5733312 1000
1454606474027 174804 51.0415038428387 3.72042908827973 5382144 1000
1454606475026 175803 51.041566831192 3.72032199511448 4726784 999
1454606476026 176803 51.0416256114709 3.72021453047706 6854656 1000
1454606477027 177804 51.041675656064 3.72011423874606 6924248 1001
1454606478026 178803 51.0417158311065 3.7200200342065 5726208 999
1454606479026 179803 51.0417547676652 3.71993900871307 5777408 1000
1454606480026 180803 51.0417952521955 3.71986516091696 3399680 1000
1454606481026 181803 51.0418324528805 3.71979075491746 6266880 1000
1454606482026 182803 51.0418717806493 3.71971489943842 7446528 1000
1454606483026 183803 51.0419157585252 3.71962668715362 5769216 1000
1454606484026 184803 51.0419682973671 3.71953271498795 6238208 1000
1454606485026 185803 51.0420219447542 3.71942628739367 4777984 1000
1454606486027 186804 51.0420709954877 3.71930046300973 6514688 1001
1454606487026 187803 51.0421249488233 3.71917767558744 4349312 999
1454606488027 188804 51.0421831769942 3.71906012413885 6955008 1001
1454606489026 189803 51.0422370695284 3.71894097472985 5175296 999
1454606490026 190803 51.0422981254842 3.718822899022 6637568 1000
1454606491026 191803 51.0423487156147 3.71871056463374 3223552 1000
1454606492027 192804 51.0423977098536 3.71860886155904 7380992 1001
1454606493026 193803 51.0424478071758 3.718513357528 7352320 999
1454606494026 194803 51.0424977124051 3.71842137184367 6385664 1000
1454606495026 195803 51.0425408274286 3.71833849043297 5496832 1000
1454606496026 196803 51.0425806777423 3.71826668397288 3557376 1000
1454606497026 197803 51.0426215386316 3.71819828764589 7313408 1000
1454606498027 198804 51.0426616923712 3.71812306168383 7115644 1001
1454606499026 199803 51.0427007783231 3.71804371454711 5332864 999
1454606500026 200803 51.0427809074308 3.71789433221323 5010516 1000
1454606501026 201803 51.0427809074308 3.71789433221323 2842472 1000
1454606502027 202804 51.0428763083513 3.71772487300727 3792384 1001
1454606503026 203803 51.042920340562 3.71762734430408 4006256 999
1454606504026 204803 51.0429620855183 3.71752535596733 3640048 1000
1454606505026 205803 51.0430062928791 3.71742429091157 3657740 1000
1454606506027 206804 51.0430062928791 3.71742429091157 3727464 1001
1454606507026 207803 51.0430553332015 3.71731509959381 5281820 999
1454606508027 208804 51.0431659248317 3.7170743331922 4492568 1001
1454606509027 209804 51.0431659248317 3.7170743331922 2570636 1000
1454606510026 210803 51.0432271212786 3.71693942813546 4665428 999
1454606511026 211803 51.043298568989 3.71680063133186 4463048 1000
1454606512027 212804 51.0433730463641 3.71665352254815 5699584 1001
1454606513026 213803 51.0434494275413 3.71650329024565 4580444 999
1454606514026 214803 51.0435254740554 3.71636042775942 3314732 1000
1454606515026 215803 51.0435997814342 3.71621850245807 4069612 1000
1454606516026 216803 51.0436742507414 3.71608267885058 3822928 1000
1454606517028 217805 51.0438168644948 3.71581181951625 3422080 1002
1454606518026 218803 51.0438841122061 3.71567917356503 2440372 998
1454606519027 219804 51.0438841122061 3.71567917356503 2159496 1001
1454606520026 220803 51.0439512813359 3.71554955046903 3684504 999
1454606521026 221803 51.0440169077862 3.71542248460279 3222648 1000
1454606522026 222803 51.0440827628603 3.71529914363442 3584332 1000
1454606523026 223803 51.0442065799949 3.71507296807979 4083668 1000
1454606524027 224804 51.0442611604774 3.71497451931325 2206100 1001
1454606525027 225804 51.0443106484939 3.71488867705267 1404616 1000
1454606526031 226808 51.0443539273379 3.71481970867705 1935728 1004
1454606527026 227803 51.0443928455629 3.71476515942951 2263216 995
1454606528027 228804 51.0444260919451 3.71472749443872 3583972 1001
1454606529027 229804 51.0444532303663 3.71470273809654 3514672 1000
1454606530026 230803 51.0444532303663 3.71470273809654 3662516 999
1454606531026 231803 51.0444691543454 3.71468797675477 4337268 1000
1454606532026 232803 51.0444691543454 3.71468797675477 3942344 1000
1454606533052 233829 51.0444691543454 3.71468797675477 3168748 1026
1454606534026 234803 51.0444691543454 3.71468797675477 3850844 974
1454606535039 235816 51.0444813217537 3.71466220488041 1813656 1013
1454606536047 236824 51.0445020157548 3.71463651571719 2786316 1008
1454606537053 237830 51.0445020157548 3.71463651571719 2055700 1006
1454606538026 238803 51.0445774119774 3.71457353537381 3223552 973
1454606539026 239803 51.0445774119774 3.71457353537381 1408140 1000
1454606540026 240803 51.0446250788901 3.71454175278243 4878744 1000
1454606541027 241804 51.0446721766553 3.71451485485765 3316536 1001
1454606542027 242804 51.044727448225 3.71448825747322 3706568 1000
1454606543027 243804 51.0447903114488 3.7144578660516 2867524 1000
1454606544026 244803 51.0449318175823 3.71441585838834 2628600 999
1454606545026 245803 51.0449318175823 3.71441585838834 2322656 1000
1454606546027 246804 51.0450044559756 3.71441410992431 2896516 1001
1454606547026 247803 51.0450821490633 3.71441149911155 3364892 999
1454606548027 248804 51.0452385066296 3.7144186662282 3128708 1001
1454606549026 249803 51.0452385066296 3.7144186662282 2059744 999
1454606550026 250803 51.0453134103097 3.71442326516004 2779576 1000
1454606551026 251803 51.0453886248588 3.71442650603808 2514020 1000
1454606552027 252804 51.0454585908785 3.71442667023246 2319908 1001
1454606553027 253804 51.0454585908785 3.71442667023246 2040872 1000
1454606554026 254803 51.0456699410375 3.7144177591066 2859108 999
1454606555026 255803 51.0457397245187 3.71438916512174 2337432 1000
1454606556028 256805 51.0458125070092 3.7143428702207 2277576 1002
1454606557026 257803 51.0458783961602 3.71428534966718 2321076 998
1454606558029 258806 51.0459395755118 3.71423455617187 1888624 1003
1454606559036 259813 51.0459879652846 3.71418049542518 1708564 1007
1454606560027 260804 51.0460289463939 3.71412196660391 2395396 991
1454606561036 261813 51.0460673187217 3.71405853929868 2187804 1009
1454606562036 262813 51.0460991365868 3.71399215636231 1951256 1000
1454606563042 263819 51.0461287277652 3.71392360095786 2435836 1006
1454606564052 264829 51.0461517529408 3.71385245778343 2235632 1010
1454606565073 265850 51.0461517529408 3.71385245778343 1389788 1021
1454606566026 266803 51.0461735534456 3.71377884000452 2916040 953
1454606567027 267804 51.0461920923053 3.7137025407264 1003456 1001
1454606568027 268804 51.0461920923053 3.7137025407264 1015808 1000
1454606569026 269803 51.0462652829577 3.71344214139804 6325888 999
1454606570030 270807 51.0462921406557 3.71335663848021 1737624 1004
1454606571041 271818 51.0463201796679 3.71327235165283 1349296 1011
1454606572053 272830 51.046346137422 3.71318538418892 1252396 1012
1454606573061 273838 51.0463678690983 3.71310468359727 1290632 1008
1454606574069 274846 51.0463862980186 3.71303015163612 1253692 1008
1454606575026 275803 51.0464078798585 3.71296138452161 2172224 957
1454606576027 276804 51.0464311914646 3.71289000539728 1908768 1001
1454606577026 277803 51.0464311914646 3.71289000539728 2034132 999
1454606578026 278803 51.0464844889122 3.7127370077127 2112316 1000
1454606579026 279803 51.0464844889122 3.7127370077127 2670492 1000
1454606580027 280804 51.0465408523838 3.71257980362934 2856308 1001
1454606581026 281803 51.0465676605351 3.71250395475697 2470884 999
1454606582026 282803 51.0465943066557 3.71243233121567 2694680 1000
1454606583027 283804 51.046617999312 3.71236548623013 2406152 1001
1454606584026 284803 51.0466388635035 3.71230387263465 1582552 999
1454606585027 285804 51.046654147323 3.71224993426595 1788796 1001
1454606586045 286822 51.0466619798483 3.71220705292083 2241804 1018
1454606587058 287835 51.0466653173491 3.71217648515561 2380488 1013
1454606588109 288886 51.0466676234108 3.71215118460072 2678296 1051
1454606589119 289896 51.0466692384209 3.71213174248617 2502120 1010
1454606590100 290877 51.0466724659813 3.71211706119042 2630052 981
1454606591114 291891 51.0466724659813 3.71211706119042 3140684 1014
1454606592123 292900 51.0466724659813 3.71211706119042 2782176 1009
1454606593179 293956 51.0466812466525 3.71208401175727 2642176 1056
1454606594186 294963 51.0466812466525 3.71208401175727 0 1007
1454606595027 295804 51.0467047313887 3.71198095311982 3566808 841
1454606596037 296814 51.0467047313887 3.71198095311982 0 1010
1454606597026 297803 51.0467335084595 3.71181037159478 3806316 989
1454606598026 298803 51.0467652844776 3.71170979372733 1533544 1000
1454606599035 299812 51.04680014573 3.71160107376431 1568640 1009
1454606600026 300803 51.04680014573 3.71160107376431 1570420 991
1454606601027 301804 51.0468379111685 3.7114888621395 2315864 1001
1454606602026 302803 51.0468800870266 3.71138090942825 2594252 999
1454606603027 303804 51.046923094444 3.71127636845086 2235632 1001
1454606604026 304803 51.0469716731493 3.71117342882447 2963060 999
1454606605026 305803 51.0470950850554 3.71095941881733 2842128 1000
1454606606027 306804 51.0471604348875 3.71084828327604 1618248 1001
1454606607032 307809 51.0472281573028 3.71074099031894 1453896 1005
1454606608026 308803 51.0473003019474 3.71063170801533 1575060 994
1454606609026 309803 51.0473733016521 3.71052360179661 1476060 1000
1454606610026 310803 51.0474469163883 3.71041761306897 1565028 1000
1454606611026 311803 51.0475170920514 3.7103216368752 1503772 1000
1454606612026 312803 51.0475916090102 3.71022610011375 1711208 1000
1454606613026 313803 51.0476660196413 3.71013243716633 1568424 1000
1454606614037 314814 51.0477416720371 3.71003744883025 1430280 1011
1454606615047 315824 51.0478142781254 3.70994451329148 1304112 1010
1454606616056 316833 51.0478820012408 3.70986013925723 1236168 1009
1454606617060 317837 51.0479423886533 3.70978771856088 1731532 1004
1454606618063 318840 51.0479903268432 3.70973048790727 1552144 1003
1454606619083 319860 51.0480284284209 3.70969602671 1562332 1020
1454606620094 320871 51.0480555108583 3.70967706473534 937560 1011
1454606621111 321888 51.0480708079656 3.70966600983207 658472 1017
1454606622114 322891 51.0480708079656 3.70966600983207 843200 1003
1454606623027 323804 51.0480797502819 3.70967898508977 3902220 913
1454606624026 324803 51.0480797502819 3.70967898508977 6778880 999
1454606625027 325804 51.0480797502819 3.70967898508977 7104512 1001
1454606626026 326803 51.0480797502819 3.70967898508977 6418432 999
1454606627026 327803 51.0480797502819 3.70967898508977 5877760 1000
1454606628026 328803 51.0480797502819 3.70967898508977 5042176 1000
1454606629027 329804 51.0480797502819 3.70967898508977 5206016 1001
1454606630027 330804 51.0480797502819 3.70967898508977 6844416 1000
1454606631026 331803 51.0480797502819 3.70967898508977 6590464 999
1454606632027 332804 51.0480797502819 3.70967898508977 6352896 1001
1454606633026 333803 51.0480797502819 3.70967898508977 6090752 999
1454606634026 334803 51.0480797502819 3.70967898508977 5769216 1000
1454606635026 335803 51.0480797502819 3.70967898508977 4993024 1000
1454606636026 336803 51.0480797502819 3.70967898508977 7479296 1000
1454606637026 337803 51.0480797502819 3.70967898508977 7006208 1000
1454606638026 338803 51.0480797502819 3.70967898508977 6080512 1000
1454606639026 339803 51.0480797502819 3.70967898508977 5339136 1000
1454606640026 340803 51.0480797502819 3.70967898508977 4974592 1000
1454606641026 341803 51.0480797502819 3.70967898508977 7344128 1000
1454606642026 342803 51.0480797502819 3.70967898508977 6510592 1000
1454606643026 343803 51.0480797502819 3.70967898508977 6629376 1000
1454606644026 344803 51.0480797502819 3.70967898508977 6193152 1000
1454606645027 345804 51.0480797502819 3.70967898508977 5431296 1001
1454606646026 346803 51.0480797502819 3.70967898508977 5107712 999
1454606647027 347804 51.0480797502819 3.70967898508977 7348224 1001
1454606648026 348803 51.0480797502819 3.70967898508977 5969920 999
1454606649026 349803 51.0480797502819 3.70967898508977 5838848 1000
1454606650026 350803 51.0480797502819 3.70967898508977 5607424 1000
1454606651026 351803 51.0480797502819 3.70967898508977 5328896 1000
1454606652026 352803 51.0480797502819 3.70967898508977 5502976 1000
1454606653027 353804 51.0480797502819 3.70967898508977 6727680 1001
1454606654027 354804 51.04810798412 3.7096616333703 5863424 1000
1454606655026 355803 51.0481457544107 3.70962707592913 6361088 999
1454606656027 356804 51.0481457544107 3.70962707592913 4233216 1001
1454606657026 357803 51.0482477728502 3.70951694760048 6172672 999
1454606658026 358803 51.0483135065003 3.70944614534965 5869568 1000
1454606659027 359804 51.0483876983067 3.70937293376003 5431296 1001
1454606660026 360803 51.0483876983067 3.70937293376003 4939776 999
1454606661026 361803 51.0483876983067 3.70937293376003 5017600 1000
1454606662026 362803 51.0484608547095 3.70929185856965 5308416 1000
1454606663026 363803 51.0484608547095 3.70929185856965 4628480 1000
1454606664026 364803 51.0487540121979 3.70877805837714 4030464 1000
1454606665026 365803 51.0487540121979 3.70877805837714 3821568 1000
1454606666026 366803 51.0488198426717 3.70862261620809 4321280 1000
1454606667026 367803 51.0489398056085 3.70829378513566 4777984 1000
1454606668027 368804 51.0489982929271 3.70813322741014 7034880 1001
1454606669026 369803 51.0490533691472 3.70798047610092 7153664 999
1454606670026 370803 51.0490993185185 3.70782190247345 5595136 1000
1454606671026 371803 51.0491434741102 3.7076586731588 6670336 1000
1454606672026 372803 51.0491883062646 3.70749573278742 3956736 1000
1454606673027 373804 51.0492353524926 3.70733905133327 6918144 1001
1454606674026 374803 51.0492787979329 3.70719041072556 7071744 999
1454606675026 375803 51.0493211748983 3.70704617537383 2924544 1000
1454606676026 376803 51.0493596888629 3.7069060605533 3690496 1000
1454606677026 377803 51.0493831432756 3.70676011574682 4911104 1000
1454606678027 378804 51.0493923793049 3.70661400071947 3278848 1001
1454606679026 379803 51.0493909621589 3.70647130719731 7059456 999
1454606680026 380803 51.0493788524707 3.70633768227606 7090176 1000
1454606681026 381803 51.0493645148776 3.70621243387342 5957632 1000
1454606682027 382804 51.0493496672596 3.70608861647981 5875712 1001
1454606683026 383803 51.0493374508043 3.70596589720558 5152768 999
1454606684026 384803 51.0493285169259 3.70584648983943 5812224 1000
1454606685026 385803 51.0493216120786 3.70572081929868 6703104 1000
1454606686027 386804 51.0493116903204 3.7054688753527 6694912 1001
1454606687027 387804 51.0493123838885 3.70535302976993 5504872 1000
1454606688026 388803 51.0493258570783 3.70523721753882 3849780 999
1454606689026 389803 51.0493496737045 3.70512453917739 3809452 1000
1454606690026 390803 51.0493842910028 3.70501909438553 3580988 1000
1454606691026 391803 51.0494284866708 3.7049126219896 2257200 1000
1454606692033 392810 51.0494284866708 3.7049126219896 1632428 1007
1454606693026 393803 51.0494801028722 3.70481499705765 529764 993
1454606694026 394803 51.0495324194462 3.70472455513299 694220 1000
1454606695026 395803 51.0496186719108 3.70454123153516 202616 1000
1454606696026 396803 51.0496571077113 3.7044461858298 1622576 1000
1454606697026 397803 51.0496986784329 3.70434886327789 3601856 1000
1454606698026 398803 51.0497420002773 3.70424240553892 1856196 1000
1454606699026 399803 51.0497903985158 3.70413145349325 1920900 1000
1454606700027 400804 51.0498394428259 3.70401664471729 656476 1001
1454606701027 401804 51.0498394428259 3.70401664471729 820932 1000
1454606702027 402804 51.0498836933371 3.70388892609538 2752616 1000
1454606703026 403803 51.049921134876 3.70375557426875 1567724 999
1454606704026 404803 51.0499524064875 3.70362111901054 1658040 1000
1454606705026 405803 51.0499781086448 3.70349434475565 2795752 1000
1454606706026 406803 51.0499995735891 3.70337622331238 6300968 1000
1454606707026 407803 51.0500254385375 3.70326549340916 2369368 1000
1454606708026 408803 51.050060366627 3.7031604899466 2694196 1000
1454606709026 409803 51.0501003265282 3.70306320183091 4438072 1000
1454606710026 410803 51.0501466436821 3.70297735691776 2677128 1000
1454606711026 411803 51.0502065189976 3.70289541705738 1953252 1000
1454606712027 412804 51.0502744655343 3.70281323216143 1670172 1001
1454606713026 413803 51.0503458384823 3.7027288910597 1412704 999
1454606714026 414803 51.0503458384823 3.7027288910597 933672 1000
1454606715026 415803 51.0504937373985 3.70255527785333 2733044 1000
1454606716026 416803 51.0505680004717 3.70246651593259 2360840 1000
1454606717026 417803 51.0506426565717 3.70237488682413 2170748 1000
1454606718027 418804 51.0507171415047 3.70228465982898 1628616 1001
1454606719026 419803 51.0507919275925 3.7021952962916 2089400 999
1454606720026 420803 51.0508634330281 3.70210549495476 2131836 1000
1454606721026 421803 51.0509322225267 3.70201541847483 2237032 1000
1454606722027 422804 51.0509998061488 3.7019248055296 2061092 1001
1454606723026 423803 51.0510652157561 3.70183566719303 2431092 999
1454606724026 424803 51.0511260737454 3.7017499727501 2256760 1000
1454606725027 425804 51.0511847978488 3.70166951785183 1930776 1001
1454606726027 426804 51.0512429629735 3.70159264375382 1493584 1000
1454606727026 427803 51.0512987396983 3.70151629547022 1519196 999
1454606728026 428803 51.0514082166102 3.70136548967303 2338576 1000
1454606729027 429804 51.0514082166102 3.70136548967303 2837772 1001
1454606730026 430803 51.051451388731 3.70129654757757 3574868 999
1454606731026 431803 51.0514834313594 3.70123892314218 3373112 1000
1454606732026 432803 51.0515056858318 3.70120168609449 4265124 1000
1454606733027 433804 51.0515232800957 3.70118292951146 3213332 1001
1454606734026 434803 51.0515351849623 3.70116232526542 4257792 999
1454606735026 435803 51.0515432962417 3.7011436149689 3834732 1000
1454606736026 436803 51.0515495994091 3.70112865523209 4845260 1000
1454606737026 437803 51.0515495994091 3.70112865523209 3600272 1000
1454606738026 438803 51.0515495994091 3.70112865523209 3870564 1000
1454606739026 439803 51.0515571865136 3.70111481734941 5840896 1000
1454606740027 440804 51.0515703481555 3.70109556451297 4227072 1001
1454606741027 441804 51.0516008851204 3.70106422257223 6860800 1000
1454606742026 442803 51.0516448906146 3.70101143592519 5705148 999
1454606743027 443804 51.0516898563841 3.700953602626 5331240 1001
1454606744026 444803 51.0517406110709 3.70088655736052 5593088 999
1454606745026 445803 51.0518022544064 3.70082321105286 3448832 1000
1454606746026 446803 51.0518639420443 3.70074065402736 6705152 1000
1454606747026 447803 51.0519245588908 3.70064477934056 7131136 1000
1454606748026 448803 51.0519873323277 3.70054781308527 5789696 1000
1454606749026 449803 51.0520531633908 3.70045214836727 5341184 1000
1454606750026 450803 51.0521218822264 3.7003551229184 4333568 1000
1454606751027 451804 51.0521937947437 3.70025635580131 6422528 1001
1454606752026 452803 51.0522660283909 3.70015483951383 7237632 999
1454606753026 453803 51.0523390633256 3.7000496115312 6096896 1000
1454606754026 454803 51.052412886662 3.6999427093435 5484544 1000
1454606755026 455803 51.0524844923789 3.69983844731374 4845568 1000
1454606756026 456803 51.0525550253289 3.69973857482854 4986880 1000
1454606757027 457804 51.0526273303367 3.69964022580561 7227392 1001
1454606758026 458803 51.0527012656867 3.69953865132954 6541312 999
1454606759026 459803 51.0527765410138 3.69943852630771 5867520 1000
1454606760027 460804 51.052853013723 3.69933989484944 5736448 1001
1454606761026 461803 51.0529276648841 3.69924427689461 3735552 999
1454606762027 462804 51.0529996203547 3.69914760164946 6864896 1001
1454606763026 463803 51.053072011399 3.69905203487233 7211008 999
1454606764026 464803 51.053146300477 3.69895790816813 5548032 1000
1454606765027 465804 51.0532249488585 3.69886686250243 5572608 1001
1454606766026 466803 51.0533023330673 3.69877422192644 5486592 999
1454606767027 467804 51.0533767397102 3.69867551554778 4964352 1001
1454606768027 468804 51.0534504216015 3.69858194838391 5027952 1000
1454606769026 469803 51.0535239118025 3.69849321471897 2768792 999
1454606770026 470803 51.0535963813486 3.69840358584221 2805448 1000
1454606771026 471803 51.0536678363414 3.69831065676678 4160144 1000
1454606772027 472804 51.0536678363414 3.69831065676678 4235264 1001
1454606773026 473803 51.0538083361291 3.69812668396057 6586368 999
1454606774027 474804 51.0538786866455 3.698030429756 6946816 1001
1454606775026 475803 51.0539491665004 3.69793309499443 5394432 999
1454606776026 476803 51.0540234695302 3.69783375426466 5124096 1000
1454606777027 477804 51.0540996936498 3.69773245187303 4399104 1001
1454606778027 478804 51.0541741462348 3.69763622513953 7124992 1000
1454606779026 479803 51.0542471946336 3.69754390300454 6868992 999
1454606780026 480803 51.0543180995897 3.69745301198941 5877760 1000
1454606781026 481803 51.0543887313407 3.69736168223004 5275648 1000
1454606782027 482804 51.0544604676966 3.69727230319718 4993024 1001
1454606783026 483803 51.0545321396682 3.6971823941527 5545984 999
1454606784026 484803 51.054603574169 3.69709212144707 7747584 1000
1454606785027 485804 51.054670776219 3.69700418669937 5562484 1001
1454606786027 486804 51.0547355985604 3.69691659912194 4862884 1000
1454606787027 487804 51.0548006918555 3.69683153488362 4165160 1000
1454606788027 488804 51.0548702241321 3.69674548988452 2676972 1000
1454606789026 489803 51.0549425173178 3.69665346712724 1651300 999
1454606790026 490803 51.0550154732267 3.69655508766455 1084544 1000
1454606791026 491803 51.0550899494377 3.69645464541225 4412836 1000
1454606792026 492803 51.0551660177751 3.69635266629598 4042996 1000
1454606793026 493803 51.0552442662146 3.69624849540175 5208092 1000
1454606794026 494803 51.0553213904623 3.69614236908803 3913012 1000
1454606795027 495804 51.0553964980889 3.6960381644245 4232304 1001
1454606796027 496804 51.0554674697295 3.69593832064696 5476224 1000
1454606797026 497803 51.0555356346992 3.69584320853563 5231564 999
1454606798026 498803 51.0556010252308 3.69575330737583 3379036 1000
1454606799026 499803 51.0556637575863 3.69567027051789 5850796 1000
1454606800027 500804 51.0557196036326 3.69559083763947 4055460 1001
1454606801027 501804 51.0557725323267 3.6955134344066 4376480 1000
1454606802026 502803 51.0558244982417 3.69544376725107 4842884 999
1454606803026 503803 51.0558725023188 3.69537751189365 5166144 1000
1454606804027 504804 51.055910405249 3.69531872573553 3560336 1001
1454606805027 505804 51.0559558314403 3.69523721264819 2008080 1000
1454606806032 506809 51.0559558314403 3.69523721264819 1341700 1005
1454606807026 507803 51.0559691438267 3.69522077204672 1881808 994
1454606808026 508803 51.0559691438267 3.69522077204672 3182284 1000
1454606809026 509803 51.0559691438267 3.69522077204672 4060572 1000
1454606810026 510803 51.0559691438267 3.69522077204672 4893188 1000
1454606811026 511803 51.0559701944207 3.69523553134411 5081960 1000
1454606812026 512803 51.0559701944207 3.69523553134411 4172060 1000
1454606813026 513803 51.0559701944207 3.69523553134411 5102440 1000
1454606814026 514803 51.0559701944207 3.69523553134411 3658504 1000
1454606815026 515803 51.0559701944207 3.69523553134411 5365528 1000
1454606816026 516803 51.0559701944207 3.69523553134411 4255276 1000
1454606817026 517803 51.0559701944207 3.69523553134411 4874108 1000
1454606818026 518803 51.0559701944207 3.69523553134411 4291068 1000
1454606819026 519803 51.0559701944207 3.69523553134411 4420456 1000
1454606820026 520803 51.0559701944207 3.69523553134411 4763648 1000
1454606821026 521803 51.0559701944207 3.69523553134411 5532696 1000
1454606822027 522804 51.0559701944207 3.69523553134411 4977372 1001
1454606823027 523804 51.0559701944207 3.69523553134411 4533724 1000
1454606824027 524804 51.0559701944207 3.69523553134411 4996964 1000
1454606825026 525803 51.0559701944207 3.69523553134411 3557376 999
1454606826026 526803 51.0559701944207 3.69523553134411 6151688 1000
1454606827026 527803 51.0559701944207 3.69523553134411 3661712 1000
1454606828026 528803 51.0559701944207 3.69523553134411 4456540 1000
1454606829027 529804 51.0559701944207 3.69523553134411 3801752 1001
1454606830027 530804 51.0559701944207 3.69523553134411 3667632 1000
1454606831026 531803 51.0559701944207 3.69523553134411 4100096 999
1454606832026 532803 51.0559701944207 3.69523553134411 3807312 1000
1454606833026 533803 51.0559701944207 3.69523553134411 4427976 1000
1454606834026 534803 51.0559701944207 3.69523553134411 3382908 1000
1454606835026 535803 51.0559701944207 3.69523553134411 4075748 1000
1454606836026 536803 51.0559701944207 3.69523553134411 3608576 1000
1454606837027 537804 51.0559701944207 3.69523553134411 5704976 1001
1454606838026 538803 51.0559701944207 3.69523553134411 4423560 999
1454606839026 539803 51.0559701944207 3.69523553134411 4986440 1000
1454606840026 540803 51.0559701944207 3.69523553134411 4761828 1000
1454606841027 541804 51.0559701944207 3.69523553134411 3393728 1001
1454606842027 542804 51.0559701944207 3.69523553134411 6203392 1000
1454606843026 543803 51.0559701944207 3.69523553134411 5188320 999
1454606844026 544803 51.0559701944207 3.69523553134411 4283576 1000
1454606845027 545804 51.0559701944207 3.69523553134411 3691708 1001
1454606846026 546803 51.0559701944207 3.69523553134411 3709928 999
1454606847027 547804 51.0559701944207 3.69523553134411 2622508 1001
1454606848027 548804 51.0559701944207 3.69523553134411 5818280 1000
1454606849026 549803 51.0559701944207 3.69523553134411 4942128 999
1454606850027 550804 51.0559701944207 3.69523553134411 4267744 1001
1454606851026 551803 51.0559701944207 3.69523553134411 3804068 999
1454606852026 552803 51.0559701944207 3.69523553134411 4411368 1000
1454606853026 553803 51.0559701944207 3.69523553134411 1097908 1000
1454606854026 554803 51.0559701944207 3.69523553134411 4755608 1000
1454606855026 555803 51.0559701944207 3.69523553134411 6749584 1000
1454606856026 556803 51.0559701944207 3.69523553134411 4289544 1000
1454606857026 557803 51.0559701944207 3.69523553134411 4552956 1000
1454606858026 558803 51.0559701944207 3.69523553134411 4086116 1000
1454606859026 559803 51.0559701944207 3.69523553134411 3219456 1000
1454606860027 560804 51.0559701944207 3.69523553134411 4563100 1001
1454606861026 561803 51.0559701944207 3.69523553134411 4481548 999
1454606862026 562803 51.0559701944207 3.69523553134411 4410268 1000
1454606863026 563803 51.0559701944207 3.69523553134411 4505148 1000
1454606864027 564804 51.0559701944207 3.69523553134411 2985984 1001
1454606865026 565803 51.0559701944207 3.69523553134411 6582376 999
