1454611811909 692 0 0 543244 692
1454611812910 1693 0 0 2444964 1001
1454611813910 2693 0 0 2056708 1000
1454611814909 3692 0 0 2786964 999
1454611815909 4692 0 0 2361696 1000
1454611816909 5692 0 0 2400140 1000
1454611817910 6693 51.0549965850334 3.71817376509202 2088316 1001
1454611818909 7692 51.0545147246701 3.71807963670388 1015808 999
1454611819909 8692 51.0544525795481 3.71806999788655 3449852 1000
1454611820909 9692 51.0544165554222 3.71804863818183 2122272 1000
1454611821909 10692 51.0544165554222 3.71804863818183 2047040 1000
1454611822909 11692 51.0544723801961 3.71798649040346 841152 1000
1454611823909 12692 51.0544545101973 3.71797288745637 1756444 1000
1454611824909 13692 51.0544545101973 3.71797288745637 1120188 1000
1454611825909 14692 51.0544545101973 3.71797288745637 935512 1000
1454611826910 15693 51.0544545101973 3.71797288745637 1343956 1001
1454611827909 16692 51.0544545101973 3.71797288745637 1159980 999
1454611828909 17692 51.0544545101973 3.71797288745637 1525236 1000
1454611829910 18693 51.0544545101973 3.71797288745637 1625144 1001
1454611830909 19692 51.0544545101973 3.71797288745637 1839216 999
1454611831910 20693 51.0544545101973 3.71797288745637 1496280 1001
1454611832909 21692 51.0544545101973 3.71797288745637 1375220 999
1454611833909 22692 51.0544545101973 3.71797288745637 2947816 1000
1454611834909 23692 51.0544545101973 3.71797288745637 2278120 1000
1454611835909 24692 51.0544545101973 3.71797288745637 2338780 1000
1454611836909 25692 51.0544741816156 3.71798818531927 784536 1000
1454611837909 26692 51.0544741816156 3.71798818531927 817588 1000
1454611838909 27692 51.0545033422094 3.71800645563099 2260104 1000
1454611839909 28692 51.0545264491078 3.71802885085916 3793064 1000
1454611840909 29692 51.0545349461732 3.7180434290676 3206716 1000
1454611841909 30692 51.0545607370179 3.71805886127404 3361856 1000
1454611842910 31693 51.0545801922397 3.71806604786148 2081096 1001
1454611843910 32693 51.0546071424026 3.71808993385203 2475376 1000
1454611844909 33692 51.0546356375246 3.71811018051527 3189368 999
1454611845909 34692 51.0546622611367 3.71812650189285 3328212 1000
1454611846909 35692 51.0546861038633 3.71814245137143 3513044 1000
1454611847909 36692 51.0547121664555 3.7181651033357 4074252 1000
1454611848910 37693 51.0547456873529 3.71818682612168 2885964 1001
1454611849909 38692 51.0547801944596 3.71821544586078 2094792 999
1454611850909 39692 51.0548112271236 3.71823176423909 1656044 1000
1454611851909 40692 51.054836205636 3.71824504750439 2034780 1000
1454611852909 41692 51.054858407033 3.71825634124536 1356088 1000
1454611853910 42693 51.0548775607655 3.71826904699673 1799580 1001
1454611854909 43692 51.0548972178865 3.71828080011082 1871024 999
1454611855909 44692 51.0549216509753 3.71828351247743 3465708 1000
1454611856909 45692 51.0549384428918 3.71829540043381 4525236 1000
1454611857909 46692 51.0549556752012 3.71829381599906 4199676 1000
1454611858909 47692 51.0549712834881 3.7182964812861 4477504 1000
1454611859909 48692 51.0549712834881 3.7182964812861 2589404 1000
1454611860909 49692 51.0550164558131 3.7183282472776 2223708 1000
1454611861909 50692 51.0550164558131 3.7183282472776 1766372 1000
1454611862909 51692 51.0550297595828 3.71833799734897 2238668 1000
1454611863909 52692 51.0550442689267 3.7183504063179 3810508 1000
1454611864909 53692 51.0550627516483 3.71835212954929 3221020 1000
1454611865910 54693 51.0550778658728 3.71835724239617 4683160 1001
1454611866909 55692 51.0550978244489 3.71836156581579 2713964 999
1454611867909 56692 51.0551179047064 3.7183605991436 2565244 1000
1454611868909 57692 51.0551383951759 3.71836341281629 3382008 1000
1454611869910 58693 51.0551535232074 3.71836810759933 3669996 1001
1454611870910 59693 51.0551666714609 3.71837163873976 4010892 1000
1454611871909 60692 51.0551768503364 3.71837555523288 5021900 999
1454611872909 61692 51.0551791022345 3.71839224460134 5611580 1000
1454611873910 62693 51.0551930369726 3.71840227967759 4239096 1001
1454611874909 63692 51.0552045637173 3.71840868347745 4825888 999
1454611875909 64692 51.0552045637173 3.71840868347745 3426416 1000
1454611876909 65692 51.0552146905203 3.7183975144098 2810132 1000
1454611877909 66692 51.0552238783739 3.7183936153456 4494840 1000
1454611878909 67692 51.0552358652173 3.71839479739579 5342864 1000
1454611879910 68693 51.0552358652173 3.71839479739579 4301112 1001
1454611880909 69692 51.0552474532545 3.71840557990408 4822416 999
1454611881909 70692 51.0552474532545 3.71840557990408 2535700 1000
1454611882909 71692 51.055258307318 3.71842858327652 1406976 1000
1454611883909 72692 51.055258307318 3.71842858327652 5910528 1000
1454611884910 73693 51.0552646819624 3.71844709234238 5308500 1001
1454611885909 74692 51.0552575340952 3.7184623797165 4163480 999
1454611886910 75693 51.0552575340952 3.7184623797165 1667012 1001
1454611887909 76692 51.0552557777593 3.71848904141716 4700264 999
1454611888909 77692 51.0552557777593 3.71848904141716 5147600 1000
1454611889909 78692 51.0552652601305 3.71851132201121 3950104 1000
1454611890909 79692 51.0552693413264 3.71852676052736 4084980 1000
1454611891909 80692 51.0552786266616 3.71854129003132 4931044 1000
1454611892909 81692 51.0552769415026 3.718563635261 3860192 1000
1454611893909 82692 51.055275300419 3.71858366166797 5771264 1000
1454611894909 83692 51.055275300419 3.71858366166797 6229728 1000
1454611895909 84692 51.055275300419 3.71858366166797 5484060 1000
1454611896910 85693 51.0552663316568 3.7186139706054 5466112 1001
1454611897910 86693 51.0552663316568 3.7186139706054 4952064 1000
1454611898909 87692 51.0552663316568 3.7186139706054 6328320 999
1454611899910 88693 51.0552624798792 3.71863105384532 3530752 1001
1454611900909 89692 51.0552626187362 3.71864899844313 6406144 999
1454611901909 90692 51.0552643418757 3.71867854528537 6517584 1000
1454611902909 91692 51.0552683234917 3.71870841713678 3340344 1000
1454611903909 92692 51.0552727371119 3.71873278946477 4849456 1000
1454611904909 93692 51.0552760955119 3.71875966229857 3169112 1000
1454611905909 94692 51.0552826331022 3.71877786620867 5265408 1000
1454611906909 95692 51.055290844958 3.71879471251031 7071744 1000
1454611907909 96692 51.055302680842 3.71881412143095 3862448 1000
1454611908909 97692 51.055302680842 3.71881412143095 2196804 1000
1454611909909 98692 51.0553117719018 3.71883414500911 5641816 1000
1454611910909 99692 51.0553194057764 3.71885505545744 3467684 1000
1454611911909 100692 51.0553194057764 3.71885505545744 4695804 1000
1454611912909 101692 51.0553098044455 3.71885899847365 4466788 1000
1454611913910 102693 51.0553098044455 3.71885899847365 5663640 1001
1454611914909 103692 51.0553001380355 3.7188716147407 3667000 999
1454611915909 104692 51.0552992774498 3.71889305328443 4477824 1000
1454611916909 105692 51.0553026928963 3.71891266715609 2976104 1000
1454611917909 106692 51.0553041756623 3.71892731606603 6293504 1000
1454611918909 107692 51.0553041756623 3.71892731606603 4452648 1000
1454611919910 108693 51.0552967781741 3.71893967861658 4372828 1001
1454611920909 109692 51.0552878734845 3.71895167922778 4002912 999
1454611921909 110692 51.0552816214742 3.71896511276569 4034856 1000
1454611922909 111692 51.0552719763263 3.71897989622043 3108196 1000
1454611923910 112693 51.0552649196086 3.71899569534918 2671036 1001
1454611924909 113692 51.0552516000708 3.71900693554225 4029172 999
1454611925910 114693 51.0552279704143 3.71903697707341 3865416 1001
1454611926910 115693 51.0551967343593 3.71906288356008 3864228 1000
1454611927910 116693 51.0551842725062 3.71908552329325 4641652 1000
1454611928909 117692 51.0551766135391 3.7191038823283 4663380 999
1454611929909 118692 51.0551802870734 3.71911917842721 903160 1000
1454611930909 119692 51.0551864519701 3.71913010319461 2994176 1000
1454611931909 120692 51.0551864519701 3.71913010319461 5793792 1000
1454611932909 121692 51.0551982838484 3.71914949710992 6575188 1000
1454611933909 122692 51.0552047278219 3.71916584748495 4750940 1000
1454611934909 123692 51.0552066854382 3.71918589407033 5439940 1000
1454611935909 124692 51.0552115166677 3.71920430849179 2420568 1000
1454611936909 125692 51.0552145141997 3.71922804605127 1040384 1000
1454611937910 126693 51.0552163961841 3.7192526506314 3434496 1001
1454611938910 127693 51.055215816474 3.71927357560289 4683776 1000
1454611939909 128692 51.0552138841461 3.71929509850966 3338240 999
1454611940909 129692 51.0552093083187 3.71931516911316 3268608 1000
1454611941909 130692 51.0552000074646 3.719334065569 2924544 1000
1454611942909 131692 51.0551936668519 3.71935292287695 5529600 1000
1454611943910 132693 51.0551949308183 3.7193692365713 7110656 1001
1454611944910 133693 51.0551961369969 3.71938383925501 5197824 1000
1454611945910 134693 51.0552053520455 3.71938765228641 5025792 1000
1454611946909 135692 51.0552053520455 3.71938765228641 2408448 999
1454611947909 136692 51.0552076764603 3.71940829096764 3563520 1000
1454611948909 137692 51.0552034847352 3.71942499123617 7321600 1000
1454611949909 138692 51.0552065997865 3.71944545844887 6166528 1000
1454611950909 139692 51.0552110545439 3.71946857885268 5521408 1000
1454611951910 140693 51.0552150873889 3.71949654151097 5316608 1001
1454611952910 141693 51.0552195375787 3.71952342492089 4777984 1000
1454611953909 142692 51.0552237743849 3.71954298625261 6179568 999
1454611954910 143693 51.0552296800493 3.71956372679881 4836884 1001
1454611955910 144693 51.0552377774452 3.71958084712727 3176820 1000
1454611956909 145692 51.0552433242573 3.71959792852652 3323904 999
1454611957909 146692 51.0552469019949 3.71961633420615 6068224 1000
1454611958911 147694 51.0552477597985 3.71963608918165 3485696 1002
1454611959909 148692 51.0552532151389 3.71965377862525 6653952 998
1454611960909 149692 51.0552557596481 3.71967608884462 6981632 1000
1454611961909 150692 51.055259280828 3.71970027137171 4882432 1000
1454611962909 151692 51.0552654050667 3.71971982576861 5202284 1000
1454611963909 152692 51.0552710858416 3.71974419351767 4177456 1000
1454611964909 153692 51.055282447094 3.719770002881 5484544 1000
1454611965909 154692 51.0552956078613 3.71979587584727 4334236 1000
1454611966910 155693 51.0553029088363 3.71982007185947 3938980 1001
1454611967910 156693 51.055313004296 3.71983862921159 3982688 1000
1454611968910 157693 51.0553203879443 3.71986449569255 6385664 1000
1454611969909 158692 51.0553244113576 3.71988286268407 2408448 999
1454611970910 159693 51.0553307447036 3.71990332549948 1343488 1001
1454611971910 160693 51.0553426295238 3.71992495615167 1933312 1000
1454611972909 161692 51.0553520019005 3.71994104095421 5832704 999
1454611973910 162693 51.0553501331846 3.71996633537252 6524928 1001
1454611974909 163692 51.0553526165778 3.71999313347395 5074944 999
1454611975909 164692 51.0553680807437 3.7200225040141 5214208 1000
1454611976909 165692 51.0553741904171 3.72004199703166 4255744 1000
1454611977909 166692 51.055379819066 3.72005727041539 6791168 1000
1454611978909 167692 51.0553901611174 3.72009040439526 7057408 1000
1454611979910 168693 51.0553901611174 3.72009040439526 3870720 1001
1454611980909 169692 51.0553931701864 3.72010502851456 2105344 999
1454611981909 170692 51.0553937396069 3.72011984192797 2394112 1000
1454611982909 171692 51.0553937396069 3.72011984192797 4091904 1000
1454611983909 172692 51.055389546319 3.7201497838739 6482028 1000
1454611984909 173692 51.0553884911579 3.72016874235146 2073976 1000
1454611985910 174693 51.0553893784144 3.72018860029416 2150656 1001
1454611986909 175692 51.0553900608143 3.72020883650629 2755112 999
1454611987909 176692 51.0553919290442 3.72023032794518 3878912 1000
1454611988909 177692 51.055392915187 3.72024783544823 5156932 1000
1454611989909 178692 51.0553883749126 3.72026826958384 4712608 1000
1454611990909 179692 51.0554433066526 3.72029718619914 3918452 1000
1454611991909 180692 51.0554446195304 3.7203145381104 3999836 1000
1454611992910 181693 51.0554561901153 3.72033415867793 3603944 1001
1454611993909 182692 51.0554741536031 3.72035342756957 4309484 999
1454611994910 183693 51.0554827308534 3.72037057034497 2633188 1001
1454611995909 184692 51.0554874609572 3.72038601455227 2946032 999
1454611996909 185692 51.0554895283187 3.72040210828383 2740532 1000
1454611997909 186692 51.0554895283187 3.72040210828383 2437832 1000
1454611998909 187692 51.0554823937263 3.72042606632219 2542536 1000
1454611999909 188692 51.0554793331993 3.7204416612239 3651524 1000
1454612000909 189692 51.0554746326064 3.72046245163862 3794620 1000
1454612001909 190692 51.0554708383051 3.72047993794719 5944072 1000
1454612002909 191692 51.0554705328566 3.72049534525713 5562368 1000
1454612003910 192693 51.0554691728194 3.72051333429668 4378624 1001
1454612004909 193692 51.0554694564664 3.72054195186591 6070272 999
1454612005910 194693 51.0554717509037 3.7205691324547 6754368 1001
1454612006909 195692 51.0554698719463 3.72059880217349 3041088 999
1454612007909 196692 51.0554745734889 3.72066071842474 2655560 1000
1454612008909 197692 51.0554745734889 3.72066071842474 1900544 1000
1454612009909 198692 51.0554745337137 3.72069199333252 5254900 1000
1454612010910 199693 51.0554696622501 3.72071996322295 5713920 1001
1454612011910 200693 51.055466543444 3.72074455035334 5858352 1000
1454612012910 201693 51.05546344801 3.72077718812069 4735096 1000
1454612013910 202693 51.0554620859663 3.72079841380983 6033016 1000
1454612014909 203692 51.0554572479455 3.72081994063071 5239164 999
1454612015909 204692 51.0554573884286 3.72083836737753 4749312 1000
1454612016909 205692 51.055452864051 3.72085073227768 4259840 1000
1454612017909 206692 51.055452864051 3.72085073227768 7045120 1000
1454612018910 207693 51.0554448971688 3.72087518887473 4454328 1001
1454612019909 208692 51.0554380607129 3.72088969352399 4741708 999
1454612020909 209692 51.0554309322461 3.72090660731952 5368936 1000
1454612021910 210693 51.0554256607388 3.72092491425566 5361664 1001
1454612022910 211693 51.0554197187375 3.72094744878721 3465216 1000
1454612023909 212692 51.0554163528122 3.72096449787218 1548288 999
1454612024910 213693 51.0554152836631 3.72097872737777 5195776 1001
1454612025909 214692 51.0554129968434 3.72099409864598 6905856 999
1454612026910 215693 51.0554098722463 3.72101140946217 5709824 1001
1454612027909 216692 51.0554048412246 3.72102515755423 6060032 999
1454612028909 217692 51.0554003567821 3.72103827732529 4904960 1000
1454612029910 218693 51.05539864329 3.7210559749457 7473152 1001
1454612030910 219693 51.0553985985597 3.72107629254707 5830656 1000
1454612031909 220692 51.0553997634256 3.72109517359356 6500352 999
1454612032909 221692 51.0554026514738 3.72111343201048 5347328 1000
1454612033909 222692 51.0554034503963 3.72113305080129 5234688 1000
1454612034909 223692 51.0554039390782 3.72115129610817 5537792 1000
1454612035909 224692 51.0554052416195 3.72117052544588 6832128 1000
1454612036909 225692 51.0554094630829 3.7211970910733 5632000 1000
1454612037910 226693 51.0554164601006 3.72123211539351 6506496 1001
1454612038909 227692 51.0554176489197 3.72126088957552 3645440 999
1454612039909 228692 51.0554160633327 3.72128703452191 6877184 1000
1454612040909 229692 51.055412124601 3.72131517296042 6541312 1000
1454612041910 230693 51.0554063359465 3.72134214262509 4775936 1001
1454612042910 231693 51.0554026630313 3.7213664968429 4680512 1000
1454612043909 232692 51.0553960935205 3.72138855165278 3494636 999
1454612044909 233692 51.0553866561693 3.72140676847745 5969220 1000
1454612045910 234693 51.0553774042288 3.72142034050092 4728508 1001
1454612046909 235692 51.0553702286954 3.72143223863577 4592792 999
1454612047910 236693 51.0553641856176 3.72144784686399 4484516 1001
1454612048909 237692 51.0553614662408 3.72146944013869 3725324 999
1454612049910 238693 51.0553577816159 3.7214892036703 3085572 1001
1454612050909 239692 51.0553521027598 3.7215092135696 2913000 999
1454612051909 240692 51.0553465721305 3.72152710066435 2250596 1000
1454612052909 241692 51.0553465721305 3.72152710066435 4993868 1000
1454612053909 242692 51.0553345650332 3.7215597060026 5243896 1000
1454612054909 243692 51.0553305980466 3.7215800461031 5786064 1000
1454612055909 244692 51.0553213358979 3.72160106590097 5115904 1000
1454612056910 245693 51.05531058121 3.72162035007477 5444540 1001
1454612057910 246693 51.0553002361056 3.72163971684078 4136960 1000
1454612058909 247692 51.0552930495663 3.72165846695577 6723584 999
1454612059910 248693 51.0552852919425 3.72167741201543 6211584 1001
1454612060910 249693 51.0552776915054 3.72169122229401 4214784 1000
1454612061910 250693 51.0552697294201 3.72170805910262 5201920 1000
1454612062909 251692 51.0552620835892 3.72172403748724 6612992 999
1454612063910 252693 51.0552570792952 3.7217457595453 4397056 1001
1454612064910 253693 51.055255735574 3.72176963277531 6055936 1000
1454612065910 254693 51.0552536213217 3.72179416176257 6791168 1000
1454612066909 255692 51.0552619451403 3.72182259887373 5486592 999
1454612067910 256693 51.0552619451403 3.72182259887373 6486016 1001
1454612068910 257693 51.0552739113353 3.72185330588083 5367808 1000
1454612069909 258692 51.0552580160329 3.72189287008747 4589568 999
1454612070909 259692 51.0552475648925 3.72190602512504 6090752 1000
1454612071909 260692 51.0552323862103 3.72190778118222 6844416 1000
1454612072909 261692 51.0552168713322 3.72190581827745 6053888 1000
1454612073909 262692 51.0552168713322 3.72190581827745 6348800 1000
1454612074909 263692 51.0552039747587 3.72190392224441 5167104 1000
1454612075909 264692 51.0551805250082 3.72190380112391 4401152 1000
1454612076909 265692 51.0551679088611 3.72190134705776 6430720 1000
1454612077909 266692 51.0551524479242 3.72189969457526 6739968 1000
1454612078909 267692 51.0551390095262 3.72190060342534 5539840 1000
1454612079909 268692 51.0551247340289 3.72190412349086 6117376 1000
1454612080909 269692 51.0551058251372 3.72191136975032 6574080 1000
1454612081909 270692 51.0550871927803 3.72191460805069 4984832 1000
1454612082909 271692 51.0550686928616 3.72191323098498 5500928 1000
1454612083909 272692 51.0550512397994 3.72191032538812 6998016 1000
1454612084909 273692 51.0550339870936 3.72190722704771 5195776 1000
1454612085910 274693 51.0550133056077 3.72190340098805 6606848 1001
1454612086910 275693 51.0549932761963 3.72189786293757 4844624 1000
1454612087909 276692 51.0549740991092 3.72188997485906 4127576 999
1454612088909 277692 51.0549581558716 3.72187557998752 4248380 1000
1454612089909 278692 51.0549395483612 3.72186418980277 4542928 1000
1454612090909 279692 51.0549231536015 3.7218536061916 3839452 1000
1454612091910 280693 51.0549069202473 3.72184210010783 3512320 1001
1454612092909 281692 51.0548929398315 3.7218318748843 5278332 999
1454612093909 282692 51.0548747876108 3.72182397954695 4531556 1000
1454612094910 283693 51.054855603181 3.72181690738017 3972308 1001
1454612095909 284692 51.0548374823835 3.72181258032888 4550940 999
1454612096909 285692 51.0548215290433 3.72181118050272 4512196 1000
1454612097909 286692 51.0548065762878 3.72181416858708 4908552 1000
1454612098909 287692 51.0547941994573 3.72182369730314 5108172 1000
1454612099909 288692 51.0547799112729 3.72182575588104 5124096 1000
1454612100910 289693 51.0547622075693 3.72182016896792 6580852 1001
1454612101909 290692 51.0547622075693 3.72182016896792 4103104 999
1454612102910 291693 51.0547289497473 3.72181347363283 4362700 1001
1454612103909 292692 51.0547289497473 3.72181347363283 3003420 999
1454612104909 293692 51.054708728945 3.72180780287719 2938464 1000
1454612105910 294693 51.0546913286889 3.72180320769968 2924544 1001
1454612106909 295692 51.0546747585932 3.72179758763253 6833804 999
1454612107909 296692 51.0546613912663 3.72179192430297 3799312 1000
1454612108909 297692 51.0546496754202 3.72179048774425 3235148 1000
1454612109910 298693 51.0546496754202 3.72179048774425 3312036 1001
1454612110910 299693 51.0546321078122 3.72178154953377 2190376 1000
1454612111909 300692 51.0546321078122 3.72178154953377 4140716 999
1454612112909 301692 51.0546321078122 3.72178154953377 2861568 1000
1454612113909 302692 51.0546321078122 3.72178154953377 4341908 1000
1454612114909 303692 51.0546321078122 3.72178154953377 3886284 1000
1454612115909 304692 51.0546250185139 3.72179246281407 2017788 1000
1454612116909 305692 51.0546250185139 3.72179246281407 5508824 1000
1454612117910 306693 51.0546004885861 3.72178910981265 3520440 1001
1454612118910 307693 51.0545782782107 3.72178240226712 3057720 1000
1454612119909 308692 51.0545516396022 3.72177262066572 3787596 999
1454612120910 309693 51.0545300955558 3.72176621246372 4881144 1001
1454612121910 310693 51.0545103540144 3.72176230330553 3962880 1000
1454612122909 311692 51.0544897860544 3.72175959659913 4262216 999
1454612123910 312693 51.0544704020698 3.72175520601843 4070260 1001
1454612124910 313693 51.0544537939457 3.72175109477772 3705652 1000
1454612125909 314692 51.0544370213414 3.72174776024321 4634140 999
1454612126909 315692 51.0544200949317 3.72174835398098 3489792 1000
1454612127909 316692 51.0543969885304 3.72174513754835 7417856 1000
1454612128909 317692 51.0543809698143 3.72173806168238 5222532 1000
1454612129909 318692 51.0543637547449 3.72173745420306 3703024 1000
1454612130910 319693 51.0543330952469 3.72173853537921 3109340 1001
1454612131909 320692 51.0543330952469 3.72173853537921 2212068 999
1454612132909 321692 51.0543182936354 3.7217401667447 2369964 1000
1454612133910 322693 51.0542908046737 3.72175389099218 5360816 1001
1454612134909 323692 51.0542779610718 3.72175785678106 2431792 999
1454612135909 324692 51.0542684568183 3.72175862262506 2621860 1000
1454612136911 325694 51.0542548945974 3.72176014776697 3170860 1002
1454612137909 326692 51.0542548945974 3.72176014776697 2217220 998
1454612138910 327693 51.0542376293845 3.7217712834837 2248368 1001
1454612139909 328692 51.0542222716549 3.72177769325538 4254716 999
1454612140909 329692 51.0542088131429 3.72177529832777 4139900 1000
1454612141909 330692 51.0541786961356 3.72176911739779 2159496 1000
1454612142909 331692 51.0541786961356 3.72176911739779 1985636 1000
1454612143910 332693 51.0541659232336 3.72176261077424 4070832 1001
1454612144910 333693 51.0541546695569 3.72174383707849 5045816 1000
1454612145909 334692 51.0541441571597 3.72173664125891 5057284 999
1454612146909 335692 51.0541352098196 3.72172123683364 3589280 1000
1454612147910 336693 51.0541225329623 3.72171094388345 4350112 1001
1454612148909 337692 51.0541136084532 3.72170342784299 4890952 999
1454612149909 338692 51.0541136084532 3.72170342784299 5463248 1000
1454612150909 339692 51.054093493654 3.72169141776797 5943488 1000
1454612151909 340692 51.0540797402093 3.72169262239808 5896192 1000
1454612152909 341692 51.0540660210197 3.72168634118988 5822464 1000
1454612153909 342692 51.054055849058 3.72166826828466 3772416 1000
1454612154909 343692 51.0540503306671 3.72165276105406 5529816 1000
1454612155909 344692 51.0540453386337 3.72163807248413 5142528 1000
1454612156910 345693 51.0540362510158 3.72161779170312 3878276 1001
1454612157909 346692 51.0540259943736 3.72159022132312 3488452 999
1454612158909 347692 51.0540126239368 3.72156210486516 4640832 1000
1454612159909 348692 51.0540037184613 3.721529706972 4352784 1000
1454612160909 349692 51.0539974645339 3.72150351691978 4785556 1000
1454612161909 350692 51.0539845160132 3.7214893232033 4607800 1000
1454612162909 351692 51.0539748318045 3.72144329955886 4763416 1000
1454612163910 352693 51.0539694510487 3.72142054970916 3457256 1001
1454612164909 353692 51.0539669902757 3.72139451178762 1346652 999
1454612165909 354692 51.0539669902757 3.72139451178762 0 1000
1454612166909 355692 51.0539663449525 3.72136706890255 5083616 1000
1454612167909 356692 51.0539657746399 3.72133737078246 3588096 1000
1454612168909 357692 51.0539651732185 3.72130752083195 4739072 1000
1454612169909 358692 51.0539623125256 3.72128032371984 4247552 1000
1454612170909 359692 51.0539639970553 3.72124550344391 3483648 1000
1454612171910 360693 51.0539646254404 3.72121185859004 4560896 1001
1454612172909 361692 51.0539597369573 3.72118322811682 4251648 999
1454612173909 362692 51.053957271557 3.72115061484556 6897664 1000
1454612174910 363693 51.053956567884 3.72111580374789 6539264 1001
1454612175909 364692 51.0539552880749 3.72108120966961 6254592 999
1454612176909 365692 51.0539523615664 3.72104509322017 5484544 1000
1454612177909 366692 51.0539499038153 3.72101381369918 4907008 1000
1454612178909 367692 51.0539476678967 3.72098351515151 6881280 1000
1454612179909 368692 51.0539470589785 3.72095578537671 6066176 1000
1454612180909 369692 51.0539441225262 3.72093436155756 6725632 1000
1454612181909 370692 51.0539402763848 3.72091526434991 5238784 1000
1454612182909 371692 51.0539406869659 3.72089142055735 5550080 1000
1454612183909 372692 51.0539394244685 3.72087187249222 7663616 1000
1454612184910 373693 51.0539392722696 3.72084894580896 6500352 1001
1454612185910 374693 51.0539380975343 3.72082444284449 6000640 1000
1454612186909 375692 51.0539379678124 3.72079892435134 5468160 999
1454612187910 376693 51.0539327292512 3.7207749791068 5060608 1001
1454612188909 377692 51.0539410277467 3.72075488657766 6066176 999
1454612189910 378693 51.0539462170641 3.72073290549875 6758400 1001
1454612190910 379693 51.0539502314965 3.72070547329879 3483648 1000
1454612191909 380692 51.0539502314965 3.72070547329879 2924544 999
1454612192909 381692 51.0539534220956 3.7206548545856 3735552 1000
1454612193909 382692 51.0539514488738 3.72062505296102 475136 1000
1454612194910 383693 51.0539512235243 3.7205953615235 5619712 1001
1454612195910 384693 51.0539518335148 3.72057115408491 7335936 1000
1454612196909 385692 51.0539509619773 3.7205472389411 5443584 999
1454612197909 386692 51.0539454240971 3.72052268677199 5996544 1000
1454612198909 387692 51.0539395116198 3.72050226822749 4218880 1000
1454612199909 388692 51.0539364867827 3.72048081941482 7245824 1000
1454612200909 389692 51.0539343431805 3.72045972180704 6537216 1000
1454612201910 390693 51.0539323448062 3.72043409500733 6506496 1001
1454612202909 391692 51.0539278823007 3.7204095368551 6443008 999
1454612203909 392692 51.0539256267795 3.72038306378404 5130240 1000
1454612204909 393692 51.0539247885715 3.72035542386353 5695488 1000
1454612205909 394692 51.0539250957142 3.72033213335285 7653376 1000
1454612206909 395692 51.0539226174696 3.72031277965026 6250496 1000
1454612207910 396693 51.0539217459628 3.72029333498582 6303744 1001
1454612208910 397693 51.0539182037547 3.72027133060776 6051840 1000
1454612209909 398692 51.0539167243184 3.72024607820783 3231744 999
1454612210910 399693 51.0539165822894 3.72021717542149 7397376 1001
1454612211909 400692 51.0539163272413 3.72019427236837 6856704 999
1454612212909 401692 51.0539139129524 3.72017273479582 5347328 1000
1454612213909 402692 51.0539077572318 3.72014851526551 6287360 1000
1454612214910 403693 51.0539020499922 3.72012961922004 4157440 1001
1454612215909 404692 51.0538961449667 3.72011246044264 6598656 999
1454612216909 405692 51.0538865728522 3.72009330875989 7364608 1000
1454612217909 406692 51.0538795802623 3.72007337452792 6021120 1000
1454612218909 407692 51.0538726738788 3.72005323819049 5799936 1000
1454612219909 408692 51.0538664746236 3.7200319512592 4296704 1000
1454612220909 409692 51.053861065102 3.72001312124182 6451200 1000
1454612221909 410692 51.0538578569864 3.71999315421282 6844416 1000
1454612222910 411693 51.0538536562179 3.71996933621768 6391808 1001
1454612223909 412692 51.0538514869334 3.71994411012469 5820416 999
1454612224909 413692 51.0538504331376 3.71991858156924 5095424 1000
1454612225909 414692 51.0538481636906 3.71989154896644 6217728 1000
1454612226909 415692 51.0538515066861 3.71986245764809 6608896 1000
1454612227909 416692 51.0538536905592 3.71983435121685 6367232 1000
1454612228911 417694 51.0538507059419 3.71980901246346 5572608 1002
1454612229909 418692 51.0538489645846 3.71978774550126 4892672 998
1454612230910 419693 51.0538503400543 3.71976305821774 5844992 1001
1454612231910 420693 51.0538459958992 3.71973628745967 7159808 1000
1454612232909 421692 51.0538413158551 3.71971099328869 6516736 999
1454612233909 422692 51.0538368337111 3.71968397645199 5554176 1000
1454612234909 423692 51.0538329899609 3.71965825494724 5267456 1000
1454612235909 424692 51.0538308340146 3.71963179996837 5548032 1000
1454612236909 425692 51.0538334339922 3.71960693551254 6940672 1000
1454612237909 426692 51.0538337462927 3.71958263438618 6514688 1000
1454612238910 427693 51.053836947365 3.71955699061447 5838848 1001
1454612239909 428692 51.0538391090417 3.71952798906988 5226496 999
1454612240909 429692 51.0538439463283 3.71950080860796 5107712 1000
1454612241909 430692 51.0538419591135 3.71947784520843 6787072 1000
1454612242909 431692 51.053839739682 3.71945372917159 6123520 1000
1454612243910 432693 51.0538428431871 3.71942818574411 6225920 1001
1454612244909 433692 51.053845224007 3.71940801891415 5416960 999
1454612245909 434692 51.0538440620316 3.71939309614939 4761600 1000
1454612246909 435692 51.0538420884838 3.71937500997833 7194624 1000
1454612247909 436692 51.0538413998657 3.7193545338153 6176768 1000
1454612248909 437692 51.0538429690428 3.7193276222248 5564416 1000
1454612249909 438692 51.053849244332 3.71929957263186 5611520 1000
1454612250909 439692 51.0538571053873 3.71927212939757 4739072 1000
1454612251909 440692 51.0538613972161 3.71925165424625 7086080 1000
1454612252909 441692 51.0538613972161 3.71925165424625 5103616 1000
1454612253909 442692 51.0538643162712 3.71923246113056 2539520 1000
1454612254909 443692 51.053867127978 3.71918443184698 5824512 1000
1454612255909 444692 51.0538708506811 3.71916004748521 3815424 1000
1454612256909 445692 51.053876800232 3.71913618069326 6799360 1000
1454612257909 446692 51.053887762106 3.71911553684003 6854656 1000
1454612258909 447692 51.0538785416899 3.7191056734021 5988352 1000
1454612259909 448692 51.0538722893731 3.71909322531014 6320128 1000
1454612260909 449692 51.0538771223102 3.71907422283746 4147200 1000
1454612261909 450692 51.0538759332784 3.71905561301617 6680576 1000
1454612262910 451693 51.0538763556814 3.71903974675571 6676480 1001
1454612263909 452692 51.0538738794997 3.71902009204595 5992448 999
1454612264909 453692 51.0538719705488 3.71899839025079 6041600 1000
1454612265910 454693 51.0538758553533 3.71897428708987 3815424 1001
1454612266909 455692 51.0538704453271 3.71894812075765 6510592 999
1454612267910 456693 51.0538695105753 3.71892133470573 7155712 1001
1454612268909 457692 51.05386944623 3.71889331367969 5832704 999
1454612269909 458692 51.0538655647402 3.71886512117394 5926912 1000
1454612270910 459693 51.0538570671658 3.71883951425296 4718592 1001
1454612271909 460692 51.0538493564482 3.71881096906774 5935104 999
1454612272909 461692 51.0538466800667 3.71878756089145 7735296 1000
