1453107738798 486 51.0397250454601 3.72587688513299 1840020 486
1453107739798 1486 51.0398842249906 3.72583857065066 7258280 1000
1453107740799 2487 51.0399579962246 3.72581989840154 7191580 1001
1453107741798 3486 51.040029011608 3.72580952464117 7115136 999
1453107742799 4487 51.0400992993864 3.72580533015204 8363948 1001
1453107743798 5486 51.0401674459431 3.72580729181756 5912328 999
1453107744798 6486 51.0402313569593 3.72579911873186 5915024 1000
1453107745798 7486 51.0402900045572 3.725793654756 6272244 1000
1453107746798 8486 51.0403390461709 3.72578552598969 6564916 1000
1453107747798 9486 51.0403390461709 3.72578552598969 6911040 1000
1453107748798 10486 51.040383616257 3.72577860475377 7988616 1000
1453107749799 11487 51.0404258079019 3.72577523813656 7649852 1001
1453107750798 12486 51.040465430287 3.72577377676557 7659520 999
1453107751798 13486 51.0405392859809 3.72577057591751 7714816 1000
1453107752799 14487 51.0405392859809 3.72577057591751 6899712 1001
1453107753798 15486 51.0405392859809 3.72577057591751 3459072 999
1453107754798 16486 51.0405761385149 3.72576100127981 4214784 1000
1453107755798 17486 51.0406697224094 3.72573859820066 7606272 1000
1453107756798 18486 51.0407312029742 3.72573496225699 7387136 1000
1453107757798 19486 51.0407981937532 3.72573458673955 7854080 1000
1453107758798 20486 51.0407981937532 3.72573458673955 3561472 1000
1453107759798 21486 51.0408683430044 3.72573775124312 1808384 1000
1453107760798 22486 51.0408683430044 3.72573775124312 5672960 1000
1453107761798 23486 51.041089010947 3.72576031429333 7647232 1000
1453107762798 24486 51.0411543369657 3.72576129996854 7880704 1000
1453107763798 25486 51.0411543369657 3.72576129996854 3760128 1000
1453107764799 26487 51.0412127485921 3.72575683188561 5933056 1001
1453107765801 27489 51.0413358529785 3.7256556935505 7907328 1002
1453107766798 28486 51.0413911328991 3.72561713556142 7647232 997
1453107767799 29487 51.0414358057251 3.72560424553158 8118272 1001
1453107768798 30486 51.0414358057251 3.72560424553158 3665920 999
1453107769798 31486 51.041481557256 3.725589254913 3524608 1000
1453107770799 32487 51.0415654838943 3.72558998164635 7694336 1001
1453107771798 33486 51.0416057459487 3.72559474551191 8005632 999
1453107772799 34487 51.0416446837625 3.7256024321775 7602176 1001
1453107773799 35487 51.0416446837625 3.7256024321775 3715072 1000
1453107774798 36486 51.0416814779625 3.72560507377949 3844096 999
1453107775798 37486 51.0417449618363 3.7256066118953 7725056 1000
1453107776798 38486 51.0417714332749 3.72560681204125 7563264 1000
1453107777798 39486 51.0417912221274 3.72560565625665 8185856 1000
1453107778799 40487 51.0417912221274 3.72560565625665 4349952 1001
1453107779798 41486 51.0418001879088 3.72560124494171 4018176 999
1453107780798 42486 51.0418001879088 3.72560124494171 7118848 1000
1453107781798 43486 51.0418001879088 3.72560124494171 7694336 1000
1453107782798 44486 51.0418001879088 3.72560124494171 8101888 1000
1453107783799 45487 51.0418001879088 3.72560124494171 4923392 1001
1453107784798 46486 51.0418001879088 3.72560124494171 1261568 999
1453107785799 47487 51.0418001879088 3.72560124494171 3227648 1001
1453107786798 48486 51.0418001879088 3.72560124494171 7501824 999
1453107787798 49486 51.0418001879088 3.72560124494171 7440384 1000
1453107788799 50487 51.0418001879088 3.72560124494171 4648960 1001
1453107789799 51487 51.0418001879088 3.72560124494171 4526080 1000
1453107790798 52486 51.0418001879088 3.72560124494171 6938624 999
1453107791798 53486 51.0418001879088 3.72560124494171 7510016 1000
1453107792799 54487 51.0418001879088 3.72560124494171 7278592 1001
1453107793798 55486 51.0418001879088 3.72560124494171 4366336 999
1453107794799 56487 51.0418001879088 3.72560124494171 3710976 1001
1453107795799 57487 51.0418001879088 3.72560124494171 7180288 1000
1453107796798 58486 51.0418001879088 3.72560124494171 7151616 999
1453107797799 59487 51.0418001879088 3.72560124494171 7559168 1001
1453107798798 60486 51.0418101840228 3.72560224009275 5109760 999
1453107799798 61486 51.041831307953 3.72560501520917 4657152 1000
1453107800798 62486 51.0418644259019 3.72560606466278 7581696 1000
1453107801798 63486 51.0419048572259 3.72560555157887 7284736 1000
1453107802798 64486 51.0420110187033 3.72561472250268 7202816 1000
1453107803798 65486 51.0420110187033 3.72561472250268 4978688 1000
1453107804799 66487 51.0420783047363 3.72562521710755 3065856 1001
1453107805798 67486 51.0420783047363 3.72562521710755 6905856 999
1453107806798 68486 51.042230868113 3.72562583553001 6932480 1000
1453107807799 69487 51.0423136131481 3.72562846344004 7262208 1001
1453107808798 70486 51.0424013813388 3.72563418203501 4743168 999
1453107809798 71486 51.0424938400066 3.72564214774657 3215360 1000
1453107810798 72486 51.04258547074 3.72564183091773 7370752 1000
1453107811799 73487 51.042681487707 3.72564103422321 7634944 1001
1453107812798 74486 51.0427833327288 3.72564438936384 7438336 999
1453107813798 75486 51.0428844082291 3.72564921264304 5451776 1000
1453107814798 76486 51.0429744428743 3.72565528127459 3584000 1000
1453107815798 77486 51.043051353679 3.72567314848244 6019072 1000
1453107816798 78486 51.0431215136995 3.72569769009832 7319552 1000
1453107817798 79486 51.0432475916621 3.72580287789776 7495680 1000
1453107818798 80486 51.0433060377314 3.72588783428936 4519936 1000
1453107819798 81486 51.0433060377314 3.72588783428936 897024 1000
1453107820798 82486 51.0433658934351 3.72597924348668 4046848 1000
1453107821798 83486 51.043501396134 3.72613043912743 7483392 1000
1453107822798 84486 51.0435770125646 3.72618795541252 6969396 1000
1453107823798 85486 51.043656685629 3.72623329177047 4033276 1000
1453107824798 86486 51.0437362823912 3.72626800166467 4290560 1000
1453107825799 87487 51.0438122086787 3.72628877566969 5526216 1001
1453107826798 88486 51.04388388411 3.7262987915416 6771396 999
1453107827799 89487 51.04388388411 3.7262987915416 4114752 1001
1453107828798 90486 51.0439510078421 3.72630947654217 5224448 999
1453107829798 91486 51.0440080684669 3.72632247100375 3866624 1000
1453107830799 92487 51.0440714938669 3.72636460397543 7413760 1001
1453107831799 93487 51.0440898358658 3.72638335327075 7442432 1000
1453107832799 94487 51.0440985963123 3.7263990723921 7021600 1000
1453107833798 95486 51.0440985963123 3.7263990723921 4185692 999
1453107834798 96486 51.0440985963123 3.7263990723921 4292608 1000
1453107835799 97487 51.0440876936068 3.7263952939499 5974016 1001
1453107836799 98487 51.0440876936068 3.7263952939499 7580540 1000
1453107837798 99486 51.0440876936068 3.7263952939499 5873204 999
1453107838798 100486 51.0440876936068 3.7263952939499 3849536 1000
1453107839798 101486 51.0440876936068 3.7263952939499 3538944 1000
1453107840798 102486 51.0440752534625 3.72638695834831 6283264 1000
1453107841798 103486 51.0440752534625 3.72638695834831 7884800 1000
1453107842798 104486 51.0440752534625 3.72638695834831 6434924 1000
1453107843798 105486 51.0440752534625 3.72638695834831 5251540 1000
1453107844798 106486 51.0440752534625 3.72638695834831 3074048 1000
1453107845798 107486 51.0440752534625 3.72638695834831 6197248 1000
1453107846798 108486 51.0440752534625 3.72638695834831 7430144 1000
1453107847798 109486 51.0440752534625 3.72638695834831 5637540 1000
1453107848798 110486 51.0440752534625 3.72638695834831 4720036 1000
1453107849799 111487 51.0440752534625 3.72638695834831 3442688 1001
1453107850798 112486 51.0440752534625 3.72638695834831 6036016 999
1453107851798 113486 51.0440752534625 3.72638695834831 4780316 1000
1453107852798 114486 51.0440752534625 3.72638695834831 4821360 1000
1453107853799 115487 51.0440752534625 3.72638695834831 3746088 1001
1453107854798 116486 51.0440752534625 3.72638695834831 3354624 999
1453107855798 117486 51.0440752534625 3.72638695834831 7811072 1000
1453107856798 118486 51.0440752534625 3.72638695834831 7132444 1000
1453107857798 119486 51.0440854494965 3.72637781650978 5195672 1000
1453107858798 120486 51.0441293066936 3.7263835133912 4791896 1000
1453107859798 121486 51.0441293066936 3.7263835133912 3231744 1000
1453107860798 122486 51.0441581989058 3.72639287386616 5826560 1000
1453107861798 123486 51.0442448059615 3.72642725259758 3843064 1000
1453107862798 124486 51.0442997329483 3.72645215466954 4247084 1000
1453107863799 125487 51.0443622288629 3.7264859303862 3780360 1001
1453107864798 126486 51.044429680773 3.72651827934468 2828404 999
1453107865798 127486 51.044503267946 3.72654757610953 3329960 1000
1453107866798 128486 51.0445811042402 3.72656448484355 2888116 1000
1453107867798 129486 51.0446610165736 3.7265802851256 2564544 1000
1453107868798 130486 51.0447438949812 3.72659367691565 2555808 1000
1453107869798 131486 51.0448255916582 3.7266053003774 3245648 1000
1453107870799 132487 51.0449028091337 3.72662249180893 2940972 1001
1453107871798 133486 51.0449789090261 3.72666207162009 2737788 999
1453107872798 134486 51.0450579066444 3.72667083768889 1675564 1000
1453107873798 135486 51.0450579066444 3.72667083768889 2254168 1000
1453107874798 136486 51.0451347030083 3.72666745803749 2440916 1000
1453107875798 137486 51.0452814529059 3.72669424766788 1941120 1000
1453107876798 138486 51.0452814529059 3.72669424766788 1439664 1000
1453107877798 139486 51.0453569200759 3.72670037174418 3210288 1000
1453107878799 140487 51.0454300770578 3.72672630870622 3368756 1001
1453107879798 141486 51.0454300770578 3.72672630870622 1032192 999
1453107880799 142487 51.045505263831 3.72675214557558 6045696 1001
1453107881799 143487 51.045505263831 3.72675214557558 7342080 1000
1453107882799 144487 51.0457357293733 3.72684840059894 7751680 1000
1453107883798 145486 51.0458150129463 3.72688100975615 6605364 999
1453107884799 146487 51.0458962744506 3.72691743415284 3080192 1001
1453107885798 147486 51.0460613029983 3.72698523673937 6100992 999
1453107886798 148486 51.0460613029983 3.72698523673937 5830808 1000
1453107887799 149487 51.0462096543854 3.72706671377588 3599832 1001
1453107888798 150486 51.0462096543854 3.72706671377588 3174092 999
1453107889798 151486 51.0462751766351 3.7270902508855 2834432 1000
1453107890798 152486 51.0462751766351 3.7270902508855 7524352 1000
1453107891799 153487 51.0464350130097 3.72710643830616 7725684 1001
1453107892798 154486 51.0465164696958 3.7271209763088 6776444 999
1453107893798 155486 51.0466006433999 3.72713548179745 7080844 1000
1453107894798 156486 51.0466804428582 3.72715005512458 3227648 1000
1453107895798 157486 51.0467526123057 3.72716178789375 4120576 1000
1453107896799 158487 51.0468226746813 3.72717412153339 6813312 1001
1453107897799 159487 51.0468884030028 3.72718650948297 3343040 1000
1453107898798 160486 51.0470159268269 3.72720940935585 3265960 999
1453107899798 161486 51.0470159268269 3.72720940935585 2624580 1000
1453107900799 162487 51.0470822912519 3.72722866355145 3172064 1001
1453107901798 163486 51.0471505795906 3.72723694642133 4773088 999
1453107902799 164487 51.0472177613323 3.72724834022078 5419140 1001
1453107903798 165486 51.04728535086 3.72726836236927 4037236 999
1453107904798 166486 51.0473472514739 3.72728927564254 2072756 1000
1453107905799 167487 51.0473472514739 3.72728927564254 3014468 1001
1453107906798 168486 51.0474732074864 3.72731081664871 6540496 999
1453107907798 169486 51.0475282421304 3.72730697325945 4895388 1000
1453107908799 170487 51.0475660521479 3.72729863683644 2446620 1001
1453107909799 171487 51.0475915760428 3.72729919655385 2210100 1000
1453107910798 172486 51.0476088649485 3.72730305222548 2048232 999
1453107911799 173487 51.0476088649485 3.72730305222548 2231356 1001
1453107912798 174486 51.0476088649485 3.72730305222548 2315448 999
1453107913798 175486 51.0476088649485 3.72730305222548 1043352 1000
1453107914798 176486 51.0476088649485 3.72730305222548 0 1000
1453107915798 177486 51.0476088649485 3.72730305222548 1117492 1000
1453107916798 178486 51.0476088649485 3.72730305222548 2012564 1000
1453107917798 179486 51.0476088649485 3.72730305222548 1656692 1000
1453107918798 180486 51.0476114844991 3.7273282106837 1729484 1000
1453107919798 181486 51.047627250986 3.72734405509485 1508412 1000
1453107920798 182486 51.0476547348252 3.72735426100902 1546156 1000
1453107921798 183486 51.0476929793901 3.72736754751349 1411356 1000
1453107922799 184487 51.047736645115 3.7273896911868 521676 1001
1453107923799 185487 51.047736645115 3.7273896911868 0 1000
1453107924798 186486 51.0477815085764 3.72741352824099 4044216 999
1453107925799 187487 51.047813540632 3.7274711750978 6334732 1001
1453107926798 188486 51.0478487784219 3.72751244017981 6087276 999
1453107927798 189486 51.0478845618657 3.72756142721664 6947836 1000
1453107928798 190486 51.0479036364878 3.72765116413984 6414252 1000
1453107929798 191486 51.0479120364061 3.727770515272 3205120 1000
1453107930798 192486 51.0479083610283 3.72791265401908 4585472 1000
1453107931798 193486 51.0479028155022 3.72808549342741 7200768 1000
1453107932798 194486 51.047892463913 3.72823632126527 6774784 1000
1453107933799 195487 51.0478850926519 3.72838548778859 7284736 1001
1453107934799 196487 51.0478850926519 3.72838548778859 4300800 1000
1453107935798 197486 51.0478848815328 3.72852505599273 3858432 999
1453107936798 198486 51.0478848815328 3.72852505599273 7442432 1000
1453107937798 199486 51.0478777060982 3.72886645053074 5730432 1000
1453107938798 200486 51.0478820899279 3.72895691419258 6192432 1000
1453107939798 201486 51.0478904424677 3.7290291758588 3116196 1000
1453107940798 202486 51.0479029365462 3.72909386298905 4546560 1000
1453107941798 203486 51.0479140415066 3.72914830343731 7344128 1000
1453107942798 204486 51.0479183088361 3.72919375989694 7491584 1000
1453107943798 205486 51.0479195084295 3.7292332605509 7403520 1000
1453107944798 206486 51.0479194115217 3.72927178666749 3229696 1000
1453107945798 207486 51.047915703187 3.72931219395973 4153344 1000
1453107946799 208487 51.0479122252792 3.7293612492034 7360512 1001
1453107947798 209486 51.0479068125933 3.72942070819285 7651328 999
1453107948798 210486 51.0479044459568 3.72948559197218 4379424 1000
1453107949799 211487 51.0479026191494 3.7295593357029 2065784 1001
1453107950798 212486 51.0479000987058 3.72964010485497 4584112 999
1453107951798 213486 51.0478831481057 3.72972621871769 7516160 1000
1453107952798 214486 51.0478657319346 3.72981860412106 7200768 1000
1453107953798 215486 51.0478437215381 3.72991496863432 6731776 1000
1453107954798 216486 51.0478455681345 3.73003272250882 5462016 1000
1453107955798 217486 51.0478645755732 3.7301580122637 2613248 1000
1453107956798 218486 51.0478873314014 3.73026863320193 7479296 1000
1453107957798 219486 51.0479055313296 3.73036675737146 7464960 1000
1453107958798 220486 51.0479264409631 3.73046474287122 7329792 1000
1453107959798 221486 51.0479541335551 3.73054969805515 5222400 1000
1453107960798 222486 51.0479883715065 3.73062321288144 3600384 1000
1453107961799 223487 51.0479883715065 3.73062321288144 7524352 1001
1453107962799 224487 51.0480449035174 3.73073029107905 7323648 1000
1453107963798 225486 51.0480618767287 3.73076533772472 4519260 999
1453107964798 226486 51.0480729676985 3.73078932673686 4078868 1000
1453107965798 227486 51.0480795012996 3.73080519699467 3141632 1000
1453107966798 228486 51.0480795012996 3.73080519699467 4811104 1000
1453107967798 229486 51.0480795012996 3.73080519699467 4232644 1000
1453107968798 230486 51.0480795012996 3.73080519699467 4255820 1000
1453107969799 231487 51.0480795012996 3.73080519699467 3484776 1001
1453107970798 232486 51.0480776792917 3.73078773689114 4610048 999
1453107971798 233486 51.0480776792917 3.73078773689114 5954680 1000
1453107972798 234486 51.0480776792917 3.73078773689114 6652936 1000
1453107973799 235487 51.0480776792917 3.73078773689114 6860800 1001
1453107974798 236486 51.0480776792917 3.73078773689114 5468160 999
1453107975798 237486 51.0480776792917 3.73078773689114 1880064 1000
1453107976799 238487 51.0480776792917 3.73078773689114 3026944 1001
1453107977799 239487 51.0480776792917 3.73078773689114 7032832 1000
1453107978798 240486 51.0480776792917 3.73078773689114 7573504 999
1453107979798 241486 51.0480776792917 3.73078773689114 5492736 1000
1453107980798 242486 51.0480776792917 3.73078773689114 3268608 1000
1453107981798 243486 51.0480776792917 3.73078773689114 7051264 1000
1453107982799 244487 51.0480776792917 3.73078773689114 7217152 1001
1453107983798 245486 51.0480776792917 3.73078773689114 7311360 999
1453107984799 246487 51.0480776792917 3.73078773689114 6381568 1001
1453107985798 247486 51.0480776792917 3.73078773689114 3874816 999
1453107986798 248486 51.0480776792917 3.73078773689114 5709824 1000
1453107987799 249487 51.0480776792917 3.73078773689114 7337984 1001
1453107988798 250486 51.0480776792917 3.73078773689114 7974912 999
1453107989798 251486 51.0480776792917 3.73078773689114 6285312 1000
1453107990799 252487 51.0480887409223 3.73080679955567 3407872 1001
1453107991799 253487 51.0480887409223 3.73080679955567 6295552 1000
1453107992798 254486 51.0481259304803 3.73084978094452 6912000 999
1453107993798 255486 51.0481569729021 3.73088593858339 6348800 1000
1453107994798 256486 51.0481878233333 3.73093185190501 6365184 1000
1453107995798 257486 51.0482168992504 3.73097428370929 3670016 1000
1453107996798 258486 51.0482168992504 3.73097428370929 6811648 1000
1453107997798 259486 51.048257397861 3.73107972589333 7217152 1000
1453107998798 260486 51.0482686125338 3.73113125027493 7540736 1000
1453107999798 261486 51.0482762517387 3.73117741724438 6522880 1000
1453108000798 262486 51.0482835251857 3.73122096694975 2695168 1000
1453108001798 263486 51.0482929080427 3.73126347723472 5959680 1000
1453108002798 264486 51.0483008202477 3.73129985881839 7012352 1000
1453108003798 265486 51.0483052909003 3.73133052296339 7522304 1000
1453108004798 266486 51.0483085809849 3.73135086821871 7383040 1000
1453108005798 267486 51.0483143317491 3.73136489632416 3444736 1000
1453108006798 268486 51.048320173829 3.7313790509825 5095424 1000
1453108007799 269487 51.0483277189052 3.7313950187381 7139328 1001
1453108008798 270486 51.0483379136985 3.73141375789333 7143424 999
1453108009798 271486 51.0483505314006 3.73143682415953 7585792 1000
1453108010799 272487 51.0483660273436 3.73146481486386 3407872 1001
1453108011798 273486 51.0483841979912 3.7315031698105 5191680 999
1453108012798 274486 51.048404343507 3.73155013655757 7178240 1000
1453108013798 275486 51.0484256528528 3.73160430729932 7090176 1000
1453108014799 276487 51.0484495351162 3.73166611774075 7012352 1001
1453108015798 277486 51.0484768430062 3.73174092377071 3764224 999
1453108016798 278486 51.048504480949 3.73182751452683 6107136 1000
1453108017799 279487 51.0485289338964 3.73192304078442 7032832 1001
1453108018798 280486 51.0485483874102 3.7320244365853 6979584 999
1453108019798 281486 51.0485727059726 3.73212509998312 7477248 1000
1453108020798 282486 51.0485727059726 3.73212509998312 3344384 1000
1453108021798 283486 51.0486013341751 3.73221850930351 4446208 1000
1453108022799 284487 51.0486013341751 3.73221850930351 7315456 1001
1453108023799 285487 51.0487049416658 3.73246734801346 7258112 1000
1453108024799 286487 51.0487430011547 3.732557877141 7245824 1000
1453108025798 287486 51.0487430011547 3.732557877141 3872768 999
1453108026798 288486 51.0487817558702 3.73265640218462 4429824 1000
1453108027798 289486 51.0488576405463 3.73285434586318 7217152 1000
1453108028799 290487 51.04889143039 3.7329525991187 7024492 1001
1453108029798 291486 51.0489239789136 3.73304494722888 4919844 999
1453108030799 292487 51.0489239789136 3.73304494722888 3250192 1001
1453108031798 293486 51.0489561819543 3.7331282941979 4855808 999
1453108032798 294486 51.0490052054771 3.73325964562998 5099992 1000
1453108033799 295487 51.0490261952385 3.73331867129531 3799680 1001
1453108034799 296487 51.049046554398 3.73337487208081 4090064 1000
1453108035798 297486 51.0490687283527 3.73342592896063 3274048 999
1453108036798 298486 51.049088056943 3.73346755911336 5113416 1000
1453108037798 299486 51.0491049498413 3.73350022283437 3768228 1000
1453108038798 300486 51.0491172427841 3.73352586864688 3030900 1000
1453108039798 301486 51.0491245037597 3.73357249672948 3239320 1000
1453108040798 302486 51.0491209380769 3.73359225904904 2916192 1000
1453108041799 303487 51.0491139261454 3.73360528669576 3447704 1001
1453108042798 304486 51.0491139261454 3.73360528669576 3451540 999
1453108043798 305486 51.0491139261454 3.73360528669576 3431024 1000
1453108044798 306486 51.0491139261454 3.73360528669576 2914660 1000
1453108045798 307486 51.0491066267329 3.73361946469892 3437400 1000
1453108046799 308487 51.0491066267329 3.73361946469892 3394264 1001
1453108047798 309486 51.0491066267329 3.73361946469892 2555808 999
1453108048798 310486 51.0490978225815 3.73365422951537 2028792 1000
1453108049798 311486 51.0490978225815 3.73365422951537 3712340 1000
1453108050798 312486 51.0490947673459 3.73366839723401 2699812 1000
1453108051798 313486 51.0490568520242 3.73373782653395 2600524 1000
1453108052798 314486 51.0490286388226 3.73379130829375 2372480 1000
1453108053798 315486 51.0489943110183 3.73384610718483 2294296 1000
1453108054798 316486 51.0489568460249 3.73389530807221 2365740 1000
1453108055798 317486 51.0489206052031 3.73394995139509 2542328 1000
1453108056799 318487 51.0488909144643 3.73400397109866 2233636 1001
1453108057798 319486 51.048864620545 3.73408268271279 2602472 999
1453108058798 320486 51.0488744730634 3.73416698160355 2181580 1000
1453108059798 321486 51.0488744730634 3.73416698160355 1947860 1000
1453108060799 322487 51.0488985946139 3.73425834514898 523024 1001
1453108061798 323486 51.0489785220888 3.73444990471634 4403916 999
1453108062798 324486 51.0489785220888 3.73444990471634 4947968 1000
1453108063798 325486 51.049028817011 3.73454804804234 7729152 1000
1453108064799 326487 51.0490698300199 3.73464097861618 7868416 1001
1453108065798 327486 51.049104507461 3.7347337476806 4754712 999
1453108066798 328486 51.0491347019557 3.73482015093438 4344968 1000
1453108067798 329486 51.0491347019557 3.73482015093438 3732644 1000
1453108068798 330486 51.0491934428948 3.73493489849067 4070592 1000
1453108069798 331486 51.0492211368022 3.7349764881035 4359768 1000
1453108070798 332486 51.0492632829711 3.73501125773309 3967124 1000
1453108071799 333487 51.049333029272 3.73505050284032 3965264 1001
1453108072798 334486 51.049333029272 3.73505050284032 3323412 999
1453108073798 335486 51.0493558726879 3.73506393947082 4091180 1000
1453108074798 336486 51.0493759081407 3.73506864733191 3463012 1000
1453108075798 337486 51.0494094414034 3.73507904132748 2702740 1000
