1450434367618 148 51.0585923640016 3.70457201429925 57964 148
1450434368618 1148 51.0581542532333 3.70508386547157 2256552 1000
1450434369618 2148 51.0584688622248 3.70469269320907 3138896 1000
1450434370618 3148 51.0584688622248 3.70469269320907 3013376 1000
1450434371619 4149 51.0584110902073 3.70482553108914 4424836 1001
1450434372618 5148 51.0584004130473 3.70489826074783 3762452 999
1450434373619 6149 51.0584023777589 3.70500808162391 4657804 1001
1450434374618 7148 51.0583706810556 3.70512815229157 3741452 999
1450434375619 8149 51.058358215332 3.705273333551 4174704 1001
1450434376618 9148 51.0583488465653 3.70541574582105 4278552 999
1450434377618 10148 51.0583276412737 3.70553795987072 4393132 1000
1450434378619 11149 51.0583031642375 3.70566490581646 5227544 1001
1450434379619 12149 51.0582864358087 3.70579938146915 5015908 1000
1450434380619 13149 51.0582713616837 3.70592937755196 2094792 1000
1450434381618 14148 51.0582516564063 3.70603829893804 7314248 999
1450434382619 15149 51.0582374034076 3.70614123931443 5976332 1001
1450434383618 16148 51.058217183109 3.70622047765805 5851020 999
1450434384618 17148 51.0581893667933 3.70632391073779 5033380 1000
1450434385618 18148 51.0581893667933 3.70632391073779 4031868 1000
1450434386618 19148 51.05817610022 3.70638662646633 4101964 1000
1450434387619 20149 51.0581603151509 3.70646240923918 1947860 1001
1450434388619 21149 51.0581336105446 3.70654395326934 4077700 1000
1450434389618 22148 51.0581124579315 3.70663435242539 603904 999
1450434390618 23148 51.0580923463133 3.70674423571404 4784052 1000
1450434391618 24148 51.0580923463133 3.70674423571404 3833712 1000
1450434392619 25149 51.0580010576794 3.70690798703777 4239460 1001
1450434393618 26148 51.0579936785423 3.70705191782219 4025336 999
1450434394618 27148 51.0579701621452 3.70719423952252 4542552 1000
1450434395618 28148 51.0579099476632 3.707336396625 3736656 1000
1450434396618 29148 51.0578745187137 3.70748009884178 5549716 1000
1450434397619 30149 51.0578318021662 3.70760889757418 4218828 1001
1450434398618 31148 51.0577764462203 3.70771491297999 6977712 999
1450434399618 32148 51.0577359353881 3.70780696919515 3841748 1000
1450434400619 33149 51.0576743477422 3.70796117061578 2721612 1001
1450434401619 34149 51.0576743477422 3.70796117061578 2220156 1000
1450434402619 35149 51.0576365921866 3.70802899981515 2733744 1000
1450434403618 36148 51.0575895673633 3.70808902667791 5579972 999
1450434404618 37148 51.0575895673633 3.70808902667791 6161420 1000
1450434405618 38148 51.0574872823602 3.7082107066314 4948196 1000
1450434406618 39148 51.0574367117512 3.70826757407972 6855280 1000
1450434407618 40148 51.0573912185858 3.7083271094405 6015236 1000
1450434408618 41148 51.0573481013024 3.70838797752331 4757280 1000
1450434409618 42148 51.0573078985781 3.70844707243488 5408228 1000
1450434410618 43148 51.0572708466505 3.70851740258965 3706352 1000
1450434411619 44149 51.0572414439851 3.70857800256743 3115228 1001
1450434412618 45148 51.0572138509071 3.70863195492437 3258116 999
1450434413618 46148 51.0571901429564 3.70868506990903 4685648 1000
1450434414618 47148 51.0571687033249 3.70873723993752 5666992 1000
1450434415618 48148 51.0571539464193 3.70879176181424 5919768 1000
1450434416618 49148 51.0571424493472 3.70883085007774 5804488 1000
1450434417618 50148 51.0571329008462 3.70885900644589 5940196 1000
1450434418618 51148 51.0571257767703 3.70887194989997 5051500 1000
1450434419618 52148 51.0571257767703 3.70887194989997 5948724 1000
1450434420618 53148 51.0571257767703 3.70887194989997 5193844 1000
1450434421619 54149 51.0571257767703 3.70887194989997 5437184 1001
1450434422618 55148 51.0571257767703 3.70887194989997 4709212 999
1450434423618 56148 51.0571257767703 3.70887194989997 5532192 1000
1450434424618 57148 51.0571257767703 3.70887194989997 5748812 1000
1450434425618 58148 51.0571257767703 3.70887194989997 5635048 1000
1450434426618 59148 51.0571257767703 3.70887194989997 4906720 1000
1450434427618 60148 51.0571257767703 3.70887194989997 5974336 1000
1450434428618 61148 51.0571257767703 3.70887194989997 4573764 1000
1450434429618 62148 51.0571257767703 3.70887194989997 4829884 1000
1450434430619 63149 51.0571257767703 3.70887194989997 4482100 1001
1450434431618 64148 51.0571257767703 3.70887194989997 3508896 999
1450434432619 65149 51.0571257767703 3.70887194989997 5716816 1001
1450434433619 66149 51.0571257767703 3.70887194989997 3697564 1000
1450434434618 67148 51.0571228272443 3.70888731067211 2731048 999
1450434435618 68148 51.0571155447876 3.70891034440857 3866064 1000
1450434436619 69149 51.0570972753589 3.70894845672799 5173624 1001
1450434437618 70148 51.0570747606235 3.70899679900027 4684300 999
1450434438619 71149 51.0570488703574 3.70905780998995 4751632 1001
1450434439618 72148 51.0570191090387 3.7091373044069 5024064 999
1450434440618 73148 51.0569850908319 3.70921356342813 5063736 1000
1450434441619 74149 51.0569518666902 3.70927898061015 4388440 1001
1450434442618 75148 51.0569264316194 3.70933597296877 3340992 999
1450434443618 76148 51.0569093303152 3.7093772070752 3771704 1000
1450434444618 77148 51.0568956801237 3.70940335072138 3210936 1000
1450434445618 78148 51.0568818089512 3.70942563296094 3014880 1000
1450434446618 79148 51.0568455093307 3.70948596174367 3575492 1000
1450434447618 80148 51.0568455093307 3.70948596174367 183328 1000
1450434448618 81148 51.0568163863724 3.70953272050626 5592852 1000
1450434449618 82148 51.0567839742411 3.70958725307078 4145100 1000
1450434450618 83148 51.0567506342712 3.70964699168176 4113216 1000
1450434451619 84149 51.0566757980535 3.70981047983207 1086020 1001
1450434452618 85148 51.0566757980535 3.70981047983207 3082876 999
1450434453619 86149 51.0566351467011 3.70990811782321 525720 1001
1450434454618 87148 51.05658810815 3.71001664975316 1008304 999
1450434455618 88148 51.0565368808949 3.71013511847832 1245008 1000
1450434456619 89149 51.0564834705366 3.71025420682285 1486792 1001
1450434457619 90149 51.0564338800938 3.71036622300279 1750300 1000
1450434458619 91149 51.0563937384822 3.71046896939115 1912812 1000
1450434459618 92148 51.0563604189851 3.71055363336949 2400788 999
1450434460619 93149 51.056336200027 3.71061725386558 3002696 1001
1450434461618 94148 51.0563203731687 3.71066483851829 4702472 999
1450434462618 95148 51.0563041439909 3.71071337381567 5908284 1000
1450434463618 96148 51.0562857710326 3.71077479522757 5852368 1000
1450434464619 97149 51.0562647916983 3.71085024763827 5403432 1001
1450434465618 98148 51.0562354579752 3.71093749596753 4344604 999
1450434466618 99148 51.0562010221541 3.71102609413029 4668124 1000
1450434467618 100148 51.0561592266893 3.71112627882403 3377936 1000
1450434468619 101149 51.0561090019536 3.71123726715787 5051756 1001
1450434469619 102149 51.0560532666743 3.71135716369053 4886500 1000
1450434470618 103148 51.0559945599965 3.71147947771386 3566808 999
1450434471618 104148 51.0559308912146 3.71160235485864 3515584 1000
1450434472619 105149 51.055866712915 3.71172364360773 4356088 1001
1450434473618 106148 51.0557991186644 3.71184103329263 4066864 999
1450434474618 107148 51.0557309791928 3.7119543599724 4406612 1000
1450434475619 108149 51.0556607299555 3.7120635854409 4457940 1001
1450434476618 109148 51.0555935616856 3.71217282959162 3865960 999
1450434477618 110148 51.0555268771945 3.71227942145594 3064004 1000
1450434478618 111148 51.0554634988614 3.71237660476202 2907636 1000
1450434479618 112148 51.0554026909355 3.71246677345501 3465708 1000
1450434480618 113148 51.0553500652793 3.71254482515718 3155668 1000
1450434481619 114149 51.0553024770242 3.71261020220727 2551116 1001
1450434482618 115148 51.0552614857697 3.71266957894442 4389736 999
1450434483619 116149 51.0552315052157 3.71271704297058 4455140 1001
1450434484619 117149 51.0552213867582 3.71275069739834 3755352 1000
1450434485618 118148 51.055222836949 3.71276552233968 2794580 999
1450434486618 119148 51.055222836949 3.71276552233968 4402568 1000
1450434487618 120148 51.0552488451119 3.71274857369273 3736656 1000
1450434488619 121149 51.0552488451119 3.71274857369273 1690392 1001
1450434489619 122149 51.0552615000888 3.71275216161564 2474928 1000
1450434490618 123148 51.0552503971053 3.71277817908447 2376524 999
1450434491619 124149 51.0552503971053 3.71277817908447 605252 1001
1450434492618 125148 51.0552210113146 3.71281499973956 5725812 999
1450434493619 126149 51.0551846705269 3.71286440171717 3859816 1001
1450434494618 127148 51.0551474564652 3.71292626400624 8183708 999
1450434495619 128149 51.0551061346653 3.7130041170006 5955880 1001
1450434496618 129148 51.0550586287508 3.71309688190884 6060840 999
1450434497619 130149 51.0550111487017 3.71320089490116 5576676 1001
1450434498618 131148 51.0549593267842 3.71330657411849 6401652 999
1450434499618 132148 51.0549147975923 3.71342145171384 6001296 1000
1450434500618 133148 51.0548802488719 3.71353083047642 5843580 1000
1450434501619 134149 51.0548521727036 3.71362356044941 6195408 1001
1450434502618 135148 51.0548355045143 3.71368913329424 5986340 999
1450434503618 136148 51.0548326427676 3.71372702298165 6058040 1000
1450434504618 137148 51.0548388377954 3.71374181607083 6006688 1000
1450434505619 138149 51.0548497034029 3.71374698962982 6026908 1001
1450434506618 139148 51.0548609164948 3.71374589933315 5181712 999
1450434507618 140148 51.0548721956782 3.71373957118123 6618680 1000
1450434508618 141148 51.0548721956782 3.71373957118123 6008036 1000
1450434509619 142149 51.0548721956782 3.71373957118123 5361628 1001
1450434510618 143148 51.0548828247629 3.71374155829965 6691488 999
1450434511619 144149 51.0548828247629 3.71374155829965 4837972 1001
1450434512618 145148 51.0548828247629 3.71374155829965 3880892 999
1450434513619 146149 51.0548828247629 3.71374155829965 2758008 1001
1450434514619 147149 51.0548828247629 3.71374155829965 2472232 1000
1450434515619 148149 51.0548828247629 3.71374155829965 2718736 1000
1450434516623 149153 51.0548919859476 3.71375000760059 3081008 1004
1450434517618 150148 51.0548919859476 3.71375000760059 4019736 995
1450434518618 151148 51.0548919859476 3.71375000760059 3448184 1000
1450434519618 152148 51.0548919859476 3.71375000760059 3001996 1000
1450434520618 153148 51.0548919859476 3.71375000760059 2977732 1000
1450434521618 154148 51.0548919859476 3.71375000760059 3791640 1000
1450434522619 155149 51.0548919859476 3.71375000760059 3887916 1001
1450434523619 156149 51.0548919859476 3.71375000760059 4473528 1000
1450434524619 157149 51.0548919859476 3.71375000760059 6406656 1000
1450434525618 158148 51.0548919859476 3.71375000760059 6101920 999
1450434526618 159148 51.0548919859476 3.71375000760059 5862452 1000
1450434527618 160148 51.0548919859476 3.71375000760059 5900196 1000
1450434528619 161149 51.0548919859476 3.71375000760059 5994556 1001
1450434529618 162148 51.0548919859476 3.71375000760059 5781624 999
1450434530618 163148 51.0548919859476 3.71375000760059 5367684 1000
1450434531619 164149 51.054889883006 3.71376456776548 5778876 1001
1450434532619 165149 51.0548839213629 3.71379636409316 3361912 1000
1450434533618 166148 51.0548727067173 3.71385295254997 5507928 999
1450434534618 167148 51.0548601058276 3.71392796383269 4842016 1000
1450434535618 168148 51.0548601058276 3.71392796383269 5091396 1000
1450434536618 169148 51.0548279542662 3.71412119639246 5250460 1000
1450434537618 170148 51.0548029729141 3.71424160718297 4843364 1000
1450434538619 171149 51.0547651961158 3.71436556536904 5863800 1001
1450434539618 172148 51.0547483961165 3.71449068620613 4733036 999
1450434540618 173148 51.0547483961165 3.71449068620613 6032092 1000
1450434541618 174148 51.0547333026572 3.71473681689091 4052088 1000
1450434542618 175148 51.0547259955696 3.71485653217422 4207108 1000
1450434543619 176149 51.0547250341397 3.71496847715639 4228676 1001
1450434544618 177148 51.0547210291277 3.71507829873278 4052484 999
1450434545618 178148 51.0547210291277 3.71507829873278 4666744 1000
1450434546618 179148 51.0547069887977 3.71529763012069 5543960 1000
1450434547618 180148 51.0546984770667 3.71539409845665 5765396 1000
1450434548618 181148 51.0546910019397 3.71548818761217 4255636 1000
1450434549618 182148 51.0546910019397 3.71548818761217 5538932 1000
1450434550618 183148 51.0546791443488 3.71557559721488 5703388 1000
1450434551618 184148 51.0546636576528 3.71575634990117 6084536 1000
1450434552618 185148 51.0546594762551 3.71584803100227 4617236 1000
1450434553618 186148 51.0546540765733 3.71594264119093 5942684 1000
1450434554620 187150 51.0546540765733 3.71594264119093 5497792 1002
1450434555618 188148 51.0546468055322 3.71603596078647 5339428 998
1450434556619 189149 51.0546214879665 3.71620256531906 5452660 1001
1450434557618 190148 51.0546134568777 3.71626997797141 5472232 999
1450434558619 191149 51.0546120413387 3.71632296311724 5886664 1001
1450434559618 192148 51.0546116836535 3.71635614127921 5950072 999
1450434560618 193148 51.0546110412343 3.71637347878381 5873236 1000
1450434561618 194148 51.0546110412343 3.71637347878381 5757132 1000
1450434562619 195149 51.0546110412343 3.71637347878381 6112892 1001
1450434563619 196149 51.0546110412343 3.71637347878381 5171652 1000
1450434564618 197148 51.0546110412343 3.71637347878381 5022388 999
1450434565618 198148 51.0546110412343 3.71637347878381 3609944 1000
1450434566618 199148 51.0546110412343 3.71637347878381 4842016 1000
1450434567619 200149 51.0546110412343 3.71637347878381 4541412 1001
1450434568619 201149 51.0546110412343 3.71637347878381 4367520 1000
1450434569618 202148 51.0546110412343 3.71637347878381 3650384 999
1450434570618 203148 51.0546110412343 3.71637347878381 2819420 1000
1450434571619 204149 51.0546097265619 3.71638906604304 3277636 1001
1450434572618 205148 51.0546110412343 3.71637347878381 2835200 999
1450434573618 206148 51.0546110412343 3.71637347878381 2723148 1000
1450434574619 207149 51.0546087988788 3.7163966547393 2824296 1001
1450434575618 208148 51.0546087988788 3.7163966547393 3138556 999
1450434576618 209148 51.0545953906584 3.7164782319726 2904424 1000
1450434577618 210148 51.0545947926078 3.71653188385122 2950640 1000
1450434578618 211148 51.0545968433242 3.71658166737203 2493100 1000
1450434579618 212148 51.0546090124142 3.71662868127165 2244420 1000
1450434580619 213149 51.054617559142 3.71666736347542 1508412 1001
1450434581618 214148 51.0546284069391 3.71671342793019 3116576 999
1450434582618 215148 51.0546415895062 3.71676414933813 3053220 1000
1450434583618 216148 51.0546463785274 3.71679979762809 2617816 1000
1450434584618 217148 51.0546494411614 3.7168330637233 2655560 1000
1450434585618 218148 51.0546531755391 3.71685870692207 3741764 1000
1450434586618 219148 51.0546531755391 3.71685870692207 3928356 1000
1450434587618 220148 51.0546531755391 3.71685870692207 5270032 1000
1450434588618 221148 51.0546531755391 3.71685870692207 4791052 1000
1450434589618 222148 51.0546531755391 3.71685870692207 5225236 1000
1450434590619 223149 51.0546531755391 3.71685870692207 4626336 1001
1450434591619 224149 51.0546531755391 3.71685870692207 5317860 1000
1450434592619 225149 51.0546531755391 3.71685870692207 4875716 1000
1450434593618 226148 51.0546531755391 3.71685870692207 4200368 999
1450434594618 227148 51.0546531755391 3.71685870692207 3715088 1000
1450434595619 228149 51.0546531755391 3.71685870692207 3131404 1001
1450434596619 229149 51.0546531755391 3.71685870692207 4081744 1000
1450434597618 230148 51.0546531755391 3.71685870692207 3956380 999
1450434598619 231149 51.0546531755391 3.71685870692207 4596680 1001
1450434599618 232148 51.0546531755391 3.71685870692207 4155884 999
1450434600618 233148 51.0546531755391 3.71685870692207 6702256 1000
1450434601618 234148 51.0546531755391 3.71685870692207 5069232 1000
1450434602618 235148 51.0546531755391 3.71685870692207 4080992 1000
1450434603619 236149 51.0546531755391 3.71685870692207 5232288 1001
1450434604618 237148 51.0546531755391 3.71685870692207 5364340 999
1450434605618 238148 51.0546531755391 3.71685870692207 5142620 1000
1450434606618 239148 51.0546531755391 3.71685870692207 4397176 1000
1450434607618 240148 51.0546531755391 3.71685870692207 5890760 1000
1450434608618 241148 51.0546531755391 3.71685870692207 5452480 1000
1450434609618 242148 51.0546531755391 3.71685870692207 5401616 1000
1450434610618 243148 51.0546531755391 3.71685870692207 5234284 1000
1450434611618 244148 51.0546531755391 3.71685870692207 3990132 1000
1450434612618 245148 51.0546531755391 3.71685870692207 2941284 1000
1450434613618 246148 51.0546531755391 3.71685870692207 1593336 1000
1450434614618 247148 51.0546531755391 3.71685870692207 1830584 1000
1450434615618 248148 51.0546531755391 3.71685870692207 2594900 1000
1450434616618 249148 51.0546531755391 3.71685870692207 4098672 1000
1450434617618 250148 51.0546531755391 3.71685870692207 4512352 1000
1450434618619 251149 51.0546531755391 3.71685870692207 4181496 1001
1450434619619 252149 51.0546531755391 3.71685870692207 4325732 1000
1450434620618 253148 51.0546531755391 3.71685870692207 4434428 999
1450434621618 254148 51.0546531755391 3.71685870692207 2771980 1000
1450434622618 255148 51.0546531755391 3.71685870692207 1719400 1000
1450434623618 256148 51.0546531755391 3.71685870692207 2280116 1000
1450434624619 257149 51.0546531755391 3.71685870692207 2105576 1001
1450434625619 258149 51.0546531755391 3.71685870692207 2168284 1000
1450434626620 259150 51.0546531755391 3.71685870692207 2290252 1001
1450434627618 260148 51.0546531755391 3.71685870692207 2644724 998
1450434628618 261148 51.0546531755391 3.71685870692207 3098404 1000
1450434629618 262148 51.0546531755391 3.71685870692207 3190016 1000
1450434630618 263148 51.0546531755391 3.71685870692207 4211904 1000
1450434631618 264148 51.0546531755391 3.71685870692207 4006152 1000
1450434632619 265149 51.0546531755391 3.71685870692207 3403856 1001
1450434633619 266149 51.0546531755391 3.71685870692207 3071936 1000
1450434634618 267148 51.0546531755391 3.71685870692207 3279036 999
1450434635619 268149 51.0546531755391 3.71685870692207 2963592 1001
1450434636618 269148 51.0546531755391 3.71685870692207 4566984 999
1450434637618 270148 51.0546531755391 3.71685870692207 3762268 1000
1450434638618 271148 51.0546531755391 3.71685870692207 3524712 1000
1450434639619 272149 51.0546531755391 3.71685870692207 3916248 1001
1450434640618 273148 51.0546531755391 3.71685870692207 3472448 999
1450434641619 274149 51.0546531755391 3.71685870692207 3507496 1001
1450434642619 275149 51.0546475131345 3.71687569243586 3155668 1000
1450434643618 276148 51.0546475131345 3.71687569243586 3164404 999
1450434644619 277149 51.0546475131345 3.71687569243586 2436536 1001
1450434645619 278149 51.0546475131345 3.71687569243586 2628548 1000
1450434646618 279148 51.0546475131345 3.71687569243586 2786316 999
1450434647618 280148 51.0546475131345 3.71687569243586 3076836 1000
1450434648618 281148 51.0546475131345 3.71687569243586 3320772 1000
1450434649619 282149 51.0546475131345 3.71687569243586 2999300 1001
1450434650619 283149 51.0546475131345 3.71687569243586 2859108 1000
1450434651618 284148 51.0546475131345 3.71687569243586 2957512 999
1450434652618 285148 51.0546475131345 3.71687569243586 2744528 1000
1450434653618 286148 51.0546475131345 3.71687569243586 2158148 1000
1450434654618 287148 51.0546475131345 3.71687569243586 2907636 1000
1450434655618 288148 51.0546475131345 3.71687569243586 2638036 1000
1450434656619 289149 51.0546475131345 3.71687569243586 2443924 1001
1450434657618 290148 51.0546475131345 3.71687569243586 2760704 999
1450434658619 291149 51.0546475131345 3.71687569243586 3512888 1001
1450434659619 292149 51.0546475131345 3.71687569243586 2941336 1000
1450434660618 293148 51.0546475131345 3.71687569243586 1156584 999
1450434661619 294149 51.0546475131345 3.71687569243586 4479404 1001
1450434662619 295149 51.0546475131345 3.71687569243586 1300820 1000
1450434663618 296148 51.0546475131345 3.71687569243586 3731264 999
1450434664618 297148 51.0546475131345 3.71687569243586 4754396 1000
1450434665618 298148 51.0546475131345 3.71687569243586 3417180 1000
1450434666618 299148 51.0546475131345 3.71687569243586 4219240 1000
1450434667618 300148 51.0546475131345 3.71687569243586 4046696 1000
1450434668618 301148 51.0546475131345 3.71687569243586 3813544 1000
1450434669618 302148 51.0546475131345 3.71687569243586 3613936 1000
1450434670618 303148 51.0546475131345 3.71687569243586 2799796 1000
1450434671618 304148 51.0546475131345 3.71687569243586 4569720 1000
1450434672618 305148 51.0546475131345 3.71687569243586 3647688 1000
1450434673618 306148 51.0546475131345 3.71687569243586 3163108 1000
1450434674618 307148 51.0546475131345 3.71687569243586 3140140 1000
1450434675618 308148 51.0546475131345 3.71687569243586 3965816 1000
1450434676619 309149 51.0546475131345 3.71687569243586 4550848 1001
1450434677618 310148 51.0546475131345 3.71687569243586 3860984 999
1450434678619 311149 51.0546475131345 3.71687569243586 3275328 1001
1450434679618 312148 51.0546475131345 3.71687569243586 3565460 999
1450434680618 313148 51.0546475131345 3.71687569243586 3783836 1000
1450434681619 314149 51.0546457290671 3.71689042513889 3602608 1001
1450434682618 315148 51.0546457290671 3.71689042513889 3114476 999
1450434683619 316149 51.0546489884978 3.71691691092576 3804056 1001
1450434684618 317148 51.0546489884978 3.71691691092576 2833496 999
1450434685619 318149 51.054645209168 3.71695869576035 3443492 1001
1450434686618 319148 51.054645209168 3.71695869576035 2720912 999
1450434687618 320148 51.0546440477251 3.71698610205001 3066700 1000
1450434688619 321149 51.054643858178 3.71701723489255 3456272 1001
1450434689619 322149 51.0546445745186 3.71704983456877 3609944 1000
1450434690618 323148 51.0546455955654 3.71708384761296 3612640 999
1450434691619 324149 51.0546465342682 3.71711374252149 5181920 1001
1450434692618 325148 51.0546493038025 3.7171420310258 3558548 999
1450434693618 326148 51.0546527383165 3.71716953293472 6631424 1000
1450434694619 327149 51.0546566079508 3.71719823970718 6261460 1001
1450434695619 328149 51.0546589380698 3.71722229645343 6002644 1000
1450434696618 329148 51.0546591777935 3.71724164189159 5468836 999
1450434697618 330148 51.0546552756484 3.71726234272964 3821580 1000
1450434698618 331148 51.0546525345288 3.71727974138394 368864 1000
1450434699618 332148 51.0546491239944 3.71729374845084 7454928 1000
1450434700618 333148 51.0546425568858 3.71731770410768 4630380 1000
1450434701618 334148 51.0546315199822 3.71734398006875 4921548 1000
1450434702618 335148 51.0546216491485 3.71737369099328 5128260 1000
1450434703620 336150 51.0546137710556 3.71739981304876 4960924 1002
1450434704619 337149 51.0546095178269 3.7174190098129 5400684 999
1450434705619 338149 51.0546095178269 3.7174190098129 4784052 1000
1450434706619 339149 51.0546095178269 3.7174190098129 5452868 1000
1450434707619 340149 51.0546095178269 3.7174190098129 4576252 1000
1450434708618 341148 51.0546095178269 3.7174190098129 4758752 999
1450434709618 342148 51.0546095178269 3.7174190098129 5508964 1000
1450434710618 343148 51.0546095178269 3.7174190098129 5428396 1000
1450434711618 344148 51.0546095178269 3.7174190098129 5092744 1000
1450434712618 345148 51.0546095178269 3.7174190098129 5447968 1000
1450434713618 346148 51.0546095178269 3.7174190098129 5064360 1000
1450434714618 347148 51.0546095178269 3.7174190098129 4567748 1000
1450434715618 348148 51.0546095178269 3.7174190098129 4456048 1000
1450434716618 349148 51.0546095178269 3.7174190098129 5132976 1000
1450434717618 350148 51.0546095178269 3.7174190098129 3936112 1000
1450434718618 351148 51.0546095178269 3.7174190098129 4482796 1000
1450434719618 352148 51.0546095178269 3.7174190098129 5396460 1000
1450434720618 353148 51.0546034333494 3.7174321350886 5887700 1000
1450434721618 354148 51.0546034333494 3.7174321350886 4891788 1000
1450434722618 355148 51.0545847126833 3.71744555638502 4252940 1000
1450434723618 356148 51.0545671042781 3.71744648800307 7267068 1000
1450434724618 357148 51.054543733964 3.71745811517091 5871888 1000
1450434725618 358148 51.0545162318743 3.71748842712087 5576660 1000
1450434726619 359149 51.0544829595585 3.71753666749252 6548652 1001
1450434727619 360149 51.0544411457793 3.7175915298828 6038988 1000
1450434728618 361148 51.0544034311676 3.71764163301309 6012080 999
1450434729618 362148 51.0543743880184 3.71768370898436 5999300 1000
1450434730618 363148 51.0543526251128 3.71772010729545 5962852 1000
1450434731619 364149 51.0543373554354 3.71774936151958 6055916 1001
1450434732618 365148 51.0543373554354 3.71774936151958 6040336 999
1450434733618 366148 51.0543373554354 3.71774936151958 5809880 1000
1450434734618 367148 51.0543373554354 3.71774936151958 6170600 1000
1450434735618 368148 51.0543373554354 3.71774936151958 5977032 1000
1450434736620 369150 51.0543373554354 3.71774936151958 6016668 1002
1450434737618 370148 51.0543260672289 3.71777560985193 6005988 998
1450434738618 371148 51.0543115539348 3.71780311753996 6016176 1000
1450434739618 372148 51.0542912750669 3.71784058407705 5917668 1000
1450434740618 373148 51.0542689759367 3.71788477214865 6010084 1000
1450434741618 374148 51.0542462862184 3.7179307955571 4974768 1000
1450434742618 375148 51.0542307939106 3.71795997386198 4407960 1000
1450434743618 376148 51.0542212435505 3.71797440260201 4467480 1000
1450434744618 377148 51.0542212435505 3.71797440260201 5823800 1000
1450434745618 378148 51.0542212435505 3.71797440260201 5745176 1000
1450434746619 379149 51.054211894485 3.71796863305998 5366388 1001
1450434747618 380148 51.054211894485 3.71796863305998 4577808 999
1450434748618 381148 51.054211894485 3.71796863305998 5780224 1000
1450434749618 382148 51.054211894485 3.71796863305998 4571068 1000
1450434750618 383148 51.0542065257037 3.71799126411775 4871672 1000
1450434751619 384149 51.0541929545924 3.71801112726057 4927640 1001
1450434752619 385149 51.0541770332546 3.71803324144901 4471524 1000
1450434753618 386148 51.0541634123568 3.71805115544686 5073716 999
1450434754619 387149 51.0541496130195 3.71806454316833 5334580 1001
1450434755618 388148 51.0541496130195 3.71806454316833 5832796 999
1450434756618 389148 51.0541387036471 3.71806600993542 5875932 1000
1450434757618 390148 51.0541387036471 3.71806600993542 6143200 1000
1450434758618 391148 51.0541387036471 3.71806600993542 4737004 1000
1450434759618 392148 51.0541387036471 3.71806600993542 5591008 1000
1450434760618 393148 51.0541387036471 3.71806600993542 6055580 1000
1450434761618 394148 51.0541387036471 3.71806600993542 5620796 1000
1450434762618 395148 51.0541387036471 3.71806600993542 6171144 1000
1450434763618 396148 51.0541387036471 3.71806600993542 5934028 1000
1450434764618 397148 51.0541393175548 3.71808598611588 4804788 1000
1450434765619 398149 51.0541393175548 3.71808598611588 5968944 1001
1450434766618 399148 51.0541321982067 3.7180973288856 5106224 999
1450434767618 400148 51.0541321982067 3.7180973288856 3917988 1000
1450434768618 401148 51.0541321982067 3.7180973288856 5857060 1000
1450434769619 402149 51.0541240004259 3.71810426878426 4863584 1001
1450434770618 403148 51.0541240004259 3.71810426878426 5417612 999
1450434771618 404148 51.0541138541869 3.71811926094579 5241024 1000
1450434772618 405148 51.0541014525679 3.71814989698777 6152272 1000
1450434773618 406148 51.05408912012 3.71818626279767 5561176 1000
1450434774618 407148 51.0540738655836 3.71822827900011 5849644 1000
1450434775618 408148 51.0540610481498 3.71826633452724 5572632 1000
1450434776618 409148 51.0540391813041 3.7183093361004 5702040 1000
1450434777618 410148 51.0540157172972 3.71836534550319 3936164 1000
1450434778618 411148 51.0540034491142 3.71844182370253 4195212 1000
1450434779619 412149 51.0539933996477 3.71851442483721 5452420 1001
1450434780619 413149 51.0539902996772 3.71858270853276 5860456 1000
1450434781618 414148 51.053985542325 3.71864655698072 5937240 999
1450434782619 415149 51.0539860895212 3.71870573147166 5094092 1001
1450434783618 416148 51.0539883281781 3.71876078065941 5888064 999
1450434784619 417149 51.0539870316635 3.71880750341935 4495580 1001
1450434785618 418148 51.0539889905879 3.71884497587672 5726304 999
1450434786618 419148 51.0539868809822 3.71887109745512 5990512 1000
1450434787619 420149 51.0539817287981 3.71888591129837 5030736 1001
1450434788618 421148 51.0539817287981 3.71888591129837 4467272 999
1450434789618 422148 51.0539817287981 3.71888591129837 5498492 1000
1450434790618 423148 51.0539817287981 3.71888591129837 4593984 1000
1450434791618 424148 51.0539817287981 3.71888591129837 5565944 1000
1450434792618 425148 51.0539817287981 3.71888591129837 5206236 1000
1450434793618 426148 51.0539817287981 3.71888591129837 4111088 1000
1450434794619 427149 51.0539817287981 3.71888591129837 4507220 1001
1450434795618 428148 51.0539817287981 3.71888591129837 5649260 999
1450434796618 429148 51.0539817287981 3.71888591129837 4995092 1000
1450434797619 430149 51.0539817287981 3.71888591129837 5053316 1001
1450434798618 431148 51.0539817287981 3.71888591129837 4342840 999
1450434799619 432149 51.0539817287981 3.71888591129837 4850104 1001
1450434800619 433149 51.0539817287981 3.71888591129837 4443528 1000
1450434801618 434148 51.0539817287981 3.71888591129837 4434400 999
1450434802619 435149 51.0539817287981 3.71888591129837 4913460 1001
1450434803618 436148 51.053974871649 3.71889919968398 4116144 999
1450434804619 437149 51.053964466593 3.71892846719975 3583788 1001
1450434805618 438148 51.0539608062437 3.71897276900001 3120464 999
1450434806619 439149 51.0539587356152 3.71903612941295 1706568 1001
1450434807618 440148 51.0539547265379 3.71911817060031 1223984 999
1450434808618 441148 51.0539514492402 3.71921555332225 2086704 1000
1450434809618 442148 51.0539565061239 3.71931656632356 2658256 1000
1450434810618 443148 51.0539647262289 3.71941657974161 2401488 1000
1450434811619 444149 51.0539732455534 3.71951618964564 2433788 1001
1450434812618 445148 51.0539850777702 3.71961832022876 2100184 999
1450434813618 446148 51.0539932994704 3.71971341453604 1911464 1000
1450434814618 447148 51.0539678407628 3.71988450350922 2131188 1000
1450434815619 448149 51.0539497559177 3.71997930800949 1756444 1001
1450434816619 449149 51.0539496960703 3.72007408160137 1387092 1000
1450434817618 450148 51.0539575776585 3.72016693284235 1458536 999
1450434818619 451149 51.0539702770582 3.72026290461409 719832 1001
1450434819618 452148 51.053978005523 3.7203569685334 0 999
1450434820619 453149 51.053978005523 3.7203569685334 997520 1001
1450434821618 454148 51.0539699533513 3.72052370851938 1713308 999
1450434822618 455148 51.0539621928478 3.7206041829374 1990996 1000
1450434823618 456148 51.0539562549622 3.72068289409777 1238812 1000
1450434824618 457148 51.0539501746474 3.72076136680537 1408660 1000
1450434825618 458148 51.0539445170442 3.72083678943889 1523240 1000
1450434826618 459148 51.0539445170442 3.72083678943889 1352044 1000
1450434827618 460148 51.0539409813853 3.72090930015788 2020652 1000
1450434828618 461148 51.0539381030306 3.72098692155991 1938424 1000
1450434829619 462149 51.0539390460522 3.72114179805705 1995040 1001
1450434830619 463149 51.0539365345988 3.72119490782562 1467972 1000
1450434831618 464148 51.0539316223069 3.72122806585953 1489132 999
1450434832618 465148 51.0539278102414 3.72124924795654 1560744 1000
1450434833619 466149 51.0539278102414 3.72124924795654 1304164 1001
1450434834618 467148 51.0539278102414 3.72124924795654 1428880 999
1450434835619 468149 51.053936820693 3.72126612006755 1666828 1001
1450434836618 469148 51.0539436559633 3.72127741421029 1712608 999
1450434837618 470148 51.0539436559633 3.72127741421029 1864932 1000
1450434838618 471148 51.0539474121642 3.72129926507843 1769924 1000
1450434839619 472149 51.0539474121642 3.72129926507843 1706880 1001
1450434840618 473148 51.0539474121642 3.72129926507843 1651636 999
1450434841619 474149 51.0539474121642 3.72129926507843 1489540 1001
1450434842618 475148 51.0539474121642 3.72129926507843 1472016 999
1450434843618 476148 51.0539474121642 3.72129926507843 1427532 1000
1450434844618 477148 51.0539474121642 3.72129926507843 984040 1000
1450434845618 478148 51.0539474121642 3.72129926507843 0 1000
1450434846618 479148 51.0539474121642 3.72129926507843 3307992 1000
1450434847618 480148 51.0539474121642 3.72129926507843 1478756 1000
1450434848618 481148 51.0539474121642 3.72129926507843 1614904 1000
1450434849618 482148 51.0539474121642 3.72129926507843 1470668 1000
1450434850618 483148 51.0539474121642 3.72129926507843 1379004 1000
1450434851619 484149 51.0539474121642 3.72129926507843 51224 1001
1450434852618 485148 51.0539474121642 3.72129926507843 3127360 999
1450434853618 486148 51.0539474121642 3.72129926507843 1744312 1000
1450434854618 487148 51.0539474121642 3.72129926507843 1640516 1000
1450434855618 488148 51.0539474121642 3.72129926507843 1423488 1000
1450434856619 489149 51.0539474121642 3.72129926507843 1275208 1001
1450434857618 490148 51.0539474121642 3.72129926507843 1383048 999
1450434858619 491149 51.0539474121642 3.72129926507843 1263076 1001
1450434859618 492148 51.0539474121642 3.72129926507843 1407312 999
1450434860618 493148 51.0539474121642 3.72129926507843 1357436 1000
1450434861618 494148 51.0539474121642 3.72129926507843 1765880 1000
1450434862618 495148 51.0539474121642 3.72129926507843 554028 1000
1450434863618 496148 51.0539474121642 3.72129926507843 0 1000
1450434864618 497148 51.0539474121642 3.72129926507843 2666344 1000
1450434865618 498148 51.0539474121642 3.72129926507843 1416748 1000
1450434866618 499148 51.0539474121642 3.72129926507843 1318344 1000
1450434867619 500149 51.0539474121642 3.72129926507843 1035264 1001
1450434868619 501149 51.0539474121642 3.72129926507843 510892 1000
1450434869618 502148 51.0539474121642 3.72129926507843 0 999
1450434870619 503149 51.0539474121642 3.72129926507843 3667908 1001
1450434871618 504148 51.0539535358214 3.72131986519327 1396528 999
1450434872618 505148 51.0539582357045 3.7213364398197 1130972 1000
1450434873619 506149 51.0539631503707 3.72135663888966 1404616 1001
1450434874619 507149 51.0539660023318 3.72137516911788 1759140 1000
1450434875618 508148 51.0539660023318 3.72137516911788 1454492 999
1450434876619 509149 51.0539676324562 3.72139327454426 1478756 1001
1450434877618 510148 51.0539676324562 3.72139327454426 1666128 999
1450434878618 511148 51.0539676324562 3.72139327454426 1538068 1000
1450434879618 512148 51.0539676324562 3.72139327454426 1393832 1000
1450434880618 513148 51.0539676324562 3.72139327454426 1606816 1000
1450434881618 514148 51.0539676324562 3.72139327454426 1784752 1000
1450434882618 515148 51.0539676324562 3.72139327454426 769708 1000
1450434883618 516148 51.0539676324562 3.72139327454426 1682304 1000
1450434884618 517148 51.0539693555371 3.72141747577952 1411356 1000
1450434885618 518148 51.0539657005067 3.72144608441906 841152 1000
1450434886619 519149 51.0539657005067 3.72144608441906 636256 1001
1450434887618 520148 51.0539612125624 3.72150792196553 1873720 999
1450434888619 521149 51.0539612125624 3.72150792196553 1035264 1001
1450434889618 522148 51.0539578520009 3.72153951741293 2155452 999
1450434890618 523148 51.0539572354613 3.72156863899636 1989648 1000
1450434891618 524148 51.0539537928036 3.72159602172978 1461932 1000
1450434892618 525148 51.0539537928036 3.72159602172978 1571068 1000
1450434893619 526149 51.0539446660247 3.72166136749449 1283296 1001
1450434894619 527149 51.0539438235254 3.72169971670238 1622992 1000
1450434895618 528148 51.0539431545525 3.72179822816249 1815756 999
1450434896618 529148 51.0539386840397 3.72185665196128 893724 1000
1450434897619 530149 51.0539342494598 3.72192378261502 870808 1001
1450434898618 531148 51.0539347138573 3.72200255950274 911248 999
1450434899618 532148 51.053929046336 3.72208491815624 1214548 1000
1450434900619 533149 51.0539235480306 3.72216899416506 1454492 1001
1450434901619 534149 51.0539176201623 3.72225621967996 1307560 1000
1450434902620 535150 51.0539093921808 3.72234154822594 1287708 1001
1450434903618 536148 51.0539002179126 3.72242283547832 1746640 998
1450434904618 537148 51.0538941912455 3.72249481661456 1593336 1000
1450434905618 538148 51.0538875559716 3.72255387499088 1674216 1000
1450434906619 539149 51.0538784495121 3.72261116922504 525720 1001
1450434907618 540148 51.0538784495121 3.72261116922504 2254296 999
1450434908619 541149 51.053868557063 3.72267064979516 2347776 1001
1450434909618 542148 51.0538596808617 3.72273055238981 2800136 999
1450434910618 543148 51.0538516916698 3.72279144732935 3163416 1000
1450434911618 544148 51.0538419504468 3.72284999821999 3092312 1000
1450434912618 545148 51.0538373239173 3.72291502307413 3778444 1000
