1453389895405 859 51.0554335593824 3.74089949277504 625292 859
1453389896405 1859 51.0554335593824 3.74089949277504 1138204 1000
1453389897406 2860 51.0554335593824 3.74089949277504 3330296 1001
1453389898406 3860 51.0554335593824 3.74089949277504 3735608 1000
1453389899405 4859 51.0554335593824 3.74089949277504 6290728 999
1453389900405 5859 51.0554335593824 3.74089949277504 3288160 1000
1453389901406 6860 51.0554335593824 3.74089949277504 1757792 1001
1453389902405 7859 51.0554335593824 3.74089949277504 4830628 999
1453389903405 8859 51.0554335593824 3.74089949277504 2943288 1000
1453389904405 9859 51.0554335593824 3.74089949277504 5090496 1000
1453389905405 10859 51.0554335593824 3.74089949277504 3389772 1000
1453389906405 11859 51.0554335593824 3.74089949277504 3803408 1000
1453389907405 12859 51.0554335593824 3.74089949277504 4891192 1000
1453389908406 13860 51.0554335593824 3.74089949277504 2689260 1001
1453389909406 14860 51.0554335593824 3.74089949277504 2900896 1000
1453389910406 15860 51.0554335593824 3.74089949277504 4063624 1000
1453389911405 16859 51.0554335593824 3.74089949277504 3431056 999
1453389912405 17859 51.0554335593824 3.74089949277504 5663848 1000
1453389913405 18859 51.0554335593824 3.74089949277504 4665376 1000
1453389914405 19859 51.0554335593824 3.74089949277504 4318992 1000
1453389915405 20859 51.0554335593824 3.74089949277504 4324384 1000
1453389916405 21859 51.0554335593824 3.74089949277504 3410440 1000
1453389917405 22859 51.0554335593824 3.74089949277504 1221288 1000
1453389918405 23859 51.0554335593824 3.74089949277504 1427532 1000
1453389919405 24859 51.0554335593824 3.74089949277504 2473580 1000
1453389920406 25860 51.0554335593824 3.74089949277504 1244204 1001
1453389921405 26859 51.0554335593824 3.74089949277504 2437884 999
1453389922405 27859 51.0554335593824 3.74089949277504 2869192 1000
1453389923405 28859 51.0554335593824 3.74089949277504 1558288 1000
1453389924406 29860 51.0554335593824 3.74089949277504 3411920 1001
1453389925405 30859 51.0554335593824 3.74089949277504 3395480 999
1453389926405 31859 51.0554335593824 3.74089949277504 4014080 1000
1453389927406 32860 51.0554335593824 3.74089949277504 4245172 1001
1453389928405 33859 51.0554335593824 3.74089949277504 4631440 999
1453389929405 34859 51.0554335593824 3.74089949277504 2847208 1000
1453389930405 35859 51.0554335593824 3.74089949277504 3132104 1000
1453389931406 36860 51.0554335593824 3.74089949277504 3819920 1001
1453389932405 37859 51.0554335593824 3.74089949277504 3422832 999
1453389933405 38859 51.0554335593824 3.74089949277504 2664116 1000
1453389934405 39859 51.0554335593824 3.74089949277504 3904688 1000
1453389935405 40859 51.0554335593824 3.74089949277504 5320556 1000
1453389936405 41859 51.0554335593824 3.74089949277504 1775528 1000
1453389937405 42859 51.0554335593824 3.74089949277504 2983936 1000
1453389938405 43859 51.0554335593824 3.74089949277504 7078812 1000
1453389939406 44860 51.0554335593824 3.74089949277504 4871532 1001
1453389940405 45859 51.0554335593824 3.74089949277504 3537104 999
1453389941406 46860 51.0554335593824 3.74089949277504 3404396 1001
1453389942405 47859 51.0554335593824 3.74089949277504 5639488 999
1453389943405 48859 51.0554335593824 3.74089949277504 3895256 1000
1453389944405 49859 51.0554156744634 3.74091290554171 4807976 1000
1453389945405 50859 51.0553864713982 3.74097002117451 3367648 1000
1453389946405 51859 51.0553802580214 3.74098937554843 3015968 1000
1453389947405 52859 51.0553802580214 3.74098937554843 2685000 1000
1453389948405 53859 51.0553698199004 3.74101820421975 5554572 1000
1453389949405 54859 51.0553540125259 3.74107882989249 3355732 1000
1453389950405 55859 51.0553277006726 3.74114102828115 3739496 1000
1453389951405 56859 51.0553191920526 3.74116692654708 1025040 1000
1453389952405 57859 51.0553025217797 3.74118615598591 846544 1000
1453389953405 58859 51.0552910809628 3.74120315779825 745444 1000
1453389954405 59859 51.0552701269479 3.74120485794372 669956 1000
1453389955405 60859 51.0552535663296 3.74122333373966 829020 1000
1453389956406 61860 51.0552171896122 3.74124553662209 607948 1001
1453389957405 62859 51.0551729744724 3.74125285834416 928124 999
1453389958406 63860 51.0551729744724 3.74125285834416 1123144 1001
1453389959406 64860 51.0551191937001 3.74123078343375 1808056 1000
1453389960405 65859 51.0550465591188 3.74119392431579 4215124 999
1453389961406 66860 51.0549813591143 3.74119927307806 3670728 1001
1453389962405 67859 51.054914641454 3.74119772202965 3320720 999
1453389963406 68860 51.0547929933047 3.74121202940838 1854616 1001
1453389964405 69859 51.0547929933047 3.74121202940838 1176104 999
1453389965406 70860 51.0546464580842 3.74120909886482 1708848 1001
1453389966406 71860 51.0546464580842 3.74120909886482 832176 1000
1453389967406 72860 51.0545759843348 3.74120623808448 4224872 1000
1453389968406 73860 51.0544985450168 3.74123666792691 3858624 1000
1453389969405 74859 51.0544985450168 3.74123666792691 5861760 999
1453389970405 75859 51.0543092213939 3.74132867807552 3895712 1000
1453389971405 76859 51.0542084030981 3.74136653114831 4935028 1000
1453389972405 77859 51.0541049760092 3.74140559804318 4132968 1000
1453389973405 78859 51.0540023578979 3.74144615984121 3008736 1000
1453389974405 79859 51.0538942745347 3.74148915752203 5340976 1000
1453389975405 80859 51.053765949094 3.74153796470564 3497608 1000
1453389976405 81859 51.053765949094 3.74153796470564 6138916 1000
1453389977405 82859 51.0535217934048 3.74163176207801 5063216 1000
1453389978405 83859 51.0534036987854 3.74167779438452 5191148 1000
1453389979405 84859 51.0532814934139 3.74172624042088 4529384 1000
1453389980405 85859 51.0531583170866 3.74177531578325 5019848 1000
1453389981405 86859 51.0531583170866 3.74177531578325 3028364 1000
1453389982405 87859 51.0530283707572 3.741826075611 4435512 1000
1453389983405 88859 51.0527344801503 3.74195101763693 2532848 1000
1453389984406 89860 51.0525854987963 3.74201183517198 2736044 1001
1453389985405 90859 51.0524339761591 3.74207629985318 3638692 999
1453389986405 91859 51.052279605586 3.74214014204476 2764748 1000
1453389987405 92859 51.0521240009862 3.74220324952253 927692 1000
1453389988406 93860 51.0518098434983 3.74234366892753 1741348 1001
1453389989405 94859 51.0516496911964 3.74241840343795 1141756 999
1453389990406 95860 51.0514911621218 3.74249686584725 838456 1001
1453389991406 96860 51.0514911621218 3.74249686584725 529764 1000
1453389992405 97859 51.0514911621218 3.74249686584725 2240376 999
1453389993405 98859 51.051012547422 3.74275714451559 981344 1000
1453389994405 99859 51.051012547422 3.74275714451559 378788 1000
1453389995405 100859 51.0508517076858 3.74286359221972 2954816 1000
1453389996405 101859 51.0506898291569 3.74298548110499 4127784 1000
1453389997405 102859 51.0505263606136 3.74311471187633 4065580 1000
1453389998405 103859 51.0503620131772 3.74324593453304 4600348 1000
1453389999406 104860 51.0501980251884 3.7433827191786 4603656 1001
1453390000405 105859 51.0501980251884 3.7433827191786 3816964 999
1453390001405 106859 51.0498768202456 3.74368734468462 3124664 1000
1453390002406 107860 51.0495666211404 3.74402634873425 2736944 1001
1453390003405 108859 51.0494159056582 3.74420402168213 2497652 999
1453390004406 109860 51.0492608750637 3.74438261976363 2531336 1001
1453390005405 110859 51.0492608750637 3.74438261976363 2531440 999
1453390006406 111860 51.0492608750637 3.74438261976363 4261928 1001
1453390007406 112860 51.0489413427694 3.7447426420616 3825540 1000
1453390008405 113859 51.048775546969 3.7449261400045 6541676 999
1453390009405 114859 51.0486102767993 3.74511178875927 6250692 1000
1453390010405 115859 51.0484434064073 3.74529542222639 6976340 1000
1453390011405 116859 51.0482771007075 3.74547544492912 8439808 1000
1453390012405 117859 51.0482771007075 3.74547544492912 5754324 1000
1453390013405 118859 51.0479407821679 3.74583700740509 2930728 1000
1453390014405 119859 51.0477758864226 3.7460184672514 8189952 1000
1453390015405 120859 51.0476116772544 3.74619976574016 8157184 1000
1453390016405 121859 51.0474486077838 3.74637966345649 4126720 1000
1453390017405 122859 51.0471174214061 3.74674387512225 7168000 1000
1453390018405 123859 51.0471174214061 3.74674387512225 6413984 1000
1453390019405 124859 51.0467937222653 3.74710475415633 4689944 1000
1453390020406 125860 51.0467937222653 3.74710475415633 3038420 1001
1453390021405 126859 51.0466349533371 3.74728593860035 3617188 999
1453390022405 127859 51.0466349533371 3.74728593860035 5785600 1000
1453390023405 128859 51.0463168084532 3.74765894640119 8890368 1000
1453390024405 129859 51.0460014798651 3.74802817121368 5774656 1000
1453390025405 130859 51.0460014798651 3.74802817121368 4452444 1000
1453390026405 131859 51.0458394030494 3.74821127448988 3545984 1000
1453390027406 132860 51.0456720212923 3.74839061724613 5497748 1001
1453390028405 133859 51.0455006610941 3.74856646878092 3709788 999
1453390029406 134860 51.0453290692356 3.7487383112813 6834176 1001
1453390030406 135860 51.0453290692356 3.7487383112813 8628224 1000
1453390031406 136860 51.0449971945542 3.74906696182761 7958412 1000
1453390032406 137860 51.044835817341 3.74923900947244 5374896 1000
1453390033406 138860 51.0446756365566 3.74941589698679 3870296 1000
1453390034405 139859 51.0445211624567 3.74959356949957 5400576 999
1453390035406 140860 51.0443666296193 3.74977618240906 7316644 1001
1453390036406 141860 51.0443666296193 3.74977618240906 7254388 1000
1453390037405 142859 51.0440366379219 3.75013810284502 5390300 999
1453390038405 143859 51.0438792044351 3.75031922985063 5180140 1000
1453390039405 144859 51.0437236326008 3.7504999121332 4239992 1000
1453390040406 145860 51.0435690954205 3.7506778444075 1019904 1001
1453390041406 146860 51.0434149072055 3.75085543875519 1859584 1000
1453390042405 147859 51.0434149072055 3.75085543875519 4964352 999
1453390043405 148859 51.0431094907319 3.75120425632339 6803144 1000
1453390044406 149860 51.0429607552422 3.75138080909313 4517772 1001
1453390045405 150859 51.0428126847408 3.75156055207652 5124548 999
1453390046405 151859 51.042663013956 3.7517427911908 3093660 1000
1453390047405 152859 51.0425151681007 3.75192348214192 2757860 1000
1453390048405 153859 51.0425151681007 3.75192348214192 4387888 1000
1453390049405 154859 51.0420714232398 3.75245939318046 3686888 1000
1453390050406 155860 51.0419214032972 3.75264173931169 2536336 1001
1453390051405 156859 51.0417710428945 3.75282415445624 1781240 999
1453390052405 157859 51.0416209531919 3.75300498109128 2817280 1000
1453390053405 158859 51.04147284319 3.75318591242765 1848108 1000
1453390054405 159859 51.04147284319 3.75318591242765 1112100 1000
1453390055405 160859 51.0411745988468 3.75354492450506 1570420 1000
1453390056406 161860 51.0410249187414 3.75372398167642 1907420 1001
1453390057405 162859 51.0408746725357 3.75390250237015 1463928 999
1453390058405 163859 51.0407249156322 3.75408033361935 1721396 1000
1453390059405 164859 51.0405775126289 3.75425586077973 6740 1000
1453390060405 165859 51.0405775126289 3.75425586077973 44484 1000
1453390061406 166860 51.0402870906687 3.75460464975626 105144 1001
1453390062405 167859 51.0401406380035 3.75478123231258 25612 999
1453390063405 168859 51.0399916722817 3.75495927324484 226464 1000
1453390064405 169859 51.0398424381355 3.75513356225794 2110968 1000
1453390065405 170859 51.0396928011029 3.75529959629464 194112 1000
1453390066406 171860 51.0396928011029 3.75529959629464 0 1001
1453390067405 172859 51.0393949925472 3.75562921030126 0 999
1453390068405 173859 51.0392481514414 3.75579355664119 0 1000
1453390069405 174859 51.0392481514414 3.75579355664119 0 1000
1453390070405 175859 51.0391009753917 3.75595988180554 0 1000
1453390071406 176860 51.0389560501325 3.75612784489262 0 1001
1453390072406 177860 51.0388124416087 3.75629725486741 0 1000
1453390073406 178860 51.0386676276708 3.75646380023919 0 1000
1453390074405 179859 51.0385217518309 3.75663007182518 0 999
1453390075405 180859 51.0382336985377 3.75695837440398 35048 1000
1453390076405 181859 51.0382336985377 3.75695837440398 16176 1000
1453390077406 182860 51.0379440867472 3.7572808538422 30895 1001
1453390078405 183859 51.0378003370795 3.75743578930283 44484 999
1453390079405 184859 51.0376499565068 3.75758737946438 37744 1000
1453390080405 185859 51.0374968083029 3.75772678745484 48528 1000
1453390081406 186860 51.0373415660091 3.75785298849403 35048 1001
1453390082406 187860 51.0373415660091 3.75785298849403 53920 1000
1453390083405 188859 51.0370151697133 3.75806391267646 49876 999
1453390084405 189859 51.0368495819259 3.75813518499564 59312 1000
1453390085405 190859 51.0368495819259 3.75813518499564 0 1000
1453390086405 191859 51.036676602733 3.75820013377127 0 1000
1453390092586 198040 51.0354616927719 3.75829053352822 0 6181
1453390093539 198993 51.0352940810389 3.75825001684404 0 953
1453390094495 199949 51.0351289425841 3.75819211046475 0 956
1453390095454 200908 51.0349613389777 3.7581193490508 0 959
1453390096408 201862 51.0347946783169 3.75803438162488 0 954
1453390097405 202859 51.0346294429355 3.75794386404526 0 997
1453390098405 203859 51.0344718790515 3.75783936333092 0 1000
1453390099405 204859 51.0344718790515 3.75783936333092 0 1000
1453390100405 205859 51.0343157212055 3.75772649500186 0 1000
1453390101405 206859 51.0340157734654 3.75747494162653 22916 1000
1453390102405 207859 51.0338746010128 3.75733893603468 37744 1000
1453390103405 208859 51.0337366289789 3.75719810803132 117276 1000
1453390104406 209860 51.0335986433841 3.75705268733489 55268 1001
1453390105406 210860 51.0334578530382 3.75691252355161 93012 1000
1453390106405 211859 51.0334578530382 3.75691252355161 82228 999
1453390107405 212859 51.0331726352531 3.75662772673604 111884 1000
1453390108405 213859 51.0330246131475 3.75647577316232 4044 1000
1453390109405 214859 51.0330246131475 3.75647577316232 47180 1000
1453390110405 215859 51.0328730404009 3.75632492282715 0 1000
1453390111405 216859 51.0328730404009 3.75632492282715 0 1000
1453390112406 217860 51.0325714204955 3.75603477460878 0 1001
1453390113405 218859 51.0324281210589 3.75589151737988 0 999
1453390114406 219860 51.0322830588515 3.75574732313134 0 1001
1453390119405 224859 51.0315740484562 3.75501319206453 894963 4999
1453390120405 225859 51.0314333125159 3.75486902734863 2689260 1000
1453390121406 226860 51.0312899628955 3.75472326202328 5162400 1001
1453390122405 227859 51.0311451025838 3.75457562126622 5970556 999
1453390123405 228859 51.0309975670566 3.75442632922441 8005632 1000
1453390124405 229859 51.0309975670566 3.75442632922441 6713344 1000
1453390125405 230859 51.0306961090898 3.75413378408144 3416064 1000
1453390126405 231859 51.0304058712114 3.75385450152012 6907904 1000
1453390127406 232860 51.0304058712114 3.75385450152012 1997412 1001
1453390128405 233859 51.0302695255828 3.75371562695558 1304164 999
1453390129405 234859 51.0301412230458 3.75357745020476 2209372 1000
1453390130405 235859 51.0301412230458 3.75357745020476 3365956 1000
1453390131405 236859 51.0298828077636 3.75329347166171 3152972 1000
1453390132405 237859 51.0297683143401 3.75312489888441 2657660 1000
1453390133406 238860 51.029659032855 3.75294660183428 3627652 1001
1453390134405 239859 51.0295602715528 3.75276204984594 4667412 999
1453390135405 240859 51.029469515195 3.75257745312957 6030728 1000
1453390136405 241859 51.0293152727028 3.75219239791097 5085928 1000
1453390137405 242859 51.0292514509845 3.75198332665117 3653156 1000
1453390138405 243859 51.0291954303333 3.75177007677701 3665212 1000
1453390139405 244859 51.029144164116 3.75156181656821 1565028 1000
1453390140406 245860 51.029144164116 3.75156181656821 284428 1001
1453390141405 246859 51.0290609128775 3.75113421383578 3020792 999
1453390142405 247859 51.0290215325283 3.75093121513909 2729776 1000
1453390143406 248860 51.0289901386005 3.7507118309363 1827888 1001
1453390144405 249859 51.0289901386005 3.7507118309363 1120188 999
1453390145405 250859 51.0289666109318 3.75049719000874 408444 1000
1453390146405 251859 51.0289368027236 3.75007093133161 2175672 1000
1453390147405 252859 51.0289349356398 3.74984995986151 1299472 1000
1453390148405 253859 51.0289372933586 3.7496271129318 563464 1000
1453390149405 254859 51.0289455571099 3.74940970418298 188720 1000
1453390150405 255859 51.0289455571099 3.74940970418298 0 1000
1453390151405 256859 51.0289674040199 3.74919345292547 3902460 1000
1453390152405 257859 51.0289901055316 3.74898066860604 3320124 1000
1453390153406 258860 51.0290171610477 3.74876569140879 2478972 1001
1453390154405 259859 51.029049148179 3.74854663061998 2361756 999
1453390155405 260859 51.0291504229197 3.74811367653166 2860396 1000
1453390156406 261860 51.0291504229197 3.74811367653166 2233432 1001
1453390157406 262860 51.0292058635161 3.747896121727 2833700 1000
1453390158405 263859 51.0293682596194 3.74749279010259 2230940 999
1453390159405 264859 51.0294504570379 3.74729795179351 1121536 1000
1453390160405 265859 51.0295300489197 3.74710807611405 549984 1000
1453390161405 266859 51.0296145098212 3.74691865611514 424620 1000
1453390162405 267859 51.0297010834975 3.74672176112971 254772 1000
1453390163406 268860 51.0297830176167 3.746531312917 248032 1001
1453390164405 269859 51.0298690557946 3.74634988515644 6740 999
1453390165405 270859 51.0299564707086 3.74617112626759 12132 1000
1453390166405 271859 51.0299564707086 3.74617112626759 307344 1000
1453390167406 272860 51.0300436019804 3.74599451698402 3167152 1001
1453390168406 273860 51.0301236472968 3.74580312988843 4210452 1000
1453390169405 274859 51.0302126100878 3.74559487280576 4460532 999
1453390170405 275859 51.0303073607945 3.74540261625365 5355900 1000
1453390171405 276859 51.0304077906251 3.74521093205083 6192416 1000
1453390172405 277859 51.030508710172 3.74500651752682 5924672 1000
1453390173405 278859 51.0306042411511 3.74481101472645 3734480 1000
1453390174406 279860 51.0306986274689 3.74461743152786 4394448 1001
1453390175405 280859 51.0307925683025 3.74442483027275 4112048 999
1453390176405 281859 51.0309855615879 3.74404291157958 2162192 1000
1453390177405 282859 51.0310828574612 3.74386112478364 3360176 1000
1453390178405 283859 51.0310828574612 3.74386112478364 1243244 1000
1453390179405 284859 51.0311825542603 3.74368287411741 4093876 1000
1453390180405 285859 51.0312817191351 3.74349946064494 3409092 1000
1453390181406 286860 51.0314773270204 3.74313894186115 1883156 1001
1453390182406 287860 51.0314773270204 3.74313894186115 1640516 1000
1453390183406 288860 51.0315733612006 3.74296555640322 3202848 1000
1453390184405 289859 51.0316666727104 3.74278755291681 2929312 999
1453390185405 290859 51.0317599145228 3.74260672778853 3284968 1000
1453390186406 291860 51.0318514737303 3.74242583668989 3752344 1001
1453390187405 292859 51.0319413454413 3.74223490194051 4611296 999
1453390188405 293859 51.03202420969 3.7420370734257 3917200 1000
1453390189405 294859 51.0321005594546 3.74184150732589 4298472 1000
1453390190405 295859 51.0321743894442 3.74163872744617 2954164 1000
1453390191405 296859 51.0322427442946 3.74143000739675 3287464 1000
1453390192405 297859 51.0323591309537 3.74100066908698 2356908 1000
1453390193405 298859 51.0324081721911 3.74077952480728 1191028 1000
1453390194405 299859 51.0324081721911 3.74077952480728 877548 1000
1453390195405 300859 51.0324570993147 3.74055616628382 1031248 1000
1453390196405 301859 51.0324955636524 3.74033889768431 3088240 1000
1453390197406 302860 51.0325644627715 3.73990387768969 1443708 1001
1453390198405 303859 51.0325644627715 3.73990387768969 498760 999
1453390199405 304859 51.0325965777481 3.73968214505941 1346652 1000
1453390200406 305860 51.0326181854018 3.7394579095393 1737572 1001
1453390201405 306859 51.0326213030713 3.73919212402963 795320 999
1453390202405 307859 51.0326336626704 3.73896131305723 1047396 1000
1453390203405 308859 51.0326447717023 3.73873822379686 869460 1000
1453390204406 309860 51.0326553625178 3.73851916409693 1025828 1001
1453390205405 310859 51.0326649957126 3.73830291212156 1311112 999
1453390206405 311859 51.0326649957126 3.73830291212156 1930128 1000
1453390207405 312859 51.0326751328155 3.73786398429047 2001780 1000
1453390208405 313859 51.0326728526682 3.73763655767365 994824 1000
1453390209405 314859 51.0326715105593 3.73740893451915 587728 1000
1453390210406 315860 51.0326670139926 3.73718340176453 675348 1001
1453390211406 316860 51.032656693443 3.73696297212726 984040 1000
1453390212405 317859 51.032656693443 3.73696297212726 1184892 999
1453390213405 318859 51.0326320591001 3.73653143089917 901812 1000
1453390214406 319860 51.0326132819603 3.7363190465772 721180 1001
1453390215405 320859 51.0325558407325 3.73590660084886 942252 999
1453390216405 321859 51.0325558407325 3.73590660084886 1520544 1000
1453390217405 322859 51.0325126438603 3.73570715615311 1052788 1000
1453390218406 323860 51.0325126438603 3.73570715615311 2031436 1001
1453390219405 324859 51.0324159092171 3.73532192774006 1323736 999
1453390220405 325859 51.0322913464668 3.73493799469954 1246900 1000
1453390221405 326859 51.0322913464668 3.73493799469954 1973472 1000
1453390222406 327860 51.0321559622661 3.73454987192463 1043352 1001
1453390223405 328859 51.0321559622661 3.73454987192463 1691740 999
1453390224405 329859 51.0320256286536 3.73416616722112 2129840 1000
1453390225405 330859 51.0320256286536 3.73416616722112 1633776 1000
1453390226406 331860 51.0319686020679 3.73397156195695 1682304 1001
1453390227406 332860 51.0319208125885 3.73377199134811 2619164 1000
1453390228405 333859 51.0319208125885 3.73377199134811 2166236 999
1453390229405 334859 51.0318194185562 3.73338525515723 1934380 1000
1453390230405 335859 51.0317719242122 3.73319246776517 1858244 1000
1453390231406 336860 51.0317719242122 3.73319246776517 2960572 1001
1453390232406 337860 51.0316738295677 3.73278893215183 2543960 1000
1453390233406 338860 51.0316334682482 3.73258150351452 2187804 1000
1453390234405 339859 51.0315975945172 3.73237828978866 2050308 999
1453390235405 340859 51.0315645685116 3.73217427173929 1787448 1000
1453390236405 341859 51.0315645685116 3.73217427173929 1563680 1000
1453390237405 342859 51.0315040994555 3.73177023159499 1220460 1000
1453390238405 343859 51.031471838406 3.73156330153813 2213596 1000
1453390239405 344859 51.0314223329007 3.73115976369481 1792140 1000
1453390240405 345859 51.0314223329007 3.73115976369481 1593388 1000
1453390241406 346860 51.0314223329007 3.73115976369481 2106872 1001
1453390242406 347860 51.0313868722673 3.73078514590176 1669524 1000
1453390243405 348859 51.0313728125248 3.73061511003905 2764748 999
1453390244405 349859 51.0313632737243 3.73043649569673 2887364 1000
1453390245405 350859 51.0313620453576 3.73025832343576 2663648 1000
1453390246405 351859 51.0313502123416 3.73006765255368 3332256 1000
1453390247406 352860 51.0313407170191 3.72990559277649 3524372 1001
1453390248405 353859 51.0313410192011 3.72974872896172 2524208 999
1453390249405 354859 51.0313423201088 3.72960176545898 2538232 1000
1453390250405 355859 51.0313457693073 3.72945446996139 3218664 1000
1453390251405 356859 51.0313457693073 3.72945446996139 3229416 1000
1453390252406 357860 51.0313551521569 3.7291716217868 3970872 1001
1453390253405 358859 51.0313551521569 3.7291716217868 2834792 999
1453390254406 359860 51.0313676836324 3.72886570676484 3390608 1001
1453390255406 360860 51.0313863361375 3.7285594435736 2468836 1000
1453390256405 361859 51.0313863361375 3.7285594435736 1428880 999
1453390257405 362859 51.0313962033062 3.72841751356404 2110968 1000
1453390258405 363859 51.031413004126 3.7282634017215 1900680 1000
1453390259405 364859 51.0314260708315 3.72811207619343 1957296 1000
1453390260406 365860 51.0314598255328 3.72781146134965 2283512 1001
1453390261405 366859 51.0314598255328 3.72781146134965 711744 999
1453390262406 367860 51.0314795559893 3.72766326039654 1912812 1001
1453390263406 368860 51.0315037518049 3.72750323831264 2106924 1000
1453390264406 369860 51.0315037518049 3.72750323831264 2080664 1000
1453390265405 370859 51.0315641679606 3.72717846233892 2079264 999
1453390266405 371859 51.0315641679606 3.72717846233892 1327780 1000
1453390267405 372859 51.0316352714502 3.72686305371594 4002320 1000
1453390268405 373859 51.0316582227064 3.7266975265188 2423624 1000
1453390269405 374859 51.0316832992277 3.72654042646252 2194516 1000
1453390270405 375859 51.0317096570858 3.72638426078314 1684644 1000
1453390271406 376860 51.0317389907894 3.72623704569766 3166808 1001
1453390272406 377860 51.0317389907894 3.72623704569766 1941120 1000
1453390273405 378859 51.0318120432111 3.72595531774508 2663648 999
1453390274405 379859 51.0318867411028 3.72566654277849 2306428 1000
1453390275405 380859 51.0318867411028 3.72566654277849 1472416 1000
1453390276405 381859 51.0319181138282 3.7255219046802 5665968 1000
1453390277405 382859 51.0319786101807 3.72522562601969 4959916 1000
1453390278406 383860 51.0319786101807 3.72522562601969 644344 1001
1453390279405 384859 51.0320052854216 3.72508600940142 3056772 999
1453390280405 385859 51.0320327010281 3.72494765115413 4543144 1000
1453390281405 386859 51.0320607809974 3.72481142533062 4196432 1000
1453390282405 387859 51.0320607809974 3.72481142533062 3582964 1000
1453390283405 388859 51.0321184038039 3.72453961621204 2976404 1000
1453390284405 389859 51.0321770797069 3.72427229133665 4128924 1000
1453390285405 390859 51.0321770797069 3.72427229133665 2597596 1000
1453390286405 391859 51.0322007044706 3.72413655413144 873612 1000
1453390287405 392859 51.0322521622148 3.72386329849701 7237632 1000
1453390288405 393859 51.0322521622148 3.72386329849701 1362500 1000
1453390289406 394860 51.0322791684477 3.72372455645035 1895288 1001
1453390290406 395860 51.0323298336607 3.72342523664646 3168688 1000
1453390291406 396860 51.0323533953298 3.72328200603874 1728400 1000
1453390292406 397860 51.0323533953298 3.72328200603874 472960 1000
1453390293405 398859 51.0323804563142 3.72314383584267 3121004 999
1453390294405 399859 51.0324101153656 3.72300886444259 2977732 1000
1453390295405 400859 51.032439767584 3.7228773380058 3039740 1000
1453390296405 401859 51.0324709492029 3.7227424008048 3610884 1000
1453390297405 402859 51.0325034920017 3.72261015458421 1907828 1000
1453390298406 403860 51.0325322667563 3.72247106182665 2295644 1001
1453390299406 404860 51.0325635550937 3.72233074739726 4113004 1000
1453390300405 405859 51.0325960586897 3.72218862326445 3640692 999
1453390301405 406859 51.0326294437809 3.72204540644423 3662516 1000
1453390302405 407859 51.0326600101861 3.72189884978981 4346860 1000
1453390303405 408859 51.0326908791407 3.7217545325016 2485324 1000
1453390304406 409860 51.0327232927529 3.7216100092985 3361160 1001
1453390305406 410860 51.0327517770489 3.72146736207593 2700744 1000
1453390306405 411859 51.0327836430832 3.72132048029347 5115904 999
1453390307405 412859 51.0328107361881 3.72116892956577 4957232 1000
1453390308406 413860 51.0328363454826 3.72101354323055 4819800 1001
1453390309405 414859 51.0328647759775 3.7208616883291 5699040 999
1453390310405 415859 51.0328976192114 3.72071188190875 6255000 1000
1453390311405 416859 51.032935131413 3.72056208003656 3749888 1000
1453390312405 417859 51.0329723923813 3.7204163985816 5878356 1000
1453390313405 418859 51.0330106823476 3.7202650912169 3658316 1000
1453390314405 419859 51.0330467173973 3.72011732821434 3321604 1000
1453390315406 420860 51.033081974226 3.71997031627916 3931604 1001
1453390316406 421860 51.0331164687192 3.71981918838586 3383296 1000
1453390317405 422859 51.0331501635701 3.71966928602177 4250516 999
1453390318405 423859 51.0332177979199 3.71938150632536 3955324 1000
1453390319405 424859 51.0332505075926 3.71923324679955 3307992 1000
1453390320406 425860 51.0332846796644 3.71907822394186 3353824 1001
1453390321405 426859 51.0333204006828 3.71893150690306 3355172 999
1453390322406 427860 51.0333525051075 3.71878231521034 2526412 1001
1453390323405 428859 51.0333837167088 3.71863581330441 3691912 999
1453390324405 429859 51.0334142512514 3.71849023546718 1799580 1000
1453390325405 430859 51.0334463976209 3.71834996127424 9436 1000
1453390326405 431859 51.0334463976209 3.71834996127424 867548 1000
1453390327405 432859 51.0335030618204 3.71804980103027 2770004 1000
1453390328405 433859 51.0335030618204 3.71804980103027 268252 1000
1453390329405 434859 51.0335319602292 3.71790097652109 17524 1000
1453390330405 435859 51.0335608300177 3.71775662717808 3789228 1000
1453390331406 436860 51.0335885075484 3.71761306635066 2127144 1001
1453390332405 437859 51.03361972579 3.71747289328668 1387092 999
1453390333405 438859 51.0336481142322 3.71733183581175 1751052 1000
1453390334405 439859 51.0336768948608 3.71719001596398 1596032 1000
1453390335405 440859 51.0337065913572 3.71705070890581 2988104 1000
1453390336405 441859 51.0337399445228 3.7169070043234 2116772 1000
1453390337405 442859 51.0337730635206 3.71676520481032 1676912 1000
1453390338405 443859 51.0338064749249 3.71662614926779 1749704 1000
1453390339405 444859 51.0338434552175 3.71648468389695 1542812 1000
1453390340405 445859 51.0338808839688 3.71634325662659 2054300 1000
1453390341406 446860 51.0339159123584 3.71620212887525 1240160 1001
1453390342405 447859 51.0339550815937 3.71606457306921 2146016 999
1453390343405 448859 51.0339967873882 3.71592174675796 2419660 1000
1453390344405 449859 51.0340370119027 3.71577081573352 2326648 1000
1453390345406 450860 51.0340766272432 3.71561528157849 2657608 1001
1453390346405 451859 51.03411327797 3.71546661308941 2352908 999
1453390347406 452860 51.0341492572388 3.71532278944144 4086600 1001
1453390348405 453859 51.0341899477553 3.71517837561748 4280436 999
1453390349405 454859 51.0342305138319 3.71504386486844 3806052 1000
1453390350405 455859 51.0342730760656 3.71491670734527 1964792 1000
1453390351406 456860 51.034314131275 3.71479207990168 3012396 1001
1453390352405 457859 51.0343558412739 3.71466950218869 5157076 999
1453390353406 458860 51.0343974350433 3.7145473431888 2325352 1001
1453390354405 459859 51.0344398831354 3.71442869013395 2245068 999
1453390355405 460859 51.0344815447338 3.71431459460946 2774832 1000
1453390356405 461859 51.0345200540336 3.71421059893629 2338288 1000
1453390357405 462859 51.0345200540336 3.71421059893629 2994452 1000
1453390358405 463859 51.0345888989814 3.71400521315938 2681820 1000
1453390359405 464859 51.0346276797147 3.71390527601891 1766528 1000
1453390360405 465859 51.0346652532387 3.71379804983815 3690824 1000
1453390361405 466859 51.0347087023739 3.71370046093402 2398844 1000
1453390362406 467860 51.0348005269068 3.71349182182616 1755692 1001
1453390363405 468859 51.0348005269068 3.71349182182616 1187588 999
1453390364406 469860 51.0348450285492 3.71339004318005 2070632 1001
1453390365405 470859 51.0348888932601 3.7132895560374 2706196 999
1453390366406 471860 51.0349310180823 3.71318775354882 2286692 1001
1453390367405 472859 51.0349310180823 3.71318775354882 1742964 999
1453390368405 473859 51.035005280048 3.71298272790548 1593336 1000
1453390369405 474859 51.035039598745 3.71287833128277 3802320 1000
1453390370405 475859 51.0350731219708 3.71277123450768 2622484 1000
1453390371406 476860 51.0351092785431 3.71266682616007 3382544 1001
1453390372405 477859 51.0351092785431 3.71266682616007 2545024 999
1453390373405 478859 51.0351774030232 3.71245122202006 2512672 1000
1453390374405 479859 51.0352080562518 3.71233887142603 3151624 1000
1453390375405 480859 51.0352373272261 3.71221875398145 2646124 1000
1453390376405 481859 51.0352631005365 3.71209077550732 2517396 1000
1453390377406 482860 51.0352631005365 3.71209077550732 2975704 1001
1453390378405 483859 51.0353493906606 3.71172341491946 1171032 999
1453390379405 484859 51.0353756433469 3.71161641013235 946676 1000
1453390380406 485860 51.0353756433469 3.71161641013235 586380 1001
1453390381405 486859 51.0353994913801 3.71151791807358 796668 999
1453390382406 487860 51.0354230363254 3.71143228934501 2590208 1001
1453390383405 488859 51.0354436360432 3.71135345506481 2198260 999
1453390384406 489860 51.0354608324183 3.71128407325084 5421284 1001
1453390385405 490859 51.0354775731946 3.71121752137345 1850804 999
1453390386405 491859 51.0354883690601 3.71115208561757 2846976 1000
1453390387405 492859 51.0354883690601 3.71115208561757 3093660 1000
1453390388405 493859 51.0355066243176 3.71104265031299 4331124 1000
1453390389406 494860 51.0355136461316 3.71100731842444 5383552 1001
1453390390405 495859 51.0355154300371 3.71097826078039 5856124 999
1453390391406 496860 51.0355154300371 3.71097826078039 2430008 1001
1453390392405 497859 51.0355154300371 3.71097826078039 4021468 999
1453390393405 498859 51.0355154300371 3.71097826078039 4513104 1000
1453390394405 499859 51.0355154300371 3.71097826078039 4228676 1000
1453390395405 500859 51.0355154300371 3.71097826078039 2655560 1000
1453390396405 501859 51.0355154300371 3.71097826078039 554028 1000
1453390397405 502859 51.0355154300371 3.71097826078039 1885904 1000
1453390398406 503860 51.0355154300371 3.71097826078039 2230888 1001
1453390399405 504859 51.0355154300371 3.71097826078039 3006040 999
1453390400406 505860 51.0355154300371 3.71097826078039 3330736 1001
1453390401405 506859 51.0355154300371 3.71097826078039 3182628 999
1453390402405 507859 51.0355154300371 3.71097826078039 3437952 1000
1453390403405 508859 51.0355154300371 3.71097826078039 3125840 1000
1453390404405 509859 51.0355154300371 3.71097826078039 2099276 1000
1453390405405 510859 51.0355154300371 3.71097826078039 1443708 1000
1453390406405 511859 51.0355154300371 3.71097826078039 2022588 1000
1453390407405 512859 51.0355154300371 3.71097826078039 2464904 1000
1453390408405 513859 51.0355154300371 3.71097826078039 1183544 1000
1453390409405 514859 51.0355154300371 3.71097826078039 3065352 1000
1453390410405 515859 51.0355154300371 3.71097826078039 2847728 1000
1453390411405 516859 51.0355394369272 3.71095701986277 2811004 1000
1453390412405 517859 51.0355590690661 3.71094822751729 5068652 1000
1453390413405 518859 51.0355669417907 3.71093044081406 4292060 1000
1453390414405 519859 51.0355669417907 3.71093044081406 1167460 1000
1453390415405 520859 51.0355917109391 3.71091600906764 4173288 1000
1453390416406 521860 51.0356047801644 3.71090480687454 1416932 1001
1453390417406 522860 51.0356047801644 3.71090480687454 1675588 1000
1453390418405 523859 51.0356179233976 3.71090955346743 1423280 999
1453390419405 524859 51.0356179233976 3.71090955346743 993476 1000
1453390420405 525859 51.0356179233976 3.71090955346743 935512 1000
1453390421405 526859 51.0356278044355 3.71092210093727 1093392 1000
1453390422406 527860 51.0356278044355 3.71092210093727 1401056 1001
1453390423405 528859 51.0356337474482 3.71090612557251 1295428 999
1453390424405 529859 51.0356337474482 3.71090612557251 1450448 1000
1453390425405 530859 51.0356337474482 3.71090612557251 3079584 1000
1453390426405 531859 51.0356337474482 3.71090612557251 2841532 1000
1453390427405 532859 51.0356461236167 3.71088428930814 4580608 1000
1453390428406 533860 51.0356461236167 3.71088428930814 1432120 1001
1453390429405 534859 51.0356461236167 3.71088428930814 1300172 999
1453390430405 535859 51.035644064302 3.71086923849192 1387740 1000
1453390431405 536859 51.035644064302 3.71086923849192 1073740 1000
1453390432405 537859 51.035644064302 3.71086923849192 714356 1000
1453390433405 538859 51.035644064302 3.71086923849192 218376 1000
1453390434405 539859 51.035644064302 3.71086923849192 177936 1000
1453390435406 540860 51.0356286916787 3.71087214847306 40440 1001
