1450434936618 431 51.0536876969777 3.7244525395222 1716964 431
1450434937618 1431 51.0536757856653 3.7245269533033 5840356 1000
1450434938618 2431 51.0536438923828 3.72465190147975 3510636 1000
1450434939618 3431 51.0536438923828 3.72465190147975 7106560 1000
1450434940619 4432 51.0536262280492 3.72470522049265 6546228 1001
1450434941618 5431 51.0536098669202 3.72474951487258 5772392 999
1450434942619 6432 51.053597271677 3.72478930525318 5324052 1001
1450434943618 7431 51.0535894843676 3.72482733437119 3533720 999
1450434944619 8432 51.0535849419464 3.72486701226751 4743168 1001
1450434945618 9431 51.0535823424178 3.72491547325514 6892600 999
1450434946618 10431 51.0535817854902 3.72497086477998 4381840 1000
1450434947618 11431 51.053576749067 3.72503769197719 3455508 1000
1450434948618 12431 51.0535735381369 3.72512479229117 3075464 1000
1450434949618 13431 51.0535559660457 3.72533617523038 2895580 1000
1450434950618 14431 51.0535256504613 3.72541894649442 1000060 1000
1450434951618 15431 51.0535256504613 3.72541894649442 1194328 1000
1450434952618 16431 51.0534739591587 3.72558067655531 1897984 1000
1450434953619 17432 51.0534739591587 3.72558067655531 235900 1001
1450434954618 18431 51.0534540582287 3.72564823041309 5293596 999
1450434955618 19431 51.05343983333 3.72570942042024 4116792 1000
1450434956619 20432 51.0534318507375 3.72576907420751 3821948 1001
1450434957619 21432 51.0534366088192 3.7258133745261 4146860 1000
1450434958618 22431 51.0534370561719 3.72584752752893 3372668 999
1450434959618 23431 51.0534209292779 3.72587896083128 3666508 1000
1450434960619 24432 51.0533840186408 3.72590745775133 2983072 1001
1450434961619 25432 51.0533493710431 3.72593176610565 2805188 1000
1450434962619 26432 51.0533096471286 3.72600539876108 2133652 1000
1450434963618 27431 51.0533096471286 3.72600539876108 1485780 999
1450434964618 28431 51.0532852483118 3.72612238222431 2077216 1000
1450434965618 29431 51.0532852483118 3.72612238222431 1507816 1000
1450434966619 30432 51.0532644669984 3.72617366879036 2567188 1001
1450434967619 31432 51.0532031467995 3.7262925489053 1858892 1000
1450434968618 32431 51.0531755764024 3.72640047392522 372048 999
1450434969618 33431 51.0531494782319 3.72651886282974 1348 1000
1450434970619 34432 51.0531272794823 3.72663065933296 292516 1001
1450434971618 35431 51.0531148674448 3.72672718130279 784536 999
1450434972618 36431 51.0531068865559 3.72682042478013 1426184 1000
1450434973619 37432 51.0530936961957 3.7269160480985 1248248 1001
1450434974619 38432 51.0530936961957 3.7269160480985 1176804 1000
1450434975619 39432 51.0530610468576 3.72707766548285 1552352 1000
1450434976619 40432 51.0530345402343 3.72716061007007 1167912 1000
1450434977618 41431 51.0530110905759 3.72722763703479 718484 999
1450434978619 42432 51.0529734653439 3.72728862715866 118624 1001
1450434979618 43431 51.0529273028193 3.72735876264744 1380352 999
1450434980618 44431 51.0529273028193 3.72735876264744 218376 1000
1450434981618 45431 51.052877340534 3.72743064624141 4133076 1000
1450434982618 46431 51.0528342695502 3.72749819017737 4349632 1000
1450434983619 47432 51.0527920038171 3.72755615940032 4734944 1001
1450434984618 48431 51.0527513475469 3.72760554589763 5887172 999
1450434985618 49431 51.0527138576568 3.72765010408385 4491968 1000
1450434986618 50431 51.0526831224855 3.7276776154956 3282328 1000
1450434987619 51432 51.0526534219932 3.72770326097941 2910980 1001
1450434988618 52431 51.0526265340202 3.72773345585949 2584568 999
1450434989618 53431 51.0526015001109 3.72776465324672 2693500 1000
1450434990619 54432 51.0525820273665 3.72779431910737 1827888 1001
1450434991618 55431 51.0525687724592 3.72782212151818 2065656 999
1450434992618 56431 51.0525593714792 3.72785184001554 2096320 1000
1450434993619 57432 51.0525521512909 3.72788371667107 1858892 1001
1450434994619 58432 51.0525362530609 3.72791166596251 1788096 1000
1450434995619 59432 51.052514046344 3.72793633896021 2363744 1000
1450434996619 60432 51.052493178935 3.72795722448026 2527552 1000
1450434997618 61431 51.0524750056688 3.72797261302685 2435784 999
1450434998619 62432 51.0524750056688 3.72797261302685 2115324 1001
1450434999618 63431 51.0524750056688 3.72797261302685 2128828 999
1450435000619 64432 51.0524750056688 3.72797261302685 1929560 1001
1450435001618 65431 51.052457196939 3.7279734280457 1714084 999
1450435002619 66432 51.052457196939 3.7279734280457 1883156 1001
1450435003618 67431 51.052457196939 3.7279734280457 1631080 999
1450435004619 68432 51.052457196939 3.7279734280457 1740476 1001
1450435005619 69432 51.052457196939 3.7279734280457 1787240 1000
1450435006618 70431 51.052457196939 3.7279734280457 5392 999
1450435007619 71432 51.052457196939 3.7279734280457 3405256 1001
1450435008618 72431 51.052457196939 3.7279734280457 2422796 999
1450435009618 73431 51.052457196939 3.7279734280457 2147364 1000
1450435010619 74432 51.052457196939 3.7279734280457 2158148 1001
1450435011619 75432 51.052457196939 3.7279734280457 2458752 1000
1450435012619 76432 51.052457196939 3.7279734280457 2517416 1000
1450435013618 77431 51.0524153259589 3.72801187037786 2877280 999
1450435014618 78431 51.0523872396938 3.72804967868163 2573696 1000
1450435015619 79432 51.0523600359612 3.72809279392936 2794688 1001
1450435016618 80431 51.0523307908496 3.72814201237492 2861804 999
1450435017618 81431 51.0523307908496 3.72814201237492 3365412 1000
1450435018618 82431 51.0523008717151 3.72819712798915 3808480 1000
1450435019619 83432 51.0523008717151 3.72819712798915 4025292 1001
1450435020618 84431 51.0522375570179 3.72831244728532 3516848 999
1450435021618 85431 51.0522098692484 3.72834076010109 7221248 1000
1450435022618 86431 51.0521828416977 3.72837058384225 5762072 1000
1450435023618 87431 51.0521443148849 3.72840661157922 4100096 1000
1450435024618 88431 51.0520993430222 3.72844170711393 4370432 1000
1450435025618 89431 51.0520725821118 3.72845888743074 7510016 1000
1450435026618 90431 51.0520725821118 3.72845888743074 8017920 1000
1450435027619 91432 51.0520725821118 3.72845888743074 7232316 1001
1450435028618 92431 51.0520725821118 3.72845888743074 5816916 999
1450435029618 93431 51.0520725821118 3.72845888743074 5394156 1000
1450435030618 94431 51.0520725821118 3.72845888743074 5926912 1000
1450435031619 95432 51.0520548640344 3.72846803261917 6414484 1001
1450435032618 96431 51.0520330867626 3.7284817316323 6458652 999
1450435033618 97431 51.0520330867626 3.7284817316323 5402616 1000
1450435034619 98432 51.0520330867626 3.7284817316323 4761600 1001
1450435035619 99432 51.0520106438901 3.7284993770379 6350848 1000
1450435036619 100432 51.0519460769734 3.72853120704468 6132052 1000
1450435037618 101431 51.0519180899089 3.7285347423922 4852196 999
1450435038618 102431 51.0519180899089 3.7285347423922 3059340 1000
1450435039618 103431 51.0519180899089 3.7285347423922 1675484 1000
1450435040618 104431 51.0518871197791 3.72853895495167 3985408 1000
1450435041618 105431 51.0517707242265 3.72864681568936 2950272 1000
1450435042618 106431 51.0517281626498 3.72872614255365 1780900 1000
1450435043618 107431 51.0516805837731 3.72881443678648 1664588 1000
1450435044619 108432 51.0515558929426 3.72897119532696 1291384 1001
1450435045618 109431 51.0514876116518 3.72904167061834 742100 999
1450435046618 110431 51.0514169307019 3.72910664621463 270248 1000
1450435047619 111432 51.0513356290684 3.72917442448679 0 1001
1450435048618 112431 51.0512572968162 3.72924135803406 1838672 999
1450435049619 113432 51.0511803661908 3.72930890546545 800712 1001
1450435050619 114432 51.0511140652746 3.72938042820898 709048 1000
1450435051618 115431 51.0511140652746 3.72938042820898 931468 999
1450435052619 116432 51.0510551611174 3.72944801948683 1840020 1001
1450435053618 117431 51.05094938108 3.72957767967564 1577912 999
1450435054618 118431 51.0508982480904 3.72963824345937 1331072 1000
1450435055619 119432 51.0508522113029 3.72969746398741 1141756 1001
1450435056619 120432 51.0508522113029 3.72969746398741 1338564 1000
1450435057618 121431 51.0507667087635 3.72981710180328 1570420 999
1450435058618 122431 51.0507231937952 3.72987096649309 823628 1000
1450435059619 123432 51.0506827335888 3.72992394871522 272296 1001
1450435060618 124431 51.0506454342137 3.72997376752901 0 999
1450435061618 125431 51.0506057048401 3.73002039673349 912596 1000
1450435062618 126431 51.0505654480676 3.73006068589569 652780 1000
1450435063618 127431 51.0505280243468 3.73009874107579 1497280 1000
1450435064618 128431 51.0504961154035 3.73012815144926 904508 1000
1450435065618 129431 51.0504755358436 3.73015041905378 962472 1000
1450435066618 130431 51.0504603701872 3.73016719025694 1009652 1000
1450435067618 131431 51.050449511583 3.73018539057174 487976 1000
1450435068619 132432 51.050449511583 3.73018539057174 577984 1001
1450435069619 133432 51.050449511583 3.73018539057174 2580380 1000
1450435070618 134431 51.0504367752709 3.73019865681587 1757792 999
1450435071619 135432 51.050413142458 3.73021102127178 1081096 1001
1450435072619 136432 51.050381723225 3.73022796518684 1941828 1000
1450435073619 137432 51.0503485584704 3.73025502673475 1633068 1000
1450435074619 138432 51.0503485584704 3.73025502673475 1552896 1000
1450435075618 139431 51.0502352908385 3.73028337861783 1424836 999
1450435076618 140431 51.0501848659042 3.73031909456376 1215896 1000
1450435077618 141431 51.050152141555 3.73035740083916 1616252 1000
1450435078618 142431 51.0501232676247 3.73039163596703 1415400 1000
1450435079618 143431 51.050099750076 3.73041729682445 1244204 1000
1450435080618 144431 51.050085244414 3.73043988502541 1434272 1000
1450435081618 145431 51.0500719402109 3.73045006743497 1432924 1000
1450435082618 146431 51.0500561971069 3.73045897681643 1534024 1000
1450435083619 147432 51.0500561971069 3.73045897681643 1040656 1001
1450435084618 148431 51.0500561971069 3.73045897681643 847892 999
1450435085618 149431 51.0500561971069 3.73045897681643 2395396 1000
1450435086618 150431 51.0500561971069 3.73045897681643 1222636 1000
1450435087618 151431 51.0500561971069 3.73045897681643 1755096 1000
1450435088618 152431 51.0500561971069 3.73045897681643 1734176 1000
1450435089618 153431 51.0500561971069 3.73045897681643 1339912 1000
1450435090618 154431 51.0500561971069 3.73045897681643 1327780 1000
1450435091618 155431 51.0500561971069 3.73045897681643 0 1000
1450435092619 156432 51.0500561971069 3.73045897681643 2759304 1001
1450435093618 157431 51.0500378674404 3.73046614099958 1740320 999
1450435094619 158432 51.0500249133289 3.73046872672552 679392 1001
1450435095618 159431 51.0500004158419 3.73047378734456 0 999
1450435096618 160431 51.0499720093823 3.73048336233382 1689488 1000
1450435097618 161431 51.049949835998 3.73049177879116 2249368 1000
1450435098619 162432 51.0499289824375 3.73049735272793 675348 1001
1450435099619 163432 51.0499102011903 3.7305028081044 0 1000
1450435100619 164432 51.0498942670447 3.7305114576135 2729052 1000
1450435101618 165431 51.0498732826384 3.73051895346934 1205112 999
1450435102618 166431 51.0498572214302 3.73053009134769 1373612 1000
1450435103619 167432 51.049840466001 3.73053939990106 1082444 1001
1450435104619 168432 51.0498261653797 3.73054704043832 1195676 1000
1450435105619 169432 51.0498158351044 3.73054941405625 1279252 1000
1450435106619 170432 51.0498158351044 3.73054941405625 1323736 1000
1450435107618 171431 51.0498158351044 3.73054941405625 1443216 999
1450435108619 172432 51.0498158351044 3.73054941405625 1477980 1001
1450435109619 173432 51.0498158351044 3.73054941405625 1383928 1000
1450435110618 174431 51.0498158351044 3.73054941405625 1202804 999
1450435111618 175431 51.0498158351044 3.73054941405625 1148496 1000
1450435112619 176432 51.0498158351044 3.73054941405625 1325136 1001
1450435113618 177431 51.0498158351044 3.73054941405625 1287288 999
1450435114619 178432 51.0498158351044 3.73054941405625 1395232 1001
1450435115619 179432 51.0498158351044 3.73054941405625 1276504 1000
1450435116618 180431 51.0498158351044 3.73054941405625 1082444 999
1450435117618 181431 51.0498158351044 3.73054941405625 289820 1000
1450435118618 182431 51.0498158351044 3.73054941405625 0 1000
1450435119618 183431 51.0498158351044 3.73054941405625 80880 1000
1450435120618 184431 51.0498158351044 3.73054941405625 0 1000
1450435121619 185432 51.0498158351044 3.73054941405625 3666560 1001
1450435122618 186431 51.0497924102112 3.7305547165395 992128 999
1450435123619 187432 51.0497688722091 3.73056527823455 950340 1001
1450435124619 188432 51.0497688722091 3.73056527823455 1040656 1000
1450435125618 189431 51.0496888585308 3.73063768915215 1200420 999
1450435126618 190431 51.0496395199771 3.73068809253027 1567988 1000
1450435127619 191432 51.0495900806473 3.73074983874789 2056240 1001
1450435128618 192431 51.0495314777696 3.73081344195778 1111724 999
1450435129619 193432 51.0495314777696 3.73081344195778 2934816 1001
1450435130618 194431 51.0493936946921 3.73093020506755 2619164 999
1450435131618 195431 51.0493114921101 3.73098722983613 2278120 1000
1450435132618 196431 51.0492311352699 3.73104567728557 1542864 1000
1450435133619 197432 51.0491548794487 3.73109956599006 2202740 1001
1450435134619 198432 51.0490819286113 3.73114551798416 3285856 1000
1450435135618 199431 51.0490154249831 3.73118971270002 3509104 999
1450435136618 200431 51.0489543611427 3.73123486102566 3677648 1000
1450435137618 201431 51.0488942891671 3.7312693722657 3359216 1000
1450435138618 202431 51.04883742641 3.7312993814499 3874584 1000
1450435139618 203431 51.0487722426871 3.73131196496922 2470944 1000
1450435140618 204431 51.0487303748914 3.73131944888386 1974820 1000
1450435141618 205431 51.048695308212 3.73132471580055 3085572 1000
1450435142618 206431 51.0486676842634 3.7313371730832 3542700 1000
1450435143618 207431 51.0486434837163 3.73135691974696 3971052 1000
1450435144618 208431 51.0486281879029 3.73138219384805 4377616 1000
1450435145618 209431 51.0486244969311 3.73139985201176 4762236 1000
1450435146618 210431 51.0486151464632 3.73140436007118 4851140 1000
1450435147618 211431 51.0486012062387 3.73141871937821 4597024 1000
1450435148618 212431 51.0485973371959 3.73144702759861 3853840 1000
1450435149618 213431 51.0485802516054 3.73146820104047 3457432 1000
1450435150618 214431 51.0485693823572 3.73153090765548 3096792 1000
1450435151619 215432 51.0485755996699 3.73156877902634 3820980 1001
1450435152618 216431 51.0485755996699 3.73156877902634 3134100 999
1450435153618 217431 51.0485871871871 3.73161000660974 4449748 1000
1450435154618 218431 51.0485991877386 3.73167002430392 3708764 1000
1450435155618 219431 51.0486105844469 3.73174829191674 4867116 1000
1450435156618 220431 51.0486236231868 3.73183662538006 6188972 1000
1450435157619 221432 51.0486505484951 3.73192048166031 4446844 1001
1450435158618 222431 51.0486808846463 3.7319895582291 4975288 999
1450435159618 223431 51.0487162453919 3.73206980332528 4487828 1000
1450435160618 224431 51.0487162453919 3.73206980332528 4615396 1000
1450435161618 225431 51.0487723467121 3.73223449817926 5281464 1000
1450435162619 226432 51.0487939572186 3.73231906062708 5733780 1001
1450435163618 227431 51.0488092775177 3.7323964968685 4562892 999
1450435164618 228431 51.0488092775177 3.7323964968685 3635148 1000
1450435165619 229432 51.0488173987079 3.73243519185477 6053888 1001
1450435166619 230432 51.0488173987079 3.73243519185477 7803960 1000
1450435167618 231431 51.0488327156349 3.73244806205231 4147508 999
1450435168618 232431 51.048850910939 3.73247691337268 3866352 1000
1450435169618 233431 51.0488741322042 3.73252795449353 3142092 1000
1450435170619 234432 51.0488741322042 3.73252795449353 3689572 1001
1450435171618 235431 51.0489326484118 3.7326856350497 3495364 999
1450435172618 236431 51.0489676695954 3.73278392168361 3179604 1000
1450435173619 237432 51.0490290844574 3.73297908330666 2914056 1001
1450435174619 238432 51.0490290844574 3.73297908330666 2695352 1000
1450435175618 239431 51.0490579733377 3.73306463932988 3193412 999
1450435176618 240431 51.049086594064 3.73313563304251 3293812 1000
1450435177618 241431 51.0491131655897 3.73318825781154 2790360 1000
1450435178618 242431 51.0491333467822 3.73321989666001 3001452 1000
1450435179619 243432 51.0491461535058 3.73323571023909 2521304 1001
1450435180618 244431 51.0491461535058 3.73323571023909 2586812 999
1450435181619 245432 51.0491461535058 3.73323571023909 2527500 1001
1450435182620 246433 51.0491461535058 3.73323571023909 1068964 1001
1450435183629 247442 51.0491461535058 3.73323571023909 989432 1009
1450435184619 248432 51.0491461535058 3.73323571023909 3278148 990
1450435185618 249431 51.0491461535058 3.73323571023909 3474684 999
1450435186618 250431 51.0491461535058 3.73323571023909 2863232 1000
1450435187618 251431 51.0491461535058 3.73323571023909 2509844 1000
1450435188618 252431 51.0491461535058 3.73323571023909 2095492 1000
1450435189618 253431 51.0491461535058 3.73323571023909 2627900 1000
1450435190619 254432 51.0491461535058 3.73323571023909 1405352 1001
1450435191618 255431 51.0491461535058 3.73323571023909 3788492 999
1450435192618 256431 51.0491461535058 3.73323571023909 2036828 1000
1450435193618 257431 51.0491461535058 3.73323571023909 2283124 1000
1450435194619 258432 51.0491398994709 3.73325090995977 2515756 1001
1450435195618 259431 51.0491423372435 3.73327649699147 2597596 999
1450435196619 260432 51.0491491703345 3.73330658349019 2364392 1001
1450435197618 261431 51.0491602696876 3.73334155546911 3035696 999
1450435198619 262432 51.0491725976843 3.7333738953724 2199936 1001
1450435199618 263431 51.0491763886847 3.73340912717855 2939988 999
1450435200619 264432 51.0491750374578 3.73345357117714 2059096 1001
1450435201618 265431 51.0491776858306 3.73348958891003 1655868 999
1450435202618 266431 51.0491765167398 3.73353252621851 1601548 1000
1450435203618 267431 51.0491703356707 3.73357254336956 1684768 1000
1450435204618 268431 51.0491568231597 3.73360782339767 2277056 1000
1450435205619 269432 51.0491353822158 3.7336346578204 1802872 1001
1450435206618 270431 51.0491092240986 3.73365317815783 2179716 999
1450435207618 271431 51.0490790665711 3.73368273372409 2611776 1000
1450435208618 272431 51.0490456465247 3.7337152159681 2349228 1000
1450435209618 273431 51.0490106072727 3.73374866634688 2431636 1000
1450435210619 274432 51.0489874850654 3.73377968941312 2942476 1001
1450435211618 275431 51.0489874850654 3.73377968941312 2642600 999
1450435212618 276431 51.0489874850654 3.73377968941312 2942684 1000
1450435213618 277431 51.0489770616735 3.73378893229683 2532372 1000
1450435214618 278431 51.0489693952969 3.73380821885127 2292948 1000
1450435215627 279440 51.048958033075 3.7338341137293 2667692 1009
1450435216618 280431 51.048955219611 3.73386543214124 236060 991
1450435217619 281432 51.048955219611 3.73386543214124 3392756 1001
1450435218619 282432 51.0489500780833 3.73389109526508 3816188 1000
1450435219619 283432 51.0489418541113 3.73392317869195 2427748 1000
1450435220618 284431 51.048939280621 3.73395489466541 2545024 999
1450435221618 285431 51.0489496073635 3.73401708862613 2553112 1000
1450435222618 286431 51.0489554360489 3.73405727816954 2004476 1000
1450435223625 287438 51.0489567806537 3.7341004251748 2100236 1007
1450435224619 288432 51.0489649664013 3.73413822204283 1944412 994
1450435225627 289440 51.0489795548946 3.73417527851499 1618560 1008
1450435226625 290438 51.0489951963064 3.7342152343255 1467012 998
1450435227625 291438 51.0490148702779 3.73426123796721 1496280 1000
1450435228619 292432 51.0490408934406 3.73431418188332 1183104 994
1450435229618 293431 51.049067296561 3.73436881961548 1907860 999
1450435230618 294431 51.0490933333763 3.73442193610979 1281948 1000
1450435231618 295431 51.0491113881914 3.73447886010225 505500 1000
1450435232618 296431 51.0491212455892 3.73455289600081 395900 1000
1450435233618 297431 51.0491284886957 3.73463468868151 2416028 1000
1450435234618 298431 51.0491467612725 3.73472094863275 1341260 1000
1450435235619 299432 51.0491701408859 3.7348157568949 1350696 1001
1450435236618 300431 51.049195022243 3.73489943048071 1544808 999
1450435237618 301431 51.04922166028 3.73497517281942 934164 1000
1450435238619 302432 51.0492516218087 3.73504888045002 225116 1001
1450435239618 303431 51.0492516218087 3.73504888045002 66052 999
1450435240618 304431 51.0492769598058 3.73511691492756 0 1000
1450435241618 305431 51.0492913468139 3.73518038496846 1587148 1000
1450435242619 306432 51.0493079994207 3.73523163837845 2707580 1001
1450435243618 307431 51.0493010974803 3.7353188175245 1962688 999
1450435244619 308432 51.0492670687303 3.73536086226763 1673568 1001
1450435245619 309432 51.0492247808759 3.73540648327543 1257632 1000
1450435246618 310431 51.0491758049598 3.73545329959815 1031220 999
1450435247618 311431 51.0491129224749 3.73550587351769 280384 1000
1450435248618 312431 51.0491129224749 3.73550587351769 0 1000
1450435249618 313431 51.0489692042333 3.73563382426384 2917072 1000
1450435250620 314433 51.0488971343991 3.7357001645776 1176804 1002
1450435251628 315441 51.0488302437326 3.73576357355016 1372264 1008
1450435252632 316445 51.048761758775 3.73582679299884 1141756 1004
1450435253625 317438 51.0486966186314 3.73589431143506 0 993
1450435254618 318431 51.0486376787515 3.73596174325224 1300820 993
1450435255618 319431 51.0485868272449 3.73602686408167 337000 1000
1450435256618 320431 51.0485426141484 3.73608847803003 1721396 1000
1450435257619 321432 51.04851366762 3.73616256446276 156368 1001
1450435258619 322432 51.0485026015332 3.7362499753219 1769924 1000
1450435259618 323431 51.0484964598028 3.73632848873105 992128 999
1450435260618 324431 51.0484985734122 3.73640344435721 346436 1000
1450435261619 325432 51.048510311346 3.73647524421398 0 1001
1450435262619 326432 51.048510311346 3.73647524421398 721180 1000
1450435263618 327431 51.0485739248265 3.73665588998952 1302168 999
1450435264640 328453 51.0486230364893 3.73676351178849 642996 1022
1450435265637 329450 51.0486718964684 3.73688163633894 95708 997
1450435266618 330431 51.0487216821402 3.73700158069191 1292732 981
1450435267618 331431 51.0487693672759 3.73712119437938 436752 1000
1450435268618 332431 51.0488097931567 3.73724407335329 736008 1000
1450435269628 333441 51.0488097931567 3.73724407335329 695568 1010
1450435270618 334431 51.0488398981851 3.73736293267051 1084492 990
1450435271619 335432 51.0488896749071 3.73758169534665 2438584 1001
1450435272618 336431 51.0489109571382 3.7376793571769 883588 999
1450435273618 337431 51.0489109571382 3.7376793571769 1021732 1000
1450435274618 338431 51.0489285768277 3.73776604719822 1601424 1000
1450435275619 339432 51.0489453895203 3.73784008208851 1652052 1001
1450435276619 340432 51.0489628136468 3.73791464754063 1255584 1000
1450435277619 341432 51.0489814591307 3.73799237962994 1117492 1000
1450435278618 342431 51.0489999425463 3.73806993375423 1333172 999
1450435279619 343432 51.0490319485025 3.7382037578295 1159280 1001
1450435280618 344431 51.049041268756 3.73825511098757 1085140 999
1450435281618 345431 51.0490466253498 3.73830111426885 858028 1000
1450435282618 346431 51.049050712017 3.73835492676211 825624 1000
1450435283619 347432 51.0490614699505 3.73842111020516 289820 1001
1450435284618 348431 51.0490614699505 3.73842111020516 0 999
1450435285619 349432 51.0490974947378 3.73856124797978 2775196 1001
1450435286624 350437 51.0491228042351 3.73863674404362 1027512 1005
1450435287620 351433 51.0491573481924 3.73872440481042 479888 996
1450435288628 352441 51.0491972641439 3.73882749767732 664564 1008
1450435289628 353441 51.0492383354807 3.73893893569051 39092 1000
1450435290625 354438 51.049276296456 3.73905351240265 1457188 997
1450435291619 355432 51.0493287811951 3.7391688272801 156368 994
1450435292621 356434 51.0493917246497 3.73927930981435 1662784 1002
1450435293620 357433 51.0494596859143 3.73939494276948 1215196 999
1450435294618 358431 51.0495190448702 3.73951542930423 1438316 998
1450435295623 359436 51.0495837312735 3.7396280010271 1585248 1005
1450435296650 360463 51.049659671026 3.73972532078518 1326460 1027
1450435297661 361474 51.04974276065 3.73981867471278 1463900 1011
1450435298667 362480 51.0498246468917 3.73991383073051 1203116 1006
1450435299671 363484 51.0499018187554 3.74000235880467 894372 1004
1450435300674 364487 51.049974170318 3.74008242021755 617384 1003
1450435301671 365484 51.0500417589509 3.74015495091545 543244 997
1450435302672 366485 51.050103899622 3.74022254887983 1579856 1001
1450435303693 367506 51.0501682940223 3.74028391911872 1787448 1021
1450435304698 368511 51.050232215218 3.7403384211111 1743664 1005
1450435305699 369512 51.0502946261787 3.74038293092712 1897284 1001
1450435306689 370502 51.0503540182305 3.74042621234977 2847056 990
1450435307708 371521 51.0504103525921 3.74046970899358 3815112 1019
1450435308711 372524 51.0504653555054 3.7405172200508 3572548 1003
1450435309724 373537 51.0505163658235 3.7405647457802 2522916 1013
1450435310777 374590 51.0505625835547 3.74060468509773 3090156 1053
1450435311778 375591 51.0506019797078 3.74063488759959 3004228 1001
1450435312780 376593 51.0506268086915 3.74065239107759 4296644 1002
1450435313782 377595 51.0506349552316 3.74065859459881 1413248 1002
1450435314789 378602 51.0506349552316 3.74065859459881 3644992 1007
1450435315790 379603 51.0506349552316 3.74065859459881 3562168 1001
1450435316795 380608 51.0506349552316 3.74065859459881 2668288 1005
1450435317797 381610 51.0506349552316 3.74065859459881 3530412 1002
1450435318787 382600 51.0506349552316 3.74065859459881 3405128 990
1450435319788 383601 51.0506349552316 3.74065859459881 2173624 1001
1450435320783 384596 51.0506349552316 3.74065859459881 2252800 995
1450435321781 385594 51.0506594865793 3.74065138986448 4532304 998
1450435322813 386626 51.0506788354635 3.74065553279059 4323036 1032
1450435323816 387629 51.0506788354635 3.74065553279059 2840204 1003
1450435324810 388623 51.0507088504302 3.740659426601 3005528 994
1450435325867 389680 51.0507877593761 3.74068161500002 3362432 1057
1450435326874 390687 51.0508340248628 3.74069222515111 3196132 1007
1450435327868 391681 51.0508842191673 3.74070271144805 3068748 994
1450435328867 392680 51.050935959235 3.74071239864735 3173840 999
1450435329892 393705 51.0509874673669 3.74071850390344 3387584 1025
1450435330921 394734 51.0510359705598 3.7407194761559 3173780 1029
1450435331920 395733 51.0510810183503 3.74071797097748 2957336 999
1450435332923 396736 51.0511225707979 3.74071969253107 3813668 1003
1450435333921 397734 51.051164483063 3.74072054541874 4145904 998
1450435334928 398741 51.0512031079016 3.74071712627121 3982068 1007
1450435335943 399756 51.051237507659 3.74071498652955 3936604 1015
1450435336937 400750 51.0512669144238 3.74071576902496 2019328 994
1450435337946 401759 51.0512881131811 3.74071903226117 3901112 1009
1450435338954 402767 51.0512990843238 3.74072339361484 4379608 1008
1450435339956 403769 51.0512990843238 3.74072339361484 3646956 1002
1450435340964 404777 51.0512990843238 3.74072339361484 4151476 1008
1450435341968 405781 51.0512990843238 3.74072339361484 4198840 1004
1450435342967 406780 51.0512990843238 3.74072339361484 3729452 999
1450435343978 407791 51.0512990843238 3.74072339361484 3947640 1011
1450435344984 408797 51.0512990843238 3.74072339361484 3856864 1006
1450435345981 409794 51.0513106624167 3.74073670876569 3525872 997
1450435346976 410789 51.0513390528684 3.74076660097966 3337752 995
1450435347980 411793 51.0513867252615 3.74080198582678 3558308 1004
1450435348990 412803 51.0514432044077 3.74083090485773 3478148 1010
1450435349994 413807 51.051507766501 3.74086011858208 3006032 1004
1450435351000 414813 51.0515794860397 3.74088955242685 2259904 1006
1450435352008 415821 51.0516596505545 3.740912609643 2377924 1008
1450435353014 416827 51.0517455716459 3.74090030762269 1993640 1006
1450435354017 417830 51.0518354073063 3.7408627296835 2178368 1003
1450435355021 418834 51.0519226931945 3.74080078636891 2635340 1004
1450435356016 419829 51.0520126248535 3.74072408173388 2497844 995
1450435357003 420816 51.0520911560318 3.74064698861786 2871216 987
1450435358007 421820 51.0521840786122 3.74057697221486 2737476 1004
1450435359010 422823 51.0522824255691 3.74050310993305 2753756 1003
1450435360020 423833 51.0523832749813 3.74043682771022 2219820 1010
1450435361035 424848 51.0524873070845 3.74038104385449 2181944 1015
1450435362044 425857 51.0525944699754 3.74032517164139 2624556 1009
1450435363057 426870 51.0527040119074 3.74026876308385 1701964 1013
1450435364059 427872 51.0528132727994 3.74020587155092 3372568 1002
1450435365066 428879 51.0529200046383 3.74015107552055 4489124 1007
1450435366104 429917 51.0530242923185 3.74010226143589 3366856 1038
1450435367106 430919 51.0531272089889 3.74005280191783 3474752 1002
1450435368118 431931 51.0532284039279 3.74000480326445 3185220 1012
1450435369133 432946 51.053327267613 3.73995959115381 2578724 1015
1450435370137 433950 51.0534212779811 3.73991507036381 2684908 1004
1450435371161 434974 51.0535104855341 3.73987250178891 2993184 1024
1450435372162 435975 51.053595270997 3.73983618185005 2678160 1001
1450435373169 436982 51.0536690646571 3.7398078812453 2468188 1007
1450435374176 437989 51.0537293327114 3.73978689628159 2859108 1007
1450435375170 438983 51.0537825734184 3.73977149748634 2362396 994
1450435376176 439989 51.0538333629578 3.73974964400739 534456 1006
1450435377184 440997 51.0538847964329 3.73973117045827 2648820 1008
1450435378194 442007 51.0539340045092 3.73971781706054 3292828 1010
1450435379204 443017 51.0539784077026 3.73970255558072 1946848 1010
1450435380206 444019 51.0540200564347 3.73968870672057 2493152 1002
1450435381221 445034 51.0540585881225 3.73967435502461 2769440 1015
1450435382219 446032 51.0540896327916 3.73965968371976 2588860 998
1450435383234 447047 51.0541136313401 3.73964981369794 2831448 1015
1450435384255 448068 51.0541269796584 3.73964129671396 3160880 1021
1450435385255 449068 51.0541368904681 3.73962464715897 2953648 1000
1450435386269 450082 51.0541466388261 3.73961051597434 3147580 1014
1450435387273 451086 51.0541466388261 3.73961051597434 2891512 1004
1450435388303 452116 51.0541724879859 3.73961563511815 2955620 1030
1450435389318 453131 51.0541980989808 3.73962365301232 3007364 1015
1450435390319 454132 51.0542338996843 3.73963357116893 2902080 1001
1450435391335 455148 51.0542338996843 3.73963357116893 3183568 1016
1450435392347 456160 51.0543542893159 3.73965038086235 3285516 1012
1450435393364 457177 51.0544200607174 3.73964376179965 3314032 1017
1450435394369 458182 51.0544790181776 3.73963117805057 3411788 1005
1450435395401 459214 51.0545318879786 3.73962643593925 3384180 1032
1450435396427 460240 51.0545856958809 3.73962032353179 3431308 1026
1450435397436 461249 51.0545856958809 3.73962032353179 3396548 1009
1450435398440 462253 51.0545856958809 3.73962032353179 3373836 1004
1450435399449 463262 51.0545856958809 3.73962032353179 3438020 1009
1450435400467 464280 51.0545856958809 3.73962032353179 3348488 1018
1450435401515 465328 51.0545856958809 3.73962032353179 3194704 1048
1450435402535 466348 51.0545856958809 3.73962032353179 3162112 1020
1450435403546 467359 51.0545856958809 3.73962032353179 3703252 1011
1450435404581 468394 51.0545856958809 3.73962032353179 4317284 1035
1450435405595 469408 51.0545856958809 3.73962032353179 3383428 1014
1450435406597 470410 51.0545856958809 3.73962032353179 3441856 1002
1450435407607 471420 51.0545856958809 3.73962032353179 3403700 1010
1450435408610 472423 51.0545856958809 3.73962032353179 3455624 1003
1450435409627 473440 51.0545856958809 3.73962032353179 3710344 1017
1450435410618 474431 51.0545856958809 3.73962032353179 3267916 991
1450435411609 475422 51.0545995305139 3.73961839477153 3436336 991
1450435412606 476419 51.0546190865502 3.73960941241429 3293916 997
1450435413608 477421 51.0546515293119 3.73959580356972 3237712 1002
1450435414636 478449 51.0546965402728 3.73957045045878 3795400 1028
1450435415643 479456 51.0547512060341 3.73953879387693 3356512 1007
1450435416642 480455 51.0548138187361 3.73949846095993 3732724 999
1450435417650 481463 51.0548807876992 3.73946132595259 3774296 1008
1450435418669 482482 51.054952854597 3.73942936044318 4162624 1019
1450435419674 483487 51.054952854597 3.73942936044318 4116432 1005
1450435420677 484490 51.0550329032806 3.7393986052625 4116480 1003
1450435421688 485501 51.0552050060547 3.73932800738443 4366196 1011
1450435422692 486505 51.0552976152132 3.73929129269263 4242804 1004
1450435423687 487500 51.0553960339034 3.73924548834059 4190932 995
1450435424696 488509 51.0553960339034 3.73924548834059 4256336 1009
1450435425695 489508 51.0554931036991 3.73920980847085 3829672 999
1450435426696 490509 51.0556717027194 3.73914366882636 4582496 1001
1450435427700 491513 51.0557423274457 3.73911441227752 1946712 1004
1450435428705 492518 51.0558080397302 3.73908691107439 5391120 1005
1450435429715 493528 51.0558080397302 3.73908691107439 3610392 1010
1450435430715 494528 51.0558696780348 3.73906178135608 3576792 1000
1450435431720 495533 51.055966248189 3.73900925397029 5350908 1005
1450435432741 496554 51.0559979488689 3.73898970798377 3687116 1021
1450435433753 497566 51.0560202726518 3.73897882226568 3554676 1012
1450435434763 498576 51.0560202726518 3.73897882226568 3601856 1010
1450435435771 499584 51.0560393326492 3.73896637172256 3470604 1008
1450435436770 500583 51.0560747645852 3.7389604680723 2778708 999
1450435437782 501595 51.0560850148795 3.73894925216798 4239220 1012
1450435438787 502600 51.0560850148795 3.73894925216798 4830296 1005
1450435439792 503605 51.0560850148795 3.73894925216798 4248040 1005
1450435440802 504615 51.0560850148795 3.73894925216798 4238036 1010
1450435441816 505629 51.0560850148795 3.73894925216798 4282724 1014
1450435442815 506628 51.0561079148918 3.73894849295587 4209752 999
1450435443825 507638 51.0561325760213 3.73895828273591 4249596 1010
1450435444830 508643 51.0561325760213 3.73895828273591 4235416 1005
1450435445880 509693 51.0561565060629 3.73897537144564 4019036 1050
1450435446885 510698 51.0562022244831 3.73908744033474 3564112 1005
1450435447888 511701 51.0562270587888 3.73916888837795 3137680 1003
1450435448929 512742 51.0562509386812 3.73926134063834 3329668 1041
1450435449941 513754 51.0562509386812 3.73926134063834 3289196 1012
1450435450947 514760 51.0562752086065 3.73934876545807 3640064 1006
1450435451957 515770 51.0563519107468 3.73950024746928 3624588 1010
1450435452965 516778 51.0564019910735 3.73958387548313 3341692 1008
1450435453969 517782 51.0564565512105 3.73965725424137 3257368 1004
1450435454984 518797 51.056518508813 3.7397177434476 2922564 1015
1450435455997 519810 51.056518508813 3.7397177434476 2772500 1013
1450435456996 520809 51.0566547691816 3.7397934854607 2890448 999
1450435458007 521820 51.0567187518384 3.73983164210676 2609028 1011
1450435459040 522853 51.0567658083956 3.73986766073096 2481124 1033
1450435460055 523868 51.0568060988305 3.73990312597302 2431144 1015
1450435461062 524875 51.0568060988305 3.73990312597302 1785892 1007
1450435462106 525919 51.0568774472017 3.73998999712586 1957504 1044
1450435463115 526928 51.0569134314416 3.74004503563268 682528 1009
1450435464141 527954 51.0569543772125 3.74010858108214 2703360 1026
1450435465150 528963 51.0569948996763 3.74018240382765 576324 1009
1450435466148 529961 51.0570269679639 3.74027447206086 2563896 998
1450435467167 530980 51.057056571619 3.74037622789041 1387092 1019
1450435468174 531987 51.0570849226748 3.74046957944652 819584 1007
1450435469179 532992 51.057104465147 3.74056744629868 0 1005
1450435470187 534000 51.0571185020679 3.74067586368789 1434272 1008
1450435471200 535013 51.0571185020679 3.74067586368789 3256924 1013
1450435472209 536022 51.0571115317262 3.74087025617793 2857604 1009
1450435473234 537047 51.0570946732075 3.74094861315492 2719616 1025
1450435474236 538049 51.0570881040632 3.74100857563138 2628004 1002
1450435475230 539043 51.05708270917 3.7410513757724 2503132 994
1450435476266 540079 51.05708270917 3.7410513757724 3020092 1036
1450435477282 541095 51.0570805298605 3.7411314060239 2777896 1016
1450435478287 542100 51.0570848389008 3.74116096043905 2967720 1005
1450435479305 543118 51.0570860766531 3.74119200288714 2828596 1018
1450435480323 544136 51.0570881756311 3.74121839446619 3089124 1018
1450435481342 545155 51.0570881756311 3.74121839446619 3039428 1019
1450435482366 546179 51.0570923136566 3.7412656453231 3828476 1024
1450435483380 547193 51.0570923136566 3.7412656453231 4353884 1014
1450435484393 548206 51.0570837209721 3.74127193545273 3483232 1013
1450435485405 549218 51.0570837209721 3.74127193545273 3629464 1012
1450435486420 550233 51.0570837209721 3.74127193545273 3442816 1015
1450435487427 551240 51.0570837209721 3.74127193545273 3825860 1007
1450435488440 552253 51.0570837209721 3.74127193545273 2720968 1013
1450435489441 553254 51.0570837209721 3.74127193545273 3716692 1001
1450435490448 554261 51.0570837209721 3.74127193545273 3605692 1007
1450435491470 555283 51.0570837209721 3.74127193545273 3569840 1022
1450435492478 556291 51.0570837209721 3.74127193545273 3439008 1008
1450435493490 557303 51.0570837209721 3.74127193545273 3185064 1012
1450435494496 558309 51.0570908660804 3.74128171011571 2104644 1006
1450435495499 559312 51.057101696209 3.7412994253595 2381220 1003
1450435496496 560309 51.0571121440504 3.7413290596672 3324448 997
1450435497496 561309 51.0571289943861 3.7413725527533 1696484 1000
1450435498515 562328 51.0571510091858 3.74143268856384 585680 1019
1450435499523 563336 51.0571812302635 3.74151185978282 14828 1008
1450435500538 564351 51.0572141868987 3.74161099817718 2883636 1015
1450435501544 565357 51.0572545920589 3.7417306946833 2219156 1006
1450435502568 566381 51.057287454658 3.7418622999635 5213628 1024
1450435503602 567415 51.0573239518856 3.74199567536477 4398168 1034
1450435504614 568427 51.0573649206591 3.74212752214592 5005952 1012
1450435505623 569436 51.0574052981266 3.74225564299477 5395792 1009
1450435506646 570459 51.0574454723659 3.7423818379145 4331520 1023
1450435507739 571552 51.05748069196 3.74250747028178 6242304 1093
1450435508756 572569 51.0575075092511 3.74262572941675 6844416 1017
1450435509759 573572 51.0575309705933 3.74274736208511 5394216 1003
1450435510766 574579 51.057551774941 3.74286104513507 3567500 1007
1450435511771 575584 51.0575712269492 3.74296678504734 2792292 1005
1450435512784 576597 51.0575888117497 3.74305804175145 2625976 1013
1450435513798 577611 51.05760394557 3.74313883134302 2198588 1014
1450435514815 578628 51.0576123898536 3.74320994427606 1774176 1017
1450435515821 579634 51.0576191386435 3.7432702404841 2254688 1006
1450435516833 580646 51.0576259494501 3.74331261932483 2654520 1012
1450435517846 581659 51.057629581897 3.74334562133409 2607032 1013
1450435518872 582685 51.0576314418816 3.74337460374901 2991212 1026
1450435519875 583688 51.0576336512208 3.74341151431724 2741004 1003
1450435520880 584693 51.0576403768191 3.743459371911 3333660 1005
1450435521886 585699 51.0576545505274 3.74351957920638 3570276 1006
1450435522904 586717 51.0576701296748 3.74358645775425 3184676 1018
1450435523924 587737 51.0576856528639 3.74365526472147 2898848 1020
1450435524941 588754 51.05770329607 3.74371772117429 2953468 1017
1450435525960 589773 51.0577220449116 3.74377106828326 2287556 1019
1450435526967 590780 51.0577363759875 3.74382264194185 993968 1007
1450435527979 591792 51.0577459291039 3.74387543879254 2453620 1012
1450435528995 592808 51.0577563262565 3.74392936905994 3748036 1016
1450435530013 593826 51.0577717314395 3.74398578265991 3316080 1018
1450435531017 594830 51.0577882613612 3.74403802351728 2298236 1004
1450435532014 595827 51.057799198177 3.74408060402238 3273100 997
1450435533020 596833 51.0578053565152 3.74411199116847 2822660 1006
1450435534031 597844 51.0578108569683 3.74413182313502 3221720 1011
1450435535045 598858 51.0578108569683 3.74413182313502 3758224 1014
1450435536053 599866 51.0578108569683 3.74413182313502 2660980 1008
1450435537068 600881 51.0578108569683 3.74413182313502 3477424 1015
1450435538271 602084 51.0578108569683 3.74413182313502 2965548 1203
1450435539290 603103 51.0578176579702 3.74415719427336 3170004 1019
1450435540306 604119 51.0578225832808 3.7441809903161 2905816 1016
1450435541318 605131 51.0578286058202 3.74421239780228 2619300 1012
1450435542334 606147 51.0578412381475 3.74425712295502 3482428 1016
1450435543369 607182 51.0578556394787 3.74431477432602 3031028 1035
1450435544388 608201 51.0578719792814 3.74438561077171 2687912 1019
1450435545403 609216 51.0579062311149 3.74454690695841 2514020 1015
1450435546427 610240 51.0579248089056 3.74462251039358 2282164 1024
1450435547437 611250 51.0579406133146 3.74469929884014 1796964 1010
1450435548439 612252 51.0579569873052 3.74477903344303 2558424 1002
1450435549428 613241 51.057974738276 3.74486581193747 1244204 989
1450435550429 614242 51.0579950175656 3.74496326927896 1414052 1001
1450435551436 615249 51.058018132318 3.7450701613833 1442360 1007
1450435552440 616253 51.0580465761895 3.74518748464107 1345304 1004
1450435553435 617248 51.058072308993 3.74531122843577 0 995
1450435554434 618247 51.0580987257632 3.74544343699433 2784320 999
1450435555434 619247 51.0581311433611 3.74558110292237 406396 1000
1450435556433 620246 51.0581311433611 3.74558110292237 2794404 999
1450435557428 621241 51.0581931158362 3.74585479329576 1299472 995
1450435558437 622250 51.0582262797789 3.74597768783942 1217944 1009
1450435559450 623263 51.0582565260108 3.74609139094122 383480 1013
1450435560444 624257 51.0582868626419 3.74619101986252 1128952 994
1450435561440 625253 51.0583115996762 3.74627464845473 1319016 996
1450435562432 626245 51.0583316214103 3.74634228218366 1695784 992
1450435563449 627262 51.0583486229024 3.74639972968014 1097272 1017
1450435564457 628270 51.0583624364132 3.74644586335907 1175456 1008
1450435565453 629266 51.0583734210319 3.74647628319471 1001564 996
1450435566447 630260 51.0583827269432 3.74649595082818 742748 994
1450435567448 631261 51.0583906337098 3.7465103455048 1549552 1001
1450435568446 632259 51.0583976328704 3.74652436998123 1889196 998
1450435569470 633283 51.0584035640225 3.74654149631877 1529980 1024
1450435570484 634297 51.0584099823583 3.74655753931327 1205112 1014
1450435571497 635310 51.0584099823583 3.74655753931327 1617600 1013
1450435572513 636326 51.0584099823583 3.74655753931327 1833280 1016
1450435573511 637324 51.0584099823583 3.74655753931327 1835976 998
1450435574529 638342 51.0584099823583 3.74655753931327 1351604 1018
1450435575540 639353 51.0584099823583 3.74655753931327 1449540 1011
1450435576550 640363 51.0584099823583 3.74655753931327 2104228 1010
1450435577580 641393 51.0584099823583 3.74655753931327 1431576 1030
1450435578592 642405 51.0584099823583 3.74655753931327 586380 1012
1450435579604 643417 51.0584099823583 3.74655753931327 1364804 1012
1450435580615 644428 51.0584099823583 3.74655753931327 2208148 1011
1450435581637 645450 51.0584099823583 3.74655753931327 1738220 1022
1450435582656 646469 51.0584111057175 3.74657359306134 1250892 1019
1450435583690 647503 51.0584170666474 3.74659994139036 1152540 1034
1450435584701 648514 51.0584253948978 3.74664395680893 1160628 1011
1450435585712 649525 51.0584457744371 3.74669756988273 1019088 1011
1450435586723 650536 51.0584682780854 3.74675906472401 865416 1011
1450435587738 651551 51.0584890743213 3.74683021840741 452928 1015
1450435588752 652565 51.058511592615 3.74690224693548 0 1014
1450435589759 653572 51.0585339465889 3.74697430803483 56616 1007
1450435590767 654580 51.0585541924905 3.74704876487818 0 1008
1450435591794 655607 51.058574422196 3.74713001346682 2151408 1027
1450435592804 656617 51.0585973381228 3.7472133369353 753584 1010
1450435593814 657627 51.0586219576772 3.74731087868874 737304 1010
1450435594821 658634 51.0586462257563 3.74741596649718 1416748 1007
1450435595831 659644 51.05866789842 3.74751915265512 1790144 1010
1450435596872 660685 51.0586909908436 3.74762211889871 1538768 1041
1450435597894 661707 51.0587159407651 3.74772900795803 1364748 1022
1450435598920 662733 51.0587408409791 3.74783733487568 1764012 1026
1450435599927 663740 51.0587653652195 3.74794962011661 1577756 1007
1450435600942 664755 51.0587896966875 3.74806309250429 1564692 1015
1450435601980 665793 51.0588135534727 3.7481780698886 1740656 1038
1450435602985 666798 51.0588358340742 3.74829458015934 2078020 1005
1450435603999 667812 51.0588602006209 3.74840862038066 1792036 1014
1450435605045 668858 51.0588871120063 3.74851501177801 2819368 1046
1450435606071 669884 51.0589119603104 3.74860971356744 2924344 1026
1450435607120 670933 51.0589316753275 3.74869460174965 3351296 1049
1450435608134 671947 51.0589423467762 3.74875919981534 2565244 1014
1450435609151 672964 51.0589468678094 3.74880684907436 776396 1017
1450435610166 673979 51.0589497848706 3.74884087362753 3304856 1015
1450435611191 675004 51.0589512161561 3.74886736312078 614896 1025
1450435612204 676017 51.0589433931909 3.74887497816534 4356968 1013
1450435613227 677040 51.0589433931909 3.74887497816534 2869712 1023
1450435614235 678048 51.0589253083168 3.74886933461338 2608924 1008
1450435615251 679064 51.0589253083168 3.74886933461338 2598556 1016
1450435616269 680082 51.0589160252105 3.74886813092191 2622360 1018
1450435617288 681101 51.0589160252105 3.74886813092191 2777132 1019
1450435618310 682123 51.0589160252105 3.74886813092191 3141124 1022
1450435619333 683146 51.0589160252105 3.74886813092191 2442912 1023
1450435620375 684188 51.0589160252105 3.74886813092191 2338184 1042
1450435621401 685214 51.0589160252105 3.74886813092191 2338028 1026
1450435622465 686278 51.0589160252105 3.74886813092191 2059744 1064
1450435623471 687284 51.0589160252105 3.74886813092191 3934696 1006
1450435624503 688316 51.0589160252105 3.74886813092191 2713084 1032
1450435625508 689321 51.0589160252105 3.74886813092191 2834052 1005
1450435626504 690317 51.0589160252105 3.74886813092191 2353608 996
1450435627507 691320 51.0589160252105 3.74886813092191 2612424 1003
1450435628527 692340 51.0589160252105 3.74886813092191 1969636 1020
1450435629538 693351 51.0589160252105 3.74886813092191 2339272 1011
1450435630553 694366 51.0589160252105 3.74886813092191 1560284 1015
1450435631571 695384 51.0589160252105 3.74886813092191 1438316 1018
1450435632596 696409 51.0589160252105 3.74886813092191 1830584 1025
1450435633615 697428 51.0589160252105 3.74886813092191 2047612 1019
1450435634617 698430 51.0589160252105 3.74886813092191 2531676 1002
1450435635654 699467 51.0589160252105 3.74886813092191 2478244 1037
1450435636672 700485 51.0589160252105 3.74886813092191 2467488 1018
1450435637680 701493 51.0589160252105 3.74886813092191 2360452 1008
1450435638691 702504 51.0589160252105 3.74886813092191 2428940 1011
1450435639700 703513 51.0589160252105 3.74886813092191 2239676 1009
1450435640728 704541 51.0589160252105 3.74886813092191 2227520 1028
1450435641747 705560 51.0589160252105 3.74886813092191 2432580 1019
1450435642750 706563 51.0589160252105 3.74886813092191 2191136 1003
1450435643782 707595 51.0589074679986 3.74887427775979 2328644 1032
1450435644793 708606 51.0589074679986 3.74887427775979 1938424 1011
1450435645804 709617 51.0588968574843 3.74887471825456 2492452 1011
1450435646815 710628 51.0588968574843 3.74887471825456 2496496 1011
1450435647830 711643 51.0588968574843 3.74887471825456 2681872 1015
1450435648860 712673 51.0588968574843 3.74887471825456 659320 1030
1450435649878 713691 51.0588968574843 3.74887471825456 2185236 1018
1450435650894 714707 51.0588968574843 3.74887471825456 4243876 1016
1450435651908 715721 51.0588968574843 3.74887471825456 2394048 1014
1450435652929 716742 51.0588968574843 3.74887471825456 2458752 1021
1450435653944 717757 51.0588968574843 3.74887471825456 2253856 1015
1450435654960 718773 51.0588954538738 3.74889229092615 2109620 1016
1450435655980 719793 51.0588954538738 3.74889229092615 1995248 1020
1450435656992 720805 51.0588954538738 3.74889229092615 2019096 1012
1450435658010 721823 51.0588954538738 3.74889229092615 2031436 1018
1450435659030 722843 51.0588954538738 3.74889229092615 0 1020
1450435660092 723905 51.0588954538738 3.74889229092615 4461544 1062
1450435661101 724914 51.0588954538738 3.74889229092615 985724 1009
1450435662103 725916 51.0588954538738 3.74889229092615 978708 1002
1450435663132 726945 51.0588954538738 3.74889229092615 2807824 1029
1450435664172 727985 51.0588954538738 3.74889229092615 2665204 1040
1450435665187 729000 51.0589038781482 3.74893565987583 1425976 1015
1450435666200 730013 51.0589201216543 3.74899320479849 1617704 1013
1450435667223 731036 51.0589356276619 3.74906846359578 1744208 1023
1450435668228 732041 51.0589518855327 3.74915961474631 2490148 1005
1450435669241 733054 51.0589695168855 3.74926082601464 2962512 1013
1450435670264 734077 51.0589911162939 3.74937010579352 3285076 1023
1450435671289 735102 51.0590178059965 3.74948629240171 3301516 1025
1450435672355 736168 51.0590358741135 3.7496024520336 3385084 1066
1450435673374 737187 51.0590584104683 3.74971954948511 3480664 1019
1450435674386 738199 51.0591038416267 3.7499419659313 3237300 1012
1450435675434 739247 51.0591237457461 3.75004510455465 2906884 1048
1450435676465 740278 51.0591481665665 3.75014450730903 2630700 1031
1450435677504 741317 51.0591720687206 3.75024043616005 2731700 1039
1450435678522 742335 51.0591944877891 3.75033198269009 2021944 1018
1450435679542 743355 51.0592164397243 3.75042083443738 1114356 1020
1450435680554 744367 51.0592381839446 3.75050428402816 429104 1012
1450435681568 745381 51.0592593096054 3.75058482129701 6144 1014
1450435682584 746397 51.0592810826488 3.75067323596145 1558884 1016
1450435683597 747410 51.0593048107389 3.75077218727349 2280816 1013
1450435684615 748428 51.0593271099228 3.75087981151957 858676 1018
1450435685632 749445 51.0593486555101 3.75099356593094 241292 1017
1450435686642 750455 51.0593705505614 3.75110999228279 14828 1010
1450435687674 751487 51.0593929615139 3.75122584191206 1308908 1032
1450435688681 752494 51.0594111006682 3.75133402652079 734660 1007
1450435689701 753514 51.0594281288211 3.75142520679451 1985604 1020
1450435690721 754534 51.0594429834367 3.75149998791874 1321740 1020
1450435691740 755553 51.059458058417 3.75155264107386 1425536 1019
1450435692756 756569 51.0594716044392 3.75158354471169 1612156 1016
1450435693786 757599 51.0594795576533 3.75159466597131 1673568 1030
1450435694787 758600 51.0594795576533 3.75159466597131 1780708 1001
1450435695795 759608 51.0594844870923 3.75157893457948 2928504 1008
1450435696793 760606 51.0594844870923 3.75157893457948 2739928 998
1450435697830 761643 51.059465316218 3.75156003448226 2980544 1037
1450435698855 762668 51.0594610031655 3.75154526142093 2617012 1025
