1454608711123 404 51.0445572961019 3.73343511864473 666560 404
1454608712123 1404 51.04460179574 3.73340256412914 8117656 1000
1454608713123 2404 51.0446355316584 3.73337650481614 7848056 1000
1454608714123 3404 51.0446615827612 3.73336057484215 7275524 1000
1454608715123 4404 51.0446843275197 3.73334431450808 7059108 1000
1454608716123 5404 51.0447090351928 3.73332413902299 6886932 1000
1454608717123 6404 51.0447369994969 3.73330679081084 5901544 1000
1454608718124 7405 51.0447639677579 3.73329439024129 5579372 1001
1454608719123 8404 51.0447880982415 3.73328474564792 4223620 999
1454608720124 9405 51.0448092124764 3.73327546049948 7686144 1001
1454608721123 10404 51.0448312690508 3.73326611193572 6539596 999
1454608722124 11405 51.0448545031133 3.7332535141448 4662100 1001
1454608723123 12404 51.0448756967255 3.73324160869622 3429312 999
1454608724123 13404 51.0448921190821 3.7332338073513 3155052 1000
1454608725123 14404 51.0449086289602 3.73322510143799 6701548 1000
1454608726123 15404 51.0449321746923 3.73320817892996 4961944 1000
1454608727123 16404 51.0449618986056 3.73318588108017 4804400 1000
1454608728123 17404 51.0449954077051 3.73316603723077 4998328 1000
1454608729123 18404 51.0450295475716 3.73314943134929 2887680 1000
1454608730124 19405 51.045061971808 3.73313449048116 6491580 1001
1454608731123 20404 51.0450889925473 3.73312188784669 5036700 999
1454608732123 21404 51.0451133094421 3.73310840210269 4919000 1000
1454608733124 22405 51.0451322907477 3.73310051340468 4619596 1001
1454608734124 23405 51.0451517760585 3.73308851231262 4116220 1000
1454608735123 24404 51.0451718260236 3.73307653194727 2498560 999
1454608736124 25405 51.0451927212263 3.73306672060169 7320248 1001
1454608737123 26404 51.0452161286392 3.73305346551595 4537964 999
1454608738123 27404 51.0452436310373 3.73303641262987 4936376 1000
1454608739123 28404 51.0452739796977 3.73301743821409 3883236 1000
1454608740123 29404 51.0453092821489 3.73299467206617 3887104 1000
1454608741123 30404 51.0453703683801 3.73293236861306 6005652 1000
1454608742123 31404 51.0453703683801 3.73293236861306 4372780 1000
1454608743123 32404 51.045423697593 3.7329160534432 4470980 1000
1454608744123 33404 51.0454390133257 3.7329193256169 3900056 1000
1454608745123 34404 51.0454390133257 3.7329193256169 3473088 1000
1454608746123 35404 51.0454499022865 3.73291936264298 4906772 1000
1454608747123 36404 51.0454589516383 3.73292080202965 3582984 1000
1454608748124 37405 51.0454728110648 3.73292421943827 3696968 1001
1454608749123 38404 51.0454728110648 3.73292421943827 2727980 999
1454608750124 39405 51.045486857262 3.73292593788962 4605568 1001
1454608751124 40405 51.0454961945174 3.73292762373067 7199480 1000
1454608752123 41404 51.0455090068182 3.73292338946246 5783824 999
1454608753124 42405 51.0455181784749 3.73291626904578 4956048 1001
1454608754123 43404 51.0455181784749 3.73291626904578 6079176 999
1454608755123 44404 51.0455259093963 3.7329058273532 7117744 1000
1454608756123 45404 51.0455259093963 3.7329058273532 7149792 1000
1454608757123 46404 51.0455373571987 3.73289895187855 6287072 1000
1454608758123 47404 51.0455481553126 3.73289514668687 4263116 1000
1454608759123 48404 51.0455481553126 3.73289514668687 5846176 1000
1454608760123 49404 51.0455481553126 3.73289514668687 3821568 1000
1454608761124 50405 51.0455481553126 3.73289514668687 4198400 1001
1454608762123 51404 51.0455481553126 3.73289514668687 8015872 999
1454608763123 52404 51.0455481553126 3.73289514668687 7843840 1000
1454608764124 53405 51.0455481553126 3.73289514668687 7581696 1001
1454608765124 54405 51.0455481553126 3.73289514668687 4276224 1000
1454608766123 55404 51.0455481553126 3.73289514668687 4403200 999
1454608767123 56404 51.0455481553126 3.73289514668687 7129088 1000
1454608768123 57404 51.0455481553126 3.73289514668687 7854080 1000
1454608769124 58405 51.0455481553126 3.73289514668687 7464960 1001
1454608770123 59404 51.0455481553126 3.73289514668687 3436544 999
1454608771124 60405 51.0455481553126 3.73289514668687 4177920 1001
1454608772123 61404 51.0455481553126 3.73289514668687 7106560 999
1454608773124 62405 51.0455481553126 3.73289514668687 8212480 1001
1454608774124 63405 51.0455481553126 3.73289514668687 7356416 1000
1454608775123 64404 51.0455481553126 3.73289514668687 3764224 999
1454608776124 65405 51.0455481553126 3.73289514668687 3864576 1001
1454608777123 66404 51.0455481553126 3.73289514668687 7895040 999
1454608778124 67405 51.0455481553126 3.73289514668687 7131136 1001
1454608779123 68404 51.0455481553126 3.73289514668687 7483392 999
1454608780123 69404 51.0455659239564 3.7328900874618 4620288 1000
1454608781123 70404 51.0455827324448 3.73288135645894 4530176 1000
1454608782124 71405 51.0456111476379 3.73286746217879 7417856 1001
1454608783123 72404 51.0456519500873 3.7328481185251 7759872 999
1454608784124 73405 51.0456994049125 3.73282793890407 7753728 1001
1454608785123 74404 51.04574926657 3.73280544086277 3868672 999
1454608786123 75404 51.0457976125455 3.73278052894558 4079616 1000
1454608787123 76404 51.04584181963 3.73275889053458 6549504 1000
1454608788123 77404 51.0458749991066 3.73274542999784 8273920 1000
1454608789123 78404 51.0458929349594 3.73274081753285 7880704 1000
1454608790124 79405 51.0458929349594 3.73274081753285 4546560 1001
1454608791123 80404 51.0458929349594 3.73274081753285 4075520 999
1454608792123 81404 51.0458929349594 3.73274081753285 6819840 1000
1454608793123 82404 51.0458929349594 3.73274081753285 7636992 1000
1454608794123 83404 51.0458929349594 3.73274081753285 7612416 1000
1454608795124 84405 51.0458929349594 3.73274081753285 6117376 1001
1454608796123 85404 51.0458929349594 3.73274081753285 929792 999
1454608797124 86405 51.0458929349594 3.73274081753285 3387392 1001
1454608798124 87405 51.0458929349594 3.73274081753285 7405568 1000
1454608799123 88404 51.0458929349594 3.73274081753285 8069120 999
1454608800123 89404 51.0458929349594 3.73274081753285 5656576 1000
1454608801123 90404 51.0458929349594 3.73274081753285 5165056 1000
1454608802123 91404 51.0458929349594 3.73274081753285 6668288 1000
1454608803123 92404 51.0458929349594 3.73274081753285 8056832 1000
1454608804124 93405 51.0458929349594 3.73274081753285 7718912 1001
1454608805123 94404 51.0458929349594 3.73274081753285 5928960 999
1454608806123 95404 51.0458929349594 3.73274081753285 3831808 1000
1454608807123 96404 51.0458929349594 3.73274081753285 4714496 1000
1454608808123 97404 51.0458929349594 3.73274081753285 7176192 1000
1454608809123 98404 51.0458929349594 3.73274081753285 7614464 1000
1454608810123 99404 51.0458929349594 3.73274081753285 6154240 1000
1454608811124 100405 51.0458929349594 3.73274081753285 2846720 1001
1454608812124 101405 51.0458929349594 3.73274081753285 6844416 1000
1454608813124 102405 51.0458929349594 3.73274081753285 6971392 1000
1454608814123 103404 51.0458929349594 3.73274081753285 7137280 999
1454608815123 104404 51.0458929349594 3.73274081753285 6189056 1000
1454608816123 105404 51.0458929349594 3.73274081753285 4820992 1000
1454608817123 106404 51.0458929349594 3.73274081753285 4507648 1000
1454608818123 107404 51.0458929349594 3.73274081753285 7276544 1000
1454608819123 108404 51.0458929349594 3.73274081753285 7213056 1000
1454608820124 109405 51.0458929349594 3.73274081753285 5095424 1001
1454608821123 110404 51.0458929349594 3.73274081753285 3321856 999
1454608822123 111404 51.0458929349594 3.73274081753285 6178816 1000
1454608823123 112404 51.0458929349594 3.73274081753285 7391232 1000
1454608824124 113405 51.0458929349594 3.73274081753285 7094272 1001
1454608825124 114405 51.0459037045545 3.7327489299501 5652480 1000
1454608826123 115404 51.0459037045545 3.7327489299501 3739648 999
1454608827124 116405 51.0459602014842 3.73271871559713 6975488 1001
1454608828123 117404 51.046006175432 3.7326919203967 7127040 999
1454608829123 118404 51.0460538208114 3.73266171499377 7319552 1000
1454608830124 119405 51.046099592441 3.73263053850616 6406144 1001
1454608831124 120405 51.0461434007364 3.73260062013911 4173824 1000
1454608832123 121404 51.0461854645188 3.73257265010782 3917824 999
1454608833124 122405 51.0462240134619 3.7325459539196 7583744 1001
1454608834124 123405 51.0462627659847 3.73252932341524 7186432 1000
1454608835123 124404 51.0463037439914 3.7325345210494 6496256 999
1454608836123 125404 51.0463556424689 3.73255612456667 4765696 1000
1454608837123 126404 51.0464095489414 3.73259773544046 5443584 1000
1454608838123 127404 51.0464701310149 3.73264370259912 7446528 1000
1454608839123 128404 51.0465317956603 3.73269012556577 7321600 1000
1454608840124 129405 51.0465893339031 3.73272932086086 3887548 1001
1454608841123 130404 51.0466468583039 3.73274551369013 4462592 999
1454608842123 131404 51.0467036555468 3.7327421551437 6137856 1000
1454608843123 132404 51.0467633068968 3.73271975068581 7559168 1000
1454608844123 133404 51.0468259637443 3.73267535495848 8142848 1000
1454608845123 134404 51.046893280939 3.73261725962248 6567804 1000
1454608846124 135405 51.0469589076137 3.73255634080089 5642240 1001
1454608847123 136404 51.0470147169052 3.73250484644262 4046848 999
1454608848123 137404 51.0470544664053 3.73246547151874 7016448 1000
1454608849123 138404 51.0470793943619 3.73244358681629 7452672 1000
1454608850124 139405 51.0470998569712 3.73242962771026 6669900 1001
1454608851123 140404 51.0471150803634 3.7324198644201 4859328 999
1454608852123 141404 51.047133885351 3.73241683466967 4246612 1000
1454608853123 142404 51.0472102794113 3.73239191947317 3894372 1000
1454608854124 143405 51.0472102794113 3.73239191947317 3465708 1001
1454608855123 144404 51.0472641644826 3.7323673058206 4434888 999
1454608856123 145404 51.0473311251515 3.73233514268899 4982784 1000
1454608857123 146404 51.047402246883 3.73229705219571 6699008 1000
1454608858123 147404 51.0474785118987 3.7322468404002 7698432 1000
1454608859123 148404 51.0475590735666 3.73219369670778 7778304 1000
1454608860123 149404 51.0476397685899 3.7321425457704 6656000 1000
1454608861124 150405 51.0477168392308 3.73209305752612 4571136 1001
1454608862124 151405 51.0477934417689 3.73204239318943 3928064 1000
1454608863124 152405 51.0478710882197 3.73198522904019 7630848 1000
1454608864124 153405 51.0479473940331 3.73192546375469 8425472 1000
1454608865123 154404 51.0480232185629 3.73186649840078 7612416 999
1454608866123 155404 51.0480958597846 3.73180885174899 3469312 1000
1454608867124 156405 51.0481620527652 3.73176167684939 4642816 1001
1454608868124 157405 51.0482153426308 3.73173112795831 7585792 1000
1454608869124 158405 51.0482555775967 3.73171335504379 7778304 1000
1454608870123 159404 51.0482797732835 3.73170349260419 7561216 999
1454608871124 160405 51.0482797732835 3.73170349260419 4878336 1001
1454608872123 161404 51.0482797732835 3.73170349260419 4673536 999
1454608873123 162404 51.0482797732835 3.73170349260419 7491584 1000
1454608874123 163404 51.0482797732835 3.73170349260419 7575552 1000
1454608875124 164405 51.0482797732835 3.73170349260419 7311360 1001
1454608876123 165404 51.0482797732835 3.73170349260419 3710976 999
1454608877123 166404 51.0482797732835 3.73170349260419 5746688 1000
1454608878123 167404 51.0482797732835 3.73170349260419 7909376 1000
1454608879123 168404 51.0482797732835 3.73170349260419 6367232 1000
1454608880123 169404 51.0482797732835 3.73170349260419 7911424 1000
1454608881124 170405 51.0482797732835 3.73170349260419 4919296 1001
1454608882123 171404 51.0482797732835 3.73170349260419 4554752 999
1454608883123 172404 51.0482896203917 3.7316842278011 1794048 1000
1454608884123 173404 51.0482737066538 3.73169563232438 7475200 1000
1454608885124 174405 51.0482854363922 3.7316783211738 7915520 1001
1454608886123 175404 51.0482989196449 3.73165575455102 3674112 999
1454608887123 176404 51.0483254007513 3.73164660691984 5990400 1000
1454608888123 177404 51.0483565775051 3.73161652707471 7774208 1000
1454608889124 178405 51.0483889931496 3.73157498291951 7307264 1001
1454608890124 179405 51.0484185137495 3.73151502053469 7364608 1000
1454608891123 180404 51.0484484934779 3.73145674114035 5320704 999
1454608892123 181404 51.0484815395468 3.73141539298238 4802560 1000
1454608893123 182404 51.0485140409066 3.73139160870351 6574080 1000
1454608894124 183405 51.0485449741917 3.73137251150626 5758976 1001
1454608895123 184404 51.0485751190619 3.7313380201028 7794688 999
1454608896124 185405 51.0486430733878 3.73119880510651 6891068 1001
1454608897123 186404 51.0486430733878 3.73119880510651 3269848 999
1454608898123 187404 51.0486696077656 3.73110366266922 3098552 1000
1454608899123 188404 51.0487005898177 3.73098931606222 6402048 1000
1454608900123 189404 51.0487361057791 3.73086817741062 7733248 1000
1454608901123 190404 51.0487647374571 3.73074557134217 6391600 1000
1454608902123 191404 51.0487874359437 3.7306227268451 5140080 1000
1454608903123 192404 51.0488056386457 3.73049764436496 3359060 1000
1454608904123 193404 51.0488218344456 3.7303799838879 1828588 1000
1454608905123 194404 51.0488410735225 3.73027116339584 3281992 1000
1454608906123 195404 51.048867162336 3.73017009752118 6361332 1000
1454608907124 196405 51.0488949956724 3.73007957991415 6681220 1001
1454608908123 197404 51.0488949956724 3.73007957991415 5583052 999
1454608909123 198404 51.0489182729349 3.72999888613136 5754880 1000
1454608910123 199404 51.0489502972044 3.729872072179 5091328 1000
1454608911123 200404 51.0489555312691 3.7298415698316 6965248 1000
1454608912124 201405 51.0489555312691 3.7298415698316 7200768 1001
1454608913123 202404 51.0489457707088 3.72982473652105 7002112 999
1454608914123 203404 51.0489252154438 3.72980049143603 5457920 1000
1454608915123 204404 51.0488907717488 3.72976954591171 4061184 1000
1454608916123 205404 51.048854116801 3.7297379125736 5976064 1000
1454608917123 206404 51.0488170013349 3.72971653760965 5939200 1000
1454608918123 207404 51.0488170013349 3.72971653760965 6127616 1000
1454608919124 208405 51.0486818595089 3.7296566997846 4128768 1001
1454608920123 209404 51.0486035480736 3.7296288993514 6930432 999
1454608921123 210404 51.0485251052202 3.72960440375596 7395328 1000
1454608922123 211404 51.0484472220501 3.72958279466018 7442432 1000
1454608923123 212404 51.0483727034767 3.72955191185709 4042752 1000
1454608924124 213405 51.0483114972815 3.72951990417716 2822144 1001
1454608925123 214404 51.0482617124752 3.72950368453056 7170048 999
1454608926123 215404 51.0482108355333 3.72948165442856 6981632 1000
1454608927124 216405 51.0481628390296 3.72945022448296 7734996 1001
1454608928123 217404 51.0481202024772 3.72941328653177 3406476 999
1454608929124 218405 51.0480863123832 3.72936364497778 5603328 1001
1454608930124 219405 51.0480528545084 3.72933619382257 4867776 1000
1454608931123 220404 51.0480302749967 3.72930715519015 3977948 999
1454608932123 221404 51.0480149689325 3.72931213137657 2595608 1000
1454608933124 222405 51.0480149689325 3.72931213137657 3194880 1001
1454608934123 223404 51.0480149689325 3.72931213137657 4415044 999
1454608935124 224405 51.0480149689325 3.72931213137657 5965180 1001
1454608936123 225404 51.0480248162736 3.72930942955741 5466036 999
1454608937124 226405 51.0480248162736 3.72930942955741 5910724 1001
1454608938123 227404 51.0480248162736 3.72930942955741 4108648 999
1454608939123 228404 51.0480248162736 3.72930942955741 6049792 1000
1454608940123 229404 51.0480248162736 3.72930942955741 7129740 1000
1454608941124 230405 51.0480248162736 3.72930942955741 5923576 1001
1454608942124 231405 51.0480218315853 3.72929472343632 5882820 1000
1454608943123 232404 51.048011294975 3.72928039753472 3239936 999
1454608944123 233404 51.0479952478172 3.72930490924827 5738496 1000
1454608945124 234405 51.0479862851596 3.72937691157079 7368704 1001
1454608946123 235404 51.0479672683771 3.72947165718851 2678648 999
1454608947123 236404 51.0479344074099 3.72955852767418 6669696 1000
1454608948123 237404 51.0478903549632 3.72965085869166 3288980 1000
1454608949123 238404 51.0478262370886 3.72971003547438 3698688 1000
1454608950124 239405 51.0477474371783 3.72976119289823 7159808 1001
1454608951123 240404 51.0476558529794 3.72981730874219 7553024 999
1454608952124 241405 51.0475612747806 3.72986835641182 7987200 1001
1454608953123 242404 51.0474609714235 3.7299256444002 5005312 999
1454608954123 243404 51.0474609714235 3.7299256444002 4020224 1000
1454608955124 244405 51.047252818486 3.73006577155823 7505920 1001
1454608956124 245405 51.0471435181068 3.73013368860762 6042324 1000
1454608957123 246404 51.0470280823366 3.7302000742643 7204268 999
1454608958123 247404 51.0469119175458 3.73026736197388 4683384 1000
1454608959123 248404 51.0469119175458 3.73026736197388 3694592 1000
1454608960124 249405 51.0466590271183 3.73038297721156 7532544 1001
1454608961123 250404 51.046546678493 3.73046173895204 6694844 999
1454608962124 251405 51.0464464498989 3.73053912559254 4444640 1001
1454608963124 252405 51.0463427923443 3.73061896726721 3460488 1000
1454608964123 253404 51.0463427923443 3.73061896726721 3451900 999
1454608965123 254404 51.0461427184501 3.73076507235815 2762052 1000
1454608966123 255404 51.0460472889982 3.7308278795372 3605900 1000
1454608967123 256404 51.0459562079405 3.73088083044028 2905640 1000
1454608968124 257405 51.0458755785754 3.73092774250364 3415188 1001
1454608969123 258404 51.0457592454053 3.73099991601243 3469028 999
1454608970123 259404 51.0457203475351 3.73102569105468 3802028 1000
1454608971123 260404 51.0456902030634 3.73103898663026 3355172 1000
1454608972123 261404 51.0456657183171 3.73103670001506 2774184 1000
1454608973123 262404 51.0456446401623 3.73101651080062 2888732 1000
1454608974123 263404 51.0456341235015 3.73100726117818 5619352 1000
1454608975123 264404 51.0456226035026 3.73098815498381 3917840 1000
1454608976123 265404 51.0456177628685 3.73096772848158 3495304 1000
1454608977123 266404 51.0456177628685 3.73096772848158 2639872 1000
1454608978123 267404 51.0456183117997 3.7309323623319 2908040 1000
1454608979124 268405 51.0456159900917 3.73087215780619 6057984 1001
1454608980123 269404 51.0456132155769 3.73079033615844 7389184 999
1454608981124 270405 51.0456031574495 3.73068162284092 6325572 1001
1454608982124 271405 51.0455481678043 3.73045567273759 4229324 1000
1454608983124 272405 51.0455299387357 3.73035194137047 3195236 1000
1454608984123 273404 51.0455299387357 3.73035194137047 389120 999
1454608985123 274404 51.0455080739665 3.7302125001861 3411968 1000
1454608986123 275404 51.0454866718619 3.73017947441142 6298480 1000
1454608987124 276405 51.0454866718619 3.73017947441142 1738920 1001
1454608988123 277404 51.0454662416681 3.73013255688848 4283012 999
1454608989124 278405 51.0454561011541 3.7299861491586 3484916 1001
1454608990124 279405 51.045433552944 3.72990079255777 2651464 1000
1454608991124 280405 51.0454023770227 3.7298002355909 2435136 1000
1454608992123 281404 51.0454023770227 3.7298002355909 1738272 999
1454608993124 282405 51.0453743776967 3.72968795878044 2442032 1001
1454608994123 283404 51.045326685872 3.72944717164254 1769768 999
1454608995123 284404 51.0452911830583 3.72932963618302 2841584 1000
1454608996124 285405 51.0452911830583 3.72932963618302 2911680 1001
1454608997123 286404 51.0452588571327 3.72921609768066 3920868 999
1454608998123 287404 51.04523459493 3.72910462519681 3300836 1000
1454608999123 288404 51.04523459493 3.72910462519681 4054316 1000
1454609000124 289405 51.0451728082885 3.72893751409357 4288640 1001
1454609001123 290404 51.0451202508564 3.72881770893252 3556072 999
1454609002123 291404 51.0451205177588 3.72877269155056 2451312 1000
1454609003123 292404 51.0451254172381 3.72873416003692 2650972 1000
1454609004123 293404 51.0451254172381 3.72873416003692 2204524 1000
1454609005123 294404 51.0451231103783 3.7286986345866 4409308 1000
1454609006124 295405 51.0451064111751 3.72867297300618 4194976 1001
1454609007123 296404 51.0450800838909 3.72865301864873 4368868 999
1454609008123 297404 51.0450343361275 3.72863028606378 4361948 1000
1454609009123 298404 51.0449758483389 3.72862246111693 4423680 1000
1454609010124 299405 51.044905517605 3.72862485042435 4980828 1001
1454609011123 300404 51.0448231818885 3.72863049007747 4611408 999
1454609012123 301404 51.0447348834709 3.72863640309755 4726960 1000
1454609013123 302404 51.0445500486768 3.72865169249277 3075744 1000
1454609014124 303405 51.0445500486768 3.72865169249277 3775596 1001
1454609015123 304404 51.0443706817746 3.72866223991828 4215636 999
1454609016124 305405 51.0442842833769 3.72866467827426 3350016 1001
1454609017123 306404 51.0441990460983 3.72867311827329 3763380 999
1454609018123 307404 51.0441990460983 3.72867311827329 3622220 1000
1454609019123 308404 51.0441170160139 3.72868801602637 4571988 1000
1454609020123 309404 51.0439622612263 3.72872776332824 3800348 1000
1454609021124 310405 51.0438910646999 3.72874632699787 3249976 1001
1454609022123 311404 51.0438165666187 3.72876631985137 3073440 999
1454609023123 312404 51.0437385349799 3.72878921257735 2946444 1000
1454609024123 313404 51.0437385349799 3.72878921257735 2181348 1000
1454609025124 314405 51.0436595266017 3.72880891459658 4997972 1001
1454609026123 315404 51.0435799821768 3.72882730938763 4849844 999
1454609027123 316404 51.0435008668691 3.72884650722007 5144540 1000
1454609028124 317405 51.0434217486443 3.72887081817079 5559284 1001
1454609029124 318405 51.0433441338651 3.72889654644181 3780608 1000
1454609030123 319404 51.0432665157144 3.72892639728709 7847936 999
1454609031123 320404 51.0431903852518 3.72895097835286 7383040 1000
1454609032124 321405 51.0431172984144 3.72897561180962 8179712 1001
1454609033123 322404 51.0430500119982 3.72899245039833 5986304 999
1454609034123 323404 51.0429931994213 3.72900688785518 6971392 1000
1454609035123 324404 51.0429416648589 3.72902384396259 3641344 1000
1454609036123 325404 51.0428870915345 3.72899719180986 5777408 1000
1454609037123 326404 51.0428374294297 3.72900090615067 7462912 1000
1454609038123 327404 51.0427856479726 3.72902496712366 7841792 1000
1454609039123 328404 51.042728426892 3.7290620851868 7161856 1000
1454609040124 329405 51.0426538051533 3.72906723682778 6647808 1001
1454609041123 330404 51.04257179545 3.72908379023454 4349952 999
1454609042123 331404 51.0424874827338 3.72910087207776 3899392 1000
1454609043123 332404 51.0423216364996 3.72914415187979 7780352 1000
1454609044123 333404 51.0422351838326 3.72917063837828 5312172 1000
1454609045123 334404 51.042151591797 3.72919471691502 4611508 1000
1454609046124 335405 51.0420683828466 3.72921673205862 3241248 1001
1454609047124 336405 51.0419872373797 3.72923661787756 5468160 1000
1454609048124 337405 51.0419092052831 3.72925496508852 3488176 1000
1454609049123 338404 51.0418382803063 3.72927113665762 3289744 999
1454609050123 339404 51.0418382803063 3.72927113665762 2537064 1000
1454609051123 340404 51.0417750240721 3.7292823859636 4370432 1000
1454609052123 341404 51.041716895566 3.72929123120939 6545408 1000
1454609053124 342405 51.0416615361342 3.72929669691966 6952496 1001
1454609054123 343404 51.041612462995 3.72930216859565 6835304 999
1454609055124 344405 51.041565604357 3.7293083062506 6016500 1001
1454609056123 345404 51.041531490898 3.72932430959796 4170944 999
1454609057124 346405 51.0414780703858 3.72932887177553 3147776 1001
1454609058124 347405 51.041467070692 3.7293243741838 4836536 1000
1454609059123 348404 51.041467070692 3.7293243741838 2499528 999
1454609060123 349404 51.041467070692 3.7293243741838 4217300 1000
1454609061123 350404 51.041452140303 3.72932726082543 3651916 1000
1454609062123 351404 51.041408832071 3.72937214429386 4828116 1000
1454609063123 352404 51.0413806668687 3.72942299621847 3317868 1000
1454609064123 353404 51.0413385759995 3.72946249834451 3491424 1000
1454609065123 354404 51.0413385759995 3.72946249834451 3956276 1000
1454609066123 355404 51.0412888412786 3.72949224735677 3620060 1000
1454609067123 356404 51.0412888412786 3.72949224735677 2707140 1000
1454609068124 357405 51.0410741658567 3.72960271232766 1978216 1001
1454609069124 358405 51.04098669883 3.72963832021709 2470496 1000
1454609070124 359405 51.04098669883 3.72963832021709 2273764 1000
1454609071123 360404 51.0409059988192 3.72965918709655 2889128 999
1454609072124 361405 51.0409059988192 3.72965918709655 4392768 1001
1454609073123 362404 51.0407840600077 3.72968123519237 3993736 999
1454609074123 363404 51.0407387762427 3.72969803560646 3593456 1000
1454609075123 364404 51.0406996923641 3.72971089918729 2767756 1000
1454609076124 365405 51.0406625905906 3.72972722836512 2337380 1001
1454609077123 366404 51.0406625905906 3.72972722836512 1777752 999
1454609078123 367404 51.0405946517508 3.72974096127795 3531760 1000
1454609079123 368404 51.0405628199016 3.72974106070551 3556724 1000
1454609080123 369404 51.0405023645131 3.72975548049848 3419176 1000
1454609081124 370405 51.0405023645131 3.72975548049848 2585464 1001
1454609082123 371404 51.0404495175974 3.7297642468643 2704996 999
1454609083123 372404 51.0404248569392 3.72976431796079 2549508 1000
1454609084123 373404 51.0404248569392 3.72976431796079 1643212 1000
1454609085123 374404 51.0403996413957 3.72976550390195 5630264 1000
1454609086123 375404 51.0403689977956 3.72977356353587 3596676 1000
1454609087123 376404 51.0403325370764 3.72977691929709 3699344 1000
1454609088123 377404 51.0402834440678 3.72977219879723 3036084 1000
1454609089123 378404 51.0401814653991 3.72977211615016 3071652 1000
1454609090124 379405 51.0401814653991 3.72977211615016 1934768 1001
1454609091123 380404 51.0401441853783 3.72976693263079 2552052 999
1454609092123 381404 51.0401441853783 3.72976693263079 3977664 1000
1454609093123 382404 51.0400906842538 3.72975991976676 3777844 1000
1454609094123 383404 51.040074486439 3.72976354719158 3974736 1000
1454609095123 384404 51.040074486439 3.72976354719158 3846464 1000
1454609096123 385404 51.040074486439 3.72976354719158 3481120 1000
1454609097123 386404 51.040074486439 3.72976354719158 4065632 1000
1454609098123 387404 51.040074486439 3.72976354719158 3105248 1000
1454609099123 388404 51.040074486439 3.72976354719158 3256328 1000
1454609100123 389404 51.040074486439 3.72976354719158 3735464 1000
1454609101123 390404 51.040074486439 3.72976354719158 3318356 1000
1454609102123 391404 51.040074486439 3.72976354719158 4137508 1000
1454609103123 392404 51.040074486439 3.72976354719158 4276556 1000
1454609104124 393405 51.040074486439 3.72976354719158 4336288 1001
1454609105124 394405 51.040074486439 3.72976354719158 4453216 1000
1454609106123 395404 51.040074486439 3.72976354719158 3019520 999
1454609107124 396405 51.040074486439 3.72976354719158 4704256 1001
1454609108123 397404 51.040074486439 3.72976354719158 3985704 999
1454609109123 398404 51.0400394937686 3.72974091738587 3982744 1000
1454609110123 399404 51.0400289058947 3.72973357740853 4008096 1000
1454609111123 400404 51.040011204596 3.72972789668611 3673016 1000
1454609112123 401404 51.0399890896469 3.72971754931567 4108340 1000
1454609113123 402404 51.0399677728818 3.72970637623016 3774144 1000
1454609114123 403404 51.0399490972763 3.72970372098769 3903364 1000
1454609115123 404404 51.0399274971033 3.72970203590731 3955032 1000
1454609116123 405404 51.0398912207116 3.72969186180151 3765048 1000
1454609117124 406405 51.0398495856536 3.72968211166551 4054700 1001
1454609118123 407404 51.0398125027495 3.72966680036057 3631512 999
1454609119123 408404 51.0397780526288 3.72966148828496 3472448 1000
1454609120123 409404 51.0397340478469 3.72965999752629 3384984 1000
1454609121123 410404 51.0396798567046 3.72965850222241 3416356 1000
1454609122123 411404 51.0396253747995 3.72965086145382 3296528 1000
1454609123123 412404 51.0395684000516 3.72964493897826 3287772 1000
1454609124123 413404 51.0395026989708 3.72964559335868 3396160 1000
1454609125123 414404 51.0394407247647 3.7296412235587 3060760 1000
1454609126124 415405 51.0393821925159 3.72963180899562 2766096 1001
1454609127123 416404 51.0393367319406 3.729623306097 3049228 999
1454609128123 417404 51.0392938980778 3.72962061568907 3015424 1000
1454609129123 418404 51.0392596134884 3.72962947575648 2990384 1000
