1454605821026 741 51.0589773524287 3.73047268546191 1342092 741
1454605822026 1741 51.0589989806218 3.73049414458287 4805592 1000
1454605823027 2742 51.0590311702224 3.73050713208081 4546648 1001
1454605824027 3742 51.0590658940457 3.73050850240274 4537948 1000
1454605825026 4741 51.0591054197196 3.73049030599815 5226136 999
1454605826027 5742 51.0591580586687 3.73043522063271 5017072 1001
1454605827027 6742 51.0592174621607 3.73034746622841 4612440 1000
1454605828026 7741 51.0592844394341 3.73024677836918 4465304 999
1454605829026 8741 51.0594064689511 3.73004992813924 3010084 1000
1454605830027 9742 51.0594598863629 3.72996317892392 2536392 1001
1454605831026 10741 51.0595055742793 3.72988093595114 2253700 999
1454605832026 11741 51.0595476468282 3.72980731891509 2677128 1000
1454605833027 12742 51.0595859815864 3.72974292739832 2696000 1001
1454605834026 13741 51.0596237836085 3.72970525802943 2244420 999
1454605835026 14741 51.059655877954 3.72969156595241 2255204 1000
1454605836026 15741 51.059686391906 3.72970559129839 1857544 1000
1454605837026 16741 51.059686391906 3.72970559129839 386876 1000
1454605838026 17741 51.0597634756307 3.72980915615488 3522324 1000
1454605839026 18741 51.0597997385282 3.72985998089288 469104 1000
1454605840027 19742 51.0597997385282 3.72985998089288 2864500 1001
1454605841026 20741 51.0598394489801 3.7299125406721 3170496 999
1454605842026 21741 51.0598720006715 3.72995643656617 2910332 1000
1454605843026 22741 51.0599048869968 3.72999891458134 3995472 1000
1454605844026 23741 51.0599253001016 3.73005136569323 5586112 1000
1454605845027 24742 51.0599335280867 3.73012165869706 5412220 1001
1454605846026 25741 51.059914594399 3.73019254221798 4657340 999
1454605847026 26741 51.0598827648007 3.73027279029145 4367520 1000
1454605848027 27742 51.0598378879158 3.73036273830704 3937508 1001
1454605849026 28741 51.0597842880455 3.73046496575867 4062224 999
1454605850026 29741 51.0597261402865 3.73055710025377 4764976 1000
1454605851027 30742 51.0596765897215 3.73064480370398 5763224 1001
1454605852026 31741 51.0596434001883 3.73072586917474 6556020 999
1454605853027 32742 51.0596434001883 3.73072586917474 6096896 1001
1454605854026 33741 51.0595738182292 3.73089502974071 6294952 999
1454605855026 34741 51.0595355481833 3.73098187496186 3965168 1000
1454605856026 35741 51.0594939742068 3.73106574221072 2841584 1000
1454605857027 36742 51.0594457899397 3.73114333608685 4081900 1001
1454605858026 37741 51.0593994430734 3.73122207653312 4796728 999
1454605859026 38741 51.0593439937239 3.73128868284072 3157684 1000
1454605860027 39742 51.0592926648163 3.73135520130521 5572608 1001
1454605861026 40741 51.0592376040318 3.73142956333465 7151616 999
1454605862026 41741 51.0591737418527 3.73150498061408 4969008 1000
1454605863026 42741 51.0591120759484 3.73156905500104 5262540 1000
1454605864026 43741 51.0590507674037 3.7316263498302 6043084 1000
1454605865027 44742 51.0589945966546 3.73168316095623 6153076 1001
1454605866026 45741 51.058941654787 3.73173804456807 5403328 999
1454605867026 46741 51.0588862063242 3.73179280568743 6242588 1000
1454605868026 47741 51.0588334911947 3.73184786181125 6377388 1000
1454605869027 48742 51.0587900725499 3.73191179977038 4852800 1001
1454605870026 49741 51.0587535211795 3.73200007556354 7077000 999
1454605871026 50741 51.0587209074684 3.732096055091 5566180 1000
1454605872027 51742 51.0586811742936 3.73219681260642 5724668 1001
1454605873027 52742 51.058638487532 3.73230247119021 6830316 1000
1454605874026 53741 51.0585968162595 3.73240512629037 7014100 999
1454605875027 54742 51.0585574172154 3.73250798417115 4333568 1001
1454605876027 55742 51.0585179716678 3.73260415875713 7417856 1000
1454605877027 56742 51.0584727076883 3.73268880782529 7692288 1000
1454605878027 57742 51.058432503183 3.7327667932154 7235584 1000
1454605879026 58741 51.058398154963 3.73283945922885 5433344 999
1454605880026 59741 51.0583710654059 3.73290318566412 4538368 1000
1454605881026 60741 51.0583469041639 3.73295825283465 5558272 1000
1454605882026 61741 51.0583261411015 3.73299838616335 7303168 1000
1454605883026 62741 51.0583156576889 3.73303029276668 7094272 1000
1454605884026 63741 51.0583084910091 3.73305367353967 6197248 1000
1454605885027 64742 51.0583024419182 3.73307474243451 4038656 1001
1454605886026 65741 51.0582848402457 3.73308845384371 4675584 999
1454605887026 66741 51.0582508567366 3.73310085809943 7565312 1000
1454605888027 67742 51.0582021694465 3.73310030231473 5235852 1001
1454605889027 68742 51.0581512620928 3.73309358546754 4971152 1000
1454605890026 69741 51.0581012397401 3.73309189105484 4049872 999
1454605891026 70741 51.0580388749689 3.73309210704405 5253120 1000
1454605892026 71741 51.0579732949883 3.7330885793942 5173960 1000
1454605893026 72741 51.0579037235363 3.73308044713313 4698864 1000
1454605894027 73742 51.0578313467973 3.73307156920927 3402972 1001
1454605895026 74741 51.0577591033509 3.73306644843813 3345732 999
1454605896026 75741 51.0577591033509 3.73306644843813 5015552 1000
1454605897027 76742 51.0576376180397 3.73308176884036 5059508 1001
1454605898026 77741 51.0575709765784 3.7330866844927 3836720 999
1454605899026 78741 51.0574988415254 3.73308385083098 4650884 1000
1454605900026 79741 51.0574288756332 3.73307742638508 4221932 1000
1454605901026 80741 51.0573560755809 3.73306874721324 4675584 1000
1454605902028 81743 51.0572891278705 3.73305764702197 5205808 1002
1454605903026 82741 51.0572250846456 3.73304832871 5060752 998
1454605904026 83741 51.0571594074458 3.73304734916416 4278940 1000
1454605905027 84742 51.0571000105519 3.73305036013916 3466996 1001
1454605906026 85741 51.0570452248808 3.73305043808363 4608000 999
1454605907026 86741 51.0569937045343 3.73304493914198 3578984 1000
1454605908026 87741 51.0569471424585 3.7330300079785 3891960 1000
1454605909026 88741 51.0569070740858 3.73302660769186 3973100 1000
1454605910026 89741 51.0568769198914 3.73301672961927 3476948 1000
1454605911026 90741 51.0568617504582 3.73300657801278 1245184 1000
1454605912026 91741 51.0568617504582 3.73300657801278 6376600 1000
1454605913026 92741 51.0568490257545 3.73299648743005 3890328 1000
1454605914026 93741 51.0568490257545 3.73299648743005 3247384 1000
1454605915026 94741 51.0568490257545 3.73299648743005 3409448 1000
1454605916026 95741 51.0568490257545 3.73299648743005 2954408 1000
1454605917026 96741 51.0568490257545 3.73299648743005 4330820 1000
1454605918026 97741 51.0568490257545 3.73299648743005 4346256 1000
1454605919027 98742 51.0568490257545 3.73299648743005 3360232 1001
1454605920027 99742 51.0568490257545 3.73299648743005 3379992 1000
1454605921026 100741 51.0568490257545 3.73299648743005 3606636 999
1454605922026 101741 51.0568490257545 3.73299648743005 2702480 1000
1454605923026 102741 51.0568339548626 3.73299794385086 2741132 1000
1454605924026 103741 51.0568146974324 3.73300145738697 2993728 1000
1454605925026 104741 51.0568146974324 3.73300145738697 3463996 1000
1454605926027 105742 51.056752932135 3.73304692546751 3919312 1001
1454605927026 106741 51.056729982725 3.73311498605251 3791508 999
1454605928026 107741 51.0567172819942 3.73321188895171 3418112 1000
1454605929026 108741 51.0566945000503 3.73331289632636 3209588 1000
1454605930026 109741 51.0566945000503 3.73331289632636 2808584 1000
1454605931026 110741 51.0566571944453 3.73355093988084 2729000 1000
1454605932026 111741 51.0566302063248 3.73365794351167 2631296 1000
1454605933027 112742 51.0565978390294 3.73376301703751 2434488 1001
1454605934026 113741 51.0565978390294 3.73376301703751 3179932 999
1454605935026 114741 51.0565510811471 3.73385364741291 1633364 1000
1454605936026 115741 51.0565060021358 3.73393377837385 5935172 1000
1454605937026 116741 51.0564670016179 3.73401199466032 4078184 1000
1454605938026 117741 51.0564274814839 3.73408723926699 3525020 1000
1454605939026 118741 51.0563846314567 3.73415741532254 3783836 1000
1454605940027 119742 51.0563400907903 3.73422421243959 3474536 1001
1454605941026 120741 51.0562901096549 3.73429322100153 3808708 999
1454605942026 121741 51.0562279548647 3.73435285032232 4451096 1000
1454605943026 122741 51.0561833046479 3.73441778270477 5326848 1000
1454605944026 123741 51.0561637362289 3.7344911615509 2837732 1000
1454605945026 124741 51.0561609607508 3.73457033891363 6604800 1000
1454605946026 125741 51.0561609607508 3.73457033891363 4225452 1000
1454605947026 126741 51.0561634058597 3.73468098758152 4908552 1000
1454605948026 127741 51.0561666660215 3.73471693611919 4736260 1000
1454605949026 128741 51.056172452596 3.73474398885446 4695696 1000
1454605950026 129741 51.0561775105318 3.73475741599509 4446852 1000
1454605951026 130741 51.0561775105318 3.73475741599509 4175772 1000
1454605952026 131741 51.0561775105318 3.73475741599509 4247380 1000
1454605953027 132742 51.0561775105318 3.73475741599509 4540116 1001
1454605954026 133741 51.0561775105318 3.73475741599509 5205644 999
1454605955027 134742 51.0561775105318 3.73475741599509 4016576 1001
1454605956026 135741 51.0561775105318 3.73475741599509 4610904 999
1454605957026 136741 51.0561775105318 3.73475741599509 3859068 1000
1454605958027 137742 51.0561873778351 3.73478671015307 4011904 1001
1454605959026 138741 51.0561892235233 3.73483127355416 4270464 999
1454605960027 139742 51.0561964573621 3.73488607759584 3701204 1001
1454605961027 140742 51.0561964573621 3.73488607759584 4005888 1000
1454605962026 141741 51.0562193245484 3.73499659623613 4580576 999
1454605963026 142741 51.0562242851961 3.73508812630412 3958716 1000
1454605964026 143741 51.0562242851961 3.73508812630412 3788320 1000
1454605965026 144741 51.0562262988875 3.73511971329375 3364716 1000
1454605966026 145741 51.0562313991606 3.73517919812494 4438960 1000
1454605967026 146741 51.0562338873645 3.73520489728136 4196664 1000
1454605968026 147741 51.0562418542145 3.73523423865729 3482060 1000
1454605969026 148741 51.0562448215659 3.73526503214232 3293112 1000
1454605970026 149741 51.0562448215659 3.73526503214232 970052 1000
1454605971026 150741 51.0562583164896 3.73535873545407 5226496 1000
1454605972026 151741 51.0562583164896 3.73535873545407 4537888 1000
1454605973026 152741 51.0562311433323 3.73546307074027 3668944 1000
1454605974026 153741 51.0561963051873 3.73550119715214 3225764 1000
1454605975026 154741 51.056142597973 3.73554304098402 3191456 1000
1454605976026 155741 51.056142597973 3.73554304098402 2554860 1000
1454605977027 156742 51.0560950994717 3.73557170197378 5601548 1001
1454605978027 157742 51.0560519616239 3.73558982136676 5343720 1000
1454605979026 158741 51.0560100075634 3.73560444310701 5802456 999
1454605980026 159741 51.0559777482304 3.7356141417606 5528200 1000
1454605981026 160741 51.0559501891005 3.73561880799288 3248128 1000
1454605982026 161741 51.0559314918791 3.73562518873425 6076416 1000
1454605983026 162741 51.0559314918791 3.73562518873425 7225344 1000
1454605984026 163741 51.0559314918791 3.73562518873425 4118928 1000
1454605985026 164741 51.0559213118411 3.73564168009971 4121176 1000
1454605986026 165741 51.0559213118411 3.73564168009971 3945656 1000
1454605987026 166741 51.0559213118411 3.73564168009971 6049792 1000
1454605988027 167742 51.0559213118411 3.73564168009971 7337984 1001
1454605989027 168742 51.0559213118411 3.73564168009971 6432172 1000
1454605990026 169741 51.0559213118411 3.73564168009971 4788992 999
1454605991026 170741 51.055898900119 3.73565952914165 5185676 1000
1454605992026 171741 51.0558854559595 3.73569964827073 3964928 1000
1454605993026 172741 51.0558840326938 3.73576279368761 6488064 1000
1454605994026 173741 51.0558955026985 3.73583389463638 7184384 1000
1454605995026 174741 51.0559125939009 3.7359030242407 5557488 1000
1454605996026 175741 51.0559328885619 3.73598549649099 5222360 1000
1454605997026 176741 51.0559509507356 3.73607697630165 3436280 1000
1454605998027 177742 51.0559654793319 3.73617314806727 4780920 1001
1454605999026 178741 51.055978627996 3.73627472507051 3910548 999
1454606000026 179741 51.0559908284965 3.73637988674538 4014344 1000
1454606001026 180741 51.0560007214968 3.73648488178269 3385684 1000
1454606002026 181741 51.0560117004724 3.73658961697709 3909032 1000
1454606003026 182741 51.0560202927368 3.73668804764016 4738552 1000
1454606004027 183742 51.0560285336142 3.7367819459036 3610272 1001
1454606005026 184741 51.0560363023182 3.73687167294735 3174540 999
1454606006026 185741 51.05604458596 3.73695718377539 3329744 1000
1454606007026 186741 51.056056314331 3.73704570157467 3358516 1000
1454606008027 187742 51.0560656336474 3.73713767962932 4164488 1001
1454606009027 188742 51.0560738599007 3.73722893052083 3831068 1000
1454606010026 189741 51.0560802607438 3.73731784412388 3440252 999
1454606011026 190741 51.0560977952701 3.73739601751809 3076992 1000
1454606012026 191741 51.0561202262192 3.73747181587587 2948888 1000
1454606013027 192742 51.0561422067362 3.73754691073055 3096348 1001
1454606014026 193741 51.0561810003556 3.73769807730384 2631476 999
1454606015027 194742 51.0561992669264 3.73778257659601 2295360 1001
1454606016026 195741 51.0562144867798 3.73787405420053 1806552 999
1454606017026 196741 51.0562247301673 3.73796833910051 1513804 1000
1454606018026 197741 51.0562382596915 3.73804665558195 1511108 1000
1454606019026 198741 51.0562570869863 3.73812876905971 1414052 1000
1454606020026 199741 51.0562709142878 3.73821176204506 1519196 1000
1454606021026 200741 51.0562764601831 3.7382898519774 1617600 1000
1454606022027 201742 51.0562767121701 3.73835594127982 1414052 1001
1454606023026 202741 51.0562629887257 3.73839294500293 1385304 999
1454606024026 203741 51.0562480896856 3.73840569849124 1291824 1000
1454606025026 204741 51.0562480896856 3.73840569849124 982096 1000
1454606026026 205741 51.0562480896856 3.73840569849124 1318940 1000
1454606027026 206741 51.0562480896856 3.73840569849124 1277904 1000
1454606028026 207741 51.0562480896856 3.73840569849124 1008304 1000
1454606029026 208741 51.0562480896856 3.73840569849124 884288 1000
1454606030027 209742 51.0562480896856 3.73840569849124 1095924 1001
1454606031026 210741 51.0562554470842 3.73843036178635 1259032 999
1454606032027 211742 51.0562612778625 3.73844155885478 1304864 1001
1454606033026 212741 51.0562612778625 3.73844155885478 1017740 999
1454606034026 213741 51.0562612778625 3.73844155885478 0 1000
1454606035027 214742 51.0562612778625 3.73844155885478 0 1001
1454606036027 215742 51.0562612778625 3.73844155885478 2601640 1000
1454606037026 216741 51.0562612778625 3.73844155885478 846544 999
1454606038027 217742 51.0562690034565 3.7384611163675 0 1001
1454606039026 218741 51.0562650504411 3.73850337671384 18872 999
1454606040026 219741 51.0562516852296 3.73856662257647 2822712 1000
1454606041027 220742 51.0562319769271 3.73860936035079 874852 1001
1454606042026 221741 51.0561965876211 3.73865245708867 922732 999
1454606043027 222742 51.0561535272778 3.73869022701638 194760 1001
1454606044026 223741 51.0561202245516 3.73870641744296 0 999
1454606045026 224741 51.0561006426109 3.73870796128398 0 1000
1454606046027 225742 51.0560914811389 3.73870543071772 0 1001
1454606047026 226741 51.0560914811389 3.73870543071772 1234036 999
1454606048026 227741 51.0560914811389 3.73870543071772 806836 1000
1454606049027 228742 51.0560914811389 3.73870543071772 328912 1001
1454606050026 229741 51.0560714403563 3.7387147034435 272296 999
1454606051026 230741 51.0560459283672 3.73872555080497 0 1000
1454606052026 231741 51.0560059854444 3.73873343893377 0 1000
1454606053027 232742 51.0559596909994 3.73874433733196 0 1001
1454606054027 233742 51.0559161902574 3.73875433043294 1357436 1000
1454606055026 234741 51.0558689383318 3.73876602642484 208940 999
1454606056026 235741 51.0558080198691 3.73877915482169 370052 1000
1454606057026 236741 51.0557381312645 3.7387955430313 619380 1000
1454606058027 237742 51.0556685133581 3.73881881534843 287124 1001
1454606059026 238741 51.0556005186776 3.73884400595061 103796 999
1454606060026 239741 51.0555269349385 3.73887235170967 117276 1000
1454606061026 240741 51.0554473297564 3.73890870384097 119972 1000
1454606062026 241741 51.0553620796584 3.73894075204431 324868 1000
1454606063027 242742 51.0552775378179 3.73896996940216 274992 1001
1454606064026 243741 51.0552003489643 3.73901821502976 268252 999
1454606065027 244742 51.0551253336694 3.73905922898525 225116 1001
1454606066026 245741 51.0550488331553 3.73909305461912 237248 999
1454606067027 246742 51.0549736908103 3.73912551472124 368004 1001
1454606068036 247751 51.0549012431188 3.73915685424365 230508 1009
1454606069026 248741 51.0548297580874 3.73918723480414 268252 990
1454606070026 249741 51.0547565920443 3.73921498071619 300604 1000
1454606071026 250741 51.05468571535 3.73924295276635 386876 1000
1454606072027 251742 51.0546207179087 3.73927302754327 442144 1001
1454606073026 252741 51.0545671717215 3.73932159427248 659172 999
1454606074027 253742 51.0545179082637 3.73936966752955 835760 1001
1454606075026 254741 51.0544710932637 3.73940064169323 932816 999
1454606076027 255742 51.0544280773445 3.73942669809593 1144452 1001
1454606077026 256741 51.054387660574 3.7394561029388 1387092 999
1454606078026 257741 51.0543618343471 3.73946675889724 1183544 1000
1454606079027 258742 51.0543461405165 3.73947181085229 1358784 1001
1454606080026 259741 51.0543332762116 3.73947243025057 1955948 999
1454606081026 260741 51.054322282731 3.73947676923595 1593336 1000
1454606082026 261741 51.0543050362925 3.73948114491932 0 1000
1454606083026 262741 51.0542761643592 3.73948737490427 2145084 1000
1454606084027 263742 51.0542308404638 3.73949684005159 1979796 1001
1454606085026 264741 51.0541842337124 3.73951144933628 0 999
1454606086026 265741 51.0541334614938 3.73952886903713 2534240 1000
1454606087028 266743 51.054065255503 3.73954670959069 1149844 1002
1454606088027 267742 51.0539888450613 3.73956772783873 800116 999
1454606089026 268741 51.0539092221137 3.73959391213265 1072256 999
1454606090026 269741 51.0538270424657 3.73962522098307 1069016 1000
1454606091026 270741 51.0537416064771 3.73966798486857 730564 1000
1454606092026 271741 51.0536476638633 3.73971200507952 611992 1000
1454606093026 272741 51.0535459818837 3.73976088662163 570204 1000
1454606094026 273741 51.0534382174005 3.73981331726431 632212 1000
1454606095026 274741 51.0533268574371 3.73986653535914 624124 1000
1454606096026 275741 51.0532153806061 3.73991876753529 427316 1000
1454606097027 276742 51.0531053933892 3.73997841475159 394964 1001
1454606098026 277741 51.0529971629567 3.74002997473014 359916 999
1454606099027 278742 51.0529971629567 3.74002997473014 409792 1001
1454606100026 279741 51.0528909500269 3.74008302425403 1470388 999
1454606101026 280741 51.052786604597 3.74013635974383 4386672 1000
1454606102026 281741 51.0526844977594 3.74018682117663 1413404 1000
1454606103026 282741 51.0525872926204 3.74023375353481 3239892 1000
1454606104026 283741 51.0524936973459 3.74028273312394 2113664 1000
1454606105026 284741 51.0524027975826 3.74033175504855 2462796 1000
1454606106027 285742 51.0522270954697 3.74042273034307 1933732 1001
1454606107027 286742 51.0522270954697 3.74042273034307 1183104 1000
1454606108026 287741 51.0521439717357 3.74047550218759 3453628 999
1454606109026 288741 51.0520645357284 3.74053151887061 3354964 1000
1454606110026 289741 51.0519841490932 3.74059711790986 4359904 1000
1454606111026 290741 51.0519068439437 3.7406727313697 5227720 1000
1454606112026 291741 51.0518300495782 3.74076469967964 3154112 1000
1454606113026 292741 51.0518300495782 3.74076469967964 3495520 1000
1454606114026 293741 51.0516722874735 3.74094523328082 3161060 1000
1454606115026 294741 51.0515943257221 3.74106219726629 2850968 1000
1454606116027 295742 51.051508552904 3.74117493774189 3116628 1001
1454606117026 296741 51.051422386383 3.74128014524058 2953004 999
1454606118027 297742 51.0513339550341 3.74138048826447 3573960 1001
1454606119027 298742 51.0512482651432 3.74148297804316 2921428 1000
1454606120027 299742 51.05116220708 3.74158572727066 3757332 1000
1454606121026 300741 51.0510755323624 3.74169440821994 4132952 999
1454606122027 301742 51.0509885376343 3.7417994296444 3984308 1001
1454606123026 302741 51.0509023744224 3.74189925710577 3794124 999
1454606124026 303741 51.0508170443301 3.74199701018344 4355512 1000
1454606125026 304741 51.0507324345612 3.74209355393894 5011268 1000
1454606126027 305742 51.05064610367 3.74219126368898 4924692 1001
1454606127026 306741 51.0504729714245 3.742383693671 4377036 999
1454606128026 307741 51.0504729714245 3.742383693671 4411100 1000
1454606129026 308741 51.0502953837628 3.7425726200636 4718972 1000
1454606130026 309741 51.0502953837628 3.7425726200636 4147796 1000
1454606131026 310741 51.0502091825569 3.74267205251295 3270344 1000
1454606132026 311741 51.0501215976089 3.74277435770495 5440432 1000
1454606133026 312741 51.0500345842359 3.74288080982229 4420044 1000
1454606134026 313741 51.0499490411045 3.74298891928313 3167812 1000
1454606135027 314742 51.0498664003937 3.74309182963646 2088960 1001
1454606136026 315741 51.0497873638739 3.74317881591945 7122944 999
1454606137027 316742 51.0497144335873 3.74326258590311 4446672 1001
1454606138027 317742 51.0496516526497 3.74334933137026 3735552 1000
1454606139026 318741 51.0496036520741 3.74341160812191 4587520 999
1454606140026 319741 51.0495762359165 3.74345276441352 5926912 1000
1454606141026 320741 51.0495604158948 3.74347227845909 4532420 1000
1454606142026 321741 51.0495493137551 3.7434826438452 5050076 1000
1454606143026 322741 51.0495420521856 3.7434933213163 3322132 1000
1454606144027 323742 51.0495420521856 3.7434933213163 5588432 1001
1454606145027 324742 51.0495420521856 3.7434933213163 4294648 1000
1454606146027 325742 51.0495420521856 3.7434933213163 4748952 1000
1454606147027 326742 51.0495420521856 3.7434933213163 5292772 1000
1454606148027 327742 51.0495420521856 3.7434933213163 4844836 1000
1454606149026 328741 51.0495420521856 3.7434933213163 3755328 999
1454606150026 329741 51.0495420521856 3.7434933213163 4568572 1000
1454606151026 330741 51.0495420521856 3.7434933213163 3951688 1000
1454606152026 331741 51.0495420521856 3.7434933213163 4042264 1000
1454606153026 332741 51.0495420521856 3.7434933213163 3345424 1000
1454606154027 333742 51.0495420521856 3.7434933213163 3982988 1001
1454606155026 334741 51.0495420521856 3.7434933213163 1788756 999
1454606156026 335741 51.0495420521856 3.7434933213163 4206120 1000
1454606157026 336741 51.0495420521856 3.7434933213163 5877312 1000
1454606158026 337741 51.0495420521856 3.7434933213163 3672264 1000
1454606159026 338741 51.0495420521856 3.7434933213163 3521424 1000
1454606160027 339742 51.0495420521856 3.7434933213163 3904448 1001
1454606161026 340741 51.0495420521856 3.7434933213163 3700208 999
1454606162026 341741 51.0495420521856 3.7434933213163 3818884 1000
1454606163026 342741 51.0495420521856 3.7434933213163 3728836 1000
1454606164026 343741 51.0495420521856 3.7434933213163 3629196 1000
1454606165026 344741 51.0495420521856 3.7434933213163 3682244 1000
1454606166026 345741 51.0495420521856 3.7434933213163 3727276 1000
1454606167026 346741 51.0495420521856 3.7434933213163 3693956 1000
1454606168026 347741 51.0495420521856 3.7434933213163 3837860 1000
1454606169026 348741 51.0495420521856 3.7434933213163 3790220 1000
1454606170027 349742 51.0495420521856 3.7434933213163 4199272 1001
1454606171027 350742 51.0495420521856 3.7434933213163 4106060 1000
1454606172026 351741 51.0495420521856 3.7434933213163 4196272 999
1454606173026 352741 51.0495420521856 3.7434933213163 3986036 1000
1454606174027 353742 51.0495420521856 3.7434933213163 3991428 1001
1454606175026 354741 51.0495420521856 3.7434933213163 4045348 999
1454606176026 355741 51.0495420521856 3.7434933213163 4000864 1000
1454606177026 356741 51.0495420521856 3.7434933213163 4409308 1000
1454606178026 357741 51.0495420521856 3.7434933213163 4120240 1000
1454606179026 358741 51.0495420521856 3.7434933213163 4061628 1000
1454606180027 359742 51.0495420521856 3.7434933213163 3966308 1001
1454606181026 360741 51.0495420521856 3.7434933213163 4819100 999
1454606182026 361741 51.0495336747624 3.74351090725431 4398524 1000
1454606183027 362742 51.0495108922654 3.74352925646848 5165072 1001
1454606184026 363741 51.0494801969804 3.74357097523984 5447732 999
1454606185027 364742 51.0494406605936 3.74361216383152 6026908 1001
1454606186027 365742 51.049397343487 3.74365393082346 6037692 1000
1454606187026 366741 51.0493479988552 3.74369763265416 6095656 999
1454606188026 367741 51.0492898389911 3.7437472764404 5874584 1000
1454606189026 368741 51.049228689835 3.74381481806286 5592308 1000
1454606190026 369741 51.0491599599739 3.74388483356368 5356148 1000
1454606191026 370741 51.0490863765323 3.74395580930735 5857812 1000
1454606192027 371742 51.0490083625301 3.74403547352263 6652432 1001
1454606193026 372741 51.0489238759526 3.74412220869845 6816836 999
1454606194027 373742 51.0488376861779 3.7442126930119 6776344 1001
1454606195027 374742 51.0487513101166 3.74431199811565 6388016 1000
1454606196026 375741 51.0486644667796 3.74441537222943 6928832 999
1454606197026 376741 51.0485806418279 3.74451551132923 7718536 1000
1454606198026 377741 51.0484954361998 3.74460780036229 7949156 1000
1454606199026 378741 51.0484119251684 3.74470448894953 8333336 1000
1454606200026 379741 51.0484119251684 3.74470448894953 9109836 1000
1454606201026 380741 51.0482477928275 3.74489489492352 9224312 1000
1454606202026 381741 51.0481670852654 3.74498276865995 8561900 1000
1454606203027 382742 51.0480871940179 3.7450671174612 8726200 1001
1454606204027 383742 51.0480050692366 3.74514959828354 9816136 1000
1454606205026 384741 51.047926751204 3.74523933257532 9864068 999
1454606206026 385741 51.047926751204 3.74523933257532 9610488 1000
1454606207026 386741 51.0477650915106 3.74541802134023 9177184 1000
1454606208027 387742 51.0476845063141 3.74550671240752 8418260 1001
1454606209026 388741 51.0476845063141 3.74550671240752 8702688 999
1454606210027 389742 51.0475170741757 3.74563888609935 8489704 1001
1454606211026 390741 51.0474257188507 3.7456708045471 8636636 999
1454606212026 391741 51.0473299700646 3.74568806096204 9969808 1000
1454606213026 392741 51.0472297864504 3.74568675572002 10021888 1000
1454606214026 393741 51.0471261518725 3.74566245124095 10887044 1000
1454606215027 394742 51.0470187354809 3.74562030660575 10880952 1001
1454606216026 395741 51.0469107361944 3.74557093196274 10574836 999
1454606217026 396741 51.0468084091993 3.74551542459508 9114260 1000
1454606218026 397741 51.0467050728145 3.74543144965271 9863108 1000
1454606219026 398741 51.0466151746295 3.74533032531056 9385788 1000
1454606220027 399742 51.0465333310581 3.74522906357157 9740052 1001
1454606221026 400741 51.0464436431883 3.74514168430475 10546856 999
1454606222026 401741 51.0463543804139 3.74503579535025 10831308 1000
1454606223026 402741 51.0462645185338 3.74492903159615 11205436 1000
1454606224026 403741 51.0461737064445 3.74482497947005 10189660 1000
1454606225026 404741 51.0460806627988 3.74471328973999 7358600 1000
1454606226026 405741 51.0459888259641 3.74459171227675 8051604 1000
1454606227026 406741 51.0458949564962 3.74446424069653 7702316 1000
1454606228027 407742 51.0458949564962 3.74446424069653 8089944 1001
1454606229026 408741 51.0457084666898 3.74420881163081 9871404 999
1454606230027 409742 51.0456229486552 3.74407120284834 6686988 1001
1454606231026 410741 51.0455442431374 3.74392994611653 6795708 999
1454606232026 411741 51.0455442431374 3.74392994611653 3652380 1000
1454606233026 412741 51.0453833169631 3.74370685685559 4003560 1000
1454606234026 413741 51.0453010153951 3.74358841072606 6526396 1000
1454606235026 414741 51.0452189894314 3.74345918735994 8519108 1000
1454606236026 415741 51.0451350261407 3.74332465407946 6256940 1000
1454606237027 416742 51.0450524180584 3.74318937645308 7628332 1001
1454606238026 417741 51.0449672303466 3.74305358702138 7751652 999
1454606239026 418741 51.0448806916601 3.7429148590532 12424020 1000
1454606240026 419741 51.0447964541984 3.74277421156335 10649516 1000
1454606241026 420741 51.0447086251522 3.74263770442451 10248372 1000
1454606242026 421741 51.0446173420937 3.74250331600963 10150440 1000
1454606243027 422742 51.0445269881215 3.74236558815123 9872752 1001
1454606244027 423742 51.0444367213788 3.74222940150914 9733960 1000
1454606245026 424741 51.0443393788803 3.74209713649179 9733908 999
1454606246026 425741 51.0442370493716 3.74197308613502 8933300 1000
1454606247026 426741 51.044133439015 3.74184810091994 10280392 1000
1454606248032 427747 51.0440299960898 3.74172262440139 11259512 1006
1454606249026 428741 51.043927943769 3.74159990512225 12801888 994
1454606250026 429741 51.0438282519365 3.74148004651845 11121400 1000
1454606251026 430741 51.0437296907098 3.74136179982607 11313844 1000
1454606252026 431741 51.0436301256991 3.74124809712174 10849620 1000
1454606253026 432741 51.0436301256991 3.74124809712174 10472116 1000
1454606254027 433742 51.0434220440339 3.74104832878905 8754060 1001
1454606255026 434741 51.0433213130109 3.74095905206005 8292896 999
1454606256026 435741 51.0433213130109 3.74095905206005 5716868 1000
1454606257026 436741 51.0431235020331 3.74079099123585 9861320 1000
1454606258026 437741 51.0430130541997 3.74071349291009 7879008 1000
1454606259027 438742 51.0429163456096 3.74062287223654 5438612 1001
1454606260026 439741 51.0428249937825 3.74052615050748 5414136 999
1454606261026 440741 51.0427247156467 3.74043711340718 4424188 1000
1454606262027 441742 51.0426245126734 3.74034925705182 5295184 1001
1454606263026 442741 51.0425211623835 3.74026088241537 7944120 999
1454606264026 443741 51.0425211623835 3.74026088241537 5810580 1000
1454606265026 444741 51.0423227217041 3.74007000034225 4540712 1000
1454606266026 445741 51.042225476099 3.73997877780885 6742696 1000
1454606267027 446742 51.042131980131 3.73988703100475 4331124 1001
1454606268026 447741 51.0420427245806 3.73979640124098 4485652 999
1454606269026 448741 51.0419562588226 3.73970503900396 5908076 1000
1454606270026 449741 51.0418687662404 3.73961327070234 6052520 1000
1454606271027 450742 51.041779283967 3.73952201389755 7118952 1001
1454606272026 451741 51.0416845887824 3.73942808550767 8040656 999
1454606273026 452741 51.0415857033333 3.73933190836409 8994712 1000
1454606274026 453741 51.0414875564467 3.73923636353217 7875508 1000
1454606275026 454741 51.0413925340346 3.73914296155325 7664728 1000
1454606276027 455742 51.0412965443543 3.73904663604413 8308580 1001
1454606277026 456741 51.0411961548441 3.73895052190019 8804280 999
1454606278026 457741 51.0410936366722 3.7388570799263 8441176 1000
1454606279026 458741 51.0409900406055 3.73876751034471 7724040 1000
1454606280026 459741 51.040882369374 3.73868569681287 7595384 1000
1454606281026 460741 51.0407709529622 3.73861484008601 7604664 1000
1454606282026 461741 51.0406588715136 3.73855180871356 6934216 1000
1454606283026 462741 51.0405473050521 3.73849332909362 6183224 1000
1454606284027 463742 51.0404381120752 3.73844286972194 6448548 1001
1454606285026 464741 51.0403300627857 3.73839513368083 6790808 999
1454606286026 465741 51.0402232719262 3.73834943099375 6245180 1000
1454606287026 466741 51.0401180422133 3.73829769271791 7589240 1000
1454606288027 467742 51.0401180422133 3.73829769271791 11021248 1001
