1452002003586 840 51.0364032221166 3.73591233842835 1766452 840
1452002004586 1840 51.0364032221166 3.73591233842835 2810698 1000
1452002005586 2840 51.0364032221166 3.73591233842835 3227852 1000
1452002006586 3840 51.0364032221166 3.73591233842835 4132442 1000
1452002007586 4840 51.0364032221166 3.73591233842835 2942908 1000
1452002008586 5840 51.0364074841202 3.73593806455086 3723300 1000
1452002009586 6840 51.0364080944691 3.73597694856669 4012200 1000
1452002010586 7840 51.0364087149972 3.73600572258766 3935600 1000
1452002011586 8840 51.0364153119746 3.73602410517002 4163050 1000
1452002012586 9840 51.036421375502 3.73606286288368 4410450 1000
1452002013586 10840 51.0364337612367 3.73611457004803 3910950 1000
1452002014587 11841 51.0364437412124 3.73617225890619 3402350 1001
1452002015586 12840 51.0364517430833 3.73621938874165 3882250 999
1452002016586 13840 51.036459575303 3.73625898777904 4118850 1000
1452002017587 14841 51.0364743047941 3.73630281155206 4623750 1001
1452002018586 15840 51.0364918820442 3.73634230735192 5448950 999
1452002019587 16841 51.0365006371853 3.73639894266696 5742550 1001
1452002020586 17840 51.0365071520348 3.73645151772605 5447600 999
1452002021586 18840 51.0365126892455 3.73650851508574 4823200 1000
1452002022586 19840 51.0365219946753 3.73656625838021 4445212 1000
1452002023586 20840 51.0365275485 3.73663332522458 5274788 1000
1452002024586 21840 51.0365376060497 3.73670259675643 4755048 1000
1452002025586 22840 51.0365571249232 3.73677474081135 5325422 1000
1452002026587 23841 51.0365742032754 3.73684103806382 4864682 1001
1452002027586 24840 51.0365979245191 3.73689400274879 3132000 999
1452002028587 25841 51.0366267817567 3.73693012202913 3989250 1001
1452002029587 26841 51.0366560192265 3.73695909774586 4203900 1000
1452002030586 27840 51.0366863930711 3.73698413541799 5427000 999
1452002031586 28840 51.0367080943026 3.73702394895379 5369298 1000
1452002032586 29840 51.0367309623967 3.73705429170118 2279802 1000
1452002033586 30840 51.0367523885189 3.73709422165527 3159000 1000
1452002034586 31840 51.0367715388418 3.73714498936202 4056750 1000
1452002035586 32840 51.0367932680249 3.73719813208759 3483000 1000
1452002036586 33840 51.0368210658539 3.73724664237649 2447900 1000
1452002037586 34840 51.0368545575985 3.73727856972186 3694738 1000
1452002038587 35841 51.0369103813097 3.7373405589296 2175456 1001
1452002039587 36841 51.0369103813097 3.7373405589296 2017506 1000
1452002040586 37840 51.0369099144836 3.73737698906525 3067200 999
1452002041586 38840 51.0369196758728 3.73738731850339 2864746 1000
1452002042586 39840 51.0369196758728 3.73738731850339 2444802 1000
1452002043586 40840 51.0369274942793 3.73737871550894 2479952 1000
1452002044586 41840 51.0369332205526 3.7373552159592 3868678 1000
1452002045586 42840 51.0369284859279 3.73733934533433 3556322 1000
1452002046587 43841 51.0369429713202 3.73732125296669 2112750 1001
1452002047586 44840 51.0369429713202 3.73732125296669 2482650 999
1452002048586 45840 51.0369429713202 3.73732125296669 3312900 1000
1452002049587 46841 51.0371533232923 3.73712970290522 4364550 1001
1452002050586 47840 51.0371533232923 3.73712970290522 1540350 999
1452002051586 48840 51.0372804198681 3.73701487912674 2010150 1000
1452002052586 49840 51.0373505398369 3.73695948485881 1449900 1000
1452002053586 50840 51.0373505398369 3.73695948485881 992250 1000
1452002054586 51840 51.0374159059244 3.73691395593417 3477600 1000
1452002055586 52840 51.0374631962684 3.73688474401367 2685026 1000
1452002056586 53840 51.0375072865597 3.7368641809437 3286438 1000
1452002057586 54840 51.0375534615113 3.73683231241914 3044112 1000
1452002058587 55841 51.0376057509693 3.73679711586308 2719128 1001
1452002059586 56840 51.0376545247983 3.73676847268689 5636082 999
1452002060587 57841 51.0377006589488 3.73673716500479 4842244 1001
1452002061586 58840 51.0377384307481 3.73670638373728 4087808 999
1452002062586 59840 51.0378285291735 3.73664876285757 3925662 1000
1452002063586 60840 51.0378285291735 3.73664876285757 3180784 1000
1452002064586 61840 51.0378766989311 3.73662104874876 4766758 1000
1452002065587 62841 51.0379241083292 3.7365930200195 5852764 1001
1452002066586 63840 51.037971417783 3.73656290358272 3254272 999
1452002067586 64840 51.0380208876918 3.73654358361493 3002978 1000
1452002068587 65841 51.038067799455 3.73652006971819 1697300 1001
1452002069587 66841 51.0381124802061 3.73649962204356 1718898 1000
1452002070587 67841 51.0381948044821 3.73646100343405 2234902 1000
1452002071586 68840 51.0381948044821 3.73646100343405 1690212 999
1452002072586 69840 51.0381948044821 3.73646100343405 3102622 1000
1452002073586 70840 51.0382650596294 3.73642967087283 3131338 1000
1452002074586 71840 51.0382971955686 3.73641095824636 6043256 1000
1452002075586 72840 51.038324775233 3.736389493597 4979822 1000
1452002076587 73841 51.0383501015061 3.73636970323215 905722 1001
1452002077587 74841 51.0383501015061 3.73636970323215 3653632 1000
1452002078586 75840 51.0383860063211 3.73634924148329 7135232 999
1452002079586 76840 51.0383860063211 3.73634924148329 6095082 1000
1452002080587 77841 51.0383874170722 3.73632599920982 5833264 1001
1452002081586 78840 51.0383874170722 3.73632599920982 2936324 999
1452002082587 79841 51.0383874170722 3.73632599920982 5449728 1001
1452002083587 80841 51.0383874170722 3.73632599920982 6521300 1000
1452002084586 81840 51.0383874170722 3.73632599920982 4727858 999
1452002085586 82840 51.0383874170722 3.73632599920982 4201910 1000
1452002086586 83840 51.0383874170722 3.73632599920982 3403900 1000
1452002087586 84840 51.0383874170722 3.73632599920982 5537792 1000
1452002088587 85841 51.0383874170722 3.73632599920982 5099878 1001
1452002089586 86840 51.0383874170722 3.73632599920982 5244378 999
1452002090586 87840 51.0383874170722 3.73632599920982 5351424 1000
1452002091587 88841 51.0383874170722 3.73632599920982 4246560 1001
1452002092586 89840 51.0383874170722 3.73632599920982 4874240 999
1452002093586 90840 51.0383874170722 3.73632599920982 6713344 1000
1452002094586 91840 51.0383874170722 3.73632599920982 6519150 1000
1452002095587 92841 51.0383874170722 3.73632599920982 5557890 1001
1452002096587 93841 51.0383874170722 3.73632599920982 3602268 1000
1452002097586 94840 51.0383874170722 3.73632599920982 4542464 999
1452002098586 95840 51.0383874170722 3.73632599920982 6433244 1000
1452002099586 96840 51.0384067260617 3.73630762941255 4468060 1000
1452002100587 97841 51.0384214125373 3.73630207632234 5002322 1001
1452002101586 98840 51.0384402498293 3.73630172306482 3438802 999
1452002102586 99840 51.038469274106 3.7362996690616 4771840 1000
1452002103586 100840 51.0384967797204 3.73628714418521 6416384 1000
1452002104586 101840 51.0385210048834 3.73625807656227 5486824 1000
1452002105587 102841 51.0385415822514 3.73623410217399 5111312 1001
1452002106586 103840 51.0385620498467 3.7362155071846 4411508 999
1452002107586 104840 51.0385822783513 3.73619994053962 3723264 1000
1452002108586 105840 51.0385960400599 3.73618424460171 6449344 1000
1452002109586 106840 51.0386081255945 3.7361663131542 4849256 1000
1452002110586 107840 51.0386081255945 3.7361663131542 5403120 1000
1452002111586 108840 51.0386081255945 3.7361663131542 2584652 1000
1452002112586 109840 51.0386081255945 3.7361663131542 4489216 1000
1452002113586 110840 51.0386081255945 3.7361663131542 4873976 1000
1452002114587 111841 51.0386081255945 3.7361663131542 4659156 1001
1452002115587 112841 51.0386081255945 3.7361663131542 5206674 1000
1452002116587 113841 51.0386081255945 3.7361663131542 3730202 1000
1452002117586 114840 51.0386081255945 3.7361663131542 4421632 999
1452002118586 115840 51.0386081255945 3.7361663131542 5450576 1000
1452002119587 116841 51.0386081255945 3.7361663131542 3763834 1001
1452002120586 117840 51.0386081255945 3.7361663131542 3666014 999
1452002121586 118840 51.0386081255945 3.7361663131542 3453698 1000
1452002122586 119840 51.0386081255945 3.7361663131542 4758594 1000
1452002123586 120840 51.0386081255945 3.7361663131542 4177860 1000
1452002124586 121840 51.0386081255945 3.7361663131542 2581090 1000
1452002125587 122841 51.0386081255945 3.7361663131542 4946006 1001
1452002126586 123840 51.0386081255945 3.7361663131542 4064480 999
1452002127586 124840 51.0386081255945 3.7361663131542 4189354 1000
1452002128587 125841 51.0386081255945 3.7361663131542 3712936 1001
1452002129586 126840 51.0386081255945 3.7361663131542 3719168 999
1452002130587 127841 51.0386272535635 3.73615466506976 6156288 1001
1452002131586 128840 51.0386433795166 3.73614232818497 4627698 999
1452002132586 129840 51.03865756014 3.73612357346087 3813376 1000
1452002133586 130840 51.0386696406183 3.73608852640721 6569984 1000
1452002134587 131841 51.0386840662885 3.73604744934591 6428672 1001
1452002135586 132840 51.0386967747816 3.73599984473897 6100992 999
1452002136587 133841 51.0387097601222 3.73596526930413 5095370 1001
1452002137587 134841 51.0387332568235 3.73593015570976 3018752 1000
1452002138586 135840 51.0387712741932 3.7359024157787 6496256 999
1452002139587 136841 51.0388087946672 3.7358796775667 6663578 1001
1452002140587 137841 51.0388408988498 3.73586046773503 3908442 1000
1452002141586 138840 51.0388802074083 3.73583767064388 2944508 999
1452002142586 139840 51.0389136016584 3.73581521611559 2978836 1000
1452002143586 140840 51.0389611357981 3.73573989926047 2825816 1000
1452002144587 141841 51.039002561417 3.73569078855271 2114100 1001
1452002145586 142840 51.0390492774783 3.73564445474045 1326396 999
1452002146586 143840 51.0390977498057 3.73560080997639 1585086 1000
1452002147587 144841 51.039139741048 3.73556230971121 1133118 1001
1452002148587 145841 51.039139741048 3.73556230971121 985538 1000
1452002149586 146840 51.0391824614606 3.73552840152487 1745512 999
1452002150586 147840 51.0392274629761 3.73549903502972 3099600 1000
1452002151586 148840 51.0392724172745 3.7354706836418 3582514 1000
1452002152586 149840 51.0393157976135 3.73544270976553 4380000 1000
1452002153586 150840 51.0393593819055 3.73542198266051 4218060 1000
1452002154586 151840 51.0393948093628 3.73540422402166 3282978 1000
1452002155586 152840 51.0394297408931 3.73538772618953 2967154 1000
1452002156587 153841 51.0394571424727 3.73536966333282 2616380 1001
1452002157586 154840 51.0394762731484 3.73536406476095 3193600 999
1452002158586 155840 51.0394762731484 3.73536406476095 4233468 1000
1452002159586 156840 51.0395004747252 3.73536377477033 3207612 1000
1452002160587 157841 51.0395004747252 3.73536377477033 3543738 1001
1452002161586 158840 51.0395228027815 3.73536838258906 3593462 999
1452002162586 159840 51.0395440740539 3.73537357872189 3418112 1000
1452002163586 160840 51.0395688529683 3.73538809875302 6029312 1000
1452002164586 161840 51.0395863402104 3.73541660401396 5572608 1000
1452002165586 162840 51.0396006269493 3.73544865825612 5959680 1000
1452002166586 163840 51.0396109047114 3.7354823982163 5017192 1000
1452002167586 164840 51.0396159276422 3.73551314544382 2322220 1000
1452002168587 165841 51.0396045554636 3.73554416141449 4650840 1001
1452002169586 166840 51.039587861613 3.7355895154927 3469144 999
1452002170586 167840 51.0395716131309 3.73563387079784 3603526 1000
1452002171587 168841 51.0395675167295 3.73565082737012 2635200 1001
1452002172586 169840 51.0395675167295 3.73565082737012 2167992 999
1452002173586 170840 51.0395581720822 3.73566670670476 3714100 1000
1452002174586 171840 51.0395581720822 3.73566670670476 2680958 1000
1452002175586 172840 51.0395665010846 3.73570297550405 2274748 1000
1452002176587 173841 51.0395665010846 3.73570297550405 2786440 1001
1452002177586 174840 51.0395665010846 3.73570297550405 3742576 999
1452002178586 175840 51.0395665010846 3.73570297550405 2249384 1000
1452002179587 176841 51.0396178027923 3.73591108984053 2630452 1001
1452002180586 177840 51.0396349246305 3.73596115963441 2393550 999
1452002181586 178840 51.0396559986547 3.73601452877174 3662550 1000
1452002182587 179841 51.0396770887625 3.73606342497515 3171498 1001
1452002183586 180840 51.0397068558766 3.73609818375107 1837674 999
1452002184586 181840 51.0397275973569 3.7361477088029 4418530 1000
1452002185587 182841 51.0397309244577 3.73618531492439 2328032 1001
1452002186586 183840 51.0397382664961 3.73620384691496 1982564 999
1452002187587 184841 51.0397508764397 3.73619257882361 2940674 1001
1452002188586 185840 51.0398452840709 3.73619126616647 2889930 999
1452002189587 186841 51.0398452840709 3.73619126616647 1476246 1001
1452002190587 187841 51.039904251772 3.73621409997266 3675354 1000
1452002191586 188840 51.0399666585134 3.73624142866755 3405952 999
1452002192586 189840 51.0400367674029 3.73626694569722 3265080 1000
1452002193587 190841 51.0400367674029 3.73626694569722 3097580 1001
1452002194586 191840 51.0401865034004 3.73628106863533 2091314 999
1452002195587 192841 51.0402503463041 3.73627521557936 2581696 1001
1452002196586 193840 51.0403162688447 3.73625986740871 2936928 999
1452002197587 194841 51.0403760854052 3.73624159263872 2751300 1001
1452002198586 195840 51.0403760854052 3.73624159263872 2469998 999
1452002199586 196840 51.0405010531446 3.7361912973953 2639752 1000
1452002200586 197840 51.0405586094138 3.73614994475999 2991600 1000
1452002201586 198840 51.0406184206541 3.73611182163613 2276512 1000
1452002202586 199840 51.0406750990821 3.73609465297085 2626036 1000
1452002203587 200841 51.040729859473 3.73608066155714 3445402 1001
1452002204586 201840 51.0407828982025 3.73608086232835 3994806 999
1452002205586 202840 51.0408451216095 3.73607831450927 3899420 1000
1452002206587 203841 51.0409084293164 3.73606695383069 4773456 1001
1452002207586 204840 51.0409785164062 3.73605090037879 3811478 999
1452002208586 205840 51.041040545264 3.73603985283427 5108378 1000
1452002209586 206840 51.0411043114523 3.73602890091331 3832210 1000
1452002210586 207840 51.0411648512157 3.73601459162961 5252702 1000
1452002211586 208840 51.0412261934257 3.73598806250383 4565758 1000
1452002212586 209840 51.0412884777026 3.73595106962158 2767380 1000
1452002213586 210840 51.0413461766987 3.73590725709804 5937152 1000
1452002214586 211840 51.0414047716751 3.73587245120711 5264458 1000
1452002215587 212841 51.0414622733621 3.73583723534116 3991378 1001
1452002216586 213840 51.0415830151303 3.73575770341526 2660824 999
1452002217587 214841 51.0416533494679 3.73569705114937 1604498 1001
1452002218587 215841 51.0417179608228 3.73564703595463 1423552 1000
1452002219587 216841 51.0417179608228 3.73564703595463 1902602 1000
1452002220587 217841 51.0418391859503 3.73557833360348 1691144 1000
1452002221586 218840 51.0418947987002 3.73555045457923 1792754 999
1452002222586 219840 51.0419504268591 3.73552827647968 1744550 1000
1452002223586 220840 51.0419504268591 3.73552827647968 1120148 1000
1452002224586 221840 51.0420093946738 3.73550229922437 3312730 1000
1452002225587 222841 51.0420707517523 3.73548619330565 3771374 1001
1452002226586 223840 51.0421324846118 3.73546069314924 4066944 999
1452002227586 224840 51.0421925823295 3.73543212084152 3415680 1000
1452002228586 225840 51.0422553110776 3.73540322495728 3309274 1000
1452002229587 226841 51.0423186862297 3.73537771105071 2830300 1001
1452002230586 227840 51.0423830143307 3.73534945178472 2481950 999
1452002231587 228841 51.0424452660392 3.73532012544563 3130138 1001
1452002232586 229840 51.0425089176337 3.73529389955743 3411124 999
1452002233586 230840 51.0425714741649 3.73525714012794 3346316 1000
1452002234586 231840 51.042633956416 3.73522122487819 2249200 1000
1452002235587 232841 51.0426923398854 3.73518056833082 2741066 1001
1452002236586 233840 51.0427494270326 3.7351137024449 2841438 999
1452002237586 234840 51.0428084968591 3.73504843891499 3301568 1000
1452002238586 235840 51.0428624152285 3.73498614286625 2573114 1000
1452002239586 236840 51.0429182066076 3.73489493237838 2834750 1000
1452002240586 237840 51.0429725760957 3.73478127649885 3313138 1000
1452002241586 238840 51.0430267997037 3.73465274507127 3381750 1000
1452002242587 239841 51.0430776591068 3.73456417720479 3310200 1001
1452002243587 240841 51.0431299924922 3.73449728089019 4809946 1000
1452002244586 241840 51.0431979404464 3.73446148627094 4973420 999
1452002245586 242840 51.0432574602604 3.73443379911515 5967872 1000
1452002246586 243840 51.0433804978143 3.73436153137085 5720064 1000
1452002247587 244841 51.0434378083776 3.73432865461641 3667320 1001
1452002248586 245840 51.043489791143 3.73430677299845 2899968 999
1452002249586 246840 51.0435333688405 3.73428046071898 4634744 1000
1452002250586 247840 51.0435800947865 3.73425441046406 3101060 1000
1452002251586 248840 51.0436301762315 3.73422454548004 2020858 1000
1452002252586 249840 51.0436301762315 3.73422454548004 3082050 1000
1452002253587 250841 51.0437323846091 3.73413095019099 3547414 1001
1452002254586 251840 51.0437868956384 3.7341055238769 2604536 999
1452002255587 252841 51.0438360506043 3.73408330484391 2484632 1001
1452002256586 253840 51.04388657273 3.73405158505999 2769568 999
1452002257586 254840 51.043935561419 3.73403153357843 2553006 1000
1452002258587 255841 51.0439752253507 3.73401657729374 3447204 1001
1452002259586 256840 51.0440159960568 3.73399813130531 3653732 999
1452002260587 257841 51.0440556094568 3.73398650204578 3120670 1001
1452002261587 258841 51.04408941437 3.73397628439216 3504232 1000
1452002262586 259840 51.0441119045087 3.73396524998167 3271860 999
1452002263586 260840 51.0441328826207 3.73395587769965 3389982 1000
1452002264586 261840 51.0441547841946 3.73393373461498 2832854 1000
1452002265586 262840 51.0441839006598 3.73391893924514 3859442 1000
1452002266586 263840 51.0442254838554 3.73390912612632 3785984 1000
1452002267588 264842 51.0442752231362 3.73388252338594 3999126 1002
1452002268586 265840 51.0443443664029 3.73385725926135 4395008 998
1452002269587 266841 51.0444026162041 3.73384467005528 5455628 1001
1452002270587 267841 51.0444684118468 3.73384286082115 5550536 1000
1452002271586 268840 51.0445368235909 3.73385129498571 5710712 999
1452002272587 269841 51.0446210397453 3.73386069111099 4134324 1001
1452002273588 270842 51.0447039560125 3.73386575340186 3457024 1001
1452002274587 271841 51.0447703374991 3.73386957604024 6762496 999
1452002275586 272840 51.0448317186479 3.7338529735322 5890048 999
1452002276586 273840 51.044887760934 3.73383655558328 5865472 1000
1452002277586 274840 51.044953052016 3.73384539796432 5693440 1000
1452002278586 275840 51.0450204193113 3.73382931303342 3682304 1000
1452002279586 276840 51.045088093487 3.73381641708831 5183488 1000
1452002280586 277840 51.0451475857043 3.7338075614439 6780928 1000
1452002281587 278841 51.0452094885327 3.73379385273045 6086656 1001
1452002282587 279841 51.0452759570613 3.73377479005545 5464802 1000
1452002283586 280840 51.0453359716344 3.73375112359814 2998272 999
1452002284587 281841 51.0453905866263 3.73371540267695 5638144 1001
1452002285586 282840 51.0454436849889 3.73369728537199 6330368 999
1452002286586 283840 51.0454941329678 3.73365367728505 6153338 1000
1452002287586 284840 51.0455515934015 3.73363621730511 4812800 1000
1452002288587 285841 51.0456100054558 3.73360524573184 2727936 1001
1452002289587 286841 51.0456100054558 3.73360524573184 6676480 1000
1452002290586 287840 51.0457246418854 3.73356935264213 6572032 999
1452002291586 288840 51.0457826861123 3.73353926705121 5947392 1000
1452002292586 289840 51.0458350964864 3.73351312859984 5373164 1000
1452002293587 290841 51.0458904417794 3.73348849885493 3186688 1001
1452002294586 291840 51.0459568038347 3.73346496613187 6512640 999
1452002295587 292841 51.0460201936686 3.73344711227895 6541312 1001
1452002296586 293840 51.0460794418512 3.73343107151603 5935784 999
1452002297586 294840 51.0461262810033 3.73339659586086 5966856 1000
1452002298586 295840 51.046182779429 3.7333668274046 2744320 1000
1452002299586 296840 51.046235313443 3.73333457480007 5826560 1000
1452002300586 297840 51.0462773281047 3.73330838529168 5920768 1000
1452002301586 298840 51.0463227552921 3.73327752909526 6443008 1000
1452002302587 299841 51.0463644298344 3.73320035945654 5730304 1001
1452002303587 300841 51.0464099749773 3.73315466721894 2727936 1000
1452002304586 301840 51.0464502327887 3.73312995474523 6414336 999
1452002305586 302840 51.0464892329167 3.73311408160553 6643712 1000
1452002306586 303840 51.0465289931443 3.73306418053673 5912576 1000
1452002307586 304840 51.0465652462517 3.7330419130949 5308922 1000
1452002308586 305840 51.0465933702108 3.7330210547977 3981312 1000
1452002309586 306840 51.0466214503827 3.73298911897585 6172672 1000
1452002310586 307840 51.0466446533012 3.73298022553936 6591756 1000
1452002311586 308840 51.046666136555 3.73296943730641 4084882 1000
1452002312586 309840 51.0466853532718 3.73295996702133 3471996 1000
1452002313586 310840 51.0467130864928 3.73293314696198 3511390 1000
1452002314586 311840 51.0467569032805 3.7329034551774 3903790 1000
1452002315587 312841 51.0468017582772 3.73287449752733 4094550 1001
1452002316586 313840 51.046855247439 3.73284247747497 4531576 999
1452002317586 314840 51.0469059962415 3.73281212594596 3896474 1000
1452002318586 315840 51.0469511665939 3.73278430281057 2695952 1000
1452002319587 316841 51.0469957678634 3.73275544197705 1846800 1001
1452002320586 317840 51.0470410956452 3.73272229835579 3195448 999
1452002321586 318840 51.0470853398501 3.73268803560165 3904292 1000
1452002322586 319840 51.0471369474348 3.73265877158493 4166646 1000
1452002323586 320840 51.0471863926529 3.73262837397344 3738922 1000
1452002324586 321840 51.0472346674279 3.73260542156172 5934626 1000
1452002325586 322840 51.0472799483635 3.7325896324009 4438716 1000
1452002326586 323840 51.0473140814349 3.73256266930235 4777222 1000
1452002327587 324841 51.0473512055594 3.73253343362435 4170576 1001
1452002328587 325841 51.0473512055594 3.73253343362435 3331726 1000
1452002329586 326840 51.0474279856639 3.73244322330697 5709824 999
1452002330586 327840 51.04746078945 3.73240371328014 4419136 1000
1452002331586 328840 51.047484818887 3.73236728528756 5882160 1000
1452002332587 329841 51.0475124463533 3.73234185336983 4801826 1001
1452002333587 330841 51.047541570985 3.73230860001361 3415826 1000
1452002334586 331840 51.0475789676889 3.73228148132521 5980160 999
1452002335586 332840 51.0476202151112 3.73226670376516 6785024 1000
1452002336587 333841 51.0476565696741 3.73225087664657 5868068 1001
1452002337586 334840 51.0476997161808 3.73223417636069 5983706 999
1452002338586 335840 51.0477478924959 3.73220953161096 4447316 1000
1452002339586 336840 51.0477934089144 3.73219042244806 4302848 1000
1452002340586 337840 51.0478417803317 3.73218129676063 7159808 1000
1452002341586 338840 51.0478931415774 3.73216369636853 6178682 1000
1452002342586 339840 51.0479437042411 3.7321430349397 5308718 1000
1452002343586 340840 51.0479997580951 3.73213189431993 4121860 1000
1452002344586 341840 51.0480541217983 3.73212616392438 4534272 1000
1452002345586 342840 51.0481020074157 3.73212503111307 6848512 1000
1452002346586 343840 51.0481467024511 3.73210982448796 6534412 1000
1452002347586 344840 51.0481974491132 3.73207706282707 4947186 1000
1452002348586 345840 51.0481974491132 3.73207706282707 3934208 1000
1452002349586 346840 51.0483010410409 3.73202297386251 5081088 1000
1452002350586 347840 51.048348628599 3.73199338759633 7391232 1000
1452002351586 348840 51.0483955645874 3.73195848495787 5758322 1000
1452002352586 349840 51.0484422851713 3.7319337768726 6226040 1000
1452002353586 350840 51.0484845461378 3.73191710964319 4710176 1000
1452002354586 351840 51.0485114577117 3.73187948086455 3997696 1000
1452002355586 352840 51.0485287490094 3.73184411552742 7120896 1000
1452002356586 353840 51.0485451632907 3.73179990155859 6469496 1000
1452002357586 354840 51.0485552175623 3.73174944911086 5373340 1000
1452002358586 355840 51.0485667467504 3.73171493186228 3928470 1000
1452002359587 356841 51.0485733826999 3.73167890117854 4210688 1001
1452002360586 357840 51.0485812215624 3.73165318491734 6626238 999
1452002361586 358840 51.0485848199765 3.73162710699504 5637088 1000
1452002362586 359840 51.0485901996766 3.73160384931398 5148770 1000
1452002363586 360840 51.0486054987592 3.73158766163436 3686864 1000
1452002364586 361840 51.0486204951122 3.73155740743853 5120000 1000
1452002365586 362840 51.0486403581509 3.73153781546405 7319552 1000
1452002366587 363841 51.0486699037437 3.73151826332739 6463974 1001
1452002367586 364840 51.0487122303531 3.7314895537807 5908958 999
1452002368586 365840 51.0487572013974 3.73145617873543 3936838 1000
1452002369586 366840 51.0487990838442 3.73142702671747 3817472 1000
1452002370586 367840 51.0488379270491 3.73139181962229 7485440 1000
1452002371586 368840 51.0488698504151 3.73135220818363 5939878 1000
1452002372586 369840 51.0488979280673 3.73131567878603 5976274 1000
1452002373586 370840 51.0489266221833 3.73128465284361 3517878 1000
1452002374586 371840 51.0489499160759 3.73126126332284 4771840 1000
1452002375586 372840 51.0489714123263 3.73124088616647 7149568 1000
1452002376586 373840 51.0489992904491 3.73121928098076 5678410 1000
1452002377587 374841 51.0490254118835 3.7311971131152 6124780 1001
1452002378587 375841 51.0490495131655 3.7311784413626 3837900 1000
1452002379586 376840 51.0490785077395 3.73116374265765 4423680 999
1452002380586 377840 51.0491075655414 3.73114453931771 7221248 1000
1452002381586 378840 51.04913499981 3.73112499899261 6320940 1000
1452002382586 379840 51.0491626117323 3.73109535207703 5769500 1000
1452002383586 380840 51.0491890039143 3.73106719846733 5042422 1000
1452002384586 381840 51.0492132775409 3.73104696953805 3727360 1000
1452002385586 382840 51.0492374820728 3.73102915713106 7077888 1000
1452002386586 383840 51.049260444831 3.73100943770053 6624162 1000
1452002387586 384840 51.0492773543991 3.73098534149697 5803574 1000
1452002388586 385840 51.0492854780384 3.73095423050668 4669268 1000
1452002389586 386840 51.0492985904976 3.73093161860849 3428352 1000
1452002390586 387840 51.0493113433095 3.73091151151197 7112704 1000
1452002391586 388840 51.049325656063 3.73089939611366 5129684 1000
1452002392587 389841 51.049336884776 3.73088553446005 4977838 1001
1452002393586 390840 51.0493442858624 3.73087015546611 2628314 999
1452002394586 391840 51.0493536731042 3.7308683936881 4691968 1000
1452002395587 392841 51.0493536731042 3.7308683936881 5900486 1001
1452002396586 393840 51.049362163614 3.73086078981592 3625238 999
1452002397586 394840 51.0493789836086 3.73084558002821 3627002 1000
1452002398586 395840 51.0493888244484 3.73082365820006 2610102 1000
1452002399586 396840 51.0494054204088 3.73080299194103 3629624 1000
1452002400586 397840 51.0494252342119 3.73078863306652 3051402 1000
1452002401586 398840 51.0494419334132 3.73078094766924 2686520 1000
1452002402587 399841 51.0494419334132 3.73078094766924 3335132 1001
1452002403587 400841 51.0494611167377 3.73078131538823 3106350 1000
1452002404586 401840 51.0494870003413 3.73077292685381 2756842 999
1452002405586 402840 51.0495098593298 3.73076424407127 2560174 1000
1452002406586 403840 51.0495309972963 3.73073500783713 2646000 1000
1452002407586 404840 51.0495617335189 3.730710834664 2307152 1000
1452002408586 405840 51.0496000178047 3.73069011196347 2436750 1000
1452002409586 406840 51.0496401923314 3.73066939839455 2515050 1000
1452002410586 407840 51.0496767965742 3.73065064746964 2728350 1000
1452002411586 408840 51.0497088556581 3.73063193920279 2358450 1000
1452002412586 409840 51.0497372258861 3.73060851042408 2178898 1000
1452002413586 410840 51.0497673757774 3.73058932726538 1315076 1000
1452002414586 411840 51.0497987027346 3.73057439693542 1780476 1000
1452002415586 412840 51.0498240110893 3.7305534236826 1422900 1000
1452002416586 413840 51.0498463674472 3.73051544069597 1252848 1000
1452002417586 414840 51.0498901124468 3.73047336484833 220002 1000
1452002418586 415840 51.0499403124456 3.73043761946091 1373042 1000
1452002419586 416840 51.0499974365216 3.73040871377795 2072158 1000
1452002420586 417840 51.0500527517646 3.73037738740359 2064150 1000
1452002421586 418840 51.0501045822981 3.73035172117055 2748738 1000
1452002422586 419840 51.0501523239027 3.73032262293705 2548662 1000
1452002423586 420840 51.0502030462476 3.73028571006594 1795500 1000
1452002424587 421841 51.0502503399218 3.73024331778043 1498850 1001
1452002425586 422840 51.050291693255 3.73020310275237 1047600 999
1452002426586 423840 51.0503256697372 3.73016674471816 985150 1000
1452002427587 424841 51.0503532924736 3.73013246939117 778950 1001
1452002428586 425840 51.0503793935552 3.73009125831371 1440452 999
1452002429586 426840 51.0504057359858 3.73004766772127 1472132 1000
1452002430587 427841 51.0504309630667 3.73000605914766 1421268 1001
1452002431586 428840 51.0504581632791 3.72996576156641 912248 999
1452002432586 429840 51.0504850843651 3.72991609225905 996302 1000
1452002433587 430841 51.0505192805539 3.72986650521753 1425600 1001
1452002434587 431841 51.050560937309 3.72982082065325 1628098 1000
1452002435586 432840 51.0506072108271 3.72977659013213 1466102 999
1452002436586 433840 51.0506523310008 3.72972711727233 942300 1000
1452002437586 434840 51.050696608552 3.72967543895442 1439098 1000
1452002438586 435840 51.0507388482955 3.72961699787163 1462050 1000
1452002439586 436840 51.0507785979805 3.72955700287735 1452602 1000
1452002440586 437840 51.0508168659779 3.72949843722118 1776600 1000
1452002441586 438840 51.0508574315908 3.72944814342552 1396598 1000
1452002442586 439840 51.0509020516008 3.72938801962565 1222402 1000
1452002443586 440840 51.0509509070486 3.72932433698292 1308148 1000
1452002444586 441840 51.0510065701624 3.72926416852932 2138400 1000
1452002445586 442840 51.0510638505969 3.72920786985182 1530928 1000
1452002446586 443840 51.051118324721 3.72915652673417 1560586 1000
1452002447587 444841 51.0511677621127 3.72911088724049 1534938 1001
1452002448586 445840 51.0512118380513 3.72906870135167 1130970 999
1452002449586 446840 51.0512462029402 3.72902238480367 2257530 1000
1452002450586 447840 51.0512836711973 3.72899092298789 2407748 1000
1452002451586 448840 51.0513157307842 3.72894502952332 2154534 1000
1452002452586 449840 51.0513443605991 3.72889320963051 2001768 1000
1452002453587 450841 51.0513700792646 3.72884113539898 713800 1001
1452002454586 451840 51.051396133108 3.72879170328547 1605894 999
1452002455586 452840 51.0514304711478 3.72876524297862 2458956 1000
1452002456586 453840 51.0514655153728 3.72873441909476 2572494 1000
1452002457587 454841 51.0514939258059 3.72869811850405 2461656 1001
1452002458586 455840 51.05152341608 3.72866088037881 3370296 999
1452002459587 456841 51.0515484095613 3.72861439525009 4488052 1001
1452002460586 457840 51.0516138829409 3.72859884912551 4884302 999
1452002461587 458841 51.0516651461689 3.72857743119208 4553518 1001
1452002462587 459841 51.0517107877052 3.7285392688459 4581034 1000
1452002463586 460840 51.0517521170291 3.7285148153694 3000918 999
1452002464586 461840 51.0517521170291 3.7285148153694 2729380 1000
1452002465586 462840 51.05182609422 3.72844624133128 3636036 1000
1452002466586 463840 51.0518587355133 3.72841389658069 5051214 1000
1452002467586 464840 51.0518887083433 3.72837594686938 5183258 1000
1452002468586 465840 51.05191988108 3.72833477690046 5607188 1000
1452002469586 466840 51.051951226969 3.72829677856111 3981312 1000
1452002470586 467840 51.0519847688248 3.72825773728692 5943296 1000
1452002471587 468841 51.0520163824813 3.7281960512527 6648580 1001
1452002472586 469840 51.0520450105886 3.72812118087748 5718768 999
1452002473586 470840 51.0520665669096 3.728044331708 5213698 1000
1452002474586 471840 51.0520820044898 3.72795816830415 3821900 1000
1452002475587 472841 51.0520965284456 3.72787680203668 4782080 1001
1452002476586 473840 51.0521080082922 3.72781145893922 7312282 999
1452002477586 474840 51.0521216102514 3.7277343491071 6373326 1000
1452002478587 475841 51.0521557372738 3.72767679318024 5857572 1001
1452002479586 476840 51.0521919915575 3.72762007252424 3504128 999
1452002480586 477840 51.0522226192684 3.7274771610064 4943872 1000
1452002481586 478840 51.0522383754499 3.72739578421753 6889472 1000
1452002482587 479841 51.0522533804251 3.72731333981022 5646572 1001
1452002483586 480840 51.0522384040754 3.7271273815257 4469382 999
1452002484586 481840 51.0522530870459 3.72705568779403 3432144 1000
1452002485586 482840 51.0522649476091 3.72697507014607 5062656 1000
1452002486586 483840 51.0522738044136 3.72688358680482 5309418 1000
1452002487586 484840 51.0522895852586 3.72679754016574 4572800 1000
1452002488586 485840 51.0523052249348 3.72670289109484 4884878 1000
1452002489586 486840 51.0523052249348 3.72670289109484 4210446 1000
1452002490586 487840 51.0523435733604 3.72652988381903 4861690 1000
1452002491587 488841 51.0523600873489 3.7264428652981 3697936 1001
1452002492587 489841 51.0523805351946 3.72635748733895 3435630 1000
1452002493587 490841 51.0524415955826 3.72624304331234 3707220 1000
1452002494586 491840 51.0524415955826 3.72624304331234 3709414 999
1452002495586 492840 51.0524796027035 3.7260876566805 5766728 1000
1452002496586 493840 51.0524819852267 3.72599942772669 5607406 1000
1452002497586 494840 51.0524851247657 3.72591844301085 5830230 1000
1452002498586 495840 51.052486128411 3.72582289860011 4242820 1000
1452002499586 496840 51.052486128411 3.72582289860011 3229052 1000
1452002500586 497840 51.0524738431709 3.72563488619446 4838356 1000
1452002501586 498840 51.0524619564253 3.72555147681004 4414698 1000
1452002502587 499841 51.0524420567688 3.72545781680984 4737994 1001
1452002503586 500840 51.0524283370311 3.72536936452553 6183804 999
1452002504586 501840 51.0524283370311 3.72536936452553 4519790 1000
1452002505586 502840 51.0524013861264 3.72517640776487 4337664 1000
1452002506586 503840 51.0523863501509 3.72507534275418 6528146 1000
1452002507587 504841 51.0523697534497 3.72496437516678 5091200 1001
1452002508586 505840 51.0523559315847 3.72485807090797 4964950 999
1452002509587 506841 51.0523559315847 3.72485807090797 4485380 1001
1452002510587 507841 51.0523246680387 3.72465857235173 4333568 1000
1452002511586 508840 51.0523086350844 3.72456713344605 4919956 999
1452002512586 509840 51.0522993645269 3.72447449779205 3669146 1000
1452002513586 510840 51.0522903096912 3.72438717271524 3394752 1000
1452002514587 511841 51.052282803437 3.72428977386844 3280904 1001
1452002515587 512841 51.0522850209205 3.72419292511842 5001280 1000
1452002516586 513840 51.0522869809472 3.72411326226046 4587550 999
1452002517586 514840 51.0522940500045 3.72403377352044 3773020 1000
1452002518586 515840 51.0522997995566 3.72395591386992 4322700 1000
1452002519586 516840 51.0523026988017 3.72388265637798 3673698 1000
1452002520586 517840 51.0523057797472 3.72381652839423 5006802 1000
1452002521586 518840 51.0523087221517 3.72376781378224 2821684 1000
1452002522586 519840 51.0523108385395 3.72371244271966 2576964 1000
1452002523586 520840 51.0523195965291 3.72366910326625 1885952 1000
1452002524586 521840 51.0523169250363 3.72361268499682 1501200 1000
1452002525587 522841 51.0523207472866 3.72357689109216 1325700 1001
1452002526587 523841 51.0523313220493 3.72353586684063 1192096 1000
1452002527586 524840 51.0523622973549 3.72348920887037 1602402 999
1452002528586 525840 51.0523867573569 3.72345701917905 3171164 1000
1452002529586 526840 51.0524065425054 3.72344019408028 3303438 1000
1452002530586 527840 51.0524167424519 3.72339318574667 1264950 1000
1452002531586 528840 51.0524256860532 3.72334356798345 3291346 1000
1452002532586 529840 51.052431600884 3.72328387286454 5032600 1000
1452002533587 530841 51.0524366779031 3.72322164439633 5688872 1001
