1454609144452 432 51.0387484313652 3.73009018052231 104444 432
1454609145452 1432 51.0387484313652 3.73009018052231 0 1000
1454609146451 2431 51.0386965303075 3.73012922972194 707700 999
1454609147451 3431 51.0386556151989 3.73016033740438 669956 1000
1454609148452 4432 51.0386264560501 3.73017208127455 404400 1001
1454609149452 5432 51.0385989709468 3.73017690901821 435404 1000
1454609150451 6431 51.0385766505193 3.7301812385264 1062224 999
1454609151451 7431 51.0385577801183 3.73017331450112 1490888 1000
1454609152451 8431 51.0385390708764 3.73016284734146 1517848 1000
1454609153451 9431 51.0385262803112 3.7301351130774 2045616 1000
1454609154451 10431 51.0385209875771 3.73011632208845 2613772 1000
1454609155451 11431 51.0385209875771 3.73011632208845 2646124 1000
1454609156451 12431 51.0385209875771 3.73011632208845 2814624 1000
1454609157451 13431 51.0385209875771 3.73011632208845 3225764 1000
1454609158451 14431 51.0385209875771 3.73011632208845 2885472 1000
1454609159452 15432 51.0385209875771 3.73011632208845 3021464 1001
1454609160451 16431 51.0385209875771 3.73011632208845 3127360 999
1454609161451 17431 51.0385209875771 3.73011632208845 3161060 1000
1454609162452 18432 51.0385209875771 3.73011632208845 3146232 1001
1454609163451 19431 51.0385209875771 3.73011632208845 2869892 999
1454609164451 20431 51.0385209875771 3.73011632208845 2898200 1000
1454609165452 21432 51.0385209875771 3.73011632208845 3229808 1001
1454609166451 22431 51.0385209875771 3.73011632208845 3031652 999
1454609167451 23431 51.0385209875771 3.73011632208845 3041088 1000
1454609168452 24432 51.0385209875771 3.73011632208845 2986520 1001
1454609169451 25431 51.0385209875771 3.73011632208845 3178196 999
1454609170452 26432 51.0385209875771 3.73011632208845 1194784 1001
1454609171452 27432 51.0385209875771 3.73011632208845 2948656 1000
1454609172451 28431 51.0385209875771 3.73011632208845 4231372 999
1454609173451 29431 51.0385209875771 3.73011632208845 2694652 1000
1454609174452 30432 51.0385209875771 3.73011632208845 2599256 1001
1454609175451 31431 51.0385209875771 3.73011632208845 2461136 999
1454609176451 32431 51.0385209875771 3.73011632208845 2431792 1000
1454609177452 33432 51.0385209875771 3.73011632208845 1469320 1001
1454609178452 34432 51.0385106549293 3.73011163134294 1461232 1000
1454609179451 35431 51.038492718257 3.73009135281256 1955948 999
1454609180452 36432 51.0384737174139 3.73005527228332 1237464 1001
1454609181451 37431 51.0384681903515 3.72999446289274 1241508 999
1454609182452 38432 51.0384734898353 3.72991300095186 2397444 1001
1454609183451 39431 51.038479137179 3.72980805244142 1065568 999
1454609184451 40431 51.0384831914069 3.72967607807785 919576 1000
1454609185451 41431 51.0384873215862 3.72951513952333 2270440 1000
1454609186452 42432 51.0384896410179 3.72934164537102 1306708 1001
1454609187451 43431 51.0384905353831 3.72916606038341 1040160 999
1454609188451 44431 51.0384968102293 3.7289847038608 0 1000
1454609189451 45431 51.0385100310693 3.72879193064673 0 1000
1454609190451 46431 51.0385178039009 3.72859018276753 1455764 1000
1454609191451 47431 51.0385223881588 3.72838285628256 2144744 1000
1454609192451 48431 51.0385223881588 3.72838285628256 1866908 1000
1454609193452 49432 51.0385258400846 3.7281827106521 2588232 1001
1454609194451 50431 51.0385253770644 3.72799107537788 3322820 999
1454609195451 51431 51.0385134353761 3.72764806427271 2578724 1000
1454609196452 52432 51.0385134353761 3.72764806427271 2217460 1001
1454609197451 53431 51.0385038063395 3.72748994077875 2312008 999
1454609198452 54432 51.0384999535849 3.72722892992154 2662112 1001
1454609199451 55431 51.0384994048127 3.72712693860163 2092956 999
1454609200451 56431 51.0384994048127 3.72712693860163 2736644 1000
1454609201452 57432 51.038499236939 3.72704647203785 3165804 1001
1454609202452 58432 51.0384989426075 3.72699113121755 1794236 1000
1454609203452 59432 51.0384989426075 3.72699113121755 3751936 1000
1454609204452 60432 51.0384948608477 3.72692524020093 5160732 1000
1454609205451 61431 51.0384916243899 3.72690001040056 4761676 999
1454609206452 62432 51.0384873992418 3.72687876713296 5545884 1001
1454609207451 63431 51.0384840906 3.72686131272571 3223552 999
1454609208451 64431 51.0384816464831 3.72684081073263 7333888 1000
1454609209452 65432 51.0384804952359 3.7268115700377 5655540 1001
1454609210451 66431 51.0384804436003 3.72678323687365 5113916 999
1454609211451 67431 51.0384820708202 3.72676772119076 6038700 1000
1454609212451 68431 51.0384820708202 3.72676772119076 4099736 1000
1454609213451 69431 51.0384820708202 3.72676772119076 5369856 1000
1454609214451 70431 51.0384820708202 3.72676772119076 4783456 1000
1454609215451 71431 51.0384820708202 3.72676772119076 4313548 1000
1454609216451 72431 51.0384820708202 3.72676772119076 4521296 1000
1454609217452 73432 51.0384820708202 3.72676772119076 3150856 1001
1454609218451 74431 51.0384820708202 3.72676772119076 4714620 999
1454609219451 75431 51.0384820708202 3.72676772119076 3766312 1000
1454609220451 76431 51.0384820708202 3.72676772119076 4178800 1000
1454609221451 77431 51.0384820708202 3.72676772119076 4195236 1000
1454609222451 78431 51.0384820708202 3.72676772119076 4157724 1000
1454609223452 79432 51.0384820708202 3.72676772119076 5003672 1001
1454609224451 80431 51.0384820708202 3.72676772119076 4070864 999
1454609225451 81431 51.0384820708202 3.72676772119076 4173504 1000
1454609226451 82431 51.0384820708202 3.72676772119076 3159012 1000
1454609227451 83431 51.0384820708202 3.72676772119076 3070504 1000
1454609228451 84431 51.0384820708202 3.72676772119076 5359940 1000
1454609229451 85431 51.0384820708202 3.72676772119076 4432872 1000
1454609230451 86431 51.0384820708202 3.72676772119076 3539904 1000
1454609231451 87431 51.0384820708202 3.72676772119076 4296824 1000
1454609232451 88431 51.0384820708202 3.72676772119076 2552956 1000
1454609233452 89432 51.0384820708202 3.72676772119076 3874152 1001
1454609234451 90431 51.0384829755603 3.72671737642223 3382132 999
1454609235452 91432 51.0384856407155 3.72668028537969 4133720 1001
1454609236451 92431 51.0384922106754 3.72665298673291 2831396 999
1454609237451 93431 51.0384976891617 3.72663844881864 2525768 1000
1454609238451 94431 51.0384992548665 3.72662190195054 2945764 1000
1454609239451 95431 51.0384996496168 3.72659128299964 2860016 1000
1454609240452 96432 51.0385020310248 3.72654404978366 2462564 1001
1454609241452 97432 51.0385063114331 3.72649048073326 3276312 1000
1454609242452 98432 51.0385036347373 3.72643879681272 2780924 1000
1454609243452 99432 51.0384861426454 3.7263821748757 2344172 1000
1454609244451 100431 51.0384861426454 3.7263821748757 1515152 999
1454609245451 101431 51.0384559312385 3.72633153624268 4243504 1000
1454609246451 102431 51.0384224709879 3.72628164457624 5188452 1000
1454609247452 103432 51.0384090744107 3.72627699129936 3954836 1001
1454609248452 104432 51.0384090744107 3.72627699129936 5386676 1000
1454609249451 105431 51.0383959421748 3.72627888263217 4898296 999
1454609250452 106432 51.038381377404 3.72627746230508 4888440 1001
1454609251451 107431 51.0383603865491 3.72627253944438 4397412 999
1454609252452 108432 51.0383284788357 3.7262635324701 4363384 1001
1454609253451 109431 51.0383284788357 3.7262635324701 3426304 999
1454609254452 110432 51.0382873909634 3.7262609796977 6840320 1001
1454609255451 111431 51.0382435592185 3.72626473948496 7688192 999
1454609256452 112432 51.0381920619936 3.72627401908362 7770112 1001
1454609257453 113433 51.038130642559 3.72629175179369 6729728 1001
1454609258451 114431 51.0380598158876 3.72630930516134 3330048 998
1454609259451 115431 51.0379782558735 3.72632626670209 5341184 1000
1454609260452 116432 51.0378919713793 3.72634645049783 6438912 1001
1454609261451 117431 51.037805280482 3.72636318660114 7495680 999
1454609262453 118433 51.0376403435341 3.72638540579277 6211584 1002
1454609263451 119431 51.0375640225416 3.72639697071161 5232640 998
1454609264451 120431 51.0374903722337 3.72640422422094 4818944 1000
1454609265451 121431 51.0374903722337 3.72640422422094 4783460 1000
1454609266451 122431 51.0374903722337 3.72640422422094 2989164 1000
1454609267451 123431 51.0373408206315 3.72642361007352 4045348 1000
1454609268451 124431 51.0372752554216 3.7264354854777 3149296 1000
1454609269451 125431 51.0371379115715 3.72641959957826 2678784 1000
1454609270451 126431 51.0371379115715 3.72641959957826 6414336 1000
1454609271452 127432 51.0370682827323 3.72640342189569 5793824 1001
1454609272452 128432 51.0369978597707 3.72638839615881 4879144 1000
1454609273452 129432 51.0369243707203 3.72636810712411 4170828 1000
1454609274452 130432 51.0368496875995 3.726344142974 5099520 1000
1454609275451 131431 51.0367742002889 3.72632480675111 7368704 999
1454609276451 132431 51.0367096141603 3.72630201086852 6488800 1000
1454609277451 133431 51.036664631127 3.72628222728028 7248616 1000
1454609278452 134432 51.0366416292665 3.72625781161435 3788800 1001
1454609279451 135431 51.0366301243385 3.72624760609366 4020224 999
1454609280452 136432 51.0366210258377 3.72625226269298 7385088 1001
1454609281451 137431 51.0366210258377 3.72625226269298 7933952 999
1454609282451 138431 51.0366067962146 3.7262613964852 7380992 1000
1454609283451 139431 51.0365811045286 3.72626439556281 5079040 1000
1454609284451 140431 51.0365811045286 3.72626439556281 3567616 1000
1454609285451 141431 51.0364619606942 3.72628349864523 6918144 1000
1454609286451 142431 51.0363786228971 3.72628151703242 7876608 1000
1454609287451 143431 51.0362906280863 3.72626221587071 7962624 1000
1454609288452 144432 51.0362043246351 3.72622966009772 4816896 1001
1454609289451 145431 51.0361162121113 3.72618847257172 4911104 999
1454609290451 146431 51.0360272191699 3.72614527475543 6664192 1000
1454609291452 147432 51.0359355403203 3.72610480279075 7725056 1001
1454609292451 148431 51.0358486361149 3.72606843871822 7821312 999
1454609293451 149431 51.0357680312965 3.72603457722635 5099520 1000
1454609294451 150431 51.035693075584 3.72600741221261 4149248 1000
1454609295451 151431 51.0356212891395 3.72599033398722 6578176 1000
1454609296451 152431 51.035556330503 3.72597123232227 7821312 1000
1454609297451 153431 51.0355000174912 3.72595867960695 7446528 1000
1454609298452 154432 51.0355000174912 3.72595867960695 5566464 1001
1454609299452 155432 51.0354193555249 3.72593454578371 4675584 1000
1454609300451 156431 51.0353991676508 3.7259198298918 7036928 999
1454609301451 157431 51.0353923681307 3.72589888659465 7397376 1000
1454609302451 158431 51.0353912450174 3.72585796915947 7585792 1000
1454609303451 159431 51.0353824255921 3.72582604499448 5718528 1000
1454609304452 160432 51.0353705499198 3.72580647338243 3567616 1001
1454609305451 161431 51.0353597078814 3.72579956049189 5693440 999
1454609306451 162431 51.0353597078814 3.72579956049189 6923260 1000
1454609307452 163432 51.0353597078814 3.72579956049189 5575192 1001
1454609308452 164432 51.0353597078814 3.72579956049189 4656916 1000
1454609309452 165432 51.0353597078814 3.72579956049189 4501504 1000
1454609310452 166432 51.0353597078814 3.72579956049189 6590464 1000
1454609311452 167432 51.0353597078814 3.72579956049189 6135452 1000
1454609312451 168431 51.0353597078814 3.72579956049189 5996720 999
1454609313451 169431 51.0353597078814 3.72579956049189 4824596 1000
