1454608242327 851 51.0384688608244 3.73176584747459 804056 851
1454608243327 1851 51.0384679054733 3.7317516194766 3538500 1000
1454608244328 2852 51.0384717526097 3.73172274608979 4006256 1001
1454608245327 3851 51.0384706550382 3.73165421235673 3872804 999
1454608246327 4851 51.0384720247583 3.73157368065511 3504076 1000
1454608247327 5851 51.0384639120164 3.73139684912899 3202224 1000
1454608248328 6852 51.0384648614141 3.73131791957902 2962904 1001
1454608249327 7851 51.0384683329644 3.73124405199378 3340344 999
1454608250327 8851 51.0384683329644 3.73124405199378 3045132 1000
1454608251327 9851 51.0384729160358 3.73111926091355 3398308 1000
1454608252327 10851 51.0384918064963 3.73107253908942 2907636 1000
1454608253328 11852 51.0384918064963 3.73107253908942 2430600 1001
1454608254327 12851 51.0385711282138 3.73102615101889 1706412 999
1454608255327 13851 51.0386190254633 3.73103009982195 2363044 1000
1454608256327 14851 51.0386190254633 3.73103009982195 1163324 1000
1454608257327 15851 51.0386735251258 3.73107376578519 3731264 1000
1454608258327 16851 51.0387364090971 3.73114416712756 3398308 1000
1454608259327 17851 51.0387998864265 3.73123290338898 3338996 1000
1454608260327 18851 51.0388661259106 3.73132588285176 2861804 1000
1454608261328 19852 51.0389331420859 3.73141425061166 3529116 1001
1454608262328 20852 51.0389991497973 3.73150371936635 3264208 1000
1454608263327 21851 51.0391295335437 3.73166101256772 3178480 999
1454608264327 22851 51.0391295335437 3.73166101256772 2765500 1000
1454608265328 23852 51.0392569991999 3.73181353828115 2993520 1001
1454608266328 24852 51.0392569991999 3.73181353828115 2435296 1000
1454608267327 25851 51.0393190941247 3.73188263412946 4333556 999
1454608268328 26852 51.0393803481788 3.73194912238196 4147536 1001
1454608269327 27851 51.0394420224002 3.73201003673766 4154588 999
1454608270327 28851 51.0395014095316 3.73206707593518 4043968 1000
1454608271327 29851 51.0395575634219 3.73212447228297 5943296 1000
1454608272327 30851 51.0396145572764 3.73217963410486 5582788 1000
1454608273327 31851 51.0396730804128 3.73223383515445 4678512 1000
1454608274328 32852 51.0397325002736 3.73229162197181 5535976 1001
1454608275327 33851 51.0397911488388 3.73234617190247 5240112 999
1454608276328 34852 51.0398444583866 3.73240488971504 5567072 1001
1454608277327 35851 51.0398859538181 3.73246068884441 5852416 999
1454608278327 36851 51.039919144237 3.73252511848438 3817472 1000
1454608279327 37851 51.0399577288718 3.73258441466773 5775360 1000
1454608280328 38852 51.0399987302211 3.73264505053175 5578028 1001
1454608281327 39851 51.0400443182648 3.73270030799683 4899468 999
1454608282328 40852 51.0400908268793 3.73274392905307 4161536 1001
1454608283327 41851 51.0401168649988 3.73274676656641 4739072 999
1454608284327 42851 51.0401355147877 3.73273675885746 4575288 1000
1454608285327 43851 51.0402143944238 3.73262544110686 4465664 1000
1454608286328 44852 51.0402143944238 3.73262544110686 4273888 1001
1454608287328 45852 51.0402695073516 3.73255693774992 4362240 1000
1454608288327 46851 51.0403810684273 3.73244757701901 5208064 999
1454608289327 47851 51.0404370265856 3.73240229403575 6703104 1000
1454608290327 48851 51.0404972211886 3.73236225200192 5429112 1000
1454608291328 49852 51.0405635089796 3.7323263691958 4671076 1001
1454608292328 50852 51.0405635089796 3.7323263691958 3117116 1000
1454608293327 51851 51.040632861992 3.73229087852295 5127388 999
1454608294328 52852 51.0407706297639 3.73220770610378 5584972 1001
1454608295327 53851 51.040839154912 3.73216144984225 3911392 999
1454608296328 54852 51.0409078708533 3.73211345052629 3938856 1001
1454608297327 55851 51.0409773643145 3.73206615944495 4141056 999
1454608298327 56851 51.0410460305381 3.73201892770808 4200292 1000
1454608299327 57851 51.041113917656 3.73197421794016 4247624 1000
1454608300327 58851 51.0411823744394 3.73193228566166 4064220 1000
1454608301327 59851 51.0411823744394 3.73193228566166 4367628 1000
1454608302327 60851 51.0412502214418 3.73189110393215 3879424 1000
1454608303328 61852 51.041388189905 3.73180584913742 4762496 1001
1454608304327 62851 51.0414557628791 3.73176307532273 4027216 999
1454608305327 63851 51.0415236226183 3.73172215826422 4339332 1000
1454608306327 64851 51.0415902378961 3.73168539234289 3834848 1000
1454608307328 65852 51.041649842452 3.73164980298183 3559468 1001
1454608308327 66851 51.0416976786762 3.73161832315516 4575316 999
1454608309327 67851 51.0417325017125 3.73159002659281 3875896 1000
1454608310327 68851 51.0417325017125 3.73159002659281 5001932 1000
1454608311328 69852 51.0417574526874 3.73156743790626 6453924 1001
1454608312328 70852 51.0417906770271 3.73154136651342 3738924 1000
1454608313327 71851 51.0417906770271 3.73154136651342 4691968 999
1454608314327 72851 51.0418023956854 3.73153266984014 6320128 1000
1454608315327 73851 51.0418097383395 3.73151752221221 6715392 1000
1454608316327 74851 51.0418216134672 3.73148763428259 6885376 1000
1454608317328 75852 51.0418184672254 3.73144334102068 5222400 1001
1454608318327 76851 51.0418184672254 3.73144334102068 3768320 999
1454608319327 77851 51.0417941949953 3.73130887554115 5963776 1000
1454608320328 78852 51.0417837360516 3.73121241552839 6539264 1001
1454608321328 79852 51.041762120542 3.73110354410248 6819840 1000
1454608322327 80851 51.0417361457151 3.73099405675878 5410816 999
1454608323327 81851 51.0417036918357 3.73088447636086 4440064 1000
1454608324328 82852 51.0416899801551 3.73076233001068 5361664 1001
1454608325327 83851 51.0416746442522 3.73064035036881 6823936 999
1454608326327 84851 51.0416514502229 3.73052826512424 6780928 1000
1454608327327 85851 51.0416272391093 3.73041175385473 5548032 1000
1454608328327 86851 51.0416030971848 3.73029941061982 4542464 1000
1454608329327 87851 51.0415723206765 3.73019721534403 5386240 1000
1454608330327 88851 51.0415417765688 3.73009375287293 6553600 1000
1454608331327 89851 51.0415004956952 3.72990577105125 6901760 1000
1454608332327 90851 51.0415004956952 3.72990577105125 5869568 1000
1454608333327 91851 51.0414631426686 3.7297464723161 3118296 1000
1454608334328 92852 51.0414502178366 3.72968080208969 2276772 1001
1454608335328 93852 51.0414460071339 3.72962974487234 2225548 1000
1454608336327 94851 51.0414475167908 3.72958979955758 2009868 999
1454608337327 95851 51.0414495113312 3.72956628726031 1917556 1000
1454608338327 96851 51.0414495113312 3.72956628726031 2239676 1000
1454608339327 97851 51.0414495113312 3.72956628726031 2314516 1000
1454608340327 98851 51.0414495113312 3.72956628726031 2354956 1000
1454608341328 99852 51.0414495113312 3.72956628726031 1311604 1001
1454608342327 100851 51.0414495113312 3.72956628726031 2247116 999
1454608343327 101851 51.0414495113312 3.72956628726031 4140720 1000
1454608344327 102851 51.0414591413648 3.72956384108075 3464696 1000
1454608345328 103852 51.0414526755063 3.72953594787038 3228460 1001
1454608346327 104851 51.041439189887 3.72948998253246 2011216 999
1454608347328 105852 51.0414095220849 3.72944708041213 2129192 1001
1454608348327 106851 51.0413656925422 3.72941798695189 3117096 999
1454608349328 107852 51.041309125591 3.7294087121504 3773548 1001
1454608350327 108851 51.0412402847306 3.72941818882301 3715864 999
1454608351327 109851 51.0411636617044 3.72943552514946 3264724 1000
1454608352328 110852 51.0410783974349 3.72945751803349 3526368 1001
1454608353328 111852 51.0409844611365 3.72948064840485 1277952 1000
1454608354327 112851 51.0408940973033 3.7295105442195 6659696 999
1454608355328 113852 51.0408030270804 3.72953864939768 3782072 1001
1454608356327 114851 51.0407165968857 3.72956219542457 3829852 999
1454608357327 115851 51.0406434631598 3.72958247855766 2476392 1000
1454608358328 116852 51.040573055859 3.72961745533664 3051520 1001
1454608359327 117851 51.0405088887028 3.72965140778082 3260240 999
1454608360327 118851 51.0404443885885 3.72968480977376 3896420 1000
1454608361328 119852 51.040382172324 3.72970924177949 2970292 1001
1454608362327 120851 51.040382172324 3.72970924177949 2016608 999
1454608363327 121851 51.0403241539652 3.72973011677285 4429452 1000
1454608364327 122851 51.0402440021677 3.72982916619127 4628844 1000
1454608365327 123851 51.0401977392487 3.72990326537276 3538116 1000
1454608366328 124852 51.0401489074061 3.72996535431049 2638684 1001
1454608367328 125852 51.0401489074061 3.72996535431049 2317212 1000
1454608368327 126851 51.0400932967454 3.73002328660196 3732300 999
1454608369327 127851 51.0400329319123 3.73008510431791 3590684 1000
1454608370328 128852 51.0399715688914 3.73014476929727 4120856 1001
1454608371328 129852 51.0399097610503 3.73019389842457 4641508 1000
1454608372327 130851 51.0398547854229 3.73025880782872 4302660 999
1454608373327 131851 51.0397332001931 3.73033736267669 3854336 1000
1454608374327 132851 51.0396637022081 3.73037773643889 3614724 1000
1454608375327 133851 51.0395885922078 3.73041976667665 3196316 1000
1454608376328 134852 51.0395144859171 3.73045993005683 3410272 1001
1454608377327 135851 51.0394426667282 3.73049747089564 3059196 999
1454608378327 136851 51.0393718326894 3.73053860283358 2753340 1000
1454608379327 137851 51.0393019212818 3.73058270158281 2767444 1000
1454608380327 138851 51.0392338850775 3.73062543123459 2381916 1000
1454608381328 139852 51.0391671697129 3.73066375182587 2521460 1001
1454608382328 140852 51.0391024015222 3.7306976804967 2474228 1000
1454608383328 141852 51.0390383329651 3.73073179568561 2478196 1000
1454608384327 142851 51.0389785339919 3.73076658928345 2393476 999
1454608385327 143851 51.0389263134987 3.73079807151482 1325188 1000
1454608386328 144852 51.0388844931272 3.73082663353448 896964 1001
1454608387327 145851 51.0388844931272 3.73082663353448 747544 999
1454608388327 146851 51.0388549731233 3.73085062799706 5214336 1000
1454608389327 147851 51.0388278975151 3.73088423953302 3753156 1000
1454608390327 148851 51.0388278975151 3.73088423953302 2450664 1000
1454608391328 149852 51.0388278975151 3.73088423953302 2792564 1001
1454608392327 150851 51.0388194307778 3.73090020440966 3754672 999
1454608393327 151851 51.0388194307778 3.73090020440966 3440584 1000
1454608394327 152851 51.0388067514998 3.73091279658031 4562856 1000
1454608395328 153852 51.0387940304545 3.73093057196387 3811056 1001
1454608396328 154852 51.0387940304545 3.73093057196387 3479420 1000
1454608397327 155851 51.0387656080547 3.73096646827354 3254564 999
1454608398328 156852 51.0387656080547 3.73096646827354 1943636 1001
1454608399327 157851 51.0387499548629 3.73100620995892 3646520 999
1454608400327 158851 51.0387476554006 3.73107091383584 3214980 1000
1454608401327 159851 51.0387655163192 3.73114373502712 3285076 1000
1454608402327 160851 51.0388538426015 3.731291463346 2924280 1000
1454608403327 161851 51.0389139170998 3.73137035085684 2801376 1000
1454608404328 162852 51.0389703995004 3.7314504429314 1655992 1001
1454608405328 163852 51.0389703995004 3.7314504429314 2516484 1000
1454608406327 164851 51.0391080626588 3.73160471188008 3189004 999
1454608407327 165851 51.0391080626588 3.73160471188008 2952120 1000
1454608408327 166851 51.0391735336489 3.73169020994961 3330424 1000
1454608409328 167852 51.0392393271955 3.73176863256596 3663364 1001
1454608410328 168852 51.0393046205708 3.73184516871573 2472464 1000
1454608411327 169851 51.0393637936987 3.73191902090425 4181536 999
1454608412327 170851 51.0394287446276 3.73198760525001 4167460 1000
1454608413328 171852 51.0394901422971 3.73206042940635 3579668 1001
1454608414327 172851 51.0394901422971 3.73206042940635 6348800 999
1454608415328 173852 51.0396246154842 3.73218473780246 5084924 1001
1454608416328 174852 51.0396893610846 3.7322454961385 5747024 1000
1454608417327 175851 51.039749284526 3.73230146969223 5494912 999
1454608418327 176851 51.0398028448619 3.73235766036511 4306188 1000
1454608419328 177852 51.0398028448619 3.73235766036511 4751360 1001
1454608420327 178851 51.0398482468116 3.73242840013279 6365184 999
1454608421328 179852 51.0398589145382 3.73243699747648 6766592 1001
1454608422327 180851 51.039872360477 3.7324419850298 6127532 999
1454608423327 181851 51.039891650443 3.73245170797798 4499456 1000
1454608424327 182851 51.0399214560391 3.73248377041188 4538368 1000
1454608425327 183851 51.0399631545075 3.73252419493802 6258688 1000
1454608426327 184851 51.0400035002643 3.73258258810113 6897664 1000
1454608427327 185851 51.0400461796257 3.7326425521285 6172060 1000
1454608428327 186851 51.040095576355 3.7326775375084 4802756 1000
1454608429327 187851 51.040095576355 3.7326775375084 4687872 1000
1454608430327 188851 51.0402224488619 3.73268933584137 5699584 1000
1454608431327 189851 51.0402479852874 3.7326986270623 5611960 1000
1454608432328 190852 51.0402725139176 3.73270834940639 4289240 1001
1454608433328 191852 51.040295017004 3.7327216093812 4032216 1000
1454608434327 192851 51.0403224770675 3.73273554328498 4027936 999
1454608435327 193851 51.0403607661039 3.73275025220018 5551108 1000
1454608436327 194851 51.0403989215324 3.73278305295155 4954600 1000
1454608437328 195852 51.0404379842438 3.73282202003702 3913676 1001
1454608438327 196851 51.0404379842438 3.73282202003702 3402064 999
1454608439327 197851 51.0405373644682 3.73290112060722 3534848 1000
1454608440327 198851 51.0405373644682 3.73290112060722 4903160 1000
1454608441327 199851 51.0405908480463 3.73294424282046 6622476 1000
1454608442328 200852 51.0406410359877 3.73298847900863 6780928 1001
1454608443327 201851 51.0406883501547 3.73303036490776 3843512 999
1454608444328 202852 51.0406883501547 3.73303036490776 4853760 1001
1454608445328 203852 51.040793851649 3.73310884252135 6725632 1000
1454608446328 204852 51.0408538112689 3.73313857605131 6641664 1000
1454608447328 205852 51.0409203144553 3.73316484386624 6922240 1000
1454608448327 206851 51.0409889478383 3.73317977966714 5455872 999
1454608449328 207852 51.041057664548 3.7331880453908 4562944 1001
1454608450328 208852 51.0411289853459 3.73319007898213 5468160 1000
1454608451327 209851 51.0412027981221 3.73318681071345 6656000 999
1454608452327 210851 51.0412739640029 3.73317673639648 7004160 1000
1454608453327 211851 51.0413434676357 3.73316091009126 5806080 1000
1454608454327 212851 51.0414122037526 3.73314091245301 3336192 1000
1454608455327 213851 51.0414804052432 3.7331092524905 5441536 1000
1454608456327 214851 51.0415497525766 3.73307342000276 6606848 1000
1454608457327 215851 51.0416175850334 3.73304094140664 6764544 1000
1454608458328 216852 51.0416813065564 3.73301389152691 5115904 1001
1454608459328 217852 51.0417396822206 3.73299075851899 3657728 1000
1454608460328 218852 51.0417977976296 3.73296447609732 6668288 1000
1454608461327 219851 51.0418551723678 3.73293556496268 6873088 999
1454608462328 220852 51.0419024435119 3.73291308902551 6606848 1001
1454608463327 221851 51.0419404899967 3.73289641058227 6084608 999
1454608464327 222851 51.0419728276095 3.7328838159164 4044800 1000
1454608465327 223851 51.0420078042669 3.73286208091832 5189632 1000
1454608466327 224851 51.0420391377239 3.73285125822799 6651904 1000
1454608467327 225851 51.0420647682586 3.73284180705288 6848512 1000
1454608468328 226852 51.0421015310872 3.73281011114978 5916672 1001
1454608469327 227851 51.0421299277702 3.73279115364387 4536320 999
1454608470327 228851 51.0421496548108 3.73277197220623 5484544 1000
1454608471327 229851 51.042179678198 3.73275951898157 5783552 1000
1454608472327 230851 51.0422230352814 3.73275724841383 6844416 1000
1454608473327 231851 51.0422691929021 3.73274297059788 5726208 1000
1454608474327 232851 51.0423235523781 3.73272390845389 6529024 1000
1454608475327 233851 51.0423928454384 3.73271879189424 1753088 1000
1454608476327 234851 51.0424643360658 3.73270134494344 2420736 1000
1454608477327 235851 51.0425386916323 3.73268582876816 4687872 1000
1454608478328 236852 51.0426015207602 3.73266907677904 3194880 1001
1454608479328 237852 51.0426599826584 3.73265825514161 3276800 1000
1454608480327 238851 51.0426599826584 3.73265825514161 3885056 999
1454608481328 239852 51.0427626067169 3.73262529279822 6445056 1001
1454608482327 240851 51.0428044172595 3.73261201951053 6733824 999
1454608483328 241852 51.0428339278774 3.73260158215633 6719488 1001
1454608484328 242852 51.0428629982204 3.73258748838071 5169152 1000
1454608485328 243852 51.0428629982204 3.73258748838071 4079616 1000
1454608486328 244852 51.0429311947349 3.73258507904311 6653952 1000
1454608487327 245851 51.0429547108183 3.73260211687535 4795956 999
1454608488327 246851 51.0429547108183 3.73260211687535 2483484 1000
1454608489327 247851 51.0429808888548 3.73261058231005 3648672 1000
1454608490327 248851 51.0429958840629 3.73270648672041 5562368 1000
1454608491327 249851 51.0430009603173 3.7327377496691 5609472 1000
1454608492327 250851 51.0430009603173 3.7327377496691 6537216 1000
1454608493327 251851 51.0430009603173 3.7327377496691 6553600 1000
1454608494327 252851 51.0430009603173 3.7327377496691 6037504 1000
1454608495327 253851 51.0430009603173 3.7327377496691 5736448 1000
1454608496327 254851 51.0430009603173 3.7327377496691 5922816 1000
1454608497328 255852 51.0430009603173 3.7327377496691 5847040 1001
1454608498327 256851 51.0430009603173 3.7327377496691 4730880 999
1454608499327 257851 51.0430009603173 3.7327377496691 4110336 1000
1454608500327 258851 51.0430009603173 3.7327377496691 6270976 1000
1454608501327 259851 51.0430009603173 3.7327377496691 7100416 1000
1454608502327 260851 51.0430009603173 3.7327377496691 6316032 1000
1454608503328 261852 51.0430009603173 3.7327377496691 4775936 1001
1454608504327 262851 51.0430009603173 3.7327377496691 5427200 999
1454608505327 263851 51.0430009603173 3.7327377496691 5081088 1000
1454608506327 264851 51.0430009603173 3.7327377496691 6492160 1000
1454608507327 265851 51.0430009603173 3.7327377496691 6490112 1000
1454608508327 266851 51.0430009603173 3.7327377496691 6418432 1000
1454608509327 267851 51.0430009603173 3.7327377496691 5062656 1000
1454608510327 268851 51.0430009603173 3.7327377496691 5140480 1000
1454608511327 269851 51.0430009603173 3.7327377496691 5840896 1000
1454608512327 270851 51.0430009603173 3.7327377496691 5087232 1000
1454608513327 271851 51.0430009603173 3.7327377496691 6582272 1000
1454608514328 272852 51.0430080076538 3.73275912754854 5177344 1001
1454608515327 273851 51.0429580605809 3.73295959239047 5160960 999
1454608516328 274852 51.0429580605809 3.73295959239047 1683456 1001
1454608517327 275851 51.0429191510547 3.73303898636133 5193728 999
1454608518327 276851 51.0428007237721 3.73325614002104 7213056 1000
1454608519327 277851 51.0427300652743 3.73337602622289 6993920 1000
1454608520327 278851 51.0427300652743 3.73337602622289 2354036 1000
1454608521327 279851 51.0426455310309 3.73347827786235 6387712 1000
1454608522327 280851 51.0425476266396 3.7335881061528 6604800 1000
1454608523327 281851 51.0424462695969 3.73366555722579 6711296 1000
1454608524328 282852 51.0423389736464 3.73375011395332 6688768 1001
1454608525328 283852 51.0422290421631 3.73382638248529 5015552 1000
1454608526327 284851 51.0421106689693 3.73390523077147 3950592 999
1454608527327 285851 51.0419922594837 3.73398007919954 6041600 1000
1454608528327 286851 51.0418857324229 3.73405224895713 6774784 1000
1454608529328 287852 51.0417790813566 3.73412118681373 6776832 1001
1454608530327 288851 51.0416610404859 3.73419425920552 4546560 999
1454608531327 289851 51.0415280188311 3.73427006426068 4419584 1000
1454608532327 290851 51.0414115942429 3.73433288337987 6764544 1000
1454608533327 291851 51.0411746391982 3.73448658770752 6770688 1000
1454608534327 292851 51.0410642082624 3.73454639416006 6037436 1000
1454608535327 293851 51.0409500860479 3.73462004087999 3958256 1000
1454608536327 294851 51.0408335355298 3.73468944784056 4009984 1000
1454608537328 295852 51.0407223197202 3.73475919965975 5477012 1001
1454608538328 296852 51.0406115582704 3.73483032871834 4984932 1000
1454608539327 297851 51.0405056210747 3.73489362247232 3797340 999
1454608540328 298852 51.0404043223695 3.73496094216757 3225508 1001
1454608541327 299851 51.0402946573612 3.7350353234118 3508348 999
1454608542327 300851 51.0401895142183 3.73509093356841 3353280 1000
1454608543328 301852 51.04008112172 3.73516500258133 2835700 1001
1454608544328 302852 51.0399771384399 3.73524212661529 2862192 1000
1454608545327 303851 51.0398901670554 3.73530320079027 3929208 999
1454608546327 304851 51.0398207815996 3.73536197128199 4079172 1000
1454608547327 305851 51.0397647696753 3.73541941709155 3256288 1000
1454608548327 306851 51.0397191977923 3.73547328997032 3456244 1000
1454608549327 307851 51.0397191977923 3.73547328997032 3942176 1000
1454608550328 308852 51.039675758248 3.73552341393028 3332748 1001
1454608551327 309851 51.0396597804594 3.73571883367494 2712304 999
1454608552327 310851 51.0396677338587 3.7357980968223 3398724 1000
1454608553328 311852 51.0396964114059 3.73588153268774 3066984 1001
1454608554327 312851 51.0397198975484 3.73595981280373 3732612 999
1454608555327 313851 51.0397198975484 3.73595981280373 2972628 1000
1454608556328 314852 51.03975537038 3.73603323029503 2256192 1001
1454608557327 315851 51.0397738922349 3.73602726538154 4023856 999
1454608558328 316852 51.0397738922349 3.73602726538154 4754124 1001
1454608559328 317852 51.0398098096392 3.73598793320453 3529904 1000
1454608560327 318851 51.0398098096392 3.73598793320453 3509076 999
1454608561327 319851 51.0398098096392 3.73598793320453 3915112 1000
1454608562327 320851 51.0398098096392 3.73598793320453 3260940 1000
1454608563327 321851 51.0398098096392 3.73598793320453 3590124 1000
1454608564328 322852 51.0398098096392 3.73598793320453 4505656 1001
1454608565328 323852 51.0398098096392 3.73598793320453 4268620 1000
1454608566327 324851 51.0398098096392 3.73598793320453 4492192 999
1454608567327 325851 51.0398098096392 3.73598793320453 4434500 1000
1454608568328 326852 51.0398098096392 3.73598793320453 4555120 1001
1454608569327 327851 51.0398098096392 3.73598793320453 4657880 999
1454608570327 328851 51.0398098096392 3.73598793320453 3861896 1000
1454608571327 329851 51.0398098096392 3.73598793320453 5052416 1000
1454608572327 330851 51.0398098096392 3.73598793320453 4731084 1000
1454608573327 331851 51.0398098096392 3.73598793320453 4129344 1000
1454608574328 332852 51.0398098096392 3.73598793320453 3952800 1001
1454608575327 333851 51.0398098096392 3.73598793320453 4184836 999
1454608576327 334851 51.0398098096392 3.73598793320453 3932160 1000
1454608577327 335851 51.0398098096392 3.73598793320453 3888032 1000
1454608578327 336851 51.0398098096392 3.73598793320453 3363984 1000
1454608579327 337851 51.0398098096392 3.73598793320453 3176848 1000
1454608580327 338851 51.0398098096392 3.73598793320453 2944444 1000
1454608581327 339851 51.0398098096392 3.73598793320453 3205132 1000
1454608582327 340851 51.0398098096392 3.73598793320453 2951940 1000
1454608583327 341851 51.0398098096392 3.73598793320453 3172832 1000
1454608584327 342851 51.0398098096392 3.73598793320453 3305836 1000
1454608585328 343852 51.0398098096392 3.73598793320453 613340 1001
1454608586327 344851 51.0398233179667 3.73602390625298 4201716 999
1454608587327 345851 51.0398400181098 3.73608192287924 1038680 1000
1454608588328 346852 51.0398665474593 3.73612507627567 4279180 1001
1454608589327 347851 51.0399188838804 3.73612766857841 2791112 999
1454608590328 348852 51.0399811406305 3.73611661000463 3370644 1001
1454608591328 349852 51.0400523020016 3.73609265224148 5067944 1000
1454608592327 350851 51.040144838586 3.73603372051458 2922952 999
1454608593327 351851 51.0402440871615 3.7359682539114 5034652 1000
1454608594328 352852 51.0403432420235 3.73590649829617 3764160 1001
1454608595327 353851 51.0404414901456 3.7358367832867 2900480 999
1454608596328 354852 51.0404414901456 3.7358367832867 2212212 1001
1454608597328 355852 51.0406691542879 3.73567940955551 4028876 1000
1454608598327 356851 51.0406691542879 3.73567940955551 3922832 999
1454608599328 357852 51.0407826662732 3.73560632987496 5166016 1001
1454608600328 358852 51.040895648267 3.73553292208685 6047416 1000
1454608601327 359851 51.0410109566314 3.73545959766728 2129920 999
1454608602328 360852 51.0411273672638 3.73538765772037 3338240 1001
1454608603327 361851 51.0412434366611 3.73532007611171 6893568 999
1454608604327 362851 51.0413571096829 3.73525569378076 5955584 1000
1454608605327 363851 51.0414571954715 3.73517020943063 5664768 1000
1454608606327 364851 51.041548527998 3.7350813843642 3858432 1000
1454608607327 365851 51.0416466230999 3.73502294891865 6060032 1000
1454608608327 366851 51.0417483440422 3.73496956009175 6795264 1000
1454608609327 367851 51.0418499553258 3.73491597738455 6373376 1000
1454608610328 368852 51.0419463729925 3.73486219837051 6578176 1001
1454608611328 369852 51.0420364354134 3.73481629681532 4319232 1000
1454608612327 370851 51.0421183269136 3.73478307056039 4448256 999
1454608613327 371851 51.0421900050356 3.73475085775523 7127040 1000
1454608614327 372851 51.0422510626375 3.73472869149375 6967296 1000
1454608615328 373852 51.0423017691634 3.73470459071824 7278592 1001
1454608616328 374852 51.0423511828782 3.73467860650059 4091904 1000
1454608617327 375851 51.0423511828782 3.73467860650059 4370432 999
1454608618327 376851 51.0424424919923 3.73462492301066 6930432 1000
1454608619327 377851 51.0424837887042 3.73460817971693 6746112 1000
1454608620327 378851 51.0425580260323 3.73457758280758 6324224 1000
1454608621328 379852 51.0425580260323 3.73457758280758 4280320 1001
1454608622328 380852 51.0425949964951 3.73456256027498 4247552 1000
1454608623328 381852 51.0426289684014 3.7345460036473 6979584 1000
1454608624327 382851 51.0426907163935 3.73450845620304 7139328 999
1454608625327 383851 51.0427220495735 3.73449011347857 4373512 1000
1454608626328 384852 51.042753634317 3.73447195593073 4067328 1001
1454608627327 385851 51.0427882207264 3.73445428820706 5404672 999
1454608628327 386851 51.0428314915326 3.73442968618903 5136404 1000
1454608629327 387851 51.0428784818445 3.73438794802416 4397568 1000
1454608630328 388852 51.0429355318818 3.73435905964754 4147428 1001
1454608631327 389851 51.0429980215333 3.73433204858277 3579116 999
1454608632327 390851 51.0429980215333 3.73433204858277 5250472 1000
1454608633327 391851 51.0430651646206 3.73429425799444 7094260 1000
1454608634327 392851 51.0431943805216 3.73422041625826 5301344 1000
1454608635327 393851 51.0431943805216 3.73422041625826 5241440 1000
1454608636327 394851 51.0432540868149 3.73418454730894 4067140 1000
1454608637327 395851 51.0432540868149 3.73418454730894 4120576 1000
1454608638327 396851 51.0433715618107 3.73412718571318 7006208 1000
1454608639327 397851 51.0434314270352 3.73409466917396 6856704 1000
1454608640328 398852 51.0434897617281 3.73406107333913 7258112 1001
1454608641327 399851 51.0435481404546 3.73403016223586 4866048 999
1454608642327 400851 51.0435481404546 3.73403016223586 3770368 1000
1454608643328 401852 51.0436614869151 3.73396829530333 6848512 1001
1454608644327 402851 51.0437110522002 3.73393843735853 6625280 999
1454608645327 403851 51.0437530586974 3.733915476167 6647808 1000
1454608646327 404851 51.0437857959024 3.73389875180656 4657152 1000
1454608647327 405851 51.0438126651128 3.73388208428286 3903488 1000
1454608648328 406852 51.0438394579636 3.73386634252433 6918144 1001
1454608649327 407851 51.0438706617481 3.73384900169304 6764544 999
1454608650328 408852 51.0439005502809 3.7338268947431 6787072 1001
1454608651327 409851 51.0439312757211 3.7338041616075 5658624 999
1454608652327 410851 51.0439312757211 3.7338041616075 3833856 1000
1454608653327 411851 51.0439676403176 3.73378285468246 6643712 1000
1454608654327 412851 51.0439676403176 3.73378285468246 6623232 1000
1454608655327 413851 51.0439676403176 3.73378285468246 6709248 1000
1454608656327 414851 51.0439676403176 3.73378285468246 5451776 1000
1454608657327 415851 51.0439676403176 3.73378285468246 4419584 1000
1454608658328 416852 51.0439676403176 3.73378285468246 5685248 1001
1454608659327 417851 51.0439676403176 3.73378285468246 6823936 999
1454608660327 418851 51.0439676403176 3.73378285468246 6791168 1000
1454608661327 419851 51.0439955921127 3.73377503142811 5206016 1000
1454608662327 420851 51.0439955921127 3.73377503142811 4501504 1000
1454608663327 421851 51.0440615400913 3.73374489044486 5832704 1000
1454608664328 422852 51.0440952283793 3.73372249929718 6975488 1001
1454608665327 423851 51.0441235272268 3.73370255013371 6647808 999
1454608666327 424851 51.0441473152144 3.73368404522335 5425152 1000
1454608667327 425851 51.0441663878914 3.73367056009428 4864000 1000
1454608668327 426851 51.044177869087 3.7336623366365 6166528 1000
1454608669327 427851 51.044177869087 3.7336623366365 7151616 1000
1454608670328 428852 51.044177869087 3.7336623366365 7002112 1001
1454608671327 429851 51.044177869087 3.7336623366365 6070272 999
1454608672327 430851 51.044177869087 3.7336623366365 3735552 1000
1454608673327 431851 51.044177869087 3.7336623366365 4114432 1000
1454608674328 432852 51.044177869087 3.7336623366365 6363136 1001
1454608675328 433852 51.044177869087 3.7336623366365 7120896 1000
1454608676328 434852 51.044177869087 3.7336623366365 6815744 1000
1454608677327 435851 51.044177869087 3.7336623366365 4730880 999
1454608678327 436851 51.044177869087 3.7336623366365 4173824 1000
1454608679327 437851 51.044177869087 3.7336623366365 6987776 1000
1454608680328 438852 51.044177869087 3.7336623366365 6942720 1001
1454608681328 439852 51.044177869087 3.7336623366365 7053312 1000
1454608682327 440851 51.044177869087 3.7336623366365 5382144 999
1454608683327 441851 51.044177869087 3.7336623366365 3973120 1000
1454608684328 442852 51.044177869087 3.7336623366365 5795840 1001
1454608685328 443852 51.044177869087 3.7336623366365 6864896 1000
1454608686327 444851 51.044177869087 3.7336623366365 6823936 999
1454608687327 445851 51.044177869087 3.7336623366365 6012928 1000
1454608688327 446851 51.044177869087 3.7336623366365 1691648 1000
1454608689327 447851 51.044177869087 3.7336623366365 3837952 1000
1454608690327 448851 51.044177869087 3.7336623366365 6651904 1000
1454608691327 449851 51.044177869087 3.7336623366365 6959104 1000
1454608692327 450851 51.044177869087 3.7336623366365 6565888 1000
1454608693328 451852 51.044177869087 3.7336623366365 4026368 1001
1454608694328 452852 51.044177869087 3.7336623366365 5869568 1000
1454608695327 453851 51.044177869087 3.7336623366365 7385088 999
