1454607411014 871 51.060972424703 3.71353946104647 3068696 871
1454607412013 1870 51.0610513747542 3.71363755614083 6167152 999
1454607413013 2870 51.0611285542087 3.71373284252925 4746256 1000
1454607414013 3870 51.0612103635375 3.71382856747331 4645208 1000
1454607415014 4871 51.0612939852611 3.7139331792744 3112532 1001
1454607416013 5870 51.061372641588 3.71404471441731 4682952 999
1454607417013 6870 51.0614520197455 3.71416141987333 3564112 1000
1454607418013 7870 51.0615332790326 3.71427776455858 3511540 1000
1454607419013 8870 51.0616177956658 3.71439493716236 3259464 1000
1454607420013 9870 51.0617043810393 3.71451319217774 2865304 1000
1454607421013 10870 51.0617928438735 3.71463423193103 2434280 1000
1454607422014 11871 51.0618811610072 3.71475075852363 3001996 1001
1454607423013 12870 51.0619655704878 3.71486325436407 2410224 999
1454607424013 13870 51.0620453861188 3.71497327847477 4359980 1000
1454607425014 14871 51.0621297144066 3.71507963081021 4174304 1001
1454607426013 15870 51.0622082903448 3.71519281917421 4141152 999
1454607427013 16870 51.0622871702061 3.71530572563934 3643452 1000
1454607428013 17870 51.062374733402 3.71540728080613 2941336 1000
1454607429014 18871 51.06253853038 3.71564242688187 2270032 1001
1454607430014 19871 51.0626206228857 3.71576006302273 1749704 1000
1454607431013 20870 51.0626206228857 3.71576006302273 1445056 999
1454607432013 21870 51.0627211201526 3.7158761344003 1450500 1000
1454607433013 22870 51.0628136575171 3.71599132691668 2229592 1000
1454607434013 23870 51.0629992879034 3.71621008856136 1707864 1000
1454607435013 24870 51.0629992879034 3.71621008856136 1517848 1000
1454607436013 25870 51.0630756844019 3.7163213777428 524372 1000
1454607437013 26870 51.0632473072004 3.71655060913981 1889896 1000
1454607438013 27870 51.0632473072004 3.71655060913981 915292 1000
1454607439013 28870 51.0633293684294 3.71666434725887 611344 1000
1454607440014 29871 51.0634084217754 3.71677404368374 1327080 1001
1454607441013 30870 51.0634828369426 3.71687891111898 1298124 999
1454607442013 31870 51.0635556626717 3.71697944683011 1480104 1000
1454607443013 32870 51.0636263642634 3.71707832404921 1593336 1000
1454607444014 33871 51.0636927158073 3.71716957607965 1758752 1001
1454607445014 34871 51.0637595824683 3.7172511100518 1714448 1000
1454607446013 35870 51.0638250745619 3.71732634741782 1251152 999
1454607447013 36870 51.063883462533 3.71739895828765 962860 1000
1454607448013 37870 51.063933724099 3.71746677483316 1465276 1000
1454607449014 38871 51.0639749500392 3.7175271190195 1503668 1001
1454607450013 39870 51.0640085444857 3.71758512959272 1596292 999
1454607451014 40871 51.0640367236639 3.71763696108193 1771712 1001
1454607452014 41871 51.0640603859436 3.71768819525596 1842716 1000
1454607453013 42870 51.0640793116093 3.71773488281315 1961340 999
1454607454013 43870 51.0640983983792 3.71777275343614 2142620 1000
1454607455013 44870 51.0641117998021 3.71779297143275 2588212 1000
1454607456013 45870 51.0641117998021 3.71779297143275 2359104 1000
1454607457014 46871 51.0641219615356 3.71780416808674 2842232 1001
1454607458014 47871 51.0641219615356 3.71780416808674 2922360 1000
1454607459013 48870 51.0641219615356 3.71780416808674 2703440 999
1454607460013 49870 51.0641219615356 3.71780416808674 2686512 1000
1454607461013 50870 51.0641219615356 3.71780416808674 1726788 1000
1454607462014 51871 51.0641219615356 3.71780416808674 1032568 1001
1454607463013 52870 51.0641468159858 3.71782853607985 1463928 999
1454607464013 53870 51.0641665568013 3.71786262329159 1109404 1000
1454607465013 54870 51.0641901372478 3.71790404359649 1645284 1000
1454607466013 55870 51.0642177641377 3.71795518788176 1890520 1000
1454607467013 56870 51.0642489893551 3.71801109133602 2699448 1000
1454607468013 57870 51.0642861921563 3.71806676948126 2586760 1000
1454607469014 58871 51.0643403382056 3.71813267586974 2898900 1001
1454607470014 59871 51.0644011045737 3.7182139469002 2919924 1000
1454607471014 60871 51.0644692287784 3.71830571941936 2792148 1000
1454607472013 61870 51.0645381951521 3.71840580053039 3154424 999
1454607473013 62870 51.0646098824722 3.71851317262389 4327368 1000
1454607474013 63870 51.0646837736903 3.71862736279215 4823224 1000
1454607475013 64870 51.0647583175396 3.7187464988771 5873008 1000
1454607476014 65871 51.0648283670254 3.71886774937617 5261064 1001
1454607477013 66870 51.0648943999407 3.71899026719353 4837376 999
1454607478014 67871 51.0649550285388 3.71911083316823 4505548 1001
1454607479014 68871 51.0650070630634 3.7192296771888 3530776 1000
1454607480014 69871 51.065048657595 3.71934999958488 3844832 1000
1454607481014 70871 51.0650862689361 3.71946484533161 2945536 1000
1454607482013 71870 51.0651128953295 3.71955523349635 3260556 999
1454607483014 72871 51.0651321197008 3.71961251575537 4221836 1001
1454607484013 73870 51.0651463719619 3.7196421528187 4208504 999
1454607485014 74871 51.0651535540342 3.71965316517077 4049572 1001
1454607486013 75870 51.0651535540342 3.71965316517077 4966108 999
1454607487013 76870 51.0651535540342 3.71965316517077 3749020 1000
1454607488013 77870 51.0651535540342 3.71965316517077 5378132 1000
1454607489013 78870 51.0651535540342 3.71965316517077 5396148 1000
1454607490013 79870 51.0651535540342 3.71965316517077 5142516 1000
1454607491014 80871 51.0651535540342 3.71965316517077 5301684 1001
1454607492014 81871 51.0651535540342 3.71965316517077 4994084 1000
1454607493014 82871 51.0651535540342 3.71965316517077 3762660 1000
1454607494013 83870 51.0651535540342 3.71965316517077 3421228 999
1454607495013 84870 51.0651535540342 3.71965316517077 5047112 1000
1454607496014 85871 51.0651535540342 3.71965316517077 5708388 1001
1454607497013 86870 51.0651535540342 3.71965316517077 3595544 999
1454607498013 87870 51.0651535540342 3.71965316517077 4954112 1000
1454607499013 88870 51.0651535540342 3.71965316517077 3874272 1000
1454607500013 89870 51.0651535540342 3.71965316517077 4561400 1000
1454607501013 90870 51.0651535540342 3.71965316517077 6705152 1000
1454607502014 91871 51.0651535540342 3.71965316517077 5263360 1001
1454607503014 92871 51.0651535540342 3.71965316517077 4255744 1000
1454607504013 93870 51.0651535540342 3.71965316517077 6955008 999
1454607505013 94870 51.0651535540342 3.71965316517077 6922396 1000
1454607506013 95870 51.0651535540342 3.71965316517077 3131572 1000
1454607507014 96871 51.0651535540342 3.71965316517077 4571744 1001
1454607508013 97870 51.0651535540342 3.71965316517077 4093952 999
1454607509013 98870 51.0651535540342 3.71965316517077 6580224 1000
1454607510013 99870 51.0651535540342 3.71965316517077 6443008 1000
1454607511013 100870 51.0651535540342 3.71965316517077 6830080 1000
1454607512014 101871 51.0651535540342 3.71965316517077 5242880 1001
1454607513014 102871 51.0651535540342 3.71965316517077 4976640 1000
1454607514013 103870 51.0651535540342 3.71965316517077 5799936 999
1454607515013 104870 51.0651535540342 3.71965316517077 6656000 1000
1454607516014 105871 51.0651535540342 3.71965316517077 6955008 1001
1454607517013 106870 51.0651535540342 3.71965316517077 5365760 999
1454607518013 107870 51.0651535540342 3.71965316517077 4747264 1000
1454607519013 108870 51.0651535540342 3.71965316517077 5208064 1000
1454607520014 109871 51.0651535540342 3.71965316517077 6594560 1001
1454607521014 110871 51.0651535540342 3.71965316517077 6586368 1000
1454607522014 111871 51.0651535540342 3.71965316517077 5163008 1000
1454607523013 112870 51.0651535540342 3.71965316517077 4730880 999
1454607524014 113871 51.0651535540342 3.71965316517077 5791744 1001
1454607525013 114870 51.0651535540342 3.71965316517077 6666240 999
1454607526013 115870 51.0651535540342 3.71965316517077 6492160 1000
1454607527013 116870 51.0651535540342 3.71965316517077 5185536 1000
1454607528013 117870 51.0651535540342 3.71965316517077 5017600 1000
1454607529013 118870 51.0651535540342 3.71965316517077 868352 1000
1454607530013 119870 51.0651535540342 3.71965316517077 5152768 1000
1454607531013 120870 51.0651535540342 3.71965316517077 6787072 1000
1454607532014 121871 51.0651535540342 3.71965316517077 4132864 1001
1454607533014 122871 51.0651535540342 3.71965316517077 2504704 1000
1454607534013 123870 51.0651535540342 3.71965316517077 2373632 999
1454607535014 124871 51.0651535540342 3.71965316517077 6780928 1001
1454607536013 125870 51.0651535540342 3.71965316517077 7002112 999
1454607537013 126870 51.0651535540342 3.71965316517077 4608000 1000
1454607538013 127870 51.0651535540342 3.71965316517077 4296704 1000
1454607539013 128870 51.0651535540342 3.71965316517077 5150720 1000
1454607540015 129872 51.0651535540342 3.71965316517077 6574080 1002
1454607541014 130871 51.0651535540342 3.71965316517077 7618560 999
1454607542013 131870 51.0651535540342 3.71965316517077 5314560 999
1454607543013 132870 51.0651535540342 3.71965316517077 4939776 1000
1454607544013 133870 51.0651535540342 3.71965316517077 4694016 1000
1454607545013 134870 51.0651535540342 3.71965316517077 6445056 1000
1454607546013 135870 51.0651535540342 3.71965316517077 6608896 1000
1454607547013 136870 51.0651535540342 3.71965316517077 5443584 1000
1454607548014 137871 51.0651535540342 3.71965316517077 4585472 1001
1454607549013 138870 51.0651535540342 3.71965316517077 5261312 999
1454607550013 139870 51.0651535540342 3.71965316517077 6471680 1000
1454607551014 140871 51.0651535540342 3.71965316517077 5267456 1001
1454607552014 141871 51.0651535540342 3.71965316517077 4427776 1000
1454607553014 142871 51.0651535540342 3.71965316517077 4317184 1000
1454607554014 143871 51.0651535540342 3.71965316517077 5021696 1000
1454607555013 144870 51.0651535540342 3.71965316517077 6447104 999
1454607556014 145871 51.0651535540342 3.71965316517077 6359040 1001
1454607557013 146870 51.0651535540342 3.71965316517077 5924864 999
1454607558014 147871 51.0651535540342 3.71965316517077 4831232 1001
1454607559013 148870 51.0651535540342 3.71965316517077 4626432 999
1454607560013 149870 51.0651535540342 3.71965316517077 6129664 1000
1454607561013 150870 51.0651535540342 3.71965316517077 6400000 1000
1454607562014 151871 51.0651535540342 3.71965316517077 5447680 1001
1454607563013 152870 51.0651535540342 3.71965316517077 4472832 999
1454607564013 153870 51.0651535540342 3.71965316517077 5636096 1000
1454607565013 154870 51.0651535540342 3.71965316517077 6676480 1000
1454607566014 155871 51.0651535540342 3.71965316517077 6823936 1001
1454607567014 156871 51.0651535540342 3.71965316517077 5218304 1000
1454607568013 157870 51.0651535540342 3.71965316517077 4603904 999
1454607569014 158871 51.0651672300953 3.71966705569362 4808704 1001
1454607570013 159870 51.0651868398645 3.71970712405311 6320128 999
1454607571013 160870 51.0652133327589 3.71976017839833 5905336 1000
1454607572014 161871 51.0652407011903 3.71982734603409 4711728 1001
1454607573013 162870 51.0652728448301 3.71991576252734 3735552 999
1454607574013 163870 51.0653106471909 3.72002555527271 5791744 1000
1454607575014 164871 51.0653508878053 3.7201593205306 4514016 1001
1454607576014 165871 51.0653945745 3.72029422451275 3317636 1000
1454607577014 166871 51.0654412228472 3.72043422479199 2722916 1000
1454607578013 167870 51.0654855460455 3.72058112962098 3075816 999
1454607579013 168870 51.0655248768261 3.72072885016561 2190992 1000
1454607580014 169871 51.0655643081436 3.72087340912269 1990996 1001
1454607581013 170870 51.0656402218264 3.72116078343118 1920900 999
1454607582013 171870 51.0656763766234 3.72129602345704 1524588 1000
1454607583013 172870 51.0656763766234 3.72129602345704 1019088 1000
1454607584013 173870 51.0657617724494 3.72155475852173 2243772 1000
1454607585014 174871 51.0658202201819 3.72167258796084 1341908 1001
1454607586014 175871 51.0658706941855 3.72180000302371 1210504 1000
1454607587013 176870 51.0659146805545 3.72192863938485 1308908 999
1454607588013 177870 51.0659568953211 3.72205903302173 1484148 1000
1454607589013 178870 51.0659983256446 3.72219789058775 1257036 1000
1454607590013 179870 51.0660440191627 3.72234198469596 1211152 1000
1454607591013 180870 51.0660440191627 3.72234198469596 2329344 1000
1454607592013 181870 51.0660847352812 3.72248974541687 2352452 1000
1454607593013 182870 51.0661621697093 3.72277556359113 2020460 1000
1454607594013 183870 51.0662008325215 3.72292127883719 1328480 1000
1454607595013 184870 51.0662008325215 3.72292127883719 1389788 1000
1454607596014 185871 51.0662406219459 3.72307067530939 2036336 1001
1454607597014 186871 51.0662809790181 3.72322623166871 2395888 1000
1454607598014 187871 51.0663214586688 3.72338395346136 1949856 1000
1454607599013 188870 51.0663586901521 3.72354232060047 2379220 999
1454607600013 189870 51.0663954181751 3.72369447953951 2951220 1000
1454607601013 190870 51.0664262571909 3.72384481001774 3265912 1000
1454607602014 191871 51.0664583395132 3.72398827674324 3270228 1001
1454607603013 192870 51.0664921979109 3.72412829485829 4128244 999
1454607604013 193870 51.0665268772399 3.72426740000912 4065640 1000
1454607605013 194870 51.0665623734352 3.72440721064884 3695684 1000
1454607606013 195870 51.0665977476091 3.72454802609535 3399312 1000
1454607607013 196870 51.0666369947603 3.72468577494841 3056284 1000
1454607608013 197870 51.0667065277558 3.72496233085098 2694284 1000
1454607609013 198870 51.066739338147 3.72509535786596 2101560 1000
1454607610013 199870 51.0667699911724 3.72522152802325 2502508 1000
1454607611013 200870 51.0668010380362 3.72534095369339 1899332 1000
1454607612013 201870 51.066831736794 3.725459961044 1472016 1000
1454607613013 202870 51.0668635747255 3.72558056080959 2162192 1000
1454607614013 203870 51.0668960413547 3.72570225191013 2089400 1000
1454607615013 204870 51.0669287013622 3.72582237282593 1423488 1000
1454607616014 205871 51.0669591222946 3.72594259091639 874852 1001
1454607617014 206871 51.0669873472072 3.72606170668262 1190284 1000
1454607618013 207870 51.0670150952251 3.7261772377267 1578508 999
1454607619014 208871 51.0670432722127 3.72629164974404 2200636 1001
1454607620013 209870 51.0670704561837 3.72640305066569 2212820 999
1454607621014 210871 51.0670962604426 3.72650236546073 1656588 1001
1454607622014 211871 51.0671176461953 3.72658454803467 1403268 1000
1454607623013 212870 51.0671315320595 3.72664780304604 687480 999
1454607624013 213870 51.0671315320595 3.72664780304604 0 1000
1454607625013 214870 51.0671422511607 3.72669385540321 0 1000
1454607626014 215871 51.0671481543551 3.72672168230014 0 1001
1454607627013 216870 51.0671481543551 3.72672168230014 3810132 999
1454607628013 217870 51.0671481543551 3.72672168230014 6258688 1000
1454607629013 218870 51.0671597995932 3.72670742639297 6946816 1000
1454607630013 219870 51.0671597995932 3.72670742639297 6576128 1000
1454607631014 220871 51.0671597995932 3.72670742639297 6848512 1001
1454607632013 221870 51.0671597995932 3.72670742639297 6909952 999
1454607633013 222870 51.0671597995932 3.72670742639297 5820416 1000
1454607634013 223870 51.0671597995932 3.72670742639297 5054464 1000
1454607635013 224870 51.0671597995932 3.72670742639297 4788224 1000
1454607636013 225870 51.0671597995932 3.72670742639297 6729728 1000
1454607637013 226870 51.0671597995932 3.72670742639297 6934528 1000
1454607638013 227870 51.0671597995932 3.72670742639297 5197824 1000
1454607639013 228870 51.0671597995932 3.72670742639297 4775936 1000
1454607640013 229870 51.0671597995932 3.72670742639297 6133760 1000
1454607641013 230870 51.0671597995932 3.72670742639297 6844416 1000
1454607642013 231870 51.0671597995932 3.72670742639297 6918144 1000
1454607643013 232870 51.0671597995932 3.72670742639297 4517888 1000
1454607644013 233870 51.0671597995932 3.72670742639297 4433920 1000
1454607645013 234870 51.0671597995932 3.72670742639297 6653952 1000
1454607646013 235870 51.0671597995932 3.72670742639297 6846464 1000
1454607647013 236870 51.0671597995932 3.72670742639297 7079936 1000
1454607648013 237870 51.0671597995932 3.72670742639297 4777984 1000
1454607649014 238871 51.0671597995932 3.72670742639297 5120000 1001
1454607650013 239870 51.0671597995932 3.72670742639297 7559168 999
1454607651014 240871 51.0671597995932 3.72670742639297 6799360 1001
1454607652013 241870 51.0671597995932 3.72670742639297 6985728 999
1454607653013 242870 51.0671597995932 3.72670742639297 5513216 1000
1454607654013 243870 51.0671597995932 3.72670742639297 4610048 1000
1454607655013 244870 51.0671597995932 3.72670742639297 1984512 1000
1454607656013 245870 51.0671597995932 3.72670742639297 4304896 1000
1454607657013 246870 51.0671597995932 3.72670742639297 6801408 1000
1454607658013 247870 51.0671597995932 3.72670742639297 5900288 1000
1454607659013 248870 51.0671597995932 3.72670742639297 4442112 1000
1454607660013 249870 51.0671597995932 3.72670742639297 6010880 1000
1454607661013 250870 51.0671597995932 3.72670742639297 6615040 1000
1454607662013 251870 51.0671597995932 3.72670742639297 6840320 1000
1454607663013 252870 51.0671597995932 3.72670742639297 5795840 1000
1454607664013 253870 51.0671597995932 3.72670742639297 4947968 1000
1454607665014 254871 51.0671597995932 3.72670742639297 5144576 1001
1454607666013 255870 51.0671597995932 3.72670742639297 6359040 999
1454607667014 256871 51.0671597995932 3.72670742639297 6699008 1001
1454607668014 257871 51.0671597995932 3.72670742639297 5320704 1000
1454607669013 258870 51.0671597995932 3.72670742639297 5120000 999
1454607670013 259870 51.0671597995932 3.72670742639297 4941824 1000
1454607671014 260871 51.0671597995932 3.72670742639297 6715392 1001
1454607672013 261870 51.0671597995932 3.72670742639297 6942720 999
1454607673014 262871 51.0671597995932 3.72670742639297 6434816 1001
1454607674013 263870 51.0671597995932 3.72670742639297 5398528 999
1454607675013 264870 51.0671597995932 3.72670742639297 4286464 1000
1454607676013 265870 51.0671597995932 3.72670742639297 4769792 1000
1454607677013 266870 51.0671597995932 3.72670742639297 6352896 1000
1454607678013 267870 51.0671597995932 3.72670742639297 6922240 1000
1454607679014 268871 51.0671597995932 3.72670742639297 6975488 1001
1454607680013 269870 51.0671785390041 3.72674420188344 6541312 999
1454607681013 270870 51.0671785390041 3.72674420188344 5849088 1000
1454607682013 271870 51.0671958770007 3.72680716299096 5439488 1000
1454607683013 272870 51.0672395980645 3.72696948018741 4726784 1000
1454607684014 273871 51.0672727904567 3.7270625556098 6316032 1001
1454607685014 274871 51.0673102401173 3.72717487434781 6301696 1000
1454607686013 275870 51.067348099824 3.72730192187204 5543936 999
1454607687013 276870 51.0673838281053 3.72743794583487 4911104 1000
1454607688013 277870 51.0674194005189 3.72757488511959 5171416 1000
1454607689013 278870 51.0674576678472 3.7277122180726 3874516 1000
1454607690013 279870 51.0674944348162 3.72784667456115 6590464 1000
1454607691013 280870 51.0675275269926 3.72797636902608 6502400 1000
1454607692014 281871 51.067558083746 3.72809435699932 5955584 1001
1454607693013 282870 51.0675851715579 3.72819893633043 5670912 999
1454607694013 283870 51.067601487046 3.72828573257452 5730304 1000
1454607695013 284870 51.0676066072746 3.7283521200377 4597760 1000
1454607696013 285870 51.0676077306033 3.72839424618927 6193152 1000
1454607697013 286870 51.0676077306033 3.72839424618927 5859328 1000
1454607698014 287871 51.0675980960441 3.72841871827794 6199296 1001
1454607699013 288870 51.0675980960441 3.72841871827794 6158336 999
1454607700013 289870 51.0675980960441 3.72841871827794 4608000 1000
1454607701013 290870 51.0675933103819 3.72840647358858 5654528 1000
1454607702013 291870 51.0675933103819 3.72840647358858 6731776 1000
1454607703014 292871 51.0675933103819 3.72840647358858 6828032 1001
1454607704013 293870 51.067590257284 3.72838109149957 4268032 999
1454607705013 294870 51.067590257284 3.72838109149957 4296704 1000
1454607706013 295870 51.067590257284 3.72838109149957 6795264 1000
1454607707014 296871 51.067590257284 3.72838109149957 6586368 1001
1454607708014 297871 51.0676025028021 3.72841112467125 7047168 1000
1454607709013 298870 51.0676219152706 3.72846585460541 4798464 999
1454607710013 299870 51.067641682129 3.72854157115975 4141056 1000
1454607711013 300870 51.0676617549188 3.72863424780862 6127616 1000
1454607712014 301871 51.0676850206425 3.72874896407794 7188480 1001
1454607713013 302870 51.0677109545251 3.72888711564838 6920192 999
1454607714014 303871 51.0677319687375 3.72903077561096 4052992 1001
1454607715013 304870 51.0677432443935 3.72916516529311 4456448 999
1454607716014 305871 51.0677481765561 3.72929390498902 6852608 1001
1454607717014 306871 51.0677490529882 3.72941942292245 6627328 1000
1454607718014 307871 51.0677459797474 3.7295427134056 6955008 1000
1454607719014 308871 51.0677419557224 3.7296736513865 4313088 1000
1454607720014 309871 51.0677351580792 3.72981242892151 3952640 1000
1454607721013 310870 51.0677265127648 3.72995756765706 6985728 999
1454607722013 311870 51.0677185415669 3.73010549624084 6555648 1000
1454607723013 312870 51.0677124964037 3.73025486929666 7213056 1000
1454607724013 313870 51.0677083658854 3.73040704522288 4792320 1000
1454607725013 314870 51.067705796515 3.73056956508776 4046848 1000
1454607726013 315870 51.0677029021162 3.73072255776712 6782976 1000
1454607727013 316870 51.0676983451282 3.7308605135429 6813696 1000
1454607728013 317870 51.0677003845272 3.73100157484212 7182336 1000
1454607729013 318870 51.0677091084664 3.73114988478518 4472832 1000
1454607730014 319871 51.0677091084664 3.73114988478518 1802240 1001
1454607731014 320871 51.0677313260938 3.73147723828899 2306048 1000
1454607732013 321870 51.0677441676852 3.73165408216393 6053888 999
1454607733013 322870 51.0677554703299 3.73183473529678 7294976 1000
1454607734013 323870 51.0677673487879 3.73201034566534 4851712 1000
1454607735013 324870 51.0677673487879 3.73201034566534 5113856 1000
1454607736013 325870 51.0677861194998 3.73234263934372 7680000 1000
1454607737013 326870 51.0677942942113 3.73249313140642 6877184 1000
1454607738013 327870 51.0677970692751 3.73262485053655 4681964 1000
1454607739013 328870 51.0677918200625 3.73274459279276 3972764 1000
1454607740014 329871 51.0677763641267 3.73285876390878 3739624 1001
1454607741014 330871 51.067745083744 3.73295952124866 3217760 1000
1454607742013 331870 51.0676988059362 3.73304954169391 2642260 999
1454607743014 332871 51.0675484172464 3.73317096277811 2146716 1001
1454607744014 333871 51.0675484172464 3.73317096277811 1085192 1000
1454607745013 334870 51.0674575339562 3.73321132024907 2842828 999
1454607746014 335871 51.0673664531134 3.73325581327539 2888588 1001
1454607747014 336871 51.067264960745 3.73329431041623 3735484 1000
1454607748013 337870 51.0671578618434 3.73333815204161 3929420 999
1454607749013 338870 51.0670389539971 3.73340099304639 3189452 1000
1454607750013 339870 51.0670389539971 3.73340099304639 3050440 1000
1454607751014 340871 51.0668036235384 3.73353192969124 2476588 1001
1454607752013 341870 51.0666894931989 3.73359102734721 3501792 999
1454607753013 342870 51.0665708906261 3.73365962746949 3157100 1000
1454607754014 343871 51.0664500433122 3.73373233596488 2350440 1001
1454607755013 344870 51.0663343758501 3.73380047572066 2943072 999
1454607756013 345870 51.0662203128935 3.73386352469178 3416532 1000
1454607757013 346870 51.066112806809 3.73391818746851 3756912 1000
1454607758013 347870 51.0660055237086 3.73396704779622 4058236 1000
1454607759014 348871 51.065900020139 3.73401242831344 4348504 1001
1454607760014 349871 51.0657951851634 3.73405560373371 4913152 1000
1454607761013 350870 51.0656916341391 3.73410691975466 4449264 999
1454607762013 351870 51.0655920348478 3.73414768991908 4487880 1000
1454607763013 352870 51.0654853766968 3.73419499598567 4483204 1000
1454607764013 353870 51.06537696761 3.73424559300584 4147096 1000
1454607765013 354870 51.065264060814 3.7342959240165 3440304 1000
1454607766013 355870 51.0651583268126 3.73434991031428 3460964 1000
1454607767013 356870 51.0650572372973 3.7344007977233 2789792 1000
1454607768013 357870 51.0649584648725 3.73444830955697 3055628 1000
1454607769013 358870 51.0648624925674 3.73448638213826 3054568 1000
1454607770013 359870 51.0647664471456 3.73449440317115 2821364 1000
1454607771013 360870 51.0646733182433 3.73448208047661 2901596 1000
1454607772013 361870 51.064586024016 3.73445071851537 3100452 1000
1454607773013 362870 51.0645019841633 3.73438558387103 3240204 1000
1454607774013 363870 51.064423134017 3.73430427507404 2781208 1000
1454607775013 364870 51.0643472187107 3.73421792666437 2342176 1000
1454607776014 365871 51.0642703399908 3.73415067107262 2510624 1001
1454607777013 366870 51.0641896204701 3.73410717985396 2433712 999
1454607778013 367870 51.0641064523689 3.73408991966966 2659032 1000
1454607779014 368871 51.064019431615 3.73409522411118 2569288 1001
1454607780016 369873 51.0639322177258 3.73412355351977 2485480 1002
1454607781013 370870 51.0638478818573 3.73416801568473 2767676 997
1454607782013 371870 51.0637637723798 3.73422677847831 2956684 1000
1454607783013 372870 51.0636738516987 3.73428600694511 3326344 1000
1454607784014 373871 51.0635790958761 3.73434049749187 3846548 1001
1454607785013 374870 51.0634851275096 3.73441605295513 4529980 999
1454607786014 375871 51.0634019392938 3.73447425471526 4276500 1001
1454607787014 376871 51.063320289831 3.73451393169292 3438048 1000
1454607788014 377871 51.0632366156365 3.73454680593389 3653080 1000
1454607789013 378870 51.0631492725926 3.73458017907835 3453992 999
1454607790013 379870 51.063068645729 3.73461517632377 2364624 1000
1454607791013 380870 51.0629917738303 3.73465038221823 2221920 1000
1454607792013 381870 51.0629011288949 3.73471823259149 2286056 1000
1454607793014 382871 51.0628124959941 3.73477254225118 2350648 1001
1454607794013 383870 51.0627317045057 3.73481682192636 2212620 999
1454607795013 384870 51.0626620421405 3.7348496535995 2357100 1000
1454607796014 385871 51.0625963341725 3.73487586291016 2536936 1001
1454607797013 386870 51.0625335635985 3.73490223931929 2648384 999
1454607798014 387871 51.0624692398513 3.73492735576198 3022344 1001
1454607799014 388871 51.0624016198498 3.73495512320557 2962512 1000
1454607800013 389870 51.0623290566816 3.73498783437072 2947636 999
1454607801013 390870 51.0622499607661 3.73502379816854 2689700 1000
1454607802014 391871 51.0621661747511 3.73506102359056 2730064 1001
1454607803014 392871 51.0620783716767 3.73510028541776 2809856 1000
1454607804013 393870 51.0619892951864 3.73513820249251 2921712 999
1454607805013 394870 51.0618947769514 3.73517881178792 2644752 1000
1454607806013 395870 51.0618018287691 3.73523245946282 2825872 1000
1454607807013 396870 51.0617125002556 3.73530594465414 2988488 1000
1454607808013 397870 51.0616307576567 3.7353910400102 3167800 1000
1454607809013 398870 51.0615593683194 3.73549206595926 3344936 1000
1454607810013 399870 51.0615010997815 3.73560631519556 2877432 1000
1454607811013 400870 51.0614573144216 3.73570888395327 2709120 1000
1454607812013 401870 51.0614153778335 3.73581721874423 2585824 1000
1454607813013 402870 51.0613766458293 3.73591809712524 2801144 1000
1454607814014 403871 51.0613347507649 3.73600592494487 2836192 1001
1454607815013 404870 51.0612956248602 3.73608328948527 2694504 999
1454607816014 405871 51.06124578111 3.7361574538369 2904104 1001
1454607817014 406871 51.0611847224827 3.73621853450797 2915672 1000
1454607818013 407870 51.06111040836 3.73625422618704 2878628 999
1454607819014 408871 51.0610272723599 3.73625613012661 2779500 1001
1454607820014 409871 51.0609319619205 3.73627634548616 3074008 1000
1454607821013 410870 51.0608272057719 3.73630661963465 2807652 999
1454607822014 411871 51.0607184108309 3.7363467196078 3670732 1001
1454607823014 412871 51.0606100505524 3.7363917575203 2669016 1000
1454607824014 413871 51.0605011741988 3.73644058561405 2204808 1000
1454607825014 414871 51.0603901613985 3.73649151458051 3362188 1000
1454607826013 415870 51.060284061012 3.73654328704731 2744256 999
1454607827014 416871 51.0601783152096 3.73659557807651 2499732 1001
1454607828013 417870 51.0600754027431 3.73664569014894 2460748 999
1454607829013 418870 51.0599748239094 3.73669415247249 2175648 1000
1454607830014 419871 51.0598757041315 3.73674384949079 1825216 1001
1454607831013 420870 51.0597749171206 3.73678990868973 986736 999
1454607832013 421870 51.0596742244025 3.73683049876975 947644 1000
1454607833013 422870 51.0595747219755 3.73687347296756 1040656 1000
1454607834014 423871 51.0594759463457 3.73692009439632 1742964 1001
1454607835014 424871 51.0593771713287 3.73696517334679 938908 1000
1454607836013 425870 51.0592772694828 3.73700988645065 2069828 999
1454607837013 426870 51.0591807659004 3.73706861534048 1550200 1000
1454607838014 427871 51.0590829410617 3.73712514662612 648388 1001
1454607839013 428870 51.0589832573204 3.7371793547086 1867136 999
1454607840013 429870 51.0588798300756 3.73723627935123 2058992 1000
1454607841013 430870 51.0587761053611 3.73730128680955 1562980 1000
1454607842014 431871 51.058675061627 3.73736588511923 1730780 1001
1454607843013 432870 51.0585753779377 3.73743816964885 2561304 999
1454607844014 433871 51.0584780837162 3.73750760226773 2765916 1001
1454607845013 434870 51.0583863483735 3.73756004988688 2215540 999
1454607846014 435871 51.0582996271716 3.73760659820909 1850752 1001
1454607847014 436871 51.0582122863324 3.73765782160138 2015908 1000
1454607848013 437870 51.0581280487585 3.73770188034422 1883156 999
1454607849014 438871 51.0580484352394 3.73773989686635 2154132 1001
1454607850014 439871 51.0579734266957 3.73777598811198 1835300 1000
1454607851013 440870 51.0579031165694 3.73781139333976 1321040 999
1454607852013 441870 51.0578378666292 3.73784365654925 1294728 1000
1454607853013 442870 51.0577827729365 3.73786843643497 1980964 1000
1454607854013 443870 51.0577394029485 3.73789096169919 2550416 1000
1454607855013 444870 51.0577081855416 3.73790384105159 2644880 1000
1454607856014 445871 51.0576904653809 3.73791128134025 2752564 1001
1454607857014 446871 51.0576904653809 3.73791128134025 2942660 1000
1454607858013 447870 51.0576904653809 3.73791128134025 2358144 999
1454607859013 448870 51.0576904653809 3.73791128134025 1802352 1000
1454607860014 449871 51.0576904653809 3.73791128134025 2766856 1001
1454607861013 450870 51.0576904653809 3.73791128134025 2384552 999
1454607862013 451870 51.0576904653809 3.73791128134025 1992992 1000
1454607863013 452870 51.0576904653809 3.73791128134025 2460100 1000
1454607864013 453870 51.0576904653809 3.73791128134025 2588860 1000
1454607865013 454870 51.0576904653809 3.73791128134025 2533540 1000
1454607866013 455870 51.0576904653809 3.73791128134025 2886820 1000
1454607867013 456870 51.0576904653809 3.73791128134025 2907640 1000
1454607868013 457870 51.0576904653809 3.73791128134025 2981020 1000
1454607869013 458870 51.0576904653809 3.73791128134025 2996920 1000
1454607870013 459870 51.0576904653809 3.73791128134025 2854256 1000
1454607871014 460871 51.0576792403094 3.73791452775829 2777372 1001
1454607872014 461871 51.0576687636174 3.73791224342099 2665360 1000
1454607873013 462870 51.0576582426941 3.73791066716636 2692268 999
1454607874013 463870 51.0576582426941 3.73791066716636 2652188 1000
1454607875014 464871 51.0576582426941 3.73791066716636 2775248 1001
1454607876013 465870 51.0576582426941 3.73791066716636 2897136 999
1454607877013 466870 51.0576469801379 3.73789647206826 2953468 1000
1454607878013 467870 51.0576325842957 3.73789506431089 3179472 1000
1454607879013 468870 51.0576102201288 3.73789825209264 3114368 1000
1454607880013 469870 51.0575893355537 3.73790754919445 2933056 1000
1454607881013 470870 51.0575893355537 3.73790754919445 2695420 1000
1454607882014 471871 51.057563927703 3.73791722007059 2532288 1001
1454607883013 472870 51.0575537895665 3.73791803351779 2729236 999
1454607884013 473870 51.0575537895665 3.73791803351779 2774648 1000
1454607885014 474871 51.0575537895665 3.73791803351779 2572688 1001
1454607886013 475870 51.0575537895665 3.73791803351779 2248176 999
1454607887014 476871 51.0575537895665 3.73791803351779 2301968 1001
1454607888013 477870 51.0575537895665 3.73791803351779 2346300 999
1454607889013 478870 51.0575537895665 3.73791803351779 2477596 1000
1454607890014 479871 51.0575537895665 3.73791803351779 2085304 1001
1454607891013 480870 51.0575537895665 3.73791803351779 1901328 999
1454607892013 481870 51.0575537895665 3.73791803351779 1663432 1000
1454607893014 482871 51.0575537895665 3.73791803351779 2168932 1001
1454607894014 483871 51.0575537895665 3.73791803351779 2094768 1000
1454607895014 484871 51.0575537895665 3.73791803351779 2321992 1000
1454607896013 485870 51.0575537895665 3.73791803351779 2365028 999
1454607897013 486870 51.0575390827767 3.73792460158428 2607032 1000
1454607898013 487870 51.0575118644491 3.73793986991896 2504144 1000
1454607899013 488870 51.0574803973641 3.73795440786413 2490196 1000
1454607900013 489870 51.0574528019564 3.73796306356593 2598900 1000
1454607901014 490871 51.057427762726 3.73797026621373 2728396 1001
1454607902014 491871 51.0574069592317 3.73798009374619 2367168 1000
1454607903014 492871 51.0573902330894 3.73799222732448 2409472 1000
1454607904014 493871 51.0573772469119 3.73800388059923 2857892 1000
1454607905013 494870 51.0573772469119 3.73800388059923 2580612 999
1454607906014 495871 51.0573772469119 3.73800388059923 2861156 1001
1454607907013 496870 51.0573772469119 3.73800388059923 2393348 999
1454607908013 497870 51.0573716513517 3.73801716437594 2514280 1000
1454607909013 498870 51.0573587190522 3.73803070503311 3352216 1000
1454607910013 499870 51.0573404805165 3.73804765285921 2739996 1000
1454607911013 500870 51.0573242424097 3.73806467657286 2943224 1000
1454607912014 501871 51.0573128108614 3.73807892806034 3243444 1001
1454607913013 502870 51.057301656846 3.73808835002952 2828676 999
1454607914013 503870 51.0572901538232 3.73809244953417 2917588 1000
1454607915013 504870 51.0572901538232 3.73809244953417 3201500 1000
1454607916013 505870 51.0572901538232 3.73809244953417 2818668 1000
1454607917013 506870 51.0572729086737 3.7380958135952 2400944 1000
1454607918014 507871 51.0572644662721 3.73810138133482 2584220 1001
1454607919013 508870 51.0572644662721 3.73810138133482 3083964 999
1454607920013 509870 51.0572644662721 3.73810138133482 3201500 1000
1454607921013 510870 51.0572644662721 3.73810138133482 2728352 1000
1454607922013 511870 51.0572644662721 3.73810138133482 2461448 1000
1454607923013 512870 51.0572644662721 3.73810138133482 2279468 1000
1454607924013 513870 51.0572644662721 3.73810138133482 2563884 1000
1454607925013 514870 51.0572644662721 3.73810138133482 2485516 1000
1454607926014 515871 51.0572553288094 3.73809756926758 430080 1001
1454607927013 516870 51.0572553288094 3.73809756926758 2445312 999
1454607928014 517871 51.0572553288094 3.73809756926758 2576384 1001
1454607929014 518871 51.0572553288094 3.73809756926758 3125248 1000
1454607930014 519871 51.0572553288094 3.73809756926758 2086912 1000
1454607931013 520870 51.0572553288094 3.73809756926758 2201600 999
1454607932013 521870 51.0572469455451 3.73810838857041 3190784 1000
1454607933013 522870 51.0572329709246 3.73811768227854 5351424 1000
1454607934014 523871 51.0572137128997 3.73812687248761 4634476 1001
1454607935014 524871 51.0571922117601 3.73814412957633 3388924 1000
1454607936013 525870 51.0571712743404 3.73816431405681 2883584 999
1454607937013 526870 51.0571601923762 3.73817593408419 2813952 1000
1454607938013 527870 51.0571601923762 3.73817593408419 2691072 1000
1454607939013 528870 51.0571601923762 3.73817593408419 2707456 1000
1454607940013 529870 51.0571601923762 3.73817593408419 2478080 1000
1454607941014 530871 51.0571601923762 3.73817593408419 1898496 1001
1454607942013 531870 51.0571601923762 3.73817593408419 2715648 999
1454607943014 532871 51.0571601923762 3.73817593408419 2605056 1001
1454607944013 533870 51.0571601923762 3.73817593408419 2582528 999
1454607945014 534871 51.0571601923762 3.73817593408419 3647488 1001
1454607946013 535870 51.0571601923762 3.73817593408419 2152448 999
1454607947015 536872 51.0571601923762 3.73817593408419 2533376 1002
1454607948013 537870 51.0571601923762 3.73817593408419 2951168 998
1454607949013 538870 51.0571601923762 3.73817593408419 4155392 1000
1454607950015 539872 51.0571601923762 3.73817593408419 3227648 1002
1454607951015 540872 51.0571601923762 3.73817593408419 2719744 1000
1454607952013 541870 51.0571472614009 3.7381851371753 2854912 998
1454607953014 542871 51.057130231919 3.73819902788066 2947072 1001
1454607954014 543871 51.0571072250367 3.73822021550281 2401740 1000
1454607955014 544871 51.0570765494578 3.73824623566687 1861588 1000
1454607956013 545870 51.0570366236603 3.73826728164796 1205112 999
1454607957013 546870 51.0569218527873 3.73828377563774 904508 1000
1454607958013 547870 51.0568453412219 3.73829089955281 29656 1000
1454607959013 548870 51.0567638991862 3.73831190180703 0 1000
1454607960013 549870 51.0566786861524 3.73834611829676 0 1000
1454607961013 550870 51.0566786861524 3.73834611829676 0 1000
1454607962013 551870 51.0565938195914 3.73838730099727 1218956 1000
1454607963013 552870 51.0565124182154 3.73843578042346 1925928 1000
1454607964013 553870 51.0564353566981 3.73847791519426 1473468 1000
1454607965013 554870 51.0563638524634 3.73851893954881 1946408 1000
1454607966013 555870 51.0562966206886 3.73856285119487 1536720 1000
1454607967013 556870 51.0562368878095 3.73860594722383 1542112 1000
1454607968013 557870 51.0561506105465 3.73869508136207 1397228 1000
1454607969013 558870 51.0561034051887 3.73873665033556 1278552 1000
1454607970013 559870 51.0560492597518 3.73876768094883 1296128 1000
1454607971013 560870 51.0560492597518 3.73876768094883 1058828 1000
1454607972013 561870 51.0559848589758 3.73878503602183 1883156 1000
1454607973013 562870 51.055910654047 3.73879851194612 2261944 1000
1454607974013 563870 51.0558308238968 3.73881000385316 2722960 1000
1454607975013 564870 51.0557471188344 3.73882803104747 1149844 1000
1454607976013 565870 51.0556648499018 3.73884877247247 2979884 1000
1454607977013 566870 51.0555810476995 3.73887891591688 2119600 1000
1454607978013 567870 51.0554980503526 3.73891396966528 1722744 1000
1454607979013 568870 51.0554157115519 3.73894998805823 2193896 1000
1454607980013 569870 51.0553382175983 3.73898438261227 3016064 1000
1454607981013 570870 51.0552638407792 3.73902233415699 3690288 1000
1454607982014 571871 51.055189097595 3.73906058281875 3703552 1001
1454607983013 572870 51.0551210396406 3.73908311841477 2803840 999
1454607984013 573870 51.0550469949887 3.73911255221384 2965196 1000
1454607985013 574870 51.0549717248869 3.73914440039415 4108668 1000
1454607986013 575870 51.054895811895 3.73917254756714 3045180 1000
1454607987014 576871 51.0548248121868 3.73919631215381 3709492 1001
1454607988014 577871 51.0547576153215 3.739223523815 3320072 1000
1454607989013 578870 51.0546935660958 3.73925370385814 3763232 999
1454607990013 579870 51.0546325705189 3.73927934010566 3875708 1000
1454607991014 580871 51.0545758378366 3.7393015445068 3871904 1001
