1453204999506 474 51.0364357898149 3.71153961131016 271052 474
1453205000504 1472 51.0364752226643 3.71153451806334 1467168 998
1453205001504 2472 51.0365348917978 3.71162356875668 1430228 1000
1453205002505 3473 51.0365833241638 3.71170803034665 1513804 1001
1453205003504 4472 51.0366220878851 3.71175419047874 1480104 999
1453205004504 5472 51.0366539129566 3.71178535338928 1610860 1000
1453205005504 6472 51.0367224738104 3.71183302801786 850588 1000
1453205006504 7472 51.0367224738104 3.71183302801786 0 1000
1453205007504 8472 51.0367531508525 3.71185013649562 957200 1000
1453205008504 9472 51.0367701807275 3.71184214258057 1196904 1000
1453205009504 10472 51.0367874132535 3.71182607870561 1649952 1000
1453205010504 11472 51.0368185694578 3.71180872364916 1540380 1000
1453205011504 12472 51.0368491686173 3.71178228550966 2124832 1000
1453205012505 13473 51.0368771854446 3.71174543662901 1377760 1001
1453205013504 14472 51.0369037658093 3.71170031203383 1779904 999
1453205014504 15472 51.0369252727398 3.71164878908963 2131188 1000
1453205015505 16473 51.0369463359398 3.71160113424307 1772724 1001
1453205016505 17473 51.0369702074509 3.71154335139424 1977412 1000
1453205017504 18472 51.0369702074509 3.71154335139424 1909468 999
1453205018504 19472 51.0370356682706 3.71144195292405 1534880 1000
1453205019505 20473 51.0370767569837 3.71140064752941 1319692 1001
1453205020505 21473 51.0371146107823 3.71135840281528 2453388 1000
1453205021504 22472 51.0371514834983 3.71132146893189 2655324 999
1453205022504 23472 51.0371954498674 3.71128383080432 2935428 1000
1453205023504 24472 51.0372464882081 3.71124573599665 3373112 1000
1453205024505 25473 51.0373036992711 3.711214704472 3444240 1001
1453205025504 26472 51.0374222277363 3.71117037681684 2664996 999
1453205026505 27473 51.0374809963329 3.71114797122952 1854848 1001
1453205027504 28472 51.0375435643311 3.71111888732939 1881808 999
1453205028505 29473 51.0375435643311 3.71111888732939 1779360 1001
1453205029505 30473 51.0376648029028 3.71103842283025 1983200 1000
1453205030504 31472 51.0377210056405 3.71099287688926 2097196 999
1453205031504 32472 51.0377770783771 3.71094493352306 2368540 1000
1453205032505 33473 51.0377770783771 3.71094493352306 1760384 1001
1453205033504 34472 51.037894903622 3.71085401047227 424936 999
1453205034504 35472 51.037894903622 3.71085401047227 2035812 1000
1453205035505 36473 51.0379560738031 3.71081360677681 1229376 1001
1453205036504 37472 51.0380164101552 3.71077500554501 2055804 999
1453205037504 38472 51.0380164101552 3.71077500554501 1776612 1000
1453205038505 39473 51.0381716814368 3.7106817472586 4144616 1001
1453205039504 40472 51.0381716814368 3.7106817472586 1884392 999
1453205040504 41472 51.0382154120408 3.71065736714646 3785728 1000
1453205041504 42472 51.0382471912915 3.71063573104951 3071084 1000
1453205042504 43472 51.0382471912915 3.71063573104951 4038084 1000
1453205043505 44473 51.0382892033933 3.71061784640938 3225636 1001
1453205044504 45472 51.0382982784213 3.71061434605318 2974000 999
1453205045504 46472 51.0382982784213 3.71061434605318 4323820 1000
1453205046504 47472 51.0382982784213 3.71061434605318 3215544 1000
1453205047504 48472 51.0383010800947 3.71059988883181 2864068 1000
1453205048504 49472 51.0383010800947 3.71059988883181 4185988 1000
1453205049504 50472 51.0383010800947 3.71059988883181 5224824 1000
1453205050504 51472 51.0383010800947 3.71059988883181 4302012 1000
1453205051504 52472 51.0383091634721 3.71058117726089 4672980 1000
1453205052504 53472 51.038330192944 3.71056828870516 2874100 1000
1453205053505 54473 51.0383615067404 3.7105486863622 4847244 1001
1453205054505 55473 51.038402209754 3.71052468524225 4251628 1000
1453205055504 56472 51.038451344305 3.71049828332004 4310920 999
1453205056504 57472 51.0385082115941 3.71047323461792 1603384 1000
1453205057504 58472 51.038566488484 3.71045298964939 4010984 1000
1453205058505 59473 51.0386248882577 3.71042616070919 1773968 1001
1453205059505 60473 51.0386832353556 3.71040397028497 3802536 1000
1453205060504 61472 51.0387431085013 3.71038215220418 2165060 999
1453205061505 62473 51.0388098896973 3.71037056752434 3193208 1001
1453205062504 63472 51.038891346168 3.71037252982694 3323160 999
1453205063504 64472 51.0389728596258 3.71034692501201 3096040 1000
1453205064504 65472 51.0390592870148 3.71032162884023 3297860 1000
1453205065505 66473 51.0391467307966 3.71029587099922 2952560 1001
1453205066505 67473 51.0392344204277 3.71027239653969 2928396 1000
1453205067504 68472 51.0393240909746 3.71025316212488 2853612 999
1453205068504 69472 51.0394156167182 3.71024298727651 3802708 1000
1453205069504 70472 51.0395084974271 3.7102279012909 3185488 1000
1453205070505 71473 51.0396009822209 3.71021668893029 4844548 1001
1453205071505 72473 51.0396933436696 3.71020453850041 2529872 1000
1453205072504 73472 51.0397868716787 3.71019273647622 3661824 999
1453205073505 74473 51.0398817793277 3.71017844004146 5101332 1001
1453205074504 75472 51.0399771526178 3.71016188497492 4772640 999
1453205075504 76472 51.0400719310419 3.71013958957598 2896600 1000
1453205076504 77472 51.0401697689202 3.71011869382009 2813972 1000
1453205077504 78472 51.0402683196001 3.71010366632889 3684352 1000
1453205078505 79473 51.0403686285267 3.71009287647569 1954332 1001
1453205079504 80472 51.0404741940565 3.71008615498247 2294296 999
1453205080504 81472 51.0405772710648 3.71009272050217 1675564 1000
1453205081504 82472 51.0406810863204 3.71009213546814 2059096 1000
1453205082505 83473 51.0407846397232 3.71009454030613 1373536 1001
1453205083504 84472 51.0409872438158 3.71010342194556 2704112 999
1453205084504 85472 51.0410836348378 3.71011121052006 791276 1000
1453205085504 86472 51.0411786366792 3.71012079949136 820932 1000
1453205086505 87473 51.0411786366792 3.71012079949136 1081096 1001
1453205087504 88472 51.0412706235505 3.71013350733304 2338780 999
1453205088504 89472 51.0413604512944 3.71014982767717 2233636 1000
1453205089504 90472 51.041448337939 3.71016533537231 2914572 1000
1453205090504 91472 51.0415370229269 3.71018428943653 2958664 1000
1453205091504 92472 51.0416257761335 3.71020451570925 2832148 1000
1453205092504 93472 51.041714576931 3.71022212969182 2931900 1000
1453205093505 94473 51.0418850123992 3.71028441167133 2469796 1001
1453205094504 95472 51.0419654658445 3.71032992914765 2055052 999
1453205095505 96473 51.0420456372203 3.71038911055738 2061072 1001
1453205096505 97473 51.0421225653914 3.71044782472898 2494208 1000
1453205097505 98473 51.0421979544091 3.71051233710139 2344172 1000
1453205098504 99472 51.0422748104029 3.71058147370832 3023648 999
1453205099504 100472 51.0423453232692 3.7106494262501 2677044 1000
1453205100505 101473 51.0424142659027 3.71072965008352 3314188 1001
1453205101505 102473 51.0424756829851 3.71080449602824 2875880 1000
1453205102504 103472 51.0425211231958 3.71085555093544 3235304 999
1453205103505 104473 51.0425552546038 3.71089384170013 3073284 1001
1453205104504 105472 51.04258672077 3.71092980518501 3353696 999
1453205105505 106473 51.0426148254763 3.71095590729998 3174948 1001
1453205106506 107474 51.0426351196267 3.71097854201539 2756640 1001
1453205107504 108472 51.0426487986288 3.71099590760479 2576416 998
1453205108504 109472 51.0426487986288 3.71099590760479 219724 1000
1453205109504 110472 51.0426487986288 3.71099590760479 4193628 1000
1453205110505 111473 51.0426487986288 3.71099590760479 2824192 1001
1453205111504 112472 51.0426487986288 3.71099590760479 4121404 999
1453205112504 113472 51.0426487986288 3.71099590760479 2816888 1000
1453205113504 114472 51.0426487986288 3.71099590760479 3605816 1000
1453205114504 115472 51.0426487986288 3.71099590760479 2655300 1000
1453205115504 116472 51.0426487986288 3.71099590760479 2831084 1000
1453205116504 117472 51.0426487986288 3.71099590760479 1603212 1000
1453205117505 118473 51.0426487986288 3.71099590760479 3237896 1001
1453205118504 119472 51.0426487986288 3.71099590760479 1935728 999
1453205119504 120472 51.0426487986288 3.71099590760479 3221648 1000
1453205120505 121473 51.0426487986288 3.71099590760479 3180004 1001
1453205121504 122472 51.0426487986288 3.71099590760479 2128492 999
1453205122504 123472 51.0426487986288 3.71099590760479 2265988 1000
1453205123504 124472 51.0426487986288 3.71099590760479 2334736 1000
1453205124505 125473 51.0426487986288 3.71099590760479 2571440 1001
1453205125504 126472 51.0426487986288 3.71099590760479 2650712 999
1453205126505 127473 51.0426487986288 3.71099590760479 3355224 1001
1453205127504 128472 51.0426487986288 3.71099590760479 2671036 999
1453205128505 129473 51.0426487986288 3.71099590760479 1885060 1001
1453205129504 130472 51.0426487986288 3.71099590760479 3692912 999
1453205130504 131472 51.0426487986288 3.71099590760479 2485712 1000
1453205131504 132472 51.0426487986288 3.71099590760479 2815564 1000
1453205132505 133473 51.0426487986288 3.71099590760479 1745456 1001
1453205133504 134472 51.0426487986288 3.71099590760479 2531328 999
1453205134504 135472 51.0426487986288 3.71099590760479 4741848 1000
1453205135504 136472 51.0426487986288 3.71099590760479 3631408 1000
1453205136504 137472 51.0426487986288 3.71099590760479 3065352 1000
1453205137504 138472 51.0426487986288 3.71099590760479 2983308 1000
1453205138504 139472 51.0426487986288 3.71099590760479 3017340 1000
1453205139504 140472 51.0426487986288 3.71099590760479 2125952 1000
1453205140504 141472 51.0426487986288 3.71099590760479 2456704 1000
1453205141504 142472 51.0426487986288 3.71099590760479 1770468 1000
1453205142504 143472 51.0426487986288 3.71099590760479 3006688 1000
1453205143504 144472 51.0426487986288 3.71099590760479 2221504 1000
1453205144504 145472 51.0426487986288 3.71099590760479 2241724 1000
1453205145504 146472 51.0426487986288 3.71099590760479 3053196 1000
1453205146504 147472 51.0426487986288 3.71099590760479 2774208 1000
1453205147504 148472 51.0426487986288 3.71099590760479 2911860 1000
1453205148505 149473 51.0426487986288 3.71099590760479 2652684 1001
1453205149504 150472 51.0426487986288 3.71099590760479 3271148 999
1453205150504 151472 51.0426604598744 3.71100456645405 3371096 1000
1453205151504 152472 51.042672481127 3.71101572008618 3235200 1000
1453205152505 153473 51.0426909422449 3.71103386333644 2989864 1001
1453205153504 154472 51.0427126824539 3.71105327218387 2708132 999
1453205154504 155472 51.0427126824539 3.71105327218387 407096 1000
1453205155504 156472 51.0427391348143 3.71107573434608 2701392 1000
1453205156505 157473 51.0427723946521 3.7111050090532 0 1001
1453205157504 158472 51.0428614060327 3.71118504029586 469208 999
1453205158505 159473 51.0429136391106 3.71122498011359 1858088 1001
1453205159504 160472 51.0429673468848 3.71126623273532 2020652 999
1453205160504 161472 51.0430216797665 3.71131242779744 2247220 1000
1453205161504 162472 51.0430784214964 3.71136435488674 2220052 1000
1453205162504 163472 51.0431373887409 3.71141613301663 2361696 1000
1453205163504 164472 51.0431961637673 3.71146556202296 2004476 1000
1453205164504 165472 51.0432549882626 3.7115167619304 1814408 1000
1453205165504 166472 51.0433152254928 3.71156614200199 1890648 1000
1453205166505 167473 51.04337749466 3.71161591921484 2150508 1001
1453205167504 168472 51.0434420086202 3.7116697996297 2036416 999
1453205168504 169472 51.0435072983129 3.71172723550832 2418872 1000
1453205169505 170473 51.0435784527105 3.71178980323134 2802492 1001
1453205170504 171472 51.0436554096742 3.71185512282947 2704192 999
1453205171504 172472 51.0437353274578 3.71192193404035 1357332 1000
1453205172504 173472 51.0438122116841 3.71199092676604 1622992 1000
1453205173505 174473 51.0438863869983 3.71206312383063 527068 1001
1453205174504 175472 51.043959867028 3.71213850195798 0 999
1453205175504 176472 51.043959867028 3.71213850195798 3520692 1000
1453205176504 177472 51.0440344100365 3.71221517781441 5615692 1000
1453205177504 178472 51.0441110202186 3.7122991293329 5881856 1000
1453205178504 179472 51.0441860308898 3.7123865431892 5683200 1000
1453205179504 180472 51.0442615390432 3.71247067667116 5398644 1000
1453205180505 181473 51.0443434669608 3.7125572702427 4415240 1001
1453205181504 182472 51.0444194243282 3.7126448565419 4786748 999
1453205182505 183473 51.0444924247623 3.71273374906491 4092904 1001
1453205183504 184472 51.0445642865013 3.71282348379886 3232932 999
1453205184505 185473 51.0446358728011 3.71290260398323 5036896 1001
1453205185504 186472 51.044700544446 3.71297749036583 7075840 999
1453205186505 187473 51.0447619779285 3.71305274479262 6715392 1001
1453205187504 188472 51.0448162985782 3.71312147586823 5496832 999
1453205188505 189473 51.0448670799829 3.71318754391537 3434496 1001
1453205189504 190472 51.0449098014463 3.7132492257425 6414336 999
1453205190504 191472 51.0449486731511 3.71329835165722 6762496 1000
1453205191505 192473 51.0449930600321 3.71334147986232 5686312 1001
1453205192504 193472 51.0450349048548 3.71338569380636 6213632 999
1453205193504 194472 51.0450662599477 3.7134229103484 4296704 1000
1453205194504 195472 51.0450962497173 3.71345482672109 4927488 1000
1453205195505 196473 51.0451196948101 3.71348278471412 7667712 1001
1453205196504 197472 51.0451251799636 3.71349507141593 5986304 999
1453205197504 198472 51.0451251799636 3.71349507141593 6250496 1000
1453205198504 199472 51.0451251799636 3.71349507141593 3280896 1000
1453205199504 200472 51.0451251799636 3.71349507141593 5761024 1000
1453205200504 201472 51.0451251799636 3.71349507141593 7141376 1000
1453205201505 202473 51.0451188649381 3.71347771671105 6909952 1001
1453205202505 203473 51.0451188649381 3.71347771671105 6643712 1000
1453205203505 204473 51.0451188649381 3.71347771671105 3880960 1000
1453205204504 205472 51.0451188649381 3.71347771671105 4755456 999
1453205205505 206473 51.0451188649381 3.71347771671105 7047168 1001
1453205206504 207472 51.0451188649381 3.71347771671105 6834176 999
1453205207504 208472 51.0451188649381 3.71347771671105 6426624 1000
1453205208505 209473 51.0451188649381 3.71347771671105 3399680 1001
1453205209504 210472 51.0451188649381 3.71347771671105 5066752 999
1453205210505 211473 51.0451188649381 3.71347771671105 6955008 1001
1453205211504 212472 51.0451188649381 3.71347771671105 6787072 999
1453205212504 213472 51.0451188649381 3.71347771671105 6778880 1000
1453205213505 214473 51.0451188649381 3.71347771671105 4067328 1001
1453205214504 215472 51.0451188649381 3.71347771671105 4485120 999
1453205215504 216472 51.0451188649381 3.71347771671105 6518784 1000
1453205216504 217472 51.0451188649381 3.71347771671105 7106560 1000
1453205217504 218472 51.0451188649381 3.71347771671105 6750208 1000
1453205218504 219472 51.0451188649381 3.71347771671105 4603904 1000
1453205219505 220473 51.0451188649381 3.71347771671105 4308992 1001
1453205220504 221472 51.0451188649381 3.71347771671105 6344704 999
1453205221504 222472 51.0451188649381 3.71347771671105 6672384 1000
1453205222504 223472 51.0451188649381 3.71347771671105 6526976 1000
1453205223504 224472 51.0451188649381 3.71347771671105 4333568 1000
1453205224504 225472 51.0451188649381 3.71347771671105 4026368 1000
1453205225505 226473 51.0451188649381 3.71347771671105 7002112 1001
1453205226504 227472 51.0451188649381 3.71347771671105 7018496 999
1453205227504 228472 51.0451188649381 3.71347771671105 6787072 1000
1453205228504 229472 51.0451188649381 3.71347771671105 4278272 1000
1453205229504 230472 51.0451188649381 3.71347771671105 1572864 1000
1453205230505 231473 51.0451188649381 3.71347771671105 3895296 1001
1453205231504 232472 51.0451188649381 3.71347771671105 6893568 999
1453205232504 233472 51.0451188649381 3.71347771671105 6895616 1000
1453205233504 234472 51.0451188649381 3.71347771671105 3758080 1000
1453205234504 235472 51.0451188649381 3.71347771671105 5107712 1000
1453205235504 236472 51.0451188649381 3.71347771671105 6926336 1000
1453205236504 237472 51.0451188649381 3.71347771671105 6696960 1000
1453205237504 238472 51.0451188649381 3.71347771671105 6942720 1000
1453205238504 239472 51.0451188649381 3.71347771671105 3426304 1000
1453205239504 240472 51.0451188649381 3.71347771671105 4454400 1000
1453205240504 241472 51.0451188649381 3.71347771671105 6955008 1000
1453205241504 242472 51.0451188649381 3.71347771671105 7118848 1000
1453205242504 243472 51.0451188649381 3.71347771671105 7045120 1000
1453205243504 244472 51.0451188649381 3.71347771671105 4913152 1000
1453205244505 245473 51.0451188649381 3.71347771671105 4182016 1001
1453205245504 246472 51.0451188649381 3.71347771671105 5974016 999
1453205246504 247472 51.0451188649381 3.71347771671105 7450624 1000
1453205247505 248473 51.0451188649381 3.71347771671105 7034880 1001
1453205248504 249472 51.0451188649381 3.71347771671105 4786176 999
1453205249504 250472 51.0451188649381 3.71347771671105 3973120 1000
1453205250505 251473 51.0451188649381 3.71347771671105 6277120 1001
1453205251504 252472 51.0451188649381 3.71347771671105 6649856 999
1453205252504 253472 51.0451315750524 3.71349328139807 6397952 1000
1453205253504 254472 51.0451457288102 3.71351189346113 3952640 1000
1453205254504 255472 51.0451667332879 3.71353487675866 3547136 1000
1453205255504 256472 51.0451909240541 3.71356089902925 6774784 1000
1453205256504 257472 51.0452152917377 3.71359030306612 6729728 1000
1453205257504 258472 51.0452407150925 3.71362046017358 6854656 1000
1453205258504 259472 51.0452705526982 3.71364923949202 4677632 1000
1453205259504 260472 51.0452705526982 3.71364923949202 3821568 1000
1453205260504 261472 51.045327212061 3.71370012695568 7225344 1000
1453205261505 262473 51.0453555790775 3.71372354830285 6897664 1001
1453205262505 263473 51.0453848835283 3.71374722707193 6878040 1000
1453205263505 264473 51.0454117560276 3.71377146823877 3807232 1000
1453205264504 265472 51.0454117560276 3.71377146823877 3784704 999
1453205265504 266472 51.0454601276647 3.71382500661561 6680576 1000
1453205266504 267472 51.0454770277214 3.71384078409891 6522880 1000
1453205267504 268472 51.0454894984272 3.71384600131513 6725632 1000
1453205268504 269472 51.0454894984272 3.71384600131513 4882432 1000
1453205269504 270472 51.0454894984272 3.71384600131513 4665344 1000
1453205270504 271472 51.0454894984272 3.71384600131513 5980160 1000
1453205271505 272473 51.0454894984272 3.71384600131513 6725632 1001
1453205272504 273472 51.0454894984272 3.71384600131513 6647808 999
1453205273504 274472 51.0454894984272 3.71384600131513 5009408 1000
1453205274505 275473 51.0454894984272 3.71384600131513 3604480 1001
1453205275504 276472 51.0454894984272 3.71384600131513 6002688 999
1453205276504 277472 51.0454894984272 3.71384600131513 6744064 1000
1453205277504 278472 51.0454894984272 3.71384600131513 6868992 1000
1453205278504 279472 51.0454894984272 3.71384600131513 5083136 1000
1453205279504 280472 51.0454894984272 3.71384600131513 3262464 1000
1453205280504 281472 51.0455067940173 3.71386775215434 6328320 1000
1453205281505 282473 51.0455219871246 3.71388453501249 6825984 1001
1453205282504 283472 51.0455421989139 3.71390435315475 6875136 999
1453205283504 284472 51.0455694490821 3.71392169130059 4902912 1000
1453205284505 285473 51.0456051090301 3.71393671294027 4403200 1001
1453205285505 286473 51.0456458838693 3.71394572167061 6291456 1000
1453205286504 287472 51.0456890104689 3.71395026475997 6817792 999
1453205287504 288472 51.045728687402 3.71394901634745 6758400 1000
1453205288504 289472 51.0457674292963 3.71394101360394 5603328 1000
1453205289505 290473 51.0457674292963 3.71394101360394 4182016 1001
1453205290504 291472 51.0458479864068 3.7138927269561 5789696 999
1453205291504 292472 51.0458848195117 3.71385167743794 6598656 1000
1453205292504 293472 51.0459226243102 3.71380416910919 7311360 1000
1453205293504 294472 51.0459595785988 3.71375230757386 5287936 1000
1453205294504 295472 51.0459942986918 3.71369454649898 4761600 1000
1453205295504 296472 51.0460273795996 3.713627241298 5924864 1000
1453205296504 297472 51.046055836394 3.7135532232867 6727680 1000
1453205297505 298473 51.0460823280019 3.71347157740602 6529024 1001
1453205298504 299472 51.0461064166434 3.71338987455296 5623808 999
1453205299505 300473 51.0461298737649 3.71330726013832 4153344 1001
1453205300504 301472 51.0461540201021 3.71322488779094 5593088 999
1453205301504 302472 51.046184301591 3.71314080881517 6139904 1000
1453205302504 303472 51.0462177628494 3.71305024723803 6621184 1000
1453205303504 304472 51.0462498572487 3.71295423332255 5588992 1000
1453205304504 305472 51.0462813871506 3.71286197388344 4059136 1000
1453205305504 306472 51.0463129628893 3.71277190887711 6205440 1000
1453205306504 307472 51.0463485667457 3.71268153433076 7180288 1000
1453205307505 308473 51.0463833341501 3.71258755796663 5531920 1001
1453205308505 309473 51.0464212253524 3.71248873090968 4078892 1000
1453205309504 310472 51.0464570950194 3.71238400870512 3534848 999
1453205310504 311472 51.0464906487079 3.71227834698107 7020544 1000
1453205311504 312472 51.046525158101 3.71217459153498 4917944 1000
1453205312504 313472 51.046560263674 3.71206994921256 4944492 1000
1453205313505 314473 51.0465942924407 3.7119687507277 4857656 1001
1453205314504 315472 51.0466246618769 3.71187090605609 3121152 999
1453205315505 316473 51.0466546000959 3.71177335019006 7110940 1001
1453205316504 317472 51.0466887733796 3.71167740855361 5312748 999
1453205317505 318473 51.0467185350414 3.71158356804494 5416372 1001
1453205318504 319472 51.0467511261786 3.71148915850098 4111212 999
1453205319504 320472 51.0467930610549 3.71140503278234 3665920 1000
1453205320506 321474 51.0468364749605 3.71132306098822 6856704 1002
1453205321504 322472 51.0468878766372 3.71124509934651 4702524 998
1453205322504 323472 51.0469342091859 3.71116821840765 4913404 1000
1453205323505 324473 51.0470119879319 3.71098318327728 2909360 1001
1453205324505 325473 51.0470511741133 3.71087617207725 1200052 1000
1453205325505 326473 51.0470950534745 3.71077373909231 1837860 1000
1453205326504 327472 51.0471434650377 3.71067600004647 1457188 999
1453205327504 328472 51.0471945224853 3.71057991982153 2069180 1000
1453205328504 329472 51.0472401717725 3.71048184808222 2278164 1000
1453205329504 330472 51.0472830369247 3.71038311844477 2990520 1000
1453205330504 331472 51.0473209226062 3.71027767020065 2711476 1000
1453205331505 332473 51.0473209226062 3.71027767020065 2046264 1001
1453205332505 333473 51.0473569565341 3.71016863072963 3859768 1000
1453205333504 334472 51.0473899261519 3.71007766787805 3417192 999
1453205334505 335473 51.0474293406845 3.71000775692042 3416364 1001
1453205335505 336473 51.0474720856727 3.70995594661232 4376808 1000
1453205336504 337472 51.0475129895118 3.70991349857154 4310536 999
1453205337504 338472 51.0475492120682 3.70988140876125 5065548 1000
1453205338504 339472 51.047579020325 3.70985095927522 4645536 1000
1453205339505 340473 51.047603726343 3.70982834096023 3977216 1001
1453205340504 341472 51.0476398124598 3.70980343232057 6858752 999
1453205341504 342472 51.0476398124598 3.70980343232057 5146004 1000
1453205342505 343473 51.0476515143813 3.70979133498851 5423004 1001
1453205343504 344472 51.0476515143813 3.70979133498851 5134396 999
1453205344504 345472 51.0476515143813 3.70979133498851 3858432 1000
1453205345504 346472 51.0476515143813 3.70979133498851 6748160 1000
1453205346504 347472 51.0476515143813 3.70979133498851 6358124 1000
1453205347504 348472 51.0476515143813 3.70979133498851 3880460 1000
1453205348504 349472 51.0476515143813 3.70979133498851 4619468 1000
1453205349504 350472 51.0476515143813 3.70979133498851 3545088 1000
1453205350505 351473 51.0476515143813 3.70979133498851 5789344 1001
1453205351504 352472 51.0476515143813 3.70979133498851 5033760 999
1453205352505 353473 51.0476515143813 3.70979133498851 4967020 1001
1453205353504 354472 51.0476515143813 3.70979133498851 3531852 999
1453205354504 355472 51.0476515143813 3.70979133498851 4558848 1000
1453205355504 356472 51.0476515143813 3.70979133498851 6037012 1000
1453205356504 357472 51.0476515143813 3.70979133498851 5091968 1000
1453205357504 358472 51.0476515143813 3.70979133498851 4919320 1000
1453205358504 359472 51.0476515143813 3.70979133498851 4390568 1000
1453205359504 360472 51.0476515143813 3.70979133498851 3026944 1000
1453205360504 361472 51.0476515143813 3.70979133498851 3145728 1000
1453205361505 362473 51.0476515143813 3.70979133498851 5982208 1001
1453205362504 363472 51.0476515143813 3.70979133498851 7006208 999
1453205363504 364472 51.0476515143813 3.70979133498851 3378684 1000
1453205364504 365472 51.0476515143813 3.70979133498851 4243456 1000
1453205365504 366472 51.0476515143813 3.70979133498851 5926912 1000
1453205366504 367472 51.0476515143813 3.70979133498851 6012036 1000
1453205367504 368472 51.0476515143813 3.70979133498851 5082336 1000
1453205368505 369473 51.0476515143813 3.70979133498851 3146284 1001
1453205369504 370472 51.0476515143813 3.70979133498851 2998272 999
1453205370504 371472 51.0476515143813 3.70979133498851 5564416 1000
1453205371504 372472 51.0476515143813 3.70979133498851 6549504 1000
1453205372504 373472 51.0476515143813 3.70979133498851 4777984 1000
1453205373504 374472 51.0476515143813 3.70979133498851 6850560 1000
1453205374504 375472 51.0476515143813 3.70979133498851 4673536 1000
1453205375505 376473 51.0476515143813 3.70979133498851 4964352 1001
1453205376505 377473 51.0476515143813 3.70979133498851 7065600 1000
1453205377505 378473 51.0476515143813 3.70979133498851 6663548 1000
1453205378505 379473 51.0476515143813 3.70979133498851 5759692 1000
1453205379504 380472 51.0476515143813 3.70979133498851 3461120 999
1453205380504 381472 51.0476515143813 3.70979133498851 4820992 1000
1453205381504 382472 51.0476515143813 3.70979133498851 6641664 1000
1453205382504 383472 51.0476515143813 3.70979133498851 6717440 1000
1453205383504 384472 51.0476515143813 3.70979133498851 6676480 1000
1453205384504 385472 51.0476515143813 3.70979133498851 3919872 1000
1453205385504 386472 51.0476515143813 3.70979133498851 3680256 1000
1453205386504 387472 51.0476515143813 3.70979133498851 6985728 1000
1453205387504 388472 51.0476515143813 3.70979133498851 6895616 1000
1453205388504 389472 51.0476515143813 3.70979133498851 7038976 1000
1453205389504 390472 51.0476515143813 3.70979133498851 3964928 1000
1453205390504 391472 51.0476515143813 3.70979133498851 4022272 1000
1453205391504 392472 51.0476615769248 3.70977648052852 6660096 1000
1453205392504 393472 51.0476987909724 3.70973614965532 6858752 1000
1453205393504 394472 51.047733963806 3.70970860134301 5843160 1000
1453205394504 395472 51.047733963806 3.70970860134301 3704832 1000
1453205395504 396472 51.0477732204897 3.70967384723766 4597760 1000
1453205396504 397472 51.0478144664737 3.7096297214028 6979584 1000
1453205397505 398473 51.0478575618943 3.70958695428948 6692864 1001
1453205398504 399472 51.0479033910795 3.70955486519318 6707200 999
1453205399504 400472 51.0479451780683 3.70952635390978 3629056 1000
1453205400504 401472 51.0479832166758 3.70950031527096 3399680 1000
1453205401505 402473 51.0480212661021 3.70948398023832 6619136 1001
1453205402504 403472 51.0480592100853 3.70947833651521 6725632 999
1453205403504 404472 51.0480920427237 3.70946066598233 6754304 1000
1453205404504 405472 51.0481231660556 3.70943825820893 4481024 1000
1453205405504 406472 51.0481539495342 3.70942299036092 3600384 1000
1453205406505 407473 51.0481862692647 3.70942040861038 6649856 1001
1453205407504 408472 51.0482221758415 3.70942758400463 6877184 999
1453205408504 409472 51.048253289805 3.70943509707421 7202816 1000
1453205409505 410473 51.0482794351853 3.70944827274335 5591040 1001
1453205410504 411472 51.0482794351853 3.70944827274335 3891200 999
1453205411504 412472 51.048334814017 3.70950673223601 5873664 1000
1453205412504 413472 51.0483674205767 3.70954905130095 6688768 1000
1453205413504 414472 51.0484041293135 3.70959161946887 7602176 1000
1453205414504 415472 51.0484407330688 3.7096320666967 4153344 1000
1453205415504 416472 51.0484407330688 3.7096320666967 3297280 1000
1453205416504 417472 51.0485472586146 3.70971253627749 7151616 1000
1453205417504 418472 51.0485803132356 3.70972655633732 7016448 1000
1453205418504 419472 51.0485803132356 3.70972655633732 5348256 1000
1453205419504 420472 51.0486149005351 3.70973753128842 2519812 1000
1453205420504 421472 51.0486149005351 3.70973753128842 3801088 1000
1453205421504 422472 51.0486811513345 3.70976104891335 5060328 1000
1453205422504 423472 51.04871458632 3.70977872465824 5433788 1000
1453205423504 424472 51.048745855136 3.70980193831896 7151616 1000
1453205424504 425472 51.0487782529757 3.70982356893089 5963776 1000
1453205425505 426473 51.0488086812255 3.70984640333259 4345856 1001
1453205426504 427472 51.0488357831644 3.70987080113121 4886528 999
1453205427504 428472 51.0488703186363 3.70988633729226 7016448 1000
1453205428505 429473 51.0489023131639 3.70989628458322 6901760 1001
1453205429504 430472 51.0489441637987 3.70988539295585 5939200 999
1453205430504 431472 51.0489949183417 3.70986930715206 3923968 1000
1453205431504 432472 51.0490488904349 3.70984966957369 1130496 1000
1453205432504 433472 51.0491036972752 3.70983244174974 6656000 1000
1453205433504 434472 51.0491529552978 3.70981993298465 6823936 1000
1453205434504 435472 51.0491954688682 3.70980484963244 5152768 1000
1453205435504 436472 51.0492345648638 3.70978741526189 4124672 1000
1453205436504 437472 51.049275661078 3.70977580185326 5902336 1000
1453205437505 438473 51.0493184327735 3.70976650439353 6311936 1001
1453205438504 439472 51.049364469202 3.70975495174862 6696960 999
1453205439504 440472 51.0494074451399 3.70974046568678 5992448 1000
1453205440504 441472 51.0494510641346 3.70972111888073 4497408 1000
1453205441505 442473 51.0494964983476 3.70970152258057 5197824 1001
1453205442504 443472 51.0495387366928 3.70968606365387 6688768 999
1453205443504 444472 51.0495808768621 3.70967356496802 6746112 1000
1453205444504 445472 51.0496237301072 3.70966023289604 6045696 1000
1453205445504 446472 51.0496682042954 3.70964308568842 4481024 1000
1453205446505 447473 51.0497156027922 3.70962614532862 3997696 1001
1453205447505 448473 51.0497602506449 3.70961109416968 6336512 1000
1453205448504 449472 51.049795691937 3.7095948489654 6752256 999
1453205449505 450473 51.0498209825593 3.70958406890511 6805504 1001
1453205450504 451472 51.0498388857678 3.70958012188494 4192256 999
1453205451504 452472 51.0498571988986 3.7095797200345 4233216 1000
1453205452504 453472 51.0498714488273 3.70957701747975 6545408 1000
1453205453504 454472 51.049887184257 3.70957800752736 6776832 1000
1453205454504 455472 51.0499053531916 3.70957556345819 6621184 1000
1453205455504 456472 51.0499261164351 3.709572862555 4120576 1000
1453205456504 457472 51.049946258049 3.70956813213885 3764224 1000
1453205457504 458472 51.049963856832 3.70955890993613 6699008 1000
1453205458504 459472 51.0499772495569 3.7095421675424 7215104 1000
1453205459504 460472 51.0499878557249 3.70952955077029 6836224 1000
1453205460504 461472 51.0499978643794 3.70952522845583 4403200 1000
1453205461504 462472 51.0499978643794 3.70952522845583 4157440 1000
1453205462504 463472 51.0499978643794 3.70952522845583 6754304 1000
1453205463505 464473 51.0499978643794 3.70952522845583 7139328 1001
1453205464504 465472 51.0500171580658 3.70951227158037 6586368 999
1453205465504 466472 51.0500171580658 3.70951227158037 5156864 1000
1453205466504 467472 51.0500464512014 3.70948371449232 3201024 1000
1453205467504 468472 51.0500685955795 3.70947426784224 6434816 1000
1453205468504 469472 51.0501052194636 3.7094476478926 6529024 1000
1453205469504 470472 51.0501343182146 3.7094441110597 6746112 1000
1453205470504 471472 51.0501674687073 3.70944767074908 4288512 1000
1453205471504 472472 51.0501674687073 3.70944767074908 3885056 1000
1453205472505 473473 51.0502265094513 3.7095179978857 6547456 1001
1453205473505 474473 51.0502482536189 3.70958573998856 7129088 1000
1453205474505 475473 51.050265085214 3.70964233095096 6680576 1000
1453205475504 476472 51.0502833599234 3.70968068220972 5398528 999
1453205476505 477473 51.0502833599234 3.70968068220972 4595712 1001
1453205477506 478474 51.0503333214194 3.70972282259267 5251072 1001
1453205478504 479472 51.0503333214194 3.70972282259267 6930432 998
1453205479504 480472 51.0503333214194 3.70972282259267 6230016 1000
1453205480504 481472 51.0503333214194 3.70972282259267 6373376 1000
