1454607996013 378 51.054446507346 3.73935390080985 11432 378
1454607997013 1378 51.054446507346 3.73935390080985 4243504 1000
1454607998014 2379 51.0544374047244 3.73935423936446 6060608 1001
1454607999013 3378 51.0544374047244 3.73935423936446 6049824 999
1454608000013 4378 51.0544374047244 3.73935423936446 6157664 1000
1454608001014 5379 51.0544374047244 3.73935423936446 6155280 1001
1454608002013 6378 51.0544374047244 3.73935423936446 5926144 999
1454608003013 7378 51.0544006062063 3.73934583214857 6044432 1000
1454608004013 8378 51.0543523351024 3.73934974335527 5991860 1000
1454608005014 9379 51.0542959438414 3.73936993776723 5087380 1001
1454608006013 10378 51.0542386502411 3.73940151554864 3923712 999
1454608007014 11379 51.054173401066 3.73944017300242 3397632 1001
1454608008013 12378 51.0540954030544 3.73948235890021 4369444 999
1454608009014 13379 51.0540103389534 3.73952591093688 3225584 1001
1454608010013 14378 51.0539242219322 3.7395632967063 2982344 999
1454608011013 15378 51.0538385491862 3.73960065902559 2585464 1000
1454608012013 16378 51.0537477754515 3.73964179437922 2802492 1000
1454608013013 17378 51.0536534621599 3.73968175970843 3793272 1000
1454608014014 18379 51.0535602369478 3.73971940510839 2652864 1001
1454608015013 19378 51.0534659614249 3.73976119828071 2588160 999
1454608016013 20378 51.0533651313847 3.73980497537188 2487060 1000
1454608017013 21378 51.0532640610236 3.73984955288886 2910024 1000
1454608018013 22378 51.0531681166994 3.7398854239244 3787152 1000
1454608019013 23378 51.0530726823832 3.7399299322039 3339436 1000
1454608020013 24378 51.0529728159051 3.73998231448601 3726680 1000
1454608021013 25378 51.0528727547906 3.74003270377461 3412900 1000
1454608022013 26378 51.0527720416389 3.74008381100412 3308200 1000
1454608023013 27378 51.0526702363058 3.74013977120223 2897368 1000
1454608024013 28378 51.0525684552611 3.74019464739046 2418908 1000
1454608025013 29378 51.0524659271486 3.7402460412691 2237060 1000
1454608026013 30378 51.0523692093677 3.74027919212404 2372400 1000
1454608027014 31379 51.0522682034177 3.74032803533957 1499676 1001
1454608028014 32379 51.0521620109692 3.74039506746414 3316576 1000
1454608029014 33379 51.0520517917296 3.74049496270402 3225840 1000
1454608030013 34378 51.0519486300504 3.74058226228777 4224216 999
1454608031013 35378 51.0518546342234 3.74068054770408 3401444 1000
1454608032013 36378 51.0517666198874 3.74078946649297 3375392 1000
1454608033013 37378 51.0516774483079 3.74088484131995 2832588 1000
1454608034013 38378 51.0515919127537 3.74100993621628 3225324 1000
1454608035013 39378 51.0515040970813 3.74113552383867 2834044 1000
1454608036013 40378 51.0514120908248 3.74125084108021 3064156 1000
1454608037013 41378 51.0513264447027 3.74135154325137 3931520 1000
1454608038013 42378 51.0512464423745 3.7414468340169 3240188 1000
1454608039013 43378 51.0511614173009 3.74154540291699 4201296 1000
1454608040013 44378 51.0510743370639 3.74164604194596 4526840 1000
1454608041014 45379 51.0509828800836 3.74175564710952 4096176 1001
1454608042013 46378 51.0508921486038 3.74185822883369 4478248 999
1454608043013 47378 51.0507973923095 3.74196154021124 4810752 1000
1454608044013 48378 51.0507058207864 3.74206324782865 4648960 1000
1454608045013 49378 51.0506139306143 3.74216872477605 5226112 1000
1454608046013 50378 51.0505221764731 3.74227749965019 4150372 1000
1454608047014 51379 51.0503477209221 3.74247560599946 4690028 1001
1454608048013 52378 51.0503477209221 3.74247560599946 2640472 999
1454608049014 53379 51.050268973554 3.74257065890437 4573764 1001
1454608050013 54378 51.0501896135372 3.74266024358981 5594876 999
1454608051013 55378 51.0501022300884 3.74275296709677 4653328 1000
1454608052013 56378 51.0500124659161 3.74285532426659 4804860 1000
1454608053013 57378 51.0499267962465 3.74295339012984 3965816 1000
1454608054013 58378 51.0498497195763 3.7430339673557 4747656 1000
1454608055014 59379 51.0497831036887 3.74310193478059 4801576 1001
1454608056013 60378 51.0497224058708 3.74316979540439 4499624 999
1454608057013 61378 51.0496695400053 3.74323212796814 4211676 1000
1454608058013 62378 51.049627107725 3.74327835247093 3897864 1000
1454608059013 63378 51.049627107725 3.74327835247093 4347716 1000
1454608060014 64379 51.0495673380095 3.74334767065496 4929200 1001
1454608061014 65379 51.0495424833211 3.74337523593412 4123228 1000
1454608062014 66379 51.0495180383947 3.74340755669658 3263552 1000
1454608063013 67378 51.0494915445215 3.74344002403327 5890048 999
1454608064013 68378 51.0494555276267 3.74348614918816 3883008 1000
1454608065013 69378 51.0494119275341 3.74354800001656 6393856 1000
1454608066014 70379 51.0493598666479 3.74361908846474 5656756 1001
1454608067014 71379 51.0492990637804 3.74369349425135 6695352 1000
1454608068013 72378 51.049236073153 3.74377025903827 5491548 999
1454608069013 73378 51.0491739990293 3.74386111687273 4265984 1000
1454608070013 74378 51.0491097274651 3.74395500550242 4945920 1000
1454608071013 75378 51.049041051027 3.74404490762693 6465536 1000
1454608072013 76378 51.0489679021244 3.74414135893925 6727680 1000
1454608073014 77379 51.0488896498682 3.74423802679991 5906432 1001
1454608074013 78378 51.0488103754686 3.74433467089226 1802240 999
1454608075014 79379 51.0487303385808 3.74443421965835 3387392 1001
1454608076013 80378 51.0486499714509 3.74453259601684 6287360 999
1454608077013 81378 51.0485646866966 3.74463257426041 6668288 1000
1454608078013 82378 51.0484729673638 3.74472356670663 6094848 1000
1454608079014 83379 51.0483895609764 3.74481517712121 3878912 1001
1454608080013 84378 51.0483083771917 3.74490597590831 5447680 999
1454608081013 85378 51.0482167290041 3.74500444203828 6172672 1000
1454608082013 86378 51.0481385056906 3.74510003510659 6545408 1000
1454608083013 87378 51.0480536843245 3.74519743289467 6240256 1000
1454608084013 88378 51.0479678948281 3.74529758987283 3891200 1000
1454608085013 89378 51.0478825511726 3.74539946660234 5023744 1000
1454608086013 90378 51.0477972271991 3.74550553801204 6258688 1000
1454608087013 91378 51.047712119575 3.74560871554794 6322176 1000
1454608088013 92378 51.0476289625413 3.74570173685029 5824512 1000
1454608089013 93378 51.0475441501156 3.74578359676267 4050944 1000
1454608090013 94378 51.04745502188 3.74585434470511 5253120 1000
1454608091013 95378 51.0473569040072 3.74589830047689 6428672 1000
1454608092013 96378 51.0472498616324 3.74592209716122 6676480 1000
1454608093013 97378 51.0471476606212 3.74592701774283 6131712 1000
1454608094013 98378 51.0470473682333 3.74590708093942 4919296 1000
1454608095014 99379 51.0469430916005 3.7458547612052 4505600 1001
1454608096013 100378 51.0468396583612 3.74577734145743 6500352 999
1454608097013 101378 51.0467422445906 3.74567431881288 6561792 1000
1454608098013 102378 51.0466444308066 3.74558102019432 6928384 1000
1454608099013 103378 51.04655420748 3.74547606712978 4653056 1000
1454608100013 104378 51.0464694214526 3.74536372783036 3788800 1000
1454608101014 105379 51.0463842602656 3.74525092093246 5885952 1001
1454608102013 106378 51.0463000441321 3.74513696815751 6516736 999
1454608103014 107379 51.0462178563156 3.74502446819507 6475776 1001
1454608104014 108379 51.0461344761569 3.74492484704123 4892672 1000
1454608105014 109379 51.0460523828781 3.74481592758374 4268032 1000
1454608106013 110378 51.0459681661655 3.74470347229314 6283264 999
1454608107014 111379 51.0458844865681 3.7445941323258 6658048 1001
1454608108013 112378 51.0457986572935 3.74448278181261 6298628 999
1454608109013 113378 51.0457118203102 3.74437160482288 3416064 1000
1454608110013 114378 51.0456227325913 3.74425845568347 4624384 1000
1454608111013 115378 51.0455350923314 3.74413922551332 6520832 1000
1454608112013 116378 51.0454474951706 3.74401580607347 6430720 1000
1454608113014 117379 51.0453597475419 3.74389053027196 6135808 1001
1454608114013 118378 51.0452693935989 3.74376733240397 4321280 999
1454608115013 119378 51.0451799767307 3.74364216075516 4216832 1000
1454608116013 120378 51.0450960562391 3.74350631828942 6823936 1000
1454608117013 121378 51.045011586128 3.74336973301335 6481920 1000
1454608118014 122379 51.0449251704659 3.74323062943673 6467584 1001
1454608119013 123378 51.0448361038707 3.74309443061043 4943872 999
1454608120013 124378 51.0447460828965 3.74295596169429 3936256 1000
1454608121013 125378 51.0446565044394 3.74282195992709 6328320 1000
1454608122013 126378 51.0445681270198 3.74269102156091 6537216 1000
1454608123013 127378 51.0444799684158 3.74255842399194 6793216 1000
1454608124014 128379 51.0443865943742 3.74243053107037 3479552 1001
1454608125013 129378 51.0442921872144 3.74230211721367 4845568 999
1454608126013 130378 51.0441959152453 3.74217529397503 6418432 1000
1454608127013 131378 51.0440987010827 3.74205071852138 6473728 1000
1454608128013 132378 51.0440008467545 3.74192449162792 6846464 1000
1454608129013 133378 51.043903753603 3.7417950767884 4091904 1000
1454608130013 134378 51.0438075886297 3.74166632970119 4337664 1000
1454608131014 135379 51.0437109804687 3.74154004354522 6477824 1001
1454608132013 136378 51.0436110430122 3.74141547393609 6400000 999
1454608133014 137379 51.0435098953089 3.7412928568688 6821888 1001
1454608134013 138378 51.0434093417112 3.74117500959285 4519936 999
1454608135013 139378 51.0433053606761 3.74106850454237 4177920 1000
1454608136013 140378 51.0432048433597 3.74095415453361 6135808 1000
1454608137013 141378 51.0431043921454 3.74084397410713 6426624 1000
1454608138013 142378 51.0430023292387 3.74074009709513 6451200 1000
1454608139014 143379 51.0428966851228 3.74063738332358 4833280 1001
1454608140013 144378 51.0427891216169 3.74053944845379 4022272 999
1454608141013 145378 51.0425745963781 3.74034942386179 6289408 1000
1454608142013 146378 51.0425745963781 3.74034942386179 2674340 1000
1454608143013 147378 51.0424690125703 3.74024531327205 4309088 1000
1454608144013 148378 51.0423641935588 3.74013542099205 4847616 1000
1454608145013 149378 51.0423641935588 3.74013542099205 4390912 1000
1454608146013 150378 51.042153478053 3.73992654765826 5986488 1000
1454608147013 151378 51.0420490050483 3.73982351165726 3419072 1000
1454608148013 152378 51.0419457192791 3.73971838343607 4061776 1000
1454608149014 153379 51.041843172692 3.739615273211 4190736 1001
1454608150013 154378 51.0417353023957 3.73951072782566 4501504 999
1454608151013 155378 51.0416250057255 3.73940382245208 6119424 1000
1454608152013 156378 51.0415114517308 3.73929187100584 6639616 1000
1454608153013 157378 51.0413910144346 3.73917082768657 6815744 1000
1454608154013 158378 51.0412678528664 3.73905351051165 4923392 1000
1454608155013 159378 51.0411463339845 3.73894071879314 4595712 1000
1454608156014 160379 51.0410205786165 3.73883253102148 5515264 1001
1454608157013 161378 51.0408883553691 3.73873050963805 6496256 999
1454608158013 162378 51.0407511383033 3.73864011077698 6219776 1000
1454608159013 163378 51.0406126430458 3.73856209475587 5253120 1000
1454608160013 164378 51.0404773619489 3.73849294377227 4239360 1000
1454608161013 165378 51.0403479530209 3.73843790581475 5267456 1000
1454608162014 166379 51.0402229236098 3.73839213728936 6582272 1001
1454608163013 167378 51.0401010551228 3.73834909151727 6623232 999
1454608164013 168378 51.0401010551228 3.73834909151727 5660672 1000
1454608165014 169379 51.0399880184855 3.73829034750422 6119424 1001
1454608166014 170379 51.0397578238379 3.73819612185675 4765696 1000
1454608167013 171378 51.0396434825561 3.73814576733912 6019072 999
1454608168013 172378 51.0395303753925 3.7380932286942 6434816 1000
1454608169013 173378 51.0394206448552 3.73803885327583 5591040 1000
1454608170013 174378 51.0394206448552 3.73803885327583 4366336 1000
1454608171013 175378 51.0392102043974 3.73791645309476 4972544 1000
1454608172014 176379 51.0391160085264 3.73783961423685 6410240 1001
1454608173013 177378 51.0390327663577 3.73774237318493 6176768 999
1454608174013 178378 51.0389590336098 3.73762421368114 5603328 1000
1454608175013 179378 51.0388953734936 3.73749365023758 4241408 1000
1454608176013 180378 51.0388375546227 3.73736094231915 6328320 1000
1454608177013 181378 51.0387468768984 3.7370838849388 5985440 1000
1454608178013 182378 51.0387468768984 3.7370838849388 3287960 1000
1454608179013 183378 51.0387121838693 3.73694062733336 2465972 1000
1454608180013 184378 51.0386705729716 3.73662406843368 3444964 1000
1454608181013 185378 51.0386538196906 3.73647140793263 397948 1000
1454608182014 186379 51.0386301941943 3.73631645275809 4644964 1001
1454608183013 187378 51.0385983139335 3.73617046188828 2154104 999
1454608184014 188379 51.038601005651 3.73604778166685 1213200 1001
1454608185013 189378 51.0385922390544 3.7359123307853 1848108 999
1454608186014 190379 51.0385880770485 3.73575029419451 1622992 1001
1454608187013 191378 51.0385880770485 3.73575029419451 974604 999
