1453108109798 799 51.0504353543509 3.73379561149864 2009376 799
1453108110799 1800 51.0504815846623 3.73375307942738 3245776 1001
1453108111799 2800 51.050550453696 3.73367743841261 3069396 1000
1453108112798 3799 51.050550453696 3.73367743841261 1426836 999
1453108113799 4800 51.0505967109053 3.7336162023058 2605032 1001
1453108114799 5800 51.0505967109053 3.7336162023058 2449316 1000
1453108115798 6799 51.0506496063504 3.73356190750793 3198804 999
1453108116798 7799 51.0506767651975 3.73354207708047 1988300 1000
1453108117798 8799 51.0507088555714 3.73351294613255 2296992 1000
1453108118799 9800 51.0507523884938 3.73348203682458 3144884 1001
1453108119798 10799 51.0508050492887 3.73344746272603 3721828 999
1453108120798 11799 51.0508615804542 3.7334070753761 2787664 1000
1453108121798 12799 51.0509232243542 3.73336335632219 1911464 1000
1453108122798 13799 51.0509919585685 3.73331443055732 1323736 1000
1453108123798 14799 51.0510647523875 3.73326374071859 2106924 1000
1453108124798 15799 51.0511372686292 3.73320998420038 2101532 1000
1453108125798 16799 51.0512103589558 3.73315339965646 2253856 1000
1453108126799 17800 51.051282260057 3.73308167880935 3007388 1001
1453108127798 18799 51.051282260057 3.73308167880935 4075004 999
1453108128798 19799 51.05135325035 3.73301919999327 6402768 1000
1453108129799 20800 51.0514806489751 3.73291887174173 6314264 1001
1453108130798 21799 51.0515389467947 3.73287191432407 5371780 999
1453108131798 22799 51.0515963857279 3.73282984704093 4383696 1000
1453108132798 23799 51.0516525677792 3.73279118345261 2758008 1000
1453108133798 24799 51.0516525677792 3.73279118345261 1738848 1000
1453108134798 25799 51.0517096165081 3.73275122887493 4412076 1000
1453108135798 26799 51.051766364659 3.73271122744352 3376740 1000
1453108136798 27799 51.0518257311615 3.73265959076668 3136304 1000
1453108137799 28800 51.0519564699776 3.73257970668721 2829944 1001
1453108138798 29799 51.0519564699776 3.73257970668721 3507496 999
1453108139798 30799 51.0520130936371 3.73253655872319 5230396 1000
1453108140799 31800 51.0520627692801 3.7324904105046 4932176 1001
1453108141798 32799 51.0521101725476 3.73244338194166 3062132 999
1453108142798 33799 51.0521605124225 3.73240415929424 5951488 1000
1453108143798 34799 51.0522724951142 3.73232733000695 3154776 1000
1453108144798 35799 51.0523316023147 3.73228351434625 2684516 1000
1453108145798 36799 51.0523965348373 3.73223788072515 1989648 1000
1453108146798 37799 51.0524660727043 3.73218893621505 1869676 1000
1453108147799 38800 51.0524660727043 3.73218893621505 1543176 1001
1453108148799 39800 51.0525346680274 3.73213628137936 5474916 1000
1453108149799 40800 51.0525994680817 3.73208563941754 6492456 1000
1453108150798 41799 51.0526649716342 3.73203532237633 7268352 999
1453108151799 42800 51.0527297102741 3.73198891341594 4874240 1001
1453108152798 43799 51.0527908700908 3.73194296837544 4544512 999
1453108153798 44799 51.0527908700908 3.73194296837544 7172096 1000
1453108154799 45800 51.0529006940438 3.73189486054632 7526400 1001
1453108155798 46799 51.0529505255726 3.73187562201907 7309312 999
1453108156798 47799 51.0529980999298 3.73185601015198 5429248 1000
1453108157798 48799 51.0530395659325 3.73184392342192 3768320 1000
1453108158799 49800 51.0530395659325 3.73184392342192 6938624 1001
1453108159798 50799 51.0531038749334 3.73185060320185 7565312 999
1453108160798 51799 51.0531321486295 3.73184610182526 7520256 1000
1453108161798 52799 51.0531449143603 3.73182574726851 6195200 1000
1453108162798 53799 51.0531747078918 3.73183893904718 2510848 1000
1453108163798 54799 51.0531914488647 3.73184123472111 6905856 1000
1453108164798 55799 51.0532055500737 3.73184271340651 5223880 1000
1453108165799 56800 51.0532055500737 3.73184271340651 4577160 1001
1453108166798 57799 51.0532157663307 3.73183957669772 4321760 999
1453108167799 58800 51.0532271487349 3.73183286264027 3411968 1001
1453108168798 59799 51.0532271487349 3.73183286264027 7272448 999
1453108169798 60799 51.0532391065591 3.73181710483134 7001220 1000
1453108170798 61799 51.0532569089575 3.73179877278447 5129140 1000
1453108171799 62800 51.0532569089575 3.73179877278447 2696884 1001
1453108172798 63799 51.0532758131769 3.73178672449502 3822044 999
1453108173798 64799 51.0532758131769 3.73178672449502 5527864 1000
1453108174799 65800 51.053319889833 3.731754081643 5600360 1001
1453108175798 66799 51.0533546956186 3.73173041913186 5349884 999
1453108176798 67799 51.0533943306791 3.73170988004376 4771620 1000
1453108177798 68799 51.0533943306791 3.73170988004376 1400832 1000
1453108178798 69799 51.053435759646 3.73167563127396 4206592 1000
1453108179798 70799 51.053435759646 3.73167563127396 7870464 1000
1453108180798 71799 51.0535708232503 3.73151433510189 8108032 1000
1453108181798 72799 51.0535986300358 3.73146957012716 6453248 1000
1453108182798 73799 51.0536203560852 3.73142589074524 2912256 1000
1453108183798 74799 51.0536203560852 3.73142589074524 6686720 1000
1453108184799 75800 51.0536326455456 3.73137086912568 7620608 1001
1453108185798 76799 51.0536326455456 3.73137086912568 7243776 999
1453108186799 77800 51.0536341184589 3.73134839563707 7245824 1001
1453108187799 78800 51.0536341184589 3.73134839563707 4489216 1000
1453108188798 79799 51.0536351302447 3.73133161733468 6072320 999
1453108189799 80800 51.0536351302447 3.73133161733468 7942144 1001
1453108190798 81799 51.0536351302447 3.73133161733468 7477248 999
1453108191798 82799 51.0536351302447 3.73133161733468 8671232 1000
1453108192798 83799 51.0536351302447 3.73133161733468 3731456 1000
1453108193798 84799 51.0536351302447 3.73133161733468 4304896 1000
1453108194798 85799 51.0536351302447 3.73133161733468 7561216 1000
1453108195799 86800 51.0536351302447 3.73133161733468 7725056 1001
1453108196799 87800 51.0536351302447 3.73133161733468 7636992 1000
1453108197798 88799 51.0536351302447 3.73133161733468 3325952 999
1453108198798 89799 51.0536351302447 3.73133161733468 5521408 1000
1453108199798 90799 51.053636284296 3.73131648284253 7649280 1000
1453108200798 91799 51.0536456824921 3.73128904954903 7342080 1000
1453108201798 92799 51.0536650703485 3.73125006872139 7602176 1000
1453108202798 93799 51.0536853182295 3.73121030140242 3158016 1000
1453108203799 94800 51.0536853182295 3.73121030140242 4374528 1001
1453108204798 95799 51.0537434636318 3.73111778013077 7469056 999
1453108205798 96799 51.053780639756 3.73108409889918 5940060 1000
1453108206798 97799 51.053780639756 3.73108409889918 4535524 1000
1453108207798 98799 51.053780639756 3.73108409889918 2856852 1000
1453108208798 99799 51.0538243773713 3.73105089565953 4484796 1000
1453108209798 100799 51.0539382411009 3.73097424498879 4056368 1000
1453108210799 101800 51.0540026164925 3.73091683610068 5694628 1001
1453108211798 102799 51.0540662989035 3.73085175740683 5342968 999
1453108212799 103800 51.0540662989035 3.73085175740683 2999804 1001
1453108213799 104800 51.0541223390621 3.73078106358868 6455296 1000
1453108214798 105799 51.054230912433 3.73063920469173 3785488 999
1453108215798 106799 51.0542834378478 3.73056345416949 2827164 1000
1453108216798 107799 51.0543350629464 3.73048968267032 2158148 1000
1453108217798 108799 51.0543888287957 3.73040652987232 2793748 1000
1453108218799 109800 51.0543888287957 3.73040652987232 2064912 1001
1453108219798 110799 51.054502318544 3.73024887368982 2557336 999
1453108220798 111799 51.0545581687228 3.73017318510382 2509720 1000
1453108221799 112800 51.0546110524009 3.73009563193185 3196624 1001
1453108222798 113799 51.0546558784991 3.72999084774455 2351508 999
1453108223798 114799 51.0546558784991 3.72999084774455 2253448 1000
1453108224798 115799 51.0547622626129 3.72980244559037 3373596 1000
1453108225799 116800 51.0548194402981 3.72971586033652 3467808 1001
1453108226799 117800 51.0548747504751 3.72963316661555 4322284 1000
1453108227799 118800 51.0549287570299 3.72955787480643 3195264 1000
1453108228799 119800 51.0549287570299 3.72955787480643 3906752 1000
1453108229798 120799 51.0550319967429 3.72940667345698 4064972 999
1453108230798 121799 51.0550319967429 3.72940667345698 3843252 1000
1453108231798 122799 51.0551223283337 3.72927905725533 2995204 1000
1453108232798 123799 51.0551666053994 3.72922568263875 2891252 1000
1453108233799 124800 51.0551666053994 3.72922568263875 2558156 1001
1453108234799 125800 51.0552434652587 3.72912733657375 3837456 1000
1453108235798 126799 51.055289258484 3.72907115945629 3556672 999
1453108236798 127799 51.0553255021624 3.72901921053057 3596284 1000
1453108237798 128799 51.0553668122001 3.72895573938839 2873964 1000
1453108238799 129800 51.0554146174882 3.72888804931722 6520948 1001
1453108239798 130799 51.0555234951952 3.72873449056719 3655256 999
1453108240798 131799 51.0555234951952 3.72873449056719 2561228 1000
1453108241798 132799 51.0555702539731 3.72865095943476 7064436 1000
1453108242798 133799 51.0556244245975 3.72855905574105 4347076 1000
1453108243798 134799 51.0556812875952 3.72847446774959 5597184 1000
1453108244798 135799 51.0557360430942 3.72839961763261 7616512 1000
1453108245798 136799 51.0557814488812 3.72833623499803 7847936 1000
1453108246798 137799 51.0558300643179 3.7282885735467 7344128 1000
1453108247799 138800 51.0558733018979 3.7282626916585 4724736 1001
1453108248798 139799 51.0559027177534 3.72824731539469 4130816 999
1453108249798 140799 51.0559187593873 3.72823832081055 6627328 1000
1453108250798 141799 51.0559305785767 3.72823223146581 7593984 1000
1453108251798 142799 51.0559305785767 3.72823223146581 7667712 1000
1453108252798 143799 51.0559305785767 3.72823223146581 4993024 1000
1453108253798 144799 51.0559305785767 3.72823223146581 4268032 1000
1453108254798 145799 51.0559305785767 3.72823223146581 7368704 1000
1453108255798 146799 51.0559305785767 3.72823223146581 7837696 1000
1453108256799 147800 51.0559305785767 3.72823223146581 7886848 1001
1453108257798 148799 51.0559305785767 3.72823223146581 5496832 999
1453108258799 149800 51.0559305785767 3.72823223146581 4030464 1001
1453108259798 150799 51.0559305785767 3.72823223146581 6662144 999
1453108260798 151799 51.0559305785767 3.72823223146581 7657472 1000
1453108261798 152799 51.0559305785767 3.72823223146581 7817216 1000
1453108262798 153799 51.0559305785767 3.72823223146581 5261312 1000
1453108263798 154799 51.0559305785767 3.72823223146581 559104 1000
1453108264799 155800 51.0559305785767 3.72823223146581 344064 1001
1453108265798 156799 51.0559305785767 3.72823223146581 7067648 999
1453108266798 157799 51.0559305785767 3.72823223146581 7479296 1000
1453108267798 158799 51.0559305785767 3.72823223146581 5076992 1000
1453108268799 159800 51.0559305785767 3.72823223146581 5036032 1001
1453108269798 160799 51.0559305785767 3.72823223146581 7262208 999
1453108270799 161800 51.0559305785767 3.72823223146581 7866368 1001
1453108271798 162799 51.0559305785767 3.72823223146581 5169144 999
1453108272799 163800 51.0559305785767 3.72823223146581 3419568 1001
1453108273799 164800 51.0559419818138 3.7282361584871 3313664 1000
1453108274799 165800 51.0559553645873 3.72823097837323 4575088 1000
1453108275798 166799 51.0559797909276 3.72822075529404 4240808 999
1453108276798 167799 51.0560114043575 3.72821419812057 4061524 1000
1453108277798 168799 51.056045748311 3.72821104855384 3547300 1000
1453108278798 169799 51.0560798915637 3.72821342550627 4657484 1000
1453108279798 170799 51.0561030666152 3.72821534699655 4964320 1000
1453108280799 171800 51.0561186551802 3.72821467887989 5279584 1001
1453108281798 172799 51.0561320242212 3.72821449312948 6471824 999
1453108282799 173800 51.0561498233799 3.72821471591699 5273240 1001
1453108283799 174800 51.0561743873615 3.72821538365691 3741696 1000
1453108284799 175800 51.0561743873615 3.72821538365691 7596032 1000
1453108285798 176799 51.0562505733944 3.7282309793123 7109752 999
1453108286798 177799 51.0563585990874 3.72828087901511 4240808 1000
1453108287799 178800 51.056421153935 3.7283070001816 3636332 1001
1453108288798 179799 51.056487285904 3.72833175342646 3934272 999
1453108289799 180800 51.0565523677137 3.72835708900333 3065740 1001
1453108290799 181800 51.0566087244325 3.72838294819793 2350988 1000
1453108291798 182799 51.0566609879287 3.72840737863734 3711020 999
1453108292799 183800 51.0566609879287 3.72840737863734 1956932 1001
1453108293799 184800 51.0567061195039 3.72842438201931 4173984 1000
1453108294798 185799 51.0567489014142 3.72844267155308 6419788 999
1453108295799 186800 51.0567913142536 3.72846862642256 4916004 1001
1453108296798 187799 51.0568238876583 3.72849738798777 4253112 999
1453108297799 188800 51.0568748631369 3.72853424176866 5394668 1001
1453108298798 189799 51.0568883636114 3.72854182861197 3168256 999
1453108299798 190799 51.0568883636114 3.72854182861197 5991468 1000
1453108300798 191799 51.0569229795429 3.72854705094936 4689432 1000
1453108301798 192799 51.0569229795429 3.72854705094936 3948248 1000
1453108302799 193800 51.0569578898551 3.72858212164871 4002760 1001
1453108303798 194799 51.0569669271633 3.72861785330716 3383296 999
1453108304798 195799 51.0569669271633 3.72861785330716 4954724 1000
1453108305799 196800 51.0569842617328 3.72867057265723 6140500 1001
1453108306798 197799 51.0570069639193 3.72874445161906 5144772 999
1453108307798 198799 51.057051543544 3.72892920336608 4252148 1000
1453108308798 199799 51.0570711349669 3.72903931365725 3182592 1000
1453108309809 200810 51.0570711349669 3.72903931365725 4226264 1011
1453108310798 201799 51.0570909385542 3.7291498384672 5430516 989
1453108311799 202800 51.0571096812231 3.72925578169421 5417824 1001
1453108312798 203799 51.0571351130178 3.72935051876761 6233064 999
1453108313798 204799 51.0571646150307 3.7294334291665 3182592 1000
1453108314798 205799 51.0571646150307 3.7294334291665 7315456 1000
1453108315798 206799 51.057218350518 3.72956226434806 7186432 1000
1453108316798 207799 51.0572379549182 3.72959530050499 7034880 1000
1453108317798 208799 51.0572483706465 3.72960725524323 7055360 1000
1453108318798 209799 51.0572483706465 3.72960725524323 4112384 1000
1453108319798 210799 51.0572483706465 3.72960725524323 3862528 1000
1453108320798 211799 51.0572398256196 3.72958660367372 7133184 1000
1453108321799 212800 51.0572398256196 3.72958660367372 7909376 1001
1453108322798 213799 51.0572398256196 3.72958660367372 8081408 999
1453108323798 214799 51.0572398256196 3.72958660367372 4118528 1000
1453108324798 215799 51.0572332938016 3.72957497809676 3704832 1000
1453108325798 216799 51.0572332938016 3.72957497809676 7669760 1000
1453108326799 217800 51.0572332938016 3.72957497809676 7796736 1001
1453108327798 218799 51.0572332938016 3.72957497809676 7163904 999
1453108328799 219800 51.0572332938016 3.72957497809676 3215360 1001
1453108329798 220799 51.057239618887 3.72959386377551 4886528 999
1453108330799 221800 51.0572514401429 3.7296670623816 7262208 1001
1453108331798 222799 51.0572495898826 3.72972736377623 7654408 999
1453108332799 223800 51.0572494787128 3.72980296336585 3136136 1001
1453108333798 224799 51.0572521887528 3.72988620748639 2641564 999
1453108334799 225800 51.0572556226811 3.72997779785529 4570196 1001
1453108335799 226800 51.0572503715044 3.73008478455004 1993096 1000
1453108336798 227799 51.0572379482993 3.73020135840845 2747820 999
1453108337798 228799 51.0572226121469 3.73032963636338 3254984 1000
1453108338799 229800 51.0572086698392 3.73048338553044 3728736 1001
1453108339798 230799 51.0571978117995 3.73063417292768 5206972 999
1453108340798 231799 51.0571902296026 3.73077332892366 4488268 1000
1453108341798 232799 51.0571799792775 3.73090927388439 4780788 1000
1453108342799 233800 51.0571799792775 3.73090927388439 5619052 1001
1453108343798 234799 51.0571684721073 3.73103717136341 1511424 999
1453108344798 235799 51.0571612642288 3.73115708957461 2953216 1000
1453108345798 236799 51.0571526169378 3.73126884740347 7221248 1000
1453108346799 237800 51.0571455362496 3.73146273360443 7491584 1001
1453108347798 238799 51.0571419293801 3.73154404075823 7137308 999
1453108348799 239800 51.0571325248507 3.7316187243928 3353412 1001
1453108349798 240799 51.0571107162425 3.73168666296494 5339136 999
1453108350798 241799 51.0570917154488 3.73174103509103 4559640 1000
1453108351798 242799 51.057079650608 3.73177784023657 4444748 1000
1453108352798 243799 51.057079650608 3.73177784023657 4782364 1000
1453108353799 244800 51.057079650608 3.73177784023657 4254236 1001
1453108354799 245800 51.0570923603903 3.73176784921108 1308908 1000
1453108355799 246800 51.0570923603903 3.73176784921108 2063012 1000
1453108356798 247799 51.0570987078909 3.7317543645404 4322620 999
1453108357799 248800 51.0571025438068 3.73173427349846 3144132 1001
1453108358798 249799 51.0571025438068 3.73173427349846 1968348 999
1453108359798 250799 51.0571025438068 3.73173427349846 2583744 1000
1453108360799 251800 51.0571025438068 3.73173427349846 2306428 1001
1453108361798 252799 51.0571025438068 3.73173427349846 4283944 999
1453108362798 253799 51.0571025438068 3.73173427349846 4848748 1000
1453108363799 254800 51.0571025438068 3.73173427349846 4340384 1001
1453108364798 255799 51.0571025438068 3.73173427349846 5138432 999
1453108365799 256800 51.0571025438068 3.73173427349846 5404288 1001
1453108366798 257799 51.0571025438068 3.73173427349846 5571304 999
1453108367798 258799 51.0571025438068 3.73173427349846 3790132 1000
1453108368799 259800 51.0571025438068 3.73173427349846 3165520 1001
1453108369799 260800 51.0571025438068 3.73173427349846 5398528 1000
1453108370798 261799 51.0571025438068 3.73173427349846 5035820 999
1453108371799 262800 51.0571025438068 3.73173427349846 3434008 1001
1453108372798 263799 51.0571025438068 3.73173427349846 3450228 999
1453108373798 264799 51.0571025438068 3.73173427349846 2883196 1000
1453108374799 265800 51.0571025438068 3.73173427349846 3124140 1001
1453108375798 266799 51.0571025438068 3.73173427349846 4557640 999
1453108376799 267800 51.0571025438068 3.73173427349846 4890544 1001
1453108377798 268799 51.0571025438068 3.73173427349846 4297424 999
1453108378799 269800 51.0571025438068 3.73173427349846 3526316 1001
1453108379798 270799 51.0571025438068 3.73173427349846 3979144 999
1453108380799 271800 51.0571025438068 3.73173427349846 2301344 1001
1453108381798 272799 51.0571074637076 3.73176624242609 4265280 999
1453108382798 273799 51.0571088270024 3.7317977772294 5583660 1000
1453108383798 274799 51.0571115747597 3.73184241257994 4560896 1000
1453108384798 275799 51.0571082842055 3.73189932626884 4604896 1000
1453108385799 276800 51.0571082842055 3.73189932626884 3050524 1001
1453108386798 277799 51.0570741044643 3.73205106272713 2566592 999
1453108387799 278800 51.0570571124192 3.73211970476426 3378140 1001
1453108388798 279799 51.0569900474243 3.73223544418167 2809404 999
1453108389798 280799 51.0569900474243 3.73223544418167 3954136 1000
1453108390799 281800 51.0569388055911 3.73230009809146 3957052 1001
1453108391798 282799 51.0568793089329 3.73235415617673 2929904 999
1453108392798 283799 51.0568218811357 3.73241359625555 3258764 1000
1453108393799 284800 51.0567737025941 3.73247496699686 3337176 1001
1453108394798 285799 51.0567457392584 3.73253944277758 4611212 999
1453108395798 286799 51.056730069383 3.73262800282895 4344808 1000
1453108396798 287799 51.0567252143295 3.73272901376255 4813576 1000
1453108397798 288799 51.0567242596136 3.7328176720147 4313260 1000
1453108398799 289800 51.0567386256823 3.73289738848434 4643584 1001
1453108399798 290799 51.0567551796026 3.732960219262 4161536 999
1453108400798 291799 51.0567760095017 3.73301348457446 6648588 1000
1453108401798 292799 51.056799423298 3.73305023215794 4718552 1000
1453108402798 293799 51.0568248304091 3.73306885517257 3428860 1000
1453108403798 294799 51.0568504821318 3.73307339018908 2968124 1000
1453108404799 295800 51.0568806025545 3.73306818009326 3810968 1001
1453108405799 296800 51.0569134621033 3.73306300481644 3824328 1000
1453108406799 297800 51.0569522189066 3.7330569571628 3092960 1000
1453108407798 298799 51.0569946300477 3.73304958348107 2878628 999
1453108408798 299799 51.0570429789957 3.73304075621194 2599496 1000
1453108409798 300799 51.0570972462093 3.73303145114761 2636136 1000
1453108410798 301799 51.0571561605993 3.73302766771941 2964768 1000
1453108411799 302800 51.0572273493444 3.73302923039735 5392884 1001
1453108412799 303800 51.0573056978652 3.73303864266214 5561776 1000
1453108413799 304800 51.0573894251003 3.73305522064806 4334340 1000
1453108414798 305799 51.0574744317435 3.73307110052999 3740200 999
1453108415799 306800 51.0574744317435 3.73307110052999 2300336 1001
1453108416798 307799 51.0576452849371 3.73310012436525 4026468 999
1453108417799 308800 51.057725688658 3.73310775367613 4274364 1001
1453108418798 309799 51.0577977586951 3.73311639366315 1851112 999
1453108419798 310799 51.057865325761 3.73312085942026 2660644 1000
1453108420798 311799 51.0579290282634 3.7331264478135 2957664 1000
1453108421799 312800 51.0579874921434 3.73313386624046 3062656 1001
1453108422798 313799 51.0580422437183 3.73314096842268 3022816 999
1453108423798 314799 51.058089043486 3.73314651451675 2762496 1000
1453108424798 315799 51.0581257203785 3.7331503975243 2944284 1000
1453108425798 316799 51.0581532995428 3.73315263691071 2801144 1000
1453108426798 317799 51.0581736134678 3.73315376251933 2253856 1000
1453108427798 318799 51.058189952642 3.73315339953526 2310524 1000
1453108428799 319800 51.0582091827466 3.73315917300979 2576392 1001
1453108429798 320799 51.0582351228381 3.73316493079988 1431264 999
1453108430798 321799 51.058267174222 3.73317479383722 2902788 1000
1453108431798 322799 51.0583021102735 3.73318421093147 3177236 1000
1453108432799 323800 51.0583349545696 3.7331915030832 3208240 1001
1453108433799 324800 51.0583659949877 3.73319481743151 3011432 1000
1453108434798 325799 51.058392911787 3.73319829597797 3550508 999
1453108435799 326800 51.0584228037733 3.73319867583549 3317268 1001
1453108436799 327800 51.0584571739578 3.73320438863654 3469000 1000
1453108437798 328799 51.0585007920432 3.73320950123475 3349288 999
1453108438798 329799 51.0585546209813 3.73321311261887 2903084 1000
1453108439798 330799 51.0586144087894 3.7332177135134 3940428 1000
1453108440798 331799 51.0586144087894 3.7332177135134 3942536 1000
1453108441799 332800 51.0587535668629 3.73322721267123 3461896 1001
1453108442798 333799 51.0588278706091 3.73323172717313 3200984 999
1453108443799 334800 51.0589007401833 3.73323995694059 3146496 1001
1453108444798 335799 51.0589723259368 3.73325372402758 2978712 999
1453108445798 336799 51.0589723259368 3.73325372402758 3350012 1000
1453108446798 337799 51.0590916552076 3.73328644653947 3166660 1000
1453108447798 338799 51.0591353558685 3.73330324204481 3095760 1000
1453108448798 339799 51.059162281258 3.7333142027384 3310248 1000
1453108449799 340800 51.059176084275 3.73332270747914 2793160 1001
1453108450798 341799 51.059176084275 3.73332270747914 3182288 999
1453108451798 342799 51.059176084275 3.73332270747914 3378224 1000
1453108452798 343799 51.0591855103341 3.73331845329334 3425424 1000
1453108453798 344799 51.0591855103341 3.73331845329334 3591148 1000
1453108454798 345799 51.0591855103341 3.73331845329334 1912000 1000
1453108455798 346799 51.0591855103341 3.73331845329334 2585236 1000
1453108456798 347799 51.0591855103341 3.73331845329334 1889168 1000
1453108457798 348799 51.0591855103341 3.73331845329334 1942912 1000
1453108458799 349800 51.0591855103341 3.73331845329334 1747912 1001
1453108459798 350799 51.0591855103341 3.73331845329334 1699984 999
1453108460798 351799 51.0591855103341 3.73331845329334 2051656 1000
1453108461798 352799 51.0591855103341 3.73331845329334 2205460 1000
1453108462798 353799 51.0591855103341 3.73331845329334 2360060 1000
1453108463798 354799 51.0591855103341 3.73331845329334 2627952 1000
1453108464798 355799 51.0591855103341 3.73331845329334 3492908 1000
1453108465799 356800 51.0591855103341 3.73331845329334 3826708 1001
1453108466799 357800 51.0591855103341 3.73331845329334 3789900 1000
1453108467798 358799 51.0591855103341 3.73331845329334 4102172 999
1453108468799 359800 51.0591855103341 3.73331845329334 4238892 1001
1453108469799 360800 51.0591950640394 3.73331808958643 3373056 1000
1453108470798 361799 51.0591950640394 3.73331808958643 3018172 999
1453108471798 362799 51.0592367200489 3.73333320864879 2960652 1000
1453108472799 363800 51.0592610037208 3.73334698885518 3166008 1001
1453108473798 364799 51.0592862223474 3.73336006566619 3067400 999
1453108474799 365800 51.0593159416626 3.73337486359549 2723608 1001
1453108475799 366800 51.0593526433844 3.73339033546394 3027664 1000
1453108476798 367799 51.0593932449089 3.73340188565911 2895448 999
1453108477798 368799 51.0594302984243 3.73342100986206 3363704 1000
1453108478798 369799 51.0594668249706 3.73343744684209 3219592 1000
1453108479798 370799 51.0595003727787 3.73345516525712 3023072 1000
1453108480799 371800 51.0595003727787 3.73345516525712 3623996 1001
1453108481799 372800 51.0595773155058 3.73349606290219 3729628 1000
1453108482799 373800 51.0596178566027 3.73351801308762 3618576 1000
1453108483798 374799 51.0596612595021 3.73354366411201 3177236 999
1453108484798 375799 51.0597126312451 3.73357311649627 2511324 1000
1453108485798 376799 51.0597690193773 3.73360567300075 3082228 1000
1453108486798 377799 51.0598350277486 3.7336430280943 3061308 1000
1453108487799 378800 51.0599082847856 3.73368410179668 3119716 1001
1453108488798 379799 51.0599818725668 3.73372737524478 2954424 999
1453108489798 380799 51.0600531200857 3.73376574032868 2712824 1000
1453108490798 381799 51.0600531200857 3.73376574032868 2030736 1000
1453108491798 382799 51.0601997703427 3.73383815781174 2015960 1000
1453108492798 383799 51.0602759068576 3.73385957749606 2941984 1000
1453108493798 384799 51.0603592301151 3.73387783549912 2912848 1000
1453108494799 385800 51.0604500566037 3.73388804649957 3208188 1001
1453108495798 386799 51.0604500566037 3.73388804649957 2952352 999
1453108496798 387799 51.0606267862329 3.73391263361621 2086704 1000
1453108497798 388799 51.0607095748653 3.73392304679928 1319044 1000
1453108498799 389800 51.0607837397167 3.73393245409352 2476924 1001
1453108499799 390800 51.060855635024 3.73393696553531 2170280 1000
1453108500798 391799 51.060855635024 3.73393696553531 2427748 999
1453108501799 392800 51.0609880890217 3.73395844781116 1788796 1001
1453108502798 393799 51.0610463282042 3.73397161515232 1926992 999
1453108503799 394800 51.0610910476629 3.73398524462804 2079420 1001
1453108504799 395800 51.0611606218276 3.73401976014861 1280444 1000
1453108505798 396799 51.0611606218276 3.73401976014861 924080 999
1453108506798 397799 51.0611940463365 3.7340517035166 3532360 1000
1453108507798 398799 51.0612260999084 3.73408233581787 4227376 1000
1453108508799 399800 51.0612388272077 3.73409250009965 3681188 1001
1453108509798 400799 51.0612388272077 3.73409250009965 3246080 999
1453108510799 401800 51.0612388272077 3.73409250009965 6514688 1001
1453108511799 402800 51.0612388272077 3.73409250009965 3835700 1000
1453108512798 403799 51.0612388272077 3.73409250009965 4191112 999
1453108513798 404799 51.0612388272077 3.73409250009965 4193368 1000
1453108514799 405800 51.0612388272077 3.73409250009965 3464544 1001
1453108515798 406799 51.0612388272077 3.73409250009965 4520100 999
1453108516798 407799 51.0612388272077 3.73409250009965 1932332 1000
1453108517799 408800 51.0612388272077 3.73409250009965 2583912 1001
1453108518799 409800 51.0612388272077 3.73409250009965 3576244 1000
1453108519799 410800 51.0612388272077 3.73409250009965 3165308 1000
1453108520798 411799 51.0612388272077 3.73409250009965 2641536 999
1453108521799 412800 51.0612486609051 3.73410170432313 3096848 1001
1453108522798 413799 51.0612613682985 3.73410208196069 3254072 999
1453108523799 414800 51.0612824037891 3.73410342401993 3063984 1001
1453108524798 415799 51.0613162128143 3.73410450762558 2809412 999
1453108525798 416799 51.0613615734055 3.73410846363721 3371188 1000
1453108526799 417800 51.0614188272486 3.73411044791613 3487432 1001
1453108527798 418799 51.061485036591 3.73410993653928 3332648 999
1453108528798 419799 51.0615560560916 3.73411062846322 4378224 1000
1453108529798 420799 51.0616235758961 3.7341113886506 4102080 1000
1453108530798 421799 51.0616856098162 3.7341142385404 4276056 1000
1453108531798 422799 51.061744013416 3.73412016838587 3238332 1000
1453108532799 423800 51.0618004048256 3.73412842510113 2906472 1001
1453108533798 424799 51.0618511317212 3.73413485876512 3063300 999
1453108534799 425800 51.0618922478826 3.73413834096475 2933708 1001
1453108535798 426799 51.0619206641592 3.73414257277181 3089804 999
1453108536799 427800 51.0619385594565 3.7341479066322 3185584 1001
1453108537798 428799 51.0619584787693 3.73415552250084 3162356 999
1453108538798 429799 51.061985954461 3.73416486794793 3181072 1000
1453108539798 430799 51.0620218068873 3.73417333066698 2953912 1000
1453108540798 431799 51.0620637060289 3.73417895457194 3242872 1000
1453108541799 432800 51.0621104725796 3.73419254804561 3489168 1001
1453108542798 433799 51.0621638516402 3.73420621841398 3547572 999
1453108543799 434800 51.0622257099634 3.73422692156493 3731316 1001
1453108544798 435799 51.0622876875937 3.73424674122026 2474668 999
1453108545798 436799 51.062348044184 3.73426015635417 3031836 1000
1453108546799 437800 51.0624064097951 3.73426868003008 3267188 1001
1453108547798 438799 51.0624602259672 3.73428216274446 3093840 999
1453108548799 439800 51.0625087721959 3.73429717279608 2896852 1001
1453108549799 440800 51.0625495744067 3.73430789714095 3349624 1000
1453108550798 441799 51.0625787583436 3.73431063034818 4872704 999
1453108551798 442799 51.0625979939147 3.73430638501569 4519256 1000
1453108552799 443800 51.0626068811815 3.73430019329786 5004092 1001
1453108553798 444799 51.0626068811815 3.73430019329786 5457448 999
1453108554799 445800 51.0625934015378 3.73428764982737 4987644 1001
1453108555798 446799 51.0625820808325 3.73428609121425 3547136 999
1453108556798 447799 51.0625820808325 3.73428609121425 7550976 1000
1453108557798 448799 51.0625622946475 3.73428727423045 7522304 1000
1453108558798 449799 51.0625622946475 3.73428727423045 7254272 1000
1453108559798 450799 51.0625622946475 3.73428727423045 5607488 1000
1453108560798 451799 51.0625622946475 3.73428727423045 2531328 1000
1453108561798 452799 51.0625484262002 3.73428899097074 6430720 1000
1453108562798 453799 51.0625484262002 3.73428899097074 7421952 1000
1453108563798 454799 51.0625484262002 3.73428899097074 7602176 1000
1453108564799 455800 51.0625484262002 3.73428899097074 6955008 1001
1453108565798 456799 51.0625484262002 3.73428899097074 1122304 999
1453108566799 457800 51.0625484262002 3.73428899097074 2918400 1001
1453108567798 458799 51.0625651901506 3.73428541225226 6768640 999
1453108568798 459799 51.062587039388 3.73428404345906 7933952 1000
1453108569799 460800 51.062587039388 3.73428404345906 5732796 1001
1453108570798 461799 51.0626174392567 3.73427899872051 2762752 999
1453108571800 462801 51.0626961217785 3.73428232218486 5681144 1002
1453108572815 463816 51.0626961217785 3.73428232218486 2034780 1015
1453108573798 464799 51.0627397251176 3.7342903255169 1411356 983
1453108574798 465799 51.0627755278066 3.73430156319964 1855600 1000
1453108575798 466799 51.0628032291208 3.73432047782563 4888332 1000
1453108576798 467799 51.0628237148502 3.73435207199263 4841428 1000
1453108577798 468799 51.0628390347445 3.73439954257354 3223068 1000
1453108578799 469800 51.0628435598074 3.73443871157447 2640188 1001
1453108579798 470799 51.062843808841 3.73446453601555 1707812 999
1453108580798 471799 51.062843808841 3.73446453601555 2088260 1000
1453108581798 472799 51.062843808841 3.73446453601555 2126756 1000
1453108582799 473800 51.0628251918623 3.73447820870181 2188632 1001
1453108583798 474799 51.0628106738495 3.7344827521475 2194544 999
1453108584798 475799 51.0627930721801 3.73450084308979 2156520 1000
1453108585799 476800 51.062784350336 3.73452607941813 2628880 1001
1453108586799 477800 51.0627787194539 3.73455989691599 3074788 1000
1453108587798 478799 51.0627802363046 3.73460082119875 3838508 999
1453108588798 479799 51.0627855174678 3.73464520221238 3629568 1000
1453108589798 480799 51.0628007939511 3.73469155027496 3671304 1000
1453108590798 481799 51.0628270894889 3.73473309635068 3263300 1000
1453108591798 482799 51.0628612598251 3.73477374526168 3462572 1000
1453108592799 483800 51.0629068575309 3.73479627428479 3456848 1001
1453108593799 484800 51.0629662603242 3.73478790187339 3516124 1000
1453108594798 485799 51.0630323011397 3.73476113414399 3643616 999
1453108595798 486799 51.0631008503317 3.73472618384227 2547308 1000
1453108596798 487799 51.0631706959019 3.73467826667935 2618228 1000
1453108597799 488800 51.0632416552558 3.73462510177387 2665256 1001
1453108598798 489799 51.0633169645674 3.73457400519324 2924304 999
1453108599798 490799 51.0633968081072 3.73452349028017 2652864 1000
1453108600799 491800 51.0634789867422 3.7344666049599 2789608 1001
1453108601799 492800 51.0634789867422 3.7344666049599 2950180 1000
1453108602798 493799 51.0636577364614 3.73435708810072 2526744 999
1453108603798 494799 51.0637514316716 3.73430680511181 2600552 1000
1453108604798 495799 51.0638422637335 3.73425963822903 2861780 1000
1453108605798 496799 51.0639269155338 3.73421929177397 2812340 1000
1453108606798 497799 51.0640132970163 3.73417910942109 2960208 1000
1453108607798 498799 51.0640907452725 3.73416076216336 2961556 1000
1453108608799 499800 51.0641586932958 3.73416559372056 3053040 1001
1453108609799 500800 51.0642142464381 3.73418313618518 2348396 1000
1453108610798 501799 51.0642529781389 3.73420498024761 2965600 999
1453108611799 502800 51.0642529781389 3.73420498024761 3152376 1001
1453108612799 503800 51.0642932782101 3.73425308876684 3417336 1000
1453108613798 504799 51.0643073408291 3.73425473736691 3553768 999
1453108614800 505801 51.064323987143 3.73424741671041 3036396 1002
1453108615798 506799 51.0643369441096 3.73422162481625 2917696 998
1453108616798 507799 51.0643494014044 3.73417705163021 3765172 1000
1453108617798 508799 51.0643582525854 3.73412546464154 3200436 1000
1453108618799 509800 51.0643607729938 3.73407288615404 3234684 1001
1453108619799 510800 51.0643606449799 3.73400957870883 3415336 1000
1453108620799 511800 51.0643574827623 3.73394148985857 3034172 1000
1453108621798 512799 51.0643574827623 3.73394148985857 3109884 999
1453108622798 513799 51.0643362145672 3.7337912916232 2803968 1000
1453108623798 514799 51.0643217823234 3.73370130001426 3056460 1000
1453108624799 515800 51.0643058593938 3.73360303418668 3245496 1001
