1453382738936 47 51.0548779443588 3.74102192147377 0 47
1453382739935 1046 51.0548779443588 3.74102192147377 722528 999
1453382740935 2046 51.0548779443588 3.74102192147377 1570420 1000
1453382741936 3047 51.054858099651 3.74102437498546 3916672 1001
1453382742935 4046 51.0548420027717 3.74102880112221 5682848 999
1453382743935 5046 51.0548267349806 3.74103363561324 5243308 1000
1453382744935 6046 51.0548068638975 3.7410404155762 3092480 1000
1453382745935 7046 51.0547804316768 3.74104998920111 5586360 1000
1453382746935 8046 51.0547519227894 3.74106130558598 6627700 1000
1453382747935 9046 51.0547213121009 3.74107450124606 6101048 1000
1453382748936 10047 51.0546838963168 3.74109208713902 5180788 1001
1453382749935 11046 51.0546417850845 3.74111036722864 4282992 999
1453382750935 12046 51.0546000601011 3.74112742329394 1138688 1000
1453382751935 13046 51.0545552268102 3.74114583824338 4755456 1000
1453382752935 14046 51.0545054344458 3.74116149923207 3848380 1000
1453382753935 15046 51.0544480765468 3.74118110038607 741400 1000
1453382754935 16046 51.054388793517 3.74120143938011 0 1000
1453382755935 17046 51.0543286520298 3.74122268088931 845540 1000
1453382756935 18046 51.0542659954795 3.74124347955866 1892248 1000
1453382757936 19047 51.0541957784305 3.7412689086586 1985580 1001
1453382758935 20046 51.054122802663 3.74129500515194 3598228 999
1453382759935 21046 51.0540490491623 3.74132082393962 4127328 1000
1453382760936 22047 51.0539744608106 3.74134764862376 4950016 1001
1453382761935 23046 51.0538972528345 3.74137640106388 6387624 999
1453382762936 24047 51.0538185647616 3.74140689209221 7561216 1001
1453382763935 25046 51.0537387050696 3.74144071564079 5786924 999
1453382764936 26047 51.0536564564373 3.74147523194715 1714008 1001
1453382765935 27046 51.0536564564373 3.74147523194715 2328644 999
1453382766936 28047 51.0534783522199 3.74155175700676 2055700 1001
1453382767935 29046 51.0533832676844 3.74159233007127 942252 999
1453382768935 30046 51.0532863459957 3.74163379235862 2212744 1000
1453382769935 31046 51.053187315074 3.74167597210677 1952576 1000
1453382770936 32047 51.0530854359 3.74171891465596 2505196 1001
1453382771936 33047 51.0529782728893 3.74176407884077 3934200 1000
1453382772935 34046 51.0528691205892 3.74180942172998 2075920 999
1453382773935 35046 51.0527568151221 3.74185471399449 2377872 1000
1453382774935 36046 51.0526418387101 3.74190061910654 2158148 1000
1453382775935 37046 51.0525251970191 3.74194674048154 3043136 1000
1453382776936 38047 51.0524061965147 3.74199537924492 3707572 1001
1453382777935 39046 51.0522818950112 3.74204776812637 2828180 999
1453382778936 40047 51.0521556598235 3.74210093816611 4340760 1001
1453382779935 41046 51.0520263946051 3.74215553012269 3457232 999
1453382780935 42046 51.0518943968594 3.74221346471242 3205916 1000
1453382781935 43046 51.0517617711897 3.7422745318827 3336064 1000
1453382782936 44047 51.0516282414555 3.74233963492428 2967000 1001
1453382783935 45046 51.0514924335108 3.74240858682708 3340292 999
1453382784935 46046 51.0513586063341 3.7424829191374 2950772 1000
1453382785935 47046 51.0512267266041 3.74256316159716 3115128 1000
1453382786935 48046 51.051093657518 3.7426474164377 1814508 1000
1453382787935 49046 51.0509553300749 3.74273760892669 1316996 1000
1453382788935 50046 51.0508161380059 3.74283637865741 725788 1000
1453382789936 51047 51.0506815596336 3.742936262041 4906856 1001
1453382790935 52046 51.0505483951169 3.74303911143544 4304436 999
1453382791935 53046 51.0504138183803 3.74314867851109 5045432 1000
1453382792935 54046 51.0502776566055 3.74326497464936 5971448 1000
1453382793935 55046 51.0501406731535 3.7433860809276 4976816 1000
1453382794936 56047 51.0500034010709 3.74351397756645 3981992 1001
1453382795936 57047 51.049863664107 3.74364858970395 913552 1000
1453382796935 58046 51.0497242067508 3.74378651624289 2781184 999
1453382797935 59046 51.049587069971 3.74393171750551 6233284 1000
1453382798935 60046 51.0494520644195 3.74408099044385 2701392 1000
1453382799935 61046 51.0493171335854 3.74423293452112 2764748 1000
1453382800935 62046 51.0491836765847 3.74438516464701 3099052 1000
1453382801935 63046 51.0490459123265 3.74454061015546 5133540 1000
1453382802936 64047 51.0489035852183 3.7446988854826 5912332 1001
1453382803935 65046 51.0487612188159 3.744856094867 5303724 999
1453382804935 66046 51.0486194792562 3.745014113332 6414936 1000
1453382805935 67046 51.0484791249978 3.74517320612528 3916852 1000
1453382806935 68046 51.0483372720162 3.745330589192 5050368 1000
1453382807935 69046 51.04819338551 3.7454901966428 8239104 1000
1453382808936 70047 51.0480513159004 3.74564950232212 7802880 1001
1453382809935 71046 51.0479060142222 3.74581080263364 7913472 999
1453382810935 72046 51.0477546738218 3.74597549894817 4448256 1000
1453382811936 73047 51.0475987972291 3.74614056218379 4046848 1001
1453382812935 74046 51.0474391716186 3.74631070019204 7712768 999
1453382813936 75047 51.0472804127811 3.74648154579385 7897088 1001
1453382814935 76046 51.0471239800286 3.7466539416785 7062868 999
1453382815935 77046 51.0469650906086 3.74683090802183 3564060 1000
1453382816935 78046 51.0468038553036 3.74701013820481 1955948 1000
1453382817935 79046 51.046642741181 3.74719198688176 5189396 1000
1453382818936 80047 51.0464826158145 3.74737271811103 6831144 1001
1453382819935 81046 51.0463203733094 3.74755426386376 5612472 999
1453382820935 82046 51.0461549311011 3.74774152203735 4428084 1000
1453382821936 83047 51.0459836168149 3.74793124673927 4173824 1001
1453382822935 84046 51.0458104950446 3.74811585808801 8015872 999
1453382823936 85047 51.0456397559489 3.7482938725276 7322696 1001
1453382824935 86046 51.04546709899 3.74846789808387 6974732 999
1453382825935 87046 51.0452929713508 3.74864087556945 2607916 1000
1453382826935 88046 51.0451179155386 3.74881332505705 1966080 1000
1453382827935 89046 51.0449471311868 3.74898676066992 4034560 1000
1453382828935 90046 51.0447820190251 3.74916220183755 7448576 1000
1453382829935 91046 51.0446241133277 3.74933947909897 8067324 1000
1453382830935 92046 51.044467461289 3.74951981702344 4649936 1000
1453382831936 93047 51.0443107999404 3.74970352291988 3322188 1001
1453382832935 94046 51.0441544789646 3.74988806427219 4782896 999
1453382833935 95046 51.0439949221151 3.75007272413271 2569044 1000
1453382834935 96046 51.0438381199174 3.75025356966265 1411464 1000
1453382835935 97046 51.0436822903186 3.75043251993294 2467516 1000
1453382836936 98047 51.0435270736362 3.7506108576134 2529752 1001
1453382837936 99047 51.0433728438577 3.75079083567529 3461324 1000
1453382838935 100046 51.0432183784278 3.75097236720102 2198420 999
1453382839935 101046 51.0430673832409 3.75114827523489 2811736 1000
1453382840935 102046 51.0429194671059 3.75132243833607 2432152 1000
1453382841935 103046 51.0427695260672 3.75149738561455 2111668 1000
1453382842935 104046 51.0426200389813 3.75167153646013 2128440 1000
1453382843935 105046 51.0424715924675 3.75184822884815 1844064 1000
1453382844935 106046 51.042323447608 3.75202327292175 2270836 1000
1453382845936 107047 51.0421758758427 3.75219694734895 1798396 1001
1453382846935 108046 51.0420273849443 3.75237240027981 871940 999
1453382847936 109047 51.0418774478076 3.75254888712254 1486092 1001
1453382848935 110046 51.0417261833486 3.75272700725031 1546156 999
1453382849936 111047 51.0415747614746 3.7529071171726 1079748 1001
1453382850935 112046 51.0414254072705 3.75308727872606 935512 999
1453382851935 113046 51.0412802050523 3.75326655955449 988084 1000
1453382852935 114046 51.0411357898358 3.7534476133766 1504368 1000
1453382853935 115046 51.0409889206395 3.75363009139603 749488 1000
1453382854935 116046 51.0408397523086 3.75381045659811 1176804 1000
1453382855936 117047 51.0406881644405 3.75399070249536 866868 1001
1453382856935 118046 51.0405370775319 3.75416792318181 844392 999
1453382857935 119046 51.0403859445739 3.75434557205733 799364 1000
1453382858936 120047 51.0402360455222 3.75452373948535 1348052 1001
1453382859935 121046 51.0400869050921 3.75470062561792 1339860 999
1453382860935 122046 51.0399390336788 3.75487468045583 936860 1000
1453382861935 123046 51.0397927593311 3.75504572405467 601208 1000
1453382862936 124047 51.0396479690135 3.75521329808127 628168 1001
1453382863936 125047 51.0395012017292 3.7553811556769 386228 1000
1453382864935 126046 51.0393556979666 3.75554906219077 322172 999
1453382865935 127046 51.0392102040861 3.75571587403937 461016 1000
1453382866935 128046 51.0390652816794 3.75588314434788 688828 1000
1453382867935 129046 51.0389202237361 3.75604895550695 939556 1000
1453382868936 130047 51.0387732708162 3.75621427055457 1396528 1001
1453382869935 131046 51.0386249501057 3.75638063979022 339696 999
1453382870935 132046 51.0384763630846 3.7565470726365 0 1000
1453382871935 133046 51.0383274265999 3.75671459243895 0 1000
1453382872935 134046 51.0381796146917 3.75688093445379 0 1000
1453382873935 135046 51.0380339745227 3.75704503187087 2961556 1000
1453382874935 136046 51.0378904467122 3.75720378568011 3145584 1000
1453382875935 137046 51.0377460205669 3.75735311421075 3615144 1000
1453382876935 138046 51.0375982688401 3.75749193989271 6471940 1000
1453382877935 139046 51.0374460037364 3.75762194518807 4815704 1000
1453382878936 140047 51.03728937959 3.75773541765466 4317696 1001
1453382879935 141046 51.0371277312858 3.75783265384027 3258104 999
1453382880935 142046 51.036962909258 3.75792276459835 2639368 1000
1453382881935 143046 51.0367980846061 3.75799488001801 5236736 1000
1453382882935 144046 51.0366288555247 3.75805135605335 4192500 1000
1453382883935 145046 51.0364552234299 3.75809685899071 2445696 1000
1453382884935 146046 51.0362792525409 3.75812979827779 4998532 1000
1453382885936 147047 51.036104427639 3.75815203507502 3117696 1001
1453382886935 148046 51.0359316037459 3.75816262534054 3041392 999
1453382887935 149046 51.0357622843634 3.75815961388557 2807884 1000
1453382888935 150046 51.0356046024756 3.75812381206354 444840 1000
1453382889935 151046 51.0354414865688 3.75807720950015 0 1000
1453382890936 152047 51.0352714937477 3.75803134188012 0 1001
1453382891935 153046 51.0351011330508 3.7579745067521 0 999
1453382892936 154047 51.0349309275669 3.75790464073654 0 1001
1453382901935 163046 51.0335972292849 3.75678112492259 0 8999
1453382902935 164046 51.0334522142925 3.75664750527959 613335 1000
1453382903935 165046 51.033306597581 3.75651882539058 877444 1000
1453382904935 166046 51.0331602878539 3.75638995658273 2023348 1000
1453382905935 167046 51.033015712068 3.75625836045358 3121128 1000
1453382906936 168047 51.0328712686519 3.75613002370094 4933172 1001
1453382907935 169046 51.0327265095262 3.75599913596684 6284500 999
1453382908935 170046 51.0325835908478 3.75586592816444 6065876 1000
1453382909935 171046 51.0324378808243 3.75573263319262 6727340 1000
1453382910935 172046 51.0324378808243 3.75573263319262 7219936 1000
1453382911935 173046 51.0322973850321 3.75559386144263 1925120 1000
1453382912935 174046 51.032020847077 3.75530279731036 2891776 1000
1453382913935 175046 51.031878949287 3.75516037073578 2207744 1000
1453382914936 176047 51.0317379845714 3.75501394608495 5357568 1001
1453382915936 177047 51.0315963394096 3.75486856902399 7778304 1000
1453382916935 178046 51.0314543116569 3.75472231169763 5373952 999
1453382917936 179047 51.031312376692 3.75457330449948 5230592 1001
1453382918936 180047 51.0311704938071 3.7544262801879 7872512 1000
1453382919936 181047 51.0310292188697 3.75428038323482 7286784 1000
1453382920935 182046 51.0308871997755 3.75413595109701 7909376 999
1453382921935 183046 51.03074548159 3.75398953944387 5197824 1000
1453382922935 184046 51.0306022209496 3.75384595520616 3977216 1000
1453382923936 185047 51.0304585859888 3.7537029800143 7352320 1001
1453382924935 186046 51.0303164269256 3.7535552840532 7636020 999
1453382925935 187046 51.0301778782484 3.7533972537979 6261008 1000
1453382926935 188046 51.0300434326195 3.75323059029588 4702208 1000
1453382927935 189046 51.0299168113897 3.75305052377574 4169728 1000
1453382928935 190046 51.0298011258013 3.75285342455604 7366656 1000
1453382929935 191046 51.0296925633887 3.75264344021573 8067072 1000
1453382930936 192047 51.0295919592277 3.75242227895367 5395616 1001
1453382931936 193047 51.0294996453507 3.75218970465905 4116480 1000
1453382932935 194046 51.0294163099612 3.75194975307005 3735552 999
1453382933935 195046 51.0293393785697 3.75170422792092 7825408 1000
1453382934935 196046 51.0292695945323 3.7514534446624 4439768 1000
1453382935935 197046 51.0292033884147 3.75119807633228 2999268 1000
1453382936935 198046 51.0291475782749 3.75093724528834 3721100 1000
1453382937935 199046 51.0291004280664 3.7506764786871 2601052 1000
1453382938935 200046 51.0290625941856 3.75041454728668 2892808 1000
1453382939936 201047 51.0290311673748 3.75015116632628 1225332 1001
1453382940935 202046 51.0290115412698 3.74988051280216 2478972 999
1453382941936 203047 51.0290052670955 3.74960719119791 489324 1001
1453382942935 204046 51.0290074359964 3.74933046299686 754880 999
1453382943935 205046 51.0290202609228 3.74905910061133 393616 1000
1453382944935 206046 51.0290463006335 3.74879081359558 0 1000
1453382945935 207046 51.0290778860261 3.74853209396599 0 1000
1453382946936 208047 51.0291192659409 3.74827827082814 0 1001
1453382947936 209047 51.0291697902132 3.74803117782307 2844280 1000
1453382948936 210047 51.0292310307899 3.74779738122533 2125796 1000
1453382949937 211048 51.029297407504 3.74757840426996 1512900 1001
1453382950935 212046 51.0293682323533 3.74737220355956 1673772 998
1453382951935 213046 51.0294431332521 3.74717567955979 1958644 1000
1453382952935 214046 51.0295205172994 3.74698585919366 1662084 1000
1453382953935 215046 51.0295980629566 3.74680394427632 1079748 1000
1453382954940 216051 51.0296760027286 3.74662496499582 457856 1005
1453382955935 217046 51.0297568921434 3.74644699275528 2951236 995
1453382956935 218046 51.0298417608562 3.74627249998209 1818452 1000
1453382957935 219046 51.0299303352114 3.74610390955994 2187804 1000
1453382958935 220046 51.0300204147219 3.74594424212129 1612208 1000
1453382959935 221046 51.030119460447 3.74580241595058 2839308 1000
1453382960935 222046 51.0302166500405 3.7456380721759 5023264 1000
1453382961935 223046 51.0303161346684 3.74546916505303 4710224 1000
1453382962936 224047 51.0304110324773 3.74529849747874 5353052 1001
1453382963935 225046 51.0305005242035 3.74513157711832 5515264 999
1453382964935 226046 51.0305847559136 3.74496452203187 7682048 1000
1453382965935 227046 51.0306656310951 3.74479664378645 7557120 1000
1453382966936 228047 51.0307502339153 3.74462402179357 7868416 1001
1453382967935 229046 51.0308325688587 3.74445269415515 6082560 999
1453382968935 230046 51.0309140461602 3.74428506403415 3608576 1000
1453382969935 231046 51.0309978830779 3.74412062348671 4716544 1000
1453382970936 232047 51.0310836071176 3.74395213176811 5372612 1001
1453382971935 233046 51.0311714416244 3.74378009875454 5759784 999
1453382972935 234046 51.0312603910889 3.74360715144713 3394780 1000
1453382973936 235047 51.0313497638032 3.74343666973684 4679680 1001
1453382974936 236047 51.0314415410387 3.74326560276878 4956176 1000
1453382975935 237046 51.0315337015863 3.74309311034764 3080264 999
1453382976935 238046 51.0316267469324 3.74291853233845 5146020 1000
1453382977935 239046 51.0317183730969 3.74274371797051 4830988 1000
1453382978935 240046 51.031809457754 3.74256692789628 4409344 1000
1453382979936 241047 51.0318990809479 3.74237952015635 6243760 1001
1453382980936 242047 51.0319855347254 3.74218039579411 6834872 1000
1453382981935 243046 51.032069979826 3.74197591271422 5066148 999
1453382982936 244047 51.0321500889045 3.74176471623847 3301320 1001
1453382983935 245046 51.03222358611 3.74154471612671 3199660 999
1453382984936 246047 51.0322931105585 3.74131891711538 2077760 1001
1453382985935 247046 51.0323575016558 3.74108314519215 3235200 999
1453382986935 248046 51.0324177137167 3.74084001043971 1385044 1000
1453382987936 249047 51.0324719215348 3.74059044077056 3137100 1001
1453382988936 250047 51.032520780127 3.74034121471202 5182756 1000
1453382989935 251046 51.0325604892871 3.74008848205352 2777788 999
1453382990935 252046 51.03259566241 3.73983215195952 2189592 1000
1453382991935 253046 51.0326293286987 3.73957321390124 2573332 1000
1453382992935 254046 51.032640954762 3.73929823303761 1986952 1000
1453382993935 255046 51.0326539187626 3.739019256237 1607620 1000
1453382994936 256047 51.0326634946923 3.73875136426459 3661712 1001
1453382995935 257046 51.0326747400648 3.73849073190328 3252724 999
1453382996935 258046 51.0326831442607 3.73823321161268 2632644 1000
1453382997935 259046 51.0326863031125 3.73797503293338 2462368 1000
1453382998935 260046 51.0326834169969 3.73771834423381 2771792 1000
1453382999935 261046 51.0326739528946 3.73746316081722 2516740 1000
1453383000936 262047 51.0326638545218 3.73720773963332 2000532 1001
1453383001935 263046 51.0326552576211 3.73695355109178 1570420 999
1453383002935 264046 51.0326384072325 3.73670566499481 2619320 1000
1453383003935 265046 51.0326131090054 3.73646078821679 1870868 1000
1453383004936 266047 51.0325789043654 3.73621798980176 1125580 1001
1453383005935 267046 51.0325355067757 3.73597604312974 1718700 999
1453383006935 268046 51.0324845795485 3.73573506935984 2696 1000
1453383007935 269046 51.0324290530497 3.73550059719414 0 1000
1453383008936 270047 51.0323704962895 3.73526788822424 3002080 1001
1453383009935 271046 51.0323055368024 3.73504166214644 2570552 999
1453383010935 272046 51.0322360808389 3.73482546613989 345088 1000
1453383011935 273046 51.032164342192 3.73460599223932 962472 1000
1453383012935 274046 51.0320932921843 3.73438279323268 1246900 1000
1453383013936 275047 51.0320224777538 3.73415696659618 1931684 1001
1453383014935 276046 51.0319496923285 3.73393081836245 1198372 999
1453383015936 277047 51.0318816712428 3.73370424640101 2129840 1001
1453383016935 278046 51.0318182997521 3.73347949680534 2504584 999
1453383017935 279046 51.0317616772912 3.73324917080869 1476060 1000
1453383018935 280046 51.0317062081229 3.73301415174718 1666128 1000
1453383019936 281047 51.0316549946821 3.73277932859843 1655344 1001
1453383020935 282046 51.0316097139558 3.73254823063719 630864 999
1453383021935 283046 51.0315695901114 3.73231673180458 2670388 1000
1453383022935 284046 51.031532552191 3.73208001497144 3094888 1000
1453383023936 285047 51.0314980279951 3.73184444656603 2126928 1001
1453383024935 286046 51.0314708940913 3.73160558516914 2881012 999
1453383025935 287046 51.0314468130899 3.73137114727707 2886184 1000
1453383026936 288047 51.0314273506221 3.73114895726565 3452112 1001
1453383027935 289046 51.0314112493357 3.73093753902726 2463840 999
1453383028936 290047 51.0313990567273 3.73073475586826 3986340 1001
1453383029936 291047 51.0313907285284 3.73054380758241 1775316 1000
1453383030935 292046 51.0313760196819 3.73019776319391 459668 999
1453383031959 293070 51.0313760196819 3.73019776319391 214332 1024
1453383032935 294046 51.0313714627034 3.73003834506859 629516 976
1453383033936 295047 51.0313664535061 3.72988480830251 811496 1001
1453383034935 296046 51.031362533138 3.72973646300098 907204 999
1453383035936 297047 51.0313631462646 3.72958687146911 1211852 1001
1453383036935 298046 51.0313680994537 3.72943373449781 132104 999
1453383037935 299046 51.0313760593317 3.72927761472794 0 1000
1453383038935 300046 51.031385161426 3.72912678074503 2086860 1000
1453383039936 301047 51.0313956564814 3.72897721973229 4138204 1001
1453383040936 302047 51.0314152029454 3.72883475025049 3724524 1000
1453383041935 303046 51.0314358842188 3.72868730965687 2430444 999
1453383042935 304046 51.0314465104666 3.72852793921635 2801844 1000
1453383043935 305046 51.0314465104666 3.72852793921635 2731696 1000
1453383044936 306047 51.0314744915152 3.72820689954361 2589508 1001
1453383045935 307046 51.0314883674473 3.72804463769893 3043456 999
1453383046936 308047 51.0315054015784 3.7278882106306 3700588 1001
1453383047936 309047 51.0315054015784 3.7278882106306 2536576 1000
1453383048936 310047 51.0315226662183 3.72773833246877 2557516 1000
1453383049935 311046 51.0315619558139 3.72743261610782 2252508 999
1453383050936 312047 51.0315847399606 3.72728137463993 2028740 1001
1453383051935 313046 51.0316083149311 3.72713122310643 2797760 999
1453383052935 314046 51.0316345078558 3.72698481951944 3355472 1000
1453383053935 315046 51.0316345078558 3.72698481951944 2480708 1000
1453383054935 316046 51.0316994178286 3.72670085581057 3498812 1000
1453383055935 317046 51.0317280376035 3.72655901032461 2869140 1000
1453383056936 318047 51.0317549978997 3.72641538274359 3634208 1001
1453383057935 319046 51.0317822174958 3.72627186039046 2532244 999
1453383058935 320046 51.0318146648756 3.72612876726081 2468836 1000
1453383059935 321046 51.0318472500123 3.72598655587148 963692 1000
1453383060935 322046 51.0318783581532 3.72584753657198 1398004 1000
1453383061935 323046 51.0319083365677 3.72571118119217 3655776 1000
1453383062935 324046 51.0319384026948 3.72557367425994 1717520 1000
1453383063935 325046 51.0319672947352 3.72543631830343 1908840 1000
1453383064935 326046 51.0319974378817 3.72529941626937 1891704 1000
1453383065935 327046 51.0320284745803 3.72516102011448 1622292 1000
1453383066935 328046 51.0320588808339 3.72502122460501 1126928 1000
1453383067935 329046 51.0320907533911 3.72488576859493 1245552 1000
1453383068935 330046 51.0321216613492 3.72474756947175 963820 1000
1453383069936 331047 51.0321537328611 3.72460742458745 521676 1001
1453383070936 332047 51.0321837219933 3.72446887599096 3093040 1000
1453383071935 333046 51.0322097004992 3.72432927087004 1131828 999
1453383072935 334046 51.032233922856 3.72418825980198 2621624 1000
1453383073935 335046 51.0322559938675 3.72404685347527 2227852 1000
1453383074935 336046 51.0322801365318 3.72390910577323 2866240 1000
1453383075935 337046 51.0323054552854 3.72377298043747 2148712 1000
1453383076936 338047 51.0323331863791 3.72363737743048 2418872 1001
1453383077935 339046 51.0323610683894 3.72350250731438 2471672 999
1453383078935 340046 51.0323877066006 3.72336794201119 2887416 1000
1453383079935 341046 51.0324127710096 3.72323560360363 2694652 1000
1453383080935 342046 51.0324384269439 3.72309992919299 1924944 1000
1453383081935 343046 51.0324653968074 3.72296850130085 1552896 1000
1453383082936 344047 51.0324928194687 3.72283899529186 1861588 1001
1453383083935 345046 51.0325185770328 3.72270810578226 2923812 999
1453383084936 346047 51.0325458269205 3.72257847014009 2139276 1001
1453383085935 347046 51.0325749921463 3.72244949301582 4936184 999
1453383086935 348046 51.0326013789615 3.72231819114985 5164880 1000
1453383087935 349046 51.0326264206606 3.72218249916138 4309496 1000
1453383088936 350047 51.0326535374079 3.72204184151556 2919896 1001
1453383089935 351046 51.0326827016041 3.72190275507197 4852232 999
1453383090935 352046 51.0327125161556 3.72176901146013 3282380 1000
1453383091935 353046 51.0327430360641 3.72163923506015 3403700 1000
1453383092935 354046 51.0327710914999 3.72151258208032 4027024 1000
1453383093935 355046 51.0327989734079 3.7213860254189 3552824 1000
1453383094935 356046 51.0328278013024 3.72126010019841 5888860 1000
1453383095935 357046 51.0328559957192 3.72113237983825 5265784 1000
1453383096936 358047 51.0328866232011 3.72100367257285 6038952 1001
1453383097935 359046 51.0329171615807 3.72087472055088 6160036 999
1453383098935 360046 51.0329462832664 3.72075042651568 5629952 1000
1453383099936 361047 51.0329736940486 3.72062393712351 3862528 1001
1453383100935 362046 51.0330013892205 3.72049509805116 7491584 999
1453383101936 363047 51.0330304612713 3.72036745897977 4419628 1001
1453383102936 364047 51.0330608485267 3.72024237899604 2178792 1000
1453383103935 365046 51.0330905346065 3.72011859102557 2915728 999
1453383104935 366046 51.0331183137605 3.7199901834755 4944960 1000
1453383105935 367046 51.0331452354354 3.71986030829643 5566184 1000
1453383106935 368046 51.0331736581379 3.71972863083672 4423228 1000
1453383107935 369046 51.0332033870869 3.71959633840106 5566524 1000
1453383108936 370047 51.0332323784953 3.71946315033003 4779292 1001
1453383109935 371046 51.0332607462281 3.7193278469685 4423680 999
1453383110935 372046 51.0332909942007 3.71919731305731 3403880 1000
1453383111936 373047 51.0333204272918 3.71906629946616 4090108 1001
1453383112935 374046 51.0333486623565 3.71893404417339 4022124 999
1453383113935 375046 51.0333744365068 3.71879825912728 3370404 1000
1453383114935 376046 51.0334015823131 3.71866372368289 3652804 1000
1453383115935 377046 51.0334294193723 3.71853008462967 2341008 1000
1453383116935 378046 51.0334570690961 3.71840233247891 2735092 1000
1453383117935 379046 51.0334896621523 3.7182776197263 2412220 1000
1453383118935 380046 51.0335225476514 3.71814858348251 1950556 1000
1453383119935 381046 51.0335225476514 3.71814858348251 1098620 1000
1453383120935 382046 51.0335750591282 3.71788339882607 363960 1000
1453383121936 383047 51.0336036158861 3.7177508972054 323520 1001
1453383122935 384046 51.0336356442593 3.71762022379658 0 999
1453383123935 385046 51.0336680582859 3.71749209549862 2698788 1000
1453383124936 386047 51.0336991899221 3.71736543258562 1010908 1001
1453383125935 387046 51.0337275725666 3.71723826756214 463712 999
1453383126935 388046 51.0337556799493 3.71711469766652 0 1000
1453383127935 389046 51.0337885227369 3.71699034294622 953120 1000
1453383128936 390047 51.0338189112821 3.71686197105827 1799496 1001
1453383129935 391046 51.033850034644 3.71673325199181 486848 999
1453383130936 392047 51.0338786655625 3.71660583043864 2470664 1001
1453383131935 393046 51.0339051376662 3.71647726083553 1579856 999
1453383132936 394047 51.0339307772467 3.71635104801277 1508412 1001
1453383133936 395047 51.0339569134808 3.71622903158833 441964 1000
1453383134936 396047 51.0339864817062 3.71611054341384 2298520 1000
1453383135936 397047 51.0340188829452 3.71598815557524 1600076 1000
1453383136935 398046 51.0340537813065 3.71586009937871 2151408 999
1453383137935 399046 51.0340897393034 3.71573206347059 2530844 1000
1453383138935 400046 51.0341256559378 3.71561055539613 2669040 1000
1453383139935 401046 51.0341627067221 3.71548945143414 3433356 1000
1453383140935 402046 51.0342026231149 3.71536688000688 3165104 1000
1453383141935 403046 51.0342440031616 3.71524434811888 3361912 1000
1453383142935 404046 51.0342846852012 3.71512177852298 2323952 1000
1453383143935 405046 51.0343241363565 3.71500185337313 3669256 1000
1453383144935 406046 51.0343656579155 3.71488295320375 3182592 1000
1453383145935 407046 51.0344080426446 3.71476606713411 3775188 1000
1453383146936 408047 51.0344510361694 3.71464976630745 2346116 1001
1453383147935 409046 51.034496409544 3.71453358307795 3708168 999
1453383148936 410047 51.0345421725562 3.7144192461042 2518944 1001
1453383149935 411046 51.034587303669 3.71430158370341 2332688 999
1453383150935 412046 51.0346318457666 3.71418320942462 1660788 1000
1453383151935 413046 51.0346750800956 3.71406860395133 2380516 1000
1453383152935 414046 51.0347187231627 3.71395669500166 886984 1000
1453383153936 415047 51.0347637691049 3.71384732842487 2259248 1001
1453383154935 416046 51.0348080924791 3.71374015131817 809500 999
1453383155936 417047 51.0348522065303 3.71362911784719 1562980 1001
1453383156935 418046 51.0348966632408 3.71351821789538 1256336 999
1453383157935 419046 51.0349406355323 3.71340630667063 1381700 1000
1453383158935 420046 51.0349824879247 3.71329160371745 4162712 1000
1453383159935 421046 51.0350216780344 3.71317357405039 3305908 1000
1453383160935 422046 51.035059813378 3.7130559766959 4556216 1000
1453383161935 423046 51.0350980008102 3.71293645451235 2438556 1000
1453383162935 424046 51.0351335643428 3.71281647420651 3523672 1000
1453383163935 425046 51.0351666841343 3.71269225286242 1877516 1000
1453383164935 426046 51.0351993321464 3.71256701271581 3335920 1000
1453383165935 427046 51.0352311993676 3.71244198973477 3863996 1000
1453383166935 428046 51.0352632091337 3.71231766602195 3668168 1000
1453383167935 429046 51.0352958216573 3.71219277522717 3210172 1000
1453383168935 430046 51.0353271976482 3.71206775285878 2804344 1000
1453383169935 431046 51.0353586479222 3.7119428802819 2580052 1000
1453383170936 432047 51.0353902161071 3.71181899805425 2820684 1001
1453383171935 433046 51.0354193817554 3.71169316644898 3380136 999
1453383172935 434046 51.0354465554078 3.71156605406926 2910980 1000
1453383173935 435046 51.0354723608162 3.71143979623713 3468404 1000
1453383174935 436046 51.0354981648027 3.71131171306796 2844980 1000
1453383175936 437047 51.0355248687957 3.71118459388653 3080828 1001
1453383176935 438046 51.0355528380915 3.71106132338325 1767228 999
1453383177935 439046 51.0355790944849 3.71093500131266 1512456 1000
1453383178935 440046 51.0356028737367 3.71080857838903 1209156 1000
1453383179936 441047 51.0356292783006 3.71068824388504 2445272 1001
1453383180935 442046 51.0356520596778 3.71056991243878 2877980 999
1453383181935 443046 51.03567486845 3.71045699449846 2199936 1000
1453383182935 444046 51.0356967347079 3.71034976933135 2001780 1000
1453383183935 445046 51.0357186972969 3.71024783488454 2460100 1000
1453383184935 446046 51.0357432135928 3.7101590330872 897432 1000
1453383185935 447046 51.0357679812902 3.71008570850384 1847096 1000
1453383186935 448046 51.0357908019084 3.71002732820969 1326432 1000
1453383187935 449046 51.0358081608227 3.7099793799513 1147148 1000
1453383188935 450046 51.0358260390023 3.70994271042207 881592 1000
1453383189935 451046 51.0358392438862 3.70991810934768 2014664 1000
1453383190935 452046 51.0358491125781 3.70990472782994 2809828 1000
1453383191935 453046 51.0358491125781 3.70990472782994 1947860 1000
1453383192935 454046 51.0358491125781 3.70990472782994 3216328 1000
1453383193936 455047 51.0358491125781 3.70990472782994 1114796 1001
1453383194935 456046 51.0358491125781 3.70990472782994 645692 999
1453383195935 457046 51.0358491125781 3.70990472782994 1326432 1000
1453383196935 458046 51.0358491125781 3.70990472782994 1941120 1000
1453383197935 459046 51.0358491125781 3.70990472782994 1494932 1000
1453383198935 460046 51.0358491125781 3.70990472782994 928772 1000
1453383199936 461047 51.0358491125781 3.70990472782994 3136796 1001
1453383200935 462046 51.0358491125781 3.70990472782994 2469536 999
1453383201935 463046 51.0358491125781 3.70990472782994 2213648 1000
1453383202935 464046 51.0358491125781 3.70990472782994 5217876 1000
1453383203935 465046 51.0358491125781 3.70990472782994 3655532 1000
1453383204935 466046 51.0358491125781 3.70990472782994 2131448 1000
1453383205935 467046 51.0358491125781 3.70990472782994 3706984 1000
1453383206935 468046 51.0358491125781 3.70990472782994 2387756 1000
1453383207935 469046 51.0358491125781 3.70990472782994 3799564 1000
1453383208935 470046 51.0358491125781 3.70990472782994 1042004 1000
1453383209935 471046 51.0358491125781 3.70990472782994 1814408 1000
1453383210936 472047 51.0358491125781 3.70990472782994 1442360 1001
1453383211936 473047 51.0358491125781 3.70990472782994 1999084 1000
1453383212935 474046 51.0358491125781 3.70990472782994 3316988 999
1453383213935 475046 51.0358491125781 3.70990472782994 3968952 1000
1453383214936 476047 51.0358491125781 3.70990472782994 2331952 1001
1453383215935 477046 51.0358491125781 3.70990472782994 3623512 999
1453383216936 478047 51.0358491125781 3.70990472782994 5549752 1001
1453383217936 479047 51.0358491125781 3.70990472782994 3846664 1000
1453383218935 480046 51.0358491125781 3.70990472782994 4059372 999
1453383219935 481046 51.0358491125781 3.70990472782994 2392620 1000
1453383220935 482046 51.0358491125781 3.70990472782994 2522136 1000
1453383221936 483047 51.0358491125781 3.70990472782994 3400436 1001
1453383222936 484047 51.0358491125781 3.70990472782994 4215764 1000
1453383223936 485047 51.0358491125781 3.70990472782994 2284860 1000
1453383224935 486046 51.0358491125781 3.70990472782994 3026260 999
1453383225936 487047 51.0358491125781 3.70990472782994 2675808 1001
1453383226935 488046 51.0358491125781 3.70990472782994 3139464 999
1453383227935 489046 51.0358491125781 3.70990472782994 2925160 1000
1453383228935 490046 51.0358491125781 3.70990472782994 2393400 1000
1453383229935 491046 51.0358491125781 3.70990472782994 1843888 1000
1453383230935 492046 51.0358491125781 3.70990472782994 3341168 1000
1453383231935 493046 51.0358491125781 3.70990472782994 2507928 1000
1453383232936 494047 51.0358491125781 3.70990472782994 1738480 1001
1453383233935 495046 51.0358491125781 3.70990472782994 2948516 999
1453383234935 496046 51.0358491125781 3.70990472782994 1658040 1000
1453383235935 497046 51.0358491125781 3.70990472782994 2422052 1000
1453383236936 498047 51.0358491125781 3.70990472782994 2626208 1001
1453383237935 499046 51.0358491125781 3.70990472782994 2959208 999
1453383238935 500046 51.0358491125781 3.70990472782994 3215156 1000
1453383239935 501046 51.0358491125781 3.70990472782994 2710552 1000
1453383240935 502046 51.0358491125781 3.70990472782994 2281916 1000
1453383241936 503047 51.0358491125781 3.70990472782994 1622992 1001
