1450276755706 196 51.0562498145208 3.71562482574698 145475 196
1450276756706 1196 51.05625062287 3.71572548706332 3188668 1000
1450276757705 2195 51.0562482479689 3.71582336500731 5075976 999
1450276758705 3195 51.0562475327334 3.7159148657969 6071984 1000
1450276759706 4196 51.0562374532814 3.71600656365613 5204628 1001
1450276760705 5195 51.0562388271194 3.71608781058414 3501640 999
1450276761705 6195 51.0562222251169 3.71616394270024 4204228 1000
1450276762706 7196 51.056249207668 3.71628637500975 2554460 1001
1450276763705 8195 51.0562465400657 3.7163630221526 2019952 999
1450276764705 9195 51.0563033895442 3.71643132420036 2277224 1000
1450276765705 10195 51.0563033895442 3.71643132420036 2292644 1000
1450276766706 11196 51.0562955483533 3.71651236973356 3378852 1001
1450276767706 12196 51.0563018068345 3.71657571667205 3171244 1000
1450276768705 13195 51.0562795126029 3.7166412647109 3840140 999
1450276769706 14196 51.0562753207547 3.71669646575802 3078832 1001
1450276770705 15195 51.0562603553963 3.71675377627215 1571448 999
1450276771705 16195 51.0562422780752 3.71680901811943 6563732 1000
1450276772705 17195 51.0562045770986 3.71686814435997 3809448 1000
1450276773705 18195 51.0561950385211 3.71693972081739 4835584 1000
1450276774705 19195 51.0561995428463 3.71700607073176 3995164 1000
1450276775705 20195 51.0562055918583 3.71706839731754 3102668 1000
1450276776705 21195 51.0562132868981 3.71713377621971 4055040 1000
1450276777705 22195 51.0562199317899 3.717210769632 7688192 1000
1450276778705 23195 51.0562302712094 3.71731644222021 4621916 1000
1450276779705 24195 51.0562414131865 3.71744480553394 2987168 1000
1450276780706 25196 51.0562510238775 3.71758773693062 2836480 1001
1450276781705 26195 51.0562638048443 3.71772626626848 4214728 999
1450276782705 27195 51.0562631310075 3.71786500953331 3847424 1000
1450276783727 28217 51.0562676167835 3.71800491134329 3210264 1022
1450276784705 29195 51.0562739203044 3.71813863567245 3512808 978
1450276785707 30197 51.0562793717632 3.71825831073509 3414952 1002
1450276786705 31195 51.0563024416378 3.71837323072007 6098944 998
1450276787705 32195 51.0563871235871 3.71860092318788 4031508 1000
1450276788705 33195 51.0563871235871 3.71860092318788 2200584 1000
1450276789705 34195 51.0564549698932 3.71883783694146 2446024 1000
1450276790705 35195 51.0565109470748 3.71895703429274 2013160 1000
1450276791705 36195 51.0565609445236 3.71906071801563 2203980 1000
1450276792705 37195 51.0565892711459 3.71915742052369 1342608 1000
1450276793705 38195 51.0566097764698 3.71925013817048 1391836 1000
1450276794705 39195 51.0566283378389 3.7193478634373 649036 1000
1450276795706 40196 51.0566283378389 3.7193478634373 0 1001
1450276796706 41196 51.0565291717312 3.71955652886878 2435836 1000
1450276797705 42195 51.0564760120776 3.71966940640954 3049176 999
1450276798705 43195 51.0565434810381 3.71974682674101 1702524 1000
1450276799706 44196 51.0565645153463 3.71982858879086 1947860 1001
1450276800706 45196 51.0565905708863 3.71991555130256 1943168 1000
1450276801705 46195 51.0566203417696 3.72001606195323 1488840 999
1450276802705 47195 51.0566203417696 3.72001606195323 514936 1000
1450276803706 48196 51.0566359270876 3.72009651611926 3785004 1001
1450276804705 49195 51.0566382266619 3.72017142730078 3069576 999
1450276805706 50196 51.0566353903944 3.72024962877448 2949884 1001
1450276806705 51195 51.0566790470313 3.72035588468687 3020408 999
1450276807705 52195 51.0566790470313 3.72035588468687 1893940 1000
1450276808706 53196 51.0566753514217 3.72047986079479 2003128 1001
1450276809705 54195 51.0566740120446 3.72051238566577 2102880 999
1450276810705 55195 51.0566716931239 3.72053682056528 1540116 1000
1450276811705 56195 51.0566658184729 3.72055190471629 1366172 1000
1450276812705 57195 51.0566658184729 3.72055190471629 455624 1000
1450276813705 58195 51.0566658184729 3.72055190471629 0 1000
1450276814705 59195 51.0566508112273 3.72054410876866 0 1000
1450276815705 60195 51.0566508112273 3.72054410876866 0 1000
1450276816705 61195 51.0566508112273 3.72054410876866 3392916 1000
1450276817705 62195 51.0566524243357 3.7205294597232 545940 1000
1450276818705 63195 51.0566524243357 3.7205294597232 110536 1000
1450276819705 64195 51.0566524243357 3.7205294597232 32352 1000
1450276820705 65195 51.0566524243357 3.7205294597232 860024 1000
1450276821706 66196 51.0566524243357 3.7205294597232 0 1001
1450276822705 67195 51.0566524243357 3.7205294597232 0 999
1450276823706 68196 51.0566524243357 3.7205294597232 86272 1001
1450276824705 69195 51.0566524243357 3.7205294597232 2794404 999
1450276825706 70196 51.0566524243357 3.7205294597232 501456 1001
1450276826705 71195 51.0566524243357 3.7205294597232 792624 999
1450276827705 72195 51.0566524243357 3.7205294597232 1060876 1000
1450276828705 73195 51.0566524243357 3.7205294597232 874852 1000
1450276829706 74196 51.0566524243357 3.7205294597232 977300 1001
1450276830706 75196 51.0566524243357 3.7205294597232 761620 1000
1450276831705 76195 51.0566524243357 3.7205294597232 787232 999
1450276832705 77195 51.0566524243357 3.7205294597232 717836 1000
1450276833706 78196 51.0566602455005 3.72053372111124 596464 1001
1450276834706 79196 51.05667452572 3.72053715575076 591772 1000
1450276835705 80195 51.0566602455005 3.72053372111124 668608 999
1450276836705 81195 51.0566794806846 3.7205416435443 657824 1000
1450276837705 82195 51.0566959218738 3.72054531469883 757576 1000
1450276838705 83195 51.0567164512923 3.72054324842808 939556 1000
1450276839705 84195 51.056737903887 3.7205448688661 864068 1000
1450276840705 85195 51.056755144385 3.72055127808936 39092 1000
1450276841705 86195 51.0567677179069 3.72056124564745 4044 1000
1450276842705 87195 51.0567677179069 3.72056124564745 0 1000
1450276843705 88195 51.0567677179069 3.72056124564745 1361356 1000
1450276844705 89195 51.0567886388855 3.72058882672167 1991120 1000
1450276845705 90195 51.0568076448137 3.7206102069457 729268 1000
1450276846706 91196 51.0568076448137 3.7206102069457 733312 1001
1450276847705 92195 51.0568076448137 3.7206102069457 788580 999
1450276848705 93195 51.0568076448137 3.7206102069457 726572 1000
1450276849706 94196 51.0568076448137 3.7206102069457 787232 1001
1450276850705 95195 51.0568061064989 3.72065515329572 834412 999
1450276851705 96195 51.0568061064989 3.72065515329572 549440 1000
1450276852706 97196 51.0567858125383 3.72068804116672 1103208 1001
1450276853705 98195 51.0567568252719 3.72072766803308 1284644 999
1450276854705 99195 51.0567548765102 3.72075582843398 1001564 1000
1450276855705 100195 51.056771001208 3.72080310150751 1245552 1000
1450276856705 101195 51.0567805924351 3.72084620461208 803408 1000
1450276857705 102195 51.0567876164934 3.72089032715904 388224 1000
1450276858706 103196 51.0567952664443 3.72093248900005 0 1001
1450276859706 104196 51.0567916996885 3.72097852275896 9436 1000
1450276860705 105195 51.0567653817949 3.72102555311946 0 999
1450276861705 106195 51.0567653817949 3.72102555311946 0 1000
1450276862706 107196 51.0567314263206 3.72112002299764 72404 1001
1450276863706 108196 51.0567075318266 3.72116177690049 1498016 1000
1450276864705 109195 51.0566906937686 3.72119154706197 1062224 999
1450276865705 110195 51.0566728841504 3.72122322088045 91664 1000
1450276866705 111195 51.0566554091879 3.72125043696667 0 1000
1450276867705 112195 51.0566350939842 3.72126258764427 805508 1000
1450276868705 113195 51.0566133016273 3.72128438328932 523620 1000
1450276869705 114195 51.0565978774826 3.72131596678272 0 1000
1450276870705 115195 51.0565978774826 3.72131596678272 253580 1000
1450276871706 116196 51.0565835563832 3.72134399436623 1384240 1001
1450276872706 117196 51.0565430367591 3.72141075878324 923380 1000
1450276873706 118196 51.0565032816417 3.72145253190621 525720 1000
1450276874705 119195 51.0564630532728 3.72149215293599 517632 999
1450276875705 120195 51.0564123791959 3.72152965415547 749488 1000
1450276876705 121195 51.0563833197451 3.72158556621481 601208 1000
1450276877706 122196 51.0563588942053 3.72163398328021 372048 1001
1450276878705 123195 51.0563298995684 3.72167387269631 475844 999
1450276879705 124195 51.0562957234538 3.72175191286149 277688 1000
1450276880706 125196 51.0562663375023 3.72182691588975 0 1001
1450276881705 126195 51.0562663375023 3.72182691588975 0 999
1450276882706 127196 51.0561777636557 3.72193910662608 1230724 1001
1450276883705 128195 51.0561777636557 3.72193910662608 571552 999
1450276884706 129196 51.056094811401 3.72202131746319 986736 1001
1450276885705 130195 51.0560353804216 3.72204489802594 700960 999
1450276886705 131195 51.0559963797797 3.72208422162364 496064 1000
1450276887705 132195 51.0559575554156 3.7221258385657 692872 1000
1450276888705 133195 51.0559224011644 3.72216169411447 427316 1000
1450276889706 134196 51.0558807121661 3.72218783077553 165804 1001
1450276890706 135196 51.0558500016593 3.72221859982942 0 1000
1450276891705 136195 51.0558217247228 3.72222888313072 184676 999
1450276892705 137195 51.0558015153114 3.72222761615183 83576 1000
1450276893705 138195 51.0557775512818 3.72222713148618 0 1000
1450276894705 139195 51.0557775512818 3.72222713148618 0 1000
1450276895705 140195 51.0557220049227 3.72222695199912 1511108 1000
1450276896706 141196 51.0557220049227 3.72222695199912 49876 1001
1450276897705 142195 51.0556954115253 3.72221885277182 1171412 999
1450276898705 143195 51.0556668677646 3.72220004506724 663892 1000
1450276899706 144196 51.0556421763166 3.72218272277669 1219264 1001
1450276900706 145196 51.0555880151122 3.72215238033062 749488 1000
1450276901705 146195 51.0555578521471 3.72213500276558 420576 999
1450276902705 147195 51.0555578521471 3.72213500276558 109188 1000
1450276903706 148196 51.0555297617808 3.72209971949845 1178152 1001
1450276904705 149195 51.0554616595562 3.72204961970601 483932 999
1450276905706 150196 51.0554297958192 3.72203101357226 277688 1001
1450276906705 151195 51.0554297958192 3.72203101357226 66052 999
1450276907705 152195 51.0553943113102 3.72201174022061 753532 1000
1450276908705 153195 51.0553485562776 3.72198851644048 417880 1000
1450276909705 154195 51.0553065023973 3.72196585078665 1240160 1000
1450276910705 155195 51.055267851155 3.72194186270108 1463928 1000
1450276911706 156196 51.0552354977416 3.72191535419961 917988 1001
1450276912705 157195 51.0552089870546 3.72188857518022 423272 999
1450276913705 158195 51.0551818963575 3.72187297308765 1415400 1000
1450276914705 159195 51.0551545927239 3.72186286041747 1122884 1000
1450276915706 160196 51.0551263186734 3.72185641751319 703656 1001
1450276916705 161195 51.0550961011835 3.72185634987126 1019088 999
1450276917706 162196 51.0550672309327 3.72185356930691 544592 1001
1450276918705 163195 51.0550388210955 3.72184772897065 647040 999
1450276919705 164195 51.0549997069985 3.72183235127931 982692 1000
1450276920706 165196 51.0549637175553 3.72181861903225 860492 1001
1450276921706 166196 51.054896027126 3.72178132989386 918868 1000
1450276922705 167195 51.0548583771245 3.72176428536681 579640 999
1450276923705 168195 51.054820740807 3.72174664242224 811496 1000
1450276924705 169195 51.0547746766625 3.72172621341311 1005608 1000
1450276925706 170196 51.0547137009637 3.72172031876298 1132320 1001
1450276926705 171195 51.0546654039388 3.72172328317385 971908 999
1450276927705 172195 51.0546165015995 3.72172735125689 829020 1000
1450276928705 173195 51.0546165015995 3.72172735125689 63356 1000
1450276929705 174195 51.0545711463441 3.72172693178076 2644776 1000
1450276930705 175195 51.0545176418468 3.72170744055846 1824544 1000
1450276931706 176196 51.0545045492791 3.72169279139317 1479404 1001
1450276932705 177195 51.0544961629771 3.72168382585984 982692 999
1450276933706 178196 51.0544961629771 3.72168382585984 385528 1001
1450276934706 179196 51.0544961629771 3.72168382585984 2741936 1000
1450276935705 180195 51.0544961629771 3.72168382585984 1943712 999
1450276936705 181195 51.0544961629771 3.72168382585984 1633776 1000
1450276937705 182195 51.0544819860996 3.72166541312512 1604588 1000
1450276938706 183196 51.0544612786842 3.72165323283698 1917736 1001
1450276939705 184195 51.0544321726244 3.72163821670825 2295644 999
1450276940706 185196 51.054403179798 3.72162281232977 2388708 1001
1450276941705 186195 51.0543746913065 3.72160729889872 2387604 999
1450276942705 187195 51.0543508435538 3.72158939742379 2450316 1000
1450276943706 188196 51.0543074236281 3.72155712584212 1795536 1001
1450276944706 189196 51.0542913655968 3.72154483763741 1213200 1000
1450276945705 190195 51.0542738055671 3.72153620906242 1055484 999
1450276946705 191195 51.0542599672753 3.72152088542656 994824 1000
1450276947705 192195 51.0542599672753 3.72152088542656 938208 1000
1450276948705 193195 51.0542494927979 3.72150442497779 1391136 1000
1450276949705 194195 51.0542314737385 3.72149504650781 1442360 1000
1450276950705 195195 51.0541992939338 3.7214817176591 1285992 1000
1450276951705 196195 51.0541628574964 3.7215110744529 1199720 1000
1450276952705 197195 51.054109055679 3.72158781914097 1223984 1000
1450276953705 198195 51.0540697979572 3.72165574510748 1865632 1000
1450276954705 199195 51.0540325788989 3.72172953407727 1763184 1000
1450276955705 200195 51.0540012164598 3.72180535891131 1730832 1000
1450276956705 201195 51.0540012164598 3.72180535891131 477192 1000
1450276957705 202195 51.0539202914878 3.72196259735094 1239400 1000
1450276958705 203195 51.0538860469769 3.72201709922769 2575440 1000
1450276959705 204195 51.0538478582971 3.72205792052995 544592 1000
1450276960705 205195 51.0538478582971 3.72205792052995 0 1000
1450276961705 206195 51.0538116624399 3.72209052994625 0 1000
1450276962706 207196 51.0537846410736 3.72211703286061 0 1001
1450276963705 208195 51.0537561022941 3.72214506857674 2621860 999
1450276964705 209195 51.0537315090569 3.72215884658553 1921500 1000
1450276965705 210195 51.0537064948934 3.72216087111729 1148544 1000
1450276966706 211196 51.0536812991323 3.72215906174945 1599428 1001
1450276967706 212196 51.0536569980408 3.72215917096411 1689096 1000
1450276968706 213196 51.0536332925329 3.7221595525194 1768472 1000
1450276969705 214195 51.053610236013 3.72216474793955 1539416 999
1450276970705 215195 51.0535936709585 3.72217078447475 1862936 1000
1450276971705 216195 51.0535823086905 3.72217459468054 1811064 1000
1450276972706 217196 51.0535823086905 3.72217459468054 1715304 1001
1450276973706 218196 51.0535823086905 3.72217459468054 1945916 1000
1450276974705 219195 51.0535823086905 3.72217459468054 2281620 999
1450276975706 220196 51.0535823086905 3.72217459468054 3096148 1001
1450276976705 221195 51.0535823086905 3.72217459468054 3293592 999
1450276977705 222195 51.0535940019917 3.72218501615506 3198376 1000
1450276978705 223195 51.0535940019917 3.72218501615506 3506748 1000
1450276979705 224195 51.0535940019917 3.72218501615506 3468920 1000
1450276980705 225195 51.053600845701 3.72219659068642 3680272 1000
1450276981705 226195 51.053600845701 3.72219659068642 2801292 1000
1450276982705 227195 51.053600845701 3.72219659068642 1527136 1000
1450276983705 228195 51.0535919473453 3.72219378115668 5227544 1000
1450276984705 229195 51.053600845701 3.72219659068642 4070024 1000
1450276985706 230196 51.053600845701 3.72219659068642 3252312 1001
1450276986705 231195 51.053600845701 3.72219659068642 2940352 999
1450276987706 232196 51.053600845701 3.72219659068642 3384464 1001
1450276988706 233196 51.053600845701 3.72219659068642 2813328 1000
1450276989705 234195 51.053600845701 3.72219659068642 3299256 999
1450276990705 235195 51.053600845701 3.72219659068642 2770736 1000
1450276991705 236195 51.053600845701 3.72219659068642 3911896 1000
1450276992705 237195 51.053600845701 3.72219659068642 3085132 1000
1450276993705 238195 51.053600845701 3.72219659068642 2250252 1000
1450276994705 239195 51.0535919340885 3.72217727077468 2560604 1000
1450276995705 240195 51.0535836629342 3.72218758636639 3325620 1000
1450276996706 241196 51.0535836629342 3.72218758636639 3194632 1001
1450276997706 242196 51.0535836629342 3.72218758636639 3091616 1000
1450276998705 243195 51.0535836629342 3.72218758636639 3589540 999
1450276999705 244195 51.0535836629342 3.72218758636639 3135680 1000
1450277000706 245196 51.0535836629342 3.72218758636639 3469772 1001
1450277001705 246195 51.0535836629342 3.72218758636639 4418644 999
1450277002705 247195 51.0535836629342 3.72218758636639 4235264 1000
1450277003705 248195 51.0535836629342 3.72218758636639 5194204 1000
1450277004705 249195 51.0535836629342 3.72218758636639 4095664 1000
1450277005705 250195 51.0535836629342 3.72218758636639 3931764 1000
1450277006706 251196 51.0535836629342 3.72218758636639 2692308 1001
1450277007705 252195 51.0535836629342 3.72218758636639 3218756 999
1450277008705 253195 51.0535836629342 3.72218758636639 3553596 1000
1450277009705 254195 51.0535836629342 3.72218758636639 2286940 1000
1450277010705 255195 51.0535836629342 3.72218758636639 4416664 1000
1450277011705 256195 51.0535836629342 3.72218758636639 474496 1000
1450277012705 257195 51.0535836629342 3.72218758636639 2491140 1000
1450277013706 258196 51.0535836629342 3.72218758636639 2168896 1001
1450277014705 259195 51.0535836629342 3.72218758636639 2189152 999
1450277015705 260195 51.0535836629342 3.72218758636639 1841576 1000
1450277016705 261195 51.0535836629342 3.72218758636639 1768088 1000
1450277017706 262196 51.0535836629342 3.72218758636639 2015540 1001
1450277018706 263196 51.0535836629342 3.72218758636639 2077268 1000
1450277019705 264195 51.0535836629342 3.72218758636639 1775316 999
1450277020706 265196 51.0535836629342 3.72218758636639 664564 1001
1450277021705 266195 51.0535836629342 3.72218758636639 2275328 999
1450277022705 267195 51.0535836629342 3.72218758636639 1715792 1000
1450277023705 268195 51.0535836629342 3.72218758636639 263168 1000
1450277024705 269195 51.0535836629342 3.72218758636639 2677128 1000
1450277025706 270196 51.0535836629342 3.72218758636639 1886532 1001
1450277026706 271196 51.0535836629342 3.72218758636639 1944484 1000
1450277027705 272195 51.0535836629342 3.72218758636639 2007256 999
1450277028705 273195 51.0535836629342 3.72218758636639 2001696 1000
1450277029705 274195 51.0535836629342 3.72218758636639 3165856 1000
1450277030705 275195 51.0535836629342 3.72218758636639 3522220 1000
1450277031705 276195 51.0535836629342 3.72218758636639 2766096 1000
1450277032705 277195 51.0535836629342 3.72218758636639 2619164 1000
1450277033706 278196 51.0535836629342 3.72218758636639 1372264 1001
1450277034705 279195 51.0535836629342 3.72218758636639 171196 999
1450277035705 280195 51.0535836629342 3.72218758636639 3623444 1000
1450277036705 281195 51.0535836629342 3.72218758636639 5110248 1000
1450277037706 282196 51.0535836629342 3.72218758636639 2935944 1001
1450277038706 283196 51.0535836629342 3.72218758636639 3534456 1000
1450277039705 284195 51.0535836629342 3.72218758636639 3059960 999
1450277040706 285196 51.0535836629342 3.72218758636639 2040872 1001
1450277041705 286195 51.0535836629342 3.72218758636639 2716376 999
1450277042706 287196 51.0535836629342 3.72218758636639 3670448 1001
1450277043705 288195 51.0535836629342 3.72218758636639 3067404 999
1450277044705 289195 51.0535728916293 3.72218619712309 3886804 1000
1450277045705 290195 51.0535605585338 3.72219822789043 4006380 1000
1450277046705 291195 51.0535605585338 3.72219822789043 3740700 1000
1450277047705 292195 51.0535426303027 3.72220959868353 3233792 1000
1450277048705 293195 51.0535281938035 3.72220335181164 5469596 1000
1450277049706 294196 51.0535116078992 3.72220386172 4343904 1001
1450277050705 295195 51.05347424713 3.72219953546025 4220588 999
1450277051705 296195 51.0534474411967 3.72220239174596 2557156 1000
1450277052705 297195 51.0534474411967 3.72220239174596 2743008 1000
1450277053705 298195 51.0534144597569 3.72220044622896 6064824 1000
1450277054706 299196 51.05338066242 3.72219883508811 5460936 1001
1450277055705 300195 51.0533519829947 3.72219678663208 4709724 999
1450277056705 301195 51.053325129902 3.7222004604634 3880960 1000
1450277057705 302195 51.0532965129454 3.72219626580236 4298752 1000
1450277058706 303196 51.0532627668923 3.72217199638024 5113856 1001
1450277059705 304195 51.0532289920947 3.72216550982831 6895616 999
1450277060705 305195 51.0531392399797 3.72218275300031 4972852 1000
1450277061705 306195 51.0531392399797 3.72218275300031 2889844 1000
1450277062706 307196 51.0530821469928 3.72219464933471 4506948 1001
1450277063705 308195 51.0530347161602 3.72219259404184 4136960 999
1450277064705 309195 51.0529853147679 3.72219588653506 7469384 1000
1450277065705 310195 51.0529400584059 3.72219359249881 4961408 1000
1450277066705 311195 51.0529030377088 3.72218879742232 5698576 1000
1450277067706 312196 51.0528634065108 3.7221793176747 3508568 1001
1450277068706 313196 51.0528193319094 3.72216486085574 4378624 1000
1450277069706 314196 51.0527806141094 3.72215254293096 7071744 1000
1450277070705 315195 51.0527447150837 3.72214265461755 7401472 999
1450277071706 316196 51.0527082355608 3.72213317425382 5922628 1001
1450277072705 317195 51.0526768955151 3.72212717960783 4440880 999
1450277073706 318196 51.0526459247684 3.72212151695393 3733504 1001
1450277074705 319195 51.0526100754705 3.72211362761726 5492988 999
1450277075705 320195 51.0525668471087 3.72212911572676 4253152 1000
1450277076705 321195 51.0525317999253 3.72211780999238 3739140 1000
1450277077706 322196 51.0524920189403 3.7220915202376 2736268 1001
1450277078705 323195 51.0524449258891 3.72206480192636 3932288 999
1450277079706 324196 51.0523671591611 3.72194668569506 2790360 1001
1450277080705 325195 51.0523384723621 3.72188095755674 2264640 999
1450277081705 326195 51.0523155098883 3.72185061772764 2092100 1000
1450277082705 327195 51.052282090878 3.72185524014976 1902024 1000
1450277083720 328210 51.0522442989183 3.72184012853488 676696 1015
1450277084705 329195 51.0521912770928 3.72180753556451 0 985
1450277085705 330195 51.0521444936529 3.72177331879483 2987168 1000
1450277086705 331195 51.0520938885142 3.72174114021668 1081096 1000
1450277087705 332195 51.052047582435 3.7217075611489 288472 1000
1450277088705 333195 51.0520006439072 3.72168014820747 2062440 1000
1450277089705 334195 51.0519561393267 3.72165883263337 768076 1000
1450277090705 335195 51.0519113258398 3.72163202772262 761256 1000
1450277091705 336195 51.0518675309565 3.72160287584387 959076 1000
1450277092705 337195 51.0518211782102 3.72156106547259 1250944 1000
1450277093706 338196 51.051776687855 3.72152605129511 958428 1001
1450277094706 339196 51.0517374181308 3.72150533063128 1042396 1000
1450277095706 340196 51.0517004257752 3.72149368828564 811752 1000
1450277096705 341195 51.0516551278938 3.72148980846297 710396 999
1450277097705 342195 51.0516091760614 3.72147949991118 707700 1000
1450277098706 343196 51.0516091760614 3.72147949991118 0 1001
1450277099706 344196 51.0515645136622 3.72145763023386 2613124 1000
1450277100705 345195 51.051522861611 3.72143594389684 1394480 999
1450277101705 346195 51.0514556498677 3.72139988057184 1371616 1000
1450277102705 347195 51.0514187718203 3.72137345444145 1325732 1000
1450277103706 348196 51.0513800207575 3.72134584344628 706352 1001
1450277104705 349195 51.0513470315454 3.72133427546641 343740 999
1450277105705 350195 51.0513162875436 3.72132461606321 0 1000
1450277106705 351195 51.0512860902881 3.7213180112572 1978864 1000
1450277107705 352195 51.0512549143665 3.72131366434552 559420 1000
1450277108705 353195 51.0512549143665 3.72131366434552 264208 1000
1450277109706 354196 51.0512205374401 3.72131327158933 1850804 1001
1450277110705 355195 51.0511845330597 3.72131113546638 1202416 999
1450277111705 356195 51.0511200119616 3.72130325375394 957080 1000
1450277112705 357195 51.0510875240388 3.72129410243804 717136 1000
1450277113705 358195 51.0510685464733 3.7212943622999 765664 1000
1450277114705 359195 51.0510685464733 3.7212943622999 893724 1000
1450277115705 360195 51.0510583311805 3.72129607181649 1161976 1000
1450277116705 361195 51.0510615300184 3.72127411260668 984040 1000
1450277117705 362195 51.0510615300184 3.72127411260668 1039360 1000
1450277118706 363196 51.0510615300184 3.72127411260668 1002860 1001
1450277119706 364196 51.0510615300184 3.72127411260668 1121536 1000
1450277120705 365195 51.0510615300184 3.72127411260668 1531328 999
1450277121705 366195 51.0510615300184 3.72127411260668 1500324 1000
1450277122705 367195 51.0510615300184 3.72127411260668 1775348 1000
1450277123705 368195 51.0510615300184 3.72127411260668 1671488 1000
1450277124705 369195 51.0510615300184 3.72127411260668 1708616 1000
1450277125705 370195 51.0510615300184 3.72127411260668 1793488 1000
1450277126705 371195 51.0510615300184 3.72127411260668 1809924 1000
1450277127705 372195 51.0510615300184 3.72127411260668 1728576 1000
1450277128705 373195 51.0510615300184 3.72127411260668 1849456 1000
1450277129706 374196 51.0510615300184 3.72127411260668 1962688 1001
1450277130705 375195 51.0510615300184 3.72127411260668 1655552 999
1450277131705 376195 51.0510615300184 3.72127411260668 1769716 1000
1450277132705 377195 51.0510615300184 3.72127411260668 1616880 1000
1450277133705 378195 51.0510615300184 3.72127411260668 127432 1000
1450277134706 379196 51.0510615300184 3.72127411260668 3128708 1001
1450277135707 380197 51.0510615300184 3.72127411260668 1896300 1001
1450277136705 381195 51.0510615300184 3.72127411260668 1900344 998
1450277137706 382196 51.0510615300184 3.72127411260668 2456728 1001
1450277138706 383196 51.0510615300184 3.72127411260668 1578508 1000
1450277139705 384195 51.0510615300184 3.72127411260668 1806320 999
1450277140705 385195 51.0510615300184 3.72127411260668 1531328 1000
1450277141705 386195 51.0510615300184 3.72127411260668 0 1000
1450277142705 387195 51.0510615300184 3.72127411260668 3117692 1000
1450277143705 388195 51.0510615300184 3.72127411260668 1435852 1000
1450277144706 389196 51.0510615300184 3.72127411260668 1152540 1001
1450277145705 390195 51.0510615300184 3.72127411260668 231856 999
1450277146705 391195 51.0510615300184 3.72127411260668 68748 1000
1450277147706 392196 51.0510615300184 3.72127411260668 0 1001
1450277148706 393196 51.0510615300184 3.72127411260668 38652 1000
1450277149706 394196 51.0510666786104 3.72128747303875 3703396 1000
1450277150705 395195 51.0510666786104 3.72128747303875 1122884 999
1450277151706 396196 51.0510666786104 3.72128747303875 1476060 1001
1450277152706 397196 51.0510666786104 3.72128747303875 1225204 1000
1450277153706 398196 51.0510666786104 3.72128747303875 1205188 1000
1450277154705 399195 51.0510666786104 3.72128747303875 1064920 999
1450277155705 400195 51.0510375387537 3.72128643247264 1198684 1000
1450277156705 401195 51.0510030312632 3.72128030505888 1199408 1000
1450277157705 402195 51.0510030312632 3.72128030505888 1000916 1000
1450277158705 403195 51.0508946589931 3.72121484746834 1565676 1000
1450277159705 404195 51.050838018167 3.72117747259244 851936 1000
1450277160705 405195 51.0507849616077 3.72115281378496 226464 1000
1450277161706 406196 51.0507849616077 3.72115281378496 0 1001
1450277162706 407196 51.0507260463852 3.72114429934216 1884504 1000
1450277163705 408195 51.0506735469197 3.72113353479189 1406016 999
1450277164705 409195 51.0506111448562 3.72115737635205 1705532 1000
1450277165706 410196 51.0505579503699 3.72115857635699 2072860 1001
1450277166706 411196 51.0505108163643 3.72115862924151 1822496 1000
1450277167705 412195 51.0504654019302 3.72116375926779 2302392 999
1450277168705 413195 51.0504168825266 3.72116611988209 2334728 1000
1450277169705 414195 51.0503404726862 3.72115632639356 2038176 1000
1450277170705 415195 51.0503028471879 3.72114913331782 1490888 1000
1450277171705 416195 51.0503028471879 3.72114913331782 1008564 1000
1450277172705 417195 51.0502365672487 3.72116644720576 2358276 1000
1450277173706 418196 51.0501853831114 3.72117384988665 2649752 1001
1450277174705 419195 51.0501369147276 3.72118218374537 3014568 999
1450277175705 420195 51.0500877326893 3.72118983717208 3016564 1000
1450277176705 421195 51.0500346496482 3.72119513632188 2795752 1000
1450277177705 422195 51.0499661468906 3.72118471966224 2081312 1000
1450277178705 423195 51.0499078539132 3.72119300597077 1800928 1000
1450277179706 424196 51.0497524767979 3.72116762780618 2001780 1001
1450277180707 425197 51.0496793711568 3.72117366394475 1884012 1001
1450277181706 426196 51.0496134305637 3.72118631910164 1891736 999
1450277182705 427195 51.0495156368142 3.72104286334882 2034132 999
1450277183705 428195 51.0494200200805 3.72103777120851 2335436 1000
1450277184705 429195 51.0493186886605 3.72108248215225 2576676 1000
1450277185705 430195 51.0492403846517 3.72112606060032 1683652 1000
1450277186706 431196 51.0491665286335 3.72114067350406 618732 1001
1450277187705 432195 51.0491141980595 3.72116166248578 311572 999
1450277188705 433195 51.0490475906637 3.72117729817256 1413168 1000
1450277189705 434195 51.0489940515651 3.72115870773239 132104 1000
1450277190705 435195 51.0489940515651 3.72115870773239 0 1000
1450277191705 436195 51.0488933631661 3.7211496343908 2817348 1000
1450277192705 437195 51.0488933631661 3.7211496343908 1054108 1000
1450277193705 438195 51.0488611289391 3.72116147834105 803236 1000
1450277194705 439195 51.0488362518172 3.72118048482825 3863180 1000
1450277195706 440196 51.0487641498443 3.72120138386144 1887560 1001
1450277196705 441195 51.0487313620235 3.72124714326209 1821148 999
1450277197705 442195 51.0487021342794 3.72129383490528 1550304 1000
1450277198706 443196 51.0487021342794 3.72129383490528 2040172 1001
1450277199706 444196 51.048678397243 3.72133564296155 2361592 1000
1450277200706 445196 51.0486624616284 3.72133485696339 2641044 1000
1450277201706 446196 51.0486507131933 3.72133507106242 2928584 1000
1450277202706 447196 51.0486507131933 3.72133507106242 2703048 1000
1450277203705 448195 51.0486507131933 3.72133507106242 2536164 999
1450277204705 449195 51.0486492191176 3.72131666923927 2857548 1000
1450277205705 450195 51.0486492191176 3.72131666923927 2186352 1000
1450277206705 451195 51.0486492191176 3.72131666923927 2681560 1000
1450277207705 452195 51.0486422544765 3.72130302078783 2504636 1000
1450277208705 453195 51.0486422544765 3.72130302078783 2375124 1000
1450277209706 454196 51.0486422544765 3.72130302078783 2369040 1001
1450277210706 455196 51.0486422544765 3.72130302078783 2555204 1000
1450277211705 456195 51.0486422544765 3.72130302078783 2256552 999
1450277212705 457195 51.0486422544765 3.72130302078783 2417664 1000
1450277213705 458195 51.0486422544765 3.72130302078783 2305728 1000
1450277214705 459195 51.0486426932363 3.72132552385932 2315864 1000
1450277215705 460195 51.0486422544765 3.72130302078783 2254556 1000
1450277216705 461195 51.0486330548497 3.72134642522592 2108920 1000
1450277217706 462196 51.0486330548497 3.72134642522592 1543876 1001
1450277218705 463195 51.0486330548497 3.72134642522592 1683236 999
1450277219705 464195 51.0486330548497 3.72134642522592 2516716 1000
1450277220706 465196 51.0486330548497 3.72134642522592 0 1001
1450277221706 466196 51.0484639975157 3.72157858127289 4041304 1000
1450277222705 467195 51.0484863588064 3.72169568287062 1632428 999
1450277223706 468196 51.0484307771976 3.72183697561275 2038876 1001
1450277224705 469195 51.0483447013831 3.72196939510398 1916156 999
1450277225705 470195 51.0482856835213 3.72204658311265 1821148 1000
1450277226706 471196 51.0482173236141 3.72206957716772 1037960 1001
1450277227706 472196 51.0481444029352 3.72207899849154 0 1000
1450277228705 473195 51.0481444029352 3.72207899849154 876200 999
1450277229705 474195 51.0480162588666 3.721834823847 72792 1000
1450277230705 475195 51.0479445326115 3.72182078109363 0 1000
1450277231705 476195 51.0477878386589 3.72183921438301 2450664 1000
1450277232705 477195 51.0477090126553 3.72186286565427 694220 1000
1450277233705 478195 51.0477090126553 3.72186286565427 405912 1000
1450277234705 479195 51.0475999044238 3.72172445067557 3153508 1000
1450277235705 480195 51.047540554613 3.72170232342982 1519844 1000
1450277236706 481196 51.0474882615331 3.7216948876083 1351344 1001
1450277237706 482196 51.0474181146977 3.72168977445593 799364 1000
1450277238705 483195 51.0473585330108 3.72168306910357 5392 999
1450277239706 484196 51.0473585330108 3.72168306910357 964964 1001
1450277240706 485196 51.0473419616905 3.72168024536443 2671344 1000
1450277241705 486195 51.0473010061421 3.7215919473952 1700424 999
1450277242706 487196 51.0472513198267 3.72149048628255 2039576 1001
1450277243705 488195 51.0471202220214 3.72147329256976 2115608 999
1450277244705 489195 51.0471202220214 3.72147329256976 1610860 1000
1450277245706 490196 51.0471202220214 3.72147329256976 1308908 1001
1450277246705 491195 51.0469607900605 3.72151899599521 1268468 999
1450277247706 492196 51.0469369920297 3.72149577963706 969212 1001
1450277248706 493196 51.0469063352192 3.72148167774096 671304 1000
1450277249705 494195 51.0468980068951 3.72140627165649 0 999
1450277250706 495196 51.0468793685291 3.72141967718388 2112316 1001
1450277251706 496196 51.0468565114022 3.72143127905474 975952 1000
1450277252705 497195 51.0468398702491 3.72139433276407 456972 999
1450277253706 498196 51.0468523730156 3.72123631841427 0 1001
1450277254705 499195 51.0468567512987 3.72120279872439 1443708 999
1450277255705 500195 51.0468786102013 3.72108782381252 680740 1000
1450277256706 501196 51.0468914480232 3.72106970439107 725224 1001
1450277257706 502196 51.046899374645 3.72108146399042 671304 1000
1450277258705 503195 51.046899374645 3.72108146399042 315432 999
1450277259705 504195 51.0468870005893 3.72117192679013 0 1000
1450277260705 505195 51.0468870005893 3.72117192679013 0 1000
1450277261705 506195 51.0468870005893 3.72117192679013 0 1000
1450277262706 507196 51.0468575996849 3.7213780291943 22916 1001
1450277263705 508195 51.0468325890467 3.7215258609655 3551332 999
1450277264705 509195 51.0468180840588 3.72162542526311 949640 1000
1450277265705 510195 51.0468371825775 3.72164075607294 1061032 1000
1450277266705 511195 51.0468371825775 3.72164075607294 1018932 1000
1450277267706 512196 51.0468429938427 3.72162248565684 718484 1001
1450277268705 513195 51.0468429938427 3.72162248565684 912596 999
1450277269705 514195 51.0468632299044 3.72157351992376 911248 1000
1450277270705 515195 51.0468429938427 3.72162248565684 808800 1000
1450277271706 516196 51.0468429938427 3.72162248565684 626820 1001
1450277272706 517196 51.0468429938427 3.72162248565684 0 1000
1450277273705 518195 51.0468429938427 3.72162248565684 672652 999
1450277274705 519195 51.0468429938427 3.72162248565684 1552896 1000
1450277275705 520195 51.0468429938427 3.72162248565684 585032 1000
1450277276705 521195 51.0468429938427 3.72162248565684 717136 1000
1450277277706 522196 51.0468429938427 3.72162248565684 899116 1001
1450277278706 523196 51.0468429938427 3.72162248565684 682088 1000
1450277279706 524196 51.0468101162042 3.72163206827889 101100 1000
1450277280705 525195 51.0467858029173 3.72164582970092 312736 999
1450277281705 526195 51.0467467405858 3.72168172849982 1384396 1000
1450277282706 527196 51.0467467405858 3.72168172849982 101100 1001
1450277283705 528195 51.0466429644007 3.72179001483788 1147148 999
1450277284705 529195 51.0465958220106 3.72183007043843 591772 1000
1450277285705 530195 51.0465958220106 3.72183007043843 384180 1000
1450277286705 531195 51.0465086857926 3.7217703519512 815540 1000
1450277287705 532195 51.0464418137944 3.72180567576856 715244 1000
1450277288705 533195 51.0463649102623 3.72185676132179 357764 1000
1450277289706 534196 51.0462727140928 3.7219225148971 72792 1001
1450277290705 535195 51.0461845668786 3.72195355434782 0 999
1450277291706 536196 51.0461845668786 3.72195355434782 97056 1001
1450277292705 537195 51.0460667919823 3.72199225733385 0 999
1450277293706 538196 51.0459364231419 3.72204512894841 0 1001
1450277294705 539195 51.0458415300653 3.72205597746278 1905312 999
1450277295705 540195 51.0456831789278 3.7220470924132 1134428 1000
1450277296705 541195 51.0456831789278 3.7220470924132 601208 1000
1450277297705 542195 51.0455123445987 3.72204953859514 791276 1000
1450277298705 543195 51.0454233547378 3.72202650692659 494716 1000
1450277299705 544195 51.0453474372927 3.72203279824464 373396 1000
1450277300706 545196 51.0452510938452 3.72186545773123 107840 1001
1450277301705 546195 51.0452510938452 3.72186545773123 0 999
1450277302705 547195 51.045181048232 3.72175688854795 1449100 1000
1450277303705 548195 51.0450323643756 3.72163130721251 678044 1000
1450277304706 549196 51.0449583342034 3.72161201405678 276340 1001
1450277305705 550195 51.0448818698357 3.72158932251158 144236 999
1450277306706 551196 51.0447939728497 3.7215976280894 0 1001
1450277307706 552196 51.0447223099759 3.72158235890051 212624 1000
1450277308705 553195 51.0446698983883 3.72146193623038 419588 999
1450277309706 554196 51.0446141549346 3.72138339525498 877548 1001
1450277310705 555195 51.0445496107558 3.72147144204704 452928 999
1450277311705 556195 51.0445496107558 3.72147144204704 423272 1000
1450277312705 557195 51.0445496107558 3.72147144204704 904508 1000
1450277313706 558196 51.044368555209 3.72173547266318 920684 1001
1450277314705 559195 51.0443407270937 3.72174447135679 588428 999
1450277315705 560195 51.0443407270937 3.72174447135679 539848 1000
1450277316706 561196 51.0443060232549 3.72175559624925 1056832 1001
1450277317706 562196 51.0442712428245 3.72177282248375 959440 1000
1450277318705 563195 51.0441914469153 3.72175027345865 942588 999
1450277319705 564195 51.0441463351994 3.72171175233457 624124 1000
1450277320705 565195 51.0440984374957 3.72166400309737 554028 1000
1450277321705 566195 51.0440582186375 3.72164754836867 504152 1000
1450277322706 567196 51.0440137324094 3.72164584964649 637604 1001
1450277323705 568195 51.0439733585819 3.72162906963149 597164 999
1450277324705 569195 51.0439474523067 3.72160975278687 107840 1000
1450277325705 570195 51.0439272538745 3.72160724403054 315432 1000
1450277326706 571196 51.0439102032398 3.72160639709085 1244204 1001
1450277327705 572195 51.0439016725787 3.72159778173507 194112 999
1450277328706 573196 51.0439016725787 3.72159778173507 0 1001
1450277329706 574196 51.0439016725787 3.72159778173507 1806320 1000
1450277330705 575195 51.0439016725787 3.72159778173507 1147148 999
1450277331705 576195 51.0439016725787 3.72159778173507 1219940 1000
1450277332706 577196 51.0439025392207 3.72157378574632 971908 1001
1450277333705 578195 51.0439025392207 3.72157378574632 252076 999
1450277334706 579196 51.0439025392207 3.72157378574632 930120 1001
1450277335706 580196 51.0439025392207 3.72157378574632 525720 1000
1450277336706 581196 51.0438951304286 3.72156258556259 533808 1000
1450277337705 582195 51.0438951304286 3.72156258556259 634908 999
1450277338705 583195 51.0438951304286 3.72156258556259 702308 1000
1450277339705 584195 51.0438951304286 3.72156258556259 409352 1000
1450277340706 585196 51.0438951304286 3.72156258556259 466356 1001
1450277341705 586195 51.0438951304286 3.72156258556259 508688 999
1450277342706 587196 51.0438951304286 3.72156258556259 880244 1001
1450277343705 588195 51.0438951304286 3.72156258556259 1117492 999
1450277344705 589195 51.0438951304286 3.72156258556259 1409776 1000
1450277345706 590196 51.0438951304286 3.72156258556259 1330708 1001
1450277346705 591195 51.0438951304286 3.72156258556259 1042004 999
1450277347705 592195 51.0438951304286 3.72156258556259 589076 1000
1450277348706 593196 51.0438951304286 3.72156258556259 881592 1001
1450277349705 594195 51.0438951304286 3.72156258556259 645980 999
1450277350705 595195 51.0438783718046 3.7215710333503 819296 1000
1450277351706 596196 51.0438783718046 3.7215710333503 168500 1001
1450277352705 597195 51.0438524799703 3.72156841695564 2077268 999
1450277353705 598195 51.0438199756112 3.72154604835331 1122884 1000
1450277354705 599195 51.0437715609257 3.72152923722275 1206460 1000
1450277355705 600195 51.0437205907083 3.72149338388746 1478756 1000
1450277356705 601195 51.0436670174979 3.72143914185452 1487544 1000
1450277357705 602195 51.0435493101638 3.72130813694074 1441660 1000
1450277358706 603196 51.0434886714847 3.7212296254074 1307560 1001
1450277359705 604195 51.0434260628288 3.72115818616726 560768 999
1450277360705 605195 51.0434260628288 3.72115818616726 49876 1000
1450277361706 606196 51.0433696415162 3.7210574739195 2063788 1001
1450277362705 607195 51.043316289445 3.72095620536527 1738920 999
1450277363706 608196 51.0432642909188 3.72085515977706 1532676 1001
1450277364705 609195 51.04321338196 3.720755349623 1760488 999
1450277365705 610195 51.0431569041256 3.72065406125828 2493152 1000
1450277366706 611196 51.043100894426 3.72056209057562 1953900 1001
1450277367705 612195 51.043040435921 3.72046581911546 1938424 999
1450277368706 613196 51.0429854534374 3.72035944973805 2319908 1001
1450277369705 614195 51.0429236855183 3.72027409141507 2327996 999
1450277370705 615195 51.0427814688911 3.72014694931336 1709264 1000
1450277371705 616195 51.0427136281071 3.7200797445087 1112100 1000
1450277372705 617195 51.0426482612001 3.72001090235851 1161976 1000
1450277373705 618195 51.0426482612001 3.72001090235851 1094584 1000
1450277374705 619195 51.0425838690105 3.71994291801683 1271224 1000
1450277375706 620196 51.0424659322733 3.71980805223383 1135596 1001
1450277376706 621196 51.0424659322733 3.71980805223383 765664 1000
1450277377706 622196 51.0424068008477 3.71975643784426 1499676 1000
1450277378705 623195 51.0423511498747 3.7197014969822 2525428 999
1450277379705 624195 51.0423063032384 3.7196524343691 3444164 1000
1450277380705 625195 51.0422573789492 3.71960409044593 3686604 1000
1450277381706 626196 51.0422207392437 3.71952980787183 3024388 1001
1450277382706 627196 51.0421821950501 3.71946204624608 2445972 1000
1450277383706 628196 51.0421820026054 3.7192843101226 1879760 1000
1450277384705 629195 51.042151498103 3.71918717360657 1722200 999
1450277385705 630195 51.0420770103381 3.7190086140811 1658584 1000
1450277386705 631195 51.0420167124058 3.71891646844153 1246900 1000
1450277387706 632196 51.0419407847641 3.71884524319075 1307560 1001
1450277388705 633195 51.0419407847641 3.71884524319075 1428440 999
1450277389709 634199 51.0418609370285 3.71876689480932 3428404 1004
1450277390705 635195 51.0417764679063 3.71868161572492 4329548 996
1450277391705 636195 51.041684022002 3.71859469568135 3100948 1000
1450277392707 637197 51.0415884732113 3.71850463274651 2033812 1002
1450277393705 638195 51.0414928574988 3.71841690852868 1612468 998
1450277394705 639195 51.0413282555555 3.7182267622125 2519308 1000
1450277395705 640195 51.0412541992726 3.71813905027909 1525780 1000
1450277396705 641195 51.0411870330837 3.71805598367232 1750456 1000
1450277397705 642195 51.0411256649044 3.71798015038497 1224528 1000
1450277398705 643195 51.0411256649044 3.71798015038497 304648 1000
1450277399705 644195 51.0410148223339 3.71786627996905 1940072 1000
1450277400706 645196 51.0410148223339 3.71786627996905 3185724 1001
1450277401705 646195 51.0409511906955 3.71780551133359 2585464 999
1450277402705 647195 51.0408997000009 3.71773649723437 4206280 1000
1450277403706 648196 51.0408528399702 3.71767491948736 4887324 1001
1450277404705 649195 51.0408417440685 3.71756319037665 4317184 999
1450277405705 650195 51.0408065787784 3.71751470435857 6928696 1000
1450277406706 651196 51.0407662315239 3.71748623514021 4315000 1001
1450277407705 652195 51.0407051489017 3.71743027459088 4000600 999
1450277408705 653195 51.0407051489017 3.71743027459088 2914376 1000
1450277409705 654195 51.0406867260097 3.71741010690066 2811588 1000
1450277410705 655195 51.040673339544 3.71739612111352 4177948 1000
1450277411705 656195 51.040673339544 3.71739612111352 4895372 1000
1450277412705 657195 51.040673339544 3.71739612111352 5763968 1000
1450277413705 658195 51.040673339544 3.71739612111352 4430148 1000
