1450190334130 170 0 0 161891 170
1450190335130 1170 0 0 4106700 1000
1450190336130 2170 0 0 4529994 1000
1450190337130 3170 0 0 3295956 1000
1450190338131 4171 0 0 2729700 1001
1450190339131 5171 0 0 3414150 1000
1450190340130 6170 0 0 3568096 999
1450190341131 7171 0 0 3888606 1001
1450190342130 8170 0 0 3832650 999
1450190343130 9170 0 0 4629150 1000
1450190344130 10170 0 0 4029750 1000
1450190345130 11170 0 0 4777650 1000
1450190346130 12170 0 0 2783700 1000
1450190347131 13171 0 0 1811336 1001
1450190348131 14171 0 0 1766164 1000
1450190349130 15170 0 0 1128950 999
1450190350130 16170 0 0 1679048 1000
1450190351130 17170 0 0 1911602 1000
1450190352130 18170 51.0440408177658 3.73454814441549 1329750 1000
1450190353130 19170 51.0441472920759 3.73452920592686 1204200 1000
1450190354130 20170 51.0440402992772 3.73421211249017 1748250 1000
1450190355130 21170 51.0432635657554 3.7314811869092 2413800 1000
1450190356130 22170 51.0442224945831 3.73400332271013 1683450 1000
1450190357130 23170 51.0443103937478 3.73390429074563 4154300 1000
1450190358130 24170 51.0443593455986 3.73401856289067 4785400 1000
1450190359130 25170 51.0443798009064 3.73402257588672 5770690 1000
1450190360130 26170 51.0444274400978 3.73399177563851 5058312 1000
1450190361130 27170 51.0444697517603 3.73395857101062 5096250 1000
1450190362131 28171 51.0445129841609 3.73393329708889 4619028 1001
1450190363131 29171 51.0445529176034 3.73390648488821 3981822 1000
1450190364130 30170 51.0445905288371 3.73387611315427 4979432 999
1450190365130 31170 51.0446160329888 3.73382732271845 6077068 1000
1450190366130 32170 51.044634459215 3.73378613346929 5802496 1000
1450190367130 33170 51.0446463887874 3.73373063138707 5011004 1000
1450190368130 34170 51.0446624040154 3.73369197791985 5871938 1000
1450190369130 35170 51.0446718628811 3.73365965262284 5735760 1000
1450190370130 36170 51.0446707805055 3.73363689853636 5834934 1000
1450190371130 37170 51.0446707805055 3.73363689853636 5739568 1000
1450190372130 38170 51.0446707805055 3.73363689853636 5517450 1000
1450190373130 39170 51.0446707805055 3.73363689853636 5549824 1000
1450190374131 40171 51.0446707805055 3.73363689853636 5622446 1001
1450190375130 41170 51.044679271044 3.73363112695232 5565088 999
1450190376130 42170 51.044679271044 3.73363112695232 5677528 1000
1450190377131 43171 51.0446951168068 3.73365023435068 5127096 1001
1450190378131 44171 51.0447219155781 3.73365465852469 4224880 1000
1450190379130 45170 51.0447276774992 3.7336268775385 5048986 999
1450190380130 46170 51.0447276774992 3.7336268775385 5711852 1000
1450190381130 47170 51.0447143151737 3.73355444080919 5748648 1000
1450190382130 48170 51.0447143151737 3.73355444080919 4967652 1000
1450190383130 49170 51.0447143151737 3.73355444080919 4314600 1000
1450190384130 50170 51.0447143151737 3.73355444080919 5587648 1000
1450190385130 51170 51.0447143151737 3.73355444080919 4626068 1000
1450190386131 52171 51.0447143151737 3.73355444080919 5315332 1001
1450190387130 53170 51.0447143151737 3.73355444080919 5830652 999
1450190388133 54173 51.0447143151737 3.73355444080919 5065200 1003
1450190389130 55170 51.0447299733658 3.73356516733047 5921100 997
1450190390130 56170 51.0447529721286 3.73356522155211 4897240 1000
1450190391130 57170 51.044787210444 3.73356006229603 5095460 1000
1450190392130 58170 51.0448423274419 3.73356764784365 5269272 1000
1450190393130 59170 51.0449029139211 3.73357086381086 5892198 1000
1450190394130 60170 51.0449747029844 3.73358278895977 5817480 1000
1450190395130 61170 51.0450430838267 3.73355511806496 4992300 1000
1450190396130 62170 51.0451254901101 3.73353025993852 5899498 1000
1450190397130 63170 51.0452072628882 3.7334958869256 5782050 1000
1450190398130 64170 51.0452920926999 3.73345757836813 5832232 1000
1450190399130 65170 51.0453781592719 3.73340077502429 5086570 1000
1450190400131 66171 51.0454651487326 3.73334333639763 6035850 1001
1450190401130 67170 51.045548822047 3.73327868601457 5039550 999
1450190402130 68170 51.0456338077939 3.73323157619664 5125950 1000
1450190403130 69170 51.0456338077939 3.73323157619664 6565050 1000
1450190404130 70170 51.0457756440451 3.73309978771571 5738182 1000
1450190405130 71170 51.0458450825032 3.73303324452888 5516050 1000
1450190406130 72170 51.0459066644552 3.73296532174409 6041600 1000
1450190407130 73170 51.0459662669973 3.73289880314031 5311268 1000
1450190408131 74171 51.0459662669973 3.73289880314031 3515398 1001
1450190409130 75170 51.0460933057773 3.73285981877209 1796836 999
1450190410131 76171 51.0461480620697 3.73283268802334 5191430 1001
1450190411130 77170 51.0461917244208 3.73280196465482 5394864 999
1450190412130 78170 51.0462274072577 3.73276316804057 4338754 1000
1450190413130 79170 51.0462274072577 3.73276316804057 4700914 1000
1450190414130 80170 51.0462855752385 3.73271952105737 5085106 1000
1450190415130 81170 51.0463149682774 3.73271996964314 4534650 1000
1450190416130 82170 51.0463314724242 3.73270716399441 6083098 1000
1450190417131 83171 51.0463463961278 3.73269223857526 5154302 1001
1450190418130 84170 51.0463576741359 3.73267225722095 6347700 999
1450190419130 85170 51.046379968107 3.73270730543542 901798 1000
1450190420130 86170 51.0464021295713 3.73273546916977 5067296 1000
1450190421130 87170 51.0464021295713 3.73273546916977 5812354 1000
1450190422130 88170 51.0463968409363 3.73269363620793 5517452 1000
1450190423130 89170 51.0463968409363 3.73269363620793 5311250 1000
1450190424130 90170 51.0463968409363 3.73269363620793 5563000 1000
1450190425131 91171 51.0463968409363 3.73269363620793 5517448 1001
1450190426130 92170 51.0463968409363 3.73269363620793 5958900 999
1450190427130 93170 51.0463968409363 3.73269363620793 5351414 1000
1450190428130 94170 51.0463968409363 3.73269363620793 5829286 1000
1450190429130 95170 51.0463968409363 3.73269363620793 5926502 1000
1450190430130 96170 51.0463968409363 3.73269363620793 4903548 1000
1450190431130 97170 51.0463968409363 3.73269363620793 5434890 1000
1450190432130 98170 51.0463968409363 3.73269363620793 4849074 1000
1450190433130 99170 51.0464123258164 3.73267491067938 4968000 1000
1450190434130 100170 51.0464433873546 3.73264310324707 4121536 1000
1450190435130 101170 51.0464787549198 3.73261642268944 4220102 1000
1450190436130 102170 51.0465198844336 3.73258854734225 5316300 1000
1450190437130 103170 51.0465669675495 3.73255547268075 3707100 1000
1450190438130 104170 51.046620449901 3.73251794825902 4133698 1000
1450190439131 105171 51.0466753940879 3.73248978604504 4225502 1001
1450190440131 106171 51.0467300412862 3.73245791010303 3491100 1000
1450190441130 107170 51.0467874085104 3.7324326519531 3172500 999
1450190442130 108170 51.0468492552717 3.73240603566021 2690550 1000
1450190443130 109170 51.0469073784752 3.73238193637191 4072950 1000
1450190444130 110170 51.0469640665453 3.73236256559355 4382098 1000
1450190445130 111170 51.0470157733444 3.73234050426657 4791150 1000
1450190446130 112170 51.0470589727187 3.73231950692275 5540402 1000
1450190447131 113171 51.0470954365176 3.73229792294202 5807646 1001
1450190448130 114170 51.0471365494873 3.7322755409317 5502654 999
1450190449130 115170 51.047181239705 3.73225226184847 5895486 1000
1450190450130 116170 51.0472222537062 3.73220973333467 5435064 1000
1450190451130 117170 51.0472706044011 3.73216420098965 4885650 1000
1450190452130 118170 51.0473259671772 3.7321078225549 5637950 1000
1450190453130 119170 51.0473727676094 3.73204192835315 5935466 1000
1450190454131 120171 51.0474208795323 3.73198868127865 5493092 1001
1450190455131 121171 51.0474454661775 3.7318378637224 6169692 1000
1450190456130 122170 51.0474850818956 3.73176639532564 5634900 999
1450190457130 123170 51.0475349290182 3.73169899683216 5494512 1000
1450190458130 124170 51.0475841472637 3.73164666111247 5807688 1000
1450190459130 125170 51.0476241912294 3.73162499557009 5055750 1000
1450190460130 126170 51.047658688561 3.73161162806396 5493148 1000
1450190461131 127171 51.0476866108014 3.73160143527444 5812812 1001
1450190462130 128170 51.0477127721251 3.73159832002293 96138 999
1450190463131 129171 51.0477369900971 3.73159372425124 4842452 1001
1450190464130 130170 51.0477589191997 3.73159855785703 5216400 999
1450190465130 131170 51.0477589191997 3.73159855785703 5440848 1000
1450190466130 132170 51.0477750010856 3.73164190814429 5095900 1000
1450190467131 133171 51.047797303815 3.73165714692742 5933060 1001
1450190468130 134170 51.0478157107828 3.73167321853267 5822788 999
1450190469131 135171 51.0478377536664 3.73170777578317 4839704 1001
1450190470130 136170 51.0478563521039 3.73171882015909 5688900 999
1450190471130 137170 51.047875452427 3.73172982172186 5368950 1000
1450190472131 138171 51.0478966388909 3.73173851134174 5684848 1001
1450190473130 139170 51.0479197204009 3.73175756693817 5346634 999
1450190474130 140170 51.0479440749403 3.7317677905287 5439868 1000
1450190475130 141170 51.0479673751504 3.7317669597023 5054398 1000
1450190476130 142170 51.047994042048 3.73177192858149 4835480 1000
1450190477131 143171 51.0480289352868 3.73180215986554 5708674 1001
1450190478130 144170 51.0480606081762 3.73183088748235 5366250 999
1450190479130 145170 51.0480950345063 3.73185309954584 4791148 1000
1450190480130 146170 51.0481307674722 3.73186457257723 4684502 1000
1450190481131 147171 51.0481714436727 3.73186867692203 3351332 1001
1450190482130 148170 51.0481930046974 3.73189763934551 4157762 999
1450190483130 149170 51.0482106928112 3.73189869690754 4757638 1000
1450190484130 150170 51.0482299261843 3.73189917723647 5204966 1000
1450190485130 151170 51.0482207015915 3.7319150545662 5293290 1000
1450190486131 152171 51.0482207015915 3.7319150545662 5433812 1001
1450190487133 153173 51.048229078471 3.73190358227933 4960774 1002
1450190488130 154170 51.048229078471 3.73190358227933 5919550 997
1450190489131 155171 51.0482156036597 3.73185985096572 5934576 1001
1450190490130 156170 51.0482190682218 3.73183632303186 5451976 999
1450190491130 157170 51.0482190682218 3.73183632303186 5757076 1000
1450190492131 158171 51.0482210987716 3.73181688005654 4818150 1001
1450190493130 159170 51.0482210987716 3.73181688005654 3622370 999
1450190494130 160170 51.0482263349157 3.73180433334103 5168830 1000
1450190495131 161171 51.0482263349157 3.73180433334103 6066340 1001
1450190496130 162170 51.0482263349157 3.73180433334103 4756702 999
1450190497130 163170 51.0482263349157 3.73180433334103 5356708 1000
1450190498131 164171 51.0482263349157 3.73180433334103 3635548 1001
1450190499130 165170 51.0482263349157 3.73180433334103 4872150 999
1450190500130 166170 51.0482263349157 3.73180433334103 4529264 1000
1450190501130 167170 51.0482209147817 3.73176792913468 4851888 1000
1450190502130 168170 51.0482263349157 3.73180433334103 4638314 1000
1450190503131 169171 51.0482192826128 3.73177369246328 5471118 1001
1450190504130 170170 51.0482263349157 3.73180433334103 5088868 999
1450190505131 171171 51.0482231578443 3.73175212858429 5206090 1001
1450190506131 172171 51.0482194711774 3.73170177181393 5315810 1000
1450190507130 173170 51.0482041382676 3.73168375490429 4201832 999
1450190508130 174170 51.0482041382676 3.73168375490429 5685568 1000
1450190509130 175170 51.0482038506373 3.73166737868338 4709258 1000
1450190510130 176170 51.0482038506373 3.73166737868338 5900392 1000
1450190511131 177171 51.0481837773392 3.73164650751613 4374012 1001
1450190512130 178170 51.0481837773392 3.73164650751613 5269670 999
1450190513131 179171 51.0481664355609 3.731639316917 4988968 1001
1450190514130 180170 51.0481349268639 3.73161338394434 5737500 999
1450190515130 181170 51.0480995377725 3.73159588293169 5141536 1000
1450190516130 182170 51.0480815299167 3.73158091736645 5689526 1000
1450190517130 183170 51.0480602967953 3.73156447401623 5611938 1000
1450190518130 184170 51.0480567904308 3.73158069720609 4922100 1000
1450190519130 185170 51.0480563689871 3.73160281382721 4689912 1000
1450190520131 186171 51.048063254353 3.731631903079 5125936 1001
1450190521130 187170 51.0480671261831 3.73165957653291 4802880 999
1450190522130 188170 51.048075109195 3.7316795967225 4522922 1000
1450190523131 189171 51.048075109195 3.7316795967225 3816448 1001
1450190524131 190171 51.0481011669444 3.73171448761153 4261234 1000
1450190525130 191170 51.0481136353752 3.73174048360299 4926150 999
1450190526131 192171 51.0481282867514 3.73173639793334 5686918 1001
1450190527131 193171 51.0481380110604 3.73173426756412 5089986 1000
1450190528131 194171 51.0481380110604 3.73173426756412 4421416 1000
1450190529131 195171 51.0481523530512 3.73177393624074 5833700 1000
1450190530130 196170 51.0482184452157 3.73180514061482 5959182 999
1450190531130 197170 51.0482838535034 3.7318230036932 5482292 1000
1450190532130 198170 51.0483310525685 3.73179326806485 5842858 1000
1450190533130 199170 51.0483804057768 3.73182327809855 5538418 1000
1450190534130 200170 51.0483804057768 3.73182327809855 4814698 1000
1450190535131 201171 51.0484603224439 3.73185283149249 4230966 1001
1450190536130 202170 51.0484920670378 3.73184345739589 4753970 999
1450190537130 203170 51.0485364989094 3.73187609282854 4288502 1000
1450190538131 204171 51.0485841596895 3.73189627644736 5094714 1001
1450190539130 205170 51.0486669047244 3.73181119784173 5612302 999
1450190540130 206170 51.0487231656327 3.73173058512431 4559950 1000
1450190541131 207171 51.048779123147 3.73171113394123 3627800 1001
1450190542131 208171 51.0488365038275 3.73170388938668 3250462 1000
1450190543130 209170 51.0488846135896 3.73169137175445 4294990 999
1450190544130 210170 51.0489272841541 3.73166513010245 3967650 1000
1450190545130 211170 51.0489825065338 3.73166317214629 3723300 1000
1450190546130 212170 51.0490260861975 3.73165244104443 2451600 1000
1450190547131 213171 51.0490858581495 3.73167124284302 1204548 1001
1450190548130 214170 51.0491505489026 3.7316738422661 1008102 999
1450190549131 215171 51.0492219413146 3.73167483972582 1558600 1001
1450190550131 216171 51.0492695734737 3.73162857206281 1279800 1000
1450190551131 217171 51.0493935111475 3.73159517564504 1137350 1000
1450190552131 218171 51.0494357817338 3.7314607337683 994950 1000
1450190553130 219170 51.0495002067752 3.73135754243041 1013548 999
1450190554130 220170 51.0495156376789 3.73116619456994 961502 1000
1450190555130 221170 51.0495795868812 3.7310905763462 787050 1000
1450190556131 222171 51.0496325308661 3.7309789525688 985500 1001
1450190557130 223170 51.0496940381839 3.73089667052844 796500 999
1450190558131 224171 51.0497519423928 3.73078796836766 768500 1001
1450190559130 225170 51.0498041541018 3.73071686828554 501850 999
1450190560130 226170 51.0498196274233 3.7305811148847 414450 1000
1450190561130 227170 51.0498435976839 3.73051813994235 592650 1000
1450190562131 228171 51.049920194595 3.73039451341182 1370250 1001
1450190563130 229170 51.0499872821289 3.73027519359016 1675350 999
1450190564131 230171 51.0500432023081 3.73014928799518 752300 1001
1450190565130 231170 51.0500651925656 3.73006033168857 1100250 999
1450190566130 232170 51.050077223175 3.72999210265976 902150 1000
1450190567130 233170 51.0500808082152 3.72992623358484 712100 1000
1450190568130 234170 51.050074427593 3.72998754180253 698300 1000
1450190569130 235170 51.0501059450945 3.72993695726984 594000 1000
1450190570130 236170 51.0501456272192 3.72988190031421 530900 1000
1450190571130 237170 51.0501897811456 3.7298289542207 442100 1000
1450190572130 238170 51.050239231015 3.72976570006295 431000 1000
1450190573131 239171 51.0502927898302 3.72969694797672 431650 1001
1450190574131 240171 51.0503510599938 3.72962999711213 328050 1000
1450190575130 241170 51.0504175196389 3.72956386622129 416150 999
1450190576130 242170 51.0504888091298 3.72948850524991 291600 1000
1450190577131 243171 51.0504888091298 3.72948850524991 103598 1001
1450190578131 244171 51.0504888091298 3.72948850524991 623702 1000
1450190579131 245171 51.0504888091298 3.72948850524991 253800 1000
1450190580130 246170 51.0504888091298 3.72948850524991 52648 999
1450190581130 247170 51.0504888091298 3.72948850524991 530902 1000
1450190582130 248170 51.0504888091298 3.72948850524991 546400 1000
1450190583131 249171 51.0504888091298 3.72948850524991 662132 1001
1450190584130 250170 51.0504888091298 3.72948850524991 581218 999
1450190585130 251170 51.0504888091298 3.72948850524991 504900 1000
1450190586130 252170 51.0504888091298 3.72948850524991 449550 1000
1450190587131 253171 51.0504888091298 3.72948850524991 573032 1001
1450190588130 254170 51.0504888091298 3.72948850524991 473216 999
1450190589131 255171 51.0504888091298 3.72948850524991 352352 1001
1450190590130 256170 51.0504888091298 3.72948850524991 495450 999
1450190591130 257170 51.0504888091298 3.72948850524991 475200 1000
1450190592130 258170 51.0504888091298 3.72948850524991 382682 1000
1450190593130 259170 51.0504888091298 3.72948850524991 324718 1000
1450190594131 260171 51.0504888091298 3.72948850524991 87750 1001
1450190595130 261170 51.0504888091298 3.72948850524991 64800 999
1450190596130 262170 51.0504888091298 3.72948850524991 885600 1000
1450190597131 263171 51.0504888091298 3.72948850524991 345600 1001
1450190598131 264171 51.0504888091298 3.72948850524991 793800 1000
1450190599130 265170 51.0504888091298 3.72948850524991 654748 999
1450190600130 266170 51.0504888091298 3.72948850524991 899102 1000
1450190601130 267170 51.0504888091298 3.72948850524991 896400 1000
1450190602130 268170 51.0504888091298 3.72948850524991 905848 1000
1450190603130 269170 51.0504888091298 3.72948850524991 1050302 1000
1450190604130 270170 51.0504888091298 3.72948850524991 1239300 1000
1450190605130 271170 51.0504888091298 3.72948850524991 1503912 1000
1450190606130 272170 51.0504888091298 3.72948850524991 1165036 1000
1450190607130 273170 51.0504888091298 3.72948850524991 818102 1000
1450190608130 274170 51.0504888091298 3.72948850524991 668882 1000
1450190609130 275170 51.0504888091298 3.72948850524991 792168 1000
1450190610131 276171 51.0504888091298 3.72948850524991 1288898 1001
1450190611130 277170 51.0504888091298 3.72948850524991 781652 999
1450190612131 278171 51.0504888091298 3.72948850524991 517050 1001
1450190613130 279170 51.0504888091298 3.72948850524991 368550 999
1450190614130 280170 51.0504888091298 3.72948850524991 1327412 1000
1450190615130 281170 51.0504888091298 3.72948850524991 2018586 1000
1450190616130 282170 51.0504888091298 3.72948850524991 2990250 1000
1450190617130 283170 51.0504888091298 3.72948850524991 4549500 1000
1450190618130 284170 51.0504888091298 3.72948850524991 3816450 1000
1450190619130 285170 51.0504888091298 3.72948850524991 1809000 1000
1450190620130 286170 51.0504888091298 3.72948850524991 1111048 1000
1450190621131 287171 51.0504888091298 3.72948850524991 696602 1001
1450190622131 288171 51.0504888091298 3.72948850524991 673662 1000
1450190623131 289171 51.0504888091298 3.72948850524991 826188 1000
1450190624131 290171 51.0504888091298 3.72948850524991 949328 1000
1450190625130 291170 51.0504888091298 3.72948850524991 1189072 999
1450190626130 292170 51.0504888091298 3.72948850524991 1066850 1000
1450190627130 293170 51.0504888091298 3.72948850524991 1172798 1000
1450190628131 294171 51.0504888091298 3.72948850524991 1138050 1001
1450190629130 295170 51.0504888091298 3.72948850524991 1103680 999
1450190630130 296170 51.0504888091298 3.72948850524991 919352 1000
1450190631130 297170 51.0504888091298 3.72948850524991 552150 1000
1450190632131 298171 51.0504888091298 3.72948850524991 618650 1001
1450190633131 299171 51.0504888091298 3.72948850524991 1035100 1000
1450190634130 300170 51.0504888091298 3.72948850524991 856600 999
1450190635131 301171 51.0504888091298 3.72948850524991 841700 1001
1450190636130 302170 51.0504888091298 3.72948850524991 957500 999
1450190637130 303170 51.0504888091298 3.72948850524991 974350 1000
1450190638130 304170 51.0504888091298 3.72948850524991 1128600 1000
1450190639131 305171 51.0504888091298 3.72948850524991 920700 1001
1450190640130 306170 51.0504888091298 3.72948850524991 963898 999
1450190641131 307171 51.0504888091298 3.72948850524991 1024652 1001
1450190642130 308170 51.0504888091298 3.72948850524991 1193400 999
1450190643130 309170 51.0504888091298 3.72948850524991 1109700 1000
1450190644130 310170 51.0504888091298 3.72948850524991 994252 1000
1450190645131 311171 51.0504888091298 3.72948850524991 1036800 1001
1450190646130 312170 51.0504888091298 3.72948850524991 1223100 999
1450190647130 313170 51.0504888091298 3.72948850524991 1004400 1000
1450190648130 314170 51.0504888091298 3.72948850524991 715500 1000
1450190649131 315171 51.0504888091298 3.72948850524991 718198 1001
1450190650130 316170 51.0504888091298 3.72948850524991 1668602 999
1450190651131 317171 51.0504888091298 3.72948850524991 866700 1001
1450190652131 318171 51.0504888091298 3.72948850524991 963900 1000
1450190653130 319170 51.0504888091298 3.72948850524991 662850 999
1450190654130 320170 51.0504888091298 3.72948850524991 900450 1000
1450190655130 321170 51.0504888091298 3.72948850524991 777950 1000
1450190656130 322170 51.0504888091298 3.72948850524991 1394550 1000
1450190657130 323170 51.0504888091298 3.72948850524991 1403650 1000
1450190658130 324170 51.0504888091298 3.72948850524991 1340548 1000
1450190659130 325170 51.0504888091298 3.72948850524991 1096202 1000
1450190660130 326170 51.0504888091298 3.72948850524991 1993948 1000
1450190661130 327170 51.0504888091298 3.72948850524991 1290970 1000
1450190662131 328171 51.0504888091298 3.72948850524991 1619632 1001
1450190663130 329170 51.0504888091298 3.72948850524991 2145148 999
1450190664131 330171 51.0504888091298 3.72948850524991 1343252 1001
1450190665131 331171 51.0504888091298 3.72948850524991 796850 1000
1450190666130 332170 51.0504888091298 3.72948850524991 739450 999
1450190667130 333170 51.0504888091298 3.72948850524991 660150 1000
1450190668130 334170 51.0504888091298 3.72948850524991 452250 1000
1450190669130 335170 51.0504888091298 3.72948850524991 317250 1000
1450190670131 336171 51.0504888091298 3.72948850524991 21600 1001
1450190671131 337171 51.0504888091298 3.72948850524991 1297350 1000
1450190672130 338170 51.0504888091298 3.72948850524991 598048 999
1450190673130 339170 51.0504888091298 3.72948850524991 529202 1000
1450190674130 340170 51.0504888091298 3.72948850524991 749250 1000
1450190675130 341170 51.0504888091298 3.72948850524991 1250100 1000
1450190676130 342170 51.0504888091298 3.72948850524991 1445862 1000
1450190677130 343170 51.0504888091298 3.72948850524991 1585238 1000
1450190678131 344171 51.0504888091298 3.72948850524991 1549450 1001
1450190679130 345170 51.0504888091298 3.72948850524991 1487446 999
1450190680130 346170 51.0504888091298 3.72948850524991 1114004 1000
1450190681131 347171 51.0504888091298 3.72948850524991 1973698 1001
1450190682130 348170 51.0504888091298 3.72948850524991 1444502 999
1450190683130 349170 51.0504888091298 3.72948850524991 1793498 1000
1450190684130 350170 51.0504888091298 3.72948850524991 1521404 1000
1450190685131 351171 51.0504888091298 3.72948850524991 1642232 1001
1450190686130 352170 51.0504888091298 3.72948850524991 1650418 999
1450190687131 353171 51.0504888091298 3.72948850524991 1719900 1001
1450190688130 354170 51.0504888091298 3.72948850524991 1566012 999
1450190689131 355171 51.0504888091298 3.72948850524991 1837338 1001
1450190690130 356170 51.0504888091298 3.72948850524991 2161332 999
1450190691130 357170 51.0504888091298 3.72948850524991 2135718 1000
1450190692130 358170 51.0504888091298 3.72948850524991 2106000 1000
1450190693131 359171 51.0504888091298 3.72948850524991 2268000 1001
1450190694130 360170 51.0504888091298 3.72948850524991 2375348 999
1450190695130 361170 51.0504888091298 3.72948850524991 1956802 1000
1450190696130 362170 51.0504888091298 3.72948850524991 2378700 1000
1450190697130 363170 51.0504888091298 3.72948850524991 1858950 1000
1450190698130 364170 51.0504888091298 3.72948850524991 1782000 1000
1450190699130 365170 51.0504888091298 3.72948850524991 2009728 1000
1450190700130 366170 51.0504888091298 3.72948850524991 1984920 1000
1450190701130 367170 51.0504888091298 3.72948850524991 2123552 1000
1450190702130 368170 51.0504888091298 3.72948850524991 2212650 1000
1450190703131 369171 51.0504888091298 3.72948850524991 2691598 1001
1450190704130 370170 51.0504888091298 3.72948850524991 3018900 999
1450190705130 371170 51.0504888091298 3.72948850524991 3100952 1000
1450190706130 372170 51.0504888091298 3.72948850524991 3614852 1000
1450190707130 373170 51.0504888091298 3.72948850524991 4099048 1000
1450190708130 374170 51.0504888091298 3.72948850524991 3813750 1000
1450190709131 375171 51.0504888091298 3.72948850524991 4410450 1001
1450190710130 376170 51.0504888091298 3.72948850524991 4000048 999
1450190711131 377171 51.0504888091298 3.72948850524991 4252502 1001
1450190712130 378170 51.0504888091298 3.72948850524991 4708868 999
1450190713130 379170 51.0504888091298 3.72948850524991 4846444 1000
1450190714130 380170 51.0504888091298 3.72948850524991 3968988 1000
1450190715130 381170 51.0504888091298 3.72948850524991 4174200 1000
1450190716130 382170 51.0504888091298 3.72948850524991 5244748 1000
1450190717130 383170 51.0504888091298 3.72948850524991 4697284 1000
1450190718130 384170 51.0504888091298 3.72948850524991 4921598 1000
1450190719130 385170 51.0504888091298 3.72948850524991 4912520 1000
1450190720130 386170 51.0504888091298 3.72948850524991 4291650 1000
1450190721130 387170 51.0504888091298 3.72948850524991 4599450 1000
1450190722131 388171 51.0504888091298 3.72948850524991 4132350 1001
1450190723131 389171 51.0504888091298 3.72948850524991 3963966 1000
1450190724130 390170 51.0504888091298 3.72948850524991 4759734 999
1450190725130 391170 51.0504888091298 3.72948850524991 4790520 1000
1450190726131 392171 51.0504888091298 3.72948850524991 4209928 1001
1450190727130 393170 51.0504888091298 3.72948850524991 4529252 999
1450190728130 394170 51.0504888091298 3.72948850524991 4785748 1000
1450190729131 395171 51.0504888091298 3.72948850524991 5724290 1001
1450190730131 396171 51.0504888091298 3.72948850524991 5570022 1000
1450190731131 397171 51.0504888091298 3.72948850524991 478340 1000
1450190732131 398171 51.0504888091298 3.72948850524991 3738502 1000
1450190733131 399171 51.0504888091298 3.72948850524991 5468500 1000
1450190734130 400170 51.0504888091298 3.72948850524991 5788800 999
1450190735131 401171 51.0504888091298 3.72948850524991 4939650 1001
1450190736130 402170 51.0504888091298 3.72948850524991 4454194 999
1450190737131 403171 51.0536786045991 3.72354790854612 4810856 1001
1450190738130 404170 51.053648201121 3.72337852967733 4392900 999
1450190739130 405170 51.053648201121 3.72337852967733 4111100 1000
1450190740130 406170 51.0529997188466 3.72353444590406 3010782 1000
1450190741130 407170 51.0533683482541 3.72373342162708 2470402 1000
1450190742131 408171 51.0534017057102 3.72363085646207 2270818 1001
1450190743130 409170 51.0534605571996 3.72329146510568 1972350 999
1450190744130 410170 51.0534542760848 3.72321547475064 1869750 1000
1450190745131 411171 51.0534480373911 3.72315166603284 1811700 1001
1450190746130 412170 51.0534570715555 3.72309850389285 3066014 999
1450190747130 413170 51.0534887977747 3.72308379659878 4253620 1000
1450190748130 414170 51.0535070524855 3.72306758241176 1913666 1000
1450190749130 415170 51.0535255066795 3.72306205831726 2525200 1000
1450190750130 416170 51.0535385096486 3.72305375850769 1573402 1000
1450190751130 417170 51.0535534151287 3.72303483877071 1309170 1000
1450190752130 418170 51.0535693706206 3.72301348357296 1358522 1000
1450190753130 419170 51.0535822431196 3.72298126050497 854458 1000
1450190754130 420170 51.0535921572904 3.72294533243054 1105394 1000
1450190755130 421170 51.0536085055008 3.72291148179897 1435306 1000
1450190756131 422171 51.0536263329665 3.72287764197111 1796850 1001
1450190757131 423171 51.0536393861845 3.72284187430723 1159648 1000
1450190758131 424171 51.0536536773195 3.72280682794201 1858964 1000
1450190759130 425170 51.053663594901 3.72277412810705 1165038 999
1450190760130 426170 51.053668367392 3.72273564000437 1341900 1000
1450190761131 427171 51.0536715314092 3.72269778617361 977100 1001
1450190762130 428170 51.0536716012971 3.72266322623225 1181548 999
1450190763130 429170 51.0536708938202 3.72263338186477 876500 1000
1450190764130 430170 51.0536709925422 3.722602754429 685452 1000
1450190765130 431170 51.0536734397397 3.72257426915876 766800 1000
1450190766130 432170 51.0536716278169 3.72254189471163 863348 1000
1450190767130 433170 51.0536755425768 3.72251434455233 1133302 1000
1450190768130 434170 51.0536817414208 3.72249578367504 905200 1000
1450190769131 435171 51.0536817414208 3.72249578367504 454250 1001
1450190770130 436170 51.0536817414208 3.72249578367504 562950 999
1450190771131 437171 51.0536817414208 3.72249578367504 801898 1001
1450190772131 438171 51.0536817414208 3.72249578367504 619000 1000
1450190773130 439170 51.0536817414208 3.72249578367504 694552 999
1450190774130 440170 51.0536817414208 3.72249578367504 789748 1000
1450190775130 441170 51.0536817414208 3.72249578367504 788752 1000
1450190776131 442171 51.0536817414208 3.72249578367504 559900 1001
1450190777131 443171 51.0536817414208 3.72249578367504 677700 1000
1450190778131 444171 51.0536817414208 3.72249578367504 776948 1000
1450190779130 445170 51.0536817414208 3.72249578367504 867352 999
1450190780130 446170 51.0536817414208 3.72249578367504 883298 1000
1450190781131 447171 51.0536817414208 3.72249578367504 1040452 1001
1450190782130 448170 51.0536817414208 3.72249578367504 1329750 999
1450190783130 449170 51.0536817414208 3.72249578367504 1275750 1000
1450190784130 450170 51.0536817414208 3.72249578367504 1254150 1000
1450190785131 451171 51.0536817414208 3.72249578367504 1602450 1001
1450190786130 452170 51.0536817414208 3.72249578367504 1401300 999
1450190787130 453170 51.0536817414208 3.72249578367504 1359450 1000
1450190788131 454171 51.0536817414208 3.72249578367504 1166400 1001
1450190789130 455170 51.0536817414208 3.72249578367504 938950 999
1450190790130 456170 51.0536817414208 3.72249578367504 979400 1000
1450190791130 457170 51.0536817414208 3.72249578367504 875162 1000
1450190792130 458170 51.0536817414208 3.72249578367504 1102938 1000
1450190793130 459170 51.0536817414208 3.72249578367504 886600 1000
1450190794130 460170 51.0536817414208 3.72249578367504 565650 1000
1450190795130 461170 51.0536817414208 3.72249578367504 707400 1000
1450190796130 462170 51.0536817414208 3.72249578367504 959850 1000
1450190797130 463170 51.0536659122589 3.72249453309931 913950 1000
1450190798130 464170 51.0536659122589 3.72249453309931 942650 1000
1450190799130 465170 51.0536555540384 3.72250644755497 811348 1000
1450190800130 466170 51.0536555540384 3.72250644755497 697602 1000
1450190801131 467171 51.0536494502784 3.7225184600883 668600 1001
1450190802130 468170 51.0536494502784 3.7225184600883 918090 999
1450190803130 469170 51.0536494502784 3.7225184600883 925660 1000
1450190804131 470171 51.0536494502784 3.7225184600883 965600 1001
1450190805130 471170 51.0536494502784 3.7225184600883 1172800 999
1450190806130 472170 51.0536494502784 3.7225184600883 927800 1000
1450190807130 473170 51.0536494502784 3.7225184600883 902800 1000
1450190808130 474170 51.0536494502784 3.7225184600883 1013850 1000
1450190809130 475170 51.0536494502784 3.7225184600883 934200 1000
1450190810131 476171 51.0536494502784 3.7225184600883 918000 1001
1450190811130 477170 51.0536494502784 3.7225184600883 844382 999
1450190812130 478170 51.0536494502784 3.7225184600883 740516 1000
1450190813130 479170 51.0536494502784 3.7225184600883 672302 1000
1450190814131 480171 51.0536494502784 3.7225184600883 542700 1001
1450190815130 481170 51.0536494502784 3.7225184600883 699300 999
1450190816130 482170 51.0536494502784 3.7225184600883 823500 1000
1450190817131 483171 51.0536494502784 3.7225184600883 989900 1001
1450190818131 484171 51.0536494502784 3.7225184600883 1160000 1000
1450190819131 485171 51.0536494502784 3.7225184600883 1033400 1000
1450190820130 486170 51.0536494502784 3.7225184600883 1163698 999
1450190821130 487170 51.0536494502784 3.7225184600883 1105652 1000
1450190822131 488171 51.0536494502784 3.7225184600883 920700 1001
1450190823130 489170 51.0536494502784 3.7225184600883 1219050 999
1450190824130 490170 51.0536494502784 3.7225184600883 882248 1000
1450190825130 491170 51.0536494502784 3.7225184600883 974002 1000
1450190826130 492170 51.0536494502784 3.7225184600883 855900 1000
1450190827131 493171 51.0536494502784 3.7225184600883 1015550 1001
1450190828130 494170 51.0536494502784 3.7225184600883 812700 999
1450190829130 495170 51.0536494502784 3.7225184600883 952750 1000
1450190830130 496170 51.0536494502784 3.7225184600883 990900 1000
1450190831130 497170 51.0536494502784 3.7225184600883 945000 1000
1450190832131 498171 51.0536494502784 3.7225184600883 876150 1001
1450190833131 499171 51.0536386146817 3.72248803701508 858600 1000
1450190834130 500170 51.0536352001197 3.72246692615738 648046 999
1450190835131 501171 51.0536324896377 3.72245275789679 842704 1001
1450190836130 502170 51.0536324896377 3.72245275789679 937900 999
1450190837131 503171 51.0536359754779 3.72241712806331 1358100 1001
1450190838130 504170 51.053663106587 3.72239961480453 1201500 999
1450190839131 505171 51.0536782731319 3.72237300737938 740150 1001
1450190840131 506171 51.0536876255678 3.72235611659875 789400 1000
1450190841130 507170 51.0536951149343 3.72233064044005 862648 999
1450190842130 508170 51.0536952831563 3.72230942659786 999002 1000
1450190843130 509170 51.0536956575271 3.72227610410114 909900 1000
1450190844130 510170 51.053693398549 3.72224487218106 1330798 1000
1450190845130 511170 51.0536969537711 3.72221627711661 1608940 1000
1450190846131 512171 51.0536912276934 3.72218633626251 1788614 1001
1450190847130 513170 51.0536890007481 3.7221628058499 1721250 999
1450190848130 514170 51.0536890007481 3.7221628058499 1635594 1000
1450190849131 515171 51.0536962300476 3.72215014104607 1754256 1001
1450190850130 516170 51.0537121147537 3.72215626534166 1706400 999
1450190851130 517170 51.0537230768536 3.72215676162156 1536300 1000
1450190852130 518170 51.0537400587661 3.72216509670049 1524150 1000
1450190853131 519171 51.0537528250778 3.72217270846144 1233900 1001
1450190854130 520170 51.053763355145 3.72217890580921 1232548 999
1450190855130 521170 51.0537637535847 3.72216338854316 1983850 1000
1450190856131 522171 51.0537469930348 3.72214381580816 1230154 1001
1450190857130 523170 51.0537469930348 3.72214381580816 1190350 999
1450190858130 524170 51.0537645275476 3.7221369839561 1582898 1000
1450190859130 525170 51.0537645275476 3.7221369839561 1815684 1000
1450190860130 526170 51.0537705304577 3.72210095939423 1590996 1000
1450190861131 527171 51.0537711463558 3.72207389179585 1707054 1001
1450190862130 528170 51.0537779908867 3.72205683527519 1934900 999
1450190863130 529170 51.053780545014 3.72203946731186 1552150 1000
1450190864130 530170 51.0537842226124 3.72201234817284 1987832 1000
1450190865130 531170 51.0537827968992 3.7219788254935 1763380 1000
1450190866130 532170 51.053783034454 3.72195200650271 2279238 1000
1450190867130 533170 51.0537960196801 3.72193829991273 1279150 1000
1450190868130 534170 51.0538068016991 3.7219167640815 1121150 1000
1450190869130 535170 51.053789282884 3.72185239918758 1728000 1000
1450190870131 536171 51.053800706424 3.72182619542315 1799900 1001
1450190871130 537170 51.0538176749311 3.72181016460134 1989548 999
1450190872130 538170 51.0538238275195 3.72179013414263 1701002 1000
1450190873130 539170 51.0538319281179 3.72176200578884 1260900 1000
1450190874130 540170 51.0538577983535 3.7217376963074 1051650 1000
1450190875130 541170 51.0538727871646 3.72171847354195 1207250 1000
1450190876131 542171 51.053895231814 3.72169525428119 1170100 1001
1450190877130 543170 51.0539163536179 3.72167871589444 1617300 999
1450190878131 544171 51.0539306771386 3.72166468639322 1925082 1001
1450190879130 545170 51.0539472923838 3.72166447964275 1848180 999
1450190880130 546170 51.0539667384419 3.72166440408574 1865036 1000
1450190881130 547170 51.0539898771074 3.72165418298347 1827900 1000
1450190882130 548170 51.0540038088193 3.72164647698661 1934548 1000
1450190883130 549170 51.0540272932632 3.72163420865798 1796852 1000
1450190884130 550170 51.0540572287102 3.72161810610947 580500 1000
1450190885130 551170 51.0540935622232 3.7216134714175 791100 1000
1450190886130 552170 51.05412563851 3.7216178801726 926450 1000
1450190887130 553170 51.0541701524253 3.72162214079445 725648 1000
1450190888131 554171 51.0542124656435 3.72161580484621 1236902 1001
1450190889130 555170 51.0542748380037 3.72159522609547 531900 999
1450190890131 556171 51.054327853521 3.72157340820167 770850 1001
1450190891131 557171 51.0543636845652 3.72157509105199 567350 1000
1450190892130 558170 51.0544074854587 3.72156315328831 426882 999
1450190893131 559171 51.0544347023221 3.72156156222884 666262 1001
1450190894131 560171 51.0544753888827 3.72153747659105 414806 1000
1450190895131 561171 51.054498797447 3.72153251694711 927100 1000
1450190896130 562170 51.0545217728671 3.72153884811791 932850 999
1450190897130 563170 51.0545476383501 3.72153958880499 873450 1000
1450190898131 564171 51.0545745106461 3.72155968352441 718200 1001
1450190899131 565171 51.0546032505096 3.72156967132138 657450 1000
1450190900130 566170 51.0546363945144 3.72157891438391 475200 999
1450190901130 567170 51.054689026452 3.72158632348517 482300 1000
1450190902131 568171 51.0547255057607 3.72157642971781 121148 1001
1450190903131 569171 51.0547587111943 3.72158808589703 687152 1000
1450190904131 570171 51.0547961182532 3.72160320082474 244350 1000
1450190905131 571171 51.0548380157535 3.72163504998055 29700 1000
