1453107448798 79 51.0325625521879 3.7237956936691 0 79
1453107449798 1079 51.0325625521879 3.7237956936691 1424136 1000
1453107450798 2079 51.032558254626 3.72392371929715 3657124 1000
1453107451798 3079 51.0326454931218 3.72361662023614 4572416 1000
1453107452798 4079 51.0325959206683 3.72359565978997 5329992 1000
1453107453799 5080 51.0326180103173 3.72365310657542 3663864 1001
1453107454799 6080 51.0326570070828 3.72372172139942 6301900 1000
1453107455798 7079 51.0326688841881 3.72377293499155 4030520 999
1453107456799 8080 51.0326688841881 3.72377293499155 5321156 1001
1453107457798 9079 51.0326944676468 3.72384646634974 6223920 999
1453107458798 10079 51.0327609322476 3.72395957450815 6282224 1000
1453107459798 11079 51.0328310369242 3.72403222219113 6742696 1000
1453107460798 12079 51.0328708268154 3.72407007346913 6283028 1000
1453107461799 13080 51.0329051278317 3.72411015783086 4668124 1001
1453107462798 14079 51.0329358023907 3.72415351311999 6811444 999
1453107463798 15079 51.032968958404 3.7241977619163 7427156 1000
1453107464798 16079 51.033000195267 3.72424457789595 7694336 1000
1453107465798 17079 51.033000195267 3.72424457789595 3911680 1000
1453107466799 18080 51.0330303203995 3.72428328910753 3584000 1001
1453107467798 19079 51.0330303203995 3.72428328910753 7907328 999
1453107468798 20079 51.0331133245574 3.72436652451327 7999488 1000
1453107469798 21079 51.033139646858 3.72439516556227 7909376 1000
1453107470799 22080 51.0331673659814 3.72442500238983 5009696 1001
1453107471798 23079 51.0331936351695 3.72445523707668 3481600 999
1453107472798 24079 51.0332219261873 3.72448493949159 8278016 1000
1453107473798 25079 51.0332512327342 3.7245166808396 7397376 1000
1453107474798 26079 51.03327737875 3.72454523522796 7686144 1000
1453107475798 27079 51.03327737875 3.72454523522796 4298752 1000
1453107476798 28079 51.0333019245168 3.72457550383737 4124672 1000
1453107477798 29079 51.0333019245168 3.72457550383737 7278592 1000
1453107478798 30079 51.0333794657052 3.72467108008744 7565312 1000
1453107479799 31080 51.0334065808924 3.72470563364132 7645184 1001
1453107480798 32079 51.0334440257162 3.72475619820288 4175872 999
1453107481799 33080 51.0334785194097 3.72479793972168 3059712 1001
1453107482798 34079 51.0335183397765 3.7248471375783 7524352 999
1453107483798 35079 51.0335585395726 3.72490183841514 7634944 1000
1453107484798 36079 51.0335936052331 3.72494680914246 7645184 1000
1453107485799 37080 51.0336247629863 3.72498539843458 4759552 1001
1453107486798 38079 51.0336580292704 3.72503002266016 3880960 999
1453107487799 39080 51.033692640772 3.72507797500064 6801408 1001
1453107488798 40079 51.0337274156921 3.7251245286632 7632896 999
1453107489798 41079 51.0337623541981 3.72516521765012 7896920 1000
1453107490798 42079 51.0337989255985 3.72520480595628 3638740 1000
1453107491799 43080 51.0338364260711 3.72524298739117 4091904 1001
1453107492798 44079 51.0338713578278 3.72528323349616 7475200 999
1453107493798 45079 51.0339045732778 3.72532080572004 4971436 1000
1453107494799 46080 51.0339403915732 3.72535673340535 4542992 1001
1453107495798 47079 51.0339745831318 3.72538979574403 3631732 999
1453107496798 48079 51.0340048823541 3.72541543132205 5199872 1000
1453107497799 49080 51.0340313120032 3.72543374839197 6048156 1001
1453107498798 50079 51.0340550246685 3.72544715863641 3482724 999
1453107499798 51079 51.0340791573035 3.72546621638255 4507088 1000
1453107500798 52079 51.0341036682345 3.72548796994229 2327080 1000
1453107501798 53079 51.0341334716471 3.72551053230299 4607628 1000
1453107502798 54079 51.0342044881148 3.72554923959659 3346488 1000
1453107503798 55079 51.0342044881148 3.72554923959659 4169960 1000
1453107504798 56079 51.0342463160894 3.72556347769332 4649668 1000
1453107505798 57079 51.0342894674853 3.72558071367567 4164164 1000
1453107506798 58079 51.0343328397115 3.72559829699098 4632576 1000
1453107507799 59080 51.0343328397115 3.72559829699098 7460012 1001
1453107508798 60079 51.0344111755832 3.72562546275694 7680776 999
1453107509798 61079 51.0344325810202 3.7256333795421 7060208 1000
1453107510798 62079 51.0344458807728 3.72564086729248 4702208 1000
1453107511798 63079 51.0344556206524 3.72564965569273 3518464 1000
1453107512798 64079 51.0344556206524 3.72564965569273 7417856 1000
1453107513798 65079 51.0344639625293 3.72565725207594 7694336 1000
1453107514798 66079 51.0344639625293 3.72565725207594 7739392 1000
1453107515798 67079 51.0344639625293 3.72565725207594 6680576 1000
1453107516798 68079 51.0344639625293 3.72565725207594 3715072 1000
1453107517799 69080 51.0344639625293 3.72565725207594 7927808 1001
1453107518799 70080 51.0344639625293 3.72565725207594 7796736 1000
1453107519798 71079 51.0344639625293 3.72565725207594 7610368 999
1453107520798 72079 51.0344639625293 3.72565725207594 5398528 1000
1453107521799 73080 51.0344639625293 3.72565725207594 4739072 1001
1453107522798 74079 51.0344639625293 3.72565725207594 4978688 999
1453107523798 75079 51.0344639625293 3.72565725207594 7854080 1000
1453107524799 76080 51.0344639625293 3.72565725207594 7522304 1001
1453107525798 77079 51.0344639625293 3.72565725207594 6107136 999
1453107526798 78079 51.0344639625293 3.72565725207594 3678208 1000
1453107527798 79079 51.0344639625293 3.72565725207594 6909952 1000
1453107528798 80079 51.0344639625293 3.72565725207594 7809024 1000
1453107529798 81079 51.0344639625293 3.72565725207594 8151040 1000
1453107530799 82080 51.0344639625293 3.72565725207594 5911964 1001
1453107531799 83080 51.0344639625293 3.72565725207594 3205480 1000
1453107532799 84080 51.0344639625293 3.72565725207594 4137212 1000
1453107533799 85080 51.0344734464858 3.72566154113243 3555688 1000
1453107534798 86079 51.0344925390173 3.72566834667877 3751068 999
1453107535798 87079 51.034516012231 3.72567375869569 3745988 1000
1453107536798 88079 51.0345478270306 3.72568274991511 3809448 1000
1453107537798 89079 51.034594236209 3.72569472470614 4000864 1000
1453107538799 90080 51.0346485073985 3.72571532124215 4067668 1001
1453107539798 91079 51.034712277163 3.7257435410138 4579104 999
1453107540798 92079 51.0347914574087 3.72578136184606 5243020 1000
1453107541798 93079 51.03487992001 3.72582437299387 5791008 1000
1453107542798 94079 51.0349733248061 3.72587211440613 4443008 1000
1453107543798 95079 51.0350654741187 3.7259176968043 5820664 1000
1453107544799 96080 51.03515394815 3.7259632977241 7574412 1001
1453107545798 97079 51.0352349940986 3.72599733025225 7625636 999
1453107546799 98080 51.0353111024418 3.72603391639375 8985356 1001
1453107547798 99079 51.0353831735714 3.72606986643933 6020580 999
1453107548799 100080 51.0354521572686 3.72610056510209 7934432 1001
1453107549799 101080 51.0355180943764 3.72612225020069 8105420 1000
1453107550798 102079 51.0355834833951 3.72613701905553 5081960 999
1453107551799 103080 51.0356448365478 3.72615786222216 6993424 1001
1453107552799 104080 51.0356448365478 3.72615786222216 5094092 1000
1453107553798 105079 51.03574758628 3.72618425039729 6595764 999
1453107554798 106079 51.0357894890545 3.72620323149864 8189100 1000
1453107555799 107080 51.0358317936868 3.72622254833121 7835924 1001
1453107556798 108079 51.0358800716422 3.72623416863585 6873488 999
1453107557798 109079 51.035933894362 3.72624165983923 7254900 1000
1453107558799 110080 51.0359903996846 3.7262516574202 10908016 1001
1453107559798 111079 51.0360503227072 3.72626215509392 10820060 999
1453107560798 112079 51.0361129569354 3.72627574291014 9474080 1000
1453107561799 113080 51.036175770736 3.72629137981714 10391584 1001
1453107562798 114079 51.0362407508357 3.72630855840313 10475696 999
1453107563799 115080 51.0363061715086 3.72632931850452 8695708 1001
1453107564798 116079 51.0363061715086 3.72632931850452 8303680 999
1453107565798 117079 51.0364960378946 3.72637263607726 8036776 1000
1453107566799 118080 51.0364960378946 3.72637263607726 3500756 1001
1453107567798 119079 51.0365514311276 3.72638263400006 7248948 999
1453107568799 120080 51.0366011045808 3.72639599223284 4798128 1001
1453107569799 121080 51.0366467093691 3.72640873322745 5154560 1000
1453107570798 122079 51.0366467093691 3.72640873322745 5106416 999
1453107571798 123079 51.0367299536278 3.72644481514698 5360348 1000
1453107572799 124080 51.0367717751107 3.72646175863229 5296940 1001
1453107573798 125079 51.0368112089327 3.72647503117144 5048960 999
1453107574798 126079 51.0368464684367 3.72648924624047 5235632 1000
1453107575799 127080 51.0368755321167 3.72650194994762 4888496 1001
1453107576798 128079 51.0368953997622 3.72650799661995 5209920 999
1453107577798 129079 51.0368953997622 3.72650799661995 5739884 1000
1453107578798 130079 51.0368953997622 3.72650799661995 5365040 1000
1453107579798 131079 51.0368953997622 3.72650799661995 5222956 1000
1453107580799 132080 51.0368953997622 3.72650799661995 4986796 1001
1453107581798 133079 51.0368953997622 3.72650799661995 4608812 999
1453107582798 134079 51.0368953997622 3.72650799661995 3968512 1000
1453107583799 135080 51.0368953997622 3.72650799661995 5224356 1001
1453107584798 136079 51.0368953997622 3.72650799661995 3869252 999
1453107585799 137080 51.0368953997622 3.72650799661995 3895720 1001
1453107586799 138080 51.0368953997622 3.72650799661995 5380568 1000
1453107587799 139080 51.0368953997622 3.72650799661995 5499140 1000
1453107588798 140079 51.0368953997622 3.72650799661995 5985820 999
1453107589798 141079 51.0369179299054 3.72651695734154 5490352 1000
1453107590799 142080 51.0369472136595 3.72652873358553 5285120 1001
1453107591798 143079 51.0369839929901 3.72653587286565 4843752 999
1453107592798 144079 51.037029259798 3.72654564485745 3727220 1000
1453107593798 145079 51.0370781608149 3.7265601287983 3375392 1000
1453107594798 146079 51.0371253404827 3.72657359628896 3622076 1000
1453107595798 147079 51.0371795601437 3.72658166565723 3897068 1000
1453107596799 148080 51.0372430905412 3.72658493224598 3789228 1001
1453107597799 149080 51.0373097615294 3.72657198724415 3338996 1000
1453107598798 150079 51.0373820941714 3.72654808983427 3334952 999
1453107599798 151079 51.037455513834 3.72651568248934 3340344 1000
1453107600798 152079 51.0375278596479 3.72648529108317 4971424 1000
1453107601798 153079 51.0375935478984 3.72646473877255 5103528 1000
1453107602798 154079 51.0376518682993 3.72644600959245 5413568 1000
1453107603798 155079 51.0377029959058 3.72642672131085 7116508 1000
1453107604799 156080 51.0377497179675 3.72640794503501 8624944 1001
1453107605798 157079 51.0377911594254 3.72639384015731 9573288 999
1453107606798 158079 51.037826538342 3.72637826051608 11841152 1000
1453107607798 159079 51.0378571225059 3.72636475753914 10434548 1000
1453107608798 160079 51.0378571225059 3.72636475753914 11464092 1000
1453107609798 161079 51.0379024647486 3.72634899377111 11569472 1000
1453107610798 162079 51.0379024647486 3.72634899377111 13060484 1000
1453107611798 163079 51.0379024647486 3.72634899377111 13054032 1000
1453107612798 164079 51.0379024647486 3.72634899377111 12837004 1000
1453107613798 165079 51.0379024647486 3.72634899377111 12442040 1000
1453107614799 166080 51.0379024647486 3.72634899377111 12712988 1001
1453107615798 167079 51.0379024647486 3.72634899377111 12451580 999
1453107616798 168079 51.0379024647486 3.72634899377111 13117984 1000
1453107617798 169079 51.0379024647486 3.72634899377111 13085088 1000
1453107618799 170080 51.0379024647486 3.72634899377111 12791668 1001
1453107619798 171079 51.0379024647486 3.72634899377111 13127624 999
1453107620799 172080 51.0379024647486 3.72634899377111 13068108 1001
1453107621798 173079 51.0379024647486 3.72634899377111 13079644 999
1453107622799 174080 51.0379024647486 3.72634899377111 13035160 1001
1453107623799 175080 51.0379024647486 3.72634899377111 12106144 1000
1453107624799 176080 51.0379024647486 3.72634899377111 12104740 1000
1453107625798 177079 51.0379024647486 3.72634899377111 11989112 999
1453107626798 178079 51.0379024647486 3.72634899377111 11976624 1000
1453107627798 179079 51.0379024647486 3.72634899377111 11940864 1000
1453107628798 180079 51.0379024647486 3.72634899377111 12071080 1000
1453107629799 181080 51.0379024647486 3.72634899377111 12006588 1001
1453107630798 182079 51.0379024647486 3.72634899377111 11997532 999
1453107631798 183079 51.0379024647486 3.72634899377111 12012028 1000
1453107632798 184079 51.0379024647486 3.72634899377111 11758220 1000
1453107633798 185079 51.0379024647486 3.72634899377111 12150072 1000
1453107634799 186080 51.0379024647486 3.72634899377111 12087352 1001
1453107635799 187080 51.0379024647486 3.72634899377111 11859704 1000
1453107636799 188080 51.0379024647486 3.72634899377111 12141436 1000
1453107637799 189080 51.0379024647486 3.72634899377111 11908136 1000
1453107638798 190079 51.0379024647486 3.72634899377111 11980820 999
1453107639798 191079 51.0379024647486 3.72634899377111 12052768 1000
1453107640798 192079 51.0379024647486 3.72634899377111 11967544 1000
1453107641798 193079 51.0379024647486 3.72634899377111 11924076 1000
1453107642798 194079 51.0379024647486 3.72634899377111 12149856 1000
1453107643798 195079 51.0379024647486 3.72634899377111 11844364 1000
1453107644798 196079 51.0379024647486 3.72634899377111 11973284 1000
1453107645798 197079 51.0379024647486 3.72634899377111 11821996 1000
1453107646798 198079 51.0379024647486 3.72634899377111 10488512 1000
1453107647798 199079 51.0379024647486 3.72634899377111 13871324 1000
1453107648798 200079 51.0379024647486 3.72634899377111 11997252 1000
1453107649798 201079 51.0379024647486 3.72634899377111 12003292 1000
1453107650799 202080 51.0379024647486 3.72634899377111 11998444 1001
1453107651798 203079 51.0379024647486 3.72634899377111 11983720 999
1453107652798 204079 51.0379024647486 3.72634899377111 11557752 1000
1453107653798 205079 51.0379024647486 3.72634899377111 11422304 1000
1453107654798 206079 51.0379024647486 3.72634899377111 11894700 1000
1453107655798 207079 51.0379024647486 3.72634899377111 12992024 1000
1453107656798 208079 51.0379024647486 3.72634899377111 12103648 1000
1453107657798 209079 51.0379024647486 3.72634899377111 11974328 1000
1453107658798 210079 51.0379024647486 3.72634899377111 12057212 1000
1453107659798 211079 51.0379024647486 3.72634899377111 11989528 1000
1453107660798 212079 51.0379024647486 3.72634899377111 12000284 1000
1453107661798 213079 51.0379024647486 3.72634899377111 11986908 1000
1453107662798 214079 51.0379024647486 3.72634899377111 12014724 1000
1453107663798 215079 51.0379024647486 3.72634899377111 11948672 1000
1453107664798 216079 51.0379024647486 3.72634899377111 12040596 1000
1453107665799 217080 51.0379024647486 3.72634899377111 12011068 1001
1453107666798 218079 51.0379024647486 3.72634899377111 11987896 999
1453107667799 219080 51.0379024647486 3.72634899377111 11898332 1001
1453107668798 220079 51.0379024647486 3.72634899377111 11461676 999
1453107669798 221079 51.0379024647486 3.72634899377111 12609612 1000
1453107670798 222079 51.0379024647486 3.72634899377111 12031984 1000
1453107671798 223079 51.0379024647486 3.72634899377111 11999740 1000
1453107672799 224080 51.0379024647486 3.72634899377111 11985680 1001
1453107673799 225080 51.0379024647486 3.72634899377111 12022200 1000
1453107674799 226080 51.0379024647486 3.72634899377111 11997200 1000
1453107675798 227079 51.0379024647486 3.72634899377111 11997252 999
1453107676798 228079 51.0379024647486 3.72634899377111 11494136 1000
1453107677798 229079 51.0379024647486 3.72634899377111 12422028 1000
1453107678798 230079 51.0379024647486 3.72634899377111 12018668 1000
1453107679798 231079 51.0379024647486 3.72634899377111 11187800 1000
1453107680798 232079 51.0379024647486 3.72634899377111 12482480 1000
1453107681798 233079 51.0379024647486 3.72634899377111 12383428 1000
1453107682798 234079 51.0379024647486 3.72634899377111 12005392 1000
1453107683798 235079 51.0379194854382 3.72634493007332 11995048 1000
1453107684798 236079 51.0379393313738 3.72633799796251 12010136 1000
1453107685799 237080 51.0379623100279 3.72632796102784 11994660 1001
1453107686799 238080 51.0379868332096 3.72632023731719 11380440 1000
1453107687799 239080 51.0380140884221 3.72631446406945 11442392 1000
1453107688799 240080 51.0380463330914 3.72630402759378 12067896 1000
1453107689798 241079 51.0380801877125 3.72629044406036 10660688 999
1453107690799 242080 51.0381527244655 3.72626387511894 7643852 1001
1453107691798 243079 51.0381905689373 3.72625571311806 5227544 999
1453107692798 244079 51.0382292335903 3.72625748216389 4705868 1000
1453107693798 245079 51.0382665669411 3.72626773566651 4498276 1000
1453107694798 246079 51.0383037752507 3.72627389948519 4749108 1000
1453107695799 247080 51.038346303116 3.72627973630476 5177564 1001
1453107696798 248079 51.0383966018884 3.7262866995807 5251136 999
1453107697798 249079 51.0384448401076 3.72628840388858 3811468 1000
1453107698798 250079 51.0384867967472 3.72628336060798 3642296 1000
1453107699798 251079 51.03852186473 3.72627494066444 4713956 1000
1453107700798 252079 51.0385518639805 3.72626319228306 4008952 1000
1453107701799 253080 51.0385806645602 3.72624918846792 4321688 1001
1453107702799 254080 51.0385806645602 3.72624918846792 2445272 1000
1453107703799 255080 51.0386368619727 3.72621086202426 4785400 1000
1453107704798 256079 51.0386659360153 3.7261937554022 4213848 999
1453107705798 257079 51.0386955274676 3.72618505856428 4053436 1000
1453107706798 258079 51.038721160787 3.72617291067585 3055916 1000
1453107707798 259079 51.0387414336397 3.7261583567535 3766312 1000
1453107708798 260079 51.0387414336397 3.7261583567535 2842932 1000
1453107709798 261079 51.0387542273521 3.72614853930134 3982772 1000
1453107710798 262079 51.0387542273521 3.72614853930134 3422492 1000
1453107711798 263079 51.0387542273521 3.72614853930134 3503452 1000
1453107712798 264079 51.0387542273521 3.72614853930134 3677344 1000
1453107713798 265079 51.0387542273521 3.72614853930134 3665212 1000
1453107714799 266080 51.0387542273521 3.72614853930134 3673456 1001
1453107715799 267080 51.0387542273521 3.72614853930134 3553172 1000
1453107716799 268080 51.0387542273521 3.72614853930134 3524424 1000
1453107717798 269079 51.0387542273521 3.72614853930134 3605900 999
1453107718798 270079 51.0387542273521 3.72614853930134 3453472 1000
1453107719798 271079 51.0387542273521 3.72614853930134 3768308 1000
1453107720798 272079 51.0387542273521 3.72614853930134 4228676 1000
1453107721798 273079 51.0387542273521 3.72614853930134 4420092 1000
1453107722799 274080 51.0387542273521 3.72614853930134 3942900 1001
1453107723799 275080 51.0387704325703 3.72614107348688 5032084 1000
1453107724798 276079 51.0387870235558 3.72613201269261 5245068 999
1453107725799 277080 51.0388111734434 3.72612077810202 5382384 1001
1453107726798 278079 51.0388423673102 3.72610685834297 5165716 999
1453107727798 279079 51.038883255946 3.72609418248759 5743828 1000
1453107728799 280080 51.0389344685965 3.72608023223276 6103100 1001
