1453364725194 734 51.0553674807634 3.74092209729177 508664 734
1453364726194 1734 51.0553674807634 3.74092209729177 1208144 1000
1453364727195 2735 51.0553720737244 3.74093587766795 1497472 1001
1453364728195 3735 51.0553754658044 3.74095549069763 891028 1000
1453364729194 4734 51.0553875480276 3.74098178084006 2621860 999
1453364730194 5734 51.0554065259128 3.74099909992671 1369568 1000
1453364731194 6734 51.0553938007975 3.74102030062579 1536720 1000
1453364732194 7734 51.0553718141772 3.74103621672238 1566376 1000
1453364733194 8734 51.0553473625802 3.74106597351053 4046488 1000
1453364734195 9735 51.0552801154766 3.74098895221565 2592412 1001
1453364735194 10734 51.0552241260647 3.74098189190041 2810564 999
1453364736194 11734 51.0551564293599 3.74099619073966 3538516 1000
1453364737194 12734 51.055079407545 3.74109533428142 2032784 1000
1453364738195 13735 51.055079407545 3.74109533428142 1015044 1001
1453364739195 14735 51.0550314840876 3.74113731761259 1875224 1000
1453364740194 15734 51.0548586164856 3.74119833510839 3159556 999
1453364741195 16735 51.0547557405678 3.74124011163721 1363528 1001
1453364742194 17734 51.0546449889991 3.74126126990319 1784908 999
1453364743194 18734 51.054545727194 3.74128593798812 2565788 1000
1453364744194 19734 51.054545727194 3.74128593798812 3392164 1000
1453364745194 20734 51.0544387525102 3.74130333671375 2757676 1000
1453364746195 21735 51.0543185804488 3.74131690576062 5192828 1001
1453364747194 22734 51.054199398975 3.74132893369275 5100832 999
1453364748194 23734 51.0540831387047 3.74131709404088 6574524 1000
1453364749194 24734 51.0539160572582 3.74132865490166 6556992 1000
1453364750194 25734 51.053777057911 3.74135583898759 4684300 1000
1453364751195 26735 51.0536348480018 3.74138882511994 1738420 1001
1453364752194 27734 51.053492427875 3.74141722773896 1146880 999
1453364753195 28735 51.0533505602509 3.74144963602294 5173460 1001
1453364754194 29734 51.053201894895 3.74149331872194 6217680 999
1453364755195 30735 51.0530609232613 3.74154016698495 5363664 1001
1453364756195 31735 51.0527747021202 3.74165495551754 4199924 1000
1453364757194 32734 51.0527747021202 3.74165495551754 1560984 999
1453364758194 33734 51.0524673281975 3.74176735464068 4428232 1000
1453364759194 34734 51.0523109951478 3.74183274751278 2540928 1000
1453364760194 35734 51.052155211387 3.74190075155342 234552 1000
1453364761194 36734 51.0520007374647 3.74197362171203 2531856 1000
1453364762195 37735 51.0518407289155 3.74204649471931 1978552 1001
1453364763195 38735 51.0516757656643 3.74212005505685 886984 1000
1453364764194 39734 51.0515051681519 3.74219540223311 1013696 999
1453364765195 40735 51.0513385866163 3.74227924219714 1282236 1001
1453364766194 41734 51.0511719941667 3.74237202774215 848952 999
1453364767194 42734 51.0510162159164 3.7425014509689 990780 1000
1453364768194 43734 51.0508573893127 3.74262813712764 416532 1000
1453364769194 44734 51.0506801381752 3.74273276846541 502804 1000
1453364770195 45735 51.0505091819181 3.74284278229428 613340 1001
1453364771194 46734 51.0505091819181 3.74284278229428 1086488 999
1453364772194 47734 51.0503393483111 3.7429671475836 3107140 1000
1453364773194 48734 51.050171887944 3.74310634969622 4132968 1000
1453364774194 49734 51.0500091973709 3.74325796374782 3767660 1000
1453364775194 50734 51.0498454282096 3.74341995815729 2970028 1000
1453364776194 51734 51.0495210943324 3.74375506667957 3578008 1000
1453364777195 52735 51.0493617343812 3.74393022477865 2482268 1001
1453364778194 53734 51.049209066473 3.74410647330407 2327944 999
1453364779194 54734 51.0490552233376 3.7442872145929 2500540 1000
1453364780195 55735 51.0490552233376 3.7442872145929 2427308 1001
1453364781194 56734 51.0488965660739 3.74447062645727 2616400 999
1453364782195 57735 51.0487379718521 3.74466074269425 4854096 1001
1453364783195 58735 51.0485735438761 3.74484499942568 4248108 1000
1453364784194 59734 51.0484108486908 3.74502644090295 4598912 999
1453364785194 60734 51.0482491994633 3.7452092427652 4881572 1000
1453364786194 61734 51.0480840316573 3.74539143669712 4669140 1000
1453364787194 62734 51.0479210329071 3.74556955656637 3506176 1000
1453364788194 63734 51.0477615796264 3.74574865008622 1589248 1000
1453364789194 64734 51.0476004431411 3.74592856101315 7086080 1000
1453364790194 65734 51.0474442222256 3.74611513809345 7569408 1000
1453364791194 66734 51.0472887561749 3.7462968254931 4641896 1000
1453364792194 67734 51.0469747813793 3.74666872237707 3960832 1000
1453364793194 68734 51.0468150206543 3.74686494866498 3505324 1000
1453364794194 69734 51.0466476122626 3.74705617357078 2315864 1000
1453364795194 70734 51.0464817908098 3.74724717182296 3956980 1000
1453364796194 71734 51.0463178233353 3.74743304399488 5290300 1000
1453364797194 72734 51.0461471261028 3.74761342783857 4554012 1000
1453364798194 73734 51.0459805109201 3.74777673343885 4829584 1000
1453364799194 74734 51.045818596856 3.74795460743791 3941544 1000
1453364800195 75735 51.0456538790936 3.74811910263062 4256824 1001
1453364801195 76735 51.0456538790936 3.74811910263062 3916992 1000
1453364802194 77734 51.0452901325746 3.74842418943084 3477504 999
1453364803194 78734 51.0451245973099 3.74858973763976 6457344 1000
1453364804195 79735 51.044951069496 3.74876451105452 5639872 1001
1453364805194 80734 51.0447742495657 3.74894797596516 4854988 999
1453364806194 81734 51.0446036945507 3.74913537664901 4905548 1000
1453364807194 82734 51.0444422068997 3.74932006546861 4072800 1000
1453364808194 83734 51.0442880940009 3.74949290448505 5197396 1000
1453364809194 84734 51.0442880940009 3.74949290448505 1838948 1000
1453364810194 85734 51.0441326429069 3.74966924531989 6821952 1000
1453364811194 86734 51.0438320354551 3.75002914737798 6068424 1000
1453364812194 87734 51.0438320354551 3.75002914737798 3313196 1000
1453364813194 88734 51.0438320354551 3.75002914737798 2943144 1000
1453364814194 89734 51.0433917153627 3.75056317717257 3648132 1000
1453364815194 90734 51.0433917153627 3.75056317717257 3085128 1000
1453364816194 91734 51.0431139093356 3.75093481205996 2550360 1000
1453364817194 92734 51.0429690692648 3.75111621216826 2596304 1000
1453364818194 93734 51.0428248856372 3.75129143459779 2392808 1000
1453364819194 94734 51.0426773572882 3.7514608258559 2015152 1000
1453364820194 95734 51.0426773572882 3.7514608258559 3068516 1000
1453364821194 96734 51.0423877712379 3.75180813974543 2737320 1000
1453364822194 97734 51.0422427246805 3.75198451228462 855980 1000
1453364823194 98734 51.0422427246805 3.75198451228462 1264424 1000
1453364824194 99734 51.0420944997874 3.75216239096342 1826540 1000
1453364825195 100735 51.0419471734059 3.75234627329544 3506148 1001
1453364826194 101734 51.0417973224863 3.752523749558 2494864 999
1453364827194 102734 51.0416477839468 3.75270078888461 2601224 1000
1453364828198 103738 51.0414991255282 3.75287767091894 4304048 1004
1453364829194 104734 51.041204499928 3.75322898948173 4113564 996
1453364830194 105734 51.041204499928 3.75322898948173 2219188 1000
1453364831194 106734 51.0410595735569 3.75340043631438 3460464 1000
1453364832194 107734 51.0409147363954 3.75357297790806 4906008 1000
1453364833195 108735 51.0407670993967 3.75374557944189 5751400 1001
1453364834194 109734 51.0406192121002 3.75392161914193 5857268 999
1453364835195 110735 51.0404724185299 3.75409782965671 5791440 1001
1453364836194 111734 51.0403257071314 3.75427551347254 6770688 999
1453364837195 112735 51.0401780554746 3.75445348207571 3241168 1001
1453364838194 113734 51.0400288514522 3.75462747035427 4147200 999
1453364839195 114735 51.0398812465492 3.75479962830178 6086656 1001
1453364840195 115735 51.0397339844614 3.75497254995105 4197784 1000
1453364841195 116735 51.0395857428442 3.75514507523413 5496924 1000
1453364842194 117734 51.0394367400197 3.7553162402298 3593676 999
1453364843194 118734 51.0392875074584 3.75548872909528 5484544 1000
1453364844194 119734 51.039139192264 3.75566433021115 4777240 1000
1453364845195 120735 51.0389907862283 3.75584182632767 4629732 1001
1453364846194 121734 51.0388461216049 3.75601517395641 4536076 999
1453364847195 122735 51.0387044299784 3.7561844192418 3197212 1001
1453364848196 123736 51.0385641089247 3.75635274199797 5394432 1001
1453364849194 124734 51.0384213961824 3.75652039153394 4839104 998
1453364850196 125736 51.0382764600656 3.75668598603037 5180332 1002
1453364851194 126734 51.0381328803455 3.75684866828384 4762424 998
1453364852195 127735 51.037985897887 3.75701304154018 3366488 1001
1453364853194 128734 51.0376899709335 3.75733500952149 4976640 999
1453364854194 129734 51.0376899709335 3.75733500952149 4671364 1000
1453364855194 130734 51.0373851946274 3.75761170652519 6678916 1000
1453364856194 131734 51.0372287898608 3.75772650708616 4480932 1000
1453364857194 132734 51.0370680327837 3.75782507700068 4420204 1000
1453364858194 133734 51.0369049902999 3.75790826585303 3727360 1000
1453364859195 134735 51.0367373217548 3.75797491408738 5805612 1001
1453364860194 135734 51.0365668497849 3.75802633382874 5660224 999
1453364861194 136734 51.0363949563023 3.75806279141462 4044052 1000
1453364862195 137735 51.036221564805 3.75809423680686 4988928 1001
1453364863194 138734 51.0360483539293 3.7581137719482 3891200 999
1453364864194 139734 51.0358785113353 3.75812191087023 5074992 1000
1453364865194 140734 51.0357077709159 3.75811514088828 2354928 1000
1453364866194 141734 51.0355346825158 3.75809217866768 2438532 1000
1453364867195 142735 51.0353581831838 3.75805646462011 1609512 1001
1453364868194 143734 51.0351833312362 3.75800351680217 799364 999
1453364869194 144734 51.0350114933488 3.75793931634656 0 1000
1453364870195 145735 51.0350114933488 3.75793931634656 0 1001
1453364871194 146734 51.0348456193553 3.75786290043347 0 999
1453364872194 147734 51.0345231794501 3.75768080675225 3600508 1000
1453364873194 148734 51.0343677721303 3.75757653259212 663916 1000
1453364874194 149734 51.0343677721303 3.75757653259212 763616 1000
1453364875194 150734 51.0342164789856 3.75746159388756 780528 1000
1453364876194 151734 51.0340681468765 3.75734090089534 2389968 1000
1453364877195 152735 51.0339181291366 3.75720934357181 544592 1001
1453364878194 153734 51.0336283307269 3.75692521665026 897768 999
1453364879195 154735 51.0336283307269 3.75692521665026 2249608 1001
1453364880194 155734 51.0334887887131 3.75678270467464 2833684 999
1453364881194 156734 51.0333477812471 3.75664376921926 1689112 1000
1453364882195 157735 51.0332054576422 3.75650930240897 2108220 1001
1453364883195 158735 51.0330625453493 3.75637796390391 3321472 1000
1453364884194 159734 51.0329207861873 3.75624674808459 1399224 999
1453364885194 160734 51.0326305061807 3.75597909050139 339696 1000
1453364886194 161734 51.0324854875013 3.75584279408572 328912 1000
1453364887195 162735 51.0323405543077 3.75570597480805 121320 1001
1453364888194 163734 51.0321903505179 3.75556751485594 21568 999
1453364889194 164734 51.0320430966225 3.75542486699315 302704 1000
1453364890194 165734 51.0318978377357 3.75528023425306 388820 1000
1453364891194 166734 51.0317541810081 3.75513490457207 119972 1000
1453364892194 167734 51.0316108168147 3.75499080607308 8088 1000
1453364893194 168734 51.0314675206904 3.75484316219067 47180 1000
1453364894195 169735 51.0313225072609 3.7546966699276 920684 1001
1453364895194 170734 51.0311784643305 3.75455363304445 124016 999
1453364896195 171735 51.0310371640774 3.75441347789499 10784 1001
1453364897194 172734 51.030897719295 3.75427594848881 84924 999
1453364898194 173734 51.0307616662124 3.754140258811 39092 1000
1453364899194 174734 51.0307616662124 3.754140258811 0 1000
1453364900195 175735 51.0306307584302 3.75401105920046 0 1001
1453364901195 176735 51.0305057371139 3.75388542965025 0 1000
1453364902194 177734 51.0303810253153 3.75376571318681 193860 999
1453364903195 178735 51.0302569520644 3.75364558148419 5229744 1001
1453364904194 179734 51.0301307251526 3.7535229607691 3816052 999
1453364905195 180735 51.0300106774681 3.75339139523036 4774800 1001
1453364906194 181734 51.0298967288797 3.75325421568619 3609944 999
1453364907194 182734 51.0297893650547 3.75311302291827 4836504 1000
1453364908195 183735 51.0295876698639 3.75278971121182 4935680 1001
1453364909194 184734 51.0294979340086 3.75260471115127 4019204 999
1453364910194 185734 51.0294199672944 3.75240649765416 4234200 1000
1453364911194 186734 51.029347144773 3.75220146754794 4302924 1000
1453364912194 187734 51.0292780238281 3.75198826657271 2143080 1000
1453364913194 188734 51.0292780238281 3.75198826657271 2179716 1000
1453364914194 189734 51.0291685875386 3.75154414375962 3072092 1000
1453364915194 190734 51.0291268779353 3.75131436043252 827672 1000
1453364916195 191735 51.0291268779353 3.75131436043252 2179072 1001
1453364917195 192735 51.0290863873841 3.75109041380502 1891968 1000
1453364918195 193735 51.0290125268165 3.75063995193156 854552 1000
1453364919194 194734 51.0290125268165 3.75063995193156 2336084 999
1453364920194 195734 51.0289861236609 3.75041102995835 1755476 1000
1453364921195 196735 51.028960145097 3.74993888239305 2315484 1001
1453364922194 197734 51.0289588846698 3.74971735315598 1521892 999
1453364923196 198736 51.0289677328181 3.74948220807448 428664 1002
1453364924194 199734 51.0289857750101 3.74924582983011 202200 998
1453364925194 200734 51.0290097608859 3.74902099368455 727920 1000
1453364926194 201734 51.0290097608859 3.74902099368455 327564 1000
1453364927195 202735 51.0290698165527 3.74858343523151 3906608 1001
1453364928195 203735 51.0290698165527 3.74858343523151 2499088 1000
1453364929194 204734 51.0291097114913 3.74836917811965 3860024 999
1453364930195 205735 51.0291552750942 3.74815568584645 3354472 1001
1453364931194 206734 51.0292158434217 3.74795795171255 4320312 999
1453364932195 207735 51.0293493988804 3.74757025122059 3954824 1001
1453364933194 208734 51.0294259716327 3.74738949869168 1873956 999
1453364934194 209734 51.0295022028023 3.74721167734786 1581904 1000
1453364935194 210734 51.0295795212036 3.7470370305715 1623640 1000
1453364936194 211734 51.0296558459812 3.746854247149 865416 1000
1453364937194 212734 51.0297260868595 3.74666823311644 477192 1000
1453364938194 213734 51.0298114398803 3.74648954698311 0 1000
1453364939194 214734 51.0298929525865 3.74631064641733 0 1000
1453364940194 215734 51.0299749171921 3.74613400013823 0 1000
1453364941194 216734 51.0299749171921 3.74613400013823 691680 1000
1453364942194 217734 51.0300571647267 3.74595830833851 5395608 1000
1453364943194 218734 51.0301526087542 3.74579138580637 3863648 1000
1453364944194 219734 51.0302553816528 3.74562773950451 5316904 1000
1453364945194 220734 51.0303483539877 3.74544446846041 3542152 1000
1453364946194 221734 51.0305376335801 3.74506345485784 6375812 1000
1453364947194 222734 51.0305376335801 3.74506345485784 3917516 1000
1453364948194 223734 51.0306336862459 3.74487324375791 4298680 1000
1453364949194 224734 51.0307209593094 3.74468662448437 4001792 1000
1453364950194 225734 51.0308116959068 3.74450188943857 4673536 1000
1453364951194 226734 51.0309932031542 3.74414008382085 5746940 1000
1453364952194 227734 51.0310799004133 3.74395300790072 2924532 1000
1453364953194 228734 51.0310799004133 3.74395300790072 1498008 1000
1453364954194 229734 51.031169836165 3.7437563318765 4018276 1000
1453364955194 230734 51.0312595657437 3.74356513501759 4205976 1000
1453364956194 231734 51.0314444285323 3.74318336316959 3494236 1000
1453364957194 232734 51.0314444285323 3.74318336316959 2167584 1000
1453364958194 233734 51.031537436627 3.742995465525 4291196 1000
1453364959195 234735 51.0316267422365 3.74280973735343 3846700 1001
1453364960194 235734 51.031714574615 3.74263366006281 3532388 999
1453364961195 236735 51.031801267252 3.74244602443801 4465924 1001
1453364962194 237734 51.0319634187752 3.74205545207102 6003060 999
1453364963194 238734 51.032048702581 3.74186968785528 6852608 1000
1453364964195 239735 51.0321221725434 3.74164753918625 3983360 1001
1453364965195 240735 51.0322022573043 3.74144146777878 5464064 1000
1453364966195 241735 51.0322709195912 3.74122250248218 5033000 1000
1453364967195 242735 51.0323330259133 3.74099551870346 3843148 1000
1453364968195 243735 51.0323907433554 3.74076346730309 3049176 1000
1453364969195 244735 51.0324486675532 3.74053065920017 3162408 1000
1453364970194 245734 51.0325000571512 3.74031770467649 3248680 999
1453364971195 246735 51.0325498487225 3.74010862424256 2866912 1001
1453364972194 247734 51.0325946869386 3.73990436276488 2958268 999
1453364973194 248734 51.0326399379515 3.73969806521083 2469064 1000
1453364974194 249734 51.0326843230847 3.73949124038026 2032784 1000
1453364975194 250734 51.0327207539075 3.73932269001516 2071876 1000
1453364976194 251734 51.0327207539075 3.73932269001516 872156 1000
1453364977194 252734 51.0327862882852 3.73887347571578 2400996 1000
1453364978195 253735 51.0328048979983 3.73863858214138 2482844 1001
1453364979195 254735 51.0328070565059 3.73838714762336 4526080 1000
1453364980194 255734 51.0327965176399 3.738131046501 3201968 999
1453364981195 256735 51.0327833743979 3.73787614361296 2564816 1001
1453364982195 257735 51.0327785774839 3.73764420968017 2832556 1000
1453364983194 258734 51.0327669304614 3.73740689715378 1913480 999
1453364984194 259734 51.0327590159319 3.73716003847368 1817104 1000
1453364985194 260734 51.0327485000567 3.7368958304833 844548 1000
1453364986194 261734 51.0327371487028 3.73663665001765 18172 1000
1453364987194 262734 51.0327187386781 3.73638814811707 0 1000
1453364988194 263734 51.0326905480161 3.73613994917175 335376 1000
1453364989195 264735 51.0326505740513 3.73592015975156 3069672 1001
1453364990194 265734 51.0326082332865 3.7356959713676 0 999
1453364991194 266734 51.0325529340484 3.73547184942804 246684 1000
1453364992195 267735 51.0325529340484 3.73547184942804 3409092 1001
1453364993194 268734 51.0324220943731 3.73503899223567 819584 999
1453364994195 269735 51.0323046932023 3.73482464204471 488072 1001
1453364995194 270734 51.0322241698143 3.73461440683688 2331944 999
1453364996194 271734 51.0321509541169 3.73440058680318 1132320 1000
1453364997194 272734 51.0320899390838 3.73419303655479 675068 1000
1453364998195 273735 51.0320899390838 3.73419303655479 884568 1001
1453364999195 274735 51.0320376303914 3.73399079433669 3045132 1000
1453365000194 275734 51.0320376303914 3.73399079433669 2892160 999
1453365001194 276734 51.0318996987396 3.73338128711582 790576 1000
1453365002194 277734 51.0318534234008 3.73317390497914 616036 1000
1453365003194 278734 51.0318534234008 3.73317390497914 338348 1000
1453365004194 279734 51.031808861061 3.73296496425451 419228 1000
1453365005194 280734 51.0317370572238 3.73254698781386 578292 1000
1453365006195 281735 51.0317035361716 3.7323351398731 815540 1001
1453365007194 282734 51.0316730697774 3.73213549324603 719988 999
1453365008194 283734 51.0316478165495 3.73195548629252 598356 1000
1453365009194 284734 51.0316137810901 3.73175742024716 900464 1000
1453365010195 285735 51.0315797300963 3.73156331735652 1275208 1001
1453365011195 286735 51.0315493271147 3.73138487197471 873504 1000
1453365012194 287734 51.0315184438508 3.73121224254294 1400572 999
1453365013195 288735 51.0315184438508 3.73121224254294 1705220 1001
1453365014194 289734 51.0314962691816 3.73105388407991 2159912 999
1453365015194 290734 51.0314658621204 3.73070102296349 1570004 1000
1453365016194 291734 51.0314658621204 3.73070102296349 2218808 1000
1453365017194 292734 51.031454865535 3.73052188632108 3419876 1000
1453365018195 293735 51.0314532183798 3.73036056523282 3918784 1001
1453365019194 294734 51.0314545782892 3.73019558045137 4570888 999
1453365020195 295735 51.0314601825725 3.73002233298344 3878280 1001
1453365021194 296734 51.0314526145793 3.72964244989358 2635288 999
1453365022195 297735 51.0314490780799 3.72947337458636 1389788 1001
1453365023194 298734 51.0314490780799 3.72947337458636 1606168 999
1453365024194 299734 51.0314417239161 3.72918530147367 2772784 1000
1453365025194 300734 51.0314413916107 3.72905511837269 1241508 1000
1453365026194 301734 51.0314369607385 3.7289233651392 1223984 1000
1453365027194 302734 51.0314369607385 3.7289233651392 2072576 1000
1453365028194 303734 51.0314341409971 3.72878648376465 3226412 1000
1453365029194 304734 51.0314301221914 3.72865127596285 2436796 1000
1453365030194 305734 51.0314246660086 3.72836710352075 3308448 1000
1453365031194 306734 51.0314195700311 3.72821869237564 1961920 1000
1453365032194 307734 51.0314201959029 3.72807581150769 771056 1000
1453365033195 308735 51.0314253016768 3.72793524502838 405748 1001
1453365034195 309735 51.0314349833928 3.7277996041371 876200 1000
1453365035194 310734 51.0314534352904 3.72768155267357 895072 999
1453365036195 311735 51.0314740239779 3.7275535304807 1326432 1001
1453365037196 312736 51.0314958117112 3.7274259801291 1591160 1001
1453365038195 313735 51.0315193906569 3.72729157674685 825804 999
1453365039195 314735 51.0315424174762 3.72715799777787 1341260 1000
1453365040194 315734 51.0315658122026 3.72702730611778 1438316 999
1453365041194 316734 51.0315834194515 3.72689047387753 0 1000
1453365042195 317735 51.0316078355711 3.72675762843023 68748 1001
1453365043195 318735 51.0316078355711 3.72675762843023 3453344 1000
1453365044194 319734 51.0316304442555 3.72662111146255 4900528 999
1453365045195 320735 51.0316988786347 3.72636829228326 3698596 1001
1453365046194 321734 51.0317227967753 3.72623552821924 2201284 999
1453365047195 322735 51.0317227967753 3.72623552821924 3267552 1001
1453365048194 323734 51.0317501824817 3.72610406576952 2913736 999
1453365049194 324734 51.0317856262028 3.72597280749937 2811228 1000
1453365050194 325734 51.0318181643888 3.72583615439878 5187584 1000
1453365051194 326734 51.0318494697257 3.72569280047217 4854984 1000
1453365052195 327735 51.0319065860707 3.72541092297407 2911704 1001
1453365053194 328734 51.0319065860707 3.72541092297407 1941020 999
1453365054194 329734 51.0319719205972 3.72513288958784 3244892 1000
1453365055195 330735 51.0319719205972 3.72513288958784 1517640 1001
1453365056194 331734 51.032000122679 3.72500138632991 2180684 999
1453365057194 332734 51.0320584181505 3.72472724607103 1322768 1000
1453365058194 333734 51.0320584181505 3.72472724607103 2252620 1000
1453365059194 334734 51.0321071204368 3.72443174523747 2234872 1000
1453365060194 335734 51.0321071204368 3.72443174523747 1915768 1000
1453365061195 336735 51.0321356754372 3.72429694939452 1656432 1001
1453365062195 337735 51.0321600428396 3.72415740247723 2655560 1000
1453365063195 338735 51.0321886116758 3.72401848124991 4313804 1000
1453365064194 339734 51.0322165420072 3.72387848500761 3210992 999
1453365065194 340734 51.0322435360792 3.72374219369113 3963068 1000
1453365066194 341734 51.0322728517991 3.72360741719325 2938972 1000
1453365067195 342735 51.0323020316251 3.72347231186614 5136728 1001
1453365068194 343734 51.0323587291854 3.72320661147724 2327956 999
1453365069194 344734 51.0323587291854 3.72320661147724 1554816 1000
1453365070194 345734 51.0323907745392 3.72306433350587 2686824 1000
1453365071194 346734 51.0324243022222 3.72291792679099 4239976 1000
1453365072195 347735 51.0324515496965 3.72277902783859 2681152 1001
1453365073194 348734 51.0324763880538 3.72264668762962 5389688 999
1453365074194 349734 51.0325043992165 3.722516380143 4863380 1000
1453365075195 350735 51.0325565795862 3.72224590360407 4194304 1001
1453365076194 351734 51.0325850294276 3.72211462934388 4479088 999
1453365077194 352734 51.0326141421451 3.72198372555443 3807580 1000
1453365078195 353735 51.0326456218366 3.7218516183558 3147044 1001
1453365079194 354734 51.0326456218366 3.7218516183558 4496116 999
1453365080195 355735 51.0326776960971 3.72171627913012 3481600 1001
1453365081194 356734 51.0327420616155 3.72145646670601 4412004 999
1453365082194 357734 51.0327724527401 3.72132987446975 3104988 1000
1453365083195 358735 51.0328007884502 3.7212018786799 4030492 1001
1453365084194 359734 51.0328007884502 3.7212018786799 4613972 999
1453365085194 360734 51.0328275455464 3.72106998960009 2955088 1000
1453365086194 361734 51.0328918870965 3.72080952950356 4801540 1000
1453365087194 362734 51.0328918870965 3.72080952950356 4049156 1000
1453365088194 363734 51.0329222961426 3.72068125850992 5244336 1000
1453365089194 364734 51.0329505778893 3.72053600079151 7086080 1000
1453365090195 365735 51.0330199291253 3.72023183984774 4495360 1001
1453365091195 366735 51.0330199291253 3.72023183984774 4089856 1000
1453365092194 367734 51.0330554153984 3.72009499589785 7137280 999
1453365093194 368734 51.0331118102249 3.71981987643238 5474284 1000
1453365094194 369734 51.0331118102249 3.71981987643238 4373976 1000
1453365095195 370735 51.0331701709091 3.71953979932969 3604480 1001
1453365096194 371734 51.0332007903167 3.71940131000822 5034400 999
1453365097194 372734 51.033226858932 3.71926497799494 3975744 1000
1453365098195 373735 51.0332549586593 3.71913104363337 3776252 1001
1453365099195 374735 51.0332815192105 3.71899729634469 3878816 1000
1453365100194 375734 51.0332815192105 3.71899729634469 3634788 999
1453365101195 376735 51.0333342240765 3.71873341652728 4027428 1001
1453365102194 377734 51.0333614139671 3.71860374360983 3672548 999
1453365103195 378735 51.0333876730212 3.71847284721231 3378236 1001
1453365104194 379734 51.0334125085311 3.71834598440559 2649968 999
1453365105195 380735 51.0334432135458 3.71821821263821 1757792 1001
1453365106194 381734 51.0334432135458 3.71821821263821 1914028 999
1453365107195 382735 51.0334720438985 3.71809161021286 815672 1001
1453365108195 383735 51.0335012896743 3.71796273918579 0 1000
1453365109195 384735 51.0335594929214 3.71769872700373 1135016 1000
1453365110194 385734 51.0335902043552 3.71756612327087 119972 999
1453365111195 386735 51.0335902043552 3.71756612327087 0 1001
1453365112195 387735 51.0336473054157 3.71730569800228 3084824 1000
1453365113194 388734 51.0336473054157 3.71730569800228 1815156 999
1453365114195 389735 51.0337097717584 3.71705292689227 2726408 1001
1453365115194 390734 51.033739169814 3.71691941171214 1984852 999
1453365116194 391734 51.0337711043364 3.71678347344876 876200 1000
1453365117195 392735 51.0338003589657 3.71665134812874 2380568 1001
1453365118194 393734 51.0338003589657 3.71665134812874 1985632 999
1453365119194 394734 51.0338298552604 3.71651918783495 2383236 1000
1453365120195 395735 51.0338567766454 3.71638724718153 2348268 1001
1453365121195 396735 51.0338567766454 3.71638724718153 2023296 1000
1453365122194 397734 51.0339089278896 3.7161309744863 3501128 999
1453365123195 398735 51.0339388397603 3.71600512518641 3581264 1001
1453365124194 399734 51.0339656968917 3.71587758053106 1951516 999
1453365125194 400734 51.0339982555699 3.71575667530473 1907808 1000
1453365126195 401735 51.0339982555699 3.71575667530473 2696700 1001
1453365127194 402734 51.0340597699696 3.71551630266375 2395812 999
1453365128194 403734 51.0340919048375 3.71540602678588 2372712 1000
1453365129194 404734 51.0341260858451 3.71530038910007 2580072 1000
1453365130195 405735 51.0341593802251 3.71519254070956 2826756 1001
1453365131194 406734 51.0341593802251 3.71519254070956 2071876 999
1453365132194 407734 51.0342263428655 3.71499308617171 2613124 1000
1453365133195 408735 51.034262313415 3.71489745848712 2256604 1001
1453365134194 409734 51.0343012524912 3.71480426767434 2526748 999
1453365135194 410734 51.0343410543754 3.7147002204002 1509760 1000
1453365136194 411734 51.034424868538 3.71449720222339 973256 1000
1453365137194 412734 51.0344683203703 3.7143936597141 520328 1000
1453365138195 413735 51.0345085904407 3.71429324913812 776448 1001
1453365139194 414734 51.0345495436834 3.71418621259486 300604 999
1453365140194 415734 51.0345873079019 3.71408119255401 144236 1000
1453365141194 416734 51.0346265048055 3.71398082249919 508196 1000
1453365142195 417735 51.034666040211 3.71387601699614 576944 1001
1453365143194 418734 51.0347046221967 3.71376967067253 1273860 999
1453365144194 419734 51.0347455941292 3.71366588668613 1876416 1000
1453365145195 420735 51.0347882799879 3.71355870227018 2139976 1001
1453365146194 421734 51.0348303607491 3.71344821298426 1431576 999
1453365147194 422734 51.0348762237633 3.71334524690087 1223804 1000
1453365148194 423734 51.0349177169834 3.71324269148 959904 1000
1453365149194 424734 51.0349575676642 3.71313525572648 2422356 1000
1453365150195 425735 51.0349575676642 3.71313525572648 1829236 1001
1453365151194 426734 51.0349984881433 3.71302195268901 2430496 999
1453365152194 427734 51.0350356550573 3.71291359698524 2944940 1000
1453365153195 428735 51.0351135196275 3.71269136868219 3362908 1001
1453365154194 429734 51.0351135196275 3.71269136868219 2845720 999
1453365155194 430734 51.0351484017813 3.71258221010776 2056452 1000
1453365156195 431735 51.0352126960724 3.71239532458674 2613668 1001
1453365157195 432735 51.0352126960724 3.71239532458674 2274076 1000
1453365158194 433734 51.0352378452663 3.71230804398822 2009868 999
1453365159194 434734 51.035259559017 3.71223103533677 1998488 1000
1453365160194 435734 51.0352769390338 3.71215738313376 2646720 1000
1453365161194 436734 51.0352873335089 3.71208492735074 2171628 1000
1453365162194 437734 51.035351828582 3.71203442124827 2574680 1000
1453365163195 438735 51.0353838779677 3.71198859940961 2400244 1001
1453365164194 439734 51.0353923274342 3.71193418847628 3438656 999
1453365165194 440734 51.0353537648794 3.71183415116851 2632816 1000
1453365166195 441735 51.0353580126396 3.71179035316956 1070232 1001
1453365167194 442734 51.0353618539797 3.71177275299048 1210504 999
1453365168195 443735 51.0353653854782 3.7117594663226 1473364 1001
1453365169194 444734 51.0353653854782 3.7117594663226 198500 999
1453365170194 445734 51.0353653854782 3.7117594663226 2169936 1000
1453365171197 446737 51.0353653854782 3.7117594663226 233204 1003
1453365172194 447734 51.0353653854782 3.7117594663226 1586596 997
1453365173194 448734 51.0353653854782 3.7117594663226 2068896 1000
1453365174195 449735 51.0353653854782 3.7117594663226 1735160 1001
1453365175195 450735 51.0353653854782 3.7117594663226 2253856 1000
1453365176194 451734 51.0353653854782 3.7117594663226 2165044 999
1453365177197 452737 51.0353653854782 3.7117594663226 2270576 1003
1453365178194 453734 51.0353653854782 3.7117594663226 1339212 997
1453365179194 454734 51.0353653854782 3.7117594663226 3402352 1000
1453365180195 455735 51.0353653854782 3.7117594663226 2367088 1001
1453365181194 456734 51.0353653854782 3.7117594663226 1124352 999
1453365182194 457734 51.0353653854782 3.7117594663226 7008256 1000
1453365183194 458734 51.0353653854782 3.7117594663226 2683744 1000
1453365184194 459734 51.0353653854782 3.7117594663226 3804056 1000
1453365185194 460734 51.0353653854782 3.7117594663226 2670428 1000
1453365186194 461734 51.0353653854782 3.7117594663226 4154496 1000
1453365187194 462734 51.0353653854782 3.7117594663226 3310688 1000
1453365188194 463734 51.0353653854782 3.7117594663226 4236856 1000
1453365189194 464734 51.0353653854782 3.7117594663226 4055476 1000
1453365190194 465734 51.0353653854782 3.7117594663226 4182060 1000
1453365191195 466735 51.0353653854782 3.7117594663226 3902460 1001
1453365192195 467735 51.0353653854782 3.7117594663226 4095844 1000
1453365193194 468734 51.0353653854782 3.7117594663226 3603264 999
1453365194194 469734 51.0353653854782 3.7117594663226 4687332 1000
1453365195194 470734 51.0353653854782 3.7117594663226 4165192 1000
1453365196195 471735 51.0353653854782 3.7117594663226 3633152 1001
1453365197194 472734 51.0353653854782 3.7117594663226 4954132 999
1453365198194 473734 51.0353653854782 3.7117594663226 4679532 1000
1453365199194 474734 51.0353653854782 3.7117594663226 3236824 1000
1453365200194 475734 51.0353653854782 3.7117594663226 5279636 1000
1453365201194 476734 51.0353653854782 3.7117594663226 3764224 1000
1453365202195 477735 51.0353667138373 3.71166813650512 3780256 1001
1453365203194 478734 51.0353667138373 3.71166813650512 2277888 999
1453365204194 479734 51.0353765777771 3.71161244534144 4495604 1000
1453365205194 480734 51.0353967028025 3.71157428326235 3790656 1000
1453365206194 481734 51.0354084111034 3.7115314467842 3994044 1000
1453365207194 482734 51.0354104339725 3.71147878270244 5692296 1000
1453365208194 483734 51.0354304744135 3.71145852614225 5422340 1000
1453365209195 484735 51.0354494460861 3.71143017243761 5634316 1001
1453365210194 485734 51.0354611213257 3.71140904587356 3574396 999
1453365211194 486734 51.0354730614264 3.71139402155845 4140156 1000
1453365212194 487734 51.035476493653 3.71136855335385 2808688 1000
1453365213194 488734 51.035476493653 3.71136855335385 5158912 1000
1453365214195 489735 51.0354838474966 3.71135133082638 3993716 1001
1453365215194 490734 51.0354915845238 3.71134139990196 4899184 999
1453365216195 491735 51.0355016373489 3.71132380147373 3886236 1001
1453365217194 492734 51.0355191501923 3.71130525046699 3186688 999
1453365218194 493734 51.0355362629846 3.71129122875024 6746112 1000
1453365219194 494734 51.0355459432248 3.71127687168322 6785024 1000
1453365220194 495734 51.0355526584189 3.71126287638131 6604800 1000
1453365221194 496734 51.035559134729 3.71124989698853 5648384 1000
1453365222194 497734 51.0355623421099 3.71123382872496 5935104 1000
1453365223195 498735 51.0355623421099 3.71123382872496 3639296 1001
1453365224194 499734 51.035569501058 3.71120830650176 6313984 999
1453365225194 500734 51.035569501058 3.71120830650176 5037160 1000
1453365226194 501734 51.0355747756264 3.71118554486209 4868460 1000
1453365227194 502734 51.0355747756264 3.71118554486209 5455872 1000
1453365228195 503735 51.0355807130002 3.71116596678134 3723264 1001
1453365229194 504734 51.0355876105797 3.71115617547081 4506276 999
1453365230194 505734 51.035590746735 3.71113971650414 5511652 1000
