1453204082157 110 51.0508076458404 3.72925078044026 0 110
1453204083156 1109 51.0508396982555 3.72907995455442 4216648 999
1453204084156 2109 51.0508916108043 3.72902332678122 4868172 1000
1453204085156 3109 51.050948194019 3.72898585835567 5928504 1000
1453204086156 4109 51.0510430543544 3.72894295069484 5213416 1000
1453204087156 5109 51.051076426474 3.72887812208001 6602752 1000
1453204088156 6109 51.0511278930579 3.72885467767191 6461268 1000
1453204089156 7109 51.0511300729863 3.72880980880252 5713672 1000
1453204090156 8109 51.0511579554549 3.7287909814835 4284748 1000
1453204091156 9109 51.0512200419121 3.72870272275003 8024448 1000
1453204092156 10109 51.0513578613608 3.72874165895243 6383616 1000
1453204093156 11109 51.0514563889375 3.72876360012026 5270276 1000
1453204094156 12109 51.0515720524731 3.72877668861338 5924148 1000
1453204095156 13109 51.0515602845124 3.72866366388268 3082880 1000
1453204096157 14110 51.0515602845124 3.72866366388268 2304000 1001
1453204097156 15109 51.0515602845124 3.72866366388268 3346432 999
1453204098156 16109 51.0515602845124 3.72866366388268 6574080 1000
1453204099157 17110 51.0515602845124 3.72866366388268 5137540 1001
1453204100156 18109 51.0515602845124 3.72866366388268 3708608 999
1453204101157 19110 51.0515602845124 3.72866366388268 4382404 1001
1453204102156 20109 51.0515602845124 3.72866366388268 2454836 999
1453204103156 21109 51.0515602845124 3.72866366388268 3510280 1000
1453204104156 22109 51.0515602845124 3.72866366388268 6254660 1000
1453204105157 23110 51.0515602845124 3.72866366388268 2359876 1001
1453204106156 24109 51.0515602845124 3.72866366388268 3488884 999
1453204107157 25110 51.0515602845124 3.72866366388268 1828308 1001
1453204108156 26109 51.0515602845124 3.72866366388268 5952736 999
1453204109157 27110 51.0515602845124 3.72866366388268 3073440 1001
1453204110156 28109 51.0515602845124 3.72866366388268 2877056 999
1453204111157 29110 51.0515602845124 3.72866366388268 3968988 1001
1453204112156 30109 51.0515602845124 3.72866366388268 4332848 999
1453204113156 31109 51.0515602845124 3.72866366388268 5204700 1000
1453204114156 32109 51.0515602845124 3.72866366388268 5199332 1000
1453204115156 33109 51.0515602845124 3.72866366388268 4096168 1000
1453204116156 34109 51.0515602845124 3.72866366388268 4268800 1000
1453204117156 35109 51.0515602845124 3.72866366388268 2928480 1000
1453204118156 36109 51.0515602845124 3.72866366388268 1668824 1000
1453204119156 37109 51.0515602845124 3.72866366388268 1934380 1000
1453204120157 38110 51.0515602845124 3.72866366388268 92160 1001
1453204121157 39110 51.0515602845124 3.72866366388268 3245488 1000
1453204122157 40110 51.0515602845124 3.72866366388268 1871024 1000
1453204123157 41110 51.0515602845124 3.72866366388268 1827888 1000
1453204124157 42110 51.0515602845124 3.72866366388268 1529980 1000
1453204125156 43109 51.0515602845124 3.72866366388268 1920972 999
1453204126156 44109 51.0515602845124 3.72866366388268 2101460 1000
1453204127157 45110 51.0515602845124 3.72866366388268 1302480 1001
1453204128157 46110 51.0515602845124 3.72866366388268 1299860 1000
1453204129156 47109 51.0515602845124 3.72866366388268 1053436 999
1453204130156 48109 51.0515602845124 3.72866366388268 343508 1000
1453204131157 49110 51.0515602845124 3.72866366388268 2758940 1001
1453204132156 50109 51.0515602845124 3.72866366388268 1925048 999
1453204133156 51109 51.0515602845124 3.72866366388268 2084708 1000
1453204134157 52110 51.0515602845124 3.72866366388268 2165072 1001
1453204135157 53110 51.0515602845124 3.72866366388268 1844528 1000
1453204136156 54109 51.0515602845124 3.72866366388268 1683652 999
1453204137156 55109 51.0515602845124 3.72866366388268 481236 1000
1453204138156 56109 51.0515602845124 3.72866366388268 305996 1000
1453204139156 57109 51.0515602845124 3.72866366388268 0 1000
1453204140156 58109 51.0515602845124 3.72866366388268 3624412 1000
1453204141157 59110 51.0515602845124 3.72866366388268 7155712 1001
1453204142156 60109 51.0515602845124 3.72866366388268 6565888 999
1453204143157 61110 51.0515602845124 3.72866366388268 4376576 1001
1453204144156 62109 51.0515602845124 3.72866366388268 7036928 999
1453204145157 63110 51.0515602845124 3.72866366388268 7254016 1001
1453204146157 64110 51.0515602845124 3.72866366388268 7413760 1000
1453204147156 65109 51.0515602845124 3.72866366388268 7256064 999
1453204148156 66109 51.0515602845124 3.72866366388268 4214784 1000
1453204149156 67109 51.0515602845124 3.72866366388268 3981312 1000
1453204150156 68109 51.0515602845124 3.72866366388268 6623232 1000
1453204151156 69109 51.0515602845124 3.72866366388268 7063552 1000
1453204152156 70109 51.0515602845124 3.72866366388268 7385088 1000
1453204153156 71109 51.0515602845124 3.72866366388268 4446208 1000
1453204154157 72110 51.0515602845124 3.72866366388268 4059136 1001
1453204155157 73110 51.0515602845124 3.72866366388268 9791488 1000
1453204156156 74109 51.0515602845124 3.72866366388268 8928524 999
1453204157156 75109 51.0515602845124 3.72866366388268 6003544 1000
1453204158157 76110 51.0515602845124 3.72866366388268 4851712 1001
1453204159156 77109 51.0515602845124 3.72866366388268 3395584 999
1453204160157 78110 51.0515602845124 3.72866366388268 5656576 1001
1453204161157 79110 51.0515602845124 3.72866366388268 7073792 1000
1453204162157 80110 51.0515602845124 3.72866366388268 6764544 1000
1453204163157 81110 51.0515602845124 3.72866366388268 4069376 1000
1453204164156 82109 51.0515602845124 3.72866366388268 835584 999
1453204165156 83109 51.0515602845124 3.72866366388268 5062656 1000
1453204166157 84110 51.0515602845124 3.72866366388268 7546880 1001
1453204167156 85109 51.0515602845124 3.72866366388268 7090176 999
1453204168157 86110 51.0515602845124 3.72866366388268 5113856 1001
1453204169156 87109 51.0515602845124 3.72866366388268 3956736 999
1453204170157 88110 51.0515602845124 3.72866366388268 5351424 1001
1453204171156 89109 51.0515602845124 3.72866366388268 6420480 999
1453204172156 90109 51.0515602845124 3.72866366388268 6719488 1000
1453204173157 91110 51.0539857792315 3.72509063424749 5431296 1001
1453204174156 92109 51.0539857792315 3.72509063424749 4538368 999
1453204175156 93109 51.0537805179804 3.72443730591993 1458252 1000
1453204176156 94109 51.0538666036014 3.7244733826684 3467056 1000
1453204177156 95109 51.0562130948178 3.72192159082604 4942548 1000
1453204178156 96109 51.0538712285179 3.72440871713604 3535728 1000
1453204179156 97109 51.0538712285179 3.72440871713604 5849088 1000
1453204180157 98110 51.0538712285179 3.72440871713604 4039784 1001
1453204181156 99109 51.0538712285179 3.72440871713604 3580288 999
1453204182156 100109 51.0538712285179 3.72440871713604 5337176 1000
1453204183156 101109 51.0538712285179 3.72440871713604 3740344 1000
1453204184156 102109 51.0538712285179 3.72440871713604 3839664 1000
1453204185156 103109 51.0538712285179 3.72440871713604 3755520 1000
1453204186157 104110 51.0538712285179 3.72440871713604 2904612 1001
1453204187156 105109 51.0528052724506 3.72260490795508 3099648 999
1453204188156 106109 51.0528052724506 3.72260490795508 2414784 1000
1453204189157 107110 51.0528052724506 3.72260490795508 4291256 1001
1453204190156 108109 51.0528052724506 3.72260490795508 3487276 999
1453204191157 109110 51.0528052724506 3.72260490795508 2559852 1001
1453204192156 110109 51.0528052724506 3.72260490795508 3320124 999
1453204193156 111109 51.0546086801072 3.72478788666346 3660304 1000
1453204194156 112109 51.0539383647378 3.72520915410047 4193488 1000
1453204195156 113109 51.0530083623652 3.72509609182301 4501976 1000
1453204196157 114110 51.0530083623652 3.72509609182301 3844496 1001
1453204197156 115109 51.0545280513568 3.72552832694795 4403916 999
1453204198157 116110 51.0545280513568 3.72552832694795 5220804 1001
1453204199157 117110 51.0545280513568 3.72552832694795 4142404 1000
1453204200157 118110 51.0545280513568 3.72552832694795 4564328 1000
1453204201156 119109 51.0543021598799 3.72344094158282 3921332 999
1453204202156 120109 51.0536436596933 3.72454099087711 4593392 1000
1453204203156 121109 51.0536436596933 3.72454099087711 3843044 1000
1453204204156 122109 51.0548990460235 3.72265616941934 4513704 1000
1453204205156 123109 51.053632405189 3.72387548869982 3746872 1000
1453204206157 124110 51.0537382113218 3.72348087496261 4021464 1001
1453204207156 125109 51.0536929040542 3.7233979119243 3248084 999
1453204208156 126109 51.0536936624232 3.72333852071107 4076552 1000
1453204209156 127109 51.0537333534045 3.72320524200159 4504996 1000
1453204210156 128109 51.0537455426349 3.72316458337359 3733960 1000
1453204211156 129109 51.0538148333203 3.72312063417603 4674864 1000
1453204212157 130110 51.0538201326482 3.72304965206293 2830800 1001
1453204213157 131110 51.0537926105376 3.72299064835476 4660768 1000
1453204214156 132109 51.053790680409 3.72294130443092 4157848 999
1453204215156 133109 51.0537884206845 3.72284019577393 3531760 1000
1453204216156 134109 51.0537902708586 3.72278286464157 2170280 1000
1453204217156 135109 51.0538068392144 3.72272225984687 2438532 1000
1453204218156 136109 51.0538171597131 3.72267216061356 2124448 1000
1453204219156 137109 51.0538283914527 3.722615285222 1884504 1000
1453204220157 138110 51.0538428902054 3.72256913897934 1738920 1001
1453204221156 139109 51.0538428902054 3.72256913897934 1598080 999
1453204222157 140110 51.0538593115489 3.72252471675985 4162728 1001
1453204223156 141109 51.0538842859511 3.7224414075618 3558028 999
1453204224156 142109 51.0538842859511 3.7224414075618 3096244 1000
1453204225156 143109 51.0538911264641 3.72240055690893 3887632 1000
1453204226157 144110 51.0538998038812 3.72232324861374 3592040 1001
1453204227156 145109 51.0538998038812 3.72232324861374 3482192 999
1453204228156 146109 51.0538933820706 3.72228018118219 3239964 1000
1453204229156 147109 51.0538933820706 3.72228018118219 4094732 1000
1453204230156 148109 51.0537955031682 3.72219883800184 4386636 1000
1453204231156 149109 51.0537182852575 3.72217231561199 5405728 1000
1453204232156 150109 51.0537182852575 3.72217231561199 2893508 1000
1453204233156 151109 51.0536743045286 3.72217684362001 2882756 1000
1453204234157 152110 51.0536743045286 3.72217684362001 3858432 1001
1453204235156 153109 51.0535890234148 3.72219062617289 4662192 999
1453204236156 154109 51.0535506558784 3.72219552401462 4812464 1000
1453204237156 155109 51.0535207766434 3.72219694340165 4903920 1000
1453204238156 156109 51.0534973231613 3.72219904321122 5648124 1000
1453204239156 157109 51.0534859934201 3.72220087891825 3244032 1000
1453204240156 158109 51.0534764492445 3.72220381824595 6500352 1000
1453204241156 159109 51.0534764492445 3.72220381824595 7094272 1000
1453204242156 160109 51.0534764492445 3.72220381824595 6811648 1000
1453204243156 161109 51.0534764492445 3.72220381824595 6322176 1000
1453204244157 162110 51.0534764492445 3.72220381824595 4263936 1001
1453204245156 163109 51.0534764492445 3.72220381824595 4923392 999
1453204246156 164109 51.0534743572832 3.72222688529269 7294976 1000
1453204247156 165109 51.0534743572832 3.72222688529269 6922616 1000
1453204248157 166110 51.0534738111908 3.72224211224594 5697076 1001
1453204249156 167109 51.0534738111908 3.72224211224594 3625500 999
1453204250156 168109 51.0534738111908 3.72224211224594 5582848 1000
1453204251156 169109 51.0534738111908 3.72224211224594 7364184 1000
1453204252157 170110 51.0534752399184 3.72220867875851 2957512 1001
1453204253156 171109 51.0534752399184 3.72220867875851 6467584 999
1453204254156 172109 51.0534624875792 3.72218714732617 3375104 1000
1453204255156 173109 51.0534624875792 3.72218714732617 866304 1000
1453204256156 174109 51.05345489583 3.72216686596893 5728256 1000
1453204257156 175109 51.05345489583 3.72216686596893 7081984 1000
1453204258156 176109 51.05345489583 3.72216686596893 6483968 1000
1453204259156 177109 51.05345489583 3.72216686596893 4204544 1000
1453204260157 178110 51.05345489583 3.72216686596893 5994496 1001
1453204261156 179109 51.0534495241618 3.72214505127529 7280640 999
1453204262156 180109 51.0534495241618 3.72214505127529 5714004 1000
1453204263157 181110 51.0534428397939 3.72213175070631 6340336 1001
1453204264156 182109 51.0534428397939 3.72213175070631 4247552 999
1453204265156 183109 51.0534428397939 3.72213175070631 4198400 1000
1453204266156 184109 51.0534428397939 3.72213175070631 6979584 1000
1453204267156 185109 51.0534428397939 3.72213175070631 6963200 1000
1453204268156 186109 51.0534428397939 3.72213175070631 7309312 1000
1453204269157 187110 51.0534428397939 3.72213175070631 3816412 1001
1453204270156 188109 51.0534428397939 3.72213175070631 4171776 999
1453204271157 189110 51.0534428397939 3.72213175070631 6981632 1001
1453204272156 190109 51.0534428397939 3.72213175070631 7491584 999
1453204273156 191109 51.0534428397939 3.72213175070631 4775868 1000
1453204274156 192109 51.0534428397939 3.72213175070631 2255784 1000
1453204275156 193109 51.0534297371645 3.7221333740288 4640204 1000
1453204276156 194109 51.0534140708098 3.72214221713185 3854960 1000
1453204277157 195110 51.0533908486695 3.72214929060743 3785292 1001
1453204278156 196109 51.0533241316937 3.72214417378128 3675448 999
1453204279157 197110 51.0533241316937 3.72214417378128 3077040 1001
1453204280157 198110 51.0532446959393 3.72210005079066 3186856 1000
1453204281156 199109 51.0531804977438 3.72213512309139 2592204 999
1453204282157 200110 51.0531804977438 3.72213512309139 2427748 1001
1453204283156 201109 51.053104794317 3.72215347643822 2196668 999
1453204284156 202109 51.0530676234206 3.72214867944922 2637260 1000
1453204285156 203109 51.0530676234206 3.72214867944922 4044 1000
1453204286156 204109 51.0530118135162 3.72218688920977 4443008 1000
1453204287156 205109 51.0530118135162 3.72218688920977 2402760 1000
1453204288156 206109 51.0529962939943 3.72219375410863 4122428 1000
1453204289156 207109 51.0529772237338 3.72219408189048 4118760 1000
1453204290156 208109 51.0529526421743 3.72217782623507 5543028 1000
1453204291157 209110 51.0529311353888 3.72216102411522 5918876 1001
1453204292157 210110 51.0529065438793 3.7221588335522 5904240 1000
1453204293157 211110 51.0528810940711 3.72216151327446 5212820 1000
1453204294156 212109 51.0528521076915 3.72215838296163 5298476 999
1453204295156 213109 51.0528115300223 3.72213028304346 3618816 1000
1453204296156 214109 51.0527907946011 3.72210695681721 7143424 1000
1453204297157 215110 51.0527725104769 3.72208892792106 7831552 1001
1453204298157 216110 51.0527351269062 3.72206327998014 6203392 1000
1453204299156 217109 51.0526897620879 3.72202387046097 4755456 999
1453204300156 218109 51.0526726350541 3.72197371241925 4859904 1000
1453204301156 219109 51.0526670969653 3.72193943360152 5728256 1000
1453204302156 220109 51.0526672298002 3.72190619256003 7057408 1000
1453204303156 221109 51.052654005009 3.72189316886842 6795264 1000
1453204304157 222110 51.0526362495012 3.72188052865828 5662720 1001
1453204305157 223110 51.0526087824556 3.72186600430046 4468736 1000
1453204306156 224109 51.0525475345004 3.72184285704526 5120000 999
1453204307156 225109 51.052507350408 3.72180641963891 6748160 1000
1453204308156 226109 51.052434498518 3.72177372722591 7049216 1000
1453204309156 227109 51.0523929432368 3.72173570138948 5894144 1000
1453204310156 228109 51.0523525710489 3.72170877372632 4145152 1000
1453204311157 229110 51.0523179744768 3.72168077903108 5148672 1001
1453204312156 230109 51.0522574886064 3.72166043647608 6948864 999
1453204313156 231109 51.0522294112699 3.72163799616926 6549504 1000
1453204314156 232109 51.0522059788365 3.72161471259943 5818368 1000
1453204315156 233109 51.0521838654342 3.72159297558463 5345280 1000
1453204316156 234109 51.0521612142143 3.72157340380891 5017600 1000
1453204317156 235109 51.0521377422732 3.72155562099463 6754304 1000
1453204318156 236109 51.0521007321795 3.72153275059417 5709824 1000
1453204319157 237110 51.0520650520983 3.72151718203459 6588416 1001
1453204320156 238109 51.0520313108729 3.72150174679115 3518464 999
1453204321156 239109 51.0519601040213 3.72149957769665 4392960 1000
1453204322156 240109 51.0519268965367 3.72147342658882 6684672 1000
1453204323156 241109 51.0518862356679 3.72145624569616 6813696 1000
1453204324156 242109 51.051842582202 3.72144805957598 6647808 1000
1453204325156 243109 51.051797628217 3.7214484652707 3690496 1000
1453204326157 244110 51.0517562053878 3.721447017057 4450304 1001
1453204327157 245110 51.051687135506 3.72144983884712 6727680 1000
1453204328156 246109 51.0516457922716 3.72142901344928 6516736 999
1453204329157 247110 51.051606253081 3.72139907449937 6549504 1001
1453204330156 248109 51.0515548898261 3.72137755132729 3835904 999
1453204331156 249109 51.0514571817924 3.72137197670455 4780032 1000
1453204332156 250109 51.0513926383266 3.72133738647379 7041024 1000
1453204333156 251109 51.0513312949313 3.72131340907477 7016448 1000
1453204334156 252109 51.0512896699767 3.72131001713451 4401504 1000
1453204335156 253109 51.05124096981 3.72131234075593 1675380 1000
1453204336156 254109 51.051194481754 3.721311147054 1310720 1000
1453204337156 255109 51.0511474219774 3.72130227690339 6875136 1000
1453204338156 256109 51.0511057245272 3.72129812420659 6987776 1000
1453204339157 257110 51.0510481002996 3.72129822285386 6576128 1001
1453204340156 258109 51.0509909506454 3.72129487056076 4212736 999
1453204341156 259109 51.0509909506454 3.72129487056076 5308416 1000
1453204342156 260109 51.0509386402453 3.72130316897939 6828032 1000
1453204343156 261109 51.0509386402453 3.72130316897939 7309312 1000
1453204344156 262109 51.0509217287191 3.72132009223245 6903808 1000
1453204345156 263109 51.0509217287191 3.72132009223245 4665344 1000
1453204346156 264109 51.0509008179839 3.72133763035854 3182592 1000
1453204347156 265109 51.0509008179839 3.72133763035854 6721536 1000
1453204348156 266109 51.0508783660703 3.72134354294002 6774784 1000
1453204349156 267109 51.0508783660703 3.72134354294002 6672384 1000
1453204350157 268110 51.0508783660703 3.72134354294002 4012032 1001
1453204351157 269110 51.0508783660703 3.72134354294002 4593664 1000
1453204352156 270109 51.0508783660703 3.72134354294002 7086080 999
1453204353157 271110 51.0508783660703 3.72134354294002 7462912 1001
1453204354156 272109 51.0508783660703 3.72134354294002 7065600 999
1453204355156 273109 51.0508783660703 3.72134354294002 5720064 1000
1453204356156 274109 51.0508783660703 3.72134354294002 4110336 1000
1453204357156 275109 51.0508783660703 3.72134354294002 4657152 1000
1453204358156 276109 51.0508783660703 3.72134354294002 6852608 1000
1453204359156 277109 51.0508783660703 3.72134354294002 6934528 1000
1453204360156 278109 51.0508783660703 3.72134354294002 5230592 1000
1453204361157 279110 51.0508783660703 3.72134354294002 3727360 1001
1453204362157 280110 51.0508783660703 3.72134354294002 5640192 1000
1453204363157 281110 51.0508783660703 3.72134354294002 7335936 1000
1453204364157 282110 51.0508783660703 3.72134354294002 6955008 1000
1453204365157 283110 51.0508783660703 3.72134354294002 5541888 1000
1453204366157 284110 51.0508783660703 3.72134354294002 4407296 1000
1453204367156 285109 51.0508783660703 3.72134354294002 5525504 999
1453204368156 286109 51.0508783660703 3.72134354294002 6848512 1000
1453204369156 287109 51.0508783660703 3.72134354294002 6619136 1000
1453204370157 288110 51.0508783660703 3.72134354294002 6475776 1001
1453204371157 289110 51.0508783660703 3.72134354294002 3866624 1000
1453204372156 290109 51.0508783660703 3.72134354294002 4923392 999
1453204373156 291109 51.0508783660703 3.72134354294002 6383616 1000
1453204374156 292109 51.0508615465641 3.72132319431809 6746112 1000
1453204375156 293109 51.0508430989728 3.72130272966429 6658048 1000
1453204376157 294110 51.0507940423839 3.72125259043714 4141056 1001
1453204377156 295109 51.0507285976325 3.72123163777262 4268032 999
1453204378157 296110 51.0506708312854 3.72121451645892 6744496 1001
1453204379156 297109 51.0506128719783 3.72119512200664 3671112 999
1453204380156 298109 51.0505666737687 3.72118834438299 3155020 1000
1453204381157 299110 51.0504930619581 3.7212107578691 3833964 1001
1453204382156 300109 51.050450482908 3.72119926869476 7147520 999
1453204383156 301109 51.0504079790512 3.72119342584897 6562864 1000
1453204384157 302110 51.0503705672374 3.72119059269194 6946780 1001
1453204385157 303110 51.0503314888912 3.7211899859521 5937876 1000
1453204386156 304109 51.0503314888912 3.7211899859521 3309568 999
1453204387157 305110 51.0502479487156 3.72120244228299 1155072 1001
1453204388156 306109 51.050198423042 3.72120178598411 6967296 999
1453204389157 307110 51.0501339215377 3.72120328457782 5554964 1001
1453204390156 308109 51.0501339215377 3.72120328457782 1196560 999
1453204391156 309109 51.0500695835401 3.72120852016057 4864716 1000
1453204392156 310109 51.0499278249724 3.72118828935558 6075152 1000
1453204393156 311109 51.0498353632007 3.72117258624188 5966508 1000
1453204394156 312109 51.0497498089365 3.72115897695835 6427504 1000
1453204395157 313110 51.0496687519056 3.7211458709366 5186492 1001
1453204396156 314109 51.0495989133253 3.72114236620926 3389440 999
1453204397156 315109 51.0495216270984 3.72114452405468 5615616 1000
1453204398156 316109 51.0494431762862 3.72114345148484 7301120 1000
1453204399156 317109 51.049349485382 3.72117588314499 5449568 1000
1453204400157 318110 51.0492715991004 3.72118680625981 5888388 1001
1453204401156 319109 51.0491990544775 3.72119524532472 2723840 999
1453204402156 320109 51.0491183554844 3.72116741348579 5734400 1000
1453204403156 321109 51.0490460177641 3.72115701778261 7278592 1000
1453204404156 322109 51.0489947497768 3.72117830690023 7053312 1000
1453204405157 323110 51.0489384550157 3.72120425999148 6750208 1001
1453204406156 324109 51.0488811899254 3.72122163226439 4141056 999
1453204407156 325109 51.0488244975439 3.72123644857063 3538944 1000
1453204408157 326110 51.0487709152031 3.72125256987387 5689344 1001
1453204409157 327110 51.0487297900274 3.7212690165884 4368384 1000
1453204410156 328109 51.048697166123 3.72128365574817 5015552 999
1453204411156 329109 51.0486709573589 3.72130433392153 4435968 1000
1453204412156 330109 51.0486518146909 3.72132048298899 5447680 1000
1453204413156 331109 51.0486371505897 3.72133420732757 6656000 1000
1453204414156 332109 51.0486286199836 3.72133978565073 5472848 1000
1453204415156 333109 51.0486286199836 3.72133978565073 4436968 1000
1453204416156 334109 51.0486286199836 3.72133978565073 3875088 1000
1453204417157 335110 51.0485959176326 3.72133332567658 4930048 1001
1453204418157 336110 51.0485767325537 3.72132844497234 3872908 1000
1453204419156 337109 51.0485522654417 3.72133131742752 3591616 999
1453204420157 338110 51.0485522654417 3.72133131742752 3816188 1001
1453204421156 339109 51.0484963794351 3.72134427983408 2843476 999
1453204422157 340110 51.0484963794351 3.72134427983408 3626924 1001
1453204423156 341109 51.0484676265078 3.72135455706359 3258116 999
1453204424156 342109 51.0484376107467 3.72135819689168 3083120 1000
1453204425157 343110 51.0484061082842 3.72137045954691 4709856 1001
1453204426157 344110 51.048382811991 3.72138223724111 3432528 1000
1453204427159 345112 51.0483667720282 3.7213917869678 5447600 1002
1453204428156 346109 51.0483667720282 3.7213917869678 5174580 997
1453204429156 347109 51.0483667720282 3.7213917869678 5327296 1000
1453204430157 348110 51.0483633019545 3.72141038394986 5276072 1001
1453204431156 349109 51.0483633019545 3.72141038394986 831488 999
1453204432156 350109 51.0483633019545 3.72141038394986 3276800 1000
1453204433157 351110 51.0483633019545 3.72141038394986 6131712 1001
1453204434156 352109 51.0483638978314 3.7214261980949 7096320 999
1453204435157 353110 51.0483638978314 3.7214261980949 6740184 1001
1453204436156 354109 51.0483638978314 3.7214261980949 3760128 999
1453204437156 355109 51.0483638978314 3.7214261980949 5062656 1000
1453204438157 356110 51.0483638978314 3.7214261980949 4361776 1001
1453204439156 357109 51.0483638978314 3.7214261980949 5059088 999
1453204440156 358109 51.0483638978314 3.7214261980949 4468076 1000
1453204441156 359109 51.0483638978314 3.7214261980949 4301416 1000
1453204442156 360109 51.0483638978314 3.7214261980949 4595712 1000
1453204443157 361110 51.0483638978314 3.7214261980949 5540600 1001
1453204444156 362109 51.0483638978314 3.7214261980949 4489808 999
1453204445157 363110 51.0483509046173 3.72144031269706 4311488 1001
1453204446156 364109 51.0483365439527 3.72145120365749 3770356 999
1453204447157 365110 51.0483181087316 3.72145460140812 3480588 1001
1453204448156 366109 51.0482950213043 3.72145544978646 3316028 999
1453204449156 367109 51.048265522835 3.7214586342073 3106208 1000
1453204450156 368109 51.0482229018718 3.72147600363654 3936600 1000
1453204451157 369110 51.0481807826258 3.72149885099427 3678640 1001
1453204452156 370109 51.0481288557223 3.7215304962381 4190892 999
1453204453156 371109 51.0479803197432 3.72160552146351 2947368 1000
1453204454156 372109 51.0479803197432 3.72160552146351 3594324 1000
1453204455157 373110 51.0478977698905 3.72163834061811 5225584 1001
1453204456156 374109 51.0478220658357 3.72165917832282 3661484 999
1453204457157 375110 51.0477527617392 3.72168835724881 5663332 1001
1453204458156 376109 51.0476877624819 3.72171062975792 4788912 999
1453204459156 377109 51.0476075927495 3.72173454459543 4868432 1000
1453204460157 378110 51.0475391854911 3.72173479891784 4974964 1001
1453204461157 379110 51.0474711055603 3.7217538094964 4566020 1000
1453204462156 380109 51.0473981111938 3.72180030471697 4313088 999
1453204463156 381109 51.0473292204756 3.72184025627875 6627328 1000
1453204464157 382110 51.0472608448022 3.72187030291929 6523196 1001
1453204465156 383109 51.0471934004822 3.72188708971037 5980760 999
1453204466156 384109 51.0471290080496 3.72189775180115 3497820 1000
1453204467156 385109 51.0470604872529 3.72190570054013 4300800 1000
1453204468156 386109 51.0469888303553 3.72192410495045 5545984 1000
1453204469156 387109 51.0469211484158 3.72194369750299 6959104 1000
1453204470156 388109 51.0468569201992 3.72196990170837 6746112 1000
1453204471157 389110 51.0468036774031 3.72202073232491 3722920 1001
1453204472156 390109 51.0467415236138 3.72206119079822 4628480 999
1453204473157 391110 51.0466891311232 3.72208980009059 5029872 1001
1453204474156 392109 51.0466453468715 3.72212095157877 5936004 999
1453204475156 393109 51.0466076409966 3.7221363255089 5778116 1000
1453204476156 394109 51.0465831033474 3.72214515753148 4677632 1000
1453204477156 395109 51.046572949588 3.72215379843746 3969024 1000
1453204478157 396110 51.046572949588 3.72215379843746 6952960 1001
1453204479157 397110 51.046572949588 3.72215379843746 6549504 1000
1453204480156 398109 51.0465900746994 3.72216221342425 6866944 999
1453204481156 399109 51.0465900746994 3.72216221342425 5036032 1000
1453204482156 400109 51.0466042886873 3.72215473754731 3837952 1000
1453204483156 401109 51.046617568302 3.72214105298353 7131136 1000
1453204484156 402109 51.0466299791959 3.7221296785026 1705188 1000
1453204485156 403109 51.0466347573952 3.72211731442147 2411936 1000
1453204486156 404109 51.0466347573952 3.72211731442147 3631336 1000
1453204487157 405110 51.0466307781563 3.72210405792569 3175000 1001
1453204488156 406109 51.0466307781563 3.72210405792569 5830836 999
1453204489157 407110 51.0466307781563 3.72210405792569 4912724 1001
1453204490156 408109 51.0466307781563 3.72210405792569 4017040 999
1453204491156 409109 51.0466307781563 3.72210405792569 2808912 1000
1453204492156 410109 51.0466307781563 3.72210405792569 4767744 1000
1453204493156 411109 51.0466307781563 3.72210405792569 7008256 1000
1453204494156 412109 51.0466307781563 3.72210405792569 5946472 1000
1453204495157 413110 51.0466307781563 3.72210405792569 5716764 1001
1453204496157 414110 51.0466023544561 3.72210595650179 5376816 1000
1453204497157 415110 51.0465675185724 3.72210540865262 4374528 1000
1453204498156 416109 51.0465192528296 3.72211489270391 5111808 999
1453204499156 417109 51.0464762086451 3.72209636809146 6435356 1000
1453204500156 418109 51.0464517822594 3.72204352853765 3453576 1000
1453204501157 419110 51.046417621339 3.72204189378122 2516304 1001
1453204502156 420109 51.046369575613 3.72204810249169 1434036 999
1453204503156 421109 51.046326827756 3.7220763076965 4941068 1000
1453204504156 422109 51.0462888972504 3.72210034056774 5189312 1000
1453204505157 423110 51.0462507689445 3.72211130421217 6348412 1001
1453204506156 424109 51.0462108985985 3.72211344929412 5087900 999
1453204507156 425109 51.0461799472325 3.72209259962341 4786176 1000
1453204508156 426109 51.0461513274813 3.72208541034989 5849088 1000
1453204509156 427109 51.0461124290162 3.72208555488156 6647808 1000
1453204510157 428110 51.0460585930428 3.72209407022516 7057408 1001
1453204511156 429109 51.045993646759 3.72210519902271 6119424 999
1453204512156 430109 51.0459229898722 3.72211588703467 3342336 1000
1453204513156 431109 51.045834883609 3.72212931802 5189632 1000
1453204514157 432110 51.0457452382555 3.72213771565391 6850560 1001
1453204515156 433109 51.0456612742737 3.72214909901152 7274496 999
1453204516156 434109 51.0455760595286 3.72215629686599 5851136 1000
1453204517156 435109 51.0454936502076 3.72215532856757 4077568 1000
1453204518156 436109 51.0454135445952 3.72215183548955 5476352 1000
1453204519156 437109 51.0453338959018 3.72211794354321 6811648 1000
1453204520156 438109 51.0452561576236 3.72210677186593 6422528 1000
1453204521156 439109 51.0451779071884 3.7221002636723 6049792 1000
1453204522156 440109 51.0451779071884 3.7221002636723 4149248 1000
1453204523157 441110 51.0450281492545 3.72209804999378 5187584 1001
