1453112088291 710 51.0439242618753 3.72176451829395 994124 710
1453112089290 1709 51.0439362689772 3.72177013853214 3324168 999
1453112090290 2709 51.0439494401807 3.72177418586592 3206556 1000
1453112091291 3710 51.0439627448158 3.72179015196217 4475604 1001
1453112092290 4709 51.0439825145203 3.72180683568389 7700480 999
1453112093290 5709 51.0440066004766 3.72182667356693 7064792 1000
1453112094290 6709 51.0440306397232 3.72184226128444 4889048 1000
1453112095290 7709 51.0440493750218 3.72185012680772 7208960 1000
1453112096290 8709 51.0440493750218 3.72185012680772 5147004 1000
1453112097291 9710 51.0440707098168 3.72185600699402 3004416 1001
1453112098290 10709 51.044106122776 3.72186838662739 7620608 999
1453112099290 11709 51.0441196639025 3.72186817342762 7542784 1000
1453112100290 12709 51.0441351969736 3.72187219735647 6080432 1000
1453112101291 13710 51.0441351969736 3.72187219735647 4889432 1001
1453112102291 14710 51.044150253469 3.72188126029007 3450880 1000
1453112103290 15709 51.0441806890109 3.72189984115324 7643136 999
1453112104290 16709 51.0441974119986 3.72190434365376 5283544 1000
1453112105290 17709 51.0442210212569 3.72189176785183 5594228 1000
1453112106291 18710 51.0442210212569 3.72189176785183 4577640 1001
1453112107290 19709 51.0442483818543 3.72187924190713 3649536 999
1453112108290 20709 51.0442928610747 3.72188679574239 4928888 1000
1453112109290 21709 51.0443094188046 3.72189177421419 4766216 1000
1453112110290 22709 51.0443243623512 3.72189671719613 4389088 1000
1453112111290 23709 51.0443366192203 3.72189717412963 3561192 1000
1453112112290 24709 51.0443482795013 3.72190168652447 3806976 1000
1453112113290 25709 51.0443607133132 3.72191023687081 5790316 1000
1453112114291 26710 51.0443753515501 3.72190132332241 7363624 1001
1453112115290 27709 51.0443890814588 3.72189306160289 6267216 999
1453112116291 28710 51.0444011370169 3.72188774316986 4860400 1001
1453112117291 29710 51.0444111911641 3.72188195472198 3870720 1000
1453112118290 30709 51.0444203111705 3.72187561293304 6361088 999
1453112119290 31709 51.0444338525534 3.72187465509196 6934528 1000
1453112120291 32710 51.0444485871084 3.72185847245324 6167772 1001
1453112121291 33710 51.0444485871084 3.72185847245324 3687580 1000
1453112122290 34709 51.0444485871084 3.72185847245324 1568768 999
1453112123290 35709 51.044461895157 3.72185383568125 4399104 1000
1453112124291 36710 51.0445180894337 3.72184996689288 3795880 1001
1453112125290 37709 51.0445361142651 3.72185116583933 2830332 999
1453112126290 38709 51.044552903318 3.72184872331791 3099532 1000
1453112127291 39710 51.0445692154121 3.72185223411589 5127180 1001
1453112128290 40709 51.0445830377952 3.72186467616619 4930728 999
1453112129290 41709 51.0445953442582 3.72188803781062 5893816 1000
1453112130290 42709 51.0446064489315 3.72189772069087 5960804 1000
1453112131290 43709 51.0446180339572 3.72189989289543 4896360 1000
1453112132290 44709 51.0446275585363 3.72190760691845 2519040 1000
1453112133290 45709 51.0446426512399 3.7219134663948 7122944 1000
1453112134290 46709 51.0446566364171 3.72191304219625 7292928 1000
1453112135290 47709 51.0446676371753 3.72191801711391 7206912 1000
1453112136291 48710 51.0446774799042 3.72193195611957 7187864 1001
1453112137290 49709 51.0446952767825 3.72194804815753 6138092 999
1453112138290 50709 51.044718780508 3.7219537809025 7137660 1000
1453112139290 51709 51.0447364959085 3.72195910999516 6859636 1000
1453112140290 52709 51.0447597208538 3.72195949614619 5288540 1000
1453112141291 53710 51.0447813757099 3.72196137167392 5623856 1001
1453112142290 54709 51.0447988678901 3.72196971656805 6109136 999
1453112143290 55709 51.0448137642047 3.72198052876535 6881540 1000
1453112144290 56709 51.0448266698304 3.72198407366326 6972220 1000
1453112145290 57709 51.0448412036634 3.7219814537625 7827524 1000
1453112146290 58709 51.0448412036634 3.7219814537625 7338460 1000
1453112147291 59710 51.0448561650465 3.72197330291085 7745608 1001
1453112148290 60709 51.0448848235977 3.72197113241363 8349512 999
1453112149290 61709 51.0449006267233 3.72196510543453 9218080 1000
1453112150290 62709 51.0449176498995 3.72195857868662 7646284 1000
1453112151290 63709 51.0449332532936 3.7219586430583 7161856 1000
1453112152290 64709 51.04494755692 3.72195910631065 2816000 1000
1453112153290 65709 51.0449622609193 3.72196479602145 3256320 1000
1453112154290 66709 51.0449793409196 3.72197065945633 6782976 1000
1453112155290 67709 51.0449978751448 3.72197406818873 7434240 1000
1453112156290 68709 51.0450166957305 3.72197737598256 6914048 1000
1453112157290 69709 51.0450337252692 3.72197576576581 3379200 1000
1453112158290 70709 51.0450492156418 3.72197544233498 5691392 1000
1453112159290 71709 51.0450644741631 3.7219819292095 6078464 1000
1453112160291 72710 51.0450777556596 3.72199025048711 7165952 1001
1453112161290 73709 51.0450880676244 3.72199571849196 7348224 999
1453112162291 74710 51.0450985553452 3.72200347698003 3944448 1001
1453112163291 75710 51.0451063397832 3.72201552148645 5550080 1000
1453112164290 76709 51.0451223431769 3.72202021045157 7516160 999
1453112165291 77710 51.0451406686332 3.72202683518281 8036352 1001
1453112166290 78709 51.0451554268679 3.72202971009828 7241728 999
1453112167290 79709 51.0451739032137 3.72203166654726 3837952 1000
1453112168290 80709 51.0451969175197 3.72203058741733 3829760 1000
1453112169290 81709 51.0452161106779 3.72202682788284 7254016 1000
1453112170291 82710 51.0452310397015 3.72202543124 7469056 1001
1453112171290 83709 51.0452477797695 3.7220260969012 7870464 999
1453112172290 84709 51.0452635760132 3.72202963354275 3391488 1000
1453112173291 85710 51.045278268559 3.72203122330994 5007360 1001
1453112174290 86709 51.0452892312922 3.72203089683759 7098368 999
1453112175290 87709 51.0453026482199 3.72203481475012 7647232 1000
1453112176290 88709 51.0453133786041 3.72203276663715 7712768 1000
1453112177290 89709 51.0453133786041 3.72203276663715 4044800 1000
1453112178291 90710 51.0453242670408 3.72203029259832 4925440 1001
1453112179290 91709 51.0453502005333 3.72204048023605 7221248 999
1453112180290 92709 51.0453647058002 3.72204073777375 7675904 1000
1453112181290 93709 51.0453811966729 3.72204179662911 7221248 1000
1453112182290 94709 51.0453811966729 3.72204179662911 3809280 1000
1453112183290 95709 51.0453947311431 3.72204466259726 4313088 1000
1453112184290 96709 51.0454164477834 3.72204341400201 6713344 1000
1453112185290 97709 51.0454304847662 3.72204135234799 7274496 1000
1453112186290 98709 51.0454468757547 3.7220397614987 6928384 1000
1453112187290 99709 51.0454468757547 3.7220397614987 4620288 1000
1453112188290 100709 51.0454468757547 3.7220397614987 1708032 1000
1453112189290 101709 51.0454599365259 3.72204127357043 1402880 1000
1453112190290 102709 51.0455080233267 3.72205750222754 6592512 1000
1453112191290 103709 51.0455299199929 3.72205665973382 7462912 1000
1453112192291 104710 51.0455521717631 3.72205280241955 2285568 1001
1453112193290 105709 51.0455727466829 3.72204479728786 3973120 999
1453112194290 106709 51.0455902774962 3.72203611985535 7038976 1000
1453112195291 107710 51.0456072269768 3.72203431716973 7041024 1001
1453112196291 108710 51.0456264394634 3.72203108885951 7102464 1000
1453112197291 109710 51.0456454714504 3.72203323900091 4319232 1000
1453112198290 110709 51.0456646346437 3.72203811886928 4040704 999
1453112199290 111709 51.0456800116634 3.72203947380672 6844416 1000
1453112200290 112709 51.045695027281 3.72204214032843 6830080 1000
1453112201290 113709 51.0457095472464 3.72204658037622 7047168 1000
1453112202290 114709 51.0457243226385 3.72204956598162 3661824 1000
1453112203291 115710 51.045740169051 3.72205175676165 4390912 1001
1453112204290 116709 51.0457573146688 3.72205506975827 6868992 999
1453112205290 117709 51.0457720172149 3.72205914125784 7069696 1000
1453112206291 118710 51.0457851485624 3.72206413846336 7258112 1001
1453112207291 119710 51.0457851485624 3.72206413846336 4634624 1000
1453112208290 120709 51.0457994491501 3.72206664609864 3358720 999
1453112209291 121710 51.0458328430969 3.72207673628698 6819840 1001
1453112210291 122710 51.0458494481463 3.72208070894257 7139328 1000
1453112211290 123709 51.0458666492766 3.72208345708235 6961152 999
1453112212290 124709 51.0458811687218 3.72208915556111 4923392 1000
1453112213290 125709 51.0458965806948 3.72209420730613 3319808 1000
1453112214290 126709 51.0459131226663 3.72209678375605 6629376 1000
1453112215291 127710 51.0459277034067 3.72209588782784 6623232 1001
1453112216290 128709 51.0459417793909 3.72209518570792 6987776 999
1453112217290 129709 51.0459417793909 3.72209518570792 5437440 1000
1453112218290 130709 51.0459549101984 3.72209792591146 3301376 1000
1453112219290 131709 51.0459815892757 3.72209591866726 7311360 1000
1453112220290 132709 51.0460058324675 3.7220814207717 6457840 1000
1453112221291 133710 51.0460282665067 3.72206979907991 4475204 1001
1453112222291 134710 51.0460482380193 3.72205662892251 3548036 1000
1453112223291 135710 51.0460649062678 3.72204870860077 4067328 1000
1453112224291 136710 51.046078662746 3.7220479464833 4861904 1000
1453112225291 137710 51.0460910232526 3.72205394745961 4946200 1000
1453112226290 138709 51.0461002417267 3.72207809469079 5034780 999
1453112227290 139709 51.0461017738714 3.72210564324271 4136712 1000
1453112228290 140709 51.0460943826061 3.72213366105417 4558848 1000
1453112229290 141709 51.0460910001797 3.72216021595756 7288832 1000
1453112230290 142709 51.0460932668736 3.72218171751208 7524352 1000
1453112231290 143709 51.0460966900713 3.72219732540209 7225344 1000
1453112232290 144709 51.046103871433 3.72221216991165 5419008 1000
1453112233290 145709 51.046103871433 3.72221216991165 3186688 1000
1453112234290 146709 51.0461113367339 3.7222260566364 6705152 1000
1453112235290 147709 51.0461171302511 3.72223889105246 6938624 1000
1453112236290 148709 51.0461326755328 3.7222662304624 7075840 1000
1453112237290 149709 51.0461386853769 3.72229795503637 4849664 1000
1453112238291 150710 51.0461415965051 3.72232987502697 4124672 1001
1453112239291 151710 51.0461418790746 3.72236851124349 6148096 1000
1453112240290 152709 51.0461432369864 3.72240932488336 7077888 999
1453112241290 153709 51.0461468321907 3.72244867668262 7323648 1000
1453112242291 154710 51.0461468321907 3.72244867668262 5535744 1001
1453112243290 155709 51.0461455611752 3.72248215628852 3379200 999
1453112244290 156709 51.0461455611752 3.72248215628852 6113280 1000
1453112245290 157709 51.0461469051741 3.72257349721453 6971392 1000
1453112246290 158709 51.0461484313357 3.72261089359867 7151616 1000
1453112247290 159709 51.0461484313357 3.72261089359867 5857280 1000
1453112248291 160710 51.0461474724778 3.72264181753406 3518464 1001
1453112249290 161709 51.0461422847592 3.72269906144234 5763072 999
1453112250291 162710 51.0461348276255 3.72273141339793 7163904 1001
1453112251290 163709 51.0461289247689 3.72276507398145 6811648 999
1453112252291 164710 51.0461248775916 3.72278995397855 6244352 1001
1453112253291 165710 51.0461206093794 3.72281728404126 3235840 1000
1453112254290 166709 51.046120098581 3.72284460932808 5255168 999
1453112255291 167710 51.0461207403374 3.7228739983674 6844416 1001
1453112256290 168709 51.0461201655609 3.72290113921182 7028736 999
1453112257291 169710 51.046119139994 3.72293117440656 4599808 1001
1453112258290 170709 51.0461186148607 3.72295777672911 3606528 999
1453112259291 171710 51.0461197492439 3.72298260221497 6746112 1001
1453112260290 172709 51.0461204032286 3.72300647810285 6787072 999
1453112261290 173709 51.0461211994335 3.72303243864767 6676480 1000
1453112262290 174709 51.0461239281319 3.7230601461082 5607424 1000
1453112263291 175710 51.046125780973 3.72308607062692 4538368 1001
1453112264290 176709 51.04612982204 3.72311304291008 4818944 999
1453112265290 177709 51.0461342842978 3.72314203612649 6942720 1000
1453112266290 178709 51.0461333762775 3.72317525375376 7118848 1000
1453112267290 179709 51.0461328341696 3.72320675071572 5937152 1000
1453112268291 180710 51.046131274271 3.72323244280071 3459072 1001
1453112269290 181709 51.0461314637304 3.7232582618495 5853184 999
1453112270291 182710 51.0461277381451 3.72328193903084 6603400 1001
1453112271290 183709 51.0461258074969 3.72330740659688 5242320 999
1453112272290 184709 51.0461256659777 3.72333254831585 4362768 1000
1453112273290 185709 51.046124812823 3.72335689179545 3145728 1000
1453112274291 186710 51.0461228810592 3.72338049541699 7284736 1001
1453112275291 187710 51.0461243822749 3.72340396907059 4715828 1000
1453112276290 188709 51.0461256495486 3.72342813063848 909280 999
1453112277291 189710 51.0461256495486 3.72342813063848 6465536 1001
1453112278291 190710 51.0461288715287 3.72345107897311 2955264 1000
1453112279291 191710 51.0461288715287 3.72345107897311 6095560 1000
1453112280290 192709 51.0461416959976 3.72352629571846 2191268 999
1453112281290 193709 51.046145501725 3.72355280650451 5449636 1000
1453112282290 194709 51.0461505641269 3.72357860830974 3806596 1000
1453112283291 195710 51.0461565521612 3.72360763663934 3610644 1001
1453112284290 196709 51.0461622812767 3.72363875434631 4024404 999
1453112285290 197709 51.0461670376057 3.72366673567585 3862148 1000
1453112286290 198709 51.0461721926923 3.72368928510408 4033112 1000
1453112287290 199709 51.0461713395087 3.72371174976532 3472384 1000
1453112288290 200709 51.0461659520812 3.72373667564252 3737600 1000
1453112289290 201709 51.0461720827199 3.72376405770331 7059456 1000
1453112290290 202709 51.0461703193756 3.72378627670376 6717440 1000
1453112291290 203709 51.0461624681208 3.72381424203905 6975488 1000
1453112292290 204709 51.0461547933146 3.72384392036215 6729512 1000
1453112293290 205709 51.046152732006 3.7238685894111 4096000 1000
1453112294291 206710 51.046154671124 3.723892725224 4489216 1001
1453112295291 207710 51.0461555579282 3.72391714539847 6975488 1000
1453112296291 208710 51.0461551185219 3.72394756361792 7268352 1000
1453112297290 209709 51.0461511348346 3.72397534865391 7262208 999
1453112298291 210710 51.0461493910953 3.72400409208807 3985408 1001
1453112299290 211709 51.0461514035326 3.72403387725538 4333568 999
1453112300290 212709 51.0461490200382 3.72406059913795 4475876 1000
1453112301290 213709 51.0461482728613 3.72408784900437 4015564 1000
1453112302290 214709 51.0461482728613 3.72408784900437 3038660 1000
1453112303290 215709 51.0461398894553 3.72411175481966 2693920 1000
1453112304290 216709 51.0461398894553 3.72411175481966 3935512 1000
1453112305290 217709 51.0461169855296 3.72419492659304 3951012 1000
1453112306290 218709 51.0461139688391 3.72421082005238 2752484 1000
1453112307291 219710 51.0461139688391 3.72421082005238 1329128 1001
1453112308291 220710 51.0461130408471 3.72423360801886 3448832 1000
1453112309290 221709 51.046109223721 3.72426096243971 4812280 999
1453112310290 222709 51.0461028378458 3.72429015179094 6447616 1000
1453112311290 223709 51.0460980192646 3.72431845425446 5116000 1000
1453112312290 224709 51.04609510392 3.72434632603122 5655184 1000
1453112313290 225709 51.0460881333359 3.72437212901484 2048000 1000
1453112314291 226710 51.0460849920846 3.72440047521567 2119680 1001
1453112315290 227709 51.0460907962198 3.72442986286033 7161856 999
1453112316290 228709 51.046091823966 3.72445630270284 7610368 1000
1453112317290 229709 51.0460957207224 3.72448335144801 7520256 1000
1453112318290 230709 51.0461037585269 3.72450888441536 2994176 1000
1453112319290 231709 51.0461116032509 3.72453459853794 6524928 1000
1453112320290 232709 51.046115831177 3.72455916846921 7069696 1000
1453112321290 233709 51.046115831177 3.72455916846921 7559168 1000
1453112322290 234709 51.046115831177 3.72455916846921 7223752 1000
1453112323291 235710 51.0461172367041 3.724587597924 3104144 1001
1453112324290 236709 51.0461164782883 3.72461129677115 4902912 999
1453112325290 237709 51.0461125590455 3.72463658235987 5264004 1000
1453112326290 238709 51.0461162526939 3.72466973340169 4362908 1000
1453112327291 239710 51.0461153363785 3.72470061265103 4120472 1001
1453112328291 240710 51.0461166454199 3.72472812049208 2764992 1000
1453112329290 241709 51.0461164487305 3.72475950714009 6353968 999
1453112330290 242709 51.0461113491125 3.72478272017919 4921108 1000
1453112331290 243709 51.0461027957187 3.72480671508437 4844064 1000
1453112332290 244709 51.046101497143 3.72483592006069 4836208 1000
1453112333290 245709 51.0460978884526 3.72486227321319 3566036 1000
1453112334290 246709 51.0461006166128 3.72488961512042 5447680 1000
1453112335290 247709 51.0460948696418 3.72490624724534 7551856 1000
1453112336290 248709 51.0460943595546 3.72492522778347 6276936 1000
1453112337290 249709 51.0460943595546 3.72492522778347 5985440 1000
1453112338290 250709 51.046098818819 3.7249496671231 3551232 1000
1453112339290 251709 51.0461009125954 3.72496833787449 4026368 1000
1453112340290 252709 51.0461030422865 3.72499216419395 6952960 1000
1453112341290 253709 51.0461063411409 3.72501579025705 8216576 1000
1453112342291 254710 51.0461105905655 3.72504078483557 5029472 1001
1453112343290 255709 51.046109748431 3.72506411299552 4544512 999
1453112344290 256709 51.0461103324321 3.7250885633676 4194304 1000
1453112345290 257709 51.0461125599429 3.72511562373359 6730196 1000
1453112346290 258709 51.0461133475074 3.72514053309543 4882456 1000
1453112347291 259710 51.0461141716571 3.72516822195037 4684896 1001
1453112348290 260709 51.0461261389825 3.72519987830854 3367268 999
1453112349291 261710 51.0461261389825 3.72519987830854 5218304 1001
1453112350291 262710 51.0461471417823 3.72525477611603 5070892 1000
1453112351290 263709 51.0461492239081 3.72527672937431 4623380 999
1453112352291 264710 51.046149548397 3.72530068263546 5265932 1001
1453112353290 265709 51.046149865354 3.72532488902507 3852288 999
1453112354290 266709 51.046149865354 3.72532488902507 4911104 1000
1453112355291 267710 51.046149865354 3.72532488902507 7475940 1001
1453112356291 268710 51.0461507467569 3.72539448219226 5011044 1000
1453112357290 269709 51.0461499132158 3.72541873456874 5982292 999
1453112358290 270709 51.046148407971 3.72544253630093 4435400 1000
1453112359291 271710 51.0461461432555 3.72546456678763 2336768 1001
1453112360291 272710 51.046146181661 3.72548806466946 2895872 1000
1453112361291 273710 51.0461453988849 3.72550991871065 5216256 1000
1453112362290 274709 51.0461443433839 3.72553525994368 6782976 999
1453112363290 275709 51.0461437996301 3.72555938583268 3411968 1000
1453112364291 276710 51.0461450374514 3.72558587146454 5621760 1001
1453112365290 277709 51.0461482356842 3.72561282277546 4229120 999
1453112366290 278709 51.0461505735282 3.72564145861995 7051264 1000
1453112367290 279709 51.0461502076742 3.72566602652674 6545408 1000
1453112368290 280709 51.0461470338774 3.72568957161402 3168256 1000
1453112369290 281709 51.0461420881361 3.72571237855374 4558848 1000
1453112370290 282709 51.0461401188072 3.72573614830833 7284736 1000
1453112371290 283709 51.0461458617747 3.72576169951773 6400732 1000
1453112372290 284709 51.046150691741 3.72578900025383 4242596 1000
1453112373290 285709 51.0461560157701 3.72580963545337 3747232 1000
1453112374291 286710 51.0461628849547 3.72583132538575 2389356 1001
1453112375290 287709 51.0461689704872 3.72585347324799 4485120 999
1453112376290 288709 51.0461726933777 3.72587865503785 5676104 1000
1453112377290 289709 51.0461741676067 3.72590330096037 3070744 1000
1453112378290 290709 51.0461762356688 3.72592614545734 1722288 1000
1453112379291 291710 51.0461779226964 3.7259548294304 5988352 1001
1453112380291 292710 51.0461800738497 3.72598168650967 5980556 1000
1453112381290 293709 51.0461779944333 3.72600639630828 4224372 999
1453112382291 294710 51.0461733446424 3.72603133055386 4085788 1001
1453112383290 295709 51.0461692581514 3.72605383062795 3716864 999
1453112384290 296709 51.046167705539 3.72607700568434 3842048 1000
1453112385290 297709 51.0461689781475 3.72609820712379 4935700 1000
1453112386290 298709 51.0461705162991 3.72611518599264 4759788 1000
1453112387290 299709 51.0461698970907 3.7261351624269 3964184 1000
1453112388290 300709 51.0461698970907 3.7261351624269 3658332 1000
1453112389290 301709 51.0461714242668 3.72615767807493 4644864 1000
1453112390290 302709 51.0461766384597 3.72620360074631 7122944 1000
1453112391290 303709 51.0461771815993 3.72622494168789 6312284 1000
1453112392290 304709 51.0461765091618 3.72624768199528 4793560 1000
1453112393290 305709 51.0461768715368 3.72627025282012 4627188 1000
1453112394290 306709 51.0461759087693 3.72629404887908 3411968 1000
1453112395291 307710 51.0461772747302 3.726319139957 6752256 1001
1453112396291 308710 51.0461757431551 3.72634257407428 7035224 1000
1453112397290 309709 51.0461723243784 3.72636299662625 5867660 999
1453112398291 310710 51.046169850137 3.72638581382966 4418984 1001
1453112399291 311710 51.0461672229205 3.72640617967499 3184640 1000
1453112400290 312709 51.0461667263006 3.72642918479836 5330944 999
1453112401291 313710 51.046163951488 3.72644916925515 7628800 1001
1453112402290 314709 51.0461605517684 3.7264697067278 5835268 999
1453112403291 315710 51.0461605517684 3.7264697067278 2457196 1001
1453112404290 316709 51.0461566351605 3.72649153105606 2623488 999
1453112405290 317709 51.0461503934325 3.72654067549579 7733248 1000
1453112406290 318709 51.0461515364618 3.72656567987095 6053168 1000
1453112407290 319709 51.0461511191746 3.72659236049682 3720640 1000
1453112408291 320710 51.0461511191746 3.72659236049682 4242308 1001
1453112409290 321709 51.0461516548442 3.72661230937935 3522560 999
1453112410290 322709 51.0461446384795 3.72665970034086 3232972 1000
1453112411290 323709 51.0461467252928 3.72668334246692 5777648 1000
1453112412290 324709 51.0461536639997 3.72670636080187 5665884 1000
1453112413290 325709 51.0461570241897 3.72675465501304 3570464 1000
1453112414290 326709 51.0461570241897 3.72675465501304 3743056 1000
1453112415291 327710 51.0461607449266 3.72677783424122 4936792 1001
1453112416290 328709 51.0461638111049 3.72679308707727 4722276 999
1453112417290 329709 51.0461772600857 3.72680133621662 4450060 1000
1453112418291 330710 51.0461772600857 3.72680133621662 2627528 1001
1453112419290 331709 51.0461772600857 3.72680133621662 4747264 999
1453112420291 332710 51.0461836107519 3.72681844861006 4028100 1001
1453112421290 333709 51.0461836107519 3.72681844861006 3829508 999
1453112422290 334709 51.0461970212126 3.7268354943632 2193896 1000
1453112423290 335709 51.0462113211602 3.72684012580733 2793528 1000
1453112424290 336709 51.0462113211602 3.72684012580733 3895896 1000
1453112425290 337709 51.0462113211602 3.72684012580733 2989840 1000
1453112426290 338709 51.0462229836414 3.72685188065032 4021108 1000
1453112427290 339709 51.0462229836414 3.72685188065032 3777952 1000
1453112428291 340710 51.0462092965964 3.72685771360774 3585208 1001
1453112429290 341709 51.0462072083514 3.72684370196387 3948556 999
1453112430290 342709 51.0462013857452 3.72682954895235 3232504 1000
1453112431290 343709 51.0462013857452 3.72682954895235 2814624 1000
1453112432290 344709 51.0462013857452 3.72682954895235 1225332 1000
1453112433290 345709 51.0462183659024 3.72682110860879 4503768 1000
1453112434291 346710 51.0462301370542 3.72682651188758 4264716 1001
1453112435290 347709 51.0462519674968 3.72683925668541 4290868 999
1453112436291 348710 51.046280265692 3.72686510611881 4026548 1001
1453112437290 349709 51.0463102664555 3.7268801665476 4146352 999
1453112438290 350709 51.0463250090702 3.72688877541241 4964936 1000
1453112439290 351709 51.0463380614511 3.72689243639453 3489792 1000
1453112440290 352709 51.0463523224735 3.72689576598453 6111232 1000
1453112441290 353709 51.0463696457027 3.72690333938413 7632896 1000
1453112442291 354710 51.0463913029669 3.72690276805397 7845888 1001
1453112443291 355710 51.0464155895316 3.72690561997312 5479492 1000
1453112444290 356709 51.04643827877 3.72690602305353 3571712 999
1453112445290 357709 51.0464642497308 3.72691219366892 5160960 1000
1453112446290 358709 51.0464945759609 3.72692662796882 6541312 1000
1453112447290 359709 51.0465170176843 3.72693625590382 7147520 1000
1453112448291 360710 51.0465385665661 3.72694756946135 7221248 1001
1453112449290 361709 51.0465553401837 3.72695915276019 3473408 999
1453112450290 362709 51.0465741910719 3.72697419620587 4841472 1000
1453112451290 363709 51.0465966734046 3.72698739453832 7112704 1000
1453112452290 364709 51.0466143783831 3.72699550786574 7358464 1000
1453112453290 365709 51.0466310341198 3.72700133903395 6918152 1000
1453112454290 366709 51.0466473990985 3.72700551749373 2506752 1000
1453112455290 367709 51.0466632822296 3.72700520900815 5914624 1000
1453112456290 368709 51.0466778097734 3.72700978784187 7331840 1000
1453112457290 369709 51.0466944063924 3.72701277395412 7385088 1000
1453112458290 370709 51.0467100868998 3.7270120256891 6923892 1000
1453112459291 371710 51.0467255010278 3.72701265129606 2320384 1001
1453112460290 372709 51.0467420024238 3.72701209658832 1402880 999
1453112461290 373709 51.0467571213701 3.72700937241183 4603904 1000
1453112462290 374709 51.0467704321133 3.72700598973699 6598656 1000
1453112463290 375709 51.0467835111637 3.72700205939204 7536640 1000
1453112464290 376709 51.0467835111637 3.72700205939204 4190208 1000
1453112465290 377709 51.0467944696941 3.72700361621784 6182912 1000
1453112466290 378709 51.0468206349629 3.72700584023668 6531072 1000
1453112467290 379709 51.0468349492139 3.72700824282228 3874816 1000
1453112468291 380710 51.0468471450844 3.72701004977441 3084288 1001
1453112469290 381709 51.0468471450844 3.72701004977441 4063232 999
1453112470291 382710 51.0468590620176 3.72701230893049 5128192 1001
1453112471290 383709 51.0468835812392 3.72701681823196 7319552 999
1453112472290 384709 51.0468965153198 3.72701892991184 4767460 1000
1453112473290 385709 51.0469066076584 3.72702104074992 4290348 1000
1453112474290 386709 51.0469184441872 3.72702361655132 3004060 1000
1453112475291 387710 51.0469312680223 3.72702650047386 5877760 1001
1453112476290 388709 51.0469312680223 3.72702650047386 4976656 999
1453112477291 389710 51.0469610045986 3.7270210603805 4462036 1001
1453112478290 390709 51.0469749081236 3.7270180342719 4437024 999
1453112479290 391709 51.0469885682604 3.72701705204143 3350344 1000
1453112480290 392709 51.0470044593768 3.72701962711207 5320224 1000
1453112481290 393709 51.0470202334543 3.72702057641601 4494384 1000
1453112482290 394709 51.047038150471 3.72701836840045 3777096 1000
1453112483290 395709 51.0470504533482 3.72702141505147 2209372 1000
1453112484290 396709 51.0470661334461 3.72702378497319 3136064 1000
1453112485290 397709 51.0470814621087 3.7270243408985 7153664 1000
1453112486290 398709 51.0470916568986 3.7270275833758 5913232 1000
1453112487290 399709 51.0471059601638 3.72703659705881 3523672 1000
1453112488290 400709 51.0471209373723 3.72703819419093 5133184 1000
1453112489291 401710 51.0471330930251 3.72704722956474 4308096 1001
1453112490290 402709 51.0471330930251 3.72704722956474 5246976 999
