1453208805644 102 51.0268946265143 3.7200440678771 0 102
1453208806644 1102 51.0268946265143 3.7200440678771 3517036 1000
1453208807645 2103 51.0268946265143 3.7200440678771 5339948 1001
1453208808644 3102 51.0269073417386 3.72003226106685 5833012 999
1453208809644 4102 51.0269300758592 3.72000559445404 6139416 1000
1453208810644 5102 51.0269633031936 3.7199656681237 7520256 1000
1453208811644 6102 51.0270095703534 3.71991124472032 8239744 1000
1453208812644 7102 51.0270623704728 3.71984575052612 7061864 1000
1453208813645 8103 51.0271242528625 3.71977303669349 7802880 1001
1453208814645 9103 51.0271242528625 3.71977303669349 6225664 1000
1453208815644 10102 51.0272502634976 3.71961614893618 6486392 999
1453208816644 11102 51.0273172881624 3.71953752031783 6296360 1000
1453208817645 12103 51.0273837591224 3.71946265359935 2531328 1001
1453208818644 13102 51.0274498318211 3.71938786233758 6096896 999
1453208819644 14102 51.027515319434 3.71930790686129 8328960 1000
1453208820644 15102 51.0275847897597 3.71922343966102 5823972 1000
1453208821644 16102 51.0276569597785 3.71913514503495 5325652 1000
1453208822645 17103 51.0277314289496 3.71904158487105 3627716 1001
1453208823644 18102 51.0278040377462 3.7189466911152 7133184 999
1453208824644 19102 51.0278789341135 3.71887664700722 7409812 1000
1453208825644 20102 51.0279502268114 3.71880120030667 6089412 1000
1453208826644 21102 51.0280110807539 3.71872925105158 6315888 1000
1453208827645 22103 51.0280661274779 3.71866533079582 3256320 1001
1453208828644 23102 51.0281150101887 3.7186074495758 5900288 999
1453208829644 24102 51.0281576683747 3.71856129240677 5957632 1000
1453208830645 25103 51.0281975072972 3.71852779636775 8929280 1001
1453208831644 26102 51.0282403971522 3.71850282129781 6729856 999
1453208832645 27103 51.0282970266974 3.71849943485886 5719836 1001
1453208833645 28103 51.0283532848767 3.71848735330094 4818224 1000
1453208834644 29102 51.0284093797285 3.71849594786615 2744320 999
1453208835645 30103 51.0284631641511 3.71851905009239 7483392 1001
1453208836644 31102 51.0285130665576 3.71856257612097 8548352 999
1453208837644 32102 51.0285582452239 3.71861841382794 7753416 1000
1453208838644 33102 51.0285582452239 3.71861841382794 2486272 1000
1453208839644 34102 51.0285900937853 3.71868035163991 7352320 1000
1453208840645 35103 51.0285960804858 3.71876514049545 8019968 1001
1453208841644 36102 51.0285749905511 3.71878158522443 4022272 999
1453208842644 37102 51.0285749905511 3.71878158522443 7876608 1000
1453208843644 38102 51.0285332135519 3.7188631146008 7966720 1000
1453208844644 39102 51.0285118706777 3.7189364428871 6970668 1000
1453208845644 40102 51.0284928842189 3.71903290678066 6312492 1000
1453208846644 41102 51.0284766366414 3.71914590439893 2619392 1000
1453208847644 42102 51.0284595246138 3.71927704890184 4288512 1000
1453208848645 43103 51.0284356202334 3.71941941133843 8464384 1001
1453208849645 44103 51.028416541147 3.71957924258654 7786496 1000
1453208850644 45102 51.0283993246807 3.71974538822361 8245248 999
1453208851644 46102 51.0283873922507 3.7199103432678 6446520 1000
1453208852644 47102 51.0283795366195 3.72006544207282 3809280 1000
1453208853644 48102 51.0283698518756 3.72020754080459 3416064 1000
1453208854644 49102 51.0283604131577 3.72033237873148 6397952 1000
1453208855644 50102 51.0283470093587 3.72043998007181 8484864 1000
1453208856644 51102 51.0283331387937 3.72054442665603 6221864 1000
1453208857644 52102 51.0283189558841 3.72063750993354 5334080 1000
1453208858645 53103 51.0282978157453 3.72071268616108 6458932 1001
1453208859644 54102 51.0282978157453 3.72071268616108 1346516 999
1453208860644 55102 51.028283320821 3.72079314115365 1757184 1000
1453208861644 56102 51.0282851248437 3.72094371977333 2404352 1000
1453208862644 57102 51.028287387201 3.72101385850577 6914048 1000
1453208863644 58102 51.0282987042319 3.72109832676762 8247296 1000
1453208864644 59102 51.0283188700167 3.72118276525522 6586088 1000
1453208865644 60102 51.0283188700167 3.72118276525522 3305472 1000
1453208866644 61102 51.0284156430877 3.72133811730729 7033808 1000
1453208867645 62103 51.0285317166384 3.72150004047789 4095480 1001
1453208868644 63102 51.0285876231207 3.72158752184802 3045132 999
1453208869644 64102 51.028638679592 3.7216686717502 2430444 1000
1453208870644 65102 51.0286851993781 3.72173725471153 2321880 1000
1453208871644 66102 51.0287256921456 3.72179500453425 2967672 1000
1453208872645 67103 51.0287521354823 3.72184779616616 1722744 1001
1453208873644 68102 51.0287793109586 3.72190085373423 3101284 999
1453208874645 69103 51.0287643376399 3.72192125931142 2641136 1001
1453208875644 70102 51.0287643376399 3.72192125931142 2125856 999
1453208876644 71102 51.0287736919707 3.72195102753694 3180776 1000
1453208877644 72102 51.0287950031655 3.72199346297001 1571868 1000
1453208878645 73103 51.0288099283203 3.72202429388228 6419632 1001
1453208879644 74102 51.0288186351625 3.72204671542941 3266940 999
1453208880644 75102 51.0288300191383 3.72206782344997 4959160 1000
1453208881644 76102 51.0288286812842 3.72209210468607 4281344 1000
1453208882644 77102 51.0288285995396 3.72211410081987 4330892 1000
1453208883644 78102 51.0288334987202 3.72213296951867 5415148 1000
1453208884644 79102 51.0288965085878 3.72217492172588 4082512 1000
1453208885645 80103 51.0289454041918 3.72219054855111 3013108 1001
1453208886644 81102 51.0289965870138 3.7221831691723 2599924 999
1453208887644 82102 51.0290336525571 3.72217248383648 2988488 1000
1453208888644 83102 51.0290336525571 3.72217248383648 4399776 1000
1453208889645 84103 51.0290509641465 3.72216606129067 5158680 1001
1453208890644 85102 51.0290616663178 3.72215920987315 4239360 999
1453208891644 86102 51.0290395497219 3.72216882289674 5107184 1000
1453208892644 87102 51.0290395497219 3.72216882289674 4780008 1000
1453208893644 88102 51.0290235693083 3.72218017965214 6671804 1000
1453208894645 89103 51.0290235693083 3.72218017965214 4317952 1001
1453208895645 90103 51.0290235693083 3.72218017965214 3379200 1000
1453208896644 91102 51.0290235693083 3.72218017965214 7645184 999
1453208897645 92103 51.0290235693083 3.72218017965214 5902556 1001
1453208898644 93102 51.0290235693083 3.72218017965214 6071328 999
1453208899645 94103 51.0290235693083 3.72218017965214 6145280 1001
1453208900644 95102 51.0290235693083 3.72218017965214 3513668 999
1453208901644 96102 51.0290235693083 3.72218017965214 6335892 1000
1453208902644 97102 51.0290235693083 3.72218017965214 4506556 1000
1453208903644 98102 51.0290449085926 3.72217003849168 6069848 1000
1453208904645 99103 51.0290776753927 3.72217323868215 6012660 1001
1453208905644 100102 51.029123747872 3.722191701733 3923036 999
1453208906644 101102 51.0291772410282 3.72221388491182 5907628 1000
1453208907644 102102 51.0292381371145 3.7222312712525 3585680 1000
1453208908644 103102 51.0293782517861 3.72226240233237 2572504 1000
1453208909644 104102 51.0293782517861 3.72226240233237 1788280 1000
1453208910645 105103 51.0295272573887 3.722356484718 3369996 1001
1453208911644 106102 51.029592704774 3.72239197634519 1807668 999
1453208912644 107102 51.0296516337375 3.72243233386852 1321040 1000
1453208913644 108102 51.0296978393958 3.72248082051098 1376308 1000
1453208914645 109103 51.0296978393958 3.72248082051098 2621440 1001
1453208915644 110102 51.0297301824192 3.72251370862566 5459968 999
1453208916645 111103 51.0297811202447 3.72257017160573 3228416 1001
1453208917644 112102 51.0297989183237 3.72259103340984 2355060 999
1453208918644 113102 51.0297989183237 3.72259103340984 2182256 1000
1453208919645 114103 51.0297989183237 3.72259103340984 3298504 1001
1453208920644 115102 51.0297989183237 3.72259103340984 3620320 999
1453208921644 116102 51.0297989183237 3.72259103340984 2617360 1000
1453208922644 117102 51.0297982710461 3.72257594910739 4715936 1000
1453208923644 118102 51.0297982710461 3.72257594910739 4319224 1000
1453208924645 119103 51.0297982710461 3.72257594910739 2079964 1001
1453208925645 120103 51.0297982710461 3.72257594910739 1734656 1000
1453208926644 121102 51.0297757412432 3.72261940530418 3444736 999
1453208927644 122102 51.0297757412432 3.72261940530418 5940260 1000
1453208928644 123102 51.0297511424566 3.72264580537151 3114244 1000
1453208929644 124102 51.0297269615743 3.72266769421942 4077336 1000
1453208930644 125102 51.0297119107435 3.7226845346266 3448436 1000
1453208931644 126102 51.0296903101499 3.72270117812236 1769472 1000
1453208932644 127102 51.0296903101499 3.72270117812236 3981312 1000
1453208933644 128102 51.0296903101499 3.72270117812236 6025216 1000
1453208934645 129103 51.0296903101499 3.72270117812236 4653172 1001
1453208935644 130102 51.029668603336 3.72270080930958 3091036 999
1453208936645 131103 51.029668603336 3.72270080930958 4491264 1001
1453208937644 132102 51.029668603336 3.72270080930958 3750336 999
1453208938645 133103 51.029668603336 3.72270080930958 3577180 1001
1453208939644 134102 51.029668603336 3.72270080930958 3532172 999
1453208940644 135102 51.029668603336 3.72270080930958 4385044 1000
1453208941645 136103 51.029668603336 3.72270080930958 4093876 1001
1453208942644 137102 51.029668603336 3.72270080930958 3523672 999
1453208943645 138103 51.029668603336 3.72270080930958 3085572 1001
1453208944645 139103 51.0297167316148 3.72262534823907 3491320 1000
1453208945645 140103 51.0298082018603 3.72251211995552 3590588 1000
1453208946644 141102 51.0299175687668 3.72253966491609 3483716 999
1453208947645 142103 51.0299175687668 3.72253966491609 3871456 1001
1453208948644 143102 51.0299175687668 3.72253966491609 4676500 999
1453208949644 144102 51.0302112321951 3.72242805945928 5910184 1000
1453208950644 145102 51.0303080576045 3.72243829548162 3751472 1000
1453208951644 146102 51.0304192799898 3.72244755847045 3805184 1000
1453208952644 147102 51.0305257571832 3.72243856147228 7495680 1000
1453208953644 148102 51.030616855266 3.72241631973799 8196096 1000
1453208954644 149102 51.0306892891512 3.72240033437715 8278016 1000
1453208955644 150102 51.0307517148162 3.72240826058061 4195360 1000
1453208956645 151103 51.0308044701983 3.72243405265077 3883520 1001
1453208957644 152102 51.0308440407432 3.72247461522774 5251072 999
1453208958645 153103 51.0308725536747 3.72253221833061 8152160 1001
1453208959645 154103 51.0309095943474 3.72259741414517 5502840 1000
1453208960644 155102 51.0309697124624 3.72269544980316 5050404 999
1453208961644 156102 51.0310192203112 3.72274795751331 4378624 1000
1453208962644 157102 51.0310700117932 3.72279005560932 5601280 1000
1453208963644 158102 51.0311292853711 3.72283493588471 8153088 1000
1453208964645 159103 51.0311989291729 3.72288864847915 7884256 1001
1453208965644 160102 51.0312746681342 3.7229280278873 6562332 999
1453208966645 161103 51.0313417503991 3.72295579321548 2506752 1001
1453208967644 162102 51.0314088090682 3.72299841595874 5554176 999
1453208968644 163102 51.0314823349541 3.72305720479201 7899136 1000
1453208969644 164102 51.0315436610336 3.72309838954466 8187904 1000
1453208970644 165102 51.0316187016308 3.72315779761874 7677952 1000
1453208971644 166102 51.0317041990931 3.72320111440434 3395584 1000
1453208972645 167103 51.0317740490031 3.72323997813953 5416960 1001
1453208973644 168102 51.0318422081965 3.72326364487867 8011776 999
1453208974645 169103 51.0319009816577 3.72329241481622 7706624 1001
1453208975644 170102 51.0319510462435 3.72331722793673 7702528 999
1453208976644 171102 51.0319934323109 3.72333798006721 5083136 1000
1453208977644 172102 51.0320296425027 3.72335679518707 3584000 1000
1453208978644 173102 51.0320445756597 3.72336384374094 8140800 1000
1453208979645 174103 51.0320445756597 3.72336384374094 7757824 1001
1453208980644 175102 51.0320225755672 3.72334357604148 7436288 999
1453208981644 176102 51.0320052140819 3.72332900797922 4227072 1000
1453208982644 177102 51.0319842356083 3.72332446168278 3727360 1000
1453208983644 178102 51.0319709634036 3.72332918349755 8179712 1000
1453208984645 179103 51.0319597898034 3.7233288519584 7907328 1001
1453208985644 180102 51.0319369864398 3.7233389487224 8132608 999
1453208986645 181103 51.0319181726677 3.72334159979994 5529600 1001
1453208987644 182102 51.0319033315028 3.72334483412968 4050944 999
1453208988644 183102 51.0318929763382 3.72335133836746 7378944 1000
1453208989644 184102 51.0318757157821 3.72335931143896 8120320 1000
1453208990645 185103 51.0318587819268 3.72336244073854 5643256 1001
1453208991644 186102 51.0318484640552 3.7233676004065 4363588 999
1453208992644 187102 51.0318484640552 3.7233676004065 3112960 1000
1453208993644 188102 51.0318484640552 3.7233676004065 4845568 1000
1453208994645 189103 51.0318484640552 3.7233676004065 7628800 1001
1453208995644 190102 51.0318484640552 3.7233676004065 8312832 999
1453208996644 191102 51.0318484640552 3.7233676004065 3846144 1000
1453208997644 192102 51.0318484640552 3.7233676004065 3592192 1000
1453208998645 193103 51.0318484640552 3.7233676004065 6299648 1001
1453208999644 194102 51.0318484640552 3.7233676004065 7630848 999
1453209000644 195102 51.0318484640552 3.7233676004065 7729152 1000
1453209001644 196102 51.0318484640552 3.7233676004065 5193728 1000
1453209002644 197102 51.0318484640552 3.7233676004065 3092480 1000
1453209003644 198102 51.0318484640552 3.7233676004065 7464960 1000
1453209004644 199102 51.0318484640552 3.7233676004065 7651328 1000
1453209005644 200102 51.0318484640552 3.7233676004065 7647232 1000
1453209006644 201102 51.0318484640552 3.7233676004065 5474304 1000
1453209007644 202102 51.0318602564402 3.72339263388891 3416064 1000
1453209008644 203102 51.0318755338593 3.7234154159448 7104512 1000
1453209009644 204102 51.0319017223954 3.72344054819033 7292928 1000
1453209010644 205102 51.0319466280381 3.72346252706514 7180288 1000
1453209011645 206103 51.0319956873082 3.72349146731164 4775936 1001
1453209012645 207103 51.0319956873082 3.72349146731164 3504128 1000
1453209013645 208103 51.0320964545351 3.72353411265117 7448576 1000
1453209014644 209102 51.0321387844053 3.72355457623955 7708672 999
1453209015644 210102 51.0321774508104 3.72358568514027 7817216 1000
1453209016645 211103 51.0322092670535 3.72361683243084 4730880 1001
1453209017644 212102 51.0322400022142 3.72364583879229 3028992 999
1453209018644 213102 51.0322699941958 3.7236743435705 7124992 1000
1453209019644 214102 51.0323006367673 3.72369948648995 7325696 1000
1453209020645 215103 51.0323281608091 3.72372508293756 7487488 1001
1453209021646 216104 51.0323281608091 3.72372508293756 6113280 1001
1453209022644 217102 51.0323281608091 3.72372508293756 3276800 998
1453209023644 218102 51.0323281608091 3.72372508293756 6660096 1000
1453209024644 219102 51.0323281608091 3.72372508293756 7446528 1000
1453209025645 220103 51.0323281608091 3.72372508293756 7266304 1001
1453209026644 221102 51.0323281608091 3.72372508293756 5486592 999
1453209027644 222102 51.0323281608091 3.72372508293756 2723840 1000
1453209028645 223103 51.0323281608091 3.72372508293756 7215104 1001
1453209029645 224103 51.0323281608091 3.72372508293756 7280640 1000
1453209030644 225102 51.0323281608091 3.72372508293756 7753728 999
1453209031644 226102 51.0323281608091 3.72372508293756 4812800 1000
1453209032644 227102 51.0323281608091 3.72372508293756 3653632 1000
1453209033644 228102 51.0323281608091 3.72372508293756 7667712 1000
1453209034644 229102 51.0323281608091 3.72372508293756 4678632 1000
1453209035644 230102 51.0323281608091 3.72372508293756 3930892 1000
1453209036645 231103 51.0323281608091 3.72372508293756 2675896 1001
1453209037644 232102 51.0323281608091 3.72372508293756 2871052 999
1453209038644 233102 51.0323281608091 3.72372508293756 3145556 1000
1453209039645 234103 51.0323281608091 3.72372508293756 3673564 1001
1453209040644 235102 51.0323281608091 3.72372508293756 2557516 999
1453209041644 236102 51.0323281608091 3.72372508293756 3196652 1000
1453209042645 237103 51.0323281608091 3.72372508293756 5816992 1001
1453209043645 238103 51.0323281608091 3.72372508293756 4734704 1000
1453209044644 239102 51.0323281608091 3.72372508293756 6004148 999
1453209045644 240102 51.0323281608091 3.72372508293756 3113168 1000
1453209046644 241102 51.0323281608091 3.72372508293756 5649832 1000
1453209047644 242102 51.0323281608091 3.72372508293756 3428352 1000
1453209048645 243103 51.0323281608091 3.72372508293756 6203392 1001
1453209049644 244102 51.0323281608091 3.72372508293756 7745536 999
1453209050645 245103 51.0323281608091 3.72372508293756 5600124 1001
1453209051644 246102 51.0323281608091 3.72372508293756 3401192 999
1453209052645 247103 51.0323281608091 3.72372508293756 4079616 1001
1453209053645 248103 51.0323281608091 3.72372508293756 3127952 1000
1453209054644 249102 51.0323281608091 3.72372508293756 3374048 999
1453209055645 250103 51.0323281608091 3.72372508293756 3339692 1001
1453209056644 251102 51.0323281608091 3.72372508293756 2888064 999
1453209057644 252102 51.0323281608091 3.72372508293756 2999300 1000
1453209058644 253102 51.0323281608091 3.72372508293756 2510920 1000
1453209059649 254107 51.0323281608091 3.72372508293756 3007792 1005
1453209060644 255102 51.0323281608091 3.72372508293756 2441384 995
1453209061644 256102 51.0323281608091 3.72372508293756 2329504 1000
1453209062644 257102 51.0323281608091 3.72372508293756 2992244 1000
1453209063644 258102 51.0323281608091 3.72372508293756 3016824 1000
1453209064644 259102 51.0323281608091 3.72372508293756 3018380 1000
1453209065644 260102 51.0323281608091 3.72372508293756 2853508 1000
1453209066644 261102 51.0323281608091 3.72372508293756 2601640 1000
1453209067644 262102 51.0341632615164 3.72571415493929 1731404 1000
1453209068645 263103 51.0341772320621 3.72572367632838 3450024 1001
1453209069644 264102 51.0341772320621 3.72572367632838 2454292 999
1453209070644 265102 51.0344749589457 3.72570467998531 3133068 1000
1453209071644 266102 51.0344749589457 3.72570467998531 1524920 1000
1453209072644 267102 51.0345107717744 3.72572270213039 1842500 1000
1453209073644 268102 51.0345365788973 3.72572605367893 4494448 1000
1453209074644 269102 51.0345800442955 3.7257247497365 3492668 1000
1453209075645 270103 51.0346245272324 3.72572358474173 2842932 1001
1453209076645 271103 51.034666691845 3.72572161307716 2605684 1000
1453209077644 272102 51.034678043866 3.72569961784806 2409628 999
1453209078644 273102 51.0346953657715 3.72569522449113 2965368 1000
1453209079644 274102 51.0346867823309 3.72568832624942 3098532 1000
1453209080645 275103 51.0346867823309 3.72568832624942 2127144 1001
1453209081644 276102 51.0346867823309 3.72568832624942 2557208 999
1453209082655 277113 51.0347046183426 3.72565974608653 2839744 1011
1453209083645 278103 51.0347382797309 3.72562085176361 3079928 990
1453209084645 279103 51.034768841432 3.72558567504972 2855756 1000
1453209085644 280102 51.0347881697969 3.72555866409729 3629336 999
1453209086645 281103 51.0347961884182 3.72553659888153 2288704 1001
1453209087644 282102 51.0347994839064 3.72551923458882 3036724 999
1453209088645 283103 51.0347994839064 3.72551923458882 2683868 1001
1453209089645 284103 51.0347994839064 3.72551923458882 2927520 1000
1453209090644 285102 51.0347890611764 3.72549810872956 2781680 999
1453209091644 286102 51.0347876927231 3.72551440516975 3295156 1000
1453209092644 287102 51.0347810625177 3.72554392189619 2883656 1000
1453209093644 288102 51.0347899095522 3.72557559038332 2624556 1000
1453209094645 289103 51.0348324053149 3.72569643966252 2136580 1001
1453209095644 290102 51.0348636610598 3.72574453508671 2705436 999
1453209096645 291103 51.0349025458227 3.72576341996074 2697348 1001
1453209097644 292102 51.0349538569218 3.72578358140311 2977732 999
1453209098644 293102 51.0350086657209 3.72580291089285 2345520 1000
1453209099644 294102 51.0350660631698 3.72582685922321 2372480 1000
1453209100645 295103 51.0351145111176 3.72584105473586 1933188 1001
1453209101645 296103 51.0351459861548 3.72585820151006 2691800 1000
1453209102645 297103 51.0351617972017 3.7258669066463 3201500 1000
1453209103644 298102 51.0351725079733 3.72587495328262 3531848 999
1453209104644 299102 51.0351725079733 3.72587495328262 3519540 1000
1453209105645 300103 51.0351616077772 3.72587530883156 3011432 1001
1453209106644 301102 51.0351616077772 3.72587530883156 1370916 999
1453209107645 302103 51.0351350047617 3.72587742578018 2877440 1001
1453209108644 303102 51.0351350047617 3.72587742578018 3256436 999
1453209109645 304103 51.0351241056193 3.72587807163009 4522376 1001
1453209110645 305103 51.0351241056193 3.72587807163009 3380472 1000
1453209111644 306102 51.0351241056193 3.72587807163009 2307388 999
1453209112645 307103 51.0351179249605 3.72589739918681 1398580 1001
1453209113644 308102 51.0351179249605 3.72589739918681 2483504 999
1453209114645 309103 51.0351362967538 3.72591179338689 2423548 1001
1453209115644 310102 51.0351646066554 3.72593656944807 2619088 999
1453209116644 311102 51.0352041272208 3.72597056638886 2592280 1000
1453209117644 312102 51.0352548128616 3.72600270770958 2543916 1000
1453209118644 313102 51.0353249433333 3.72600679630609 2558264 1000
1453209119645 314103 51.0353908588194 3.72602563873596 2755312 1001
1453209120645 315103 51.0354564299551 3.72605236871374 2691956 1000
1453209121644 316102 51.03553740675 3.72607906799539 2857760 999
1453209122645 317103 51.03553740675 3.72607906799539 2018736 1001
1453209123644 318102 51.0357074618999 3.7261269909055 1961908 999
1453209124644 319102 51.0357927965905 3.72615365748907 2213416 1000
1453209125644 320102 51.0358787543995 3.72618307677745 2464144 1000
1453209126645 321103 51.0358787543995 3.72618307677745 1724792 1001
1453209127644 322102 51.0359662237588 3.72622690924787 1899980 999
1453209128644 323102 51.0361446189596 3.72627895519112 1334520 1000
1453209129644 324102 51.036233344556 3.7263005960295 1875068 1000
1453209130644 325102 51.036233344556 3.7263005960295 1767228 1000
1453209131645 326103 51.0363182668941 3.72632525537924 4890520 1001
1453209132645 327103 51.0364003852942 3.72635059918891 5460708 1000
1453209133644 328102 51.0364686191621 3.72638241133489 6447104 999
1453209134644 329102 51.0365343810938 3.72640101326616 5460552 1000
1453209135644 330102 51.0365999104366 3.72641944243977 7913472 1000
1453209136644 331102 51.0366675531383 3.7264265312751 7851888 1000
1453209137644 332102 51.0367311431311 3.72644459222572 6152192 1000
1453209138644 333102 51.0367311431311 3.72644459222572 4075520 1000
1453209139644 334102 51.0368787405852 3.72653982779782 5537792 1000
1453209140645 335103 51.0369533929874 3.72657669407214 5630092 1001
1453209141644 336102 51.0370193848574 3.72660308393918 3414484 999
1453209142645 337103 51.0370795424891 3.7266261621467 3160528 1001
1453209143644 338102 51.03713986004 3.72664705838194 4004828 999
1453209144644 339102 51.037201350076 3.72666671355129 3742868 1000
1453209145644 340102 51.0372604306108 3.72668487401696 4371912 1000
1453209146644 341102 51.0373206430263 3.726681125641 4607556 1000
1453209147644 342102 51.0373878029437 3.72665888130786 4031868 1000
1453209148644 343102 51.0374645597942 3.72661585506599 2793056 1000
1453209149644 344102 51.0375570841719 3.72654315722714 2373388 1000
1453209150645 345103 51.0376454514867 3.72648341650003 2119496 1001
1453209151645 346103 51.0377208672658 3.72642336366111 4860612 1000
1453209152644 347102 51.0377851569989 3.72637768020811 5668572 999
1453209153645 348103 51.0378434328005 3.72634490432673 4542464 1001
1453209154645 349103 51.037888432927 3.72631165067811 7720960 1000
1453209155644 350102 51.0379228748751 3.72629270239926 7749884 999
1453209156644 351102 51.0379514582529 3.72628281128496 6598860 1000
1453209157644 352102 51.0379718933778 3.72627916561201 6368672 1000
1453209158644 353102 51.0379899317636 3.72628276170933 2973696 1000
1453209159645 354103 51.0380043912509 3.72628929910986 5345280 1001
1453209160644 355102 51.038018066398 3.72629668393952 7092224 999
1453209161644 356102 51.0380330007837 3.72630681512407 7129088 1000
1453209162645 357103 51.0380330007837 3.72630681512407 7864320 1001
1453209163644 358102 51.0380330007837 3.72630681512407 3076096 999
1453209164644 359102 51.0380330007837 3.72630681512407 4976640 1000
1453209165645 360103 51.0380452271343 3.7263166622306 7606272 1001
1453209166644 361102 51.0380452271343 3.7263166622306 7835648 999
1453209167644 362102 51.0380452271343 3.7263166622306 8073216 1000
1453209168644 363102 51.0380452271343 3.7263166622306 4032512 1000
1453209169645 364103 51.0380452271343 3.7263166622306 4257792 1001
1453209170644 365102 51.0380452271343 3.7263166622306 8261632 999
1453209171645 366103 51.0380452271343 3.7263166622306 7661568 1001
1453209172644 367102 51.0380452271343 3.7263166622306 7710720 999
1453209173645 368103 51.0380452271343 3.7263166622306 4771840 1001
1453209174644 369102 51.0380452271343 3.7263166622306 4904960 999
1453209175644 370102 51.0380452271343 3.7263166622306 7096320 1000
1453209176644 371102 51.0380452271343 3.7263166622306 7563264 1000
1453209177644 372102 51.0380452271343 3.7263166622306 7809024 1000
1453209178645 373103 51.0380452271343 3.7263166622306 4276224 1001
1453209179645 374103 51.0380452271343 3.7263166622306 2961408 1000
1453209180644 375102 51.0380452271343 3.7263166622306 7278592 999
1453209181644 376102 51.0380452271343 3.7263166622306 7540736 1000
1453209182644 377102 51.0380452271343 3.7263166622306 7225344 1000
1453209183644 378102 51.0380452271343 3.7263166622306 4399104 1000
1453209184645 379103 51.0380452271343 3.7263166622306 458752 1001
1453209185645 380103 51.0380452271343 3.7263166622306 5120000 1000
1453209186644 381102 51.0380452271343 3.7263166622306 6516736 999
1453209187644 382102 51.0380452271343 3.7263166622306 5545984 1000
1453209188644 383102 51.0380452271343 3.7263166622306 3084288 1000
1453209189644 384102 51.0380452271343 3.7263166622306 3223552 1000
1453209190645 385103 51.0380452271343 3.7263166622306 6664192 1001
1453209191644 386102 51.0380452271343 3.7263166622306 8081408 999
1453209192644 387102 51.0380452271343 3.7263166622306 7444480 1000
1453209193645 388103 51.0380452271343 3.7263166622306 4839424 1001
1453209194644 389102 51.0380452271343 3.7263166622306 3596288 999
1453209195644 390102 51.03807801733 3.72633262427421 7733248 1000
1453209196645 391103 51.0381007588495 3.72633367797057 8290304 1001
1453209197645 392103 51.0381331801621 3.72632619188079 7516160 1000
1453209198644 393102 51.0381675381194 3.72630968356488 6225920 999
1453209199644 394102 51.0382031783837 3.72629338211196 4141056 1000
1453209200644 395102 51.0382336994769 3.72626782250218 6299648 1000
1453209201644 396102 51.0382679402259 3.7262431697111 7528448 1000
1453209202644 397102 51.0382965841744 3.72619720645823 7573504 1000
1453209203644 398102 51.0383342371538 3.72614649850792 4931584 1000
1453209204645 399103 51.0383342371538 3.72614649850792 2828288 1001
1453209205644 400102 51.0384307151616 3.72612013041492 7598080 999
1453209206644 401102 51.0384770730173 3.72612599340344 7995392 1000
1453209207644 402102 51.0385205013887 3.72614840299147 4783904 1000
1453209208644 403102 51.0385995124732 3.72617487057624 3247332 1000
1453209209644 404102 51.0385995124732 3.72617487057624 3365956 1000
1453209210644 405102 51.0386684353216 3.72617270858889 3776268 1000
1453209211644 406102 51.0386990951745 3.7261615533797 2744164 1000
1453209212645 407103 51.0387281174934 3.72614374658642 2630752 1001
1453209213644 408102 51.0387281174934 3.72614374658642 1663820 999
1453209214645 409103 51.0387591806463 3.72613331646474 1358784 1001
1453209215644 410102 51.038794949283 3.72612747045267 3801984 999
1453209216644 411102 51.038826892818 3.72612966423274 4510396 1000
1453209217644 412102 51.0388532437925 3.72613040217687 5141620 1000
1453209218645 413103 51.0388532437925 3.72613040217687 4118996 1001
1453209219644 414102 51.0388683101288 3.72612441047431 4899308 999
1453209220644 415102 51.0388685025685 3.72610991887768 4740420 1000
1453209221645 416103 51.0388576034629 3.72609872973911 4782704 1001
1453209222644 417102 51.0388416095467 3.72608936442747 4784988 999
1453209223644 418102 51.0388302713626 3.72608011003081 3784380 1000
1453209224644 419102 51.0388302713626 3.72608011003081 5138432 1000
1453209225645 420103 51.0388302713626 3.72608011003081 4950000 1001
1453209226645 421103 51.0388302713626 3.72608011003081 4316864 1000
1453209227644 422102 51.0388302713626 3.72608011003081 4943192 999
1453209228644 423102 51.0388302713626 3.72608011003081 4133916 1000
1453209229644 424102 51.0388302713626 3.72608011003081 4896768 1000
1453209230644 425102 51.0388302713626 3.72608011003081 4061664 1000
1453209231644 426102 51.0388302713626 3.72608011003081 3899508 1000
1453209232644 427102 51.0388302713626 3.72608011003081 4520552 1000
1453209233644 428102 51.0388302713626 3.72608011003081 4281368 1000
1453209234644 429102 51.0388302713626 3.72608011003081 3574324 1000
1453209235644 430102 51.0388302713626 3.72608011003081 3497024 1000
1453209236644 431102 51.0388302713626 3.72608011003081 3668428 1000
1453209237644 432102 51.0388302713626 3.72608011003081 3981220 1000
1453209238644 433102 51.0388523024052 3.7260529146449 3284404 1000
1453209239644 434102 51.0388859725595 3.72602887073395 4220788 1000
1453209240644 435102 51.0389314850152 3.72599997456382 4098080 1000
1453209241644 436102 51.0389314850152 3.72599997456382 4216892 1000
1453209242644 437102 51.0389870347261 3.72596641129808 7205000 1000
1453209243644 438102 51.03905113385 3.72593210734773 6234464 1000
1453209244644 439102 51.03905113385 3.72593210734773 4208640 1000
1453209245644 440102 51.0391848216687 3.7258824932976 7901184 1000
1453209246644 441102 51.0392535420851 3.72586599201541 8085504 1000
