1453205523380 837 51.0506973750722 3.71183730126282 713740 837
1453205524381 1838 51.0507043157784 3.71192786488257 2504584 1001
1453205525380 2837 51.0507088101884 3.71203513605697 2724960 999
1453205526380 3837 51.0507181285771 3.71214648633118 2725656 1000
1453205527381 4838 51.0507226623585 3.7122553050407 3456272 1001
1453205528381 5838 51.0507272220081 3.71236018447545 3282380 1000
1453205529380 6837 51.0507307941367 3.71245135327832 2562548 999
1453205530381 7838 51.0507319822753 3.71253560109218 2446880 1001
1453205531381 8838 51.0507332550457 3.71261552701856 2641640 1000
1453205532380 9837 51.0507323875783 3.71269204398515 3389344 999
1453205533381 10838 51.0507357096916 3.71276873629045 4307968 1001
1453205534380 11837 51.0507394441961 3.71285200785636 5472312 999
1453205535380 12837 51.0507416638813 3.71295174353128 5598780 1000
1453205536381 13838 51.0507529273566 3.71315005039703 5106412 1001
1453205537380 14837 51.0507529273566 3.71315005039703 3351608 999
1453205538380 15837 51.0507655915865 3.71334179072478 4749664 1000
1453205539380 16837 51.0507723782052 3.71342878532982 3492668 1000
1453205540380 17837 51.0507731349266 3.71351896806034 3113336 1000
1453205541381 18838 51.0507541242212 3.71361273389114 3795484 1001
1453205542381 19838 51.0507317515391 3.71370658121884 3523564 1000
1453205543381 20838 51.0507183569701 3.7138018211946 2937196 1000
1453205544380 21837 51.0507023911451 3.71389586780778 2883256 999
1453205545380 22837 51.0506847605252 3.7139841574047 2341476 1000
1453205546380 23837 51.0506675706341 3.71406999863166 2137928 1000
1453205547381 24838 51.050637949557 3.71416454351756 2686564 1001
1453205548381 25838 51.0506158865777 3.71426047740646 2545024 1000
1453205549380 26837 51.0506158865777 3.71426047740646 18872 999
1453205550381 27838 51.0505985851411 3.71436067245541 0 1001
1453205551380 28837 51.0505796632244 3.71445912639067 4721080 999
1453205552381 29838 51.050549820414 3.71456448353079 3844424 1001
1453205553380 30837 51.050549820414 3.71456448353079 3038080 999
1453205554380 31837 51.0504979468039 3.71477420335809 2523456 1000
1453205555380 32837 51.0504729408865 3.71488335248673 3113908 1000
1453205556380 33837 51.0504503253179 3.71499025485539 2887388 1000
1453205557380 34837 51.0504291884342 3.71509769679972 2582396 1000
1453205558380 35837 51.050402502648 3.71521321658744 3111116 1000
1453205559381 36838 51.0503789890009 3.71532453632639 2972236 1001
1453205560380 37837 51.0503393669472 3.71553966115998 2727548 999
1453205561380 38837 51.0503267859762 3.71563246219663 2266688 1000
1453205562380 39837 51.0503267859762 3.71563246219663 1881756 1000
1453205563381 40838 51.0502946659894 3.71582992461144 671304 1001
1453205564380 41837 51.0502731746761 3.71593770972911 808800 999
1453205565380 42837 51.0502470823279 3.71604516111599 1733528 1000
1453205566380 43837 51.0502202474267 3.71615279085285 1658040 1000
1453205567380 44837 51.0501994760648 3.71625841433722 1415400 1000
1453205568380 45837 51.0501797292256 3.71635990260244 2034132 1000
1453205569380 46837 51.0501606123508 3.71646080856067 1742964 1000
1453205570380 47837 51.050141013549 3.71655893122124 1716004 1000
1453205571380 48837 51.050141013549 3.71655893122124 2265988 1000
1453205572380 49837 51.0501210183918 3.71665085532354 2316464 1000
1453205573381 50838 51.0501210183918 3.71665085532354 2743928 1001
1453205574380 51837 51.0500681156905 3.71685192179649 2950772 999
1453205575380 52837 51.0500625028474 3.7168965966641 2914040 1000
1453205576380 53837 51.0500625028474 3.7168965966641 3093504 1000
1453205577380 54837 51.0500619317383 3.71694445257331 3087432 1000
1453205578380 55837 51.0500763114679 3.71705085660088 3446816 1000
1453205579381 56838 51.0500763114679 3.71705085660088 2710828 1001
1453205580380 57837 51.0501105267704 3.71715441686837 2758164 999
1453205581380 58837 51.0501105267704 3.71715441686837 2344016 1000
1453205582380 59837 51.0501492167029 3.71720773877941 1417304 1000
1453205583380 60837 51.0502100407685 3.71730188943986 2710272 1000
1453205584380 61837 51.0502391433747 3.71734087405844 1628384 1000
1453205585380 62837 51.0502391433747 3.71734087405844 2410208 1000
1453205586380 63837 51.0502541179159 3.71736783044615 6988172 1000
1453205587380 64837 51.0502619868691 3.71738973365019 5046272 1000
1453205588381 65838 51.0502715461257 3.71741406886068 2854912 1001
1453205589381 66838 51.0502794819487 3.71743089442569 4186112 1000
1453205590380 67837 51.0502881895021 3.71744812754217 5898240 999
1453205591380 68837 51.0502881895021 3.71744812754217 7217152 1000
1453205592380 69837 51.0502881895021 3.71744812754217 6299648 1000
1453205593380 70837 51.0502881895021 3.71744812754217 1724416 1000
1453205594380 71837 51.0502881895021 3.71744812754217 4026368 1000
1453205595380 72837 51.0502881895021 3.71744812754217 6539264 1000
1453205596380 73837 51.0502881895021 3.71744812754217 7284736 1000
1453205597380 74837 51.0502881895021 3.71744812754217 7319552 1000
1453205598380 75837 51.0502881895021 3.71744812754217 4886528 1000
1453205599381 76838 51.0502990202178 3.71744342486278 4825088 1001
1453205600380 77837 51.0502990202178 3.71744342486278 6836224 999
1453205601380 78837 51.0502990202178 3.71744342486278 6930432 1000
1453205602380 79837 51.0503171279864 3.71745944277241 7753728 1000
1453205603380 80837 51.0503264549091 3.71748378902763 4630528 1000
1453205604380 81837 51.0503415389653 3.7175148294969 4028416 1000
1453205605381 82838 51.0503587620488 3.71755573763585 7116800 1001
1453205606380 83837 51.0503740688518 3.71760650112678 7102464 999
1453205607380 84837 51.0503950763756 3.71766574528338 7127040 1000
1453205608380 85837 51.0504249719076 3.7177469657332 4507648 1000
1453205609380 86837 51.0504686863456 3.71781484030707 3690496 1000
1453205610380 87837 51.0505048343307 3.71788019320127 7081984 1000
1453205611380 88837 51.050540470546 3.71795405282088 7090176 1000
1453205612380 89837 51.0505706761081 3.71801950637704 5054332 1000
1453205613380 90837 51.0506156211078 3.71806598132022 3502488 1000
1453205614380 91837 51.0506627474303 3.7181001788738 4791768 1000
1453205615380 92837 51.050703406877 3.71813513159493 5349664 1000
1453205616380 93837 51.0507120181957 3.7181998049637 4879292 1000
1453205617380 94837 51.0507181697715 3.71827126571773 4787732 1000
1453205618380 95837 51.050731400849 3.71838221460473 3793120 1000
1453205619380 96837 51.0507589410631 3.71849902908188 5056500 1000
1453205620380 97837 51.0507754080601 3.71860031056331 5734348 1000
1453205621380 98837 51.0507917711466 3.71870348164873 6700700 1000
1453205622380 99837 51.0508054609457 3.71879688012561 6619136 1000
1453205623381 100838 51.0508205074122 3.71888671168384 5185536 1001
1453205624380 101837 51.0508239767137 3.71896896408727 4102144 999
1453205625380 102837 51.0508226540231 3.71904600500636 5873664 1000
1453205626380 103837 51.0508192861316 3.71912157590877 7407616 1000
1453205627381 104838 51.0508128761933 3.71919609884449 7135232 1001
1453205628380 105837 51.0508021056323 3.71927652545071 5525504 999
1453205629381 106838 51.0507783067118 3.71936723873921 3651584 1001
1453205630380 107837 51.0507489547133 3.71945735363394 6430720 999
1453205631381 108838 51.0507259634 3.71954224736134 6944768 1001
1453205632380 109837 51.0507039850264 3.71961856829692 6971392 999
1453205633380 110837 51.0506852523054 3.71969482896739 5718016 1000
1453205634380 111837 51.0506675424942 3.71977468271497 4325376 1000
1453205635380 112837 51.0506448160354 3.71985991206635 6494208 1000
1453205636381 113838 51.0506290322399 3.7199414819629 6877184 1001
1453205637381 114838 51.050617486691 3.72001715239725 7294976 1000
1453205638380 115837 51.0506098469705 3.72008560245793 5236736 999
1453205639380 116837 51.0506098469705 3.72008560245793 4057088 1000
1453205640380 117837 51.0505882028198 3.72022675017253 6240256 1000
1453205641380 118837 51.0505782455746 3.72029546964823 6428672 1000
1453205642381 119838 51.050573542462 3.72035851496122 7024640 1001
1453205643380 120837 51.0505636649306 3.72042403621156 6017024 999
1453205644380 121837 51.0505636649306 3.72042403621156 3416064 1000
1453205645380 122837 51.0505375246064 3.72056766919694 5451776 1000
1453205646380 123837 51.0505284297032 3.72064355995397 7077888 1000
1453205647380 124837 51.0505186683184 3.72070857035408 6739968 1000
1453205648380 125837 51.0505016910019 3.72077029025246 4214784 1000
1453205649381 126838 51.0505016910019 3.72077029025246 2768896 1001
1453205650380 127837 51.0504260021784 3.72095186708297 4968448 999
1453205651380 128837 51.0504260021784 3.72095186708297 5895980 1000
1453205652380 129837 51.0504153560369 3.72101194706406 5850892 1000
1453205653380 130837 51.0504141199462 3.72108268924122 4775936 1000
1453205654381 131838 51.0504141199462 3.72108268924122 2732032 1001
1453205655380 132837 51.0504090407999 3.72124010137276 4403200 999
1453205656380 133837 51.0504023297502 3.72132496358721 7282688 1000
1453205657381 134838 51.0504006378884 3.72141418174029 7188480 1001
1453205658381 135838 51.0504012331325 3.72150270279282 6414336 1000
1453205659380 136837 51.0504012331325 3.72150270279282 4747264 999
1453205660380 137837 51.0503892632485 3.7216716884967 4177920 1000
1453205661380 138837 51.0503794343117 3.7217524682083 6483968 1000
1453205662381 139838 51.0503773509594 3.72181975103887 7536640 1001
1453205663380 140837 51.0503750678474 3.72187248890277 5318656 999
1453205664380 141837 51.0503710364266 3.72191110998486 917504 1000
1453205665380 142837 51.0503699469682 3.72193649241988 3457024 1000
1453205666380 143837 51.0503699469682 3.72193649241988 6684672 1000
1453205667380 144837 51.0503699469682 3.72193649241988 6934528 1000
1453205668380 145837 51.0503686212661 3.72195189837531 6258688 1000
1453205669380 146837 51.0503686212661 3.72195189837531 4755456 1000
1453205670380 147837 51.0503686212661 3.72195189837531 5365760 1000
1453205671380 148837 51.0503686212661 3.72195189837531 7163904 1000
1453205672380 149837 51.0503686212661 3.72195189837531 6979584 1000
1453205673381 150838 51.0503686212661 3.72195189837531 5888000 1001
1453205674381 151838 51.0503686212661 3.72195189837531 3866624 1000
1453205675380 152837 51.0503686212661 3.72195189837531 5234688 999
1453205676380 153837 51.0503686212661 3.72195189837531 7000064 1000
1453205677381 154838 51.0503686212661 3.72195189837531 7057408 1001
1453205678381 155838 51.0503686212661 3.72195189837531 6025216 1000
1453205679381 156838 51.0503686212661 3.72195189837531 4458496 1000
1453205680381 157838 51.0503686212661 3.72195189837531 4708352 1000
1453205681380 158837 51.0503686212661 3.72195189837531 6393856 999
1453205682380 159837 51.0503686212661 3.72195189837531 7131136 1000
1453205683380 160837 51.0503686212661 3.72195189837531 5861376 1000
1453205684380 161837 51.0503667883152 3.72197015545462 4112384 1000
1453205685381 162838 51.0503667883152 3.72197015545462 5251072 1001
1453205686382 163839 51.0503667883152 3.72197015545462 6916096 1001
1453205687381 164838 51.0503667883152 3.72197015545462 7081984 999
1453205688380 165837 51.0503667883152 3.72197015545462 6498304 999
