1453115382313 5 51.0502389197823 3.73007557215122 0 5
1453115383313 1005 51.0502532330974 3.7300256930561 2617116 1000
1453115384313 2005 51.050257186612 3.72999828913751 5262592 1000
1453115385314 3006 51.0502947677451 3.72991962331269 5951420 1001
1453115386313 4005 51.0503381183441 3.72986583687563 6071392 999
1453115387313 5005 51.0504067970177 3.72980068188586 6897716 1000
1453115388313 6005 51.0505557116083 3.72964736209746 5997952 1000
1453115389314 7006 51.0506596825695 3.7295364342492 5030840 1001
1453115390314 8006 51.0507450545291 3.72945182392614 5028584 1000
1453115391313 9005 51.0508054468031 3.72936783224871 5060004 999
1453115392313 10005 51.0508704602969 3.72929905024963 5008104 1000
1453115393314 11006 51.0509361465546 3.72923743958709 5063192 1001
1453115394313 12005 51.0509926327997 3.72917213682592 5013108 999
1453115395314 13006 51.0510374536463 3.72910693496364 5068480 1001
1453115396313 14005 51.0510752933397 3.7290440482296 4598028 999
1453115397313 15005 51.0511076531906 3.7289800455453 4852800 1000
1453115398314 16006 51.0511408619697 3.72891529806908 5121256 1001
1453115399313 17005 51.0511737721743 3.7288482450863 5548164 999
1453115400313 18005 51.0512053980135 3.72878375346453 5075220 1000
1453115401314 19006 51.0512377551293 3.72871468207571 5001080 1001
1453115402313 20005 51.0512733202809 3.72865810166166 5053704 999
1453115403313 21005 51.0513143516969 3.72861855748251 5034884 1000
1453115404314 22006 51.051355581086 3.72862464399817 5047508 1001
1453115405313 23005 51.0513945397272 3.72863006998337 5017852 999
1453115406313 24005 51.0514323194938 3.72859156228406 5055960 1000
1453115407314 25006 51.0514601461758 3.7285310201878 5035040 1001
1453115408313 26005 51.0514898621723 3.72847723106131 3385960 999
1453115409313 27005 51.0515326947143 3.72844944708941 5005312 1000
1453115410313 28005 51.05157462638 3.728422065137 6720404 1000
1453115411314 29006 51.0516132104947 3.72839454254428 5012956 1001
1453115412313 30005 51.0516451923644 3.72836937747068 5053804 999
1453115413313 31005 51.0516823068387 3.72834877941138 3980216 1000
1453115414313 32005 51.0517165395545 3.72833047540633 4845568 1000
1453115415313 33005 51.0517582505633 3.72831891458386 6243456 1000
1453115416313 34005 51.0517758134955 3.72831471933074 5066380 1000
1453115417314 35006 51.0517758134955 3.72831471933074 5041572 1001
1453115418314 36006 51.0517758134955 3.72831471933074 3797816 1000
1453115419314 37006 51.0517758134955 3.72831471933074 5367808 1000
1453115420314 38006 51.0517741903145 3.72832960302472 5962332 1000
1453115421313 39005 51.0517741903145 3.72832960302472 5038124 999
1453115422313 40005 51.0517741903145 3.72832960302472 3912492 1000
1453115423313 41005 51.0517741903145 3.72832960302472 2232320 1000
1453115424314 42006 51.0517741903145 3.72832960302472 5103616 1001
1453115425313 43005 51.0517784134427 3.72830569422472 7264256 999
1453115426313 44005 51.0517573714886 3.72827138945776 6657820 1000
1453115427313 45005 51.0517446128495 3.72823356596168 5063036 1000
1453115428313 46005 51.0517446128495 3.72823356596168 2543680 1000
1453115429314 47006 51.0517446128495 3.72823356596168 983040 1001
1453115430313 48005 51.0517451317312 3.72820234909399 5046272 999
1453115431313 49005 51.0518270473265 3.728103644904 7297024 1000
1453115432315 50007 51.0518802175432 3.7280620153958 7360716 1002
1453115433313 51005 51.0519378488078 3.72801538396597 4899980 998
1453115434314 52006 51.0519872232027 3.72796082383053 3391568 1001
1453115435313 53005 51.0520398849197 3.72788360208939 3382184 999
1453115436314 54006 51.0520987090131 3.72780431793352 3260760 1001
1453115437313 55005 51.0521553098306 3.72773134578316 3822928 999
1453115438313 56005 51.0522111224969 3.72766177283472 2873936 1000
1453115439313 57005 51.0522567961554 3.72761019867405 2664996 1000
1453115440314 58006 51.0523678904308 3.72749641161013 2621860 1001
1453115441313 59005 51.0524025398774 3.72742438402739 1992344 999
1453115442313 60005 51.0524323278118 3.72735476666982 1647256 1000
1453115443313 61005 51.0524647318736 3.72728702676251 1527284 1000
1453115444313 62005 51.0525033671966 3.72722225011616 1407312 1000
1453115445313 63005 51.052528488447 3.72714814301978 1113448 1000
1453115446313 64005 51.0525432971517 3.72707107329137 885636 1000
1453115447313 65005 51.0525599949984 3.72700443493567 603904 1000
1453115448313 66005 51.052576356111 3.72694644745706 25612 1000
1453115449313 67005 51.052576356111 3.72694644745706 0 1000
1453115450313 68005 51.0525829361347 3.72685835498596 0 1000
1453115451314 69006 51.0525829361347 3.72685835498596 0 1001
1453115452314 70006 51.0525794736188 3.72682190108182 4695136 1000
1453115453313 71005 51.0525813173956 3.726780283625 5097100 999
1453115454313 72005 51.0526030998299 3.72672085107757 4921784 1000
1453115455313 73005 51.0526235783099 3.72666757110651 5040220 1000
1453115456313 74005 51.0526629000228 3.72658676472113 4959604 1000
1453115457313 75005 51.0526963495401 3.72651471786833 5094120 1000
1453115458313 76005 51.0527529357721 3.72642193758817 5092072 1000
1453115459313 77005 51.0527984287764 3.72635026223845 4453424 1000
1453115460313 78005 51.0528397936773 3.72627986991656 5644076 1000
1453115461313 79005 51.0529042111194 3.72621509000116 4898192 1000
1453115462313 80005 51.0529555282108 3.72614409816699 5113900 1000
1453115463314 81006 51.0530060007549 3.72607810626472 5040324 1001
1453115464313 82005 51.0530540402178 3.72599339363049 5096716 999
1453115465313 83005 51.0531049569107 3.72589434254266 3432304 1000
1453115466313 84005 51.0531690775393 3.72577928173607 5259264 1000
1453115467313 85005 51.0532232803408 3.7256680467296 6396828 1000
1453115468313 86005 51.0532693549321 3.72555614211548 4977384 1000
1453115469314 87006 51.0533144270144 3.72542998774108 3816808 1001
1453115470313 88005 51.0533531299525 3.72531025682616 4670412 999
1453115471313 89005 51.0533959661706 3.72518928597653 4847616 1000
1453115472314 90006 51.0534482210691 3.72502278740012 6885992 1001
1453115473313 91005 51.0534927376329 3.72487504579202 4973368 999
1453115474313 92005 51.0535370971412 3.72474026479661 5043412 1000
1453115475313 93005 51.0535737349387 3.72462368863521 4442724 1000
1453115476313 94005 51.0536412216116 3.72449876076779 3518464 1000
1453115477313 95005 51.0536544728254 3.7243855811883 5138676 1000
1453115478313 96005 51.0536616681716 3.72427402957131 2729700 1000
1453115479313 97005 51.0536712203463 3.72415664916703 4177920 1000
1453115480313 98005 51.0536860423626 3.72403749683058 6376920 1000
1453115481313 99005 51.0536954994129 3.72392040268075 4685648 1000
1453115482314 100006 51.0537109280363 3.72381381241076 4817752 1001
1453115483313 101005 51.053728906528 3.72370888070367 4902080 999
1453115484313 102005 51.0537441303716 3.7236066571133 2404616 1000
1453115485313 103005 51.0537563413841 3.72350694145245 7127688 1000
1453115486314 104006 51.0537711826557 3.72341276024798 4254988 1001
1453115487314 105006 51.0537858283307 3.72331785931781 3083016 1000
1453115488313 106005 51.0538000356239 3.72322290735841 4827048 999
1453115489313 107005 51.053814993302 3.72313209401136 2941904 1000
1453115490313 108005 51.0538257932631 3.72304893222344 3666640 1000
1453115491314 109006 51.0538336042169 3.72298515914777 3148928 1001
1453115492313 110005 51.0538399241272 3.72293448040796 2859808 999
1453115493313 111005 51.053850604496 3.72290411022051 2454008 1000
1453115494313 112005 51.0538514163303 3.7228886636986 2756660 1000
1453115495314 113006 51.0538417160102 3.7228937807204 2954816 1001
1453115496313 114005 51.0538300914859 3.72290789368262 3085444 999
1453115497313 115005 51.0538196627246 3.72292351444884 3092440 1000
1453115498314 116006 51.0538122240004 3.7229343281427 2879328 1001
1453115499313 117005 51.0538122240004 3.7229343281427 2983124 999
1453115500313 118005 51.0538122240004 3.7229343281427 2964408 1000
1453115501313 119005 51.0538033056631 3.72292590356681 2920960 1000
1453115502313 120005 51.0538033056631 3.72292590356681 2941336 1000
1453115503314 121006 51.0538033056631 3.72292590356681 2764180 1001
1453115504314 122006 51.0538033056631 3.72292590356681 2640260 1000
1453115505313 123005 51.0538033056631 3.72292590356681 3205236 999
1453115506313 124005 51.0538033056631 3.72292590356681 3049176 1000
1453115507313 125005 51.0538033056631 3.72292590356681 3417180 1000
1453115508313 126005 51.0538033056631 3.72292590356681 3173764 1000
1453115509313 127005 51.0538033056631 3.72292590356681 2895832 1000
1453115510313 128005 51.0538033056631 3.72292590356681 3723624 1000
1453115511313 129005 51.0538033056631 3.72292590356681 3429468 1000
1453115512313 130005 51.0538033056631 3.72292590356681 2255048 1000
1453115513313 131005 51.0538033056631 3.72292590356681 3498060 1000
1453115514313 132005 51.0538033056631 3.72292590356681 3125248 1000
1453115515313 133005 51.0538033056631 3.72292590356681 3989496 1000
1453115516313 134005 51.0538033056631 3.72292590356681 2951784 1000
1453115517314 135006 51.0538033056631 3.72292590356681 2785824 1001
1453115518313 136005 51.0538033056631 3.72292590356681 2802388 999
1453115519313 137005 51.0538033056631 3.72292590356681 2914116 1000
1453115520314 138006 51.0538033056631 3.72292590356681 2980272 1001
1453115521313 139005 51.0538033056631 3.72292590356681 2988024 999
1453115522313 140005 51.0538033056631 3.72292590356681 3108980 1000
1453115523313 141005 51.0538033056631 3.72292590356681 3047828 1000
1453115524314 142006 51.0538033056631 3.72292590356681 2590908 1001
1453115525314 143006 51.0538033056631 3.72292590356681 3831016 1000
1453115526313 144005 51.0538033056631 3.72292590356681 3490128 999
1453115527314 145006 51.0538033056631 3.72292590356681 3433148 1001
1453115528313 146005 51.0538033056631 3.72292590356681 3248680 999
1453115529313 147005 51.0538033056631 3.72292590356681 3928248 1000
1453115530313 148005 51.0538033056631 3.72292590356681 4406904 1000
1453115531313 149005 51.0538033056631 3.72292590356681 4011984 1000
1453115532313 150005 51.0538033056631 3.72292590356681 3874360 1000
1453115533313 151005 51.0538033056631 3.72292590356681 4370552 1000
1453115534314 152006 51.0538033056631 3.72292590356681 4141044 1001
1453115535313 153005 51.0538033056631 3.72292590356681 4816896 999
1453115536313 154005 51.0538033056631 3.72292590356681 5151576 1000
1453115537313 155005 51.0538033056631 3.72292590356681 5035480 1000
1453115538313 156005 51.0538033056631 3.72292590356681 3566024 1000
1453115539313 157005 51.0538033056631 3.72292590356681 2049052 1000
1453115540314 158006 51.0538033056631 3.72292590356681 1339392 1001
1453115541314 159006 51.0538033056631 3.72292590356681 5433344 1000
1453115542314 160006 51.0538033056631 3.72292590356681 7884800 1000
1453115543313 161005 51.0538033056631 3.72292590356681 4455128 999
1453115544313 162005 51.0538033056631 3.72292590356681 3528084 1000
1453115545314 163006 51.0538033056631 3.72292590356681 3928064 1001
1453115546313 164005 51.0538033056631 3.72292590356681 4258844 999
1453115547313 165005 51.0538033056631 3.72292590356681 3650780 1000
1453115548313 166005 51.0538033056631 3.72292590356681 3100400 1000
1453115549314 167006 51.0538033056631 3.72292590356681 3124348 1001
1453115550313 168005 51.0537925993571 3.72291116432018 3413452 999
1453115551313 169005 51.0537896947361 3.72289300404103 2430704 1000
1453115552314 170006 51.0537921646752 3.72286947932315 2434876 1001
1453115553314 171006 51.0537956694695 3.72283807646857 1667036 1000
1453115554314 172006 51.0537956694695 3.72283807646857 4116196 1000
1453115555314 173006 51.0538145549276 3.72280442609797 4473700 1000
1453115556313 174005 51.0538324137703 3.72272417784381 4100720 999
1453115557313 175005 51.0538372589252 3.722696681771 3956276 1000
1453115558313 176005 51.0538455629033 3.72266413338749 3988732 1000
1453115559313 177005 51.0538765888901 3.72261211039656 4111856 1000
1453115560314 178006 51.0538765888901 3.72261211039656 3659776 1001
1453115561313 179005 51.0539466096429 3.72248105615818 5363280 999
1453115562313 180005 51.053986985597 3.72240245612136 6149084 1000
1453115563313 181005 51.0540353592878 3.72232611555616 7189972 1000
1453115564314 182006 51.0540353592878 3.72232611555616 5946704 1001
1453115565314 183006 51.0540621878583 3.72224068083009 3106816 1000
1453115566314 184006 51.0541045579949 3.722041863018 7002112 1000
1453115567313 185005 51.0541103548515 3.72192961030346 6112980 999
1453115568313 186005 51.0541102720985 3.72181045494275 4753024 1000
1453115569313 187005 51.0541085452772 3.72168804785376 3863848 1000
1453115570314 188006 51.0541085452772 3.72168804785376 3225308 1001
1453115571314 189006 51.0540677919909 3.72142056564362 2256516 1000
1453115572313 190005 51.0540580243187 3.72128740360489 5798588 999
1453115573314 191006 51.0540421049992 3.72116060957703 5028584 1001
1453115574313 192005 51.0540421049992 3.72116060957703 4972416 999
1453115575314 193006 51.0540457013536 3.72105148699532 4538368 1001
1453115576313 194005 51.054106590681 3.72088556163779 5608384 999
1453115577313 195005 51.0540843421567 3.72077839697958 5038824 1000
1453115578323 196015 51.054054046151 3.72067195090223 5051760 1010
1453115579314 197006 51.0540155540832 3.72055731683305 4678444 991
1453115580313 198005 51.0539768156725 3.72043962416665 3061760 999
1453115581314 199006 51.0539400714808 3.72031927507875 7363980 1001
1453115582314 200006 51.0539155406917 3.72020811135438 5038824 1000
1453115583314 201006 51.0539021709815 3.72010071011168 5040172 1000
1453115584313 202005 51.0538768476286 3.71998553839611 4711940 999
1453115585313 203005 51.0538533744003 3.71987683174126 4009984 1000
1453115586314 204006 51.0538403298669 3.71977591315882 5715968 1001
1453115587313 205005 51.0538389561105 3.7196813059953 5730884 999
1453115588314 206006 51.0538392945252 3.71959342251167 5023996 1001
1453115589313 207005 51.0538490798764 3.71951259993715 5038824 999
1453115590314 208006 51.0538581808954 3.7194337368153 3370184 1001
1453115591313 209005 51.0538558430348 3.71934854706869 6706116 999
1453115592313 210005 51.0538477979075 3.71925944554438 5021116 1000
1453115593313 211005 51.0538489357058 3.7191744542798 5059228 1000
1453115594314 212006 51.0538678907611 3.71911298776762 5036128 1001
1453115595313 213005 51.0538670043165 3.71903423256621 3182592 999
1453115596313 214005 51.0538041324949 3.7189433628745 6219776 1000
1453115597313 215005 51.0537911828008 3.71887287884915 5710708 1000
1453115598314 216006 51.0537767731403 3.71880971871423 5036932 1001
1453115599313 217005 51.0537554085303 3.71874630151992 4912656 999
1453115600313 218005 51.053717948322 3.71866748582159 3315256 1000
1453115601313 219005 51.0537030651162 3.71859874712311 4401344 1000
1453115602313 220005 51.0536832728007 3.71853034311656 2957512 1000
1453115603314 221006 51.053712342959 3.71839524109311 971908 1001
1453115604314 222006 51.053712342959 3.71839524109311 4697780 1000
1453115605313 223005 51.0537486687028 3.71831811169303 3731876 999
1453115606313 224005 51.0537924970958 3.71823922713733 4342048 1000
1453115607314 225006 51.0538390395961 3.71816067735771 4291280 1001
1453115608313 226005 51.0538819264597 3.71808466887436 2645424 999
1453115609313 227005 51.0539204206617 3.71801015319456 990780 1000
1453115610313 228005 51.0539685524146 3.71794197266562 861372 1000
1453115611314 229006 51.0540069879486 3.71787200760756 2053704 1001
1453115612313 230005 51.0540475316686 3.71780253989203 1633776 999
1453115613313 231005 51.0541251410012 3.71766171741248 788580 1000
