1453109853527 880 51.0481454471688 3.73155255901043 0 880
1453109854527 1880 51.0481454471688 3.73155255901043 1089832 1000
1453109855526 2879 51.0481454471688 3.73155255901043 4087512 999
1453109856527 3880 51.0481454471688 3.73155255901043 6539264 1001
1453109857526 4879 51.0481454471688 3.73155255901043 8950928 999
1453109858527 5880 51.048167225838 3.73154365710331 4950428 1001
1453109859527 6880 51.0481992112432 3.73153589442381 5008104 1000
1453109860526 7879 51.0482186377894 3.73152902079541 5145860 999
1453109861526 8879 51.0482582131284 3.73152097804238 5007068 1000
1453109862526 9879 51.0482913757323 3.73148870623835 5077584 1000
1453109863526 10879 51.0483227865051 3.73146047694548 4985264 1000
1453109864526 11879 51.0483402526512 3.7314480526891 5001572 1000
1453109865526 12879 51.0483402526512 3.7314480526891 5063216 1000
1453109866526 13879 51.0483470457803 3.73143245039843 5085412 1000
1453109867526 14879 51.0483531326271 3.73141783886099 4973832 1000
1453109868527 15880 51.0484595207441 3.7314475994027 5009400 1001
1453109869526 16879 51.0484722269209 3.73145055568022 5088832 999
1453109870526 17879 51.0484722269209 3.73145055568022 4838908 1000
1453109871526 18879 51.0484825366395 3.73144937859542 4067328 1000
1453109872526 19879 51.0484959141705 3.73145290627728 6200540 1000
1453109873526 20879 51.0485142231396 3.73143894431132 5056012 1000
1453109874526 21879 51.0485142231396 3.73143894431132 4777024 1000
1453109875526 22879 51.0485470984868 3.73142026636331 3385344 1000
1453109876526 23879 51.0485755538517 3.73140174077424 4605952 1000
1453109877526 24879 51.0485755538517 3.73140174077424 6432768 1000
1453109878527 25880 51.0486221437992 3.7313516233052 5968824 1001
1453109879527 26880 51.0486657290493 3.73131345963658 3793448 1000
1453109880526 27879 51.048703982741 3.7312790017396 3808288 999
1453109881526 28879 51.0487395498902 3.73124767944119 2901000 1000
1453109882526 29879 51.0487395498902 3.73124767944119 2911180 1000
1453109883527 30880 51.0488208862465 3.73118356845351 5815172 1001
1453109884527 31880 51.0488577541064 3.73115226323207 5018600 1000
1453109885526 32879 51.0488947835762 3.73112309026205 4979424 999
1453109886526 33879 51.0489254443972 3.73109912332666 4307104 1000
1453109887527 34880 51.0489994287826 3.73105689269148 5807816 1001
1453109888527 35880 51.0490372434581 3.73102675003029 5052656 1000
1453109889527 36880 51.0490671867076 3.73100058941245 5027340 1000
1453109890526 37879 51.0490911675573 3.73097875931545 5041520 999
1453109891526 38879 51.0491167767776 3.73095683778021 4145152 1000
1453109892526 39879 51.0491411471236 3.73094045312149 5476352 1000
1453109893526 40879 51.049174700999 3.73092047735608 5503756 1000
1453109894527 41880 51.0492384865122 3.73088113901183 5043672 1001
1453109895526 42879 51.0492991963984 3.73083666839233 4915020 999
1453109896526 43879 51.0493378036843 3.73079162885182 4120576 1000
1453109897526 44879 51.0494054652489 3.73073883731415 5722112 1000
1453109898526 45879 51.049448986259 3.73070215791351 5393760 1000
1453109899526 46879 51.0494857559048 3.73068193797611 5038452 1000
1453109900526 47879 51.0495152200355 3.73066736263383 5058552 1000
1453109901526 48879 51.0495152200355 3.73066736263383 4464640 1000
1453109902527 49880 51.0495427381646 3.73065973924102 5208064 1001
1453109903526 50879 51.0495808270058 3.73065553858555 5437520 999
1453109904526 51879 51.0496061298698 3.73064295725772 5030088 1000
1453109905526 52879 51.0496374857753 3.73062713108172 5043516 1000
1453109906526 53879 51.0496715032638 3.73061010528294 4777848 1000
1453109907526 54879 51.0497007962709 3.73059664820916 5144576 1000
1453109908527 55880 51.0497354055322 3.7305794098925 4264340 1001
1453109909527 56880 51.0497680870129 3.73052630189072 5996840 1000
1453109910526 57879 51.0498238064475 3.73052343002358 4945180 999
1453109911526 58879 51.0498764339803 3.73051617053744 2754236 1000
1453109912527 59880 51.049910771927 3.73049723638977 1419264 1001
1453109913526 60879 51.0499375033003 3.73047761610829 4040704 999
1453109914526 61879 51.0499593051573 3.73044645387553 7809024 1000
1453109915526 62879 51.0499786302356 3.73040738628234 7931904 1000
1453109916527 63880 51.0500063012162 3.73036958917119 3408528 1001
1453109917526 64879 51.05003512962 3.7303330521183 4169728 999
1453109918527 65880 51.0500726690018 3.73031319799672 5505048 1001
1453109919526 66879 51.0501042325845 3.73029328256561 5578052 999
1453109920527 67880 51.0501237964944 3.7302733046235 4992220 1001
1453109921526 68879 51.0501407882653 3.73025212634321 4711668 999
1453109922526 69879 51.0501608712052 3.73022910463517 5165056 1000
1453109923526 70879 51.0501875608864 3.73019706562204 5280960 1000
1453109924526 71879 51.0502184236446 3.73016016890998 4958228 1000
1453109925526 72879 51.0502470807972 3.73012558998136 5122976 1000
1453109926527 73880 51.0502808188652 3.73008565039663 4133364 1001
1453109927526 74879 51.050300140518 3.73005293189208 4814908 999
1453109928527 75880 51.050321442051 3.73002327049086 6135248 1001
1453109929526 76879 51.0503465678254 3.72999720323062 5072136 999
1453109930527 77880 51.0503874758232 3.7299674603305 5038124 1001
1453109931526 78879 51.050414390549 3.72994511471651 4133776 999
1453109932527 79880 51.0504318652423 3.72992482662817 5234688 1001
1453109933526 80879 51.0504445412488 3.72990421489192 5636068 999
1453109934527 81880 51.050452548745 3.72988947243885 5043620 1001
1453109935526 82879 51.050452548745 3.72988947243885 4864920 999
1453109936526 83879 51.050452548745 3.72988947243885 4004116 1000
1453109937526 84879 51.050452548745 3.72988947243885 5060608 1000
1453109938526 85879 51.050452548745 3.72988947243885 6282296 1000
1453109939526 86879 51.050452548745 3.72988947243885 5045124 1000
1453109940526 87879 51.050452548745 3.72988947243885 4992688 1000
1453109941526 88879 51.050452548745 3.72988947243885 4202244 1000
1453109942526 89879 51.050452548745 3.72988947243885 3571712 1000
1453109943526 90879 51.050452548745 3.72988947243885 7008256 1000
1453109944526 91879 51.050452548745 3.72988947243885 5422432 1000
1453109945527 92880 51.050452548745 3.72988947243885 4908516 1001
1453109946526 93879 51.050452548745 3.72988947243885 4573728 999
1453109947526 94879 51.0504619088704 3.72987640129017 4145152 1000
1453109948526 95879 51.050452548745 3.72988947243885 6444064 1000
1453109949526 96879 51.0504600955609 3.72986638189597 5096324 1000
1453109950526 97879 51.0504775598404 3.72983553758482 4843748 1000
1453109951526 98879 51.0505085463032 3.72980070356214 4933088 1000
1453109952526 99879 51.0505529213091 3.72975381374234 3488932 1000
1453109953526 100879 51.0505821351837 3.72971365528299 6836228 1000
1453109954526 101879 51.0506122916369 3.72967822456162 5066900 1000
1453109955526 102879 51.0506539840898 3.72963669700584 5039128 1000
1453109956526 103879 51.0506968034486 3.7295911058825 4849732 1000
1453109957526 104879 51.0507333138019 3.72955345644729 4317184 1000
1453109958526 105879 51.050779790634 3.72951323080359 5977820 1000
1453109959527 106880 51.0508180563247 3.72947698716486 4966600 1001
1453109960527 107880 51.0508451966781 3.72944984647487 5042220 1000
1453109961526 108879 51.0508697155682 3.72941437426258 4706968 999
1453109962527 109880 51.0508885264382 3.72937447057157 4132864 1001
1453109963527 110880 51.0509310756201 3.72931067674394 6217604 1000
1453109964527 111880 51.0509552083879 3.72927596669809 5108100 1000
1453109965526 112879 51.0509552083879 3.72927596669809 5030028 999
1453109966527 113880 51.050981442553 3.72924428520739 4254896 1001
1453109967526 114879 51.0510109405304 3.72921087901565 3942400 999
1453109968527 115880 51.0510544130589 3.72913629082279 6819196 1001
1453109969527 116880 51.0510544130589 3.72913629082279 5234264 1000
1453109970526 117879 51.0511069050214 3.72906480604451 4527280 999
1453109971527 118880 51.0511204353282 3.72901630436636 3233792 1001
1453109972526 119879 51.0511347407387 3.72896205524392 4085276 999
1453109973526 120879 51.0511744413132 3.72892786362113 7413760 1000
1453109974527 121880 51.051219477041 3.72887240807834 5886932 1001
1453109975526 122879 51.0512612581652 3.7288266465182 5062028 999
1453109976526 123879 51.0513182206069 3.72877702218817 4592132 1000
1453109977527 124880 51.0513528770596 3.72873148425055 4087808 1001
1453109978526 125879 51.0513784554572 3.728693040838 5881856 999
1453109979526 126879 51.051395348664 3.72865011425691 5564984 1000
1453109980526 127879 51.0514184424658 3.72860231497409 5018760 1000
1453109981526 128879 51.0514621014713 3.72855869095792 4410940 1000
1453109982526 129879 51.0515198834799 3.72852814302657 4272928 1000
1453109983527 130880 51.0515942309787 3.72849931928126 4380360 1001
1453109984526 131879 51.0516538312538 3.72846530790001 4659872 999
1453109985526 132879 51.0517334816228 3.72841207437053 4406092 1000
1453109986526 133879 51.0517334816228 3.72841207437053 3590724 1000
1453109987526 134879 51.0517780041455 3.72839022256543 4052020 1000
1453109988526 135879 51.0518190163128 3.72836309305257 4567988 1000
1453109989526 136879 51.0518674791994 3.7283004647958 4322152 1000
1453109990526 137879 51.0518899739506 3.72826346750903 3718928 1000
1453109991526 138879 51.0518899739506 3.72826346750903 3846872 1000
1453109992526 139879 51.0519076289104 3.7282304828548 3696872 1000
1453109993526 140879 51.0519076289104 3.7282304828548 3607036 1000
1453109994527 141880 51.0519525356338 3.72817439124162 4461444 1001
1453109995526 142879 51.0519525356338 3.72817439124162 3818984 999
1453109996527 143880 51.051964230185 3.72816010921832 3311672 1001
1453109997526 144879 51.0519742367654 3.72815652038769 5686348 999
1453109998526 145879 51.0519742367654 3.72815652038769 6960880 1000
1453109999526 146879 51.0519742367654 3.72815652038769 6856704 1000
1453110000526 147879 51.0519742367654 3.72815652038769 7347528 1000
1453110001527 148880 51.0519742367654 3.72815652038769 4346500 1001
1453110002526 149879 51.0519742367654 3.72815652038769 770048 999
1453110003527 150880 51.0519742367654 3.72815652038769 4302848 1001
1453110004526 151879 51.0519742367654 3.72815652038769 5953536 999
1453110005527 152880 51.0519742367654 3.72815652038769 7438336 1001
1453110006526 153879 51.0519742367654 3.72815652038769 6844416 999
1453110007526 154879 51.0519742367654 3.72815652038769 4124672 1000
1453110008526 155879 51.0520188226515 3.72814259127121 5875712 1000
1453110009526 156879 51.0519724162301 3.72816509853228 5372448 1000
1453110010526 157879 51.0520116693776 3.72815167379192 5211816 1000
1453110011527 158880 51.0519724162301 3.72816509853228 4838948 1001
1453110012527 159880 51.0520013307839 3.72815629163809 3599684 1000
1453110013526 160879 51.0520293889978 3.72815206912622 5139740 999
1453110014526 161879 51.0520557558746 3.7281383275032 2920776 1000
1453110015527 162880 51.0520842808362 3.72811934013211 2715656 1001
1453110016526 163879 51.052142583124 3.72807034364114 2532632 999
1453110017526 164879 51.0521765747611 3.72807609984258 2014140 1000
1453110018526 165879 51.0522070404753 3.7280488259147 2076516 1000
1453110019526 166879 51.0522668602384 3.72799479456447 1586596 1000
1453110020526 167879 51.0523169794888 3.72792106475514 1826540 1000
1453110021527 168880 51.0523656665536 3.72785421184732 1705220 1001
1453110022527 169880 51.0524144231627 3.72778969371703 1445056 1000
1453110023526 170879 51.0524555425029 3.72773170655004 1732180 999
1453110024526 171879 51.0524951260757 3.72768163626697 1538068 1000
1453110025526 172879 51.0525296982809 3.72763818015085 1605468 1000
1453110026526 173879 51.0525651123139 3.72759454503719 2593552 1000
1453110027526 174879 51.0526026850444 3.72755170352002 2616468 1000
1453110028527 175880 51.0526398426306 3.72750198743043 2323952 1001
1453110029526 176879 51.0526844535197 3.72746551803836 2096140 999
1453110030526 177879 51.0527203885864 3.72740935695948 1605468 1000
1453110031526 178879 51.0527484323576 3.72734831789167 1271164 1000
1453110032526 179879 51.0527740140424 3.72728854340085 1275208 1000
1453110033526 180879 51.0527915859044 3.72723613187583 1284644 1000
1453110034527 181880 51.0528136562217 3.72718055466441 1190284 1001
1453110035526 182879 51.0528334090262 3.72712338793265 927424 999
1453110036526 183879 51.0528516820407 3.72706812871926 575596 1000
1453110037526 184879 51.0528683139214 3.72701026694185 80880 1000
1453110038526 185879 51.0528838343927 3.72695998548731 0 1000
1453110039527 186880 51.0528838343927 3.72695998548731 0 1001
1453110040527 187880 51.0529009151828 3.72691840994751 0 1000
1453110041526 188879 51.052905692035 3.72687759596498 4931360 999
1453110042526 189879 51.052907272116 3.72683113048215 5957632 1000
1453110043526 190879 51.0529500170814 3.72674876408268 7534592 1000
1453110044527 191880 51.0529914261389 3.72666308983572 5694832 1001
1453110045527 192880 51.05302600541 3.72657737537191 4960828 1000
1453110046527 193880 51.0530694022967 3.72644954238241 5116820 1000
1453110047526 194879 51.0530694022967 3.72644954238241 4137648 999
1453110048526 195879 51.0530883260063 3.72639871920849 4374528 1000
1453110049526 196879 51.0531107099769 3.72635741678388 6605644 1000
1453110050527 197880 51.0531280444106 3.72632669621875 5040172 1001
1453110051526 198879 51.0531296919075 3.72630132853147 2741832 999
1453110052526 199879 51.0531489797367 3.7263050895761 3587292 1000
1453110053527 200880 51.0531489797367 3.7263050895761 5574656 1001
1453110054526 201879 51.0531484550102 3.72628490079533 7364608 999
1453110055526 202879 51.053134150703 3.72625128637105 5880992 1000
1453110056526 203879 51.053160699044 3.72622591642471 5076124 1000
1453110057526 204879 51.0531845782534 3.72619493529298 3957068 1000
1453110058527 205880 51.0532183555382 3.7261670780759 4395008 1001
1453110059526 206879 51.0532560036062 3.72612301249922 6763048 999
1453110060526 207879 51.0532971147825 3.72606880156636 4135728 1000
1453110061526 208879 51.0533461043705 3.72600805889749 5930532 1000
1453110062526 209879 51.0533838135633 3.72593321379049 3928196 1000
1453110063526 210879 51.0534185452208 3.72584707818932 4425728 1000
1453110064526 211879 51.0534536415046 3.72576216840073 6766496 1000
1453110065527 212880 51.0534868871881 3.7256554628686 5037476 1001
1453110066526 213879 51.0535064611602 3.72559634546784 5038824 999
1453110067526 214879 51.0535064611602 3.72559634546784 4460400 1000
1453110068526 215879 51.0535206410273 3.72554955662631 4481024 1000
1453110069527 216880 51.0535585567139 3.72550385700068 6176396 1001
1453110070526 217879 51.0535737062804 3.72547019196975 5038824 999
1453110071527 218880 51.0535875087338 3.72541348500473 5014308 1001
1453110072527 219880 51.0535875087338 3.72541348500473 4365116 1000
1453110073526 220879 51.0536101470085 3.72534074484294 4302848 999
1453110074526 221879 51.0536614202704 3.72525481182912 6413712 1000
1453110075526 222879 51.0536741704565 3.72521361893687 4861548 1000
1453110076526 223879 51.0536753704221 3.72516892978489 4951348 1000
1453110077526 224879 51.0536615041269 3.72512268426765 4414988 1000
1453110078526 225879 51.0536601694141 3.72509155415043 4874240 1000
1453110079526 226879 51.0536542286736 3.7250603249424 6135756 1000
1453110080526 227879 51.0536583403638 3.72501493618965 4999368 1000
1453110081526 228879 51.053694677773 3.72493643714997 4819732 1000
1453110082526 229879 51.0537284978771 3.72487141641457 3644972 1000
1453110083526 230879 51.0537996757786 3.72476551172606 4698112 1000
1453110084526 231879 51.053805692942 3.72463878328835 5149324 1000
1453110085526 232879 51.0538204544527 3.72453291900901 4524476 1000
1453110086526 233879 51.0538331873632 3.72444181690098 3927664 1000
1453110087527 234880 51.0538331873632 3.72444181690098 3543192 1001
1453110088527 235880 51.0538389752153 3.72437356525726 3880892 1000
1453110089526 236879 51.0538441443618 3.72430766477029 5363692 999
1453110090526 237879 51.053850112195 3.72423602469189 4191972 1000
1453110091526 238879 51.0538563861625 3.72417095786892 4278264 1000
1453110092526 239879 51.0538617990247 3.72410957810444 4030916 1000
1453110093526 240879 51.0538645628502 3.72404844298967 4013092 1000
1453110094526 241879 51.0538682392708 3.72399049108969 4741020 1000
1453110095527 242880 51.0538723346486 3.72394314090585 4597228 1001
1453110096526 243879 51.0538734200933 3.72390445819077 4590744 999
1453110097526 244879 51.0538732059158 3.72387236226766 4017100 1000
1453110098526 245879 51.0538692643465 3.72384902775015 4659432 1000
1453110099526 246879 51.0538692643465 3.72384902775015 4586436 1000
1453110100526 247879 51.053861496332 3.72382610495726 4177636 1000
1453110101526 248879 51.0538596758803 3.72381154040306 4057320 1000
1453110102526 249879 51.0538586915424 3.72379049455037 3895808 1000
1453110103527 250880 51.053853886925 3.7237641679125 4009984 1001
1453110104527 251880 51.053853886925 3.7237641679125 5081568 1000
1453110105526 252879 51.053831096466 3.7236760499133 4489100 999
1453110106526 253879 51.0538302501882 3.72363896651287 2679616 1000
1453110107526 254879 51.0538302501882 3.72363896651287 3600140 1000
1453110108526 255879 51.0538306951855 3.72359265531994 4366336 1000
1453110109527 256880 51.0538206157113 3.72347170193217 5367188 1001
1453110110526 257879 51.0538206157113 3.72347170193217 4533948 999
1453110111526 258879 51.0538106108994 3.72337285060014 4540036 1000
1453110112526 259879 51.0538099129241 3.72333451324776 4144452 1000
1453110113527 260880 51.053805061978 3.72330677060999 3747888 1001
1453110114526 261879 51.0538011341213 3.72328395257219 3102936 999
1453110115526 262879 51.0538031319797 3.72325570521287 3027968 1000
1453110116526 263879 51.0538044208743 3.72322372512517 2102128 1000
1453110117527 264880 51.0538044208743 3.72322372512517 1793592 1001
1453110118526 265879 51.0538077335264 3.7231843034546 4988928 999
1453110119526 266879 51.0538118687549 3.72314057580001 3486648 1000
1453110120526 267879 51.0538126670213 3.72306335622097 3153620 1000
1453110121526 268879 51.0538107125733 3.72302878662825 2631296 1000
1453110122526 269879 51.0538107125733 3.72302878662825 452448 1000
1453110123526 270879 51.0538144550603 3.72295193473881 3608372 1000
1453110124527 271880 51.0538144550603 3.72295193473881 1864316 1001
1453110125526 272879 51.0538155921919 3.72292018497898 4035236 999
1453110126526 273879 51.0538156654161 3.72289108430739 4333976 1000
1453110127526 274879 51.0538185487042 3.72285470019821 4196716 1000
1453110128527 275880 51.0538174520475 3.72281954170716 3402036 1001
1453110129526 276879 51.0538169692579 3.7227821607368 4383464 999
1453110130527 277880 51.0538145307942 3.72274952973697 3966532 1001
1453110131526 278879 51.0538148338441 3.72272816292576 4465208 999
1453110132526 279879 51.0538180953558 3.7227104649211 3821580 1000
1453110133526 280879 51.0538180953558 3.7227104649211 3620440 1000
1453110134526 281879 51.0538180953558 3.7227104649211 5606984 1000
1453110135527 282880 51.0538180953558 3.7227104649211 4030156 1001
1453110136527 283880 51.0538180953558 3.7227104649211 4715348 1000
1453110137527 284880 51.0538180953558 3.7227104649211 4360836 1000
1453110138526 285879 51.0538180953558 3.7227104649211 4385888 999
1453110139526 286879 51.0538180953558 3.7227104649211 4715060 1000
1453110140526 287879 51.0538180953558 3.7227104649211 4158632 1000
1453110141527 288880 51.0538180953558 3.7227104649211 4432572 1001
1453110142526 289879 51.0538180953558 3.7227104649211 4277864 999
1453110143527 290880 51.0538180953558 3.7227104649211 4038544 1001
1453110144526 291879 51.0538180953558 3.7227104649211 5378048 999
1453110145526 292879 51.0538180953558 3.7227104649211 3447868 1000
1453110146526 293879 51.0538180953558 3.7227104649211 4097172 1000
1453110147526 294879 51.0538180953558 3.7227104649211 4502108 1000
1453110148526 295879 51.0538180953558 3.7227104649211 2344120 1000
1453110149527 296880 51.0538180953558 3.7227104649211 2129920 1001
1453110150526 297879 51.0538180953558 3.7227104649211 5480448 999
1453110151527 298880 51.0538180953558 3.7227104649211 7274496 1001
1453110152526 299879 51.0538180953558 3.7227104649211 4460764 999
1453110153527 300880 51.0538180953558 3.7227104649211 4141496 1001
1453110154526 301879 51.0538180953558 3.7227104649211 4038656 999
1453110155526 302879 51.0538180953558 3.7227104649211 6115092 1000
1453110156527 303880 51.0538180953558 3.7227104649211 4890180 1001
1453110157526 304879 51.0538180953558 3.7227104649211 4374700 999
1453110158526 305879 51.0538180953558 3.7227104649211 3611200 1000
1453110159527 306880 51.0538180953558 3.7227104649211 4108288 1001
1453110160527 307880 51.0538180953558 3.7227104649211 5045164 1000
1453110161526 308879 51.0538180953558 3.7227104649211 3556128 999
1453110162526 309879 51.0538180953558 3.7227104649211 4311812 1000
1453110163526 310879 51.0538180953558 3.7227104649211 4269280 1000
1453110164526 311879 51.0538180953558 3.7227104649211 3074060 1000
1453110165526 312879 51.0538180953558 3.7227104649211 3593316 1000
1453110166526 313879 51.0538180953558 3.7227104649211 6313648 1000
1453110167526 314879 51.0538180953558 3.7227104649211 4465852 1000
1453110168527 315880 51.0538180953558 3.7227104649211 4055532 1001
1453110169526 316879 51.0538180953558 3.7227104649211 3866624 999
1453110170526 317879 51.0538180953558 3.7227104649211 5032552 1000
1453110171526 318879 51.0538180953558 3.7227104649211 4772420 1000
1453110172526 319879 51.0538180953558 3.7227104649211 4657984 1000
1453110173526 320879 51.0538180953558 3.7227104649211 4528456 1000
1453110174526 321879 51.0538180953558 3.7227104649211 3817472 1000
1453110175526 322879 51.0538180953558 3.7227104649211 5266960 1000
1453110176526 323879 51.0538180953558 3.7227104649211 2790460 1000
1453110177527 324880 51.0538180953558 3.7227104649211 4464576 1001
1453110178526 325879 51.0538180953558 3.7227104649211 4100780 999
1453110179526 326879 51.0538180953558 3.7227104649211 4079968 1000
1453110180526 327879 51.0538180953558 3.7227104649211 5068916 1000
1453110181526 328879 51.0538180953558 3.7227104649211 5518464 1000
1453110182526 329879 51.0538180953558 3.7227104649211 4573840 1000
1453110183527 330880 51.0538180953558 3.7227104649211 2364392 1001
1453110184526 331879 51.0538180953558 3.7227104649211 3459072 999
1453110185526 332879 51.0538180953558 3.7227104649211 7137280 1000
1453110186526 333879 51.0538180953558 3.7227104649211 4638952 1000
1453110187526 334879 51.0538180953558 3.7227104649211 4535372 1000
1453110188526 335879 51.0538180953558 3.7227104649211 4088224 1000
1453110189526 336879 51.0538180953558 3.7227104649211 2915500 1000
1453110190526 337879 51.0538180953558 3.7227104649211 3200428 1000
1453110191527 338880 51.0538180953558 3.7227104649211 3729996 1001
1453110192526 339879 51.0538180953558 3.7227104649211 4278420 999
1453110193526 340879 51.0538180953558 3.7227104649211 4292072 1000
1453110194526 341879 51.0538180953558 3.7227104649211 4224476 1000
1453110195526 342879 51.0538180953558 3.7227104649211 4442632 1000
1453110196526 343879 51.0538180953558 3.7227104649211 4142232 1000
1453110197526 344879 51.0538180953558 3.7227104649211 3558608 1000
1453110198526 345879 51.0538157053146 3.72267539029452 3604996 1000
1453110199526 346879 51.0538157053146 3.72267539029452 3598952 1000
1453110200526 347879 51.0538157053146 3.72267539029452 3628944 1000
1453110201526 348879 51.0538157053146 3.72267539029452 3799116 1000
1453110202526 349879 51.0538157053146 3.72267539029452 3738016 1000
1453110203526 350879 51.0538157053146 3.72267539029452 3299152 1000
1453110204526 351879 51.0538157053146 3.72267539029452 3103172 1000
1453110205526 352879 51.0538157053146 3.72267539029452 3581560 1000
1453110206526 353879 51.0538157053146 3.72267539029452 3037044 1000
1453110207526 354879 51.0538157053146 3.72267539029452 3263016 1000
1453110208526 355879 51.0538157053146 3.72267539029452 2960700 1000
1453110209526 356879 51.0538157053146 3.72267539029452 2664348 1000
1453110210526 357879 51.0538157053146 3.72267539029452 3330832 1000
1453110211527 358880 51.0538157053146 3.72267539029452 1838468 1001
1453110212526 359879 51.0538157053146 3.72267539029452 3825756 999
1453110213526 360879 51.0538157053146 3.72267539029452 7050188 1000
1453110214527 361880 51.0538157053146 3.72267539029452 4525188 1001
1453110215527 362880 51.0538157053146 3.72267539029452 5382144 1000
1453110216526 363879 51.0538208435819 3.72264140153099 5673472 999
1453110217526 364879 51.053826672526 3.72260612131326 5053216 1000
1453110218526 365879 51.05383392623 3.72257483056232 5063348 1000
1453110219526 366879 51.05383392623 3.72257483056232 4249716 1000
1453110220526 367879 51.05383982 3.72254503600926 3604480 1000
1453110221526 368879 51.05383982 3.72254503600926 7200792 1000
1453110222527 369880 51.0538592727139 3.72244236295648 4958604 1001
1453110223526 370879 51.0538615950396 3.72241339570614 5092380 999
1453110224526 371879 51.0538615950396 3.72241339570614 4205564 1000
1453110225526 372879 51.0538615950396 3.72241339570614 4304896 1000
1453110226526 373879 51.0538510327699 3.72243560179279 5973132 1000
1453110227526 374879 51.0538510327699 3.72243560179279 5019580 1000
1453110228527 375880 51.0538510327699 3.72243560179279 4682656 1001
1453110229527 376880 51.0538510327699 3.72243560179279 4556116 1000
1453110230527 377880 51.0538510327699 3.72243560179279 4243596 1000
1453110231526 378879 51.0538510327699 3.72243560179279 3923588 999
1453110232526 379879 51.0538510327699 3.72243560179279 4027876 1000
1453110233526 380879 51.0538510327699 3.72243560179279 3927288 1000
1453110234527 381880 51.0538510327699 3.72243560179279 3969244 1001
1453110235526 382879 51.0538510327699 3.72243560179279 5223940 999
1453110236526 383879 51.0538510327699 3.72243560179279 4509060 1000
1453110237527 384880 51.0538510327699 3.72243560179279 4261028 1001
1453110238526 385879 51.0538510327699 3.72243560179279 3247920 999
1453110239526 386879 51.0538510327699 3.72243560179279 5775360 1000
1453110240527 387880 51.0538550734417 3.72240727732314 3469312 1001
1453110241526 388879 51.0538709435931 3.72235747903048 5861076 999
1453110242526 389879 51.0538847552589 3.72233260137032 4166568 1000
1453110243527 390880 51.0538847552589 3.72233260137032 1928388 1001
1453110244526 391879 51.0538847552589 3.72233260137032 2406400 999
1453110245527 392880 51.0539035394348 3.72231267289441 4354048 1001
1453110246526 393879 51.0539035394348 3.72231267289441 6627328 999
1453110247526 394879 51.0539301314191 3.72221356461034 6537216 1000
1453110248526 395879 51.053935260814 3.72216867342957 7434240 1000
1453110249526 396879 51.053935260814 3.72216867342957 5961728 1000
1453110250526 397879 51.0539471310705 3.72212854568954 4308992 1000
1453110251526 398879 51.0539471310705 3.72212854568954 4820992 1000
1453110252526 399879 51.0539825847554 3.72201989258688 6877184 1000
1453110253526 400879 51.0539962704655 3.72198641304372 5660328 1000
1453110254526 401879 51.0539962704655 3.72198641304372 5009204 1000
1453110255526 402879 51.0540075087623 3.72195631128292 3682304 1000
1453110256527 403880 51.0540075087623 3.72195631128292 5898240 1001
1453110257526 404879 51.0540453656516 3.72190777561358 5650376 999
1453110258526 405879 51.0540678771769 3.72191270252188 5223224 1000
1453110259527 406880 51.0540884511837 3.72192492437593 4409060 1001
1453110260527 407880 51.0541163877346 3.72193255104705 2809856 1000
1453110261526 408879 51.0541479364025 3.72194316365064 6529496 999
1453110262526 409879 51.0541770025657 3.72195583927691 3762236 1000
1453110263526 410879 51.0542095928858 3.72196989455951 4513104 1000
1453110264526 411879 51.0542484772716 3.72197909472326 3832296 1000
1453110265527 412880 51.0542867103731 3.7219843001836 4544176 1001
1453110266526 413879 51.0543362457016 3.7219930803341 5263940 999
1453110267526 414879 51.0544204744656 3.72200670267905 4676212 1000
1453110268526 415879 51.0544204744656 3.72200670267905 4353968 1000
1453110269526 416879 51.0545033966038 3.7220121924901 4593136 1000
1453110270526 417879 51.054543867098 3.72200960068078 4183120 1000
1453110271526 418879 51.0545890717562 3.72200337242892 4981504 1000
1453110272526 419879 51.0545890717562 3.72200337242892 1282228 1000
1453110273526 420879 51.0546318687119 3.72199888604745 3574616 1000
1453110274526 421879 51.0546700476153 3.72199719530829 6514884 1000
1453110275527 422880 51.0547064479229 3.72199799883566 3583300 1001
1453110276526 423879 51.0547469639972 3.72199921418764 4418824 999
1453110277527 424880 51.0547879495634 3.72200500007018 4604684 1001
1453110278526 425879 51.0548281368643 3.72200897447695 3953016 999
1453110279526 426879 51.0548688472248 3.72201367810528 4371872 1000
1453110280526 427879 51.0549092213348 3.72201955275702 4085760 1000
1453110281526 428879 51.0549920030074 3.72202608219791 4743312 1000
1453110282526 429879 51.0549920030074 3.72202608219791 4001768 1000
1453110283526 430879 51.0550317854168 3.72202152635339 3313176 1000
1453110284526 431879 51.055068648112 3.7220203884119 5251588 1000
1453110285526 432879 51.0551044935351 3.7220185756119 3874816 1000
1453110286526 433879 51.0551377935161 3.72202399263811 6588260 1000
1453110287526 434879 51.0551682515563 3.72203611080458 5015424 1000
1453110288527 435880 51.0551970403337 3.72204730924524 4985432 1001
1453110289526 436879 51.0552272226493 3.72205458218249 5021648 999
1453110290526 437879 51.0552521610985 3.72206868590997 3923968 1000
1453110291526 438879 51.0552521610985 3.72206868590997 6243308 1000
1453110292527 439880 51.055296508862 3.72211604772789 5000696 1001
1453110293526 440879 51.0553176862583 3.72214173957436 4978096 999
1453110294526 441879 51.0553398041353 3.72216676642564 4872652 1000
1453110295526 442879 51.0553602292956 3.72218896792614 4155392 1000
1453110296527 443880 51.0553779977206 3.72220624094628 1363968 1001
1453110297526 444879 51.0553971289367 3.72221992394897 5365760 999
1453110298526 445879 51.0554166026763 3.72223821575566 7215104 1000
1453110299526 446879 51.0554547000944 3.72226355929185 7335632 1000
1453110300527 447880 51.0554745841742 3.72227674556132 3108864 1001
1453110301526 448879 51.0554984573608 3.72230680628698 5831744 999
1453110302526 449879 51.0554984573608 3.72230680628698 3165104 1000
1453110303526 450879 51.0555441988672 3.72236672843499 5310576 1000
1453110304527 451880 51.0555630837349 3.7223862077698 5069188 1001
1453110305527 452880 51.0555630837349 3.7223862077698 3060968 1000
1453110306526 453879 51.0555805685794 3.72239418589302 5950944 999
1453110307526 454879 51.0555906680342 3.72240799134167 4865584 1000
1453110308526 455879 51.0555906680342 3.72240799134167 6266568 1000
1453110309526 456879 51.0556041087653 3.72242054340748 4817008 1000
1453110310526 457879 51.0556041087653 3.72242054340748 3731456 1000
1453110311526 458879 51.0556157803477 3.72240929190761 5830656 1000
1453110312526 459879 51.0556349474142 3.72238102704533 5724220 1000
1453110313526 460879 51.055658932378 3.72234837460599 5105920 1000
1453110314527 461880 51.0556941557619 3.72230793049294 5049580 1001
1453110315526 462879 51.0557258244533 3.72227027598995 4308292 999
1453110316526 463879 51.055754196823 3.72223692297229 5271552 1000
1453110317526 464879 51.0557921255554 3.72220045964835 5567012 1000
1453110318526 465879 51.0558298387739 3.72216146441943 4991720 1000
1453110319526 466879 51.0558665834602 3.7221413402772 5047432 1000
1453110320526 467879 51.0559095497695 3.72213887292845 3735552 1000
1453110321526 468879 51.0559095497695 3.72213887292845 4819684 1000
1453110322526 469879 51.0560184561781 3.7220961864565 2474124 1000
1453110323527 470880 51.0560554921333 3.72206910820562 1697132 1001
1453110324526 471879 51.0560554921333 3.72206910820562 2192548 999
