1453109086383 95 51.0641223908415 3.73023142875965 0 95
1453109087382 1094 51.0641283930043 3.7303166453051 601856 999
1453109088382 2094 51.0641335864574 3.73040967801511 1054136 1000
1453109089382 3094 51.0641391948543 3.73051019314389 874852 1000
1453109090383 4095 51.0641449995535 3.73061421222178 1006956 1001
1453109091382 5094 51.0641627843149 3.73083844572023 572900 999
1453109092382 6094 51.0641627843149 3.73083844572023 0 1000
1453109093382 7094 51.0641749552375 3.73096363826117 2006240 1000
1453109094382 8094 51.0641884507306 3.73109794126156 2583752 1000
1453109095382 9094 51.0641986796766 3.73123733147965 2412868 1000
1453109096382 10094 51.0642100520538 3.73137485959744 2452012 1000
1453109097382 11094 51.0642228174456 3.73150788269936 2519412 1000
1453109098382 12094 51.0642362995552 3.73163886851963 1662084 1000
1453109099382 13094 51.0642501138551 3.73176797600004 2299688 1000
1453109100382 14094 51.0642620871056 3.73189464735928 3022268 1000
1453109101382 15094 51.0642728864789 3.73201897873353 3690464 1000
1453109102382 16094 51.0642816526147 3.73214359887401 4911720 1000
1453109103383 17095 51.0642926510637 3.73227097426803 4653296 1001
1453109104382 18094 51.0642926510637 3.73227097426803 4316296 999
1453109105382 19094 51.0643036975158 3.73239584868281 1962688 1000
1453109106382 20094 51.0643238920803 3.73265129775969 2450664 1000
1453109107382 21094 51.0643338006719 3.73277735620368 1116144 1000
1453109108382 22094 51.0643415138662 3.73290300461627 1671520 1000
1453109109382 23094 51.0643518470738 3.73302626663283 2385960 1000
1453109110382 24094 51.0643518470738 3.73302626663283 4109096 1000
1453109111382 25094 51.0643792734777 3.73326848402722 3927680 1000
1453109112382 26094 51.0643906690171 3.73339058644481 3620728 1000
1453109113383 27095 51.0644012881147 3.73350768457283 3991428 1001
1453109114383 28095 51.0644012881147 3.73350768457283 4244852 1000
1453109115382 29094 51.0644129278322 3.73361862385426 4290036 999
1453109116382 30094 51.0644259249006 3.73380350168951 3815488 1000
1453109117383 31095 51.0644263217283 3.7338702820394 4341340 1001
1453109118382 32094 51.0644248730992 3.73392216379006 3366628 999
1453109119382 33094 51.0644171775196 3.73396245303713 3080520 1000
1453109120383 34095 51.0644171775196 3.73396245303713 430080 1001
1453109121383 35095 51.064412313799 3.73398830433331 4609676 1000
1453109122382 36094 51.0643696788872 3.73402064063351 2741752 999
1453109123382 37094 51.064359903764 3.73403219716486 3043784 1000
1453109124382 38094 51.0643405389737 3.73405213419559 2679384 1000
1453109125382 39094 51.0643111157379 3.73407503424939 2516432 1000
1453109126382 40094 51.0642775539728 3.73408444162731 2805472 1000
1453109127382 41094 51.0642336522626 3.73407552466455 2315864 1000
1453109128382 42094 51.064176335321 3.73406975016315 2793056 1000
1453109129382 43094 51.0641116221093 3.73407160568184 2744064 1000
1453109130382 44094 51.0640390792091 3.73408434777232 2860920 1000
1453109131382 45094 51.0639608102324 3.73410304465765 2652864 1000
1453109132382 46094 51.0638738248135 3.73413305284766 1974276 1000
1453109133382 47094 51.0637874926933 3.73417277306993 2886612 1000
1453109134382 48094 51.063700336169 3.73422080434339 2292664 1000
1453109135383 49095 51.0636107211103 3.73427120676274 1586232 1001
1453109136383 50095 51.0635199222357 3.73431946979889 1949312 1000
1453109137382 51094 51.0634303147538 3.73436111232467 2019848 999
1453109138383 52095 51.0633480271115 3.73439854188352 2133912 1001
1453109139382 53094 51.0632734582693 3.73443612763514 1932232 999
1453109140383 54095 51.0632089956781 3.73447093478686 2151560 1001
1453109141382 55094 51.0631594603714 3.7345035633619 2652888 999
1453109142382 56094 51.0631201449516 3.7345227764693 2899652 1000
1453109143383 57095 51.0630936947475 3.7345300449839 3313980 1001
1453109144382 58094 51.0630758600103 3.73453125317603 3244328 999
1453109145382 59094 51.0630638429521 3.73452055743737 3362868 1000
1453109146383 60095 51.0630561453898 3.73448918296962 3290520 1001
1453109147382 61094 51.0630509920328 3.73444085221258 3035388 999
1453109148382 62094 51.0630492281579 3.73438372938885 3309544 1000
1453109149382 63094 51.063048306164 3.7343317481909 3285724 1000
1453109150382 64094 51.0630417897258 3.73429194228804 3203496 1000
1453109151382 65094 51.0630280727486 3.73426178832925 3392168 1000
1453109152382 66094 51.0630124432758 3.7342547379534 3688904 1000
1453109153382 67094 51.0629961258371 3.73426360804995 3620700 1000
1453109154382 68094 51.0629702980436 3.73428047079014 2961688 1000
1453109155382 69094 51.0629398983033 3.73429557520777 3214848 1000
1453109156382 70094 51.062906016271 3.73430405849614 3371116 1000
1453109157383 71095 51.0628673491389 3.73430774905988 2941568 1001
1453109158382 72094 51.0628209733259 3.73430456283216 2189152 999
1453109159383 73095 51.0627686734398 3.7342960699141 3065956 1001
1453109160382 74094 51.0627226859163 3.73428355191548 3610404 999
1453109161382 75094 51.062686596595 3.73427040436955 4570652 1000
1453109162382 76094 51.0626634473078 3.73425671257807 4604768 1000
1453109163382 77094 51.0626518631132 3.7342464990276 4337036 1000
1453109164382 78094 51.0626518631132 3.7342464990276 4433212 1000
1453109165382 79094 51.0626518631132 3.7342464990276 3557112 1000
1453109166382 80094 51.0626518631132 3.7342464990276 4149244 1000
1453109167383 81095 51.0626518631132 3.7342464990276 4436684 1001
1453109168382 82094 51.0626621473818 3.73423125349232 4334340 999
1453109169382 83094 51.0626621473818 3.73423125349232 4516212 1000
1453109170382 84094 51.0626621473818 3.73423125349232 4012184 1000
1453109171382 85094 51.0626621473818 3.73423125349232 4836488 1000
1453109172382 86094 51.0626621473818 3.73423125349232 4553144 1000
1453109173382 87094 51.0626621473818 3.73423125349232 3488624 1000
1453109174383 88095 51.0626621473818 3.73423125349232 2511896 1001
1453109175383 89095 51.0626621473818 3.73423125349232 4050944 1000
1453109176382 90094 51.0626621473818 3.73423125349232 5770172 999
1453109177382 91094 51.0626621473818 3.73423125349232 6796108 1000
1453109178382 92094 51.0626621473818 3.73423125349232 6795648 1000
1453109179382 93094 51.0626621473818 3.73423125349232 5248360 1000
1453109180383 94095 51.0626621473818 3.73423125349232 3765488 1001
1453109181382 95094 51.0626388766721 3.73423707896743 4929536 999
1453109182383 96095 51.0625767164578 3.73425177741182 5416848 1001
1453109183383 97095 51.0625126770368 3.73427179084877 3295520 1000
1453109184383 98095 51.0624595002077 3.73426364589357 456972 1000
1453109185383 99095 51.0623951372876 3.73425163045928 559440 1000
1453109186382 100094 51.0623235028813 3.73424263872639 5477216 999
1453109187382 101094 51.0622473356874 3.73423499108654 3640352 1000
1453109188382 102094 51.0621709475114 3.73422090999093 3129412 1000
1453109189383 103095 51.0620921795143 3.73419969171371 3339380 1001
1453109190382 104094 51.0620122528499 3.73417902778389 3138680 999
1453109191382 105094 51.0619306358836 3.73415644030451 2956224 1000
1453109192383 106095 51.0618479374864 3.73413527356223 2389952 1001
1453109193382 107094 51.0617676538091 3.73412040953524 2550416 999
1453109194382 108094 51.061689533456 3.73410631889079 2493800 1000
1453109195382 109094 51.0616156094144 3.73408908853842 2880704 1000
1453109196382 110094 51.061547717007 3.73407329838404 2295616 1000
1453109197382 111094 51.0614886918294 3.73406087828289 1788796 1000
1453109198382 112094 51.061440716226 3.73405043517146 1729484 1000
1453109199382 113094 51.0614056697754 3.73403766009689 1830584 1000
1453109200382 114094 51.061379145459 3.73402583141976 1916856 1000
1453109201382 115094 51.0613648869401 3.73401622028177 1945424 1000
1453109202383 116095 51.0613648869401 3.73401622028177 2174064 1001
1453109203382 117094 51.061378675038 3.7340070785745 2652216 999
1453109204382 118094 51.061378675038 3.7340070785745 2662768 1000
1453109205383 119095 51.0613894206565 3.73400045228756 2899080 1001
1453109206382 120094 51.0613894206565 3.73400045228756 3401652 999
1453109207383 121095 51.0613894206565 3.73400045228756 2812628 1001
1453109208382 122094 51.0613705556517 3.73399492506791 2593320 999
1453109209382 123094 51.0613405308094 3.73399822539895 2364624 1000
1453109210382 124094 51.0612403947189 3.73403222017957 1734876 1000
1453109211382 125094 51.0612403947189 3.73403222017957 1842716 1000
1453109212382 126094 51.0611834923 3.73404634746461 2456056 1000
1453109213382 127094 51.0611207764438 3.73405864845985 1775316 1000
1453109214382 128094 51.0610546006273 3.73407243743114 1213200 1000
1453109215383 129095 51.0609850537835 3.73407903208768 2430444 1001
1453109216383 130095 51.0609097076665 3.7340754994628 2580072 1000
1453109217382 131094 51.0608324419227 3.7340647805383 1961704 999
1453109218382 132094 51.0607521354763 3.73405372015827 2027028 1000
1453109219382 133094 51.0606667642652 3.73403131731648 2929204 1000
1453109220382 134094 51.0605784010834 3.73401260619832 1350988 1000
1453109221382 135094 51.0604942061374 3.73400200296879 3631104 1000
1453109222383 136095 51.0604169562241 3.73399408549107 5076036 1001
1453109223382 137094 51.0603431105215 3.73396506470397 3827232 999
1453109224383 138095 51.060276291681 3.73391269956618 4079800 1001
1453109225382 139094 51.0602109672061 3.73385143118118 3481452 999
1453109226382 140094 51.0601415793397 3.73378714833427 4788216 1000
1453109227382 141094 51.0600682126218 3.73372971347835 4618196 1000
1453109228383 142095 51.0599928160148 3.73368403598683 4482000 1001
1453109229382 143094 51.0599171188241 3.73364907214457 4505816 999
1453109230382 144094 51.0599171188241 3.73364907214457 4351196 1000
1453109231382 145094 51.059849553499 3.73360842540939 3803504 1000
1453109232382 146094 51.0597476380292 3.73355979482399 3496920 1000
1453109233383 147095 51.059709140717 3.73356310970014 2809024 1001
1453109234382 148094 51.0596727953982 3.73355870379442 1774616 999
1453109235383 149095 51.0595808627053 3.73353035629357 1349348 1001
1453109236383 150095 51.0595808627053 3.73353035629357 1171412 1000
1453109237382 151094 51.0595278111591 3.73351123620222 3049176 999
1453109238383 152095 51.059484923345 3.73348572067434 3132156 1001
1453109239382 153094 51.0594490844231 3.73345713190104 2828700 999
1453109240382 154094 51.0594209758957 3.73343255347912 2636172 1000
1453109241383 155095 51.0594209758957 3.73343255347912 2925676 1001
1453109242383 156095 51.0593954832435 3.73338550042613 2964252 1000
1453109243383 157095 51.0593888282334 3.73337020641317 3034348 1000
1453109244383 158095 51.0593888282334 3.73337020641317 2710180 1000
1453109245382 159094 51.0593888282334 3.73337020641317 2305780 999
1453109246383 160095 51.0594019343482 3.73338350130939 2315812 1001
1453109247382 161094 51.0594088419921 3.73339519824379 2464248 999
1453109248382 162094 51.0594088419921 3.73339519824379 2346764 1000
1453109249382 163094 51.0594088419921 3.73339519824379 2639384 1000
1453109250383 164095 51.0594088419921 3.73339519824379 2526152 1001
1453109251382 165094 51.0594088419921 3.73339519824379 2586812 999
1453109252383 166095 51.0594088419921 3.73339519824379 2706784 1001
1453109253383 167095 51.0594088419921 3.73339519824379 2632592 1000
1453109254382 168094 51.0594088419921 3.73339519824379 2701392 999
1453109255382 169094 51.0594088419921 3.73339519824379 2369048 1000
1453109256382 170094 51.059391319404 3.73338848355033 2312556 1000
1453109257382 171094 51.0593720316598 3.73338226368185 2501888 1000
1453109258383 172095 51.0593445785356 3.73337811276409 1648604 1001
1453109259382 173094 51.0592981628823 3.73337711964337 3971324 999
1453109260382 174094 51.059252129594 3.73337987238392 3604068 1000
1453109261382 175094 51.059252129594 3.73337987238392 3490988 1000
1453109262382 176094 51.0591489153262 3.73336265365291 3630372 1000
1453109263382 177094 51.0590830387579 3.73333844916164 3616476 1000
1453109264383 178095 51.0590046069556 3.73331921422666 4875980 1001
1453109265382 179094 51.0589278469082 3.73330368749642 4514748 999
1453109266383 180095 51.0588556422223 3.73329277213788 5773312 1001
1453109267383 181095 51.0587820991422 3.73328132704953 5428060 1000
1453109268383 182095 51.0587091838963 3.73327108095754 5287144 1000
1453109269382 183094 51.0586389515122 3.73325868127985 5594952 999
1453109270382 184094 51.0586389515122 3.73325868127985 4221356 1000
1453109271382 185094 51.0585731019088 3.73324117419785 4093952 1000
1453109272382 186094 51.0584552559552 3.73321379518534 7573504 1000
1453109273382 187094 51.0583762896009 3.733201374073 5629284 1000
1453109274382 188094 51.0582962875865 3.7331941211769 5705772 1000
1453109275382 189094 51.0582962875865 3.7331941211769 5358100 1000
1453109276382 190094 51.0582241448278 3.73318969533942 3919872 1000
1453109277382 191094 51.0582241448278 3.73318969533942 6369280 1000
1453109278382 192094 51.0580255061553 3.73319826596669 7630848 1000
1453109279383 193095 51.0579598437283 3.7332042301163 6625016 1001
1453109280382 194094 51.057889578243 3.73320786687813 5519104 999
1453109281382 195094 51.0578199038482 3.73320797506783 3117056 1000
1453109282382 196094 51.0577536969723 3.7332050163682 6123520 1000
1453109283382 197094 51.0576864980058 3.7332034728636 6311464 1000
1453109284383 198095 51.0576226468903 3.73320454729654 5029756 1001
1453109285382 199094 51.0575601471088 3.73320316725116 2900160 999
1453109286382 200094 51.0574977195589 3.73320011219778 4558848 1000
1453109287382 201094 51.0574351949195 3.73319277037772 7307264 1000
1453109288382 202094 51.0573694174203 3.73318368670545 7888896 1000
1453109289382 203094 51.0573026390921 3.73317912742716 7530308 1000
1453109290382 204094 51.0572378117877 3.7331806795397 5220060 1000
1453109291382 205094 51.0571897220642 3.73318034683436 4202496 1000
1453109292382 206094 51.0571480199167 3.73316988060998 5361664 1000
1453109293382 207094 51.0570850593671 3.73315631342189 7497336 1000
1453109294383 208095 51.0570850593671 3.73315631342189 4216904 1001
1453109295382 209094 51.0570631447629 3.73314301163883 4480224 999
1453109296383 210095 51.0570378492246 3.73313300344908 3489792 1001
1453109297382 211094 51.0569916009041 3.73310018035423 5619712 999
1453109298383 212095 51.0569916009041 3.73310018035423 5959048 1001
1453109299382 213094 51.0569733779466 3.73309550515783 5483584 999
1453109300382 214094 51.0569733779466 3.73309550515783 4999260 1000
1453109301382 215094 51.0569581312899 3.73308785270464 3242832 1000
1453109302382 216094 51.0568918963307 3.73305522296628 2242652 1000
1453109303382 217094 51.0568918963307 3.73305522296628 393616 1000
1453109304382 218094 51.0568512425742 3.73301281713474 4588592 1000
1453109305383 219095 51.0568203778483 3.7329536717662 1708032 1001
1453109306382 220094 51.0567834203585 3.73289154283152 5325832 999
1453109307382 221094 51.0567654741699 3.73284199042298 3547392 1000
1453109308382 222094 51.0567497209232 3.73281555989674 3747984 1000
1453109309382 223094 51.0567381193206 3.73281741072662 3345192 1000
1453109310382 224094 51.0567381193206 3.73281741072662 3457724 1000
1453109311382 225094 51.0567381193206 3.73281741072662 4059268 1000
1453109312383 226095 51.0567381193206 3.73281741072662 3251376 1001
1453109313382 227094 51.0567381193206 3.73281741072662 2185108 999
1453109314382 228094 51.0567381193206 3.73281741072662 3996124 1000
1453109315382 229094 51.0567381193206 3.73281741072662 4256288 1000
1453109316383 230095 51.0567381193206 3.73281741072662 4376576 1001
1453109317382 231094 51.0567381193206 3.73281741072662 4708288 999
1453109318382 232094 51.0567367956881 3.73279188303051 3741972 1000
1453109319382 233094 51.0567351398816 3.73276492212108 3594156 1000
1453109320382 234094 51.0567366521208 3.73272974713049 2733948 1000
1453109321382 235094 51.0567366521208 3.73272974713049 2351104 1000
1453109322383 236095 51.0567434670161 3.7326865121333 2957312 1001
1453109323382 237094 51.0567805246857 3.732575633494 7886848 999
1453109324383 238095 51.0568084577312 3.73252248505484 6336608 1001
1453109325382 239094 51.0568381351982 3.7324816364135 5715720 999
1453109326382 240094 51.0568689329229 3.73244815679754 3506176 1000
1453109327382 241094 51.0568997633274 3.73242319408312 5214208 1000
1453109328382 242094 51.0569264814274 3.7324031733012 3338240 1000
1453109329383 243095 51.0569441210541 3.73238560738209 7680000 1001
1453109330382 244094 51.056954837209 3.73237331611741 7131136 999
1453109331382 245094 51.0569627143048 3.73236168213427 3194880 1000
1453109332382 246094 51.0569731322003 3.73234564211338 6332416 1000
1453109333382 247094 51.0569842503091 3.73231798781848 7487488 1000
1453109334383 248095 51.0569959073127 3.73228050439904 7905280 1001
1453109335383 249095 51.0570086365417 3.73222565363561 7565400 1000
1453109336383 250095 51.0570209575006 3.73215829932683 3117056 1000
1453109337383 251095 51.057030172876 3.73208301524452 5079040 1000
1453109338382 252094 51.0570367511769 3.73200800733894 8228864 999
1453109339382 253094 51.0570418777186 3.73194361891927 7880704 1000
1453109340382 254094 51.0570452141 3.73189546332138 7057408 1000
1453109341382 255094 51.0570471621257 3.73186358185853 3467264 1000
1453109342382 256094 51.0570471621257 3.73186358185853 5464064 1000
1453109343382 257094 51.0570472964988 3.73184202769124 7897088 1000
1453109344382 258094 51.0570472964988 3.73184202769124 7776256 1000
1453109345383 259095 51.0570472964988 3.73184202769124 5720984 1001
1453109346382 260094 51.0570502172618 3.7318702909254 3506176 999
1453109347383 261095 51.0570502172618 3.7318702909254 3598336 1001
1453109348383 262095 51.0570502172618 3.7318702909254 7686144 1000
1453109349382 263094 51.0570502172618 3.7318702909254 7966720 999
1453109350382 264094 51.0570502172618 3.7318702909254 6102360 1000
1453109351383 265095 51.0570502172618 3.7318702909254 3198976 1001
1453109352382 266094 51.0570502172618 3.7318702909254 4913152 999
1453109353383 267095 51.0570502172618 3.7318702909254 8128512 1001
1453109354382 268094 51.0570502172618 3.7318702909254 5710728 999
1453109355382 269094 51.0570502172618 3.7318702909254 4986932 1000
1453109356382 270094 51.0570502172618 3.7318702909254 3847856 1000
1453109357382 271094 51.0570502172618 3.7318702909254 4833280 1000
1453109358382 272094 51.0570545305977 3.73184941121484 7979008 1000
1453109359382 273094 51.0570571347545 3.73180981879432 7935480 1000
1453109360382 274094 51.0570600017834 3.73175397562997 6386800 1000
1453109361383 275095 51.0570600017834 3.73175397562997 3987408 1001
1453109362382 276094 51.0570653402221 3.73167962022478 4102144 999
1453109363382 277094 51.0570781872217 3.73149092030473 7704576 1000
1453109364383 278095 51.057074447139 3.73138087585046 7696384 1001
1453109365382 279094 51.0570753379742 3.73126918034484 7634944 999
1453109366382 280094 51.0570753379742 3.73126918034484 3502112 1000
1453109367382 281094 51.0570783756817 3.73115267931536 3241984 1000
1453109368382 282094 51.0570929846518 3.73092026682758 6726876 1000
1453109369382 283094 51.0571047274959 3.730800766431 4776300 1000
1453109370382 284094 51.0571161169378 3.73068234729276 5007500 1000
1453109371382 285094 51.0571265173533 3.73056561039655 3704168 1000
1453109372382 286094 51.0571265173533 3.73056561039655 3743800 1000
1453109373383 287095 51.0571317215756 3.73033872450591 1187432 1001
1453109374382 288094 51.0571213803487 3.73022784629259 4842016 999
1453109375382 289094 51.057107065953 3.73012067831563 2277524 1000
1453109376382 290094 51.0570889660751 3.73001287322107 3306400 1000
1453109377382 291094 51.0570701650255 3.72990376858806 4604168 1000
1453109378382 292094 51.0570499628922 3.72980118038631 4675016 1000
1453109379383 293095 51.057027468327 3.72970887897203 4740804 1001
1453109380382 294094 51.0570062667751 3.72963127216646 4984904 999
1453109381383 295095 51.0569871574502 3.72956799280322 4206204 1001
1453109382382 296094 51.0569871574502 3.72956799280322 5354760 999
1453109383382 297094 51.0569528417138 3.72948140939229 6384392 1000
1453109384382 298094 51.0569423510972 3.72944386411209 5893416 1000
1453109385382 299094 51.0569340607543 3.72941183466811 5896772 1000
1453109386382 300094 51.0569340607543 3.72941183466811 5334320 1000
1453109387382 301094 51.0569275734803 3.7293847189831 3538944 1000
1453109388382 302094 51.0569125679774 3.72933870774755 6885376 1000
1453109389382 303094 51.0569051136329 3.7293127989351 7033036 1000
1453109390383 304095 51.0568989512349 3.72928621177892 5383540 1001
1453109391382 305094 51.0568989512349 3.72928621177892 5384884 999
1453109392382 306094 51.0568945366181 3.72926122239621 3477504 1000
1453109393382 307094 51.0568913420186 3.72921824480738 6747688 1000
1453109394382 308094 51.0568868627143 3.72919596718881 4810556 1000
1453109395382 309094 51.05687892174 3.72916326960257 5342580 1000
1453109396382 310094 51.0568689414241 3.72911962037992 4512844 1000
1453109397382 311094 51.0568558800209 3.72906329561993 4096000 1000
1453109398383 312095 51.0568599195316 3.7289707564731 7449164 1001
1453109399382 313094 51.0568540882111 3.72889272773418 5665404 999
1453109400382 314094 51.0568478275219 3.72882949986707 5326304 1000
1453109401382 315094 51.0568478275219 3.72882949986707 5467756 1000
1453109402382 316094 51.0568470111069 3.72876637441314 2727936 1000
1453109403382 317094 51.0568735030066 3.72865774962502 8269824 1000
1453109404382 318094 51.0568866608474 3.72861838471487 7889400 1000
1453109405383 319095 51.0568913511499 3.72857855299838 6708348 1001
1453109406382 320094 51.0568907669384 3.72853558965676 4656608 999
1453109407382 321094 51.056882699915 3.72849758558597 1478656 1000
1453109408382 322094 51.0568676192405 3.72846544685496 3244032 1000
1453109409382 323094 51.0568510806626 3.72844431442686 7018496 1000
1453109410382 324094 51.05682716635 3.72843328743786 8136704 1000
1453109411383 325095 51.05682716635 3.72843328743786 5994368 1001
1453109412382 326094 51.0567998686721 3.72843903408561 3067904 999
1453109413382 327094 51.0567998686721 3.72843903408561 7090396 1000
1453109414382 328094 51.0567589653013 3.7284815343599 5029620 1000
1453109415382 329094 51.0567589653013 3.7284815343599 4862172 1000
1453109416383 330095 51.0567394549394 3.72848903672482 5030552 1001
1453109417383 331095 51.0567174132302 3.72848663340819 3854336 1000
1453109418382 332094 51.0567174132302 3.72848663340819 7119208 999
1453109419382 333094 51.0566448293113 3.72844265331326 6317696 1000
1453109420383 334095 51.0565880764533 3.72842668918216 5960548 1001
1453109421383 335095 51.0565880764533 3.72842668918216 5676180 1000
1453109422382 336094 51.0565221672973 3.72840364122762 3594240 999
1453109423383 337095 51.0565221672973 3.72840364122762 6383616 1001
1453109424382 338094 51.0563103015889 3.72834941778527 7847936 999
1453109425382 339094 51.0562493039863 3.72832574716752 7727104 1000
1453109426382 340094 51.0562493039863 3.72832574716752 6320648 1000
1453109427382 341094 51.0561898577153 3.72830645635881 3502080 1000
1453109428382 342094 51.0561898577153 3.72830645635881 5476352 1000
1453109429382 343094 51.0560810718197 3.72827772858929 7825408 1000
1453109430382 344094 51.0560810718197 3.72827772858929 7020224 1000
1453109431382 345094 51.0560810718197 3.72827772858929 3643132 1000
1453109432383 346095 51.0560909717275 3.72826764111744 3383296 1001
1453109433382 347094 51.0560909717275 3.72826764111744 7356416 999
1453109434383 348095 51.0561149437396 3.72826785510465 7266736 1001
1453109435383 349095 51.0561149437396 3.72826785510465 5387572 1000
1453109436382 350094 51.0561149437396 3.72826785510465 4737468 999
1453109437382 351094 51.0561149437396 3.72826785510465 3397632 1000
1453109438382 352094 51.0561149437396 3.72826785510465 6070272 1000
1453109439382 353094 51.0561149437396 3.72826785510465 7109536 1000
1453109440383 354095 51.0561149437396 3.72826785510465 4744156 1001
1453109441382 355094 51.0561149437396 3.72826785510465 5277840 999
1453109442382 356094 51.0561149437396 3.72826785510465 3391488 1000
1453109443383 357095 51.0561149437396 3.72826785510465 5670152 1001
1453109444382 358094 51.0561149437396 3.72826785510465 6407636 999
1453109445382 359094 51.0561149437396 3.72826785510465 7476764 1000
1453109446382 360094 51.0561149437396 3.72826785510465 4494836 1000
1453109447382 361094 51.0561149437396 3.72826785510465 3426304 1000
1453109448382 362094 51.0561149437396 3.72826785510465 6711296 1000
1453109449383 363095 51.0561029879508 3.72827177342273 6360340 1001
1453109450382 364094 51.0560756091876 3.72827673916272 4845568 999
1453109451382 365094 51.0560375562111 3.72828525786649 5133564 1000
1453109452382 366094 51.0559915027591 3.72829635888771 3416064 1000
1453109453382 367094 51.055944400819 3.72831919655269 6561792 1000
1453109454382 368094 51.0559019356301 3.72834948479142 7337984 1000
1453109455382 369094 51.0558657802246 3.72838103741815 5870468 1000
1453109456383 370095 51.0558294425435 3.72840557733359 5416172 1001
1453109457382 371094 51.0558010025223 3.7284245519279 3424256 999
1453109458382 372094 51.0558010025223 3.7284245519279 6287360 1000
1453109459382 373094 51.0557589824202 3.72844948502778 7225344 1000
1453109460383 374095 51.0557364323755 3.72845591168561 6395904 1001
1453109461382 375094 51.055712873041 3.72846392902835 6621184 999
1453109462382 376094 51.055712873041 3.72846392902835 3993600 1000
1453109463382 377094 51.0556874625096 3.72846987416634 5947392 1000
1453109464382 378094 51.0556192823777 3.72850900097496 7524352 1000
1453109465382 379094 51.0555832026798 3.72853734720274 6610532 1000
1453109466382 380094 51.0555508812827 3.72857133151439 5717504 1000
1453109467382 381094 51.0555153531972 3.72861185299905 3440640 1000
1453109468382 382094 51.0555153531972 3.72861185299905 5634048 1000
1453109469383 383095 51.0554362144196 3.72871395131741 7806976 1001
1453109470382 384094 51.0553964962099 3.72876877245494 7173092 999
1453109471382 385094 51.055354013755 3.72882496395298 5369552 1000
1453109472382 386094 51.055354013755 3.72882496395298 3670016 1000
1453109473382 387094 51.055354013755 3.72882496395298 741376 1000
1453109474383 388095 51.0553169236622 3.72887843802274 5332992 1001
1453109475382 389094 51.055173275357 3.72905455262718 7915520 999
1453109476382 390094 51.0551423512759 3.72909753054581 5265764 1000
1453109477382 391094 51.0551027219694 3.72914606817169 2874584 1000
1453109478382 392094 51.0550655837139 3.72919725586439 2977732 1000
1453109479382 393094 51.0550655837139 3.72919725586439 452928 1000
1453109480383 394095 51.0549961486337 3.72930664927505 3888980 1001
1453109481382 395094 51.0549524481328 3.72936721852184 0 999
1453109482382 396094 51.0549524481328 3.72936721852184 789280 1000
1453109483382 397094 51.0548705661089 3.72948908497785 3016124 1000
1453109484382 398094 51.0548705661089 3.72948908497785 2605892 1000
1453109485382 399094 51.0547849052668 3.72960346898199 2940636 1000
1453109486382 400094 51.0547382279569 3.72966317767143 3117068 1000
1453109487383 401095 51.0546941540543 3.7297269594409 3059960 1001
1453109488382 402094 51.0546505570335 3.72979032914263 3010396 999
1453109489382 403094 51.0546032063347 3.72985397657657 2800832 1000
1453109490382 404094 51.054555362249 3.72991936905465 2568640 1000
1453109491382 405094 51.054555362249 3.72991936905465 2687212 1000
1453109492383 406095 51.0545024415157 3.7299909443843 3231216 1001
1453109493382 407094 51.0544458670652 3.73006536388725 4205840 999
1453109494383 408095 51.0543905937005 3.73014204245001 4860748 1001
1453109495383 409095 51.0543358073297 3.73021821823365 4360588 1000
1453109496383 410095 51.054285538791 3.7302912826228 4852504 1000
1453109497382 411094 51.0542371595808 3.73036272312383 4752304 999
1453109498382 412094 51.0541891022412 3.73043879399904 4280320 1000
1453109499382 413094 51.0541376862713 3.73051380819484 7458816 1000
1453109500382 414094 51.0540880816713 3.73058701677711 7442432 1000
1453109501383 415095 51.05404222149 3.7306446505138 7127088 1001
1453109502382 416094 51.0540046673774 3.73068800839499 5537072 999
1453109503382 417094 51.0539817326855 3.73072738885054 3174400 1000
1453109504383 418095 51.0539588171854 3.73075204358876 6012928 1001
1453109505382 419094 51.0539297433019 3.73078838084102 5930964 999
1453109506382 420094 51.0538973337179 3.73082699754371 6356344 1000
1453109507382 421094 51.0538615129935 3.73087243960122 4644744 1000
1453109508382 422094 51.0538146731089 3.73092007350675 2891776 1000
1453109509382 423094 51.0537630007986 3.73096588544676 7352320 1000
1453109510382 424094 51.0537110846047 3.73101012772872 7520256 1000
1453109511382 425094 51.0536629910185 3.7310550835425 7327744 1000
1453109512382 426094 51.0536106052395 3.73110259200188 6512640 1000
1453109513382 427094 51.053562979759 3.73114299308203 3682304 1000
1453109514383 428095 51.0535014221587 3.73117413616102 5396480 1001
1453109515382 429094 51.0534381709762 3.73120106794652 8112128 999
1453109516382 430094 51.053396361339 3.73123645895795 7636920 1000
1453109517382 431094 51.0533544518141 3.73128010103155 6245740 1000
1453109518382 432094 51.0533146020577 3.7313198278891 2955264 1000
1453109519382 433094 51.0532828564019 3.73134731032364 5107712 1000
1453109520382 434094 51.053250867134 3.73136218032128 7049216 1000
1453109521383 435095 51.0532163816713 3.73137264939849 7682048 1001
1453109522382 436094 51.0531816538806 3.73138367681296 8200192 999
1453109523382 437094 51.0531543652631 3.73139706933574 3964928 1000
1453109524382 438094 51.0531368298043 3.73141239544576 4151296 1000
1453109525383 439095 51.0531368298043 3.73141239544576 7745536 1001
1453109526382 440094 51.0531368298043 3.73141239544576 7645184 999
1453109527382 441094 51.0531315273741 3.73143479699705 7647232 1000
1453109528383 442095 51.0531315273741 3.73143479699705 4587520 1001
1453109529382 443094 51.0531315273741 3.73143479699705 3993600 999
1453109530382 444094 51.0531315273741 3.73143479699705 7794688 1000
1453109531382 445094 51.0531240550466 3.73144864846546 7589888 1000
1453109532382 446094 51.0531240550466 3.73144864846546 8093696 1000
1453109533383 447095 51.0531240550466 3.73144864846546 4743168 1001
1453109534382 448094 51.0531240550466 3.73144864846546 4456448 999
1453109535383 449095 51.0531240550466 3.73144864846546 6815744 1001
1453109536383 450095 51.0531240550466 3.73144864846546 7593984 1000
1453109537383 451095 51.0531240550466 3.73144864846546 7569408 1000
1453109538382 452094 51.0531240550466 3.73144864846546 4694016 999
1453109539382 453094 51.0531240550466 3.73144864846546 4059136 1000
1453109540382 454094 51.0531095827613 3.73146773732653 7548928 1000
1453109541383 455095 51.0530906611485 3.73148421072768 7962624 1001
1453109542382 456094 51.0530586647848 3.73151236877698 8050688 999
1453109543383 457095 51.0530159286055 3.73155047063282 6027264 1001
1453109544382 458094 51.052963377821 3.73160915425727 3444736 999
1453109545382 459094 51.0529059898712 3.73167588435528 6508544 1000
1453109546382 460094 51.0528468819818 3.73174125996918 7757824 1000
1453109547383 461095 51.0527853550705 3.73181146868412 7633448 1001
1453109548383 462095 51.0527312354769 3.73189101404678 3770192 1000
1453109549383 463095 51.0526814205206 3.73195461364958 3567616 1000
1453109550382 464094 51.0526053264286 3.73205769338463 6556720 999
1453109551382 465094 51.0526053264286 3.73205769338463 4087972 1000
1453109552383 466095 51.0525511225698 3.73213907171536 3758980 1001
1453109553383 467095 51.0525175037862 3.73217415582225 3225988 1000
1453109554382 468094 51.0525175037862 3.73217415582225 2134544 999
1453109555382 469094 51.0524796444985 3.73221293430367 2893164 1000
1453109556382 470094 51.0524409110032 3.73225541270386 4749940 1000
1453109557382 471094 51.0523987602655 3.73229667343783 3033412 1000
1453109558383 472095 51.0522892074957 3.73238428714443 2061644 1001
1453109559382 473094 51.0522285993227 3.73243938849223 946176 999
1453109560383 474095 51.0521682680298 3.7324894482073 5103796 1001
1453109561382 475094 51.0521071246091 3.7325390288514 2348216 999
1453109562382 476094 51.0520446220389 3.73258799884668 2246416 1000
1453109563382 477094 51.0519631045507 3.73261206729428 2094404 1000
1453109564383 478095 51.0518960548838 3.73266241860677 1561372 1001
1453109565382 479094 51.0518303420362 3.73271511736171 1452496 999
1453109566382 480094 51.0517656492598 3.73276888534335 1354976 1000
1453109567382 481094 51.0517656492598 3.73276888534335 3398720 1000
1453109568382 482094 51.0517023947622 3.73282130942401 2239028 1000
