1453198836965 106 51.0367413768771 3.7234935737199 0 106
1453198837965 1106 51.0367413768771 3.7234935737199 2400088 1000
1453198838966 2107 51.0367413768771 3.7234935737199 3113880 1001
1453198839965 3106 51.0367413768771 3.7234935737199 2921816 999
1453198840965 4106 51.0367413768771 3.7234935737199 4461180 1000
1453198841965 5106 51.0367413768771 3.7234935737199 3508352 1000
1453198842966 6107 51.0367413768771 3.7234935737199 3546380 1001
1453198843965 7106 51.0367578054326 3.72348842128517 3804812 999
1453198844965 8106 51.0367795294595 3.72348974501192 2928612 1000
1453198845965 9106 51.0368183271896 3.72352143315616 3442940 1000
1453198846965 10106 51.0368355410721 3.72354341283714 2610116 1000
1453198847966 11107 51.0368570289824 3.72356867364463 2952768 1001
1453198848966 12107 51.0368900971875 3.72359195446282 2777580 1000
1453198849965 13106 51.0369195614191 3.72361807705951 2314516 999
1453198850965 14106 51.0369449662416 3.72364226269432 2288904 1000
1453198851965 15106 51.036967572917 3.72368359337501 2492452 1000
1453198852966 16107 51.0369956297765 3.72373602474553 1318344 1001
1453198853965 17106 51.037029655265 3.72378815669585 665912 999
1453198854965 18106 51.0370663193792 3.7238367093393 1465276 1000
1453198855965 19106 51.0370988091829 3.72389408592492 1737572 1000
1453198856965 20106 51.0371361482088 3.72394809419704 1125580 1000
1453198857965 21106 51.0371720281843 3.72400348952517 1238812 1000
1453198858965 22106 51.037210240717 3.72404536720441 792624 1000
1453198859966 23107 51.0372454347223 3.72408999219074 384180 1001
1453198860966 24107 51.037276870133 3.7241339431953 349132 1000
1453198861965 25106 51.0373073953055 3.72418228177314 435404 999
1453198862966 26107 51.0373383030416 3.72423103325929 647040 1001
1453198863965 27106 51.0373722471582 3.72428259382099 365308 999
1453198864965 28106 51.0374056465271 3.72434137096745 788580 1000
1453198865965 29106 51.0374429433639 3.72440505851071 355872 1000
1453198866966 30107 51.0374785090974 3.72446697725077 427316 1001
1453198867965 31106 51.0375121387347 3.72452880743922 405748 999
1453198868965 32106 51.0375410935886 3.72457309459548 554028 1000
1453198869965 33106 51.0375677554527 3.72462311274152 198156 1000
1453198870966 34107 51.0375920603032 3.72467703393669 157716 1001
1453198871965 35106 51.0376190986746 3.72472992516281 320824 999
1453198872965 36106 51.0376489096525 3.7247823319182 297908 1000
1453198873965 37106 51.0376762472945 3.72483552102517 173892 1000
1453198874965 38106 51.03770619971 3.72489507006149 13480 1000
1453198875965 39106 51.0377386198355 3.72495780430901 0 1000
1453198876965 40106 51.0377656333715 3.72502029892425 0 1000
1453198877966 41107 51.0377935107078 3.7250855265794 0 1001
1453198878965 42106 51.037817979519 3.72514945950811 0 999
1453198879965 43106 51.037817979519 3.72514945950811 0 1000
1453198880966 44107 51.0378455722244 3.72521391969384 0 1001
1453198881965 45106 51.0378734733198 3.72528205599209 0 999
1453198882966 46107 51.0379017556489 3.72534912628642 0 1001
1453198883965 47106 51.0379278700715 3.72541985230347 0 999
1453198884965 48106 51.0379532555792 3.72548782523716 0 1000
1453198885965 49106 51.0379780252169 3.72555952707139 296560 1000
1453198886965 50106 51.0380252638341 3.72567497528392 1853500 1000
1453198887965 51106 51.0380455808883 3.7257157684285 3708348 1000
1453198888965 52106 51.0380585939223 3.72575061184635 619616 1000
1453198889965 53106 51.0380585939223 3.72575061184635 5890456 1000
1453198890965 54106 51.0380709396841 3.7257790467049 4988008 1000
1453198891965 55106 51.0380821122443 3.72579912214741 3646520 1000
1453198892966 56107 51.0380923170565 3.7258104120023 2243900 1001
1453198893966 57107 51.0380923170565 3.7258104120023 4556240 1000
1453198894965 58106 51.0380985673396 3.72582835228162 4281248 999
1453198895965 59106 51.0380985673396 3.72582835228162 6372904 1000
1453198896966 60107 51.0381121565406 3.72583538438224 6701348 1001
1453198897966 61107 51.0381121565406 3.72583538438224 6440744 1000
1453198898966 62107 51.0381121565406 3.72583538438224 6541844 1000
1453198899965 63106 51.0381121565406 3.72583538438224 7159228 999
1453198900965 64106 51.0381121565406 3.72583538438224 3537348 1000
1453198901965 65106 51.0381121565406 3.72583538438224 2597400 1000
1453198902967 66108 51.0381251516514 3.7258361756648 3788012 1002
1453198903965 67106 51.0381383110744 3.72584908467512 5112896 998
1453198904966 68107 51.038157800789 3.72587610473543 4844596 1001
1453198905966 69107 51.0381738657993 3.72591509753295 3313664 1000
1453198906965 70106 51.0381915875616 3.72595829756915 4949784 999
1453198907965 71106 51.0382108436467 3.72600740268157 3090808 1000
1453198908965 72106 51.0382492187269 3.72613012391889 3737356 1000
1453198909965 73106 51.0382712650583 3.72619651946013 3386824 1000
1453198910965 74106 51.0383009629637 3.72626687127441 1496280 1000
1453198911966 75107 51.0383285980543 3.72633552189594 3206244 1001
1453198912965 76106 51.0383470915494 3.72641231843769 4090584 999
1453198913965 77106 51.0383556848321 3.72649718023217 4978060 1000
1453198914965 78106 51.0383556848321 3.72649718023217 4286796 1000
1453198915966 79107 51.0383559786946 3.72658497316135 1164116 1001
1453198916966 80107 51.0383559786946 3.72658497316135 3215360 1000
1453198917965 81106 51.0383479031189 3.72684750712257 8085504 999
1453198918966 82107 51.0383467248733 3.72693482287554 3574536 1001
1453198919966 83107 51.0383417368012 3.72702294619635 1123064 1000
1453198920965 84106 51.0383417368012 3.72702294619635 1768576 999
1453198921965 85106 51.0383236989601 3.72720128412887 1567724 1000
1453198922965 86106 51.0383190950346 3.72729309653265 858676 1000
1453198923965 87106 51.0383170181246 3.72738805918436 1130972 1000
1453198924965 88106 51.0383179286397 3.72748261736392 3045132 1000
1453198925965 89106 51.0383189298692 3.72757651923896 1241508 1000
1453198926965 90106 51.0383189298692 3.72757651923896 0 1000
1453198927965 91106 51.0383186369485 3.72777020708525 3213088 1000
1453198928965 92106 51.0383188519848 3.72786981315683 1746204 1000
1453198929965 93106 51.0383183340898 3.72797083825291 2086704 1000
1453198930965 94106 51.0383175057011 3.72807307950968 1899332 1000
1453198931965 95106 51.0383179849696 3.7281758917314 1569072 1000
1453198932965 96106 51.0383172822094 3.72827928916287 764316 1000
1453198933965 97106 51.0383162468361 3.72838292583896 595816 1000
1453198934965 98106 51.038315713395 3.72848716829812 714440 1000
1453198935965 99106 51.0383160980492 3.72859145048234 417880 1000
1453198936965 100106 51.0383136638683 3.72869447324457 533808 1000
1453198937965 101106 51.0383139601339 3.72879977259427 551332 1000
1453198938966 102107 51.0383199181875 3.72890881374422 504152 1001
1453198939965 103106 51.0383278957485 3.72901878743679 513588 999
1453198940965 104106 51.0383358921103 3.72913253618843 350480 1000
1453198941966 105107 51.038346564786 3.72925008487788 343740 1001
1453198942965 106106 51.0383579442261 3.7293654445382 404400 999
1453198943965 107106 51.0383734590392 3.72947545573736 466408 1000
1453198944965 108106 51.038388745649 3.72958106427845 562116 1000
1453198945965 109106 51.0383992287307 3.72968493709933 792624 1000
1453198946965 110106 51.0384057494708 3.72978657606222 667260 1000
1453198947966 111107 51.0384156302361 3.72988302172775 498760 1001
1453198948965 112106 51.0384327781088 3.72996694999501 1102664 999
1453198949965 113106 51.0384632318186 3.7300325481112 2018712 1000
1453198950965 114106 51.0385008755393 3.73008317918193 2511916 1000
1453198951965 115106 51.0385393642053 3.7301182321432 1335168 1000
1453198952965 116106 51.0385393642053 3.7301182321432 389572 1000
1453198953965 117106 51.0386408945524 3.7301314265032 4695784 1000
1453198954965 118106 51.0387031107414 3.73010004942599 1463228 1000
1453198955965 119106 51.0387031107414 3.73010004942599 1265772 1000
1453198956965 120106 51.0388202339396 3.73001144223802 1509112 1000
1453198957965 121106 51.0388793394639 3.72996913881313 1984904 1000
1453198958966 122107 51.0389367866273 3.72992562722467 2613772 1001
1453198959965 123106 51.0389931913211 3.72987337344939 1501672 999
1453198960965 124106 51.0390414118983 3.72981317833373 1102664 1000
1453198961965 125106 51.0390867178855 3.729762749394 963820 1000
1453198962965 126106 51.0391282996096 3.72972545227296 2036932 1000
1453198963966 127107 51.0391721698376 3.72969259796354 1794084 1001
1453198964965 128106 51.0392206828449 3.72966623418948 1733528 999
1453198965965 129106 51.0392657469734 3.72964836166739 1279304 1000
1453198966965 130106 51.0393136711955 3.72963450583566 1656640 1000
1453198967965 131106 51.0393614642333 3.72962446809495 1579856 1000
1453198968965 132106 51.0394060850854 3.72961952160973 1160628 1000
1453198969965 133106 51.0394480452937 3.72961456341399 1180848 1000
1453198970965 134106 51.0394883694001 3.72961495570426 1465276 1000
1453198971965 135106 51.0395257443448 3.7296205104934 1197724 1000
1453198972965 136106 51.0395678737334 3.7296228441291 1921124 1000
1453198973965 137106 51.0396089858059 3.72962789460369 2380992 1000
1453198974965 138106 51.0396465347283 3.72964491888962 736008 1000
1453198975965 139106 51.0396465347283 3.72964491888962 1039308 1000
1453198976966 140107 51.0397062840578 3.72964942561787 1326432 1001
1453198977965 141106 51.0397411359693 3.72965378300254 1573168 999
1453198978965 142106 51.0397783952082 3.72966009076473 1662032 1000
1453198979965 143106 51.0398183565668 3.72967038946163 1619648 1000
1453198980965 144106 51.0398517406556 3.72967475165876 1957996 1000
1453198981965 145106 51.03989280409 3.72966928149085 2088000 1000
1453198982966 146107 51.039931871548 3.72967302604846 2201940 1001
1453198983965 147106 51.039931871548 3.72967302604846 917180 999
1453198984965 148106 51.0400138305609 3.72967763897231 3618184 1000
1453198985965 149106 51.0400566053687 3.72968214994545 4180148 1000
1453198986965 150106 51.0400973842017 3.72968334098789 2753964 1000
1453198987965 151106 51.0401370083139 3.72970352942201 2162892 1000
1453198988965 152106 51.0401694132144 3.72973474667864 2193844 1000
1453198989965 153106 51.0402033368548 3.72975692420849 2466840 1000
1453198990965 154106 51.040237630159 3.72976732582338 1552896 1000
1453198991966 155107 51.0402728360676 3.72978363156645 2460100 1001
1453198992966 156107 51.0403047821317 3.72979533126547 2189852 1000
1453198993965 157106 51.0403368976742 3.72979948103269 2599592 999
1453198994966 158107 51.0403760750751 3.72978957735323 2184460 1001
1453198995966 159107 51.040420905018 3.72976677758167 1182844 1000
1453198996966 160107 51.0404559473924 3.72974218331871 2713524 1000
1453198997965 161106 51.0404938346941 3.72971978151087 2027392 999
1453198998965 162106 51.0405321272776 3.72970340833154 1965384 1000
1453198999965 163106 51.0405728146526 3.72968611440823 2284860 1000
1453199000965 164106 51.0406147764482 3.72966498134426 3004692 1000
1453199001965 165106 51.0406554809393 3.72963453854243 3309340 1000
1453199002966 166107 51.0407037633247 3.72962028824298 3370000 1001
1453199003965 167106 51.0407390687876 3.72960389952312 2941388 999
1453199004965 168106 51.0407746999025 3.7295824821777 3178532 1000
1453199005966 169107 51.040817832252 3.72956027930574 1566376 1001
1453199006965 170106 51.0408548820907 3.72953494517032 4291748 999
1453199007965 171106 51.0408949088078 3.72950620876428 4924852 1000
1453199008965 172106 51.0409376117386 3.72947646105063 5099160 1000
1453199009966 173107 51.0409801786982 3.7294518564175 4294676 1001
1453199010966 174107 51.0410297276122 3.7294201624667 2330692 1000
1453199011965 175106 51.0410297276122 3.7294201624667 1171116 999
1453199012965 176106 51.0410755507239 3.72939537202136 5545968 1000
1453199013965 177106 51.0411256642377 3.72937049197187 3662516 1000
1453199014966 178107 51.041162046697 3.72936057614076 4545068 1001
1453199015965 179106 51.0411933469443 3.72935516861489 3034088 999
1453199016965 180106 51.0412158827178 3.72935123621654 4315596 1000
1453199017965 181106 51.0412301522406 3.72936115374152 4166668 1000
1453199018965 182106 51.0412399219089 3.72937214867097 4134472 1000
1453199019965 183106 51.04125886912 3.7293671164812 4976660 1000
1453199020965 184106 51.0412878089213 3.72938185524481 5057960 1000
1453199021966 185107 51.0413092622379 3.72939449388476 4975204 1001
1453199022965 186106 51.04132580203 3.72937917643953 4597380 999
1453199023966 187107 51.0413489011902 3.72935051237797 4788700 1001
1453199024966 188107 51.0413768724723 3.72932186259145 6066448 1000
1453199025965 189106 51.0414015518777 3.72930932763795 4679456 999
1453199026966 190107 51.0414368715724 3.72930223252516 3606528 1001
1453199027965 191106 51.0414734001549 3.72929029173328 7610368 999
1453199028965 192106 51.0415117377844 3.72927300828297 7469400 1000
1453199029965 193106 51.0415490479697 3.72925917662574 4911620 1000
1453199030965 194106 51.0415841261616 3.72924332473209 4773532 1000
1453199031966 195107 51.0416287403798 3.72922701878739 735232 1001
1453199032965 196106 51.0416287403798 3.72922701878739 3158016 999
1453199033966 197107 51.0417602369931 3.72918348881038 8871936 1001
1453199034966 198107 51.0418023963929 3.7291629469063 4457228 1000
1453199035965 199106 51.0418443380815 3.72915428398496 3428552 999
1453199036966 200107 51.0418932816191 3.72914346284579 3477892 1001
1453199037966 201107 51.0419394872795 3.7291357940409 3793220 1000
1453199038965 202106 51.0419755647499 3.72913208300189 3131508 999
1453199039965 203106 51.0420179698801 3.72912654523937 3160236 1000
1453199040965 204106 51.0420643694489 3.72912616420271 3101768 1000
1453199041966 205107 51.0421097445849 3.72913201896271 2217460 1001
1453199042966 206107 51.0421524630559 3.72913648801966 3103096 1000
1453199043966 207107 51.0421524630559 3.72913648801966 970560 1000
1453199044965 208106 51.0422272598782 3.72914035859709 4757092 999
1453199045966 209107 51.042264100129 3.72913679632049 2819192 1001
1453199046966 210107 51.0423052797732 3.72912261942002 2687388 1000
1453199047966 211107 51.0423549195656 3.72910943565681 2207532 1000
1453199048965 212106 51.0424133740723 3.72909060145664 3349884 999
1453199049966 213107 51.042466555866 3.72908105352073 3765404 1001
1453199050965 214106 51.0425172217704 3.7290702758089 3432272 999
1453199051965 215106 51.042573598822 3.7290533024699 3656808 1000
1453199052965 216106 51.0426264362953 3.72904275890313 3182784 1000
1453199053965 217106 51.0426763134181 3.72901192960886 3662360 1000
1453199054966 218107 51.0427351884972 3.72895053381749 3256380 1001
1453199055965 219106 51.0427872061787 3.72891556955658 2172696 999
1453199056965 220106 51.0428253997518 3.72896388461876 2956184 1000
1453199057965 221106 51.0428654816285 3.7289860234996 3030564 1000
1453199058965 222106 51.0429025664171 3.72899546276991 2735792 1000
1453199059965 223106 51.0429390804507 3.72898804701052 2601976 1000
1453199060965 224106 51.0429826399741 3.72896574644772 2439880 1000
1453199061965 225106 51.04302659936 3.72894844877357 2549068 1000
1453199062965 226106 51.0430705320219 3.72893203925504 2546372 1000
1453199063965 227106 51.0431094171814 3.72892354718311 2898200 1000
1453199064965 228106 51.0431410963998 3.72891639597963 2356304 1000
1453199065965 229106 51.0431826553677 3.72895000840129 2056400 1000
1453199066965 230106 51.043216772192 3.72894323540258 2847028 1000
1453199067966 231107 51.0432490896926 3.72892127066488 2334296 1001
1453199068965 232106 51.0432863040884 3.72891317045503 2578412 999
1453199069965 233106 51.0433216890805 3.72890694909622 2600292 1000
1453199070965 234106 51.0433503351765 3.72889265664078 2139976 1000
1453199071966 235107 51.0433853148834 3.72887939940435 2856240 1001
1453199072965 236106 51.0434314960368 3.72886608725054 2260068 999
1453199073965 237106 51.0434781949526 3.72885647170209 2523456 1000
1453199074965 238106 51.0435226149155 3.72884901156539 2151408 1000
1453199075966 239107 51.0435682325766 3.72883835259539 134152 1001
1453199076965 240106 51.0436226889638 3.72882127553372 1972144 999
1453199077966 241107 51.0436767630864 3.72880164228444 3758852 1001
1453199078965 242106 51.0436767630864 3.72880164228444 102448 999
1453199079966 243107 51.0437733407607 3.72875765494137 4157284 1001
1453199080965 244106 51.0438225722424 3.72873817365035 2271432 999
1453199081966 245107 51.0438574029334 3.72872115659888 1656588 1001
1453199082965 246106 51.0438865224469 3.72869607527899 2050308 999
1453199083965 247106 51.0439223217777 3.72867789844397 1515152 1000
1453199084966 248107 51.0439568664632 3.72866719736376 1606816 1001
1453199085965 249106 51.0439911248638 3.72865028090274 1454492 999
1453199086965 250106 51.0440277533656 3.72863388000137 1373612 1000
1453199087965 251106 51.0440658104143 3.72861917494844 1306212 1000
1453199088966 252107 51.0441013181526 3.7286088785992 888332 1001
1453199089965 253106 51.0441372381765 3.72860603364808 1099968 999
1453199090965 254106 51.0441719972517 3.72860896300687 1016392 1000
1453199091965 255106 51.0442060112762 3.72860956428418 1121536 1000
1453199092965 256106 51.0442386422451 3.7286100745156 882940 1000
1453199093965 257106 51.0442719136504 3.728608239877 676696 1000
1453199094966 258107 51.0443102401468 3.72860967034835 642996 1001
1453199095965 259106 51.0443444032901 3.72860892415511 1155236 999
1453199096965 260106 51.0443808504785 3.72860806353885 1324436 1000
1453199097965 261106 51.0444203832054 3.72861251879546 1331124 1000
1453199098965 262106 51.0444675518035 3.72861709434324 1386084 1000
1453199100129 263270 51.044509400621 3.72861538915912 2036488 1164
1453199101081 264222 51.0445523095485 3.7286122439756 1547504 952
1453199102037 265178 51.0445910964263 3.72861182972034 1128276 956
1453199103009 266150 51.0446294395389 3.72861365555239 1627036 972
1453199103985 267126 51.0446674789787 3.72861540981922 1758052 976
1453199104965 268106 51.0447056135858 3.72861706322441 1895736 980
1453199105965 269106 51.0447404596457 3.72861813404464 1403208 1000
1453199106965 270106 51.0447690506198 3.72863270275533 1101316 1000
1453199107965 271106 51.0448017844899 3.72864318259888 745444 1000
1453199108965 272106 51.0448474448789 3.72862477021068 424620 1000
1453199109965 273106 51.0448877461234 3.72860961181703 312736 1000
1453199110965 274106 51.0449260062607 3.72859749116672 583684 1000
1453199111965 275106 51.044968030775 3.72857691413929 169848 1000
1453199112965 276106 51.0450077148084 3.7285782249246 307344 1000
1453199113965 277106 51.0450477887074 3.72858313641891 3731172 1000
1453199114966 278107 51.0450855332827 3.72857542936428 3149100 1001
1453199115965 279106 51.0451225478422 3.72856285911189 3413056 999
1453199116965 280106 51.0451583813785 3.72855384453778 4536692 1000
1453199117965 281106 51.0452020864962 3.72855215981937 4549040 1000
1453199118966 282107 51.0452409710915 3.72854736925502 3507336 1001
1453199119965 283106 51.0452822581937 3.72854409408797 4343204 999
1453199120965 284106 51.0453300479837 3.72854434922611 287124 1000
1453199121965 285106 51.0453300479837 3.72854434922611 2520760 1000
1453199122965 286106 51.0454197037855 3.72854809130837 2110636 1000
1453199123966 287107 51.0454658846648 3.72854956540383 4245184 1001
1453199124965 288106 51.0455078995293 3.72854716396864 3721880 999
1453199125965 289106 51.0455078995293 3.72854716396864 4002836 1000
1453199126965 290106 51.0455493792087 3.72854833977665 3540992 1000
1453199127967 291108 51.0456303401504 3.72855869667973 7069892 1002
1453199128965 292106 51.0456729300601 3.7285764254802 4727592 998
1453199129965 293106 51.0457190702141 3.72858902383653 3611868 1000
1453199130966 294107 51.0457628447869 3.72858456436703 3278212 1001
1453199131965 295106 51.0457628447869 3.72858456436703 1900616 999
1453199132965 296106 51.0458537118977 3.72857241937389 3128708 1000
1453199133965 297106 51.0458984428256 3.72856815067691 2816828 1000
1453199134965 298106 51.0459431978105 3.72857071680896 3952000 1000
1453199135965 299106 51.0459431978105 3.72857071680896 3887112 1000
1453199136965 300106 51.0459929515235 3.72857811834491 1957888 1000
1453199137965 301106 51.0459929515235 3.72857811834491 1703936 1000
1453199138965 302106 51.046082771571 3.72859120681017 7757824 1000
1453199139965 303106 51.0461292305778 3.72859776554298 4350604 1000
1453199140965 304106 51.0461776162743 3.72860039066566 2064048 1000
1453199141966 305107 51.0462259924267 3.72860554572772 4009180 1001
1453199142965 306106 51.0462862461238 3.72861621388939 3507008 999
1453199143966 307107 51.0463337639755 3.72862536139353 3391484 1001
1453199144965 308106 51.0463722691369 3.7286414255606 3182712 999
1453199145966 309107 51.0464501603854 3.72866134518325 3831016 1001
1453199146965 310106 51.0464855667168 3.72866925993182 1934492 999
1453199147965 311106 51.0464855667168 3.72866925993182 3817836 1000
1453199148965 312106 51.0465196502505 3.72868200518067 4547280 1000
1453199149965 313106 51.046553433794 3.7286857213965 3764076 1000
1453199150966 314107 51.0465846849846 3.72868696873569 2538284 1001
1453199151965 315106 51.0466176160125 3.72869745074492 2451600 999
1453199152965 316106 51.0467141560147 3.72871790271678 3174952 1000
1453199153965 317106 51.046764484876 3.72871098322077 1863844 1000
1453199154965 318106 51.0467935277406 3.728709836391 2180804 1000
1453199155965 319106 51.0467935277406 3.728709836391 2466892 1000
1453199156966 320107 51.0468173048347 3.7287245598153 3509828 1001
1453199157965 321106 51.0468857190723 3.7287045139441 3281292 999
1453199158965 322106 51.046916085346 3.72868391234732 3504256 1000
1453199159965 323106 51.0469507645329 3.72871030819998 2313012 1000
1453199160965 324106 51.0469980941254 3.72877384848246 2702740 1000
1453199161965 325106 51.0469980941254 3.72877384848246 2838808 1000
1453199162965 326106 51.0470825904468 3.72881223275099 6638680 1000
1453199163965 327106 51.0471257687815 3.728807832508 4411268 1000
1453199164966 328107 51.0471698862974 3.72879649113932 5253728 1001
1453199165965 329106 51.0471894265967 3.72880058137159 3921796 999
1453199166965 330106 51.0472124328915 3.72879255901112 3758932 1000
1453199167966 331107 51.0472424805395 3.72878766698421 4472832 1001
1453199168965 332106 51.0472643102013 3.72880081433712 4840920 999
1453199169965 333106 51.0472840619782 3.72880520526015 4645024 1000
1453199170966 334107 51.0472840619782 3.72880520526015 2707140 1001
1453199171966 335107 51.0473083251809 3.7288050939741 5075216 1000
1453199172965 336106 51.0473341177013 3.72880871665221 5580800 999
1453199173965 337106 51.0473694986628 3.72882032478949 7653376 1000
1453199174966 338107 51.0474029851188 3.72883344894596 7093016 1001
1453199175966 339107 51.0474511967213 3.72883180581601 4972772 1000
1453199176965 340106 51.0474913501196 3.72883486600902 4051944 999
1453199177966 341107 51.047528300703 3.72882798561558 3350528 1001
1453199178965 342106 51.0475581525015 3.72882654593414 7548928 999
1453199179965 343106 51.0475856853919 3.72883752321538 6363748 1000
1453199180966 344107 51.0476085473748 3.72885213898592 5375720 1001
1453199181965 345106 51.0476282226607 3.72887329873765 4204864 999
1453199182966 346107 51.0476538140371 3.72890919967192 3485696 1001
1453199183965 347106 51.0476813892891 3.72892857937402 5283472 999
1453199184966 348107 51.0477130896493 3.72894206340448 5368312 1001
1453199185966 349107 51.0477427262907 3.72895941819278 5042272 1000
1453199186965 350106 51.0477697879548 3.72898158466853 3875180 999
1453199187965 351106 51.0477933580136 3.72901198935753 4067328 1000
1453199188965 352106 51.0478139654394 3.72905055622033 7550976 1000
1453199189965 353106 51.0478269292535 3.72909340621336 7670692 1000
1453199190965 354106 51.0478393737287 3.72918740245681 6479612 1000
1453199191965 355106 51.0478635033847 3.7292222060738 4292476 1000
1453199192965 356106 51.0478683190995 3.72926919313118 2862444 1000
1453199193966 357107 51.0478683190995 3.72926919313118 2576948 1001
1453199194965 358106 51.0478812035516 3.7293864097616 5061832 999
1453199195965 359106 51.0478796545132 3.7294634236132 2704400 1000
1453199196966 360107 51.0478702707205 3.72953881976384 3696280 1001
1453199197966 361107 51.0478702707205 3.72953881976384 3005664 1000
1453199198965 362106 51.0478629465662 3.72961891496582 5974016 999
1453199199965 363106 51.0478569486125 3.72969184866804 7815168 1000
1453199200965 364106 51.0478554369246 3.72976347069197 7741440 1000
1453199201966 365107 51.0478534661095 3.72983874534517 7257964 1001
1453199202965 366106 51.0478527542534 3.7299128883787 3232492 999
1453199203965 367106 51.0478640832651 3.729984796376 5605376 1000
1453199204966 368107 51.0478851530431 3.73004636558879 8351744 1001
1453199205965 369106 51.0479061911846 3.73011036151928 7921664 999
1453199206965 370106 51.0479191852295 3.73017306745955 7733248 1000
1453199207965 371106 51.0479300773085 3.73022745412926 2076672 1000
1453199208965 372106 51.0479445352091 3.73028905154544 1945600 1000
1453199209966 373107 51.0479557695031 3.73034954961469 1564672 1001
1453199210965 374106 51.0479716851321 3.73042172748129 4542464 999
1453199211965 375106 51.0479870202787 3.73049069432722 6688768 1000
1453199212965 376106 51.048002178961 3.73055717290597 1955840 1000
1453199213965 377106 51.0480329926828 3.73069735022503 3725312 1000
1453199214965 378106 51.0480329926828 3.73069735022503 8103936 1000
1453199215965 379106 51.0480521415445 3.73076581981913 7698432 1000
1453199216965 380106 51.0480762416467 3.73082789902472 8040448 1000
1453199217966 381107 51.0481007848545 3.73088957367411 3796992 1001
1453199218965 382106 51.0481244923619 3.73094101487861 5873664 999
1453199219965 383106 51.048151299227 3.73099452466821 7970816 1000
1453199220965 384106 51.0481760881747 3.731052157487 7880704 1000
1453199221965 385106 51.0481911935672 3.73111567710226 7749632 1000
1453199222965 386106 51.0481997834784 3.73118227533216 4636672 1000
1453199223966 387107 51.0482159356869 3.73124002866701 4124672 1001
1453199224965 388106 51.0482294643337 3.73128663757444 6977536 999
1453199225965 389106 51.0482424196549 3.73132445280575 7391232 1000
1453199226965 390106 51.048254057084 3.73135873780351 5779456 1000
1453199227965 391106 51.0482645579307 3.73138443697967 3137536 1000
1453199228966 392107 51.0482645579307 3.73138443697967 5300224 1001
1453199229966 393107 51.0482645579307 3.73138443697967 4591616 1000
1453199230966 394107 51.048273652445 3.73139092842344 6008832 1000
1453199231965 395106 51.048273652445 3.73139092842344 3610624 999
1453199232966 396107 51.048273652445 3.73139092842344 2885632 1001
1453199233965 397106 51.048273652445 3.73139092842344 4808704 999
1453199234966 398107 51.048273652445 3.73139092842344 7387136 1001
1453199235965 399106 51.048273652445 3.73139092842344 7364608 999
1453199236966 400107 51.048273652445 3.73139092842344 7831552 1001
1453199237965 401106 51.048273652445 3.73139092842344 3350528 999
1453199238965 402106 51.0482828290435 3.7314255952238 5648384 1000
1453199239965 403106 51.0482896222909 3.73146416504215 7430144 1000
1453199240965 404106 51.0483048591297 3.73150007251998 7194624 1000
1453199241965 405106 51.0483135375862 3.73154552763132 7884800 1000
1453199242965 406106 51.0483122336741 3.73160120778806 4235264 1000
1453199243965 407106 51.0483122336741 3.73160120778806 3457024 1000
1453199244965 408106 51.0483288460072 3.73168668648233 7446528 1000
1453199245965 409106 51.0483732080807 3.73174084733916 6902720 1000
1453199246965 410106 51.0483915910888 3.73177441798232 295212 1000
1453199247966 411107 51.0484140459584 3.7318096062339 0 1001
1453199248965 412106 51.0484374580765 3.73184568395984 0 999
1453199249965 413106 51.0484374580765 3.73184568395984 0 1000
1453199250965 414106 51.0484561218368 3.73188228266854 5277260 1000
1453199251965 415106 51.0484800988819 3.73192353801844 7841792 1000
1453199252965 416106 51.048517955585 3.73195839131711 4646912 1000
1453199253965 417106 51.048543515246 3.73199927494091 6801408 1000
1453199254965 418106 51.0485647911721 3.73204440408681 6840320 1000
1453199255965 419106 51.0485860532685 3.73209476695919 7600128 1000
1453199256965 420106 51.0486038100616 3.73214806611143 7428096 1000
1453199257965 421106 51.0486231077614 3.73220425722537 4878336 1000
1453199258966 422107 51.0486231077614 3.73220425722537 3112960 1001
1453199259966 423107 51.0486619819819 3.73230689309275 7124992 1000
1453199260965 424106 51.0486835747308 3.73235868115324 7653376 999
1453199261965 425106 51.0487042814902 3.73241092262927 7575552 1000
1453199262966 426107 51.0487270573847 3.73246234038636 4231168 1001
1453199263966 427107 51.0487270573847 3.73246234038636 1249280 1000
1453199264965 428106 51.048779965952 3.73257631408443 3225600 999
1453199265965 429106 51.0488012291434 3.73264038620517 7268352 1000
1453199266965 430106 51.0488201038771 3.73270575208824 7446528 1000
1453199267965 431106 51.0488418152792 3.7327689103391 5398528 1000
1453199268965 432106 51.0488418152792 3.7327689103391 5300224 1000
1453199269965 433106 51.0488867762362 3.73289968714112 7518208 1000
1453199270965 434106 51.0489060603852 3.73296549853325 7147520 1000
1453199271965 435106 51.0489277003237 3.73303129425169 6826940 1000
1453199272965 436106 51.0489497861199 3.73309400932135 4235264 1000
1453199273965 437106 51.0489708596952 3.73315675241405 2955264 1000
1453199274966 438107 51.0489918678837 3.73321511903197 7487488 1001
1453199275965 439106 51.0490148220272 3.73327127609527 5746824 999
1453199276965 440106 51.0490353735781 3.73332999765781 4574868 1000
1453199277965 441106 51.0490472141788 3.73339152453524 3945004 1000
1453199278965 442106 51.0490516349062 3.73345985530365 3631104 1000
1453199279965 443106 51.0490497141881 3.73351417228806 4000404 1000
1453199280966 444107 51.0490313656361 3.73356329643769 1730832 1001
1453199281965 445106 51.0490149631645 3.73360820096586 1659388 999
1453199282965 446106 51.0489960729183 3.73364138939614 2251160 1000
1453199283965 447106 51.0489762701571 3.7336767811257 2260596 1000
1453199284965 448106 51.0489520912617 3.73370840803309 1794240 1000
1453199285965 449106 51.0489334632578 3.73381920297485 1351992 1000
1453199286966 450107 51.0489260295285 3.73388411773336 423272 1001
1453199287966 451107 51.0489260295285 3.73388411773336 368892 1000
1453199288965 452106 51.0489194751384 3.73395455643001 2837404 999
1453199289966 453107 51.048918382743 3.73402445707844 2401908 1001
1453199290965 454106 51.0489171141381 3.73409163839687 2592332 999
1453199291965 455106 51.0489188453784 3.73415127155083 2085664 1000
1453199292965 456106 51.0489258311151 3.73420062803913 2169888 1000
1453199293965 457106 51.0489372023438 3.7342393753504 2126344 1000
1453199294965 458106 51.0489649145054 3.73428635309716 4206848 1000
1453199295966 459107 51.0489995639283 3.7343357850119 4265564 1001
1453199296965 460106 51.0490323266575 3.73439357417069 5063088 999
1453199297966 461107 51.0490653729847 3.73445019540658 2357844 1001
1453199298965 462106 51.0491400367024 3.73457543346101 5898240 999
1453199299965 463106 51.0491400367024 3.73457543346101 4138776 1000
1453199300965 464106 51.0491734297067 3.73464374364839 4011648 1000
1453199301965 465106 51.0492034854551 3.73471788501143 3006092 1000
1453199302966 466107 51.0492247943982 3.73479543452468 2667640 1001
1453199303966 467107 51.049241693939 3.73486816199118 3561416 1000
1453199304966 468107 51.0492611017424 3.73492688359287 3905156 1000
1453199305966 469107 51.0492824638251 3.73497788189457 3812300 1000
1453199306965 470106 51.049316135901 3.73501532297894 3355564 999
1453199307965 471106 51.0493604726012 3.73503999262084 2543880 1000
1453199308965 472106 51.0494568530337 3.73505497615117 2692552 1000
1453199309965 473106 51.0495030554581 3.73504140748817 1465976 1000
1453199310965 474106 51.0495482961697 3.7350153263084 773752 1000
1453199311965 475106 51.0495482961697 3.7350153263084 2020652 1000
1453199312966 476107 51.0496179037251 3.73493532432563 1880460 1001
1453199313966 477107 51.0496179037251 3.73493532432563 2245768 1000
1453199314965 478106 51.0497016283224 3.73482911910636 2294660 999
1453199315965 479106 51.0497304993409 3.73477131568447 1567360 1000
1453199316966 480107 51.0497304993409 3.73477131568447 1183544 1001
1453199317965 481106 51.0497508864703 3.73471389094601 2117060 999
1453199318965 482106 51.0497611100554 3.7346600802042 1777312 1000
1453199319965 483106 51.049732594698 3.73453859179948 1168716 1000
1453199320965 484106 51.049732594698 3.73453859179948 1180848 1000
1453199321966 485107 51.049713763896 3.73449021815481 3330908 1001
1453199322965 486106 51.0496996795768 3.73444342511983 3103848 999
1453199323966 487107 51.0496894694724 3.73436653468542 2285716 1001
1453199324965 488106 51.0496941600295 3.73428750900313 1779100 999
1453199325965 489106 51.0497249824041 3.73423793691883 1179500 1000
1453199326966 490107 51.0497637161418 3.73420270957569 1897984 1001
1453199327965 491106 51.0498061618903 3.73416938902035 1033916 999
1453199328965 492106 51.0498574658116 3.73414187371393 1772620 1000
1453199329966 493107 51.0499491349269 3.73408454494125 1667476 1001
1453199330966 494107 51.0499967385863 3.73404957621683 427316 1000
1453199331965 495106 51.0499967385863 3.73404957621683 598512 999
1453199332965 496106 51.0500528957804 3.73400549442654 1876416 1000
1453199333965 497106 51.05009986948 3.73396049716473 2255620 1000
1453199334965 498106 51.050144332489 3.73391972856171 3055500 1000
1453199335965 499106 51.050233626383 3.73383974597604 2547720 1000
1453199336965 500106 51.0502670996534 3.73380322031644 1105360 1000
1453199337965 501106 51.0503012426892 3.73377669566827 773052 1000
1453199338966 502107 51.0503328810697 3.73375042846927 795320 1001
1453199339966 503107 51.0503680956082 3.73372498541919 1128276 1000
1453199340965 504106 51.0504067174967 3.7337070781796 369352 999
1453199341966 505107 51.0504552620571 3.73371817002612 413836 1001
1453199342966 506107 51.0504552620571 3.73371817002612 1012348 1000
1453199343965 507106 51.0505333703474 3.73368870962704 2638140 999
1453199344965 508106 51.0505333703474 3.73368870962704 949692 1000
1453199345965 509106 51.0506091976511 3.73364691473005 3301796 1000
1453199346965 510106 51.0506091976511 3.73364691473005 1776872 1000
1453199347966 511107 51.0506666336481 3.73356001705364 2217252 1001
1453199348965 512106 51.0506906806742 3.73351728220563 1024480 999
1453199349965 513106 51.0507182281819 3.73348360114787 870808 1000
1453199350965 514106 51.0507182281819 3.73348360114787 1426184 1000
1453199351966 515107 51.0507363993877 3.7334513586962 2357652 1001
1453199352965 516106 51.0507593690505 3.73341424115738 2311484 999
1453199353965 517106 51.0508317601772 3.73335542438462 2453696 1000
1453199354965 518106 51.0508663716722 3.73331449666212 2146924 1000
1453199355966 519107 51.0509031327331 3.73327471034565 981084 1001
1453199356965 520106 51.0509443211176 3.73323795362092 665912 999
1453199357966 521107 51.0509850851016 3.73320139537972 83576 1001
1453199358965 522106 51.0510251698826 3.73316377368548 709048 999
1453199359966 523107 51.0510659458811 3.73312625897941 1143104 1001
1453199360965 524106 51.0511070059224 3.73309715423858 2102880 999
1453199361965 525106 51.0511499228676 3.73306757842899 1671192 1000
1453199362965 526106 51.0511918562933 3.73303636344864 2078944 1000
1453199363965 527106 51.0512348464591 3.73300886108119 2402136 1000
1453199364965 528106 51.0512733907049 3.73298002113564 3314732 1000
1453199365966 529107 51.0513103780513 3.73295307370538 2948076 1001
1453199366966 530107 51.0513499278773 3.73292468248585 2977396 1000
1453199367966 531107 51.0513499278773 3.73292468248585 2990200 1000
1453199368966 532107 51.0513996188963 3.73288995565747 4079320 1000
1453199369965 533106 51.0515418312046 3.73282583841362 5489004 999
1453199370965 534106 51.0515943471769 3.73278827154271 6189928 1000
1453199371965 535106 51.0516373950241 3.73275760361784 3526936 1000
1453199372966 536107 51.0516759176677 3.73273082612671 2063788 1001
1453199373965 537106 51.051716875132 3.73270391796151 1782036 999
1453199374965 538106 51.051759326263 3.73267711732825 1462272 1000
1453199375965 539106 51.0518005510432 3.73265147165822 3643972 1000
1453199376965 540106 51.0518325461072 3.73261590809198 1534672 1000
1453199377965 541106 51.0518325461072 3.73261590809198 1197024 1000
1453199378965 542106 51.0518878721362 3.7325456324952 1359308 1000
1453199379965 543106 51.05193263855 3.73251028825306 651908 1000
1453199380965 544106 51.0519796488496 3.73247859678371 2737788 1000
1453199381965 545106 51.0520242147359 3.73244320206726 1260380 1000
1453199382965 546106 51.0520242147359 3.73244320206726 1889656 1000
1453199383965 547106 51.0520670656629 3.73241645363852 4495260 1000
1453199384966 548107 51.0521118360685 3.73238882067608 3103008 1001
1453199385966 549107 51.0521577515662 3.73235654943363 2877980 1000
1453199386965 550106 51.0522380200399 3.73228720642709 2042868 999
1453199387965 551106 51.0522380200399 3.73228720642709 1198372 1000
1453199388966 552107 51.0522755324486 3.73224685361792 2141324 1001
1453199389965 553106 51.0522755324486 3.73224685361792 2940636 999
1453199390965 554106 51.0523512745768 3.73215860707108 3514236 1000
1453199391965 555106 51.0523917424475 3.73212000417628 2979080 1000
1453199392966 556107 51.0524322229912 3.73208733121249 3868760 1001
1453199393965 557106 51.0524736731719 3.73204918473418 2520868 999
1453199394966 558107 51.0524736731719 3.73204918473418 3611184 1001
1453199395966 559107 51.0525528874806 3.73197678624945 3821976 1000
1453199396965 560106 51.0525940362284 3.73194245420128 2532496 999
1453199397965 561106 51.0526315978876 3.73191472939807 3154320 1000
1453199398965 562106 51.0526700252059 3.73188368482102 4006032 1000
1453199399966 563107 51.0526700252059 3.73188368482102 5159564 1001
1453199400965 564106 51.0527399309313 3.73181382935604 4447352 999
1453199401965 565106 51.0527717484288 3.73178219182283 4955752 1000
1453199402966 566107 51.0528093190244 3.73175142373287 4235652 1001
1453199403965 567106 51.0528447633341 3.73171547813078 5515720 999
1453199404965 568106 51.0528797331442 3.73167779364121 4040704 1000
1453199405965 569106 51.0529200318099 3.7316387270298 7444480 1000
1453199406965 570106 51.052952972287 3.73160215452619 7036512 1000
1453199407965 571106 51.0529859752392 3.7315729820143 6782764 1000
1453199408965 572106 51.0530200386121 3.73154648694081 4776396 1000
1453199409965 573106 51.0530560885235 3.73151534322809 2684928 1000
1453199410965 574106 51.0530970420768 3.73148437053241 6905856 1000
1453199411965 575106 51.0531311404501 3.73146363956338 7731200 1000
1453199412965 576106 51.0531550399376 3.73145150275005 6875136 1000
1453199413965 577106 51.0531835856242 3.73143746093091 5967872 1000
1453199414966 578107 51.0532108620446 3.73141847712089 3276800 1001
1453199415966 579107 51.0532479814633 3.7313910744848 6414336 1000
1453199416965 580106 51.0532933829691 3.73135164278442 6568064 999
1453199417965 581106 51.0533377605935 3.73131222710298 2057048 1000
1453199418966 582107 51.0533831934057 3.73128258473559 2732132 1001
1453199419965 583106 51.0534197440602 3.73126236702312 4368384 999
1453199420966 584107 51.0534481592107 3.73123453275136 7149568 1001
1453199421965 585106 51.0534810129858 3.73120276302236 7028736 999
1453199422966 586107 51.0535151275703 3.73115907402759 7106560 1001
1453199423965 587106 51.0535688222566 3.73113963112691 5840896 999
1453199424965 588106 51.053662533843 3.73114327698307 2686976 1000
1453199425965 589106 51.0537349334891 3.73113492391875 6313984 1000
1453199426965 590106 51.0537666988674 3.73109272871451 7815168 1000
1453199427966 591107 51.0537903462093 3.73105114758093 4602336 1001
1453199428965 592106 51.0538139284071 3.73102608285966 3332272 999
1453199429965 593106 51.0538347899873 3.73101690093221 2494484 1000
1453199430965 594106 51.0538538925212 3.73101334684837 3930068 1000
1453199431965 595106 51.0538834358337 3.73099834840419 2534240 1000
1453199432965 596106 51.053917116807 3.73094876751767 3950548 1000
1453199433965 597106 51.0539674287598 3.73086889846837 2765792 1000
1453199434966 598107 51.0540131589271 3.73079207827718 2519508 1001
1453199435966 599107 51.0540690848454 3.73073002182428 3521340 1000
1453199436965 600106 51.0541184388153 3.73068307955608 5355888 999
1453199437965 601106 51.0541630786952 3.73063140998411 1792840 1000
1453199438965 602106 51.0542554225971 3.73053165605892 2341476 1000
1453199439965 603106 51.0542554225971 3.73053165605892 3251356 1000
1453199440966 604107 51.0542925395733 3.73048060146331 2635360 1001
1453199441965 605106 51.0543223022293 3.73043298669425 2199988 999
1453199442966 606107 51.0543223022293 3.73043298669425 1842664 1001
1453199443965 607106 51.0543223022293 3.73043298669425 2846976 999
1453199444966 608107 51.0544334313875 3.73029468019675 1425692 1001
1453199445965 609106 51.0544619239944 3.73024298326951 1974868 999
1453199446966 610107 51.0544935659386 3.73020128079327 2194988 1001
1453199447966 611107 51.054529580947 3.73016150047292 1617056 1000
1453199448965 612106 51.0545623925219 3.73013070082719 2063684 999
1453199449965 613106 51.0545943789752 3.73009369771661 2675080 1000
1453199450965 614106 51.0546293430048 3.73005786001973 2735792 1000
1453199451965 615106 51.0546647887354 3.73001106229127 2762208 1000
1453199452965 616106 51.0546993286752 3.72996160853134 3050368 1000
1453199453965 617106 51.0547362477819 3.72991287464751 2445920 1000
1453199454966 618107 51.0547750959874 3.72985385633511 3020868 1001
1453199455965 619106 51.0548082437507 3.72979699662892 2523456 999
1453199456965 620106 51.0548439285155 3.72973306850088 2845628 1000
1453199457966 621107 51.0548814275056 3.72967512780432 2529600 1001
1453199458966 622107 51.0549132908702 3.72962141558926 1651924 1000
1453199459965 623106 51.0549463183369 3.72957633185317 1409980 999
1453199460965 624106 51.0549782556152 3.72953013653541 1718052 1000
1453199461965 625106 51.0550112296594 3.72948618173083 903808 1000
1453199462965 626106 51.0550470982508 3.72944452479213 2364392 1000
1453199463965 627106 51.0550801508727 3.72940183389169 2871940 1000
1453199464965 628106 51.0551132366233 3.72935912723464 3138792 1000
1453199465966 629107 51.0551823507976 3.72927359879722 3274864 1001
1453199466966 630107 51.0552177894596 3.72922893712429 2559596 1000
1453199467966 631107 51.0552522010032 3.7291844482973 2792560 1000
1453199468965 632106 51.0552837500151 3.72914149083071 3667388 999
1453199469966 633107 51.0553129208387 3.72909929833321 2613772 1001
1453199470965 634106 51.0553381447151 3.72905566853004 4331360 999
1453199471965 635106 51.0553381447151 3.72905566853004 4399040 1000
1453199472965 636106 51.0553651888552 3.72901517298823 4037856 1000
1453199473965 637106 51.0554268290989 3.72892735164176 4466688 1000
1453199474965 638106 51.0554268290989 3.72892735164176 4089856 1000
1453199475965 639106 51.0554936397293 3.72884159067563 6453248 1000
1453199476965 640106 51.0555265534372 3.7287986234795 5914056 1000
1453199477965 641106 51.0555581329689 3.72875330527987 4782368 1000
1453199478965 642106 51.0555581329689 3.72875330527987 1580000 1000
1453199479965 643106 51.0555951787979 3.72871272213829 3655680 1000
1453199480966 644107 51.0555951787979 3.72871272213829 4870144 1001
1453199481965 645106 51.0556713798128 3.72861860897777 7540736 999
1453199482966 646107 51.0557055196887 3.72857175483467 7106560 1001
1453199483965 647106 51.0557395177933 3.72852496951463 7258112 999
1453199484966 648107 51.0557731216501 3.72847014856325 5353472 1001
1453199485965 649106 51.0558088772425 3.72842638690219 3334144 999
1453199486965 650106 51.0558459797432 3.72838727164291 5943296 1000
1453199487965 651106 51.0558831128309 3.72834884615902 7612416 1000
1453199488965 652106 51.0559174039877 3.72831793532656 7430144 1000
1453199489965 653106 51.0559475454967 3.72829486414506 6756352 1000
1453199490966 654107 51.0559836590274 3.72827894247431 5267456 1001
1453199491965 655106 51.0560172873672 3.72826468339579 3461120 999
1453199492965 656106 51.0560509499493 3.72825080665201 6197248 1000
1453199493965 657106 51.0560834541055 3.72824562380049 7344128 1000
