1453119330112 155 51.0326482205946 3.72401480807816 0 155
1453119331111 1154 51.0326215491955 3.72398294267325 1591988 999
1453119332112 2155 51.0325752373758 3.72395078471745 1801628 1001
1453119333111 3154 51.0325312814695 3.7239230157267 1407960 999
1453119334111 4154 51.0325002838423 3.7238729979775 2425184 1000
1453119335112 5155 51.0324858275023 3.72382006688704 5488332 1001
1453119336111 6154 51.0324836562266 3.72376021629811 3429904 999
1453119337111 7154 51.0324939598088 3.7237097355484 3091768 1000
1453119338111 8154 51.0325147140887 3.72363599067709 1641252 1000
1453119339111 9154 51.0325337785348 3.72357559044355 1204224 1000
1453119340111 10154 51.0325337785348 3.72357559044355 4722040 1000
1453119341111 11154 51.0325596309793 3.72349611450745 5033952 1000
1453119342111 12154 51.0325673855503 3.72348154729806 3568908 1000
1453119343111 13154 51.0325673855503 3.72348154729806 4418304 1000
1453119344111 14154 51.0325673855503 3.72348154729806 3574712 1000
1453119345112 15155 51.0325673855503 3.72348154729806 4867032 1001
1453119346111 16154 51.0325673855503 3.72348154729806 4718208 999
1453119347111 17154 51.0325673855503 3.72348154729806 4917192 1000
1453119348111 18154 51.0325673855503 3.72348154729806 4197672 1000
1453119349111 19154 51.0325673855503 3.72348154729806 3365800 1000
1453119350111 20154 51.0325673855503 3.72348154729806 5685260 1000
1453119351112 21155 51.0325673855503 3.72348154729806 4388500 1001
1453119352111 22154 51.0325673855503 3.72348154729806 3123196 999
1453119353111 23154 51.0325673855503 3.72348154729806 4060324 1000
1453119354111 24154 51.0325673855503 3.72348154729806 2768724 1000
1453119355111 25154 51.0325673855503 3.72348154729806 1064960 1000
1453119356111 26154 51.0325673855503 3.72348154729806 1778012 1000
1453119357111 27154 51.0325673855503 3.72348154729806 4149344 1000
1453119358112 28155 51.0325673855503 3.72348154729806 2751224 1001
1453119359111 29154 51.0325673855503 3.72348154729806 2674276 999
1453119360111 30154 51.0325673855503 3.72348154729806 3379436 1000
1453119361111 31154 51.0325673855503 3.72348154729806 2714872 1000
1453119362111 32154 51.0325673855503 3.72348154729806 1945164 1000
1453119363112 33155 51.0325673855503 3.72348154729806 1957296 1001
1453119364111 34154 51.0325750071166 3.7234351133561 1384396 999
1453119365111 35154 51.0325832725814 3.72338123963376 892376 1000
1453119366112 36155 51.0325939782621 3.72330984519242 1488192 1001
1453119367111 37154 51.0325939782621 3.72330984519242 118624 999
1453119368111 38154 51.0326090576256 3.72322155608395 1823844 1000
1453119369111 39154 51.032629561361 3.72311987027924 265556 1000
1453119370111 40154 51.0326533497376 3.72301024885106 634312 1000
1453119371111 41154 51.0326796911242 3.72289426674473 1287444 1000
1453119372111 42154 51.0327050810833 3.72277256388062 894216 1000
1453119373111 43154 51.0327318106775 3.72264506277913 2165588 1000
1453119374112 44155 51.0327604029678 3.72251462280893 2396044 1001
1453119375112 45155 51.0327883159039 3.72238521417647 2549068 1000
1453119376111 46154 51.0328134981855 3.7222618733048 2427748 999
1453119377111 47154 51.0328369966547 3.7221488830612 2731756 1000
1453119378111 48154 51.032857588784 3.72204219293115 3067392 1000
1453119379112 49155 51.0328769753939 3.72194231975848 3139440 1001
1453119380111 50154 51.0328951983203 3.72185011888743 3276988 999
1453119381112 51155 51.0329139205666 3.72176530151056 2074572 1001
1453119382112 52155 51.0329308618781 3.72168605581662 3093228 1000
1453119383111 53154 51.0329460402215 3.72161352443514 2780844 999
1453119384112 54155 51.0329460402215 3.72161352443514 1128004 1001
1453119385112 55155 51.0329594064327 3.7215523415969 3471360 1000
1453119386112 56155 51.0329724661306 3.72147574555129 1944340 1000
1453119387111 57154 51.0329737187274 3.72145497679429 3207592 999
1453119388111 58154 51.0329737187274 3.72145497679429 2004688 1000
1453119389111 59154 51.0329737187274 3.72145497679429 2753104 1000
1453119390111 60154 51.0329737187274 3.72145497679429 1962040 1000
1453119391111 61154 51.0329737187274 3.72145497679429 2816880 1000
1453119392111 62154 51.0329737187274 3.72145497679429 2011632 1000
1453119393111 63154 51.0329737187274 3.72145497679429 2138548 1000
1453119394111 64154 51.0329737187274 3.72145497679429 1597380 1000
1453119395111 65154 51.0329757157135 3.72142774356465 279036 1000
1453119396111 66154 51.0329757157135 3.72142774356465 737356 1000
1453119397112 67155 51.0329819647554 3.72139097597512 1927640 1001
1453119398111 68154 51.0329902898591 3.72134534457578 2938640 999
1453119399111 69154 51.0330006955097 3.72130075814246 2803840 1000
1453119400112 70155 51.0330242403681 3.72123733106482 2392804 1001
1453119401111 71154 51.0330337075443 3.72121656075987 885532 999
1453119402111 72154 51.0330337075443 3.72121656075987 346436 1000
1453119403112 73155 51.0330424840218 3.72118979370209 2823864 1001
1453119404111 74154 51.0330525418356 3.72115720105982 4344500 999
1453119405112 75155 51.0330642696752 3.72111419940655 4040256 1001
1453119406112 76155 51.0330752172329 3.7210583979359 3872804 1000
1453119407111 77154 51.0330889247882 3.72099185647046 3241940 999
1453119408111 78154 51.0331032842056 3.72092149404222 3679796 1000
1453119409112 79155 51.0331129568163 3.72085289911093 3827380 1001
1453119410111 80154 51.0331106265901 3.72078555373426 4541248 999
1453119411112 81155 51.033101918197 3.720713134336 4526536 1001
1453119412111 82154 51.0330921851286 3.72064272605056 4164020 999
1453119413111 83154 51.0330530232186 3.72054251364909 4162780 1000
1453119414112 84155 51.0330287880186 3.72049987512821 3608968 1001
1453119415111 85154 51.0329957493024 3.72045226829319 4696112 999
1453119416111 86154 51.0328760345058 3.72049183188883 3937924 1000
1453119417111 87154 51.0328760345058 3.72049183188883 2088076 1000
1453119418111 88154 51.0327477969717 3.72049011927538 4611508 1000
1453119419111 89154 51.0326295751523 3.72049860957924 1568768 1000
1453119420112 90155 51.0325282149927 3.72050036434933 5458356 1001
1453119421112 91155 51.0324191519516 3.72049669827159 2062440 1000
1453119422112 92155 51.0322999416622 3.72047604823631 5697996 1000
1453119423111 93154 51.0321924417426 3.72046682178513 1617600 999
1453119424111 94154 51.0320855050561 3.7204498660678 3292348 1000
1453119425111 95154 51.0319774745086 3.72042639814387 3651952 1000
1453119426111 96154 51.0318748181573 3.72039820291382 3714104 1000
1453119427112 97155 51.0317693823924 3.72037705481042 1847640 1001
1453119428111 98154 51.0316709953306 3.72035301169333 2322944 999
1453119429111 99154 51.0315645291851 3.72032467011378 1437152 1000
1453119430111 100154 51.0314589163852 3.72029543465534 2627584 1000
1453119431111 101154 51.0313546574397 3.72026479271348 4080752 1000
1453119432111 102154 51.0312495981042 3.72023268031914 3519848 1000
1453119433111 103154 51.0311409737433 3.72019617709824 5150624 1000
1453119434111 104154 51.0310326308776 3.72016108866093 3275400 1000
1453119435111 105154 51.0309213320344 3.72011770791741 5599140 1000
1453119436111 106154 51.0308058375956 3.72007625856493 3780536 1000
1453119437112 107155 51.0306933315624 3.7200340496257 4000584 1001
1453119438111 108154 51.0305818600166 3.71998157419243 3948936 999
1453119439112 109155 51.0304656931702 3.71992881353525 2814908 1001
1453119440111 110154 51.0303491301385 3.71987266017442 3477140 999
1453119441111 111154 51.0302325425715 3.71980980780623 3829668 1000
1453119442111 112154 51.0301165057476 3.71974535874648 3065352 1000
1453119443115 113158 51.0300008999594 3.71967845882635 5234276 1004
1453119444111 114154 51.0298832578966 3.71961004197465 5882616 996
1453119445111 115154 51.0298832578966 3.71961004197465 4628480 1000
1453119446112 116155 51.0296583653664 3.71948299428886 7398440 1001
1453119447111 117154 51.0295500227387 3.71941940709929 5908576 999
1453119448111 118154 51.0294443700409 3.71935188479209 6557528 1000
1453119449112 119155 51.0294443700409 3.71935188479209 5441424 1001
1453119450111 120154 51.0293436781288 3.71928047963396 2938880 999
1453119451111 121154 51.0293436781288 3.71928047963396 7237632 1000
1453119452111 122154 51.0290826092705 3.71908764830306 7794688 1000
1453119453112 123155 51.0290059310424 3.71903048831913 7337984 1001
1453119454111 124154 51.0290059310424 3.71903048831913 5470208 999
1453119455111 125154 51.0289360017227 3.71897511115194 3543040 1000
1453119456111 126154 51.0289360017227 3.71897511115194 7098368 1000
1453119457111 127154 51.0287977775304 3.71885767952987 7315456 1000
1453119458111 128154 51.0287750053014 3.71883970858586 5538920 1000
1453119459111 129154 51.0287628504342 3.71883120897124 3219024 1000
1453119460111 130154 51.0287628504342 3.71883120897124 830224 1000
1453119461112 131155 51.0287628504342 3.71883120897124 7135124 1001
1453119462111 132154 51.0287628504342 3.71883120897124 7057048 999
1453119463111 133154 51.0287628504342 3.71883120897124 7291080 1000
1453119464111 134154 51.0287628504342 3.71883120897124 5506868 1000
1453119465112 135155 51.0287628504342 3.71883120897124 3555328 1001
1453119466112 136155 51.0287628504342 3.71883120897124 7876608 1000
1453119467111 137154 51.0287628504342 3.71883120897124 8056832 999
1453119468111 138154 51.0287628504342 3.71883120897124 7522304 1000
1453119469112 139155 51.0287628504342 3.71883120897124 5773312 1001
1453119470111 140154 51.0287628504342 3.71883120897124 2732032 999
1453119471112 141155 51.0287628504342 3.71883120897124 968704 1001
1453119472111 142154 51.0287628504342 3.71883120897124 7219200 999
1453119473111 143154 51.0287513669264 3.71882291783972 8192000 1000
1453119474111 144154 51.0287296819955 3.71880213623024 6178816 1000
1453119475111 145154 51.0286964056441 3.71877562002156 4171776 1000
1453119476112 146155 51.0286530985831 3.7187442192075 7061504 1001
1453119477111 147154 51.0286014036242 3.71870307547674 7380992 999
1453119478112 148155 51.0285455566803 3.71865186041855 7458816 1001
1453119479111 149154 51.0284932727754 3.71859287246066 5613036 999
1453119480111 150154 51.0284482634039 3.71853282130692 3854336 1000
1453119481111 151154 51.0284051114526 3.71848305187151 5961728 1000
1453119482111 152154 51.0283633643906 3.71844082394895 8007680 1000
1453119483111 153154 51.0283280260958 3.71841488126926 7362372 1000
1453119484112 154155 51.028304998081 3.71840604282476 4751424 1001
1453119485111 155154 51.0282921292795 3.71840874534465 4620288 999
1453119486111 156154 51.0282921292795 3.71840874534465 5914624 1000
1453119487112 157155 51.0282921292795 3.71840874534465 7774208 1001
1453119488111 158154 51.0282921292795 3.71840874534465 7995392 999
1453119489112 159155 51.0282921292795 3.71840874534465 6762496 1001
1453119490111 160154 51.0282921292795 3.71840874534465 3317760 999
1453119491111 161154 51.0282921292795 3.71840874534465 5593088 1000
1453119492111 162154 51.0282921292795 3.71840874534465 7804928 1000
1453119493111 163154 51.0282921292795 3.71840874534465 7653376 1000
1453119494112 164155 51.0282921292795 3.71840874534465 5457104 1001
1453119495111 165154 51.0282704766892 3.71841638161393 3889152 999
1453119496111 166154 51.0282441361928 3.71841322031621 5560320 1000
1453119497111 167154 51.0281843289135 3.71844582509493 3347348 1000
1453119498112 168155 51.0281843289135 3.71844582509493 1256520 1001
1453119499111 169154 51.0281469613955 3.718502108446 4631544 999
1453119500111 170154 51.0280961785293 3.71858064495388 2964252 1000
1453119501111 171154 51.028033929156 3.71866536052878 3321472 1000
1453119502111 172154 51.0279680500608 3.71874474596762 5355716 1000
1453119503111 173154 51.0278957456411 3.71883299531438 5807072 1000
1453119504111 174154 51.0278189785277 3.71892512320578 3999444 1000
1453119505111 175154 51.027741392203 3.71901305435417 3674112 1000
1453119506111 176154 51.027741392203 3.71901305435417 4496448 1000
1453119507111 177154 51.0275687947361 3.71921415897854 3943192 1000
1453119508111 178154 51.0274807559792 3.71931688313981 3914124 1000
1453119509111 179154 51.0273900108654 3.71942334256357 2960640 1000
1453119510112 180155 51.0272950424336 3.71953161940178 3850720 1001
1453119511111 181154 51.0272950424336 3.71953161940178 4619596 999
1453119512112 182155 51.0271023395474 3.71975322616572 5825748 1001
1453119513111 183154 51.0270086921864 3.71985964625375 4250488 999
1453119514111 184154 51.026917114072 3.71995916998836 4157296 1000
1453119515111 185154 51.0268321561571 3.72005192138807 2819276 1000
1453119516111 186154 51.0267573250302 3.72014075579362 2817084 1000
1453119517111 187154 51.0266925343957 3.72022337559195 3263240 1000
1453119518112 188155 51.0266345033268 3.72029956410554 2256448 1001
1453119519112 189155 51.0265860312417 3.72036029484671 2770140 1000
1453119520112 190155 51.026546181399 3.72040193583886 1618948 1000
1453119521111 191154 51.0265085847131 3.7204267540162 2124448 999
1453119522111 192154 51.026477526795 3.72043008393807 2184644 1000
1453119523111 193154 51.026451125722 3.72041538487208 2565708 1000
1453119524112 194155 51.0264295128079 3.72037729480863 2214168 1001
1453119525111 195154 51.0264295128079 3.72037729480863 2154496 999
1453119526111 196154 51.0264012687213 3.72031882232624 3817740 1000
1453119527111 197154 51.0263618707961 3.72020794570356 2518064 1000
1453119528111 198154 51.0263555313713 3.72018060064552 2573332 1000
1453119529111 199154 51.0263555313713 3.72018060064552 2986392 1000
1453119530111 200154 51.0263555313713 3.72018060064552 2799276 1000
1453119531111 201154 51.0263555313713 3.72018060064552 2863100 1000
1453119532111 202154 51.0263555313713 3.72018060064552 1671264 1000
1453119533111 203154 51.0263555313713 3.72018060064552 2233400 1000
1453119534112 204155 51.0263555313713 3.72018060064552 4033508 1001
1453119535111 205154 51.0263555313713 3.72018060064552 3841300 999
1453119536111 206154 51.0263555313713 3.72018060064552 3134412 1000
1453119537111 207154 51.0263555313713 3.72018060064552 3959412 1000
1453119538112 208155 51.0263555313713 3.72018060064552 2943572 1001
1453119539111 209154 51.0263555313713 3.72018060064552 3068508 999
1453119540111 210154 51.0263555313713 3.72018060064552 3799040 1000
1453119541112 211155 51.0263555313713 3.72018060064552 4194600 1001
1453119542112 212155 51.0263555313713 3.72018060064552 4378304 1000
1453119543111 213154 51.0263555313713 3.72018060064552 3344580 999
1453119544111 214154 51.0263555313713 3.72018060064552 5832996 1000
1453119545111 215154 51.0263555313713 3.72018060064552 2714848 1000
1453119546112 216155 51.0263528416138 3.72016462828969 5436116 1001
1453119547111 217154 51.0263423728551 3.72013799678826 4738220 999
1453119548111 218154 51.0263219385296 3.72010194908169 5015908 1000
1453119549112 219155 51.0262951264128 3.72004341397606 2647604 1001
1453119550111 220154 51.0262649674093 3.71996793146773 2808856 999
1453119551112 221155 51.0262291170443 3.71988421961532 5150748 1001
1453119552112 222155 51.0261918781884 3.71979423087005 1933184 1000
1453119553111 223154 51.0260977142129 3.71958369006646 1752400 999
1453119554112 224155 51.0260977142129 3.71958369006646 854632 1001
1453119555111 225154 51.0260493121568 3.71947043559436 2549068 999
1453119556111 226154 51.0260000440183 3.71935721690682 3865500 1000
1453119557112 227155 51.0259458147513 3.71924158724306 3715160 1001
1453119558111 228154 51.0258886780508 3.7191194398673 4239564 999
1453119559111 229154 51.0258327966036 3.71898990038111 1663380 1000
1453119560111 230154 51.025777143863 3.71885638661527 3325536 1000
1453119561111 231154 51.0257199627841 3.71871908202081 5345888 1000
1453119562111 232154 51.0256626011376 3.71857498085138 4940420 1000
1453119563111 233154 51.0256034526001 3.71842842202266 4720156 1000
1453119564111 234154 51.0255412214452 3.71828285648617 3820772 1000
1453119565111 235154 51.0255412214452 3.71828285648617 3629784 1000
1453119566112 236155 51.0254770903405 3.71813493242974 5000788 1001
1453119567111 237154 51.0253432423631 3.71783223225705 3811468 999
1453119568112 238155 51.0252742138666 3.71767654729373 5998124 1001
1453119569111 239154 51.0252044011162 3.71751915132617 3520104 999
1453119570111 240154 51.0251347783626 3.71736101458243 2600208 1000
1453119571111 241154 51.0251347783626 3.71736101458243 4718060 1000
1453119572112 242155 51.0249956665602 3.71704375219841 4292056 1001
1453119573111 243154 51.0249266975788 3.71688168860489 3155668 999
1453119574112 244155 51.0248579149369 3.71671948358627 3642296 1001
1453119575111 245154 51.0247877093901 3.71655405294213 2209552 999
1453119576111 246154 51.0247189298973 3.71638501081549 4504836 1000
1453119577111 247154 51.02457725976 3.71604368762891 3191268 1000
1453119578111 248154 51.02457725976 3.71604368762891 2749228 1000
1453119579111 249154 51.024506275644 3.71586858977395 2949564 1000
1453119580111 250154 51.0244329655283 3.71569400284898 3116544 1000
1453119581111 251154 51.0244329655283 3.71569400284898 1054168 1000
1453119582111 252154 51.0242102317396 3.71516023868546 1376308 1000
1453119583112 253155 51.0242102317396 3.71516023868546 1365524 1001
1453119584111 254154 51.0241357497384 3.71498180362646 1384396 999
1453119585112 255155 51.024060554533 3.714801846756 4330892 1001
1453119586112 256155 51.0239855474847 3.71462204450356 3939088 1000
1453119587111 257154 51.0239105385235 3.71444187584057 3515044 999
1453119588111 258154 51.0238349925287 3.71426064339913 2399980 1000
1453119589111 259154 51.0237600125985 3.71407891630677 3264468 1000
1453119590112 260155 51.0236851672309 3.71389576781414 3805184 1001
1453119591111 261154 51.0236107784197 3.71371455286728 4234676 999
1453119592112 262155 51.0235365297675 3.71353446860382 3244636 1001
1453119593111 263154 51.0234616410512 3.71335355465928 2060444 999
1453119594112 264155 51.0233119603148 3.71299485184397 2826056 1001
1453119595111 265154 51.0233119603148 3.71299485184397 1682304 999
1453119596111 266154 51.0232396442678 3.71281926654223 1144452 1000
1453119597111 267154 51.0231008388598 3.7124821650841 2682936 1000
1453119598111 268154 51.0230383091113 3.71231970619726 258400 1000
1453119599111 269154 51.0229829746702 3.71216034322438 1062224 1000
1453119600111 270154 51.0229829746702 3.71216034322438 578292 1000
1453119601111 271154 51.0228758917085 3.711881456395 2519412 1000
1453119602112 272155 51.0228284717591 3.71176078224656 1279252 1001
1453119603111 273154 51.0227864228412 3.7116612974414 973256 999
1453119604111 274154 51.0227588224614 3.71158812770939 1082444 1000
1453119605111 275154 51.022739118552 3.71154093739637 830368 1000
1453119606112 276155 51.0227337107945 3.71151970244542 917988 1001
1453119607111 277154 51.0227337107945 3.71151970244542 835760 999
1453119608111 278154 51.0227337107945 3.71151970244542 730616 1000
1453119609111 279154 51.0227353774985 3.71153405643763 222420 1000
1453119610111 280154 51.0227353774985 3.71153405643763 824976 1000
1453119611111 281154 51.0227353774985 3.71153405643763 1841368 1000
1453119612111 282154 51.0227353774985 3.71153405643763 471800 1000
1453119613111 283154 51.0227353774985 3.71153405643763 459668 1000
1453119614112 284155 51.0227353774985 3.71153405643763 1322388 1001
1453119615112 285155 51.0227353774985 3.71153405643763 1098620 1000
1453119616111 286154 51.0227353774985 3.71153405643763 597164 999
1453119617111 287154 51.0227353774985 3.71153405643763 1027396 1000
1453119618112 288155 51.0227353774985 3.71153405643763 2253636 1001
1453119619111 289154 51.0227353774985 3.71153405643763 1542112 999
1453119620111 290154 51.0227353774985 3.71153405643763 1790144 1000
1453119621111 291154 51.0227353774985 3.71153405643763 1085140 1000
1453119622111 292154 51.0227353774985 3.71153405643763 1410008 1000
1453119623112 293155 51.0227353774985 3.71153405643763 2467880 1001
1453119624111 294154 51.0227221557846 3.7115331484231 2858716 999
1453119625111 295154 51.0227036073497 3.7115059576732 2038176 1000
1453119626111 296154 51.0226571164877 3.71141210821628 3170496 1000
1453119627111 297154 51.0226267638093 3.71134026433636 1186240 1000
1453119628111 298154 51.0225900820925 3.7112544461346 1457888 1000
1453119629111 299154 51.0225900820925 3.7112544461346 1599376 1000
1453119630111 300154 51.0225055713129 3.71105555654435 1188936 1000
1453119631111 301154 51.0224587244709 3.71094154102559 451580 1000
1453119632111 302154 51.0224070712385 3.71082480544862 217028 1000
1453119633111 303154 51.0223543547848 3.7107051634103 181980 1000
1453119634111 304154 51.0223000682312 3.71058142462586 659172 1000
1453119635111 305154 51.0222477501608 3.7104577010693 869460 1000
1453119636111 306154 51.0222477501608 3.7104577010693 1596032 1000
1453119637112 307155 51.0221490764905 3.71022943022116 1497628 1001
1453119638111 308154 51.0221490764905 3.71022943022116 1327780 999
1453119639111 309154 51.0221045329234 3.71012718381252 0 1000
1453119640111 310154 51.0220419075681 3.70993511182386 3473796 1000
1453119641111 311154 51.0220151556393 3.70986297584206 1776664 1000
1453119642111 312154 51.0219950798074 3.70981144998136 1702992 1000
1453119643111 313154 51.0219950798074 3.70981144998136 151856 1000
1453119644112 314155 51.0219755531523 3.70974126228189 2226896 1001
1453119645111 315154 51.0219656801425 3.70972125956667 2105576 999
1453119646112 316155 51.0219656801425 3.70972125956667 1670172 1001
1453119647111 317154 51.0219561963593 3.70970605835179 2023472 999
1453119648111 318154 51.021949091919 3.70969153889439 1443584 1000
1453119649111 319154 51.021949091919 3.70969153889439 2054352 1000
1453119650111 320154 51.0219432353611 3.70967690295487 1111964 1000
1453119651112 321155 51.0219432353611 3.70967690295487 2383872 1001
1453119652112 322155 51.0219432353611 3.70967690295487 2463336 1000
1453119653111 323154 51.0219432353611 3.70967690295487 2111952 999
1453119654112 324155 51.0219432353611 3.70967690295487 2132536 1001
1453119655111 325154 51.0219432353611 3.70967690295487 2137928 999
1453119656111 326154 51.0219432353611 3.70967690295487 1682304 1000
1453119657112 327155 51.0219432353611 3.70967690295487 2062440 1001
1453119658111 328154 51.0219432353611 3.70967690295487 2230940 999
1453119659111 329154 51.0219432353611 3.70967690295487 2097488 1000
1453119660111 330154 51.0219432353611 3.70967690295487 2193196 1000
1453119661112 331155 51.0219432353611 3.70967690295487 2196388 1001
1453119662111 332154 51.0219432353611 3.70967690295487 2250664 999
1453119663111 333154 51.0219432353611 3.70967690295487 2133884 1000
1453119664111 334154 51.0219432353611 3.70967690295487 2241724 1000
1453119665112 335155 51.0219432353611 3.70967690295487 1846760 1001
1453119666112 336155 51.0219432353611 3.70967690295487 2431792 1000
1453119667111 337154 51.0219432353611 3.70967690295487 1769924 999
1453119668111 338154 51.0219432353611 3.70967690295487 2122400 1000
1453119669111 339154 51.0219432353611 3.70967690295487 1566376 1000
1453119670111 340154 51.0219432353611 3.70967690295487 2369784 1000
1453119671111 341154 51.0219432353611 3.70967690295487 2241724 1000
1453119672111 342154 51.0219432353611 3.70967690295487 1844064 1000
1453119673111 343154 51.0219432353611 3.70967690295487 2426400 1000
1453119674111 344154 51.0219432353611 3.70967690295487 2505932 1000
1453119675112 345155 51.0219432353611 3.70967690295487 1610860 1001
