1453116588454 790 0 0 548636 790
1453116589455 1791 0 0 509544 1001
1453116590454 2790 0 0 0 999
1453116591454 3790 0 0 1790144 1000
1453116592455 4791 0 0 2859732 1001
1453116593454 5790 0 0 2951964 999
1453116594454 6790 0 0 2564776 1000
1453116595454 7790 0 0 2712176 1000
1453116596454 8790 51.053771883184 3.71917458948952 3340344 1000
1453116597454 9790 51.053771883184 3.71917458948952 2418656 1000
1453116598454 10790 51.0538582764491 3.71915884079424 3123700 1000
1453116599454 11790 51.0536108589133 3.7192425750709 1962532 1000
1453116600454 12790 51.0533918650371 3.71925553145373 4296852 1000
1453116601454 13790 51.0536263636098 3.71906428588737 4375948 1000
1453116602454 14790 51.0536230763455 3.71910874720819 6223376 1000
1453116603454 15790 51.0535774911871 3.71925140775157 5771748 1000
1453116604454 16790 51.0536393851637 3.71928895182705 6090752 1000
1453116605454 17790 51.0536752009553 3.71934431076244 3969024 1000
1453116606455 18791 51.0537034875816 3.71938599424907 6565888 1001
1453116607454 19790 51.0536931756617 3.71942826316799 5187008 999
1453116608454 20790 51.0536653782097 3.71948735176374 4935380 1000
1453116609454 21790 51.0536504409631 3.71953925845436 4719248 1000
1453116610455 22791 51.0536300552853 3.71958302292637 2856532 1001
1453116611454 23790 51.0536106161167 3.71962530030599 7260160 999
1453116612454 24790 51.0535880369187 3.71968834259947 4814504 1000
1453116613454 25790 51.0536300644821 3.71974988309292 5023400 1000
1453116614454 26790 51.0536300644821 3.71974988309292 3676136 1000
1453116615454 27790 51.053661099641 3.71978202446926 3737600 1000
1453116616454 28790 51.0536612061048 3.71981735745442 5610864 1000
1453116617454 29790 51.0536640001076 3.71984511706905 6444632 1000
1453116618454 30790 51.0536974960387 3.71986886194133 4856880 1000
1453116619455 31791 51.0537203721894 3.7198858762817 4512776 1001
1453116620454 32790 51.053723733193 3.71991077572068 3426304 999
1453116621454 33790 51.0537045393224 3.71994121967532 6633292 1000
1453116622454 34790 51.0536920522233 3.71996673425621 4249124 1000
1453116623454 35790 51.053674945033 3.71999636479092 4913232 1000
1453116624454 36790 51.0536551980075 3.72002502676898 4633228 1000
1453116625454 37790 51.0536539239683 3.72004034917607 3880960 1000
1453116626454 38790 51.0536539239683 3.72004034917607 6017020 1000
1453116627454 39790 51.0536533022196 3.72005793657128 4979396 1000
1453116628454 40790 51.0536533022196 3.72005793657128 5092444 1000
1453116629454 41790 51.0536655543962 3.72007884305508 3148756 1000
1453116630454 42790 51.0536950668128 3.72010369069107 3207168 1000
1453116631455 43791 51.053706354764 3.72013895109195 7843464 1001
1453116632454 44790 51.0537275775024 3.72015765287429 4973864 999
1453116633454 45790 51.0537401454543 3.72017581314891 4746308 1000
1453116634455 46791 51.0537549145433 3.72019919009757 4833148 1001
1453116635455 47791 51.0537833432516 3.72022585418095 3224020 1000
1453116636455 48791 51.0538062078977 3.72024900827542 6430720 1000
1453116637454 49790 51.0538164176516 3.72027396276763 5392468 999
1453116638454 50790 51.0538235945639 3.72029237163643 4587920 1000
1453116639455 51791 51.0538258179168 3.72031736223761 4948228 1001
1453116640455 52791 51.0538253007065 3.7203368373534 2953216 1000
1453116641454 53790 51.0538253007065 3.7203368373534 6533120 999
1453116642454 54790 51.0538249571062 3.720374885316 5291892 1000
1453116643454 55790 51.0538248273978 3.72039628769296 4378324 1000
1453116644454 56790 51.0538248273978 3.72039628769296 5009244 1000
1453116645454 57790 51.0538277566861 3.72042908718749 2949120 1000
1453116646455 58791 51.0538266153232 3.72044877729322 6537216 1001
1453116647455 59791 51.0538305122469 3.72046350368857 5572172 1000
1453116648454 60790 51.0538358389036 3.72047915781847 4884608 999
1453116649455 61791 51.0538380807446 3.72049889744784 4723940 1001
1453116650455 62791 51.0538392686945 3.72051997716949 2150400 1000
1453116651455 63791 51.0538402198401 3.72054133846548 7426048 1000
1453116652454 64790 51.0538423086663 3.72056109773717 5282196 999
1453116653454 65790 51.0538434642639 3.72058487697136 5096004 1000
1453116654454 66790 51.053845812818 3.72060949627143 4913252 1000
1453116655454 67790 51.0538495666103 3.72062942338891 3683796 1000
1453116656454 68790 51.0538519826743 3.7206518666028 5931592 1000
1453116657454 69790 51.0538541029111 3.72067415136751 4461776 1000
1453116658454 70790 51.0538543028803 3.72070319680721 5137228 1000
1453116659454 71790 51.0538534377829 3.72072792785735 4344344 1000
1453116660455 72791 51.0538534377829 3.72072792785735 3781344 1001
1453116661455 73791 51.0538485855816 3.72075125629267 5964060 1000
1453116662456 74792 51.0538377921364 3.72079374396476 4820644 1001
1453116663454 75790 51.0538294272575 3.72081145411207 4801296 998
1453116664454 76790 51.0538184536248 3.72082838878112 5257480 1000
1453116665454 77790 51.0538184536248 3.72082838878112 3593816 1000
1453116666454 78790 51.0538184536248 3.72082838878112 1265664 1000
1453116667454 79790 51.053807449671 3.7208501263943 4913152 1000
1453116668454 80790 51.0538025724254 3.72091383582447 6567936 1000
1453116669455 81791 51.0538064751108 3.72093401327733 7690240 1001
1453116670454 82790 51.0538064866095 3.72095992092007 4554320 999
1453116671454 83790 51.0538056474549 3.72098711228627 5236736 1000
1453116672454 84790 51.0538055746008 3.72101427854698 5113172 1000
1453116673454 85790 51.0538074023198 3.7210382455757 5180520 1000
1453116674454 86790 51.0538124792337 3.7210629076937 4419040 1000
1453116675454 87790 51.053816053078 3.72108817039023 3522580 1000
1453116676454 88790 51.0538183283323 3.7211134409933 5410816 1000
1453116677455 89791 51.0538254304419 3.72113555857136 6030620 1001
1453116678454 90790 51.0538301119442 3.72116066684082 5099112 999
1453116679454 91790 51.0538380409526 3.72118994108851 4533616 1000
1453116680454 92790 51.0538380409526 3.72118994108851 3354672 1000
1453116681454 93790 51.0538468698206 3.72122302650971 5314560 1000
1453116682454 94790 51.0538627923617 3.72127361541905 5884780 1000
1453116683454 95790 51.0538627923617 3.72127361541905 4829136 1000
1453116684455 96791 51.0538608821768 3.72130670749746 4277556 1001
1453116685454 97790 51.0538580255094 3.72133084951025 3555328 999
1453116686454 98790 51.0538589686976 3.72135498138153 5994496 1000
1453116687454 99790 51.0538595929899 3.72137624753719 5619616 1000
1453116688455 100791 51.0538617450434 3.72139778326534 4921708 1001
1453116689454 101790 51.0538580184517 3.72142015437567 3611132 999
1453116690455 102791 51.0538536769312 3.72144334343846 3020428 1001
1453116691454 103790 51.0538479775847 3.72148963161124 3478280 999
1453116692454 104790 51.0538479775847 3.72148963161124 1370276 1000
1453116693455 105791 51.0538475936401 3.7215119429662 4679548 1001
1453116694454 106790 51.0538457257266 3.72153312952352 4037388 999
1453116695455 107791 51.0538443578443 3.72155418909136 3510216 1001
1453116696454 108790 51.0538434336473 3.72157503800408 5432384 999
1453116697454 109790 51.0538479215005 3.72159548080384 5267852 1000
1453116698455 110791 51.0538527223427 3.72161509317836 5154088 1001
1453116699455 111791 51.0538554193351 3.72163706011028 4815748 1000
1453116700454 112790 51.0538563256338 3.72166156556547 3956608 999
1453116701454 113790 51.0538526313891 3.72168683821433 5005312 1000
1453116702455 114791 51.0538482272518 3.72170785137231 5997576 1001
1453116703455 115791 51.0538420268477 3.72173199510248 4167284 1000
1453116704455 116791 51.0538356066017 3.72175368357677 5390600 1000
1453116705454 117790 51.0538295683985 3.72177600015273 2900692 999
1453116706454 118790 51.0538252349749 3.72180018754736 5467744 1000
1453116707454 119790 51.0538162634645 3.72182355272091 3637528 1000
1453116708455 120791 51.0538073357558 3.72184420630151 3598032 1001
1453116709455 121791 51.0537953593014 3.72186485924551 4528048 1000
1453116710454 122790 51.0537858239361 3.72188642312208 3857452 999
1453116711454 123790 51.0537797396433 3.72190650722056 5062656 1000
1453116712455 124791 51.0537757996273 3.72192728398334 4318444 1001
1453116713454 125790 51.0537755213003 3.72194788621639 4816896 999
1453116714454 126790 51.0537768967399 3.72196829800004 4093876 1000
1453116715454 127790 51.0537776457648 3.72199301445227 3516732 1000
1453116716454 128790 51.0537775964583 3.72201416276033 3989840 1000
1453116717455 129791 51.0537753920491 3.72203524746954 4113992 1001
1453116718454 130790 51.0537729346849 3.72205761389003 2809076 999
1453116719454 131790 51.0537703500015 3.72207777804775 2645016 1000
1453116720455 132791 51.0537680887656 3.72209614431933 2955256 1001
1453116721454 133790 51.0537680887656 3.72209614431933 1608832 999
1453116722454 134790 51.0537581249128 3.72213350064743 2587512 1000
1453116723454 135790 51.0537407604084 3.72215026440619 2598244 1000
1453116724454 136790 51.0537277983129 3.7221685132803 3022216 1000
1453116725455 137791 51.0537110772637 3.72218668977943 2772404 1001
1453116726455 138791 51.0537110772637 3.72218668977943 3315352 1000
1453116727455 139791 51.0537163061116 3.72224920797151 1895100 1000
1453116728455 140791 51.0537163061116 3.72224920797151 985388 1000
1453116729454 141790 51.0537146509399 3.72226990248113 2344872 999
1453116730454 142790 51.0537122295515 3.72232646469471 2860292 1000
1453116731454 143790 51.0537099433694 3.72235292823299 2572796 1000
1453116732455 144791 51.05370982884 3.72237937030233 2925644 1001
1453116733454 145790 51.0537090257266 3.72240281874071 3196972 999
1453116734454 146790 51.0537093721577 3.72242907671489 2396744 1000
1453116735455 147791 51.0537057453353 3.72245539861743 1674216 1001
1453116736454 148790 51.0537055465883 3.72248164350206 1280600 999
1453116737455 149791 51.0537022099913 3.72250687675721 1394532 1001
1453116738454 150790 51.0536995300365 3.72253830285235 1376308 999
1453116739454 151790 51.0536973773223 3.72256556446946 1164672 1000
1453116740454 152790 51.0536966165429 3.72259461946271 1086488 1000
1453116741455 153791 51.053695931869 3.72261985066658 0 1001
1453116742455 154791 51.053695931869 3.72261985066658 0 1000
1453116743455 155791 51.0536974585805 3.72266865432681 1708492 1000
1453116744454 156790 51.0536990446722 3.7226945324905 1850228 999
1453116745454 157790 51.0537008091545 3.72272174985485 439448 1000
1453116746454 158790 51.0537008091545 3.72272174985485 0 1000
1453116747454 159790 51.0537039836875 3.72277071638634 3515584 1000
1453116748454 160790 51.0537039836875 3.72277071638634 262860 1000
1453116749454 161790 51.0537061820192 3.72279466489156 3004692 1000
1453116750454 162790 51.0537077632244 3.7228179751634 1883156 1000
1453116751454 163790 51.0537086916206 3.72285896127506 1512456 1000
1453116752454 164790 51.053708844706 3.72288268117804 1687904 1000
1453116753455 165791 51.0537062353991 3.72291321339184 977300 1001
1453116754454 166790 51.0537062353991 3.72291321339184 1511108 999
1453116755454 167790 51.0537014662018 3.72294303343732 2402036 1000
1453116756455 168791 51.0537015459454 3.7229667989789 2994008 1001
1453116757454 169790 51.0536931139435 3.72301984176728 2620512 999
1453116758455 170791 51.0536931139435 3.72301984176728 2423704 1001
1453116759454 171790 51.0536901489621 3.72304142304023 2875492 999
1453116760455 172791 51.0536901489621 3.72304142304023 3640704 1001
1453116761454 173790 51.0536879904901 3.7230596146846 4273464 999
1453116762454 174790 51.0536868630448 3.72310254549257 4570840 1000
1453116763455 175791 51.0536827151144 3.72312291978598 4435736 1001
1453116764454 176790 51.0536820997369 3.72314514374652 4941412 999
1453116765455 177791 51.053682775644 3.72317016854331 2902472 1001
1453116766454 178790 51.0536748578611 3.7231917829519 4145152 999
1453116767455 179791 51.0536733649111 3.72321090652682 4409876 1001
1453116768455 180791 51.0536633315118 3.72322602844187 2992560 1000
1453116769455 181791 51.0536505950591 3.72324605960777 3740700 1000
1453116770454 182790 51.0536451499145 3.72326972572456 3747440 999
1453116771454 183790 51.05364341139 3.72329376943194 4176280 1000
1453116772454 184790 51.0536402512424 3.72331349378281 4341732 1000
1453116773454 185790 51.0536367019734 3.72333293740038 4047544 1000
1453116774454 186790 51.0536335203778 3.72334921901708 4501032 1000
1453116775454 187790 51.053636538839 3.72337359130647 3558820 1000
1453116776454 188790 51.0536443526882 3.7234006054285 3942400 1000
1453116777454 189790 51.0536480499623 3.72343545381463 3349272 1000
1453116778455 190791 51.0536476985034 3.72346645475291 2978824 1001
1453116779454 191790 51.0536456104931 3.7234934271474 3438812 999
1453116780454 192790 51.0536481890551 3.72351454556459 2581896 1000
1453116781455 193791 51.0536538931045 3.72353557201525 2595832 1001
1453116782454 194790 51.0536527931667 3.72355378415272 4198400 999
1453116783454 195790 51.0536437874254 3.72359578794448 4535424 1000
1453116784455 196791 51.0536437874254 3.72359578794448 2691448 1001
1453116785455 197791 51.0536381019375 3.72361879087178 3106300 1000
1453116786454 198790 51.053632340907 3.72364676657888 3604552 999
1453116787454 199790 51.0536339452115 3.72367504702954 3386176 1000
1453116788454 200790 51.0536381471366 3.72370303791758 4228236 1000
1453116789454 201790 51.0536391317113 3.72373327327968 1630172 1000
1453116790455 202791 51.0536477825967 3.72376315847336 3953556 1001
1453116791455 203791 51.05365061897 3.72379470594784 3266332 1000
1453116792454 204790 51.0536525759051 3.72381905429592 2419012 999
1453116793454 205790 51.0536556502314 3.72384052923085 3482532 1000
1453116794454 206790 51.0536636450971 3.72386323887287 2655560 1000
1453116795455 207791 51.0536592352132 3.72388262218013 2275224 1001
1453116796454 208790 51.0536492080162 3.72389989455181 2670588 999
1453116797454 209790 51.0536447469624 3.72391564863893 2581472 1000
1453116798454 210790 51.0536437903887 3.72393021817695 2950720 1000
1453116799454 211790 51.0536373276543 3.72394819412817 2292948 1000
1453116800454 212790 51.0536323321936 3.72396817775404 2222852 1000
1453116801454 213790 51.0536323321936 3.72396817775404 3299904 1000
1453116802454 214790 51.0536205662555 3.72401766602086 2779576 1000
1453116803454 215790 51.0536134064779 3.72404186375413 4426832 1000
1453116804454 216790 51.0536075311587 3.72406931532465 3254052 1000
1453116805454 217790 51.0536061821203 3.72409882226827 3460140 1000
1453116806454 218790 51.0536092512194 3.72412861838477 3581812 1000
1453116807454 219790 51.0536103900473 3.72415627879933 3145300 1000
1453116808454 220790 51.0536104171719 3.72418220576483 3647272 1000
1453116809455 221791 51.0536126034936 3.7242089103401 2930552 1001
1453116810454 222790 51.0536238782152 3.72425530220033 2642080 999
1453116811455 223791 51.0536238782152 3.72425530220033 966552 1001
1453116812454 224790 51.0536243184932 3.72428167717293 4782668 999
1453116813454 225790 51.0536210018507 3.72430732381351 4937728 1000
1453116814454 226790 51.0536174315617 3.724331877681 3764056 1000
1453116815455 227791 51.0536124685012 3.72435235131383 3174096 1001
1453116816454 228790 51.053611576534 3.72438043678373 3265004 999
1453116817455 229791 51.053611576534 3.72438043678373 5138428 1001
1453116818455 230791 51.0536032717648 3.72444026577423 3515584 1000
1453116819455 231791 51.0535967438995 3.7244591929672 2449316 1000
1453116820454 232790 51.0535936178817 3.72447855779586 4286640 999
1453116821454 233790 51.0535922382641 3.72449634847047 3225764 1000
1453116822454 234790 51.0535922382641 3.72449634847047 2125796 1000
1453116823454 235790 51.0535784269391 3.72453535508731 2866500 1000
1453116824455 236791 51.0535769116311 3.72455489979847 3750832 1001
1453116825455 237791 51.0535769116311 3.72455489979847 3914704 1000
1453116826454 238790 51.0535668420153 3.72458568602806 4159972 999
1453116827454 239790 51.0535601514146 3.72460131126113 3665056 1000
1453116828454 240790 51.0535560102633 3.72462677861906 3806104 1000
1453116829454 241790 51.0535539646133 3.7246501152292 3624952 1000
1453116830454 242790 51.053548891019 3.72466736947256 4313148 1000
1453116831454 243790 51.0535412695776 3.72468917379302 3722628 1000
1453116832454 244790 51.0535360068578 3.72470597524397 5452780 1000
1453116833454 245790 51.0535326662256 3.72471976576785 6304224 1000
1453116834454 246790 51.0535296977071 3.72473607466813 6942352 1000
1453116835454 247790 51.0535274989045 3.72475050664808 6270500 1000
1453116836454 248790 51.0535174021536 3.72476519636776 3536328 1000
1453116837455 249791 51.0535174021536 3.72476519636776 5314560 1001
1453116838454 250790 51.0534947302194 3.72478785914984 5581396 999
1453116839454 251790 51.0534848385039 3.72479984601519 4037332 1000
1453116840455 252791 51.0534848385039 3.72479984601519 4746576 1001
1453116841454 253790 51.0534778371766 3.72483193630013 3854336 999
1453116842454 254790 51.0534778371766 3.72483193630013 5915756 1000
1453116843454 255790 51.0534782532375 3.72487559647856 4947888 1000
1453116844455 256791 51.0534738564599 3.72489574361293 4711552 1001
1453116845454 257790 51.0534738564599 3.72489574361293 5158344 999
1453116846454 258790 51.0534813908911 3.72491162731354 3414612 1000
1453116847454 259790 51.0534810759239 3.72492993098069 6186228 1000
1453116848454 260790 51.0534803362517 3.72494948901697 5053996 1000
1453116849455 261791 51.0534776861865 3.72497119146017 4123456 1001
1453116850454 262790 51.0534616101459 3.72500471322094 5471192 999
1453116851455 263791 51.0534493335191 3.72504980279085 3616552 1001
1453116852454 264790 51.0534189282486 3.72509598113255 5712024 999
1453116853454 265790 51.0533948681733 3.72512993062448 5011320 1000
1453116854454 266790 51.0533882898451 3.72515502636258 4252028 1000
1453116855454 267790 51.0533793127198 3.72517169283643 4843364 1000
1453116856454 268790 51.0533717688081 3.72519276917536 3589696 1000
1453116857454 269790 51.0533717688081 3.72519276917536 6008832 1000
1453116858454 270790 51.0533560621551 3.72520948890376 5012496 1000
1453116859455 271791 51.053356312108 3.72522492219902 2961496 1001
1453116860454 272790 51.0533583634674 3.72524192005255 5602700 999
1453116861455 273791 51.0533583634674 3.72524192005255 4750600 1001
1453116862454 274790 51.0533618149651 3.72527385282853 5486592 999
1453116863454 275790 51.0533688108818 3.72529714750926 5228656 1000
1453116864454 276790 51.0533748805097 3.72531468758771 5014200 1000
1453116865454 277790 51.05339459366 3.72534246267764 5042116 1000
1453116866454 278790 51.0534100722762 3.72537477420025 3594272 1000
1453116867455 279791 51.0534183706699 3.72541309737489 5497052 1001
1453116868454 280790 51.053427668328 3.7254453014936 4448400 999
1453116869454 281790 51.0534308376398 3.72547730528499 4464576 1000
1453116870454 282790 51.0534198669076 3.72550562800405 5111616 1000
1453116871457 283793 51.0534119859029 3.7255302440853 3190072 1003
1453116872455 284791 51.053410143931 3.72555224734791 6446524 998
1453116873454 285790 51.0534015291483 3.72556926920304 4513240 999
1453116874454 286790 51.0533831256754 3.72558799507382 5262012 1000
1453116875454 287790 51.0533610017577 3.72558903842225 3210936 1000
1453116876454 288790 51.0533394204954 3.72559043100845 2787328 1000
1453116877455 289791 51.0533286933304 3.72560397327794 6057984 1001
1453116878455 290791 51.0533148398408 3.72561083825283 7217152 1000
1453116879454 291790 51.0532948290847 3.72561274460147 5069536 999
1453116880455 292791 51.0532815654684 3.72563528716053 4326328 1001
1453116881455 293791 51.0532702666765 3.72565770824068 3062656 1000
1453116882454 294790 51.053253339784 3.72567935761227 6199000 999
1453116883454 295790 51.0532417881768 3.72570327437827 4004116 1000
1453116884454 296790 51.0532343266591 3.72572442666469 4917400 1000
1453116885454 297790 51.0532259028434 3.72574050986462 4703232 1000
1453116886454 298790 51.05322208035 3.72577372468826 3758964 1000
1453116887454 299790 51.0532231796687 3.72580158877846 5861376 1000
1453116888455 300791 51.0532300813846 3.72582707745196 5392976 1001
1453116889454 301790 51.0532379727774 3.72585938251947 4962976 999
1453116890454 302790 51.053246772687 3.7258817419618 4394788 1000
1453116891455 303791 51.053246772687 3.7258817419618 3803912 1001
1453116892455 304791 51.0532463612619 3.72590949270023 5373952 1000
1453116893454 305790 51.0532463612619 3.72590949270023 5212036 999
1453116894454 306790 51.0532324623411 3.72592672836055 4972772 1000
1453116895454 307790 51.0532241830588 3.72593821269788 4164124 1000
1453116896454 308790 51.0532148178478 3.7259520922638 3818524 1000
1453116897455 309791 51.0532148178478 3.7259520922638 5672960 1001
1453116898454 310790 51.0531938913653 3.7259839180691 4960272 999
1453116899454 311790 51.0531695217501 3.72600952393235 4205632 1000
1453116900455 312791 51.053157163527 3.72604281625862 5230096 1001
1453116901454 313790 51.0531470170526 3.72607537245363 2769800 999
1453116902454 314790 51.0531369898455 3.72609980190617 1794048 1000
1453116903454 315790 51.0531369898455 3.72609980190617 5644288 1000
1453116904454 316790 51.0531020771159 3.72615080236852 8920308 1000
1453116905454 317790 51.0530851496391 3.72618289505728 4518420 1000
1453116906454 318790 51.0530611259466 3.72621663099503 3807536 1000
1453116907454 319790 51.0530446386844 3.72624329199329 4237312 1000
1453116908454 320790 51.0530263218358 3.72627232261086 5868472 1000
1453116909454 321790 51.0530095849996 3.72629193550883 3142768 1000
1453116910454 322790 51.0529989030179 3.72629599332482 6070820 1000
1453116911454 323790 51.0529989030179 3.72629599332482 5401152 1000
1453116912454 324790 51.0529789788149 3.72629764517323 4124672 1000
1453116913454 325790 51.0529629699195 3.72630472730162 5219352 1000
1453116914454 326790 51.0529571608257 3.72632692744778 4737092 1000
1453116915454 327790 51.0529525266953 3.72634503344476 4748012 1000
1453116916455 328791 51.0529525266953 3.72634503344476 3146604 1001
1453116917455 329791 51.0529384672376 3.72635151329795 4843520 1000
1453116918455 330791 51.0529349048647 3.7263773977909 6790744 1000
1453116919454 331790 51.0529333040672 3.72639452558124 4842960 999
1453116920455 332791 51.0529344712671 3.72641561359302 4816992 1001
1453116921455 333791 51.0529415012406 3.72645060353324 4166680 1000
1453116922454 334790 51.0529447530704 3.72647261083628 3948544 999
1453116923454 335790 51.052943864761 3.72648683545726 6256292 1000
1453116924454 336790 51.052947089325 3.72650726311675 4370560 1000
1453116925455 337791 51.0529502008507 3.72653316574406 5247524 1001
1453116926454 338790 51.0529567217105 3.72656256637247 4526352 999
1453116927454 339790 51.0529575501981 3.72659965787765 3842048 1000
1453116928454 340790 51.0529590423521 3.72663166565643 5934492 1000
1453116929455 341791 51.0529615048093 3.72666595270646 4632104 1001
1453116930454 342790 51.0529622608637 3.72669805680933 4242060 999
1453116931455 343791 51.0529597572081 3.72674217678471 3367740 1001
1453116932455 344791 51.0529632636524 3.72677482869254 4177920 1000
1453116933454 345790 51.0529640944678 3.72680127011432 6543288 999
1453116934455 346791 51.0529631626638 3.7268306049395 5012036 1001
1453116935454 347790 51.0529578539961 3.72686247443942 5079720 999
1453116936454 348790 51.0529543989118 3.7268922888315 3562528 1000
1453116937454 349790 51.0529509684051 3.726921447719 3831808 1000
1453116938454 350790 51.0529391065967 3.72693514941124 5752856 1000
1453116939454 351790 51.0529276849069 3.72694604705709 6242772 1000
1453116940454 352790 51.0528979819614 3.72693525923678 4408348 1000
1453116941454 353790 51.0528825153655 3.72693748556726 3058140 1000
1453116942454 354790 51.0528708730999 3.7269463967434 3796992 1000
1453116943454 355790 51.0528613074319 3.72696655973104 7712768 1000
1453116944454 356790 51.052854061766 3.72698853389303 3907272 1000
1453116945454 357790 51.0528505253583 3.72701426843461 5534056 1000
1453116946455 358791 51.0528546187856 3.72702777446448 4527136 1001
1453116947454 359790 51.052854835872 3.72704673342591 3547136 999
1453116948454 360790 51.0528604653315 3.72706753217834 6592512 1000
1453116949454 361790 51.0528725208722 3.72708692885744 4920912 1000
1453116950454 362790 51.0528780757662 3.72712567404435 4968624 1000
1453116951454 363790 51.0528812340627 3.7271522939544 4498016 1000
1453116952455 364791 51.0528807866559 3.72717993411747 2818048 1001
1453116953454 365790 51.0528849671511 3.72720551130971 7331840 999
1453116954454 366790 51.0528825448602 3.72722565424064 4879268 1000
1453116955454 367790 51.0528707927596 3.72724279711517 4888108 1000
1453116956455 368791 51.0528589482581 3.72725538511926 4023312 1001
1453116957455 369791 51.0528400970939 3.72726309424829 3811328 1000
1453116958454 370790 51.0528175641891 3.72726920457427 4401132 999
1453116959455 371791 51.0527913496211 3.72729436211003 3828832 1001
1453116960454 372790 51.0527668638121 3.72732720879219 4021892 999
1453116961454 373790 51.0527462233026 3.72735120455203 4952144 1000
1453116962454 374790 51.052720295592 3.72737161628927 3176448 1000
1453116963454 375790 51.052697016206 3.72739359429385 7534592 1000
1453116964454 376790 51.0526752486014 3.72741901531616 4399640 1000
1453116965454 377790 51.0526609196865 3.72743297959835 4401220 1000
1453116966455 378791 51.0526537770723 3.72744212693493 4726324 1001
1453116967454 379790 51.0526537770723 3.72744212693493 2864564 999
1453116968454 380790 51.0526505089499 3.72748915750866 6195200 1000
1453116969454 381790 51.0526505089499 3.72748915750866 3867608 1000
1453116970455 382791 51.0526496792305 3.72751527847132 4020796 1001
1453116971455 383791 51.0526360432239 3.72754925096397 3871456 1000
1453116972454 384790 51.0526312827993 3.72757057645172 108544 999
1453116973455 385791 51.0526129997957 3.72758357118102 1683552 1001
1453116974455 386791 51.0525992519768 3.72759544017101 1773364 1000
1453116975454 387790 51.0525992519768 3.72759544017101 738704 999
1453116976454 388790 51.0525741805407 3.72760925730966 21568 1000
1453116977455 389791 51.0525438922531 3.72762194731833 2908984 1001
1453116978454 390790 51.0525245900244 3.72763394000638 1074356 999
1453116979454 391790 51.0525072891953 3.72765982582871 1436636 1000
1453116980454 392790 51.0525088897718 3.72768067956699 1454824 1000
1453116981454 393790 51.0525058409922 3.72769497709662 1458536 1000
1453116982454 394790 51.0525066242591 3.72771018635659 1170064 1000
1453116983454 395790 51.052491796848 3.72774708530379 1248248 1000
1453116984454 396790 51.052491796848 3.72774708530379 458320 1000
1453116985455 397791 51.0524864156213 3.72776229070378 1254568 1001
1453116986454 398790 51.052481499031 3.72777444278175 4071380 999
1453116987455 399791 51.0525040576122 3.72780808052504 3575888 1001
1453116988455 400791 51.0524969045203 3.72783268730275 4353748 1000
1453116989455 401791 51.0524787965931 3.72786077337777 3632912 1000
1453116990454 402790 51.0524633726108 3.72789361778932 4494388 999
1453116991454 403790 51.0524533087294 3.72792089139294 3744540 1000
1453116992454 404790 51.0524483666049 3.72794382106701 2939680 1000
1453116993455 405791 51.05244413743 3.72796040162096 4948280 1001
1453116994455 406791 51.0524080746591 3.72798758159185 4170544 1000
1453116995454 407790 51.0523908407071 3.7280171630337 4019736 999
1453116996455 408791 51.0523840023712 3.72805062202263 3434808 1001
1453116997454 409790 51.0524061492265 3.72808971080075 2804328 999
1453116998455 410791 51.0524061492265 3.72808971080075 3138616 1001
1453116999454 411790 51.0524069532386 3.72811658042101 2204580 999
1453117000454 412790 51.0524001722304 3.72814021565772 3395296 1000
1453117001454 413790 51.0523865942222 3.72815692376118 2334736 1000
1453117002454 414790 51.0523540708895 3.72820445936172 2632644 1000
1453117003455 415791 51.0523540708895 3.72820445936172 2093212 1001
1453117004455 416791 51.052313891943 3.72826952446148 2987400 1000
1453117005454 417790 51.0523002235913 3.72829670931197 1911464 999
1453117006455 418791 51.0522800712421 3.7283216805257 2015312 1001
1453117007454 419790 51.0522628092378 3.728350352697 2520708 999
1453117008454 420790 51.0522364994809 3.72837229703325 1814408 1000
1453117009454 421790 51.0522095854384 3.72838811906909 2512672 1000
1453117010454 422790 51.0521898962904 3.72841254568723 2345132 1000
1453117011454 423790 51.0521744491223 3.72843704589519 2296732 1000
1453117012454 424790 51.0521570632176 3.72846149891566 1972772 1000
1453117013454 425790 51.0521570632176 3.72846149891566 118624 1000
1453117014455 426791 51.0521180106011 3.72852014807943 3649892 1001
1453117015454 427790 51.0521180106011 3.72852014807943 1903168 999
1453117016455 428791 51.0521180106011 3.72852014807943 1674216 1001
1453117017454 429790 51.0521180106011 3.72852014807943 1205112 999
1453117018454 430790 51.0521180106011 3.72852014807943 961124 1000
1453117019454 431790 51.0521180106011 3.72852014807943 1188936 1000
1453117020455 432791 51.0521045407639 3.72852312159911 1062224 1001
1453117021454 433790 51.0520872123734 3.728529244961 1494932 999
1453117022455 434791 51.0520629356538 3.72853828922477 1873720 1001
1453117023454 435790 51.0520498932811 3.72854721001044 1610860 999
1453117024454 436790 51.0520498932811 3.72854721001044 1508412 1000
1453117025454 437790 51.0520202481393 3.728524248845 1097972 1000
1453117026455 438791 51.0520202481393 3.728524248845 906504 1001
1453117027454 439790 51.0520202481393 3.728524248845 703708 999
1453117028454 440790 51.0520088937968 3.72850802749813 696864 1000
1453117029454 441790 51.0519835464481 3.72849338563873 292516 1000
1453117030454 442790 51.0519659451456 3.72850285972934 265556 1000
1453117031455 443791 51.0519444223239 3.72849708129292 878896 1001
1453117032454 444790 51.0519160068976 3.72849022202475 347784 999
1453117033454 445790 51.0519160068976 3.72849022202475 0 1000
1453117034454 446790 51.0518924977809 3.72847612086401 0 1000
1453117035455 447791 51.0518673415185 3.72847229161154 0 1001
1453117036455 448791 51.0518402056785 3.72846668539583 0 1000
1453117037455 449791 51.0518084281031 3.72847479185984 97108 1000
1453117038454 450790 51.0517859539265 3.72848070990168 6059148 999
1453117039454 451790 51.0517635345292 3.72849108136524 4828880 1000
1453117040454 452790 51.0517299498282 3.72849335304913 5005236 1000
1453117041454 453790 51.0517050204033 3.72850124657942 5378124 1000
1453117042454 454790 51.0517050204033 3.72850124657942 4964468 1000
1453117043454 455790 51.0516852993508 3.72851320610622 4560896 1000
1453117044454 456790 51.0516461368253 3.72852400834194 6256916 1000
1453117045455 457791 51.0516253277538 3.72854027035543 6420092 1001
1453117046454 458790 51.0516064053351 3.7285429367521 4991028 999
1453117047454 459790 51.0515829656227 3.72853960818307 4140120 1000
1453117048454 460790 51.0515829656227 3.72853960818307 4288512 1000
1453117049455 461791 51.0515507148787 3.72854733197724 6813008 1001
1453117050454 462790 51.0515365654817 3.72855289212994 4792480 999
1453117051454 463790 51.0515209806721 3.72855938273264 2495496 1000
1453117052455 464791 51.0515069244467 3.72856925881514 4163812 1001
1453117053455 465791 51.0514950710188 3.7285795805592 3672064 1000
1453117054454 466790 51.051482867516 3.72858807421966 7692288 999
1453117055454 467790 51.0514708895864 3.72859791707657 6265748 1000
1453117056455 468791 51.0514643987367 3.72861120888412 4869276 1001
1453117057454 469790 51.0514574911672 3.72862999673351 4313220 999
1453117058454 470790 51.0514523696175 3.72864834195156 3461120 1000
1453117059454 471790 51.0514443335087 3.72866827388067 6681176 1000
1453117060454 472790 51.0514372246126 3.72868388924409 4187044 1000
1453117061454 473790 51.051427741737 3.72869789646638 5388944 1000
1453117062455 474791 51.051427741737 3.72869789646638 4075752 1001
1453117063455 475791 51.0514172605278 3.72871388376966 3461120 1000
1453117064454 476790 51.0513934357073 3.72874699869241 6736040 999
1453117065455 477791 51.0513796933319 3.72876551029085 4258248 1001
1453117066454 478790 51.0513631926499 3.72878363145728 4440312 999
1453117067454 479790 51.0513501986578 3.7287983132356 4785272 1000
1453117068454 480790 51.0513399942966 3.72880114099894 3610688 1000
1453117069454 481790 51.0513399942966 3.72880114099894 5799828 1000
1453117070454 482790 51.0513399942966 3.72880114099894 4524632 1000
1453117071454 483790 51.0513332578977 3.7288188104715 5132592 1000
1453117072454 484790 51.0513332578977 3.7288188104715 4587792 1000
1453117073454 485790 51.0513400578039 3.72883329722501 3469568 1000
1453117074454 486790 51.0513400578039 3.72883329722501 4472832 1000
1453117075454 487790 51.0513350923588 3.7288634159389 4505600 1000
1453117076455 488791 51.0513265751702 3.72888454976152 6943628 1001
1453117077454 489790 51.0513149715768 3.72890348321776 4202324 999
1453117078454 490790 51.0513043565084 3.72892519533821 3359956 1000
1453117079454 491790 51.0513043565084 3.72892519533821 5166300 1000
1453117080454 492790 51.0512893794507 3.72897068990457 6491204 1000
1453117081454 493790 51.0512782505164 3.72898650694454 4039956 1000
1453117082454 494790 51.0512717605906 3.72900231505598 5588808 1000
1453117083455 495791 51.0512662680277 3.72902064527986 4292108 1001
1453117084454 496790 51.0512617360025 3.72903797435994 5185680 999
1453117085454 497790 51.0512585996568 3.72905287885432 5024440 1000
1453117086454 498790 51.0512558376284 3.72907043006968 4950760 1000
1453117087454 499790 51.0512547735547 3.72908545230239 3847668 1000
1453117088454 500790 51.0512491657772 3.72910120191202 3399680 1000
1453117089455 501791 51.0512401749864 3.72912602781984 5849044 1001
1453117090454 502790 51.0512322732787 3.72915083654495 4724168 999
1453117091455 503791 51.0512249898526 3.72917714521962 4949856 1001
1453117092454 504790 51.05121307043 3.72920333869737 4065728 999
1453117093454 505790 51.0512100387372 3.72922654599211 3991552 1000
1453117094455 506791 51.0512042532159 3.72924624058433 5851384 1001
1453117095454 507790 51.0511927731111 3.72927019024763 5214064 999
1453117096454 508790 51.0511803524581 3.72929950098396 4593984 1000
1453117097454 509790 51.0511708867568 3.72932372574504 5162248 1000
1453117098454 510790 51.0511605098717 3.7293462292232 3076228 1000
1453117099454 511790 51.0511438637635 3.72936873393589 6090752 1000
1453117100455 512791 51.0511335737529 3.72939246751157 5555768 1001
1453117101454 513790 51.0511253069576 3.72941620677262 4554892 999
1453117102454 514790 51.0511148770882 3.72943735071059 5250460 1000
1453117103455 515791 51.0510999098601 3.72945784427213 3292432 1001
1453117104454 516790 51.0510797912232 3.72947862522026 2164736 999
1453117105454 517790 51.0510695675359 3.72949472615102 5959680 1000
1453117106454 518790 51.0510568555498 3.72950881338215 7628072 1000
1453117107454 519790 51.0510452716724 3.7295220937571 4875288 1000
1453117108454 520790 51.0510308624391 3.72953376577068 2019304 1000
1453117109454 521790 51.0510131297056 3.7295444820179 6254516 1000
1453117110454 522790 51.0509960570427 3.72955752472634 6800864 1000
1453117111454 523790 51.0509779603732 3.72957117514897 2890932 1000
1453117112454 524790 51.0509575905675 3.72958519181788 6659420 1000
1453117113454 525790 51.0509575905675 3.72958519181788 4104272 1000
1453117114454 526790 51.0509450942203 3.72959804314814 5875200 1000
1453117115454 527790 51.0509222282692 3.72961430527554 4817752 1000
1453117116454 528790 51.0509031983896 3.72962592819004 4717132 1000
