1453207867558 167 51.048214534725 3.73083137640664 11432 167
1453207868557 1166 51.0482084952328 3.73079381227903 2168160 999
1453207869558 2167 51.0481983058808 3.7307470107314 5690260 1001
1453207870557 3166 51.0481902136712 3.73068859561219 10246568 999
1453207871557 4166 51.0481754158822 3.73063580797931 11583364 1000
1453207872557 5166 51.0481561050948 3.7305824879765 10012504 1000
1453207873557 6166 51.0481283577172 3.73051672031263 9447720 1000
1453207874558 7167 51.0481012965977 3.73043695870737 9421324 1001
1453207875557 8166 51.0480651979065 3.73025061791684 7920380 999
1453207876558 9167 51.0480500439353 3.73015680067282 7888708 1001
1453207877558 10167 51.0480391278147 3.73006666542256 6497200 1000
1453207878557 11166 51.0480391278147 3.73006666542256 3502080 999
1453207879557 12166 51.0480369724449 3.72998052811866 5138432 1000
1453207880558 13167 51.0480400711612 3.72989511782476 8806400 1001
1453207881558 14167 51.0480459323583 3.72981061609131 9218048 1000
1453207882557 15166 51.0480808581269 3.72963183871494 5875476 999
1453207883557 16166 51.0480808581269 3.72963183871494 999424 1000
1453207884557 17166 51.0481041757056 3.7295545469327 3393536 1000
1453207885557 18166 51.0481571031981 3.72941303271784 8435712 1000
1453207886557 19166 51.0481571031981 3.72941303271784 4660936 1000
1453207887557 20166 51.0481827502967 3.72934903537651 6851228 1000
1453207888557 21166 51.0482034590415 3.72928676422376 4032512 1000
1453207889557 22166 51.0482168228396 3.72922048111879 6569984 1000
1453207890558 23167 51.0482214594327 3.72915924401158 7895040 1001
1453207891557 24166 51.0482074352953 3.72909894102398 7710720 999
1453207892557 25166 51.0481852016406 3.72902625265234 7538688 1000
1453207893557 26166 51.0481547085306 3.72894480461237 4657152 1000
1453207894557 27166 51.0481311356777 3.72876319394106 3801088 1000
1453207895557 28166 51.0481311356777 3.72876319394106 5127168 1000
1453207896557 29166 51.0481265515131 3.72867121719588 5271208 1000
1453207897557 30166 51.0481186806218 3.72857884550156 5185192 1000
1453207898557 31166 51.0481072620262 3.72848521470224 3401284 1000
1453207899557 32166 51.0480982810148 3.72838604476573 6504448 1000
1453207900557 33166 51.0480854565949 3.72819766956025 7823160 1000
1453207901557 34166 51.0480854565949 3.72819766956025 4735956 1000
1453207902557 35166 51.048080186072 3.72810408439273 4873164 1000
1453207903557 36166 51.0480699825557 3.72802368844008 4591616 1000
1453207904557 37166 51.0480699825557 3.72802368844008 1777664 1000
1453207905557 38166 51.0480598941252 3.72795696537216 7811072 1000
1453207906557 39166 51.0480356142922 3.72778065976644 7041296 1000
1453207907557 40166 51.0480356142922 3.72778065976644 5221968 1000
1453207908557 41166 51.0480261523483 3.72772937209903 5885400 1000
1453207909558 42167 51.0480163254977 3.72768841512164 2859064 1001
1453207910558 43167 51.048004642309 3.72765631513465 2123776 1000
1453207911557 44166 51.0479903851252 3.72763868748062 4741120 999
1453207912558 45167 51.0479775736854 3.72762933488858 7280640 1001
1453207913557 46166 51.0479775736854 3.72762933488858 7493632 999
1453207914558 47167 51.0479430380504 3.72763446224076 5637592 1001
1453207915557 48166 51.0479059638988 3.72763668183585 4199820 999
1453207916557 49166 51.0478548936617 3.72762829029622 2917136 1000
1453207917557 50166 51.0478054893941 3.72761137614278 1918204 1000
1453207918558 51167 51.0477734698339 3.72756365532872 1157468 1001
1453207919557 52166 51.0477383361213 3.72752255135217 453392 999
1453207920557 53166 51.0477117482082 3.72748638317571 1498976 1000
1453207921557 54166 51.0476699819349 3.72744311227942 1391136 1000
1453207922557 55166 51.0476699819349 3.72744311227942 1256072 1000
1453207923558 56167 51.0476047365748 3.72741136656292 6000920 1001
1453207924557 57166 51.0474339004138 3.72732449035266 5929764 999
1453207925558 58167 51.0473563355076 3.72727136074942 3364792 1001
1453207926557 59166 51.0472726084973 3.72725658786515 3492616 999
1453207927558 60167 51.0471878718766 3.72725333568149 2417560 1001
1453207928557 61166 51.047103466531 3.727245262012 1614904 999
1453207929557 62166 51.0470248513643 3.72723528671231 1394424 1000
1453207930557 63166 51.0469502601672 3.7272303255145 3355228 1000
1453207931558 64167 51.0469502601672 3.7272303255145 4761292 1001
1453207932557 65166 51.0468794237498 3.72722486232073 7343452 999
1453207933558 66167 51.046811850788 3.72721626573385 6466632 1001
1453207934557 67166 51.0467466289124 3.72720132267212 5429764 999
1453207935557 68166 51.0466838057975 3.72718986709958 4945988 1000
1453207936557 69166 51.0465561444614 3.72716487372362 4452352 1000
1453207937557 70166 51.0464974033888 3.72715977271867 4419832 1000
1453207938557 71166 51.0464488786864 3.72715812693491 4391188 1000
1453207939558 72167 51.0464081484542 3.72715698182428 3961716 1001
1453207940558 73167 51.0463742873417 3.72715607906691 2936552 1000
1453207941557 74166 51.046350791436 3.72713110546466 5554628 999
1453207942557 75166 51.0463296743324 3.7271180422512 2586384 1000
1453207943557 76166 51.0463296743324 3.7271180422512 1481880 1000
1453207944557 77166 51.0463051988863 3.72708537791375 4538636 1000
1453207945557 78166 51.0462915312239 3.72705728296403 3633152 1000
1453207946557 79166 51.0462839452959 3.72703230578838 5470780 1000
1453207947557 80166 51.0462738958401 3.72700312107511 3881796 1000
1453207948557 81166 51.0462527979072 3.72698369149575 5520372 1000
1453207949557 82166 51.0462219636053 3.72696315708578 4549116 1000
1453207950557 83166 51.0462219636053 3.72696315708578 968920 1000
1453207951557 84166 51.0461934969753 3.72694811931021 4569032 1000
1453207952557 85166 51.0461513561282 3.7269397432693 5054484 1000
1453207953557 86166 51.0460978729924 3.72692769472874 4835504 1000
1453207954557 87166 51.0460339999486 3.72691858324297 4989048 1000
1453207955557 88166 51.0459690965772 3.72692344097609 3010264 1000
1453207956558 89167 51.0459035064998 3.72689000794886 1187840 1001
1453207957558 90167 51.0458367440487 3.72685509025934 8093696 1000
1453207958558 91167 51.0457740188679 3.7268231941422 5156896 1000
1453207959557 92166 51.0456475802984 3.72677166852511 3380776 999
1453207960557 93166 51.0455866691704 3.72674367785917 945320 1000
1453207961558 94167 51.0455298916556 3.7267189720587 3284704 1001
1453207962557 95166 51.045477877266 3.72669879114794 2154936 999
1453207963557 96166 51.0454386405255 3.72665398957062 1600592 1000
1453207964558 97167 51.0454386405255 3.72665398957062 2232664 1001
1453207965557 98166 51.0453720005513 3.72661713173729 2172316 999
1453207966557 99166 51.0453720005513 3.72661713173729 2093728 1000
1453207967557 100166 51.0453343539784 3.72661063952378 2537040 1000
1453207968557 101166 51.0452496799434 3.72659253893848 3272840 1000
1453207969558 102167 51.0452012222213 3.72658925685834 2685216 1001
1453207970557 103166 51.0451500334171 3.72659183574128 2174324 999
1453207971557 104166 51.0450919728877 3.72659118896355 2216112 1000
1453207972558 105167 51.0450369575958 3.72658512653849 1819100 1001
1453207973557 106166 51.0449823085394 3.72657182892254 1903376 999
1453207974557 107166 51.0449282349537 3.72655797429798 1974820 1000
1453207975557 108166 51.0448753033683 3.72654150016559 2511324 1000
1453207976557 109166 51.0448219400272 3.72652440204469 2274076 1000
1453207977557 110166 51.0447743257844 3.72650753330168 1990996 1000
1453207978557 111166 51.0447159484367 3.72649605616796 870808 1000
1453207979558 112167 51.0446709635093 3.72648360838327 934268 1001
1453207980558 113167 51.0446264744044 3.72647663207277 1966144 1000
1453207981557 114166 51.0445861429021 3.72647065421277 2448452 999
1453207982557 115166 51.0445462365914 3.72646467602879 2042220 1000
1453207983557 116166 51.0445065065252 3.72646053437241 2007900 1000
1453207984557 117166 51.0444650480422 3.72645622461878 2890732 1000
1453207985557 118166 51.0444254245513 3.72645115235041 2820016 1000
1453207986557 119166 51.044390514919 3.72644462694164 2917772 1000
1453207987558 120167 51.044357211643 3.72643986643765 2193404 1001
1453207988557 121166 51.0443185967195 3.72644972032439 3125908 999
1453207989557 122166 51.0442899137258 3.72644512752944 2483560 1000
1453207990557 123166 51.0442731055129 3.72643830283332 2814744 1000
1453207991557 124166 51.0442731055129 3.72643830283332 2206608 1000
1453207992557 125166 51.0442731055129 3.72643830283332 2215360 1000
1453207993557 126166 51.0442731055129 3.72643830283332 2395396 1000
1453207994557 127166 51.0442731055129 3.72643830283332 1722744 1000
1453207995558 128167 51.0442817109104 3.72642092389579 2840988 1001
1453207996558 129167 51.0442817109104 3.72642092389579 2924408 1000
1453207997557 130166 51.0442817109104 3.72642092389579 1661436 999
1453207998557 131166 51.0442918924996 3.72641121197353 1441660 1000
1453207999557 132166 51.0442918924996 3.72641121197353 2361108 1000
1453208000558 133167 51.0442918924996 3.72641121197353 2079204 1001
1453208001558 134167 51.0442918924996 3.72641121197353 1400832 1000
1453208002558 135167 51.0442847149677 3.72639187753467 1049832 1000
1453208003558 136167 51.0442847149677 3.72639187753467 0 1000
1453208004558 137167 51.0442883405608 3.72635255969334 1023236 1000
1453208005558 138167 51.0442883405608 3.72635255969334 466616 1000
1453208006558 139167 51.0442937352685 3.72633862455085 3691008 1000
1453208007557 140166 51.0442780176807 3.72633872263264 2129512 999
1453208008558 141167 51.0442780176807 3.72633872263264 2463976 1001
1453208009557 142166 51.0442664408002 3.72635534322748 2661004 999
1453208010557 143166 51.0442664408002 3.72635534322748 2705728 1000
1453208011558 144167 51.0442572925369 3.72635217016005 3404964 1001
1453208012557 145166 51.0442572925369 3.72635217016005 1028404 999
1453208013557 146166 51.0442572925369 3.72635217016005 3248540 1000
1453208014558 147167 51.0442572925369 3.72635217016005 1821148 1001
1453208015557 148166 51.0442572925369 3.72635217016005 2012892 999
1453208016557 149166 51.0442572925369 3.72635217016005 3698092 1000
1453208017557 150166 51.0442572925369 3.72635217016005 3030796 1000
1453208018557 151166 51.0442572925369 3.72635217016005 3326864 1000
1453208019558 152167 51.0442572925369 3.72635217016005 3299904 1001
1453208020557 153166 51.0442572925369 3.72635217016005 3445044 999
1453208021558 154167 51.0441901194094 3.72635281918801 4892336 1001
1453208022558 155167 51.0441688751599 3.72631100151132 4599248 1000
1453208023557 156166 51.0441356050773 3.72628729126807 4119616 999
1453208024558 157167 51.0440946190434 3.72627353694376 4403916 1001
1453208025557 158166 51.0439876423383 3.72623071147152 2755312 999
1453208026558 159167 51.0439338148213 3.72620869142109 2872588 1001
1453208027558 160167 51.0438615505968 3.72619155645162 1709264 1000
1453208028557 161166 51.0437915838783 3.72617643828079 1804324 999
1453208029558 162167 51.0437275540127 3.72615486925714 1565676 1001
1453208030558 163167 51.0436601948692 3.72612260805754 1524588 1000
1453208031557 164166 51.0435950454765 3.72608773251412 1846760 999
1453208032557 165166 51.0435373811306 3.72603410567496 1755096 1000
1453208033557 166166 51.0434855535334 3.72596337293592 1441012 1000
1453208034557 167166 51.0434343514504 3.72588326177093 1598728 1000
1453208035557 168166 51.0433856684005 3.72580586126245 2458608 1000
1453208036557 169166 51.0433375758878 3.72572512561975 2131332 1000
1453208037558 170167 51.043282036353 3.72565752780777 1931684 1001
1453208038558 171167 51.0432273479487 3.72559319360877 2265988 1000
1453208039557 172166 51.0431699453355 3.72553161145704 2232288 999
1453208040557 173166 51.0431024716048 3.72550479651075 1209156 1000
1453208041558 174167 51.0430381365563 3.72547518404238 1617344 1001
1453208042558 175167 51.0429697606195 3.72545811658024 2603944 1000
1453208043558 176167 51.0429062368831 3.72543197936564 4244008 1000
1453208044557 177166 51.0428305342481 3.72541219596093 3560060 999
1453208045557 178166 51.0427525302266 3.7254106968845 2595052 1000
1453208046557 179166 51.0427525302266 3.7254106968845 1524588 1000
1453208047557 180166 51.0425991157767 3.72543608041835 1490888 1000
1453208048558 181167 51.0425402615795 3.7254560505053 961824 1001
1453208049557 182166 51.0424970045152 3.72546681228766 5120908 999
1453208050557 183166 51.0424970045152 3.72546681228766 5597680 1000
1453208051557 184166 51.0424970045152 3.72546681228766 1594092 1000
1453208052557 185166 51.0424713500956 3.72548507898945 3891200 1000
1453208053557 186166 51.0424525371036 3.72553444199695 7864320 1000
1453208054557 187166 51.0424525371036 3.72553444199695 5513012 1000
1453208055557 188166 51.0424525371036 3.72553444199695 5796296 1000
1453208056557 189166 51.0424525371036 3.72553444199695 2751884 1000
1453208057558 190167 51.0424525371036 3.72553444199695 6180864 1001
1453208058558 191167 51.0424525371036 3.72553444199695 8114176 1000
1453208059557 192166 51.0424525371036 3.72553444199695 5547452 999
1453208060558 193167 51.0424525371036 3.72553444199695 5812028 1001
1453208061557 194166 51.0424525371036 3.72553444199695 3509976 999
1453208062557 195166 51.0424525371036 3.72553444199695 4585472 1000
1453208063558 196167 51.0424525371036 3.72553444199695 8097792 1001
1453208064557 197166 51.0424525371036 3.72553444199695 5268996 999
1453208065557 198166 51.0424525371036 3.72553444199695 3939612 1000
1453208066557 199166 51.0424525371036 3.72553444199695 4678712 1000
1453208067558 200167 51.0424525371036 3.72553444199695 4665344 1001
1453208068557 201166 51.0424525371036 3.72553444199695 7593984 999
1453208069557 202166 51.0424525371036 3.72553444199695 7632896 1000
1453208070557 203166 51.0424525371036 3.72553444199695 6092532 1000
1453208071557 204166 51.0424525371036 3.72553444199695 3531024 1000
1453208072557 205166 51.0424525371036 3.72553444199695 2842624 1000
1453208073558 206167 51.0424525371036 3.72553444199695 4206592 1001
1453208074558 207167 51.0424525371036 3.72553444199695 7110656 1000
1453208075557 208166 51.0424525371036 3.72553444199695 4960844 999
1453208076558 209167 51.0424525371036 3.72553444199695 2977348 1001
1453208077557 210166 51.0424525371036 3.72553444199695 3104572 999
1453208078557 211166 51.0424525371036 3.72553444199695 2618720 1000
1453208079558 212167 51.0424525371036 3.72553444199695 2882440 1001
1453208080557 213166 51.0424525371036 3.72553444199695 2990048 999
1453208081557 214166 51.0424097603427 3.72553920088923 2696552 1000
1453208082557 215166 51.0423739763862 3.72554131965337 2591752 1000
1453208083558 216167 51.0423224181103 3.72554336190979 2581368 1001
1453208084558 217167 51.0422584704356 3.7255398760174 2493800 1000
1453208085557 218166 51.0421881434154 3.7255342629508 2952276 999
1453208086557 219166 51.0421078311635 3.72553220126629 2594412 1000
1453208087558 220167 51.0420234656681 3.72553564682705 2837872 1001
1453208088557 221166 51.0419400779925 3.72553731507231 3072092 999
1453208089558 222167 51.0418651966073 3.72552524869493 2584692 1001
1453208090558 223167 51.0417835292985 3.72550015675032 3109260 1000
1453208091557 224166 51.0416984509407 3.72547795038347 2678380 999
1453208092557 225166 51.0416110422787 3.72546081546997 2969792 1000
1453208093557 226166 51.0415271656473 3.72544919772114 2355604 1000
1453208094557 227166 51.0414576214995 3.72544748558755 2989164 1000
1453208095557 228166 51.0414576214995 3.72544748558755 3978752 1000
1453208096558 229167 51.0413878428389 3.72545354575502 4366372 1001
1453208097557 230166 51.0412394576285 3.72548889392423 4306504 999
1453208098557 231166 51.0411580389804 3.72551748621823 5855696 1000
1453208099557 232166 51.0410722945356 3.72553659845761 5561968 1000
1453208100557 233166 51.0410722945356 3.72553659845761 3218272 1000
1453208101558 234167 51.0409857952676 3.72553095282632 3605664 1001
1453208102557 235166 51.0408031899844 3.725524380426 881944 999
1453208103557 236166 51.0407100277109 3.72552524177853 6687652 1000
1453208104557 237166 51.040620493458 3.7255306128525 4700136 1000
1453208105557 238166 51.0405317817153 3.72553857144289 5378964 1000
1453208106557 239166 51.0404416694525 3.72555831927282 4877952 1000
1453208107557 240166 51.0403555502046 3.72558004722299 2794472 1000
1453208108557 241166 51.0402737695881 3.72559633518141 2758008 1000
1453208109558 242167 51.0402737695881 3.72559633518141 363208 1001
1453208110558 243167 51.0401239428379 3.72561226192136 4920200 1000
1453208111557 244166 51.0400533945871 3.72561688819074 1542144 999
1453208112558 245167 51.0399819359651 3.72562721155175 2739612 1001
1453208113557 246166 51.0399209314708 3.72562754118577 4218084 999
1453208114557 247166 51.0398695955047 3.72562957475764 3079480 1000
1453208115557 248166 51.0398695955047 3.72562957475764 2952120 1000
1453208116558 249167 51.0398257506237 3.72563673816553 4655216 1001
1453208117558 250167 51.0397877073541 3.72563961673537 2658304 1000
1453208118558 251167 51.0397510162195 3.72564337585345 3248128 1000
1453208119557 252166 51.0397062324853 3.725647347767 7720960 999
1453208120557 253166 51.0396659731609 3.72564858745132 7290880 1000
1453208121557 254166 51.0396216153137 3.72566138410206 6758216 1000
1453208122557 255166 51.0395687856888 3.72568576443894 2686976 1000
1453208123557 256166 51.0395118133874 3.72570857599148 6352896 1000
1453208124558 257167 51.0394705955431 3.7257153597734 7514112 1001
1453208125557 258166 51.0394146416107 3.72573442749131 7858176 999
1453208126557 259166 51.0393496687251 3.72576298303115 5033620 1000
1453208127557 260166 51.0392863580174 3.72579768577005 2912256 1000
1453208128558 261167 51.0392323144126 3.72582003647536 5814704 1001
1453208129558 262167 51.0391775149149 3.72587417092008 4785776 1000
1453208130557 263166 51.0391394737921 3.7259064333978 4889788 999
1453208131557 264166 51.0391034267305 3.72598787321987 5258836 1000
1453208132557 265166 51.0391034267305 3.72598787321987 3716528 1000
1453208133558 266167 51.0391034267305 3.72598787321987 4011104 1001
1453208134557 267166 51.0391034267305 3.72598787321987 4625872 999
1453208135558 268167 51.0391034267305 3.72598787321987 3670264 1001
1453208136557 269166 51.0391034267305 3.72598787321987 2189152 999
1453208137558 270167 51.0391034267305 3.72598787321987 2617816 1001
1453208138557 271166 51.0391034267305 3.72598787321987 2172976 999
1453208139557 272166 51.0391034267305 3.72598787321987 1695784 1000
1453208140557 273166 51.0391034267305 3.72598787321987 2363044 1000
1453208141557 274166 51.0391034267305 3.72598787321987 1788796 1000
1453208142558 275167 51.0391034267305 3.72598787321987 2308408 1001
1453208143557 276166 51.0391034267305 3.72598787321987 1843432 999
1453208144558 277167 51.0391034267305 3.72598787321987 2427748 1001
1453208145557 278166 51.0390870717035 3.72599458453128 4327376 999
1453208146557 279166 51.0390581080935 3.72601120846634 5168260 1000
1453208147557 280166 51.0390197412631 3.72603038939151 4454400 1000
1453208148557 281166 51.0389700399093 3.72604500440035 5320308 1000
1453208149558 282167 51.0389700399093 3.72604500440035 3008700 1001
1453208150557 283166 51.0389052128446 3.72605976930455 4207108 999
1453208151557 284166 51.0387426385343 3.72611218475439 5839536 1000
1453208152557 285166 51.0386624110769 3.72610235090746 3037044 1000
1453208153558 286167 51.0385809703419 3.7260924708397 3949252 1001
1453208154557 287166 51.0384977444961 3.72610023893342 3026648 999
1453208155557 288166 51.0384097669763 3.72612621616705 3650436 1000
1453208156557 289166 51.0383401023754 3.72615513524695 4308156 1000
1453208157557 290166 51.0382728876002 3.72617621428246 3703304 1000
1453208158557 291166 51.0382121949773 3.72619582211688 4174408 1000
1453208159557 292166 51.0381515388372 3.72621588477385 3014128 1000
1453208160557 293166 51.0380908002416 3.72623298550504 2846976 1000
1453208161557 294166 51.038030622514 3.72624877234281 3001996 1000
1453208162558 295167 51.0379740372493 3.72626639535259 2925160 1001
1453208163557 296166 51.0379184309696 3.72627998881666 2563484 999
1453208164557 297166 51.0378578802485 3.726297403736 2409288 1000
1453208165557 298166 51.037794956977 3.72631439653003 2054352 1000
1453208166557 299166 51.0377332928559 3.72632894036064 2005332 1000
1453208167557 300166 51.0376775885739 3.72633790001292 1816896 1000
1453208168557 301166 51.0376287641581 3.72633955195578 1705220 1000
1453208169557 302166 51.0375834455762 3.72634077196912 1569644 1000
1453208170557 303166 51.0375345669481 3.72634623256041 1448528 1000
1453208171557 304166 51.0374860748812 3.72635491251244 1521892 1000
1453208172557 305166 51.0374400973022 3.72636924444187 648388 1000
1453208173557 306166 51.0373943820962 3.72638784294085 1933032 1000
1453208174557 307166 51.0373445052691 3.72641076291444 1323736 1000
1453208175557 308166 51.0372969726754 3.72643236232239 1458536 1000
1453208176558 309167 51.0372462153912 3.72645773479476 730616 1001
1453208177558 310167 51.0371960711292 3.72648011230223 583684 1000
1453208178557 311166 51.0371388975121 3.72649200944392 775100 999
1453208179557 312166 51.0370932829514 3.72649758966009 703656 1000
1453208180557 313166 51.0370552853831 3.726501215799 568856 1000
1453208181558 314167 51.0370279187593 3.72649997100805 291168 1001
1453208182557 315166 51.0370109387639 3.72649674776927 314084 999
1453208183557 316166 51.0370109387639 3.72649674776927 520328 1000
1453208184557 317166 51.0370109387639 3.72649674776927 868112 1000
1453208185558 318167 51.0370109387639 3.72649674776927 1734876 1001
1453208186558 319167 51.0370109387639 3.72649674776927 2987168 1000
1453208187557 320166 51.0370109387639 3.72649674776927 1281948 999
1453208188557 321166 51.0370109387639 3.72649674776927 22916 1000
1453208189557 322166 51.0370109387639 3.72649674776927 4135716 1000
1453208190557 323166 51.0370109387639 3.72649674776927 2653564 1000
1453208191557 324166 51.0370109387639 3.72649674776927 5101636 1000
1453208192557 325166 51.0370109387639 3.72649674776927 4071260 1000
1453208193557 326166 51.0370109387639 3.72649674776927 3694508 1000
1453208194557 327166 51.0370109387639 3.72649674776927 3429264 1000
1453208195558 328167 51.0370109387639 3.72649674776927 5144752 1001
1453208196558 329167 51.0370109387639 3.72649674776927 4731504 1000
1453208197558 330167 51.0370109387639 3.72649674776927 4399832 1000
1453208198557 331166 51.0370109387639 3.72649674776927 3670132 999
1453208199557 332166 51.0370109387639 3.72649674776927 4270820 1000
1453208200558 333167 51.0370109387639 3.72649674776927 2549612 1001
1453208201558 334167 51.0370109387639 3.72649674776927 3006040 1000
1453208202557 335166 51.0370109387639 3.72649674776927 2657876 999
1453208203558 336167 51.0370109387639 3.72649674776927 3692552 1001
1453208204557 337166 51.0370109387639 3.72649674776927 4028524 999
1453208205557 338166 51.0370109387639 3.72649674776927 3292516 1000
1453208206557 339166 51.0370109387639 3.72649674776927 3426564 1000
1453208207557 340166 51.0370109387639 3.72649674776927 2671900 1000
1453208208559 341168 51.0370109387639 3.72649674776927 5336624 1002
1453208209557 342166 51.0370109387639 3.72649674776927 4815000 998
1453208210557 343166 51.0369919460612 3.72649569292296 6368264 1000
1453208211557 344166 51.0369691034993 3.72648974290197 5661328 1000
1453208212557 345166 51.036932349903 3.72648671651873 4059136 1000
1453208213557 346166 51.036932349903 3.72648671651873 4798464 1000
1453208214558 347167 51.0368246545381 3.72648294724493 7371580 1001
1453208215557 348166 51.0367574053323 3.72648177064412 5682500 999
1453208216557 349166 51.0366967275237 3.72645818456363 5391068 1000
1453208217557 350166 51.0366339451719 3.72643752930909 3149824 1000
1453208218557 351166 51.0366339451719 3.72643752930909 3940312 1000
1453208219558 352167 51.0365088452122 3.72638299068423 3717072 1001
1453208220557 353166 51.0364366509115 3.72637380505746 6076720 999
1453208221557 354166 51.036365239256 3.72636257213471 6819840 1000
1453208222557 355166 51.0362867728018 3.72635121349006 5488640 1000
1453208223557 356166 51.0362867728018 3.72635121349006 3489792 1000
1453208224557 357166 51.0361269380545 3.72631180023216 7446528 1000
1453208225558 358167 51.0360543077468 3.72628954902269 5296128 1001
1453208226558 359167 51.0359842823925 3.72627108492326 4284416 1000
1453208227557 360166 51.0359195434645 3.72625395260261 5271552 999
1453208228557 361166 51.0359195434645 3.72625395260261 2076672 1000
1453208229557 362166 51.0357991990856 3.72621067456098 1781760 1000
1453208230557 363166 51.0357455942639 3.72618825799426 6090752 1000
1453208231557 364166 51.0356468387525 3.72614195331394 4669440 1000
1453208232557 365166 51.0356468387525 3.72614195331394 5114980 1000
1453208233557 366166 51.0355925959016 3.72611478206541 2697216 1000
1453208234557 367166 51.0355305009344 3.72609067646337 7090176 1000
1453208235558 368167 51.0354639032058 3.72606294038979 7245824 1001
1453208236557 369166 51.0353964569809 3.72603256326377 6156120 999
1453208237557 370166 51.0353311713681 3.72600138478337 2884156 1000
1453208238557 371166 51.0352657437827 3.72597476571384 3606528 1000
1453208239557 372166 51.0351994568657 3.72594683736154 7346176 1000
1453208240558 373167 51.0351272176351 3.72591562713092 7127496 1001
1453208241557 374166 51.0350498519701 3.72588520203023 5231900 999
1453208242557 375166 51.0349701247463 3.72585479935081 4978688 1000
1453208243557 376166 51.0348931938944 3.7258221543267 3293184 1000
1453208244557 377166 51.0348234085025 3.72579519339207 7331840 1000
1453208245557 378166 51.0347644203245 3.7257751985759 7630848 1000
1453208246558 379167 51.0347109998563 3.72575943847684 7436288 1001
1453208247557 380166 51.0346659388525 3.72575055850414 4704276 999
1453208248557 381166 51.03462536925 3.72574296140761 3063808 1000
1453208249557 382166 51.0345877937234 3.72573741937186 5123596 1000
1453208250557 383166 51.0345513631901 3.72572427766436 4039852 1000
1453208251557 384166 51.034510250372 3.72570792402017 3360720 1000
1453208252557 385166 51.0344783447853 3.72567652918687 2663704 1000
1453208253557 386166 51.0344510964648 3.7256464203079 5025832 1000
1453208254557 387166 51.0344215581747 3.72561936254763 3586380 1000
1453208255557 388166 51.0343845827221 3.7255995690998 2987764 1000
1453208256557 389166 51.0343483424114 3.72559034300136 3920732 1000
1453208257558 390167 51.0343202069603 3.7255865036906 3614396 1001
1453208258557 391166 51.0343000676123 3.72557840895721 5361664 999
1453208259557 392166 51.0342898121733 3.72557022362625 4300064 1000
1453208260558 393167 51.0342898121733 3.72557022362625 4111840 1001
1453208261557 394166 51.0342898121733 3.72557022362625 4123788 999
1453208262557 395166 51.0342898121733 3.72557022362625 3455948 1000
1453208263557 396166 51.0342898121733 3.72557022362625 4366336 1000
1453208264557 397166 51.0342898121733 3.72557022362625 5231672 1000
1453208265557 398166 51.0342898121733 3.72557022362625 2826240 1000
1453208266558 399167 51.0342898121733 3.72557022362625 3485696 1001
1453208267557 400166 51.0342898121733 3.72557022362625 3436544 999
1453208268557 401166 51.0342898121733 3.72557022362625 4040704 1000
1453208269557 402166 51.0342898121733 3.72557022362625 7401472 1000
1453208270557 403166 51.0342898121733 3.72557022362625 7770112 1000
1453208271558 404167 51.0342898121733 3.72557022362625 5124316 1001
1453208272557 405166 51.0342898121733 3.72557022362625 1024276 999
1453208273557 406166 51.0342898121733 3.72557022362625 1263280 1000
1453208274557 407166 51.0342898121733 3.72557022362625 2263292 1000
1453208275558 408167 51.0342806528036 3.72556910222415 2766096 1001
1453208276557 409166 51.0342618314041 3.72556423224045 2912744 999
1453208277558 410167 51.0342283802556 3.72555324703963 3086924 1001
1453208278557 411166 51.0341271507172 3.72550727046977 3220652 999
1453208279557 412166 51.0341271507172 3.72550727046977 841152 1000
1453208280557 413166 51.0340085849835 3.72541453196523 1895288 1000
1453208281557 414166 51.0339450738988 3.72535089180035 1148496 1000
1453208282557 415166 51.0339450738988 3.72535089180035 1396132 1000
1453208283557 416166 51.0338761641909 3.72527570400335 5340524 1000
1453208284557 417166 51.03381048144 3.72519677354834 2850204 1000
1453208285557 418166 51.0337423917412 3.7251200449511 5114260 1000
1453208286558 419167 51.0336726494309 3.72504091984578 6989824 1001
1453208287557 420166 51.0336023206652 3.72496520462757 5861376 999
1453208288557 421166 51.0335334181267 3.72489575004827 2605056 1000
1453208289558 422167 51.0334706791832 3.72482950529485 4997120 1001
1453208290557 423166 51.0334119483728 3.72476284619982 7144396 999
1453208291557 424166 51.0333568946711 3.72469406726503 6011380 1000
1453208292557 425166 51.0333058781059 3.72463021511078 3637552 1000
1453208293557 426166 51.0332560500695 3.72456753145795 2488320 1000
1453208294557 427166 51.0332074617438 3.72450472992555 5681420 1000
1453208295557 428166 51.0331580577665 3.72444208429746 5040660 1000
1453208296557 429166 51.0331071293696 3.7243778400884 5034132 1000
1453208297557 430166 51.0330566812069 3.72431331331444 3749268 1000
1453208298558 431167 51.0330141296097 3.72424589446868 3665920 1001
1453208299557 432166 51.0329782796644 3.72418854180811 6488136 999
1453208300557 433166 51.0329432467548 3.72414358003724 5359640 1000
1453208301557 434166 51.0329033850294 3.7241041802753 4831920 1000
1453208302557 435166 51.0328653967446 3.7240701352969 3957100 1000
1453208303557 436166 51.0328322238346 3.72404225622356 2785280 1000
1453208304557 437166 51.0328021183255 3.72401568715178 7217152 1000
1453208305557 438166 51.0327740950588 3.72399129222807 5075052 1000
1453208306557 439166 51.0327463755803 3.72397209058694 5256448 1000
1453208307559 440168 51.0327157526768 3.7239534209166 4024324 1002
1453208308557 441166 51.0326920025596 3.72393383411838 3010560 998
1453208309557 442166 51.032667274828 3.72391301128853 4531500 1000
1453208310557 443166 51.0326485550442 3.72387832150409 3003528 1000
1453208311557 444166 51.032636311331 3.72382837859261 4849868 1000
1453208312557 445166 51.0326318695249 3.72376897414243 4002212 1000
1453208313557 446166 51.0326365508177 3.72371337230797 2295644 1000
1453208314557 447166 51.0326480838976 3.72366065111919 5281828 1000
1453208315558 448167 51.032661981145 3.72360875755967 4672868 1001
1453208316557 449166 51.0326768719318 3.72355695095332 4667528 999
1453208317557 450166 51.0326865400144 3.72351866701448 2976368 1000
1453208318557 451166 51.0326944762335 3.72348916636261 1204660 1000
1453208319557 452166 51.0326944762335 3.72348916636261 1374364 1000
1453208320557 453166 51.0326944762335 3.72348916636261 2019900 1000
1453208321557 454166 51.0326944762335 3.72348916636261 2342824 1000
1453208322558 455167 51.0326944762335 3.72348916636261 2396744 1001
1453208323558 456167 51.0326944762335 3.72348916636261 2733744 1000
1453208324557 457166 51.0326944762335 3.72348916636261 1787448 999
1453208325558 458167 51.0326944762335 3.72348916636261 1023132 1001
1453208326557 459166 51.0326944762335 3.72348916636261 3165104 999
1453208327558 460167 51.0326944762335 3.72348916636261 3193292 1001
1453208328558 461167 51.0326944762335 3.72348916636261 4333940 1000
1453208329557 462166 51.0326944762335 3.72348916636261 4120632 999
1453208330557 463166 51.0326944762335 3.72348916636261 4276060 1000
1453208331557 464166 51.0326944762335 3.72348916636261 2471612 1000
1453208332558 465167 51.0326944762335 3.72348916636261 2657528 1001
1453208333558 466167 51.0326944762335 3.72348916636261 2439340 1000
1453208334557 467166 51.0326944762335 3.72348916636261 2748416 999
1453208335557 468166 51.0326944762335 3.72348916636261 7221248 1000
1453208336557 469166 51.0326944762335 3.72348916636261 2115696 1000
1453208337557 470166 51.0326944762335 3.72348916636261 4153396 1000
1453208338558 471167 51.0326967640903 3.72346367028194 2859548 1001
1453208339557 472166 51.0326982220222 3.72343916976622 5087476 999
1453208340557 473166 51.0327034581769 3.72339810049248 2899424 1000
1453208341559 474168 51.0327103479177 3.72334136875618 4733024 1002
1453208342557 475166 51.0327209120769 3.72327217540641 3684148 998
1453208343558 476167 51.0327350218126 3.72318685197227 4013224 1001
1453208344558 477167 51.0327350218126 3.72318685197227 5586740 1000
1453208345557 478166 51.0327660289747 3.72297349025903 3988264 999
1453208346557 479166 51.0327862660851 3.72284955777104 3064664 1000
1453208347557 480166 51.0328089016159 3.72272211989193 4268456 1000
1453208348558 481167 51.0328366441112 3.72258842925184 2822712 1001
1453208349557 482166 51.0328694539417 3.72245232921768 4505016 999
1453208350557 483166 51.0329035318055 3.72231261713268 4066840 1000
1453208351558 484167 51.0329358462844 3.72216609649648 3240668 1001
1453208352558 485167 51.0329664733604 3.72201499971247 3423920 1000
1453208353557 486166 51.0329971665413 3.72186620359426 2363124 999
1453208354557 487166 51.0330278480194 3.72172137015834 4149168 1000
1453208355557 488166 51.0330601684365 3.7215803627182 3131976 1000
1453208356558 489167 51.0330927481221 3.72144465149121 3878868 1001
1453208357558 490167 51.0331227299532 3.7213137588217 4471316 1000
1453208358557 491166 51.0331461154602 3.72118821397472 4508640 999
1453208359558 492167 51.0331721000346 3.72106947539794 5263168 1001
1453208360557 493166 51.0331965533562 3.72097359181792 4469272 999
1453208361558 494167 51.0332145927403 3.72089643917847 3914884 1001
1453208362558 495167 51.0332260999092 3.72082945056771 4462128 1000
1453208363557 496166 51.0332279948914 3.72077380837124 3842676 999
1453208364558 497167 51.0332279948914 3.72077380837124 5570560 1001
1453208365557 498166 51.0331887874958 3.72061986879429 5345032 999
1453208366558 499167 51.0331565325024 3.72058429102 4206304 1001
1453208367557 500166 51.0331187272397 3.72055638060044 3863192 999
1453208368558 501167 51.0330778702312 3.72053848485106 3408912 1001
1453208369557 502166 51.0330282073501 3.72050777245228 5384192 999
1453208370557 503166 51.0329331448176 3.72050341272318 3828784 1000
1453208371558 504167 51.0328428102411 3.72047294402653 2896904 1001
1453208372558 505167 51.0327430573101 3.72046222705852 3027504 1000
1453208373557 506166 51.0326377615223 3.72046203797867 2167584 999
1453208374557 507166 51.0326377615223 3.72046203797867 0 1000
1453208375557 508166 51.0325329241252 3.72045668213404 12132 1000
1453208376558 509167 51.032420448138 3.72043878351489 6877964 1001
1453208377557 510166 51.0323062066456 3.72041028673913 4562704 999
1453208378557 511166 51.0321938189007 3.72038334307314 3517724 1000
1453208379557 512166 51.0320889564272 3.72035558394108 4404280 1000
1453208380557 513166 51.0319836683246 3.72032437510547 3903420 1000
1453208381557 514166 51.0318820937305 3.72029593915958 3170236 1000
1453208382558 515167 51.031780311566 3.72026410836949 2397652 1001
1453208383557 516166 51.0315729739972 3.72019269937038 2316484 999
1453208384557 517166 51.0315729739972 3.72019269937038 2010932 1000
1453208385557 518166 51.0314754739686 3.72015395734479 3724112 1000
1453208386557 519166 51.0313754071861 3.72011414849762 5712096 1000
1453208387558 520167 51.0312730203075 3.72007415639924 4687444 1001
1453208388558 521167 51.0311699047858 3.72003663426333 4519420 1000
1453208389557 522166 51.0310640015173 3.71999883597757 5855232 999
1453208390557 523166 51.0309559256745 3.71995542481255 5853648 1000
1453208391557 524166 51.0308458440583 3.71990991383289 5082564 1000
1453208392558 525167 51.0307391166065 3.71986259722672 5695552 1001
1453208393557 526166 51.0306329102793 3.71981420994521 3927092 999
1453208394557 527166 51.0305344638068 3.71976705366809 3603968 1000
1453208395557 528166 51.0304462160396 3.71972382149398 3645368 1000
1453208396557 529166 51.0303692896296 3.71968372462422 4732024 1000
1453208397557 530166 51.0303031058077 3.71965666460717 4507040 1000
1453208398557 531166 51.0302474282566 3.71964250907687 3696428 1000
1453208399557 532166 51.0301924150082 3.71961741410235 6279168 1000
1453208400557 533166 51.0301380019548 3.71958822984021 7383040 1000
1453208401557 534166 51.0300838594725 3.71955485593571 8028160 1000
1453208402557 535166 51.030025815966 3.71952069568461 7070948 1000
1453208403557 536166 51.0299666910601 3.71948832554624 4638716 1000
1453208404558 537167 51.0299067713791 3.71945340999672 3143680 1001
1453208405557 538166 51.0298502783867 3.71942287209117 7495680 999
1453208406557 539166 51.0297946539569 3.71939241280418 7829504 1000
1453208407557 540166 51.0297408497527 3.7193644793929 7723008 1000
1453208408557 541166 51.0296849744056 3.71933661694458 5918720 1000
1453208409557 542166 51.0296277990007 3.71930286120498 3698688 1000
1453208410558 543167 51.0295692619931 3.7192633122001 5146624 1001
