1450274031248 725 51.0638457375333 3.73004886707942 3263799 725
1450274032248 1725 51.0638451726381 3.73011451153701 4226240 1000
1450274033248 2725 51.0638418236591 3.73015825607388 4253502 1000
1450274034249 3726 51.0638384866367 3.73021256995972 3942306 1001
1450274035248 4725 51.0638300560929 3.73026496427584 3333434 999
1450274036248 5725 51.0639424810106 3.73024797958902 3254912 1000
1450274037248 6725 51.0639767275545 3.73028539622737 2209948 1000
1450274038248 7725 51.0639767275545 3.73028539622737 2246402 1000
1450274039248 8725 51.0639590088617 3.73041252509423 2825550 1000
1450274040249 9726 51.063949900101 3.73047744178557 1311200 1001
1450274041249 10726 51.0639651056006 3.73052821247926 2623620 1000
1450274042248 11725 51.0640911152414 3.73055927108666 3648776 999
1450274043248 12725 51.0640911152414 3.73055927108666 5246136 1000
1450274044248 13725 51.0641107557835 3.73068362062107 4399152 1000
1450274045248 14725 51.0641212652189 3.73074406513618 3632666 1000
1450274046248 15725 51.0641319088309 3.73080963647196 4175786 1000
1450274047248 16725 51.0641319088309 3.73080963647196 4262176 1000
1450274048248 17725 51.0641426067612 3.73087048049621 4779226 1000
1450274049248 18725 51.064168681803 3.73100586199555 4632512 1000
1450274050248 19725 51.0641821048348 3.73107514757365 5160350 1000
1450274051248 20725 51.0641905309629 3.73114869772371 5496076 1000
1450274052249 21726 51.0642025563718 3.73122146441814 4071096 1001
1450274053249 22726 51.0642182163661 3.73129361730775 4576568 1000
1450274054248 23725 51.0642335766079 3.73136664534722 3818362 999
1450274055249 24726 51.064241920383 3.73144255866083 3456550 1001
1450274056249 25726 51.0642504672959 3.73151364477024 2756636 1000
1450274057248 26725 51.0642504672959 3.73151364477024 2636580 999
1450274058249 27726 51.0642580309568 3.73158163364302 4599984 1001
1450274059251 28728 51.0642681176453 3.73170835712999 3022600 1002
1450274060249 29726 51.0642727552646 3.73176905303728 3576254 998
1450274061248 30725 51.0642857321903 3.7318276842104 3088044 999
1450274062248 31725 51.0642983301902 3.73189418265644 2970146 1000
1450274063248 32725 51.0642983301902 3.73189418265644 4217918 1000
1450274064248 33725 51.0643162632124 3.73207405160164 3856616 1000
1450274065248 34725 51.0643279733804 3.73218943664053 4520388 1000
1450274066248 35725 51.0643434368935 3.7323282185017 3960848 1000
1450274067248 36725 51.0643434368935 3.7323282185017 3539370 1000
1450274068248 37725 51.0643552289028 3.73247648023095 3029528 1000
1450274069249 38726 51.0643891989571 3.73278083546117 2446886 1001
1450274070248 39725 51.0644114404844 3.73292564148403 2390152 999
1450274071248 40725 51.0644389047842 3.73305404066978 2128298 1000
1450274072248 41725 51.0644686809458 3.73317400677148 2850412 1000
1450274073248 42725 51.0644686809458 3.73317400677148 3416940 1000
1450274074249 43726 51.0644881439371 3.73341587754177 2760750 1001
1450274075249 44726 51.0645006081433 3.73351303324561 3380400 1000
1450274076248 45725 51.0645115809445 3.73359498134983 2216646 999
1450274077248 46725 51.0645268748233 3.73365243344326 1761804 1000
1450274078249 47726 51.0645268748233 3.73365243344326 1688198 1001
1450274079248 48725 51.0645469659618 3.73376993422794 3666434 999
1450274080249 49726 51.0645618791369 3.73381010861952 4528506 1001
1450274081248 50725 51.0645766131335 3.73384181989515 5697764 999
1450274082248 51725 51.0646003835442 3.73387357590268 5043288 1000
1450274083248 52725 51.0646202388302 3.73390180017853 4368384 1000
1450274084248 53725 51.0646191406501 3.73393245418869 6537216 1000
1450274085248 54725 51.0645922363589 3.73396265981056 6194622 1000
1450274086249 55726 51.0645546787028 3.73397450026702 4047892 1001
1450274087249 56726 51.0644911202388 3.73398273964238 4589558 1000
1450274088248 57725 51.0644164884139 3.73397655319607 3194880 999
1450274089249 58726 51.0643338101299 3.73396857610978 6439908 1001
1450274090249 59726 51.0642568506032 3.73396321466364 3350278 1000
1450274091249 60726 51.0641708204248 3.73397972509365 3554972 1000
1450274092248 61725 51.0640810709472 3.73401365909052 2798258 999
1450274093248 62725 51.0639920161739 3.73405356451991 2789404 1000
1450274094248 63725 51.0638973685351 3.73409914651323 3639588 1000
1450274095250 64727 51.0637935996182 3.7341488024907 3780320 1002
1450274096249 65726 51.0636866174302 3.73419682552552 6025804 999
1450274097248 66725 51.0635884270235 3.73424844190385 5238316 999
1450274098249 67726 51.0634939179521 3.73429852264954 4374528 1001
1450274099248 68725 51.063406273957 3.73434369934378 6991872 999
1450274100248 69725 51.0633293590903 3.73438139100111 5894812 1000
1450274101249 70726 51.0632624964856 3.73442295798338 5914846 1001
1450274102248 71725 51.0632083663131 3.7344577454099 4819096 999
1450274103249 72726 51.0631700831026 3.73447701697352 3604480 1001
1450274104248 73725 51.0631383462331 3.73447183453196 6162432 999
1450274105248 74725 51.0631126804916 3.73444747627735 4695618 1000
1450274106249 75726 51.0630912107767 3.73441307081374 3505680 1001
1450274107248 76725 51.0630757489524 3.73436866206302 2453730 999
1450274108248 77725 51.0630691522414 3.73432366849525 3053618 1000
1450274109248 78725 51.06306486522 3.73428212128669 1887952 1000
1450274110248 79725 51.063055458724 3.7342515369766 2647992 1000
1450274111249 80726 51.0630404551162 3.73423565910076 2658858 1001
1450274112248 81725 51.0630143195875 3.73423241374936 3052840 999
1450274113248 82725 51.062974357566 3.73422763040321 4415636 1000
1450274114249 83726 51.0629269484424 3.73423065162975 3633274 1001
1450274115248 84725 51.0628745764365 3.73422810987913 3370250 999
1450274116248 85725 51.0628210071384 3.7342200551236 2222100 1000
1450274117248 86725 51.0627653723732 3.73420692346352 2285550 1000
1450274118249 87726 51.0627137389032 3.73418977522772 1355538 1001
1450274119248 88725 51.0626750988169 3.73417769813313 4762378 999
1450274120248 89725 51.0626482078861 3.73416596800032 5098324 1000
1450274121249 90726 51.0626319137846 3.73416403916583 5885348 1001
1450274122248 91725 51.0626319137846 3.73416403916583 4437662 999
1450274123248 92725 51.0626319137846 3.73416403916583 3121208 1000
1450274124248 93725 51.0626319137846 3.73416403916583 6746112 1000
1450274125248 94725 51.0626319137846 3.73416403916583 6043148 1000
1450274126248 95725 51.0626319137846 3.73416403916583 5804040 1000
1450274127249 96726 51.0626319137846 3.73416403916583 6146126 1001
1450274128248 97725 51.0626319137846 3.73416403916583 2347008 999
1450274129248 98725 51.0626319137846 3.73416403916583 6328320 1000
1450274130248 99725 51.0626319137846 3.73416403916583 5226222 1000
1450274131248 100725 51.0626319137846 3.73416403916583 4130380 1000
1450274132248 101725 51.0626319137846 3.73416403916583 5178586 1000
1450274133248 102725 51.0626319137846 3.73416403916583 2703360 1000
1450274134248 103725 51.0626319137846 3.73416403916583 6092574 1000
1450274135248 104725 51.0626319137846 3.73416403916583 5274998 1000
1450274136248 105725 51.0626319137846 3.73416403916583 5953678 1000
1450274137248 106725 51.0626319137846 3.73416403916583 4141204 1000
1450274138248 107725 51.0626319137846 3.73416403916583 3237888 1000
1450274139248 108725 51.0626319137846 3.73416403916583 5828608 1000
1450274140248 109725 51.0626319137846 3.73416403916583 6606848 1000
1450274141248 110725 51.0626319137846 3.73416403916583 6155932 1000
1450274142248 111725 51.0626319137846 3.73416403916583 4749704 1000
1450274143248 112725 51.0626319137846 3.73416403916583 3606528 1000
1450274144249 113726 51.0626144075609 3.73415869273121 4665344 1001
1450274145248 114725 51.0625874739479 3.73416364664443 6565888 999
1450274146248 115725 51.0625533456939 3.73416793502096 4489198 1000
1450274147249 116726 51.0625084748405 3.73417699256984 4414734 1001
1450274148249 117726 51.0624468173024 3.73420726334227 2867630 1000
1450274149249 118726 51.0623836663778 3.73421380749685 5275648 1000
1450274150248 119725 51.062318207858 3.734212522535 6359538 999
1450274151248 120725 51.0622514106691 3.73421157629441 3064500 1000
1450274152249 121726 51.0621861315704 3.73420913458516 2048300 1001
1450274153248 122725 51.062118642601 3.7342068434509 926688 999
1450274154248 123725 51.062118642601 3.7342068434509 883312 1000
1450274155249 124726 51.061982301035 3.73419339761555 1869750 1001
1450274156248 125725 51.0619110318995 3.73417925332427 2686262 999
1450274157248 126725 51.0618339292226 3.73416474344985 1988162 1000
1450274158248 127725 51.0617587985299 3.73414738933947 1140026 1000
1450274159249 128726 51.0616852231347 3.73412919277714 2421946 1001
1450274160248 129725 51.0616136530884 3.73411702453728 2682450 999
1450274161248 130725 51.0615516030772 3.73410977556242 2718854 1000
1450274162248 131725 51.0614955993028 3.7341038680926 3236448 1000
1450274163248 132725 51.0614457540819 3.73409761371047 3246324 1000
1450274164248 133725 51.0614007656332 3.73408893706941 2045224 1000
1450274165248 134725 51.0613529857819 3.73408143067476 2628404 1000
1450274166248 135725 51.0613021923265 3.73406712266938 1059032 1000
1450274167249 136726 51.0611879718539 3.7340435456722 1654466 1001
1450274168249 137726 51.0611879718539 3.7340435456722 432002 1000
1450274169248 138725 51.0611274485016 3.73403741707611 3322982 999
1450274170248 139725 51.06105935167 3.7340289924507 2743200 1000
1450274171248 140725 51.0609834797141 3.73401383321517 3826440 1000
1450274172249 141726 51.0609027380842 3.73398737509156 5182960 1001
1450274173248 142725 51.0608158472268 3.73396417584772 3577468 999
1450274174248 143725 51.0607252489075 3.73394153241655 5902336 1000
1450274175248 144725 51.0606335216338 3.73391388942129 6397066 1000
1450274176249 145726 51.0605418537874 3.7338913772102 4412798 1001
1450274177248 146725 51.0604493058833 3.73387476972825 3641056 999
1450274178248 147725 51.0603598175022 3.7338515102296 3502586 1000
1450274179249 148726 51.0602725581528 3.73383127424623 5699584 1001
1450274180248 149725 51.0601882336838 3.73380479395598 4629540 999
1450274181249 150726 51.0601031585129 3.73377181686009 4763218 1001
1450274182248 151725 51.0600208598626 3.73374040549606 5230296 999
1450274183248 152725 51.0599413604169 3.73370636691241 3449500 1000
1450274184248 153725 51.0599413604169 3.73370636691241 4583808 1000
1450274185248 154725 51.0597957469394 3.73362953656793 4118902 1000
1450274186249 155726 51.0597332535233 3.7336027832581 3358762 1001
1450274187249 156726 51.0596813578886 3.73357694050206 2599382 1000
1450274188255 157732 51.0596396027024 3.73355084803482 3120534 1006
1450274189248 158725 51.0596396027024 3.73355084803482 4138692 993
1450274190248 159725 51.0595708428025 3.73348803541465 4082842 1000
1450274191248 160725 51.0595381776854 3.73345739433991 2763450 1000
1450274192248 161725 51.0594997464316 3.73342649758722 1578148 1000
1450274193248 162725 51.059456617045 3.73339901187684 2598156 1000
1450274194249 163726 51.0594142144415 3.73337706773746 3656096 1001
1450274195249 164726 51.0593774863706 3.73335943761622 3750612 1000
1450274196249 165726 51.0593483197355 3.73334556739442 3581070 1000
1450274197248 166725 51.0593273929472 3.73333162652103 4281316 999
1450274198248 167725 51.0593130904012 3.73332756705181 2956312 1000
1450274199248 168725 51.0593130904012 3.73332756705181 5705728 1000
1450274200248 169725 51.0593130904012 3.73332756705181 5631646 1000
1450274201248 170725 51.0593130904012 3.73332756705181 3871448 1000
1450274202248 171725 51.0593130904012 3.73332756705181 4025838 1000
1450274203248 172725 51.0593130904012 3.73332756705181 3073832 1000
1450274204248 173725 51.0593130904012 3.73332756705181 3907670 1000
1450274205248 174725 51.0593130904012 3.73332756705181 4021642 1000
1450274206248 175725 51.0593130904012 3.73332756705181 4243388 1000
1450274207248 176725 51.0593130904012 3.73332756705181 3338964 1000
1450274208248 177725 51.0593130904012 3.73332756705181 3084872 1000
1450274209248 178725 51.0593130904012 3.73332756705181 3142614 1000
1450274210248 179725 51.0593130904012 3.73332756705181 2501200 1000
1450274211248 180725 51.0593130904012 3.73332756705181 2328570 1000
1450274212248 181725 51.0593130904012 3.73332756705181 3402180 1000
1450274213248 182725 51.0593130904012 3.73332756705181 2772038 1000
1450274214248 183725 51.0593130904012 3.73332756705181 5229864 1000
1450274215248 184725 51.0593130904012 3.73332756705181 3723762 1000
1450274216248 185725 51.0593021181324 3.73331570543613 4074874 1000
1450274217249 186726 51.0592923065692 3.73330832705072 2727514 1001
1450274218248 187725 51.0592733780504 3.73330488615937 3945228 999
1450274219248 188725 51.0592414016849 3.73329897306355 4465100 1000
1450274220248 189725 51.0592061838745 3.73329117895178 3896968 1000
1450274221248 190725 51.0591703432593 3.73328013903545 4334852 1000
1450274222248 191725 51.0591347345771 3.73327478403758 2753652 1000
1450274223248 192725 51.0591055738014 3.73326259934549 3413498 1000
1450274224248 193725 51.0590695366163 3.73324920516248 2299352 1000
1450274225249 194726 51.0590289072005 3.73323850550164 1671392 1001
1450274226248 195725 51.0589858706395 3.73323440893846 2124808 999
1450274227248 196725 51.0589357050422 3.73322788814667 2184300 1000
1450274228248 197725 51.0588765202166 3.73322435042573 2640076 1000
1450274229248 198725 51.0588080991437 3.73322834925723 3822374 1000
1450274230248 199725 51.0587312609867 3.73322655041995 3289344 1000
1450274231249 200726 51.058651286697 3.73322041138108 3186606 1001
1450274232248 201725 51.0585685026448 3.73321549886658 3883142 999
1450274233249 202726 51.0584910478783 3.73320836874439 3490034 1001
1450274234248 203725 51.0584191828678 3.73320109231416 3615704 999
1450274235249 204726 51.0583455066376 3.73319127647314 3078120 1001
1450274236248 205725 51.0582702448379 3.73317928808761 2948660 999
1450274237249 206726 51.0581964643263 3.73316437358852 2493190 1001
1450274238248 207725 51.0581226753878 3.73315465175199 2350362 999
1450274239249 208726 51.058047584389 3.73314723262586 2634012 1001
1450274240248 209725 51.0579666333545 3.73313778515303 2822466 999
1450274241249 210726 51.0578833894841 3.73313112143563 2187210 1001
1450274242248 211725 51.0578022417693 3.73312665684691 3038896 999
1450274243249 212726 51.0577213915306 3.73312227961287 2312418 1001
1450274244248 213725 51.0576388147553 3.73311783765567 3111242 999
1450274245248 214725 51.0575554992743 3.73311526566364 3252744 1000
1450274246248 215725 51.0574690373494 3.73311149838888 3125536 1000
1450274247249 216726 51.0573813457145 3.73310691232545 4723364 1001
1450274248249 217726 51.0572957175122 3.73310195063542 4793850 1000
1450274249248 218725 51.0572146347427 3.73309736659055 4478582 999
1450274250248 219725 51.0571404698539 3.73310134786126 4295068 1000
1450274251248 220725 51.0570688569798 3.73310386698746 4120200 1000
1450274252249 221726 51.0570091754767 3.73311131852659 4234950 1001
1450274253248 222725 51.0569519868212 3.73309132533588 4067550 999
1450274254248 223725 51.0569142201222 3.73307677346108 3112024 1000
1450274255248 224725 51.0568751406743 3.73305355135105 3213376 1000
1450274256248 225725 51.0568400251883 3.73302616449071 2906552 1000
1450274257249 226726 51.0568045610993 3.73299300635481 2114146 1001
1450274258249 227726 51.0567810695558 3.73297861810119 2242302 1000
1450274259248 228725 51.0567542293903 3.73296362257846 1432352 999
1450274260248 229725 51.0567290972882 3.73294534087853 1842748 1000
1450274261248 230725 51.0567073936512 3.73291606157101 1885952 1000
1450274262248 231725 51.056688880947 3.73287269421611 1656450 1000
1450274263248 232725 51.0566789461474 3.73282231464244 1228500 1000
1450274264248 233725 51.0566717386299 3.73278663538933 1805269 1000
1450274265248 234725 51.0566682853836 3.73276081978857 1396233 1000
1450274266249 235726 51.0566699400611 3.73274017661245 1194032 1001
1450274267249 236726 51.0566699400611 3.73274017661245 2015550 1000
1450274268248 237725 51.0566699400611 3.73274017661245 1688322 999
1450274269248 238725 51.0566699400611 3.73274017661245 1634744 1000
1450274270249 239726 51.0566699400611 3.73274017661245 1262338 1001
1450274271249 240726 51.0566699400611 3.73274017661245 1208164 1000
1450274272249 241726 51.0566699400611 3.73274017661245 1270348 1000
1450274273248 242725 51.0566699400611 3.73274017661245 1124552 999
1450274274248 243725 51.0566699400611 3.73274017661245 885600 1000
1450274275249 244726 51.0566786694983 3.73273017000524 2330462 1001
1450274276248 245725 51.0566880242091 3.73271910255956 2266288 999
1450274277248 246725 51.0566973456087 3.73268792084671 1397250 1000
1450274278248 247725 51.056706084754 3.73264251577099 2288250 1000
1450274279249 248726 51.0567284640764 3.73258614828977 2803962 1001
1450274280248 249725 51.0567745193471 3.73251071076818 3239988 999
1450274281249 250726 51.0568184021961 3.73244613266127 3800058 1001
1450274282248 251725 51.0568561926449 3.73239449684101 3881442 999
1450274283248 252725 51.0568972984278 3.73234700064342 2276752 1000
1450274284248 253725 51.0569355744895 3.7322910940773 3266302 1000
1450274285249 254726 51.056964018162 3.73223348228722 3099600 1001
1450274286248 255725 51.0569848454782 3.73216973138874 3046232 999
1450274287248 256725 51.0569977302551 3.73210605993773 2532014 1000
1450274288248 257725 51.0570077297374 3.73203617200921 3119144 1000
1450274289248 258725 51.0570161460178 3.73197577016713 3332460 1000
1450274290248 259725 51.0570215804196 3.73192363021989 4685850 1000
1450274291248 260725 51.0570268248136 3.73188095686547 3938736 1000
1450274292248 261725 51.0570280083655 3.73184549071429 4174334 1000
1450274293248 262725 51.057023868447 3.73182059785439 4316380 1000
1450274294249 263726 51.057023868447 3.73182059785439 4617000 1001
1450274295248 264725 51.0570202736432 3.73179986953718 4963950 999
1450274296248 265725 51.0570202736432 3.73179986953718 3944712 1000
1450274297249 266726 51.0570202736432 3.73179986953718 4461738 1001
1450274298248 267725 51.0570202736432 3.73179986953718 3836700 999
1450274299249 268726 51.0570202736432 3.73179986953718 4015250 1001
1450274300248 269725 51.0570202736432 3.73179986953718 3811948 999
1450274301249 270726 51.0570202736432 3.73179986953718 4503280 1001
1450274302249 271726 51.0570202736432 3.73179986953718 3782424 1000
1450274303248 272725 51.0570202736432 3.73179986953718 3690900 999
1450274304248 273725 51.0570202736432 3.73179986953718 3586950 1000
1450274305249 274726 51.0570202736432 3.73179986953718 3132000 1001
1450274306248 275725 51.0570202736432 3.73179986953718 3360150 999
1450274307248 276725 51.0570202736432 3.73179986953718 3924450 1000
1450274308248 277725 51.0570202736432 3.73179986953718 4337900 1000
1450274309248 278725 51.0570309550744 3.7317907118978 4789450 1000
1450274310249 279726 51.0570309550744 3.7317907118978 5378748 1001
1450274311248 280725 51.05704002573 3.73176292689907 4913552 999
1450274312248 281725 51.0570415345665 3.73174432006379 4247200 1000
1450274313248 282725 51.0570452541707 3.73172004973741 5125950 1000
1450274314248 283725 51.0570538734032 3.73168654621097 4644000 1000
1450274315248 284725 51.0570613572171 3.73163762561797 4440148 1000
1450274316249 285726 51.0570682971814 3.73157013195125 5030102 1001
1450274317249 286726 51.0570763760829 3.73148551818683 3318300 1000
1450274318248 287725 51.0570859313133 3.73138813794649 4444212 999
1450274319249 288726 51.0570966567958 3.73128303352607 5142598 1001
1450274320249 289726 51.0571086501105 3.73118065508946 3853762 1000
1450274321250 290727 51.0571195432045 3.73108236641016 4080416 1001
1450274322248 291725 51.0571281125164 3.73098835096198 4238312 998
1450274323248 292725 51.0571343648219 3.73089863929874 4081050 1000
1450274324248 293725 51.0571394113207 3.7308128875206 3856950 1000
1450274325249 294726 51.0571422606985 3.73073168140007 4288948 1001
1450274326248 295725 51.0571458684959 3.73065627026874 4394620 999
1450274327248 296725 51.0571545194983 3.73057819349941 4079332 1000
1450274328248 297725 51.057164931794 3.73049182793672 3588300 1000
1450274329248 298725 51.0571746895166 3.73040059727275 3141450 1000
1450274330248 299725 51.0571815174135 3.73030944467075 3242700 1000
1450274331249 300726 51.0571835845644 3.73021385998259 2334150 1001
1450274332248 301725 51.0571791736243 3.73011932272142 3020646 999
1450274333249 302726 51.0571729196541 3.73003106150898 2642604 1001
1450274334248 303725 51.0571633797482 3.72994455300624 2297712 999
1450274335248 304725 51.0571463533738 3.72985619556863 1389138 1000
1450274336248 305725 51.0571262298995 3.72977545038721 3143432 1000
1450274337248 306725 51.0571054524846 3.72970348024066 3208950 1000
1450274338248 307725 51.0570853972422 3.72965066882884 3561396 1000
1450274339248 308725 51.057067137656 3.72961728977804 3662474 1000
1450274340248 309725 51.057067137656 3.72961728977804 2218062 1000
1450274341248 310725 51.0570469498899 3.72957992304173 1769186 1000
1450274342248 311725 51.0570469498899 3.72957992304173 2795164 1000
1450274343253 312730 51.0570350059629 3.72956033739449 1854520 1005
1450274344248 313725 51.0570228408046 3.72953796907604 2335216 995
1450274345249 314726 51.0570228408046 3.72953796907604 2330764 1001
1450274346248 315725 51.0569993677611 3.7294907489957 2782338 999
1450274347248 316725 51.0569923513954 3.72947091186489 2839050 1000
1450274348249 317726 51.0569908013474 3.72945479711082 3018612 1001
1450274349249 318726 51.0569908013474 3.72945479711082 2721588 1000
1450274350248 319725 51.0569908013474 3.72945479711082 2671650 999
1450274351248 320725 51.0569908013474 3.72945479711082 3114450 1000
1450274352248 321725 51.0569908013474 3.72945479711082 2632500 1000
1450274353248 322725 51.0569940855824 3.72944127177184 2624400 1000
1450274354248 323725 51.0569940855824 3.72944127177184 3024000 1000
1450274355248 324725 51.0569940855824 3.72944127177184 2181600 1000
1450274356248 325725 51.0569940855824 3.72944127177184 2834998 1000
1450274357248 326725 51.0569940855824 3.72944127177184 2157302 1000
1450274358248 327725 51.0569940855824 3.72944127177184 2332800 1000
1450274359248 328725 51.0569940855824 3.72944127177184 3453298 1000
1450274360249 329726 51.0569883436212 3.72940540720736 2940302 1001
1450274361248 330725 51.0569770532682 3.7293808431874 2877548 999
1450274362248 331725 51.0569675843892 3.72935149355698 2527970 1000
1450274363248 332725 51.0569597271117 3.72931585753809 1987082 1000
1450274364249 333726 51.0569514208332 3.72928120071824 1615950 1001
1450274365248 334725 51.0569514208332 3.72928120071824 1634270 999
1450274366248 335725 51.0569387205306 3.72922287821109 2245328 1000
1450274367248 336725 51.0569362037742 3.7292062199314 1855950 1000
1450274368248 337725 51.0569362037742 3.7292062199314 1546050 1000
1450274369248 338725 51.0569362037742 3.7292062199314 1802250 1000
1450274370248 339725 51.0569362037742 3.7292062199314 2092500 1000
1450274371248 340725 51.0569362037742 3.7292062199314 1605150 1000
1450274372249 341726 51.0569362037742 3.7292062199314 2081700 1001
1450274373248 342725 51.0569362037742 3.7292062199314 2956636 999
1450274374249 343726 51.0569362037742 3.7292062199314 3347864 1001
1450274375248 344725 51.0569362037742 3.7292062199314 3078000 999
1450274376248 345725 51.0569362037742 3.7292062199314 4199850 1000
1450274377248 346725 51.0569362037742 3.7292062199314 4377580 1000
1450274378249 347726 51.0569362037742 3.7292062199314 4279970 1001
1450274379248 348725 51.0569362037742 3.7292062199314 3923100 999
1450274380248 349725 51.0569362037742 3.7292062199314 3435274 1000
1450274381249 350726 51.0569362037742 3.7292062199314 3807476 1001
1450274382249 351726 51.0569362037742 3.7292062199314 4079700 1000
1450274383249 352726 51.0569362037742 3.7292062199314 3616650 1000
1450274384248 353725 51.0569362037742 3.7292062199314 3482998 999
1450274385248 354725 51.0569362037742 3.7292062199314 3889350 1000
1450274386248 355725 51.0569309602594 3.72917963285259 2961902 1000
1450274387248 356725 51.0569309602594 3.72917963285259 734750 1000
1450274388248 357725 51.0569280010447 3.7291542246973 2014482 1000
1450274389249 358726 51.0569219789946 3.72912806896026 2754296 1001
1450274390248 359725 51.0569096129594 3.7291037303788 3491522 999
1450274391249 360726 51.0569018629717 3.7290841433348 2995650 1001
1450274392249 361726 51.0568939001648 3.72906943360527 3154950 1000
1450274393248 362725 51.0568909930508 3.72905238334728 2999700 999
1450274394248 363725 51.0568906398885 3.72903563346787 3952800 1000
1450274395249 364726 51.0568906398885 3.72903563346787 3919048 1001
1450274396248 365725 51.0568906398885 3.72903563346787 3504602 999
1450274397248 366725 51.0568906398885 3.72903563346787 3727700 1000
1450274398248 367725 51.056889764842 3.72900586729475 3204550 1000
1450274399250 368727 51.0568815137559 3.72897611660682 3157010 1002
1450274400248 369725 51.0568825794035 3.72893225276801 3661978 998
1450274401256 370733 51.0568916099609 3.72887815712733 2637064 1008
1450274402248 371725 51.0569003833826 3.72882171333039 3187362 992
1450274403249 372726 51.0569073118871 3.72877072509226 3267000 1001
1450274404248 373725 51.0569071068479 3.72872840032582 3099600 999
1450274405249 374726 51.0568964226982 3.72869172184517 2354388 1001
1450274406248 375725 51.0568812132046 3.72866344613455 3005732 999
1450274407248 376725 51.0568611792672 3.7286434353403 3223168 1000
1450274408248 377725 51.0568397711506 3.72861935940844 3188700 1000
1450274409248 378725 51.0568081067124 3.72860802649445 3723300 1000
1450274410248 379725 51.0567664093899 3.7286055245842 3748486 1000
1450274411248 380725 51.056720250313 3.72860927399 1995046 1000
1450274412249 381726 51.0566698130454 3.7286075246744 760768 1001
1450274413248 382725 51.0566080885019 3.72860204247039 2216700 999
1450274414248 383725 51.0565411536878 3.72858128723376 1738800 1000
1450274415248 384725 51.0564772807795 3.72854096935755 2262600 1000
1450274416248 385725 51.056416965785 3.72848934201318 2371950 1000
1450274417249 386726 51.0562880831427 3.72840980859777 1710450 1001
1450274418248 387725 51.0562273704135 3.72837743908753 537300 999
1450274419248 388725 51.0562273704135 3.72837743908753 866700 1000
1450274420249 389726 51.0561707308055 3.72835387666989 1329762 1001
1450274421249 390726 51.056123519879 3.72833992744312 885588 1000
1450274422248 391725 51.056091175758 3.72833490544713 1294650 999
1450274423248 392725 51.0560671409621 3.72832669046679 1854946 1000
1450274424248 393725 51.0560473859446 3.72832183412732 1565256 1000
1450274425248 394725 51.0560473859446 3.72832183412732 1366200 1000
1450274426249 395726 51.0560473859446 3.72832183412732 1375650 1001
1450274427249 396726 51.0560473859446 3.72832183412732 1166398 1000
1450274428248 397725 51.0560473859446 3.72832183412732 1147502 999
1450274429248 398725 51.0560473859446 3.72832183412732 1123212 1000
1450274430249 399726 51.0560473859446 3.72832183412732 2833078 1001
1450274431248 400725 51.0560473859446 3.72832183412732 3167660 999
1450274432248 401725 51.0560473859446 3.72832183412732 3569412 1000
1450274433258 402735 51.0560473859446 3.72832183412732 3716538 1010
1450274434250 403727 51.0560473859446 3.72832183412732 4258532 992
1450274435249 404726 51.0560473859446 3.72832183412732 3563368 999
1450274436249 405726 51.0560473859446 3.72832183412732 3642300 1000
1450274437248 406725 51.0560473859446 3.72832183412732 3430350 999
1450274438248 407725 51.0560473859446 3.72832183412732 1942648 1000
1450274439249 408726 51.0560473859446 3.72832183412732 2810702 1001
1450274440248 409725 51.0560473859446 3.72832183412732 2534300 999
1450274441249 410726 51.0560473859446 3.72832183412732 2833298 1001
1450274442248 411725 51.0560473859446 3.72832183412732 3827884 999
1450274443248 412725 51.0560473859446 3.72832183412732 4242418 1000
1450274444248 413725 51.0560473859446 3.72832183412732 4042240 1000
1450274445248 414725 51.0560473859446 3.72832183412732 4296710 1000
1450274446248 415725 51.0560473859446 3.72832183412732 4566582 1000
1450274447248 416725 51.0560473859446 3.72832183412732 4352150 1000
1450274448249 417726 51.0560473859446 3.72832183412732 4056828 1001
1450274449248 418725 51.0560473859446 3.72832183412732 3297340 999
1450274450249 419726 51.0560473859446 3.72832183412732 3377582 1001
1450274451248 420725 51.0560473859446 3.72832183412732 3700468 999
1450274452248 421725 51.0560473859446 3.72832183412732 3777300 1000
1450274453248 422725 51.0560473859446 3.72832183412732 4270050 1000
1450274454248 423725 51.0560473859446 3.72832183412732 2254500 1000
1450274455248 424725 51.0560473859446 3.72832183412732 2843100 1000
1450274456249 425726 51.0560473859446 3.72832183412732 3277798 1001
1450274457248 426725 51.0560473859446 3.72832183412732 2902514 999
1450274458249 427726 51.0560473859446 3.72832183412732 3509986 1001
1450274459248 428725 51.0560473859446 3.72832183412732 2525606 999
1450274460248 429725 51.0560473859446 3.72832183412732 3136946 1000
1450274461248 430725 51.0560473859446 3.72832183412732 2461052 1000
1450274462249 431726 51.0560473859446 3.72832183412732 2641948 1001
1450274463248 432725 51.0560473859446 3.72832183412732 2445484 999
1450274464248 433725 51.0560473859446 3.72832183412732 2321368 1000
1450274465248 434725 51.0560473859446 3.72832183412732 2700350 1000
1450274466248 435725 51.0560473859446 3.72832183412732 2652400 1000
1450274467248 436725 51.0560473859446 3.72832183412732 2820940 1000
1450274468248 437725 51.0560473859446 3.72832183412732 3221660 1000
1450274469248 438725 51.0560473859446 3.72832183412732 3143848 1000
1450274470248 439725 51.0560473859446 3.72832183412732 3253802 1000
1450274471249 440726 51.0560473859446 3.72832183412732 3705512 1001
1450274472248 441725 51.0560473859446 3.72832183412732 3824788 999
1450274473248 442725 51.0560401622202 3.72831106279761 3252546 1000
1450274474248 443725 51.0560225419404 3.72830961691737 2681988 1000
1450274475249 444726 51.0560004413016 3.72830708641981 2393662 1001
1450274476249 445726 51.0559760346834 3.72830902454433 2018898 1000
1450274477248 446725 51.05595002921 3.72832321562025 1327052 999
1450274478248 447725 51.0559177059558 3.7283469605877 2368360 1000
1450274479248 448725 51.0558796180356 3.72837400377023 2667140 1000
1450274480248 449725 51.0558338133335 3.72840514747495 2289600 1000
1450274481248 450725 51.055784458333 3.72843873652734 2721600 1000
1450274482248 451725 51.0557312791019 3.72847446862565 2509650 1000
1450274483248 452725 51.0556758518752 3.72851503588367 1741500 1000
1450274484248 453725 51.0556200985421 3.72856265379033 2006100 1000
1450274485248 454725 51.0555660939339 3.72861565268541 1611900 1000
1450274486248 455725 51.0555180619115 3.72867612783488 2722298 1000
1450274487248 456725 51.0554832890224 3.72873028453027 2455650 1000
1450274488248 457725 51.055456978801 3.72876814621957 3296700 1000
1450274489249 458726 51.0554361289942 3.72879886822897 2701348 1001
1450274490248 459725 51.0554233170725 3.7288227407042 2222424 999
1450274491248 460725 51.0554134212227 3.72884629972072 2004778 1000
1450274492249 461726 51.0554014640062 3.72886466930221 1765450 1001
1450274493248 462725 51.0554014640062 3.72886466930221 3774600 999
1450274494248 463725 51.0553785213947 3.72890014842117 4622400 1000
1450274495248 464725 51.0553713483708 3.7289166274887 4783050 1000
1450274496249 465726 51.0553713483708 3.7289166274887 3822594 1001
1450274497248 466725 51.0553544649572 3.72892177338821 3982684 999
1450274498248 467725 51.0553544649572 3.72892177338821 4647076 1000
1450274499248 468725 51.0553544649572 3.72892177338821 4716352 1000
1450274500248 469725 51.0553544649572 3.72892177338821 3862898 1000
1450274501248 470725 51.0553544649572 3.72892177338821 4251148 1000
1450274502248 471725 51.0553544649572 3.72892177338821 3701602 1000
1450274503248 472725 51.0553544649572 3.72892177338821 4039300 1000
1450274504248 473725 51.0553544649572 3.72892177338821 4145132 1000
1450274505249 474726 51.0553544649572 3.72892177338821 3667318 1001
1450274506248 475725 51.0553544649572 3.72892177338821 1493098 999
1450274507248 476725 51.0553544649572 3.72892177338821 2112034 1000
1450274508249 477726 51.0553544649572 3.72892177338821 1558618 1001
1450274509248 478725 51.0553544649572 3.72892177338821 1339212 999
1450274510248 479725 51.0553544649572 3.72892177338821 1441786 1000
1450274511248 480725 51.0553544649572 3.72892177338821 1070552 1000
1450274512248 481725 51.0553544649572 3.72892177338821 1203482 1000
1450274513249 482726 51.0553544649572 3.72892177338821 1038868 1001
1450274514248 483725 51.0553544649572 3.72892177338821 1165050 999
1450274515248 484725 51.0553544649572 3.72892177338821 1367550 1000
1450274516248 485725 51.0553544649572 3.72892177338821 3239998 1000
1450274517248 486725 51.0553390317075 3.72892401791459 3056402 1000
1450274518249 487726 51.0553257326709 3.72893552028537 4063498 1001
1450274519248 488725 51.0553108320375 3.72895886959216 3562652 999
1450274520248 489725 51.0552951435395 3.7289849779481 2922694 1000
1450274521249 490726 51.0552951435395 3.7289849779481 3261656 1001
1450274522249 491726 51.0552688601624 3.72903258896621 3199498 1000
1450274523248 492725 51.0552550185938 3.72905436130999 4411196 999
1450274524248 493725 51.055239589697 3.72907205626474 4000656 1000
1450274525248 494725 51.0552261217555 3.72908714961626 3719250 1000
1450274526248 495725 51.0552261217555 3.72908714961626 4511700 1000
1450274527248 496725 51.0552006608717 3.7291131478128 4358628 1000
1450274528248 497725 51.0551905823355 3.72912986854556 5299206 1000
1450274529248 498725 51.0551784198323 3.72914840436505 4910668 1000
1450274530248 499725 51.0551653231037 3.72917114827028 5451998 1000
1450274531248 500725 51.0551527630616 3.72919892968866 4678402 1000
1450274532249 501726 51.0551397441393 3.72922744762139 4423950 1001
1450274533248 502725 51.0551301826202 3.72925082906758 4954500 999
1450274534248 503725 51.0551239778378 3.7292648782485 5005800 1000
1450274535249 504726 51.0551174444331 3.72928147212035 5412188 1001
1450274536248 505725 51.0551092987328 3.72929813981802 3516710 999
1450274537249 506726 51.0550981413426 3.72930752313276 5108402 1001
1450274538248 507725 51.0550886781261 3.72931485388519 5590350 999
1450274539248 508725 51.0550886781261 3.72931485388519 5223150 1000
1450274540248 509725 51.0550886781261 3.72931485388519 5159700 1000
1450274541250 510727 51.0550886781261 3.72931485388519 5345524 1002
1450274542248 511725 51.0550886781261 3.72931485388519 5848676 998
1450274543248 512725 51.0550761919224 3.72933619866293 5119200 1000
1450274544248 513725 51.0550624942522 3.72936299552213 4124250 1000
1450274545248 514725 51.0550484934972 3.72939287233227 4390832 1000
1450274546249 515726 51.0550333526895 3.72943020912104 4079602 1001
1450274547248 516725 51.0550027800428 3.72947648640432 3353216 999
1450274548248 517725 51.0549392603272 3.7295135392927 3257200 1000
1450274549248 518725 51.0548916879314 3.72956505304094 2908076 1000
1450274550249 519726 51.0548406509495 3.72962057242059 2728174 1001
1450274551249 520726 51.0547890526346 3.72967616725079 1585872 1000
1450274552248 521725 51.054731978982 3.72973872477059 2019280 999
1450274553248 522725 51.0546768536894 3.72980306101476 2093848 1000
1450274554248 523725 51.0546304391078 3.7298713297344 2724300 1000
1450274555249 524726 51.0545829537911 3.72993428610727 3302102 1001
1450274556248 525725 51.0545368121511 3.72999441910859 3289014 999
1450274557248 526725 51.0544981625164 3.73006154402065 2858886 1000
1450274558248 527725 51.0544584767217 3.73012667552885 2315250 1000
1450274559248 528725 51.0544185984203 3.73019631721028 3082050 1000
1450274560248 529725 51.0543765704714 3.73027306985224 2837930 1000
1450274561248 530725 51.0543339284315 3.73034999879574 3147970 1000
1450274562248 531725 51.0542916852849 3.73042659131437 5948798 1000
1450274563249 532726 51.0542491200871 3.73050278850022 5823202 1001
1450274564248 533725 51.0542066385517 3.73058296814771 5599800 999
1450274565248 534725 51.0541577017125 3.7306725565814 5792862 1000
1450274566248 535725 51.0541160007916 3.73077011423833 5088486 1000
1450274567248 536725 51.0540810617786 3.73085984446481 5668302 1000
1450274568248 537725 51.0540197693878 3.73094395145871 5791850 1000
1450274569248 538725 51.053969818754 3.73101020019698 5614998 1000
1450274570248 539725 51.053915777487 3.73105152535104 4971702 1000
1450274571248 540725 51.0538378020136 3.73107493365903 6126114 1000
1450274572248 541725 51.0537781677567 3.7311177921236 4673534 1000
1450274573248 542725 51.0537176913116 3.73115772283396 3151598 1000
1450274574248 543725 51.0536140763925 3.73126651300421 2452906 1000
1450274575248 544725 51.0536140763925 3.73126651300421 1203198 1000
1450274576248 545725 51.0535556926324 3.73132445194465 2156952 1000
1450274577249 546726 51.0534999513393 3.7313830579555 1927800 1001
1450274578249 547726 51.0534409801811 3.73143585613086 2952450 1000
1450274579248 548725 51.0533908929968 3.731490524837 4040550 999
1450274580248 549725 51.0533407255875 3.73154037615816 4760100 1000
1450274581248 550725 51.0532915462226 3.73159122953091 5078746 1000
1450274582249 551726 51.0532461700067 3.73162398991414 4077606 1001
1450274583249 552726 51.053202097289 3.7316539495292 3557250 1000
1450274584248 553725 51.0531638878297 3.73167683016953 3066200 999
1450274585249 554726 51.0531245338991 3.73169692161516 3270700 1001
1450274586249 555726 51.0530817163759 3.73171632579346 3532950 1000
1450274587248 556725 51.0530370199868 3.73173394514866 3017250 999
1450274588248 557725 51.0529966661597 3.73174875298066 3440432 1000
1450274589248 558725 51.0529421317919 3.73176868955498 3019318 1000
1450274590248 559725 51.0528978865866 3.73178713076747 3640950 1000
1450274591248 560725 51.0528747000227 3.73179347160751 4470218 1000
1450274592249 561726 51.0528540647491 3.73177885500291 3988882 1001
1450274593249 562726 51.0528337703224 3.73178697715823 4299762 1000
1450274594248 563725 51.0528229151577 3.73177764203907 4091838 999
1450274595248 564725 51.0528138112993 3.73178697445113 3738148 1000
1450274596248 565725 51.052799257883 3.73178675627698 4034546 1000
1450274597249 566726 51.052799257883 3.73178675627698 3790056 1001
1450274598248 567725 51.0527965655831 3.73176211493461 3470850 999
1450274599248 568725 51.0527865872936 3.73176186862505 3447946 1000
1450274600248 569725 51.0527925291497 3.73181505497261 3388454 1000
1450274601249 570726 51.0527737408095 3.73183378849355 4376700 1001
1450274602248 571725 51.0527461959146 3.73186221729468 3877384 999
1450274603249 572726 51.0526937354362 3.73189522649288 3625264 1001
1450274604249 573726 51.0526331632266 3.73190951938847 4047952 1000
1450274605248 574725 51.0525716952938 3.73193645884809 3025350 999
1450274606248 575725 51.0525118244818 3.73197156831549 2637900 1000
1450274607248 576725 51.0524532100524 3.73200536535158 2393900 1000
1450274608248 577725 51.0524105857096 3.73202340309853 2166400 1000
1450274609248 578725 51.0523759559263 3.73205514434385 2664900 1000
1450274610248 579725 51.0523431111354 3.73208861442977 2531250 1000
1450274611248 580725 51.0523167967368 3.73212208668449 2336500 1000
1450274612248 581725 51.0522910432662 3.73216090250507 1748250 1000
1450274613249 582726 51.0522730014473 3.73220040009861 1305450 1001
1450274614249 583726 51.0522505750677 3.73222461167442 1279780 1000
1450274615248 584725 51.0522239418039 3.73224180371973 1078018 999
1450274616248 585725 51.0522063318501 3.73226552848911 3097598 1000
1450274617248 586725 51.0521878681071 3.73229290268506 5089500 1000
1450274618248 587725 51.0521681209052 3.7323320488636 5520150 1000
1450274619248 588725 51.0521467433693 3.7323706915134 5852250 1000
1450274620248 589725 51.0521255064625 3.73241833906784 3757042 1000
1450274621248 590725 51.0521064846552 3.73250263350007 5772976 1000
1450274622248 591725 51.052064773099 3.73255622355505 5239818 1000
1450274623248 592725 51.0520048915803 3.73259395630559 4764618 1000
1450274624248 593725 51.0519351887182 3.73263412012654 5529600 1000
1450274625248 594725 51.0518804446159 3.73267054060981 4910224 1000
1450274626248 595725 51.0518339064538 3.73269559457187 5351476 1000
1450274627248 596725 51.0517826295473 3.73272178033292 5151250 1000
1450274628248 597725 51.0517339239426 3.73275194921005 5780700 1000
1450274629248 598725 51.0516884721142 3.73277722125597 5873052 1000
1450274630248 599725 51.0516317722029 3.73281199519588 5694024 1000
1450274631248 600725 51.051584809862 3.73284228804705 5373376 1000
1450274632249 601726 51.0515451117476 3.73287534031764 6079326 1001
1450274633248 602725 51.0515125291205 3.73289812193917 5401422 999
1450274634248 603725 51.0514768492749 3.73289468926793 5639898 1000
1450274635248 604725 51.0514461091563 3.73288687445658 5686254 1000
1450274636248 605725 51.051429544608 3.73291117765693 5817150 1000
1450274637249 606726 51.0514132572567 3.73293696077668 5444550 1001
