1453199702879 81 51.0580150434716 3.73087060367045 0 81
1453199703878 1080 51.0580150434716 3.73087060367045 2421684 999
1453199704878 2080 51.0580150434716 3.73087060367045 6059232 1000
1453199705878 3080 51.0580217818046 3.73089541675174 5691884 1000
1453199706878 4080 51.0580268164389 3.7309131158939 5721624 1000
1453199707879 5081 51.0580295947215 3.73092948682439 5490572 1001
1453199708878 6080 51.0580342366419 3.73095000663156 6283860 999
1453199709879 7081 51.0580390400507 3.73097276383867 6311328 1001
1453199710879 8081 51.0580453233045 3.73099318244902 3207168 1000
1453199711878 9080 51.0580508603497 3.731011756554 7796736 999
1453199712878 10080 51.0580545102058 3.73102946029268 7587840 1000
1453199713878 11080 51.0580580327465 3.73104374796618 7352320 1000
1453199714878 12080 51.0580629599524 3.73106347966398 6264404 1000
1453199715878 13080 51.05806733488 3.73108359546978 2220032 1000
1453199716878 14080 51.0580708994335 3.73110354857882 7360512 1000
1453199717878 15080 51.0580740326232 3.73111944342732 7479296 1000
1453199718878 16080 51.0580782293175 3.73114780717876 6668172 1000
1453199719878 17080 51.0580782293175 3.73114780717876 3996680 1000
1453199720878 18080 51.0580782293175 3.73114780717876 2859008 1000
1453199721879 19081 51.0580864631534 3.73116976048672 7690240 1001
1453199722878 20080 51.0580876348522 3.73119058557666 5068612 999
1453199723879 21081 51.0580876348522 3.73119058557666 5463860 1001
1453199724878 22080 51.0580928942926 3.73121897980778 5190732 999
1453199725878 23080 51.0580935800751 3.73123704847586 4572416 1000
1453199726879 24081 51.0580935800751 3.73123704847586 2750464 1001
1453199727878 25080 51.058091861352 3.73126162572564 7279868 999
1453199728879 26081 51.058095806492 3.73128666084791 5857604 1001
1453199729878 27080 51.0580962721739 3.73131120638067 6845784 999
1453199730881 28083 51.0580949500459 3.73133586326481 2562048 1003
1453199731878 29080 51.0580990187156 3.73136480078488 7948288 997
1453199732878 30080 51.0581045052021 3.73138347349313 5533840 1000
1453199733878 31080 51.0581045052021 3.73138347349313 5810032 1000
1453199734878 32080 51.0581168908167 3.73139921913845 6747436 1000
1453199735878 33080 51.0581234656494 3.73140999364353 3502080 1000
1453199736878 34080 51.0581373297147 3.73142549673678 6100992 1000
1453199737878 35080 51.0581498661208 3.73143320439196 7686144 1000
1453199738878 36080 51.0581498661208 3.73143320439196 7331840 1000
1453199739878 37080 51.0581671309868 3.73143093816617 7290880 1000
1453199740878 38080 51.058179403193 3.73143526285472 3301376 1000
1453199741878 39080 51.058193742453 3.73143589845834 6006784 1000
1453199742878 40080 51.0582099785086 3.73143345032766 7632896 1000
1453199743878 41080 51.058225647836 3.73143161103365 7436288 1000
1453199744878 42080 51.0582372399291 3.73143798614307 7170048 1000
1453199745878 43080 51.0582372399291 3.73143798614307 589824 1000
1453199746878 44080 51.0582483568284 3.73143921834409 3047424 1000
1453199747878 45080 51.0582809782314 3.73143934402617 5804032 1000
1453199748878 46080 51.0582971572916 3.7314347611562 7673856 1000
1453199749878 47080 51.0583096700242 3.73143086060957 8292352 1000
1453199750880 48082 51.058318906249 3.7314266013315 3850240 1002
1453199751878 49080 51.058318906249 3.7314266013315 5926912 998
1453199752878 50080 51.0583382266581 3.73142438198067 7337984 1000
1453199753878 51080 51.0583382266581 3.73142438198067 10887316 1000
1453199754878 52080 51.058354254827 3.73141864693222 8070092 1000
1453199755879 53081 51.0583635837282 3.73141350078378 7110384 1001
1453199756879 54081 51.0583774100038 3.73141004520203 5956812 1000
1453199757878 55080 51.0583930603901 3.73140729947035 5855712 999
1453199758878 56080 51.0584094879677 3.73140445557987 6105668 1000
1453199759878 57080 51.0584265618625 3.73140093521745 6620800 1000
1453199760878 58080 51.0584419084012 3.73140064363823 5914168 1000
1453199761878 59080 51.0584617708317 3.73140215991742 6578500 1000
1453199762878 60080 51.0584784727139 3.7313977264389 5007716 1000
1453199763879 61081 51.0584896001166 3.73139043113668 5711476 1001
1453199764878 62080 51.0584896001166 3.73139043113668 5493100 999
1453199765878 63080 51.0584995111799 3.73136539500352 5804488 1000
1453199766879 64081 51.0584980090677 3.73134822631228 6021516 1001
1453199767878 65080 51.0585046227037 3.73133645319155 5774832 999
1453199768878 66080 51.0585102044796 3.73130721500512 5204396 1000
1453199769878 67080 51.058516060402 3.73127463060321 6183560 1000
1453199770879 68081 51.0585170461243 3.73125293669815 5863840 1001
1453199771878 69080 51.0585170461243 3.73125293669815 7144308 999
1453199772878 70080 51.058526866487 3.73121192681445 6772244 1000
1453199773878 71080 51.058526866487 3.73121192681445 5941248 1000
1453199774879 72081 51.0585371562375 3.73119483949414 6483968 1001
1453199775878 73080 51.0585496967615 3.73117087240463 4132864 999
1453199776878 74080 51.0585644722497 3.73115109659056 1490944 1000
1453199777878 75080 51.0585834226335 3.73113372723818 4820992 1000
1453199778878 76080 51.0586007987077 3.73112009337558 7389184 1000
1453199779878 77080 51.0586157194679 3.73111072542375 7464960 1000
1453199780878 78080 51.0586305064101 3.73110279764125 5431296 1000
1453199781878 79080 51.058644845386 3.73108491835791 3885056 1000
1453199782878 80080 51.0586601215366 3.73107458033768 7995392 1000
1453199783878 81080 51.058673000697 3.73107458592234 11073468 1000
1453199784879 82081 51.0586857978398 3.73107351386417 6591748 1001
1453199785878 83080 51.0587009730036 3.73106611647688 7165240 999
1453199786878 84080 51.0587286752424 3.73104577655656 6556284 1000
1453199787879 85081 51.0587286752424 3.73104577655656 6014568 1001
1453199788878 86080 51.0587399419391 3.73103156276859 6832128 999
1453199789879 87081 51.0587502854662 3.7310171672492 7897088 1001
1453199790878 88080 51.058761666607 3.73100005362719 5662720 999
1453199791878 89080 51.0587623535979 3.73098409571126 4268032 1000
1453199792879 90081 51.0587619944814 3.73096801509043 4362240 1001
1453199793878 91080 51.0587633959472 3.7309402649969 7612416 999
1453199794878 92080 51.0587618250782 3.73092270755832 7698432 1000
1453199795879 93081 51.0587673280561 3.73089595874514 5902336 1001
1453199796878 94080 51.0587770377814 3.7308700082426 4198400 999
1453199797878 95080 51.0587827112668 3.7308427994397 5754880 1000
1453199798878 96080 51.0587881828801 3.73081892759147 7860224 1000
1453199799878 97080 51.0588061032986 3.73076223920475 7696384 1000
1453199800879 98081 51.0588118829241 3.73073468798493 3809108 1001
1453199801878 99080 51.0588118829241 3.73073468798493 2703360 999
1453199802878 100080 51.0588156537928 3.73070793753182 2707456 1000
1453199803878 101080 51.0588183759605 3.73067981533151 7364608 1000
1453199804878 102080 51.0588207641268 3.73065383298561 7099212 1000
1453199805878 103080 51.058823296086 3.73062855254498 4166552 1000
1453199806880 104082 51.0588270612753 3.73060238076188 4171512 1002
1453199807878 105080 51.0588318649035 3.73057698585884 7440384 998
1453199808879 106081 51.0588362675432 3.7305509955562 8073216 1001
1453199809878 107080 51.058843079251 3.73052835213985 8329216 999
1453199810878 108080 51.0588541292786 3.73050843759527 8036352 1000
1453199811878 109080 51.0588606131426 3.73049046328093 3547136 1000
1453199812878 110080 51.0588712787337 3.73047611666197 4327424 1000
1453199813879 111081 51.0588818313104 3.73045668620134 6430064 1001
1453199814879 112081 51.0588909344484 3.7304364915758 2423428 1000
1453199815879 113081 51.0589015966465 3.73041815694486 3321956 1000
1453199816879 114081 51.0589150007317 3.73039671759236 3211532 1000
1453199817878 115080 51.0589304787125 3.7303597354279 2312364 999
1453199818878 116080 51.0589304787125 3.7303597354279 1070032 1000
1453199819879 117081 51.0589374590785 3.73034577281559 2638316 1001
1453199820878 118080 51.0589436067528 3.73033063464243 2113016 999
1453199821878 119080 51.0589450815347 3.73031553303133 1600724 1000
1453199822879 120081 51.0589431506832 3.73029844898783 3019520 1001
1453199823878 121080 51.05893856533 3.73028248879891 3908452 999
1453199824878 122080 51.0589337792089 3.73026423901426 5123080 1000
1453199825878 123080 51.0589298736633 3.73024583955973 4563100 1000
1453199826878 124080 51.0589227804267 3.73022336492173 2071772 1000
1453199827878 125080 51.0589142379602 3.73020359306623 4710400 1000
1453199828878 126080 51.0589036885984 3.73018546248779 7651328 1000
1453199829879 127081 51.0588952706345 3.73016761797263 7112704 1001
1453199830878 128080 51.0588920269292 3.7301469236249 4846236 999
1453199831879 129081 51.0588835886772 3.73012284643119 3254764 1001
1453199832878 130080 51.0588713206277 3.73009874434557 4972148 999
1453199833878 131080 51.0588646210881 3.73007761661812 5648052 1000
1453199834878 132080 51.0588596302828 3.73005921239447 5594576 1000
1453199835878 133080 51.0588529883341 3.73004134517109 4089388 1000
1453199836878 134080 51.0588394648867 3.73002294935703 2809748 1000
1453199837879 135081 51.0588266731353 3.73000814166493 7139328 1001
1453199838878 136080 51.058816429268 3.72998945836218 6895616 999
1453199839878 137080 51.0588101073685 3.72996518908563 7122944 1000
1453199840878 138080 51.0587999089912 3.7299434328794 7196672 1000
1453199841878 139080 51.058800372406 3.72991552401558 3547136 1000
1453199842878 140080 51.0588071014724 3.72988846318114 4929536 1000
1453199843878 141080 51.0588124206066 3.72986180685999 7729152 1000
1453199844879 142081 51.0588174906419 3.72983803176495 7602176 1001
1453199845878 143080 51.0588410362134 3.72979533025102 4316144 999
1453199846878 144080 51.0588526835752 3.72977713014608 2364060 1000
1453199847879 145081 51.0588669338234 3.72975918891331 3810040 1001
1453199848878 146080 51.0588816754292 3.72974598051763 4595720 999
1453199849878 147080 51.0588935310862 3.72973376042738 5147580 1000
1453199850878 148080 51.0589034687239 3.72971781183589 5304864 1000
1453199851878 149080 51.0589139309653 3.72970374441844 4181104 1000
1453199852879 150081 51.0589249012978 3.72968896319238 3269240 1001
1453199853878 151080 51.0589405973972 3.72967468646778 3853260 999
1453199854879 152081 51.0589405973972 3.72967468646778 3409764 1001
1453199855879 153081 51.0589687766467 3.72964432818629 5487112 1000
1453199856879 154081 51.0589687766467 3.72964432818629 3611528 1000
1453199857878 155080 51.0589944314753 3.72960910473572 5252936 999
1453199858879 156081 51.0590083584634 3.72959175407032 5177152 1001
1453199859878 157080 51.0590083584634 3.72959175407032 3774148 999
1453199860878 158080 51.0590192262935 3.72957917819846 4583424 1000
1453199861879 159081 51.059029048461 3.72956695632743 1899164 1001
1453199862878 160080 51.0590394754383 3.72955382541582 6950912 999
1453199863878 161080 51.0590498437647 3.72953877748237 4402796 1000
1453199864878 162080 51.0590596773696 3.72952128912855 4228756 1000
1453199865878 163080 51.0590708810373 3.72950419120284 4325600 1000
1453199866878 164080 51.0590848569045 3.72946644670347 2651816 1000
1453199867878 165080 51.0590848569045 3.72946644670347 4215388 1000
1453199868878 166080 51.0590996591147 3.72942571938072 3671252 1000
1453199869879 167081 51.0590996591147 3.72942571938072 3223068 1001
1453199870878 168080 51.0591125231837 3.72940933423776 3213632 999
1453199871878 169080 51.0591231416364 3.72939033570671 2667440 1000
1453199872878 170080 51.0591392722324 3.72934874123102 4281564 1000
1453199873878 171080 51.0591392722324 3.72934874123102 1667412 1000
1453199874879 172081 51.059143301904 3.72930522238936 1267120 1001
1453199875879 173081 51.059143301904 3.72930522238936 0 1000
1453199876879 174081 51.0591425050361 3.72928926917581 9436 1000
1453199877878 175080 51.0591359710311 3.72927273686581 3371348 999
1453199878878 176080 51.0591294823123 3.72925667670014 1194328 1000
1453199879880 177082 51.0591294823123 3.72925667670014 954384 1002
1453199880878 178080 51.0591270822536 3.729235152878 1961340 998
1453199881878 179080 51.0591339196459 3.72919948381191 1364176 1000
1453199882878 180080 51.0591339196459 3.72919948381191 1554244 1000
1453199883879 181081 51.0591293930377 3.72918073859478 1410008 1001
1453199884878 182080 51.0591206115882 3.72915993567866 1183544 999
1453199885879 183081 51.0591094466408 3.72913623108744 986736 1001
1453199886879 184081 51.0590990583057 3.72911410476415 1221288 1000
1453199887881 185083 51.0590853193481 3.72909381328981 1598652 1002
1453199888878 186080 51.0590771105912 3.729074256691 1469396 997
1453199889878 187080 51.0590721328019 3.72905126720526 1535372 1000
1453199890878 188080 51.0590671705685 3.72902937876521 1698480 1000
1453199891878 189080 51.0590596669779 3.72901026606367 2047612 1000
1453199892878 190080 51.0590475039609 3.72898594894819 2520760 1000
1453199893878 191080 51.0590383820372 3.72895672867115 2602988 1000
1453199894879 192081 51.0590347905253 3.72893533764498 1610212 1001
1453199895878 193080 51.0590320528239 3.72891569749846 2532192 999
1453199896878 194080 51.0590293464101 3.72890080036316 1784740 1000
1453199897879 195081 51.0590293464101 3.72890080036316 1409632 1001
1453199898878 196080 51.0590279764185 3.72887190862633 2720652 999
1453199899878 197080 51.0590244451339 3.72885545301852 1775316 1000
1453199900878 198080 51.0590167764928 3.72882335703914 1691196 1000
1453199901879 199081 51.0590091155538 3.72880648302648 1608760 1001
1453199902878 200080 51.0590018120527 3.72878943615942 1964632 999
1453199903878 201080 51.0589935148068 3.72877463695069 1813060 1000
1453199904878 202080 51.0589861109932 3.72876106266061 2319908 1000
1453199905878 203080 51.0589793172037 3.72874269419524 2276124 1000
1453199906879 204081 51.0589740930149 3.72872126905113 2425860 1001
1453199907878 205080 51.0589685884625 3.72870162811646 1937020 999
1453199908879 206081 51.0589592481563 3.72868067312854 1671416 1001
1453199909878 207080 51.0589454892909 3.72865864503802 1697132 999
1453199910879 208081 51.0589346603575 3.72864346821852 2278120 1001
1453199911878 209080 51.0589271772499 3.72862662547821 2107604 999
1453199912879 210081 51.0589196486385 3.72861395454103 2523596 1001
1453199913878 211080 51.0589098125298 3.72860143391783 3048408 999
1453199914879 212081 51.0589017460351 3.72858442743824 3014984 1001
1453199915878 213080 51.0588934118559 3.72856847479145 2354048 999
1453199916878 214080 51.0588859412901 3.72855171600912 1888948 1000
1453199917878 215080 51.0588790338552 3.72853609848609 1204712 1000
1453199918878 216080 51.058875327596 3.72852158969457 2948336 1000
1453199919879 217081 51.0588718801054 3.72850314294577 1191372 1001
1453199920878 218080 51.0588718801054 3.72850314294577 0 999
1453199921879 219081 51.0588590978699 3.72847863996338 3229500 1001
1453199922878 220080 51.0588501187297 3.72846126593865 2234696 999
1453199923878 221080 51.0588474796277 3.7284446887162 1897232 1000
1453199924878 222080 51.0588394348174 3.72841981171603 1897984 1000
1453199925878 223080 51.0588350936922 3.72839738310801 2096140 1000
1453199926878 224080 51.0588311836554 3.72837368119003 2070528 1000
1453199927878 225080 51.0588338810802 3.72834795981004 1633776 1000
1453199928878 226080 51.0588430974485 3.72832573281604 1259032 1000
1453199929878 227080 51.0588533355763 3.7283087052107 1105360 1000
1453199930878 228080 51.0588660039325 3.72829482649107 1769924 1000
1453199931878 229080 51.0588764756611 3.72828290017097 2249192 1000
1453199932878 230080 51.0588847040546 3.7282712969451 2309952 1000
1453199933879 231081 51.0588924249839 3.72825694909827 2407424 1001
1453199934878 232080 51.058900727809 3.7282426165574 2048856 999
1453199935878 233080 51.0589102884901 3.72822969406208 2179716 1000
1453199936878 234080 51.0589227564603 3.72821874765825 2612536 1000
1453199937878 235080 51.0589227564603 3.72821874765825 154908 1000
1453199938879 236081 51.0589411635776 3.72819017173641 2299688 1001
1453199939878 237080 51.0589411635776 3.72819017173641 165804 999
1453199940878 238080 51.0589503455829 3.72817564654073 0 1000
1453199941878 239080 51.0589696691846 3.72815602417943 4046712 1000
1453199942878 240080 51.0589793517182 3.72814606415206 1907404 1000
1453199943879 241081 51.0589923591119 3.72814334005419 2481668 1001
1453199944878 242080 51.0590059147148 3.72814035246258 2109936 999
1453199945878 243080 51.0590169631405 3.72813010344924 2061424 1000
1453199946878 244080 51.0590169631405 3.72813010344924 1925156 1000
1453199947878 245080 51.0590281702622 3.72812066251378 2908072 1000
1453199948878 246080 51.0590482764918 3.72810500826694 2671736 1000
1453199949878 247080 51.0590482764918 3.72810500826694 2415616 1000
1453199950878 248080 51.05906051331 3.72810559701692 1331824 1000
1453199951879 249081 51.0590709258016 3.72809338423429 2830880 1001
1453199952878 250080 51.059077925583 3.72808392265206 1761216 999
1453199953878 251080 51.059077925583 3.72808392265206 2086544 1000
1453199954878 252080 51.0590867492917 3.7280634442371 1772620 1000
1453199955878 253080 51.0590953770971 3.72805328273375 1914160 1000
1453199956878 254080 51.0591034301756 3.72804218116987 2412900 1000
1453199957878 255080 51.059111891275 3.72803176007207 2778248 1000
1453199958879 256081 51.0591230366962 3.72802098439575 2300388 1001
1453199959878 257080 51.0591383349364 3.72800500656774 2801792 999
1453199960879 258081 51.0591506485273 3.72798682750721 1903376 1001
1453199961878 259080 51.0591579539349 3.7279675084348 2352260 999
1453199962878 260080 51.0591658812461 3.72795316176912 1360132 1000
1453199963878 261080 51.0591732532774 3.72793895951764 2539632 1000
1453199964878 262080 51.0591818407932 3.72792535312242 1408660 1000
1453199965878 263080 51.0591912328547 3.72791032376102 1056832 1000
1453199966878 264080 51.0592019433545 3.72789833107478 2670648 1000
1453199967878 265080 51.0592133132369 3.72788364271856 2258988 1000
1453199968878 266080 51.0592133132369 3.72788364271856 0 1000
1453199969879 267081 51.059233059314 3.72784955465095 3643644 1001
1453199970878 268080 51.059233059314 3.72784955465095 603904 999
1453199971878 269080 51.0592589484453 3.72782274369867 4056132 1000
1453199972878 270080 51.0592686855882 3.72781535084393 2765864 1000
1453199973878 271080 51.0592686855882 3.72781535084393 3118156 1000
1453199974878 272080 51.0592787612943 3.72780645879939 2690608 1000
1453199975879 273081 51.0592787612943 3.72780645879939 3194760 1001
1453199976878 274080 51.0592789809694 3.72778511567908 3111496 999
1453199977878 275080 51.0592823772822 3.72776950027684 2748260 1000
1453199978878 276080 51.0592872545761 3.72775152618799 2299688 1000
1453199979878 277080 51.0592921818138 3.72773592013767 2007872 1000
1453199980878 278080 51.0592991250406 3.72771615937009 2931320 1000
1453199981878 279080 51.0593050793812 3.72770285882107 2310352 1000
1453199982878 280080 51.0593050793812 3.72770285882107 2050308 1000
1453199983878 281080 51.0593182130526 3.72768214577949 1214548 1000
1453199984878 282080 51.0593182130526 3.72768214577949 2457404 1000
1453199985878 283080 51.0593288242198 3.72766521162467 2091448 1000
1453199986878 284080 51.0593364661791 3.72765341764176 2654860 1000
1453199987878 285080 51.0593444075688 3.72763900940468 1775316 1000
1453199988878 286080 51.0593515515204 3.72762484000912 2292948 1000
1453199989878 287080 51.0593601811106 3.72761263010924 1755096 1000
1453199990878 288080 51.0593669487138 3.7276024290391 2332740 1000
1453199991878 289080 51.0593669487138 3.7276024290391 2186220 1000
1453199992878 290080 51.0593716404552 3.72757828937296 2289788 1000
1453199993878 291080 51.0593809830029 3.72755019964732 1904076 1000
1453199994878 292080 51.0593884810265 3.72752832703922 1448400 1000
1453199995879 293081 51.0593914047399 3.72750040360615 0 1001
1453199996878 294080 51.0593914047399 3.72750040360615 0 999
1453199997878 295080 51.0593856595984 3.72745086030479 4248016 1000
1453199998879 296081 51.0593772877288 3.72742866542377 1830116 1001
1453199999878 297080 51.0593658733481 3.72740588007978 1849456 999
1453200000878 298080 51.0593564014561 3.72737665084653 2253856 1000
1453200001878 299080 51.0593497325016 3.72735574688524 386876 1000
1453200002878 300080 51.059346399852 3.72733888670859 116736 1000
1453200003879 301081 51.0593411286065 3.72732425638262 4794028 1001
1453200004905 302107 51.0593352134321 3.72730899943869 1854848 1026
1453200005889 303091 51.059330285878 3.72729515396016 1635124 984
1453200006879 304081 51.0593245387456 3.72728300931635 1334520 990
1453200007878 305080 51.0593168596953 3.72727091771894 1054136 999
1453200008878 306080 51.0593042792586 3.72725416586138 1275208 1000
1453200009878 307080 51.0592962873332 3.7272235862856 1263076 1000
1453200010878 308080 51.059288879577 3.7271988659466 1391836 1000
1453200011879 309081 51.059284170253 3.72717589327198 1850104 1001
1453200012878 310080 51.0592811468271 3.72715199157125 1807668 999
1453200013878 311080 51.0592779726141 3.72713131842378 1329128 1000
1453200014878 312080 51.0592744690885 3.72710485439915 1141756 1000
1453200015878 313080 51.0592714960823 3.72708266414312 1896636 1000
1453200016878 314080 51.0592710277617 3.72706141434161 1744312 1000
1453200017878 315080 51.0592659336452 3.72704182186796 1981560 1000
1453200018878 316080 51.0592595881245 3.7270206824385 1512456 1000
1453200019878 317080 51.0592496563789 3.72700029285501 1305564 1000
1453200020878 318080 51.0592386429097 3.72697786777495 1037260 1000
1453200021878 319080 51.0592297141777 3.72695789552231 1241508 1000
1453200022878 320080 51.0592189954914 3.72693541085352 1199720 1000
1453200023878 321080 51.0592074530088 3.72691501053423 1377656 1000
1453200024878 322080 51.0592013244253 3.72689224496583 928772 1000
1453200025878 323080 51.0591995515703 3.72686724583176 648388 1000
1453200026878 324080 51.0592044213501 3.72684001572927 533808 1000
1453200027878 325080 51.0592144155846 3.72681368664317 559420 1000
1453200028878 326080 51.0592231576338 3.72679292236503 417880 1000
1453200029878 327080 51.0592231576338 3.72679292236503 633560 1000
1453200030878 328080 51.0592232497938 3.72677118155205 718484 1000
1453200031878 329080 51.0592232497938 3.72677118155205 509544 1000
1453200032879 330081 51.0592223860936 3.72674448401744 328912 1001
1453200033878 331080 51.0592244595673 3.72672814622111 218376 999
1453200034879 332081 51.0592244595673 3.72672814622111 0 1001
1453200035878 333080 51.0592343299573 3.72670211730697 0 999
1453200036878 334080 51.0592438479852 3.7266921718301 0 1000
1453200037878 335080 51.0592438479852 3.7266921718301 0 1000
1453200038879 336081 51.0592525846388 3.72668724628824 2487112 1001
1453200039878 337080 51.0592616964213 3.72667584798536 497360 999
1453200040878 338080 51.059269215648 3.72665762804074 958428 1000
1453200041878 339080 51.0592802275851 3.72664397474536 347784 1000
1453200042878 340080 51.0592879634908 3.72662144924673 0 1000
1453200043878 341080 51.0592879634908 3.72662144924673 0 1000
1453200044878 342080 51.0592987686806 3.72658794746815 2687912 1000
1453200045878 343080 51.0592987686806 3.72658794746815 1004260 1000
1453200046878 344080 51.0593127517085 3.72656085678524 922032 1000
1453200047878 345080 51.0593257087409 3.72653826428547 1358784 1000
1453200048878 346080 51.0593404977422 3.72651802793383 753532 1000
1453200049878 347080 51.0593520649685 3.72650249162092 961124 1000
1453200050879 348081 51.0593648375171 3.72648493238171 1300820 1001
1453200051878 349080 51.0593819160561 3.72646775911991 1578508 999
1453200052878 350080 51.0593976385609 3.72645255653041 1354740 1000
1453200053878 351080 51.0594119855509 3.72644347849924 1179500 1000
1453200054878 352080 51.0594208646061 3.72642456660794 1156584 1000
1453200055878 353080 51.0594209882558 3.72640594123139 1281948 1000
1453200056878 354080 51.0594247378751 3.72638025483789 1084080 1000
1453200057878 355080 51.0594276677363 3.72635880383887 1150904 1000
1453200058878 356080 51.0594262381767 3.72633367615365 1667476 1000
1453200059878 357080 51.0594291766857 3.72630507485642 1633776 1000
1453200060878 358080 51.059435622314 3.72628192945122 1778012 1000
1453200061878 359080 51.0594440322582 3.72626228406983 1241508 1000
1453200062878 360080 51.0594440322582 3.72626228406983 0 1000
1453200063879 361081 51.0594502704789 3.72623968383183 363844 1001
1453200064879 362081 51.0594502704789 3.72623968383183 3823044 1000
1453200065879 363081 51.0594647196663 3.72622553162076 1577160 1000
1453200066878 364080 51.0594726179045 3.7262135463235 1567724 999
1453200067878 365080 51.0594798049478 3.72619175466202 1303516 1000
1453200068878 366080 51.0594786706732 3.72615900996223 1486844 1000
1453200069878 367080 51.0594818371022 3.72613118674163 1568792 1000
1453200070878 368080 51.0594818371022 3.72613118674163 1301100 1000
1453200071878 369080 51.0594809285256 3.72610608869631 1788148 1000
1453200072878 370080 51.0594871447376 3.72608854055751 1947860 1000
1453200073878 371080 51.0594927075077 3.72606331507695 1620296 1000
1453200074878 372080 51.0594977351601 3.7260383404413 1995040 1000
1453200075878 373080 51.0595040811945 3.72601685281221 1517848 1000
1453200076878 374080 51.0595098946701 3.72599590373767 2290252 1000
1453200077878 375080 51.0595166639736 3.72597822336574 1861588 1000
1453200078879 376081 51.0595207859177 3.72596169510313 2290252 1001
1453200079878 377080 51.0595276978251 3.72594918441512 1954600 999
1453200080878 378080 51.0595276978251 3.72594918441512 2377728 1000
1453200081878 379080 51.0595387028819 3.72592367704152 4274652 1000
1453200082878 380080 51.0595387028819 3.72592367704152 3265820 1000
1453200083878 381080 51.0595457784285 3.72588977012105 3034732 1000
1453200084878 382080 51.0595588704419 3.7258763425295 2433140 1000
1453200085878 383080 51.0595613389848 3.72586095385793 3039092 1000
1453200086878 384080 51.0595525232891 3.72585136206404 3493368 1000
1453200087878 385080 51.0595300943038 3.72583863113015 3009256 1000
1453200088879 386081 51.0595012631311 3.72582997927518 1563108 1001
1453200089878 387080 51.0594782612122 3.72581984648661 1172760 999
1453200090878 388080 51.0594539531182 3.72580693881607 907204 1000
1453200091878 389080 51.0594330483824 3.7258071548318 0 1000
1453200092879 390081 51.0594330483824 3.7258071548318 0 1001
1453200093878 391080 51.0594218245322 3.72580539613183 2746576 999
1453200094878 392080 51.0594081687414 3.72580725560952 340344 1000
1453200095878 393080 51.0594081687414 3.72580725560952 446188 1000
1453200096879 394081 51.0594081687414 3.72580725560952 485280 1001
1453200097878 395080 51.0594009088448 3.72579449196739 264208 999
1453200098878 396080 51.0594009088448 3.72579449196739 8088 1000
1453200099878 397080 51.0593939140937 3.72577402096163 0 1000
1453200100878 398080 51.0593939140937 3.72577402096163 0 1000
1453200101878 399080 51.0593827118023 3.72576719784019 0 1000
1453200102879 400081 51.0593827118023 3.72576719784019 2141972 1001
1453200103878 401080 51.0593719457571 3.72576217753798 0 999
1453200104878 402080 51.0593719457571 3.72576217753798 815104 1000
1453200105878 403080 51.0593719457571 3.72576217753798 1196112 1000
1453200106878 404080 51.0593719457571 3.72576217753798 447536 1000
1453200107878 405080 51.0593719457571 3.72576217753798 570204 1000
1453200108878 406080 51.0593594377916 3.72576314811018 700960 1000
1453200109879 407081 51.0593594377916 3.72576314811018 607948 1001
1453200110879 408081 51.0593487426158 3.72575360642474 374744 1000
1453200111878 409080 51.0593379569846 3.72573374563185 0 999
1453200112878 410080 51.0593225817644 3.72571932704113 1602772 1000
1453200113878 411080 51.0593008003352 3.72571025852473 611992 1000
1453200114879 412081 51.0592824455821 3.725706194309 568856 1001
1453200115879 413081 51.059256198676 3.72569571765744 159064 1000
1453200116879 414081 51.0592144068484 3.72568465549126 1445056 1000
1453200117879 415081 51.0591772369721 3.72568285731435 669956 1000
1453200118878 416080 51.0591456040408 3.7256810974451 716488 999
1453200119878 417080 51.0591178270725 3.72566755052274 768360 1000
1453200120879 418081 51.059095099918 3.72565104161741 689528 1001
1453200121879 419081 51.0590794959928 3.72563738355634 601856 1000
1453200122878 420080 51.0590654093809 3.72561988380699 725224 999
1453200123878 421080 51.0590556618106 3.72560895217542 368004 1000
1453200124878 422080 51.0590444555814 3.72560645393531 0 1000
1453200125878 423080 51.0590324468413 3.72559813298481 1280600 1000
1453200126878 424080 51.0590228916412 3.72558330161642 524372 1000
1453200127878 425080 51.0590076532133 3.72557111882426 443492 1000
1453200128878 426080 51.0589927353375 3.7255603394874 512240 1000
1453200129878 427080 51.0589817366437 3.72554858650934 678044 1000
1453200130878 428080 51.0589687216686 3.7255509750462 544592 1000
1453200131879 429081 51.0589552951369 3.72553798108825 932816 1001
1453200132878 430080 51.0589411085753 3.7255276387748 758924 999
1453200133878 431080 51.0589300645228 3.7255218771729 671304 1000
1453200134878 432080 51.0589161961689 3.7255203107673 599860 1000
1453200135879 433081 51.0588998523944 3.72551541163411 540548 1001
1453200136878 434080 51.0588867890485 3.72551311948773 1064920 999
1453200137879 435081 51.0588723065442 3.7255106633396 894792 1001
1453200138878 436080 51.0588573421959 3.72550158269599 957360 999
1453200139878 437080 51.0588409221053 3.72548955571622 487976 1000
1453200140879 438081 51.0588279997442 3.72548234288295 378788 1001
1453200141878 439080 51.0588187067254 3.72547379841373 262860 999
1453200142878 440080 51.0588070551539 3.72546966180718 738704 1000
1453200143878 441080 51.0587982688988 3.72545445743722 1153888 1000
1453200144878 442080 51.0587804672496 3.72543872112801 815540 1000
1453200145878 443080 51.0587630471149 3.72542751151857 994824 1000
1453200146879 444081 51.0587475680004 3.72541439645078 1383048 1001
1453200147878 445080 51.0587345564399 3.72540506883604 1897984 999
1453200148878 446080 51.0587345564399 3.72540506883604 2171940 1000
1453200149879 447081 51.0587085913778 3.725386377331 2102568 1001
1453200150879 448081 51.0586943881542 3.72537031985055 1672868 1000
1453200151879 449081 51.0586797953724 3.72536222891906 1777988 1000
1453200152879 450081 51.0586616453237 3.7253423038309 1755120 1000
1453200153878 451080 51.0586450974118 3.72532793308995 1515152 999
1453200154878 452080 51.0586299469906 3.72531821800489 1809016 1000
1453200155878 453080 51.0586165686527 3.72530162104833 1300396 1000
1453200156878 454080 51.0586029552666 3.7252938630538 1797308 1000
1453200157878 455080 51.0585875461802 3.72528549753861 1383048 1000
1453200158878 456080 51.0585875461802 3.72528549753861 1844168 1000
1453200159878 457080 51.0585615515287 3.7252504199763 1984152 1000
1453200160879 458081 51.058549784486 3.72523605052297 2226896 1001
1453200161878 459080 51.0585386594389 3.72522324466218 2574680 999
1453200162879 460081 51.0585263281673 3.7252039165316 2009868 1001
1453200163879 461081 51.0585263281673 3.7252039165316 2164888 1000
1453200164879 462081 51.0585057195413 3.72517084248578 2048960 1000
1453200165878 463080 51.0584953724508 3.72515842950632 1891244 999
1453200166878 464080 51.0584953724508 3.72515842950632 1833280 1000
1453200167879 465081 51.0584740817637 3.72515130885676 368004 1001
1453200168878 466080 51.0584595929813 3.72514311397413 1390068 999
1453200169879 467081 51.0584448483008 3.72513334845556 2656628 1001
1453200170878 468080 51.0584448483008 3.72513334845556 400356 999
1453200171878 469080 51.0584355255554 3.72513106463808 4049500 1000
1453200172878 470080 51.0584329641446 3.72515629563668 2279360 1000
1453200173879 471081 51.0584382901923 3.72517376058864 1998084 1001
1453200174878 472080 51.0584383522379 3.72520206965285 2942208 999
1453200175878 473080 51.0584365907868 3.72522932501223 2365168 1000
1453200176879 474081 51.0584286912852 3.72524668323785 2983124 1001
1453200177878 475080 51.0584161180996 3.72526972098948 3080988 999
1453200178878 476080 51.058404292509 3.72529373123518 2838676 1000
1453200179878 477080 51.058404292509 3.72529373123518 3756280 1000
1453200180878 478080 51.0583759537939 3.72532656506649 4333420 1000
1453200181878 479080 51.0583676921177 3.72533749791668 3045016 1000
1453200182879 480081 51.0583676921177 3.72533749791668 3444656 1001
1453200183878 481080 51.0583730103692 3.72535024656891 3687892 999
1453200184878 482080 51.0583730103692 3.72535024656891 1960876 1000
1453200185878 483080 51.0583730103692 3.72535024656891 5262396 1000
1453200186879 484081 51.0583841898304 3.7253515868198 4371760 1001
1453200187879 485081 51.0583841898304 3.7253515868198 3318596 1000
1453200188879 486081 51.0583743353714 3.72539775502068 3181460 1000
1453200189879 487081 51.0583625055402 3.72542233276977 3338996 1000
1453200190878 488080 51.0583522329786 3.72544928102475 5153308 999
1453200191878 489080 51.0583449961466 3.72547291503247 4172004 1000
1453200192878 490080 51.0583359820699 3.72550263033215 4444508 1000
1453200193878 491080 51.058325355594 3.7255391334127 2351432 1000
1453200194878 492080 51.0583140780507 3.725566428011 1531904 1000
1453200195878 493080 51.0583002716693 3.72559551353056 4272128 1000
1453200196879 494081 51.0582884645968 3.72562344955401 2695936 1001
1453200197878 495080 51.0582774511616 3.72565570194701 2620512 999
1453200198878 496080 51.0582685672206 3.72567613939672 1954516 1000
1453200199878 497080 51.0582560688197 3.72569848498127 2299956 1000
1453200200878 498080 51.0582133176477 3.72573669950535 2468244 1000
1453200201878 499080 51.0581993403408 3.72575922384492 2517824 1000
1453200202878 500080 51.0581824264394 3.72578275027022 2276772 1000
1453200203878 501080 51.0581715877393 3.72580665840527 2246520 1000
1453200204878 502080 51.0581594180358 3.72583156930998 2121000 1000
1453200205878 503080 51.0581523711601 3.72586275086707 1969428 1000
1453200206879 504081 51.0581546409043 3.72588676136816 1830584 1001
1453200207878 505080 51.0581546409043 3.72588676136816 2424404 999
1453200208878 506080 51.0581514527797 3.7259094586306 2196776 1000
1453200209878 507080 51.0581514527797 3.7259094586306 2360112 1000
1453200210878 508080 51.0581507934569 3.72594029994687 1846812 1000
1453200211878 509080 51.0581487451366 3.72595640232337 1997684 1000
1453200212878 510080 51.0581513466832 3.72597308785734 1922248 1000
1453200213878 511080 51.0581513466832 3.72597308785734 1864284 1000
1453200214878 512080 51.0581687723679 3.72596954769173 1703872 1000
1453200215878 513080 51.0581687723679 3.72596954769173 1691740 1000
1453200216878 514080 51.0581687723679 3.72596954769173 1653996 1000
1453200217878 515080 51.0581687723679 3.72596954769173 2589744 1000
1453200218878 516080 51.0581711907993 3.7259937106954 2597968 1000
1453200219878 517080 51.0581842030287 3.72601635646761 3161204 1000
1453200220878 518080 51.0582022029747 3.72604070483256 1873616 1000
1453200221878 519080 51.0582328831664 3.72606224635273 1554944 1000
1453200222878 520080 51.0582567503616 3.72608074726271 1406612 1000
1453200223878 521080 51.0582936251179 3.72610490072873 1385744 1000
1453200224878 522080 51.0583306180467 3.72612918374685 1296776 1000
1453200225879 523081 51.05835524455 3.72615115924389 1082444 1001
1453200226878 524080 51.058365839256 3.72616763195845 1260380 999
1453200227878 525080 51.0583832759021 3.72617287552602 868112 1000
1453200228878 526080 51.0583918366776 3.72617894025414 781452 1000
1453200229879 527081 51.0584029274928 3.72618436118989 786272 1001
1453200230878 528080 51.0584129127913 3.72618272204622 876900 999
1453200231878 529080 51.0584129127913 3.72618272204622 1362128 1000
1453200232878 530080 51.0584145129797 3.72620395420881 1261728 1000
1453200233878 531080 51.0584130036487 3.72624102056991 903628 1000
1453200234879 532081 51.0584056260215 3.72627010792801 1776196 1001
1453200235878 533080 51.0583975687424 3.72630901724825 1986952 999
1453200236878 534080 51.0583975687424 3.72630901724825 2046264 1000
1453200237878 535080 51.0583943291801 3.72637864339814 3359216 1000
1453200238878 536080 51.0583943291801 3.72637864339814 281732 1000
1453200239879 537081 51.0583842318395 3.72644254255724 4518496 1001
1453200240878 538080 51.0583833873523 3.72646569719045 1718700 999
1453200241878 539080 51.05837939305 3.72648622322624 1477408 1000
1453200242878 540080 51.0583754895217 3.72650819842565 1632428 1000
1453200243879 541081 51.0583737912405 3.7265308793228 1602772 1001
1453200244879 542081 51.0583712876762 3.72655386212436 1416100 1000
1453200245878 543080 51.0583638008647 3.72657089893383 1503668 999
1453200246879 544081 51.0583546826144 3.72659061111913 1272512 1001
1453200247878 545080 51.0583546826144 3.72659061111913 358568 999
1453200248879 546081 51.0583451662453 3.72661064454222 3804056 1001
1453200249878 547080 51.0583451662453 3.72661064454222 2187804 999
1453200250878 548080 51.0583229943511 3.72665098850222 2472232 1000
1453200251878 549080 51.058309614323 3.72665894607552 2564104 1000
1453200252878 550080 51.0583072695168 3.72667880555269 2350704 1000
1453200253879 551081 51.0583079096537 3.72670433015005 2559256 1001
1453200254878 552080 51.0583050199633 3.7267283096715 2595496 999
1453200255878 553080 51.0582999024114 3.72675091123386 1999084 1000
1453200256878 554080 51.0583000671118 3.72677372287823 1972292 1000
1453200257878 555080 51.0583000671118 3.72677372287823 3376288 1000
1453200258879 556081 51.0582867023474 3.72677417216122 2279052 1001
1453200259878 557080 51.0582867023474 3.72677417216122 1999084 999
1453200260878 558080 51.0582867023474 3.72677417216122 1968080 1000
1453200261878 559080 51.0582867023474 3.72677417216122 2046264 1000
1453200262878 560080 51.0582983167181 3.72679096012786 1728136 1000
1453200263878 561080 51.058307961651 3.72679933084553 1445056 1000
1453200264878 562080 51.0583193741055 3.7268145316945 1283296 1000
1453200265878 563080 51.0583262442157 3.72682518982364 1601424 1000
1453200266878 564080 51.0583359048621 3.72684037150294 1345952 1000
1453200267878 565080 51.0583498393009 3.72685749868164 1109404 1000
1453200268878 566080 51.0583636734288 3.72688170641025 1419444 1000
1453200269879 567081 51.0583636734288 3.72688170641025 1379004 1001
1453200270878 568080 51.058366195277 3.72690349744633 1123120 999
1453200271878 569080 51.0583729737298 3.72691487910659 1186652 1000
1453200272878 570080 51.0583836485635 3.72692551813477 1000216 1000
1453200273878 571080 51.0583944760149 3.72693406821233 1004260 1000
1453200274878 572080 51.0584024291884 3.72695043282196 1085140 1000
1453200275878 573080 51.058413306471 3.72696572118398 985388 1000
1453200276879 574081 51.0584274743911 3.72697723418116 1086488 1001
1453200277878 575080 51.0584481442498 3.72698148213497 1129624 999
1453200278879 576081 51.0584630005005 3.7269911814376 1074356 1001
1453200279879 577081 51.0584722337337 3.72700448063444 1025828 1000
1453200280879 578081 51.0584898082672 3.72701210516976 1135716 1000
1453200281878 579080 51.0585036691779 3.72702029054196 1089832 999
1453200282878 580080 51.0585036691779 3.72702029054196 942252 1000
1453200283878 581080 51.0585227277165 3.7270286331052 1091880 1000
1453200284878 582080 51.0585337481307 3.72703120608887 1094576 1000
1453200285878 583080 51.0585460285632 3.72703202517863 915292 1000
1453200286879 584081 51.0585460285632 3.72703202517863 486628 1001
