1453198122300 36 51.0377635496993 3.71870048721394 0 36
1453198123300 1036 51.0377545804772 3.71869296982367 1673516 1000
1453198124300 2036 51.0377322232968 3.71868100492141 2330692 1000
1453198125300 3036 51.0377322232968 3.71868100492141 1626472 1000
1453198126300 4036 51.037713802198 3.71867994545715 2388080 1000
1453198127299 5035 51.0377010206341 3.71867906984274 1897284 999
1453198128299 6035 51.0376863814199 3.71867997558797 2428888 1000
1453198129299 7035 51.0376699509062 3.71869038756583 2042920 1000
1453198130300 8036 51.0376529383317 3.71869895117907 2079472 1001
1453198131300 9036 51.0376328389559 3.71870603539639 1966524 1000
1453198132299 10035 51.0376226800822 3.71870633134285 2065136 999
1453198133300 11036 51.0376226800822 3.71870633134285 3011432 1001
1453198134299 12035 51.0376095226443 3.71871178216205 2593552 999
1453198135299 13035 51.0376005867974 3.71872140535235 2224200 1000
1453198136299 14035 51.0376005867974 3.71872140535235 2302384 1000
1453198137299 15035 51.0375853863409 3.71872422935396 2223552 1000
1453198138299 16035 51.0375729781178 3.71871388954466 1925592 1000
1453198139300 17036 51.0375662581261 3.71870354452572 1920900 1001
1453198140299 18035 51.0375602488806 3.71868531341958 2213416 999
1453198141299 19035 51.0375514295724 3.71866270429063 2670388 1000
1453198142299 20035 51.0375439525914 3.7186422049929 2399440 1000
1453198143300 21036 51.037536864478 3.71861988375903 2538284 1001
1453198144299 22035 51.0375276925785 3.718608018535 2044916 999
1453198145300 23036 51.0375215865308 3.71859301203356 3024912 1001
1453198146299 24035 51.0375172822095 3.71857607234704 2741832 999
1453198147299 25035 51.0375086671322 3.71855721271663 2326648 1000
1453198148300 26036 51.0375001027732 3.71854213928537 2530896 1001
1453198149300 27036 51.0374921947605 3.71852581899327 2643376 1000
1453198150299 28035 51.0374844366382 3.71851102985102 1871024 999
1453198151299 29035 51.0374787428504 3.71849425295744 2427748 1000
1453198152300 30036 51.0374675525862 3.71847410541052 2197240 1001
1453198153300 31036 51.0374600211279 3.7184517733145 2853716 1000
1453198154300 32036 51.0374515265596 3.71842891522569 1250944 1000
1453198155300 33036 51.0374449617441 3.71840943478095 3254072 1000
1453198156299 34035 51.0374358871603 3.71839215990292 3080180 999
1453198157300 35036 51.037426254052 3.71837094394079 2065136 1001
1453198158299 36035 51.0374226548993 3.71834832068942 2398092 999
1453198159299 37035 51.0374183339755 3.71832465774233 2185108 1000
1453198160299 38035 51.0374128642916 3.71830740119101 1899332 1000
1453198161299 39035 51.0374111597395 3.71829304670314 1671520 1000
1453198162299 40035 51.037407283356 3.71827465797274 2047612 1000
1453198163299 41035 51.0374041524391 3.71825575500155 1728136 1000
1453198164300 42036 51.0374030346767 3.71823285373218 2287556 1001
1453198165300 43036 51.0373980958921 3.71821112959911 3138144 1000
1453198166299 44035 51.0373916467833 3.71818968595714 2835544 999
1453198167299 45035 51.0373814695625 3.7181717353644 3366604 1000
1453198168300 46036 51.0373755378319 3.71814896127961 2702740 1001
1453198169299 47035 51.0373700120266 3.7181279098919 2942684 999
1453198170299 48035 51.0373654506151 3.71811302087986 2115012 1000
1453198171299 49035 51.0373641485597 3.71809723964828 2477624 1000
1453198172299 50035 51.037361301579 3.71808169659057 2784320 1000
1453198173300 51036 51.0373596899607 3.71806016582464 3661816 1001
1453198174299 52035 51.0373589265169 3.71803794818408 2421064 999
1453198175300 53036 51.0373592043758 3.71801566567626 3163700 1001
1453198176299 54035 51.0373554492255 3.71799011894335 3166452 999
1453198177299 55035 51.0373500197083 3.71796288627923 2131188 1000
1453198178299 56035 51.0373432981082 3.71794197637813 2453360 1000
1453198179299 57035 51.0373366144157 3.71792047679737 2484364 1000
1453198180299 58035 51.0373258006347 3.71789816557307 2245768 1000
1453198181299 59035 51.0373189231347 3.71787571290993 2303732 1000
1453198182299 60035 51.0373118287621 3.71785073063087 2210720 1000
1453198183299 61035 51.0373053146989 3.71782865273327 300604 1000
1453198184299 62035 51.0372989842254 3.71780461513794 4153188 1000
1453198185299 63035 51.0372940236241 3.71778202771912 3957728 1000
1453198186300 64036 51.037289395458 3.71776156333363 3135448 1001
1453198187300 65036 51.0372812940839 3.71774184224301 2599748 1000
1453198188299 66035 51.0372722929104 3.71772448595387 3483776 999
1453198189299 67035 51.0372646087446 3.71770546554466 3150276 1000
1453198190299 68035 51.0372564504998 3.71768557884414 3212284 1000
1453198191299 69035 51.0372491541686 3.71766853403448 3651732 1000
1453198192299 70035 51.0372425801937 3.71765133437301 2771488 1000
1453198193299 71035 51.0372359543284 3.71763305794451 3615336 1000
1453198194299 72035 51.0372282818464 3.71761949275894 2516716 1000
1453198195300 73036 51.0372179441542 3.71759978854213 3314732 1001
1453198196300 74036 51.0372084095138 3.71758419281012 2829452 1000
1453198197300 75036 51.0372012249663 3.71756333496643 3446344 1000
1453198198299 76035 51.0371953632047 3.71754596911304 3149420 999
1453198199299 77035 51.0371885999265 3.71752723048753 3042436 1000
1453198200299 78035 51.03718152739 3.71751086010209 2508628 1000
1453198201300 79036 51.0371731581214 3.71749094482209 3065352 1001
1453198202299 80035 51.0371654275191 3.71747087332687 3082876 999
1453198203300 81036 51.0371572124785 3.71745286602483 2733744 1001
1453198204299 82035 51.0371493279365 3.71743744634368 2127144 999
1453198205300 83036 51.037143179604 3.71741803187294 2195892 1001
1453198206300 84036 51.0371343761646 3.71740054611453 2020652 1000
1453198207300 85036 51.0371251169033 3.7173847882816 2104876 1000
1453198208299 86035 51.0371199016965 3.71736765025818 2769492 999
1453198209300 87036 51.0371144230893 3.717355226136 3079480 1001
1453198210299 88035 51.0371083254674 3.7173404471978 2403484 999
1453198211299 89035 51.0371083254674 3.7173404471978 2624556 1000
1453198212299 90035 51.037095852476 3.71732038158119 2990876 1000
1453198213299 91035 51.0370861015231 3.71731259588744 2843268 1000
1453198214299 92035 51.0370766921377 3.7173058647974 2499192 1000
1453198215299 93035 51.0370688577342 3.71729767803318 1993692 1000
1453198216300 94036 51.0370599908963 3.71728841134358 1841368 1001
1453198217299 95035 51.0370521825916 3.71727737114084 2061092 999
1453198218300 96036 51.0370428710227 3.71726496212159 2159496 1001
1453198219299 97035 51.0370327834446 3.71725174186524 2441228 999
1453198220300 98036 51.0370209784561 3.71723221993345 1897984 1001
1453198221299 99035 51.0370080185254 3.71721455339473 1863144 999
1453198222299 100035 51.0369997074889 3.71719896870587 1744024 1000
1453198223299 101035 51.0369880918079 3.71718814627227 1846244 1000
1453198224300 102036 51.0369730644558 3.71718434968608 2131784 1001
1453198225299 103035 51.0369639146287 3.71717757983594 2016608 999
1453198226299 104035 51.0369576470274 3.71716606198781 1954600 1000
1453198227300 105036 51.0369518938127 3.71715216314082 1988300 1001
1453198228299 106035 51.0369465709421 3.71713882360216 1721396 999
1453198229299 107035 51.0369426186721 3.71712517614396 1689044 1000
1453198230299 108035 51.0369426186721 3.71712517614396 2144668 1000
1453198231299 109035 51.0369350456882 3.71710556077185 2501888 1000
1453198232300 110036 51.0369281636771 3.71709519534079 1989648 1001
1453198233300 111036 51.0369186249213 3.71708197151032 2035480 1000
1453198234299 112035 51.0369082082955 3.7170665205223 1950556 999
1453198235299 113035 51.0368940989241 3.71706131873872 2062440 1000
1453198236299 114035 51.0368756012352 3.71706411716425 1976168 1000
1453198237299 115035 51.0368545284925 3.71707321414713 1560984 1000
1453198238299 116035 51.036837340238 3.71708662477875 2629300 1000
1453198239299 117035 51.0368190491315 3.71708236763238 1006256 1000
1453198240299 118035 51.0368029837465 3.71707711069247 3959128 1000
1453198241300 119036 51.0367898212355 3.71707801469232 2025448 1001
1453198242299 120035 51.0367749418233 3.71707944411698 2211344 999
1453198243300 121036 51.0367597306048 3.71708892038484 2410144 1001
1453198244299 122035 51.0367435108847 3.71708286217182 2293752 999
1453198245300 123036 51.0367271045458 3.71707584443738 2088596 1001
1453198246299 124035 51.0367121565859 3.71707350459161 1648604 999
1453198247299 125035 51.036694536996 3.7170711967073 1745896 1000
1453198248299 126035 51.036676678616 3.71706834464923 2539396 1000
1453198249299 127035 51.0366537113337 3.71706969160652 2109572 1000
1453198250299 128035 51.0366149343411 3.71709018274494 1924292 1000
1453198251299 129035 51.036573117769 3.71711713818241 1422140 1000
1453198252299 130035 51.0365423317857 3.71712603451887 1338564 1000
1453198253299 131035 51.0365176943136 3.71712778209953 1763184 1000
1453198254299 132035 51.0364977703838 3.7171284820816 2552464 1000
1453198255299 133035 51.036476863302 3.71712600093468 2675080 1000
1453198256299 134035 51.0364575204289 3.71711873239043 2650168 1000
1453198257299 135035 51.0364344727511 3.7171154362485 2396124 1000
1453198258299 136035 51.0364121378893 3.71711526656344 2240996 1000
1453198259299 137035 51.0363838872612 3.71712394080331 1288688 1000
1453198260299 138035 51.0363589447228 3.71712703107323 384180 1000
1453198261300 139036 51.036335532542 3.71714255371295 452928 1001
1453198262299 140035 51.0363101382677 3.71716543164167 427316 999
1453198263299 141035 51.0362921442836 3.71718130824565 563464 1000
1453198264299 142035 51.0362752776841 3.71719301745958 444840 1000
1453198265300 143036 51.036265892234 3.71720048251083 621428 1001
1453198266299 144035 51.036265892234 3.71720048251083 601208 999
1453198267300 145036 51.0362488153694 3.71721264583235 761620 1001
1453198268299 146035 51.036237142764 3.71721795867963 1210504 999
1453198269299 147035 51.0362261260226 3.71722424084146 1513804 1000
1453198270299 148035 51.0362135381612 3.7172407994535 1601424 1000
1453198271299 149035 51.0361980701529 3.71725806416186 1703872 1000
1453198272299 150035 51.0361837555619 3.71727188348954 1556112 1000
1453198273299 151035 51.0361704436386 3.71728295912426 1401400 1000
1453198274299 152035 51.0361578161878 3.71729542114264 1424836 1000
1453198275299 153035 51.0361450490041 3.71730832184916 1171412 1000
1453198276299 154035 51.0361290175712 3.7173227061684 1319692 1000
1453198277299 155035 51.0361112541992 3.71733903014685 423272 1000
1453198278299 156035 51.0360968396683 3.71735564109029 2793808 1000
1453198279299 157035 51.0360829423638 3.71737393964667 1531224 1000
1453198280299 158035 51.0360688149469 3.7173921711724 2130248 1000
1453198281299 159035 51.0360493063101 3.71741897030246 2616924 1000
1453198282300 160036 51.0360280323973 3.71744842127014 1716308 1001
1453198283299 161035 51.0360104943932 3.71747103627506 2214944 999
1453198284301 162037 51.0359922918022 3.71749445396075 1922948 1002
1453198285299 163035 51.0359791904207 3.71751396127272 1555592 998
1453198286299 164035 51.0359679477742 3.71753214298251 2083308 1000
1453198287299 165035 51.0359589758808 3.71754254995519 1680416 1000
1453198288300 166036 51.0359513354565 3.71755617820549 1689584 1001
1453198289299 167035 51.0359398478562 3.71757741500578 1893940 999
1453198290299 168035 51.0359297838447 3.71759891106633 2204940 1000
1453198291299 169035 51.035923091637 3.7176139139752 2294684 1000
1453198292299 170035 51.0359177908267 3.71762705111766 1973472 1000
1453198293300 171036 51.0359091189121 3.7176512434434 2024696 1001
1453198294300 172036 51.0359076376879 3.71767887284907 2030088 1000
1453198295299 173035 51.0359059115638 3.71770376968599 2605140 999
1453198296300 174036 51.0359010340796 3.71772691209763 2505052 1001
1453198297300 175036 51.0358929597892 3.71774792118911 2333780 1000
1453198298299 176035 51.0358887305941 3.71776809146409 2326332 999
1453198299299 177035 51.0358787287078 3.71778766983951 2103580 1000
1453198300299 178035 51.0358727896063 3.71780564031246 2518712 1000
1453198301299 179035 51.03586509106 3.71782028882108 2547720 1000
1453198302299 180035 51.0358493108453 3.71783391887105 1978844 1000
1453198303299 181035 51.0358373557102 3.71784516860028 1904744 1000
1453198304299 182035 51.0358288631117 3.71785489896554 2618516 1000
1453198305299 183035 51.0358135768046 3.71786212504704 2193844 1000
1453198306300 184036 51.0358011553928 3.71786652500196 1442360 1001
1453198307299 185035 51.0358011553928 3.71786652500196 368640 999
1453198308299 186035 51.0357850266803 3.71788120767752 3951700 1000
1453198309299 187035 51.0357805906643 3.71789626316357 1729436 1000
1453198310299 188035 51.0357769269367 3.7179112454054 2931948 1000
1453198311299 189035 51.0357735279485 3.71792737101767 2191848 1000
1453198312299 190035 51.0357724379437 3.71794462800937 2193196 1000
1453198313299 191035 51.0357724379437 3.71794462800937 3240592 1000
1453198314300 192036 51.03575761004 3.71798388475511 2673084 1001
1453198315300 193036 51.0357500325986 3.71800698705754 2814116 1000
1453198316299 194035 51.0357416607489 3.71802445835138 2191760 999
1453198317299 195035 51.0357332424996 3.7180492383087 2047048 1000
1453198318299 196035 51.0357332424996 3.7180492383087 2878000 1000
1453198319299 197035 51.0357141906066 3.71808855878909 1814408 1000
1453198320299 198035 51.0357042085632 3.71810959293533 2062440 1000
1453198321299 199035 51.0357039272356 3.71812783710567 1753748 1000
1453198322300 200036 51.0357062765186 3.71814883876495 2841584 1001
1453198323299 201035 51.0357062765186 3.71814883876495 2663648 999
1453198324299 202035 51.0357165226454 3.71817121799527 2582768 1000
1453198325299 203035 51.0357165226454 3.71817121799527 2253856 1000
1453198326300 204036 51.035713885463 3.71819211762857 2272860 1001
1453198327299 205035 51.035713885463 3.71819211762857 3006324 999
1453198328300 206036 51.0357142214275 3.71821468140438 2531180 1001
1453198329300 207036 51.0357142214275 3.71821468140438 2295204 1000
1453198330299 208035 51.0357146328647 3.71823710836761 2433476 999
1453198331299 209035 51.0357109895366 3.71825880371305 2433140 1000
1453198332299 210035 51.0357085619005 3.71827679012946 2112088 1000
1453198333299 211035 51.0357085619005 3.71827679012946 1739148 1000
1453198334299 212035 51.0357074503812 3.7183155510081 1891244 1000
1453198335300 213036 51.035706165859 3.71833344493091 1880460 1001
1453198336299 214035 51.0357050629471 3.71835047119834 1902132 999
1453198337299 215035 51.0357029893259 3.71836868902382 3029656 1000
1453198338299 216035 51.0356992585608 3.71838645781361 2417508 1000
1453198339299 217035 51.0356951995812 3.71840570273823 3134256 1000
1453198340299 218035 51.0356947037505 3.71842871433346 2134592 1000
1453198341299 219035 51.0356927804451 3.71845086445131 3272444 1000
1453198342299 220035 51.0356940582225 3.71847082866072 2163492 1000
1453198343300 221036 51.0356916766779 3.71848756819712 1397560 1001
1453198344300 222036 51.0356916766779 3.71848756819712 2799796 1000
